abstrákta	ADJ;ACC(PL)	abstrávttaid
abstrákta	ADJ;ACC(SG)	abstrávtta
abstrákta	ADJ;COM(PL)	abstrávttaiguin
abstrákta	ADJ;COM(SG)	abstrávttain
abstrákta	ADJ;FRML(SG)	abstráktan
abstrákta	ADJ;GEN(PL)	abstrávttaid
abstrákta	ADJ;GEN(SG)	abstrávtta
abstrákta	ADJ;IN+ALL(PL)	abstrávttaide
abstrákta	ADJ;IN+ALL(SG)	abstrávttai
abstrákta	ADJ;NOM(PL)	abstrávttat
abstrákta	ADJ;NOM(SG)	abstrákta
abstrákta	ADJ;PRP(PL)	abstrávttain
abstrákta	ADJ;PRP(SG)	abstrávttas
almmáskit	V;COND;NOM(1,DU)	almmáskkášeimme
almmáskit	V;COND;NOM(1,PL)	almmáskkášeimmet
almmáskit	V;COND;NOM(1,SG)	almmáskkášin
almmáskit	V;COND;NOM(2,DU)	almmáskkášeidde
almmáskit	V;COND;NOM(2,PL)	almmáskkášeiddet
almmáskit	V;COND;NOM(3,DU)	almmáskkášeigga
almmáskit	V;COND;NOM(3,SG)	almmáskkášii
almmáskit	V;IMP;NOM(1,PL)	almmáskot
almmáskit	V;IMP;NOM(2,DU)	almmáske
almmáskit	V;IMP;NOM(2,SG)	almmáske
almmáskit	V;IMP;NOM(3,PL)	almmáskoset
almmáskit	V;IMP;NOM(3,SG)	almmáskos
almmáskit	V;POT;NOM(1,DU)	almmáskkežetne
almmáskit	V;POT;NOM(1,PL)	almmáskkežit
almmáskit	V;POT;NOM(2,DU)	almmáskkežeahppi
almmáskit	V;POT;NOM(2,PL)	almmáskkežehpet
almmáskit	V;POT;NOM(2,SG)	almmáskkežat
almmáskit	V;POT;NOM(3,PL)	almmáskkežit
almmáskit	V;POT;NOM(3,SG)	almmáskkeža
almmáskit	V;PRS;IND;NOM(1,DU)	almmáske
almmáskit	V;PRS;IND;NOM(1,PL)	almmáskit
almmáskit	V;PRS;IND;NOM(1,SG)	almmáskán
almmáskit	V;PRS;IND;NOM(2,DU)	almmáskibeahtti
almmáskit	V;PRS;IND;NOM(2,PL)	almmáskibehtet
almmáskit	V;PRS;IND;NOM(2,SG)	almmáskát
almmáskit	V;PRS;IND;NOM(3,DU)	almmáskiba
almmáskit	V;PRS;IND;NOM(3,SG)	almmáská
almmáskit	V;PST;IND;NOM(1,DU)	almmáskiime
almmáskit	V;PST;IND;NOM(1,SG)	almmásken
almmáskit	V;PST;IND;NOM(2,DU)	almmáskiide
almmáskit	V;PST;IND;NOM(3,DU)	almmáskiiga
almmáskit	V;PST;IND;NOM(3,PL)	almmáske
amas	ADJ;ACC(PL)	amas usingiid
amas	ADJ;ACC(SG)	amas usinga
amas	ADJ;COM(PL)	amasingiiguin
amas	ADJ;COM(SG)	amas usingiin
amas	ADJ;FRML(SG)	amas usingin
amas	ADJ;GEN(PL)	amasingiid
amas	ADJ;GEN(SG)	amas usinga
amas	ADJ;IN+ALL(PL)	amasiidda
amas	ADJ;IN+ALL(SG)	amas usingii
amas	ADJ;NOM(PL)	amas usingat
amas	ADJ;NOM(SG)	amas using
amas	ADJ;PRP(PL)	amas usingiin
amas	ADJ;PRP(SG)	amas usingis
atoma	N;ACC(PL)	atomaid
atoma	N;ACC(SG)	atoma
atoma	N;COM(PL)	atomaiguin
atoma	N;COM(SG)	atoma usingiin
atoma	N;FRML(SG)	atoma usingin
atoma	N;GEN(PL)	atomaid
atoma	N;GEN(SG)	atoma
atoma	N;IN+ALL(PL)	atomaide
atoma	N;IN+ALL(SG)	atomai
atoma	N;NOM(PL)	atomat
atoma	N;NOM(SG)	atoma using
atoma	N;PRP(PL)	atomaingiin
atoma	N;PRP(SG)	atomasingis
bieđgát	V;COND;LGSPEC1;NOM(1,PL)	bieđgáleimmet
bieđgát	V;COND;LGSPEC1;NOM(1,SG)	bieđgálin
bieđgát	V;COND;LGSPEC1;NOM(2,DU)	bieđgáleidde
bieđgát	V;COND;LGSPEC1;NOM(2,SG)	bieđgálit
bieđgát	V;COND;LGSPEC1;NOM(3,DU)	bieđgáleigga
bieđgát	V;COND;LGSPEC1;NOM(3,PL)	bieđgále
bieđgát	V;COND;LGSPEC1;NOM(3,SG)	bieđgálii
bieđgát	V;COND;NOM(1,DU)	bieđgášeimme
bieđgát	V;COND;NOM(1,PL)	bieđgášeimmet
bieđgát	V;COND;NOM(2,PL)	bieđgášeiddet
bieđgát	V;COND;NOM(2,SG)	bieđgášit
bieđgát	V;IMP;NOM(1,SG)	bieđgájehkon
bieđgát	V;IMP;NOM(2,DU)	bieđgájeahkki
bieđgát	V;IMP;NOM(2,PL)	bieđgájehket
bieđgát	V;IMP;NOM(2,SG)	bieđgá
bieđgát	V;IMP;NOM(3,DU)	bieđgájehkoska
bieđgát	V;POT;NOM(1,DU)	bieđgážetne
bieđgát	V;POT;NOM(1,PL)	bieđgážit
bieđgát	V;POT;NOM(1,SG)	bieđgážan
bieđgát	V;POT;NOM(2,DU)	bieđgážeahppi
bieđgát	V;POT;NOM(2,PL)	bieđgážehpet
bieđgát	V;POT;NOM(3,DU)	bieđgážeaba
bieđgát	V;PRS;IND;NOM(1,DU)	bieđgájetne
bieđgát	V;PRS;IND;NOM(1,PL)	bieđgát
bieđgát	V;PRS;IND;NOM(1,SG)	bieđgán
bieđgát	V;PRS;IND;NOM(2,DU)	bieđgábeahtti
bieđgát	V;PRS;IND;NOM(2,PL)	bieđgábehtet
bieđgát	V;PRS;IND;NOM(3,PL)	bieđgát
bieđgát	V;PST;IND;NOM(1,PL)	bieđgáimet
bieđgát	V;PST;IND;NOM(1,SG)	bieđgájin
bieđgát	V;PST;IND;NOM(2,PL)	bieđgáidet
bieđgát	V;PST;IND;NOM(3,PL)	bieđgáiga
buddet	V;COND;LGSPEC1;NOM(1,DU)	buddeleimme
buddet	V;COND;LGSPEC1;NOM(1,SG)	buddelin
buddet	V;COND;LGSPEC1;NOM(2,PL)	buddeleiddet
buddet	V;COND;LGSPEC1;NOM(2,SG)	buddelit
buddet	V;COND;LGSPEC1;NOM(3,DU)	buddeleigga
buddet	V;COND;LGSPEC1;NOM(3,PL)	buddele
buddet	V;COND;LGSPEC1;NOM(3,SG)	buddelii
buddet	V;COND;NOM(1,PL)	buddešeimmet
buddet	V;COND;NOM(1,SG)	buddešin
buddet	V;COND;NOM(2,DU)	buddešeidde
buddet	V;COND;NOM(2,SG)	buddešit
buddet	V;COND;NOM(3,DU)	buddešeigga
buddet	V;COND;NOM(3,PL)	buddeše
buddet	V;IMP;NOM(1,PL)	buddejetnot
buddet	V;IMP;NOM(1,SG)	buddejehkon
buddet	V;IMP;NOM(2,PL)	buddejehket
buddet	V;IMP;NOM(2,SG)	budde
buddet	V;IMP;NOM(3,PL)	buddoset
buddet	V;POT;NOM(2,DU)	buddežeahppi
buddet	V;POT;NOM(2,PL)	buddežehpet
buddet	V;POT;NOM(2,SG)	buddežat
buddet	V;POT;NOM(3,DU)	buddežeaba
buddet	V;PRS;IND;NOM(1,PL)	buddet
buddet	V;PRS;IND;NOM(1,SG)	budden
buddet	V;PRS;IND;NOM(2,DU)	buddebeahtti
buddet	V;PRS;IND;NOM(2,PL)	buddebehtet
buddet	V;PRS;IND;NOM(3,PL)	buddet
buddet	V;PST;IND;NOM(1,DU)	buddeimme
buddet	V;PST;IND;NOM(1,SG)	budden
buddet	V;PST;IND;NOM(3,DU)	buddeigga
buddet	V;PST;IND;NOM(3,PL)	budde
báistit	V;COND;LGSPEC1;NOM(1,PL)	báisttáleimmet
báistit	V;COND;LGSPEC1;NOM(1,SG)	báisttálin
báistit	V;COND;LGSPEC1;NOM(2,DU)	báisttáleidde
báistit	V;COND;LGSPEC1;NOM(2,PL)	báisttáleiddet
báistit	V;COND;LGSPEC1;NOM(2,SG)	báisttálit
báistit	V;COND;LGSPEC1;NOM(3,DU)	báisttáleigga
báistit	V;COND;LGSPEC1;NOM(3,PL)	báisttále
báistit	V;COND;LGSPEC1;NOM(3,SG)	báisttálii
báistit	V;COND;NOM(1,DU)	báisttášeimme
báistit	V;COND;NOM(1,SG)	báisttášin
báistit	V;COND;NOM(2,DU)	báisttášeidde
báistit	V;COND;NOM(3,DU)	báisttášeigga
báistit	V;COND;NOM(3,PL)	báisttáše
báistit	V;COND;NOM(3,SG)	báisttášii
báistit	V;IMP;NOM(1,DU)	báiste
báistit	V;IMP;NOM(1,PL)	báistot
báistit	V;IMP;NOM(2,PL)	báistet
báistit	V;POT;NOM(1,SG)	báisttežan
báistit	V;POT;NOM(2,PL)	báisttežehpet
báistit	V;POT;NOM(3,DU)	báisttežeaba
báistit	V;POT;NOM(3,PL)	báisttežit
báistit	V;POT;NOM(3,SG)	báistteža
báistit	V;PRS;IND;NOM(1,DU)	báistibeadnu
báistit	V;PRS;IND;NOM(2,PL)	báistibehtet
báistit	V;PRS;IND;NOM(3,SG)	báistá
báistit	V;PST;IND;NOM(1,DU)	báisttiime
báistit	V;PST;IND;NOM(1,PL)	báisttiimet
báistit	V;PST;IND;NOM(1,SG)	báisttin
báistit	V;PST;IND;NOM(2,PL)	báisttiidet
báistit	V;PST;IND;NOM(3,DU)	báisttiiga
báistit	V;PST;IND;NOM(3,PL)	báisttiiga
báistit	V;PST;IND;NOM(3,SG)	báisttii
bálgán	N;ACC(PL)	bálgámiid
bálgán	N;ACC(SG)	bálgán
bálgán	N;COM(PL)	bálgámiiguin
bálgán	N;COM(SG)	bálgániin
bálgán	N;FRML(SG)	bálgán
bálgán	N;GEN(PL)	bálgámiid
bálgán	N;GEN(SG)	bálgán
bálgán	N;IN+ALL(PL)	bálgámiidda
bálgán	N;IN+ALL(SG)	bálgánii
bálgán	N;NOM(SG)	bálgán
bálgán	N;PRP(PL)	bálgámiin
bálgán	N;PRP(SG)	bálgán
báralaš	ADJ;ACC(PL)	báralaččaid
báralaš	ADJ;ACC(SG)	báralačča
báralaš	ADJ;COM(PL)	báralaččaiguin
báralaš	ADJ;COM(SG)	báralaččain
báralaš	ADJ;FRML(SG)	báralaččan
báralaš	ADJ;GEN(PL)	báralaččaid
báralaš	ADJ;GEN(SG)	báralačča
báralaš	ADJ;IN+ALL(PL)	báralaččaide
báralaš	ADJ;IN+ALL(SG)	báralaččai
báralaš	ADJ;NOM(PL)	báralaččat
báralaš	ADJ;NOM(SG)	báralačča
báralaš	ADJ;PRP(PL)	báralaččain
báralaš	ADJ;PRP(SG)	báralaččas
bárdnat	V;COND;LGSPEC1;NOM(1,DU)	bártnaleimme
bárdnat	V;COND;LGSPEC1;NOM(1,PL)	bártnaleimmet
bárdnat	V;COND;LGSPEC1;NOM(2,DU)	bártnaleidde
bárdnat	V;COND;LGSPEC1;NOM(2,PL)	bártnaleiddet
bárdnat	V;COND;LGSPEC1;NOM(2,SG)	bártnalit
bárdnat	V;COND;LGSPEC1;NOM(3,DU)	bártnaleigga
bárdnat	V;COND;LGSPEC1;NOM(3,SG)	bártnalii
bárdnat	V;COND;NOM(1,DU)	bártnašeimme
bárdnat	V;COND;NOM(1,PL)	bártnašeimmet
bárdnat	V;COND;NOM(2,DU)	bártnašeidde
bárdnat	V;COND;NOM(2,SG)	bártnašit
bárdnat	V;IMP;NOM(1,SG)	bárdnon
bárdnat	V;IMP;NOM(2,DU)	bárdna
bárdnat	V;IMP;NOM(2,SG)	bártne
bárdnat	V;IMP;NOM(3,DU)	bárdnoska
bárdnat	V;IMP;NOM(3,PL)	bárdnoset
bárdnat	V;IMP;NOM(3,SG)	bárdnos
bárdnat	V;POT;NOM(1,DU)	bártnažetne
bárdnat	V;POT;NOM(1,PL)	bártnažit
bárdnat	V;POT;NOM(2,PL)	bártnažehpet
bárdnat	V;POT;NOM(3,DU)	bártnažeaba
bárdnat	V;POT;NOM(3,SG)	bártnaža
bárdnat	V;PRS;IND;NOM(1,DU)	bárdnabeadnu
bárdnat	V;PRS;IND;NOM(1,PL)	bárdnat
bárdnat	V;PRS;IND;NOM(1,SG)	bártnán
bárdnat	V;PRS;IND;NOM(2,PL)	bárdnabehtet
bárdnat	V;PRS;IND;NOM(3,DU)	bárdnaba
bárdnat	V;PRS;IND;NOM(3,SG)	bártná
bárdnat	V;PST;IND;NOM(1,DU)	bártnaime
bárdnat	V;PST;IND;NOM(2,DU)	bártnaide
bárdnat	V;PST;IND;NOM(3,PL)	bártne
bárdnat	V;PST;IND;NOM(3,SG)	bártne
ceggoseamos	ADJ;ACC(PL)	ceggosepmosiid
ceggoseamos	ADJ;ACC(SG)	ceggosepmosa
ceggoseamos	ADJ;COM(PL)	ceggosepmosiiguin
ceggoseamos	ADJ;COM(SG)	ceggosepmosiin
ceggoseamos	ADJ;FRML(SG)	ceggosepmosin
ceggoseamos	ADJ;GEN(PL)	ceggosepmosiid
ceggoseamos	ADJ;GEN(SG)	ceggosepmosa
ceggoseamos	ADJ;IN+ALL(PL)	ceggosepmosiidda
ceggoseamos	ADJ;IN+ALL(SG)	ceggosepmosii
ceggoseamos	ADJ;NOM(PL)	ceggosepmosat
ceggoseamos	ADJ;NOM(SG)	ceggosepmos
ceggoseamos	ADJ;PRP(PL)	ceggosepmosiin
ceggoseamos	ADJ;PRP(SG)	ceggosepmosis
cuoŋománnu	N;ACC(PL)	cuoŋománuid
cuoŋománnu	N;ACC(SG)	cuoŋománu
cuoŋománnu	N;COM(PL)	cuoŋománuiguin
cuoŋománnu	N;COM(SG)	cuoŋománuin
cuoŋománnu	N;FRML(SG)	cuoŋománun
cuoŋománnu	N;GEN(PL)	cuoŋománuid
cuoŋománnu	N;GEN(SG)	cuoŋománu
cuoŋománnu	N;IN+ALL(PL)	cuoŋománuide
cuoŋománnu	N;IN+ALL(SG)	cuoŋománui
cuoŋománnu	N;NOM(PL)	cuoŋománut
cuoŋománnu	N;NOM(SG)	cuoŋománu
cuoŋománnu	N;PRP(PL)	cuoŋománuin
cuoŋománnu	N;PRP(SG)	cuoŋománus
deaivat	V;COND;LGSPEC1;NOM(2,DU)	deaivvaleidde
deaivat	V;COND;LGSPEC1;NOM(2,PL)	deaivvaleiddet
deaivat	V;COND;LGSPEC1;NOM(2,SG)	deaivvalit
deaivat	V;COND;LGSPEC1;NOM(3,DU)	deaivvaleigga
deaivat	V;COND;LGSPEC1;NOM(3,PL)	deaivvale
deaivat	V;COND;LGSPEC1;NOM(3,SG)	deaivvalii
deaivat	V;COND;NOM(1,DU)	deaivvašeimme
deaivat	V;COND;NOM(2,DU)	deaivvašeidde
deaivat	V;COND;NOM(2,PL)	deaivvašeiddet
deaivat	V;COND;NOM(3,DU)	deaivvašeigga
deaivat	V;COND;NOM(3,PL)	deaivvaše
deaivat	V;COND;NOM(3,SG)	deaivvašii
deaivat	V;IMP;NOM(1,DU)	deivo
deaivat	V;IMP;NOM(2,DU)	deiva
deaivat	V;IMP;NOM(2,PL)	deivot
deaivat	V;IMP;NOM(2,SG)	deivo
deaivat	V;IMP;NOM(3,DU)	deivoska
deaivat	V;IMP;NOM(3,PL)	deivoset
deaivat	V;POT;NOM(1,PL)	deivvažit
deaivat	V;POT;NOM(1,SG)	deivvažan
deaivat	V;POT;NOM(2,PL)	deivvažehpet
deaivat	V;POT;NOM(2,SG)	deivvažat
deaivat	V;POT;NOM(3,DU)	deivvažeaba
deaivat	V;PRS;IND;NOM(1,DU)	deaiva
deaivat	V;PRS;IND;NOM(2,SG)	deaivat
deaivat	V;PRS;IND;NOM(3,PL)	deaivat
deaivat	V;PST;IND;NOM(1,DU)	deivve
deaivat	V;PST;IND;NOM(1,PL)	deivvet
deaivat	V;PST;IND;NOM(1,SG)	deivven
deaivat	V;PST;IND;NOM(2,SG)	deivvet
deaivat	V;PST;IND;NOM(3,DU)	deivviiga
deaivat	V;PST;IND;NOM(3,PL)	deivve
dievvat	V;COND;LGSPEC1;NOM(1,SG)	dievalin
dievvat	V;COND;LGSPEC1;NOM(2,PL)	dievaleiddet
dievvat	V;COND;LGSPEC1;NOM(2,SG)	dievalit
dievvat	V;COND;LGSPEC1;NOM(3,PL)	dievale
dievvat	V;COND;LGSPEC1;NOM(3,SG)	dievalii
dievvat	V;COND;NOM(1,PL)	dievašeimmet
dievvat	V;COND;NOM(2,DU)	dievašeidde
dievvat	V;COND;NOM(2,SG)	dievašit
dievvat	V;COND;NOM(3,DU)	dievašeigga
dievvat	V;COND;NOM(3,PL)	dievaše
dievvat	V;COND;NOM(3,SG)	dievašii
dievvat	V;IMP;NOM(1,SG)	divvon
dievvat	V;IMP;NOM(2,PL)	divvot
dievvat	V;IMP;NOM(2,SG)	divvo
dievvat	V;IMP;NOM(3,DU)	divvoska
dievvat	V;IMP;NOM(3,SG)	divvos
dievvat	V;POT;NOM(1,SG)	dievažan
dievvat	V;POT;NOM(2,DU)	dievažeahppi
dievvat	V;POT;NOM(2,PL)	dievažehpet
dievvat	V;POT;NOM(2,SG)	dievažat
dievvat	V;POT;NOM(3,DU)	dievažeaba
dievvat	V;POT;NOM(3,PL)	dievažit
dievvat	V;PRS;IND;NOM(1,DU)	dievva
dievvat	V;PRS;IND;NOM(2,SG)	dievvát
dievvat	V;PRS;IND;NOM(3,SG)	dievvá
dievvat	V;PST;IND;NOM(1,PL)	divvet
dievvat	V;PST;IND;NOM(1,SG)	divven
dievvat	V;PST;IND;NOM(2,DU)	divveidde
dievvat	V;PST;IND;NOM(2,PL)	divvet
dievvat	V;PST;IND;NOM(3,DU)	divveigga
dievvat	V;PST;IND;NOM(3,PL)	divve
dievvat	V;PST;IND;NOM(3,SG)	divve
dorvu	N;ACC(PL)	dorvvuid
dorvu	N;ACC(SG)	dorvvu
dorvu	N;COM(PL)	dorvvuiguin
dorvu	N;COM(SG)	dorvvuingiin
dorvu	N;FRML(SG)	dorvu usingin
dorvu	N;GEN(PL)	dorvvuid
dorvu	N;GEN(SG)	dorvu
dorvu	N;IN+ALL(PL)	dorvvuide
dorvu	N;IN+ALL(SG)	dorvui
dorvu	N;NOM(PL)	dorvvut
dorvu	N;NOM(SG)	dorvu
dorvu	N;PRP(PL)	dorvvuingiin
dorvu	N;PRP(SG)	dorvusingis
dorvvastit	V;COND;NOM(1,DU)	dorvvastivččiime
dorvvastit	V;COND;NOM(1,PL)	dorvvastivččiimet
dorvvastit	V;COND;NOM(1,SG)	dorvvastivččin
dorvvastit	V;COND;NOM(2,DU)	dorvvastivččiide
dorvvastit	V;COND;NOM(2,PL)	dorvvastivččiidet
dorvvastit	V;COND;NOM(2,SG)	dorvvastivččit
dorvvastit	V;COND;NOM(3,DU)	dorvvastivččiiga
dorvvastit	V;COND;NOM(3,PL)	dorvvastivččiiga
dorvvastit	V;COND;NOM(3,SG)	dorvvastivččii
dorvvastit	V;IMP;NOM(1,SG)	dorvvastehkon
dorvvastit	V;IMP;NOM(2,PL)	dorvvastehket
dorvvastit	V;IMP;NOM(2,SG)	dorvvastehke
dorvvastit	V;IMP;NOM(3,DU)	dorvvastehkoska
dorvvastit	V;IMP;NOM(3,PL)	dorvvastehkoset
dorvvastit	V;IMP;NOM(3,SG)	dorvvastehkos
dorvvastit	V;POT;NOM(1,DU)	dorvvasteažžabeahtti
dorvvastit	V;POT;NOM(1,SG)	dorvvasteaččan
dorvvastit	V;POT;NOM(2,DU)	dorvvasteažžabeahtti
dorvvastit	V;POT;NOM(2,PL)	dorvvasteažžabehtet
dorvvastit	V;POT;NOM(3,PL)	dorvvasteažžat
dorvvastit	V;POT;NOM(3,SG)	dorvvasteažža
dorvvastit	V;PRS;IND;NOM(1,DU)	dorvvasteadnu
dorvvastit	V;PRS;IND;NOM(1,PL)	dorvvastit
dorvvastit	V;PRS;IND;NOM(1,SG)	dorvvastan
dorvvastit	V;PRS;IND;NOM(2,DU)	dorvvastibeahtti
dorvvastit	V;PRS;IND;NOM(3,DU)	dorvvasteaba
dorvvastit	V;PST;IND;NOM(1,DU)	dorvvasteimme
dorvvastit	V;PST;IND;NOM(2,PL)	dorvvasteiddet
dorvvastit	V;PST;IND;NOM(2,SG)	dorvvastet
dorvvastit	V;PST;IND;NOM(3,DU)	dorvvasteigga
dorvvastit	V;PST;IND;NOM(3,PL)	dorvvaste
dorvvastit	V;PST;IND;NOM(3,SG)	dorvvaste
dorvvolaččat	ADJ;ACC(PL)	dorvvolaččadiid
dorvvolaččat	ADJ;ACC(SG)	dorvvolaččabu
dorvvolaččat	ADJ;COM(PL)	dorvvolaččabuiguin
dorvvolaččat	ADJ;COM(SG)	dorvvolaččabuin
dorvvolaččat	ADJ;FRML(SG)	dorvvolaččabun
dorvvolaččat	ADJ;GEN(PL)	dorvvolaččabuid
dorvvolaččat	ADJ;GEN(SG)	dorvvolaččabu
dorvvolaččat	ADJ;IN+ALL(PL)	dorvvolaččabuidda
dorvvolaččat	ADJ;IN+ALL(SG)	dorvvolaččabui
dorvvolaččat	ADJ;NOM(PL)	dorvvolaččabut
dorvvolaččat	ADJ;NOM(SG)	dorvvolaččat
dorvvolaččat	ADJ;PRP(PL)	dorvvolaččabuin
dorvvolaččat	ADJ;PRP(SG)	dorvvolaččabus
dápmat	V;COND;LGSPEC1;NOM(1,DU)	dámaleimme
dápmat	V;COND;LGSPEC1;NOM(2,SG)	dámalit
dápmat	V;COND;LGSPEC1;NOM(3,SG)	dámalii
dápmat	V;COND;NOM(1,DU)	dámašeimme
dápmat	V;COND;NOM(2,SG)	dámašit
dápmat	V;COND;NOM(3,DU)	dámašeigga
dápmat	V;COND;NOM(3,PL)	dámaše
dápmat	V;COND;NOM(3,SG)	dámašii
dápmat	V;IMP;NOM(1,PL)	dápmot
dápmat	V;IMP;NOM(1,SG)	dápmon
dápmat	V;IMP;NOM(2,DU)	dápma
dápmat	V;IMP;NOM(3,PL)	dápmoset
dápmat	V;POT;NOM(1,DU)	dámažetne
dápmat	V;POT;NOM(2,DU)	dámažeahppi
dápmat	V;POT;NOM(2,SG)	dámažat
dápmat	V;POT;NOM(3,DU)	dámažeaba
dápmat	V;POT;NOM(3,PL)	dámažit
dápmat	V;PRS;IND;NOM(1,DU)	dápmabeadnu
dápmat	V;PRS;IND;NOM(1,PL)	dápmat
dápmat	V;PRS;IND;NOM(2,DU)	dápmabeahtti
dápmat	V;PRS;IND;NOM(2,SG)	dápmat
dápmat	V;PRS;IND;NOM(3,DU)	dápmaba
dápmat	V;PRS;IND;NOM(3,PL)	dápmat
dápmat	V;PRS;IND;NOM(3,SG)	dápmá
dápmat	V;PST;IND;NOM(1,DU)	dámaime
dápmat	V;PST;IND;NOM(1,PL)	dámaimet
dápmat	V;PST;IND;NOM(1,SG)	dáman
dápmat	V;PST;IND;NOM(2,DU)	dámaide
dápmat	V;PST;IND;NOM(2,PL)	dámaidet
dápmat	V;PST;IND;NOM(3,DU)	dámaiga
dápmat	V;PST;IND;NOM(3,SG)	dámai
fuoikit	V;COND;LGSPEC1;NOM(1,DU)	fuoikkáleimme
fuoikit	V;COND;LGSPEC1;NOM(1,PL)	fuoikkáleimmet
fuoikit	V;COND;LGSPEC1;NOM(1,SG)	fuoikkálin
fuoikit	V;COND;LGSPEC1;NOM(2,DU)	fuoikkáleidde
fuoikit	V;COND;LGSPEC1;NOM(2,PL)	fuoikkáleiddet
fuoikit	V;COND;LGSPEC1;NOM(3,PL)	fuoikkále
fuoikit	V;COND;LGSPEC1;NOM(3,SG)	fuoikkálii
fuoikit	V;COND;NOM(1,DU)	fuoikkášeimme
fuoikit	V;COND;NOM(2,PL)	fuoikkášeiddet
fuoikit	V;COND;NOM(2,SG)	fuoikkášit
fuoikit	V;COND;NOM(3,DU)	fuoikkášeigga
fuoikit	V;COND;NOM(3,SG)	fuoikkášii
fuoikit	V;IMP;NOM(1,DU)	fuiko
fuoikit	V;IMP;NOM(1,PL)	fuikot
fuoikit	V;IMP;NOM(1,SG)	fuikon
fuoikit	V;IMP;NOM(2,DU)	fuike
fuoikit	V;IMP;NOM(2,PL)	fuiket
fuoikit	V;IMP;NOM(2,SG)	fuiko
fuoikit	V;IMP;NOM(3,DU)	fuikoska
fuoikit	V;POT;NOM(1,PL)	fuikkežit
fuoikit	V;POT;NOM(1,SG)	fuikkežan
fuoikit	V;POT;NOM(2,SG)	fuikkežat
fuoikit	V;POT;NOM(3,DU)	fuikkežeaba
fuoikit	V;POT;NOM(3,SG)	fuikkeža
fuoikit	V;PRS;IND;NOM(1,PL)	fuoikit
fuoikit	V;PRS;IND;NOM(1,SG)	fuikán
fuoikit	V;PRS;IND;NOM(2,PL)	fuoikibehtet
fuoikit	V;PST;IND;NOM(1,SG)	fuiken
fuoikit	V;PST;IND;NOM(2,SG)	fuiket
fuoikit	V;PST;IND;NOM(3,DU)	fuikkiiga
fuoikit	V;PST;IND;NOM(3,SG)	fuike
geahppán	N;ACC(PL)	geahppámusimiid
geahppán	N;ACC(SG)	geahppán
geahppán	N;COM(PL)	geahppámiiguin
geahppán	N;COM(SG)	geahppániin
geahppán	N;FRML(SG)	geahppán
geahppán	N;GEN(PL)	geahppámiid
geahppán	N;GEN(SG)	geahppán
geahppán	N;IN+ALL(PL)	geahppáide
geahppán	N;IN+ALL(SG)	geahppán
geahppán	N;NOM(SG)	geahppán
geahppán	N;PRP(PL)	geahppániin
geahppán	N;PRP(SG)	geahppán
guoggát	V;COND;LGSPEC1;NOM(1,DU)	guoggáleimme
guoggát	V;COND;LGSPEC1;NOM(2,SG)	guoggálit
guoggát	V;COND;LGSPEC1;NOM(3,DU)	guoggáleigga
guoggát	V;COND;LGSPEC1;NOM(3,PL)	guoggále
guoggát	V;COND;LGSPEC1;NOM(3,SG)	guoggálii
guoggát	V;COND;NOM(1,DU)	guoggášeimme
guoggát	V;COND;NOM(1,SG)	guoggášin
guoggát	V;COND;NOM(2,DU)	guoggášeidde
guoggát	V;COND;NOM(2,PL)	guoggášeiddet
guoggát	V;COND;NOM(3,DU)	guoggášeigga
guoggát	V;COND;NOM(3,SG)	guoggášii
guoggát	V;IMP;NOM(1,DU)	guoggájeadnu
guoggát	V;IMP;NOM(1,SG)	guoggájehkon
guoggát	V;IMP;NOM(2,SG)	guoggá
guoggát	V;IMP;NOM(3,DU)	guoggájehkoska
guoggát	V;IMP;NOM(3,SG)	guoggájehkos
guoggát	V;POT;NOM(1,DU)	guoggážetne
guoggát	V;POT;NOM(2,PL)	guoggážehpet
guoggát	V;POT;NOM(2,SG)	guoggážat
guoggát	V;POT;NOM(3,PL)	guoggážit
guoggát	V;PRS;IND;NOM(1,DU)	guoggájetne
guoggát	V;PRS;IND;NOM(1,PL)	guoggát
guoggát	V;PRS;IND;NOM(1,SG)	guoggán
guoggát	V;PRS;IND;NOM(2,PL)	guoggábehtet
guoggát	V;PRS;IND;NOM(2,SG)	guoggát
guoggát	V;PRS;IND;NOM(3,SG)	guoggá
guoggát	V;PST;IND;NOM(1,DU)	guoggáime
guoggát	V;PST;IND;NOM(1,PL)	guoggáimet
guoggát	V;PST;IND;NOM(1,SG)	guoggájin
guoggát	V;PST;IND;NOM(2,DU)	guoggáide
guoggát	V;PST;IND;NOM(2,SG)	guoggájit
guoggát	V;PST;IND;NOM(3,PL)	guoggáiga
guoktelogigoalmmát	ADJ;ACC(PL)	guoktelogigoalmmádiid
guoktelogigoalmmát	ADJ;ACC(SG)	guoktelogigoalmmá
guoktelogigoalmmát	ADJ;COM(PL)	guoktelogigoalmmádiiguin
guoktelogigoalmmát	ADJ;COM(SG)	guoktelogigoalmmádiin
guoktelogigoalmmát	ADJ;FRML(SG)	guoktelogigoalmmádin
guoktelogigoalmmát	ADJ;GEN(PL)	guoktelogigoalmmádiid
guoktelogigoalmmát	ADJ;GEN(SG)	guoktelogigoalmmáda
guoktelogigoalmmát	ADJ;IN+ALL(PL)	guoktelogigoalmmádiidda
guoktelogigoalmmát	ADJ;IN+ALL(SG)	guoktelogigoalmmádii
guoktelogigoalmmát	ADJ;NOM(PL)	guoktelogigoalmmábut
guoktelogigoalmmát	ADJ;NOM(SG)	guoktelogigoalmmát
guoktelogigoalmmát	ADJ;PRP(PL)	guoktelogigoalmmábuin
guoktelogigoalmmát	ADJ;PRP(SG)	guoktelogigoalmmábus
guolástit	V;COND;NOM(1,PL)	guolástivččiimet
guolástit	V;COND;NOM(1,SG)	guolástivččin
guolástit	V;COND;NOM(2,DU)	guolástivččiide
guolástit	V;COND;NOM(2,SG)	guolástivččit
guolástit	V;COND;NOM(3,DU)	guolástivččiiga
guolástit	V;COND;NOM(3,SG)	guolástivččii
guolástit	V;IMP;NOM(1,DU)	guolástehko
guolástit	V;IMP;NOM(1,SG)	guoláston
guolástit	V;IMP;NOM(2,DU)	guolásteahkki
guolástit	V;IMP;NOM(2,PL)	guolástehket
guolástit	V;IMP;NOM(2,SG)	guolástehke
guolástit	V;IMP;NOM(3,DU)	guolástehkoska
guolástit	V;IMP;NOM(3,SG)	guolástos
guolástit	V;POT;NOM(1,DU)	guolásteažžabeadnu
guolástit	V;POT;NOM(1,PL)	guolásteažžat
guolástit	V;POT;NOM(2,PL)	guolásteažžabehtet
guolástit	V;POT;NOM(3,DU)	guolásteažžaba
guolástit	V;POT;NOM(3,PL)	guolásteažžat
guolástit	V;POT;NOM(3,SG)	guolásteažža
guolástit	V;PRS;IND;NOM(1,DU)	guolástibeadnu
guolástit	V;PRS;IND;NOM(1,SG)	guolástán
guolástit	V;PRS;IND;NOM(2,PL)	guolástibehtet
guolástit	V;PRS;IND;NOM(2,SG)	guolástat
guolástit	V;PRS;IND;NOM(3,PL)	guolástit
guolástit	V;PST;IND;NOM(1,DU)	guolástiime
guolástit	V;PST;IND;NOM(1,PL)	guolástiimet
guolástit	V;PST;IND;NOM(1,SG)	guolásten
guolástit	V;PST;IND;NOM(2,DU)	guolástiide
guolástit	V;PST;IND;NOM(2,PL)	guolásteiddet
guolástit	V;PST;IND;NOM(2,SG)	guolástit
guolástit	V;PST;IND;NOM(3,SG)	guolástii
guvrát	V;COND;LGSPEC1;NOM(1,PL)	guvráleimmet
guvrát	V;COND;LGSPEC1;NOM(1,SG)	guvrálin
guvrát	V;COND;LGSPEC1;NOM(2,DU)	guvráleidde
guvrát	V;COND;LGSPEC1;NOM(3,DU)	guvráleigga
guvrát	V;COND;LGSPEC1;NOM(3,SG)	guvrálii
guvrát	V;COND;NOM(1,PL)	guvrášeimmet
guvrát	V;COND;NOM(1,SG)	guvrášin
guvrát	V;COND;NOM(2,DU)	guvrášeidde
guvrát	V;COND;NOM(2,PL)	guvrášeiddet
guvrát	V;IMP;NOM(1,DU)	guvrájeadnu
guvrát	V;IMP;NOM(2,DU)	guvrájeahkki
guvrát	V;IMP;NOM(2,PL)	guvrájehket
guvrát	V;IMP;NOM(3,PL)	guvrájehkoset
guvrát	V;IMP;NOM(3,SG)	guvrájehkos
guvrát	V;POT;NOM(1,DU)	guvrážetne
guvrát	V;POT;NOM(1,PL)	guvrážit
guvrát	V;POT;NOM(2,PL)	guvrážehpet
guvrát	V;POT;NOM(2,SG)	guvrážat
guvrát	V;POT;NOM(3,DU)	guvrážeaba
guvrát	V;POT;NOM(3,PL)	guvrážit
guvrát	V;POT;NOM(3,SG)	guvráža
guvrát	V;PRS;IND;NOM(1,DU)	guvrábeadnu
guvrát	V;PRS;IND;NOM(1,SG)	guvrán
guvrát	V;PRS;IND;NOM(2,PL)	guvrábehtet
guvrát	V;PRS;IND;NOM(2,SG)	guvrát
guvrát	V;PRS;IND;NOM(3,PL)	guvrát
guvrát	V;PRS;IND;NOM(3,SG)	guvrá
guvrát	V;PST;IND;NOM(2,DU)	guvráide
guvrát	V;PST;IND;NOM(2,SG)	guvrájit
guvrát	V;PST;IND;NOM(3,DU)	guvráiga
guvrát	V;PST;IND;NOM(3,PL)	guvráiga
guvrát	V;PST;IND;NOM(3,SG)	guvrái
guđat	ADJ;ACC(PL)	guđadiid
guđat	ADJ;ACC(SG)	guđada
guđat	ADJ;COM(PL)	guđadiiguin
guđat	ADJ;COM(SG)	guđadiin
guđat	ADJ;FRML(SG)	guđat
guđat	ADJ;GEN(PL)	guđadiid
guđat	ADJ;GEN(SG)	guđat
guđat	ADJ;IN+ALL(PL)	guđadiidda
guđat	ADJ;IN+ALL(SG)	guđadii
guđat	ADJ;NOM(PL)	guđadat
guđat	ADJ;NOM(SG)	guđat
guđat	ADJ;PRP(SG)	guđadis
gáisi	N;ACC(PL)	gáisiisingiid
gáisi	N;ACC(SG)	gáisinga
gáisi	N;COM(PL)	gáisiinniiguin
gáisi	N;COM(SG)	gáisingiin
gáisi	N;FRML(SG)	gáisingin
gáisi	N;GEN(PL)	gáisiingiid
gáisi	N;GEN(SG)	gáisi usinga
gáisi	N;IN+ALL(PL)	gáissiidda
gáisi	N;IN+ALL(SG)	gáisii
gáisi	N;NOM(PL)	gáisi usingat
gáisi	N;NOM(SG)	gáisi using
gáisi	N;PRP(PL)	gáisingiin
gáisi	N;PRP(SG)	gáisisingis
gáranas	N;ACC(PL)	gáranasaid
gáranas	N;ACC(SG)	gáranasa
gáranas	N;COM(PL)	gáranasiiguin
gáranas	N;COM(SG)	gáranasingiin
gáranas	N;FRML(SG)	gáranas usingin
gáranas	N;GEN(PL)	gáranasaid
gáranas	N;GEN(SG)	gáranasa
gáranas	N;IN+ALL(PL)	gáranasiidda
gáranas	N;IN+ALL(SG)	gáranasii
gáranas	N;NOM(PL)	gáranasat
gáranas	N;NOM(SG)	gáranas using
gáranas	N;PRP(PL)	gáranasingiin
gáranas	N;PRP(SG)	gáranasas
gávrut	V;COND;LGSPEC1;NOM(1,PL)	gávroleimmet
gávrut	V;COND;LGSPEC1;NOM(2,PL)	gávroleiddet
gávrut	V;COND;LGSPEC1;NOM(3,PL)	gávrole
gávrut	V;COND;LGSPEC1;NOM(3,SG)	gávrolii
gávrut	V;COND;NOM(1,PL)	gávrošeimmet
gávrut	V;COND;NOM(1,SG)	gávrošin
gávrut	V;COND;NOM(2,DU)	gávrošeidde
gávrut	V;COND;NOM(2,PL)	gávrošeiddet
gávrut	V;COND;NOM(3,PL)	gávroše
gávrut	V;COND;NOM(3,SG)	gávrošii
gávrut	V;IMP;NOM(1,DU)	gávro
gávrut	V;IMP;NOM(1,PL)	gávrot
gávrut	V;IMP;NOM(2,SG)	gávro
gávrut	V;IMP;NOM(3,DU)	gávroska
gávrut	V;IMP;NOM(3,PL)	gávroset
gávrut	V;POT;NOM(1,DU)	gávrožetne
gávrut	V;POT;NOM(1,PL)	gávrožit
gávrut	V;POT;NOM(2,DU)	gávrožeahppi
gávrut	V;POT;NOM(2,PL)	gávrožehpet
gávrut	V;POT;NOM(2,SG)	gávrožat
gávrut	V;POT;NOM(3,DU)	gávrožeaba
gávrut	V;POT;NOM(3,SG)	gávroža
gávrut	V;PRS;IND;NOM(1,SG)	gávrun
gávrut	V;PRS;IND;NOM(2,DU)	gávrubeahtti
gávrut	V;PRS;IND;NOM(2,SG)	gávrut
gávrut	V;PRS;IND;NOM(3,PL)	gávrut
gávrut	V;PST;IND;NOM(1,DU)	gávrruime
gávrut	V;PST;IND;NOM(1,PL)	gávruimet
gávrut	V;PST;IND;NOM(2,DU)	gávrruide
gávrut	V;PST;IND;NOM(2,SG)	gávrot
gávrut	V;PST;IND;NOM(3,DU)	gávrruiga
gávrut	V;PST;IND;NOM(3,PL)	gávro
jiehtanas	N;ACC(PL)	jiehtanasaid
jiehtanas	N;ACC(SG)	jiehtanas
jiehtanas	N;COM(PL)	jiehtanasiiguin
jiehtanas	N;FRML(SG)	jiehtanas usingin
jiehtanas	N;GEN(PL)	jiehtanasaid
jiehtanas	N;GEN(SG)	jiehtanas
jiehtanas	N;IN+ALL(PL)	jiehtanasiidda
jiehtanas	N;IN+ALL(SG)	jiehtanasii
jiehtanas	N;NOM(PL)	jiehtanasat
jiehtanas	N;NOM(SG)	jiehtanas
jiehtanas	N;PRP(PL)	jiehtanasingiin
jiehtanas	N;PRP(SG)	jiehtanasas
jorbbas	ADJ;ACC(PL)	jorbbasaid
jorbbas	ADJ;ACC(SG)	jorbbas
jorbbas	ADJ;COM(PL)	jorbbasiiguin
jorbbas	ADJ;COM(SG)	jorbbasingiin
jorbbas	ADJ;FRML(SG)	jorbbas usingin
jorbbas	ADJ;GEN(PL)	jorbbasingiid
jorbbas	ADJ;GEN(SG)	jorbbas
jorbbas	ADJ;IN+ALL(PL)	jorbbasiidda
jorbbas	ADJ;IN+ALL(SG)	jorbbasii
jorbbas	ADJ;NOM(PL)	jorbbasat
jorbbas	ADJ;NOM(SG)	jorbbas
jorbbas	ADJ;PRP(PL)	jorbbasingiin
jorbbas	ADJ;PRP(SG)	jorbbas
lasta	N;ACC(PL)	lasttaid
lasta	N;ACC(SG)	lastta
lasta	N;COM(PL)	lasttaiguin
lasta	N;COM(SG)	lasta usingiin
lasta	N;FRML(SG)	lasta usingin
lasta	N;GEN(PL)	lasttaid
lasta	N;GEN(SG)	lasta
lasta	N;IN+ALL(PL)	lasttaide
lasta	N;IN+ALL(SG)	lastai
lasta	N;NOM(PL)	lasttat
lasta	N;NOM(SG)	lasta using
lasta	N;PRP(PL)	lasttain
lasta	N;PRP(SG)	lastasingis
loahppat	V;COND;LGSPEC1;NOM(1,DU)	loahpaleimme
loahppat	V;COND;LGSPEC1;NOM(2,DU)	loahpaleidde
loahppat	V;COND;LGSPEC1;NOM(2,SG)	loahpalit
loahppat	V;COND;LGSPEC1;NOM(3,SG)	loahpalii
loahppat	V;COND;NOM(1,PL)	loahpašeimmet
loahppat	V;COND;NOM(1,SG)	loahpašin
loahppat	V;COND;NOM(2,DU)	loahpašeidde
loahppat	V;COND;NOM(2,SG)	loahpašit
loahppat	V;IMP;NOM(1,DU)	loahppu
loahppat	V;IMP;NOM(1,SG)	lohppon
loahppat	V;IMP;NOM(2,DU)	loahppu
loahppat	V;IMP;NOM(3,DU)	lohpposka
loahppat	V;IMP;NOM(3,PL)	lohpposet
loahppat	V;IMP;NOM(3,SG)	lohppos
loahppat	V;POT;NOM(1,DU)	loahpažetne
loahppat	V;POT;NOM(1,PL)	loahpažit
loahppat	V;POT;NOM(1,SG)	loahpažan
loahppat	V;POT;NOM(2,DU)	loahpažeahppi
loahppat	V;POT;NOM(2,PL)	loahpažehpet
loahppat	V;POT;NOM(2,SG)	loahpažat
loahppat	V;POT;NOM(3,PL)	loahpažit
loahppat	V;POT;NOM(3,SG)	loahpaža
loahppat	V;PRS;IND;NOM(1,DU)	loahppabeadnu
loahppat	V;PRS;IND;NOM(2,PL)	loahppabehtet
loahppat	V;PRS;IND;NOM(3,PL)	loahppat
loahppat	V;PRS;IND;NOM(3,SG)	loahpá
loahppat	V;PST;IND;NOM(1,SG)	loahppen
loahppat	V;PST;IND;NOM(2,DU)	loahpaide
loahppat	V;PST;IND;NOM(2,PL)	loahpaidet
loahppat	V;PST;IND;NOM(2,SG)	loahppet
loahppat	V;PST;IND;NOM(3,DU)	loahpaiga
lákca	N;ACC(PL)	lávccaid
lákca	N;ACC(SG)	lávcca
lákca	N;COM(PL)	lávccaiguin
lákca	N;COM(SG)	lávccain
lákca	N;FRML(SG)	lákcan
lákca	N;GEN(PL)	lávccaid
lákca	N;GEN(SG)	lávcca
lákca	N;IN+ALL(PL)	lávccaide
lákca	N;IN+ALL(SG)	lávccai
lákca	N;NOM(PL)	lávccat
lákca	N;NOM(SG)	lákca
lákca	N;PRP(PL)	lávccain
lákca	N;PRP(SG)	lávccas
mohkkámus	ADJ;ACC(PL)	mohkkámusaid
mohkkámus	ADJ;ACC(SG)	mohkkámusa
mohkkámus	ADJ;COM(PL)	mohkkámusaiguin
mohkkámus	ADJ;COM(SG)	mohkkámusain
mohkkámus	ADJ;FRML(SG)	mohkkámus usingin
mohkkámus	ADJ;GEN(PL)	mohkkámusaid
mohkkámus	ADJ;GEN(SG)	mohkkámusa
mohkkámus	ADJ;IN+ALL(PL)	mohkkámusaide
mohkkámus	ADJ;IN+ALL(SG)	mohkkámusai
mohkkámus	ADJ;NOM(PL)	mohkkámusat
mohkkámus	ADJ;NOM(SG)	mohkkámus
mohkkámus	ADJ;PRP(PL)	mohkkámusain
mohkkámus	ADJ;PRP(SG)	mohkkámusas
positiiva	ADJ;ACC(PL)	positiivvaid
positiiva	ADJ;ACC(SG)	positiivva
positiiva	ADJ;COM(PL)	positiivvaiguin
positiiva	ADJ;COM(SG)	positiivvain
positiiva	ADJ;FRML(SG)	positiivan
positiiva	ADJ;GEN(PL)	positiivvaid
positiiva	ADJ;GEN(SG)	positiiva
positiiva	ADJ;IN+ALL(PL)	positiivvaide
positiiva	ADJ;IN+ALL(SG)	positiivvai
positiiva	ADJ;NOM(PL)	positiivvat
positiiva	ADJ;NOM(SG)	positiiva
positiiva	ADJ;PRP(PL)	positiivvain
positiiva	ADJ;PRP(SG)	positiivas
ruhta	N;ACC(PL)	ruhtaid
ruhta	N;ACC(SG)	ruhta
ruhta	N;COM(PL)	ruhtaiguin
ruhta	N;COM(SG)	ruhta usingiin
ruhta	N;FRML(SG)	ruhta usingin
ruhta	N;GEN(PL)	ruhtaid
ruhta	N;GEN(SG)	ruhta
ruhta	N;IN+ALL(PL)	ruhtaide
ruhta	N;NOM(PL)	ruhtat
ruhta	N;NOM(SG)	ruhta using
ruhta	N;PRP(PL)	ruhtain
ruhta	N;PRP(SG)	ruhtasingis
russat	V;COND;LGSPEC1;NOM(1,DU)	russaleimme
russat	V;COND;LGSPEC1;NOM(1,PL)	russaleimmet
russat	V;COND;LGSPEC1;NOM(2,DU)	russaleidde
russat	V;COND;LGSPEC1;NOM(2,SG)	russalit
russat	V;COND;LGSPEC1;NOM(3,SG)	russalii
russat	V;COND;NOM(1,DU)	russašeimme
russat	V;COND;NOM(1,PL)	russašeimmet
russat	V;COND;NOM(1,SG)	russašin
russat	V;COND;NOM(2,PL)	russašeiddet
russat	V;COND;NOM(2,SG)	russašit
russat	V;COND;NOM(3,SG)	russašii
russat	V;IMP;NOM(1,PL)	russot
russat	V;IMP;NOM(1,SG)	russon
russat	V;IMP;NOM(2,SG)	russo
russat	V;IMP;NOM(3,DU)	russoska
russat	V;POT;NOM(1,DU)	russažetne
russat	V;POT;NOM(1,PL)	russažit
russat	V;POT;NOM(2,DU)	russažeahppi
russat	V;POT;NOM(3,DU)	russažeaba
russat	V;PRS;IND;NOM(1,PL)	russat
russat	V;PRS;IND;NOM(1,SG)	russán
russat	V;PRS;IND;NOM(2,PL)	russabehtet
russat	V;PRS;IND;NOM(2,SG)	russát
russat	V;PRS;IND;NOM(3,PL)	russat
russat	V;PST;IND;NOM(1,DU)	russeimme
russat	V;PST;IND;NOM(1,PL)	russet
russat	V;PST;IND;NOM(1,SG)	russen
russat	V;PST;IND;NOM(2,DU)	russeidde
russat	V;PST;IND;NOM(2,PL)	russeiddet
russat	V;PST;IND;NOM(2,SG)	russet
russat	V;PST;IND;NOM(3,PL)	russe
russat	V;PST;IND;NOM(3,SG)	russe
ráhkis	ADJ;ACC(PL)	ráhkisinguid
ráhkis	ADJ;ACC(SG)	ráhkis
ráhkis	ADJ;COM(PL)	ráhkisingiiguin
ráhkis	ADJ;COM(SG)	ráhkis usingiin
ráhkis	ADJ;FRML(SG)	ráhkis usingin
ráhkis	ADJ;GEN(PL)	ráhkisingiid
ráhkis	ADJ;GEN(SG)	ráhkis
ráhkis	ADJ;IN+ALL(PL)	ráhkisiidda
ráhkis	ADJ;IN+ALL(SG)	ráhkis usingii
ráhkis	ADJ;NOM(PL)	ráhkis usingat
ráhkis	ADJ;NOM(SG)	ráhkis using
ráhkis	ADJ;PRP(PL)	ráhkisingiin
ráhkis	ADJ;PRP(SG)	ráhkis usingis
skeaikit	V;COND;LGSPEC1;NOM(1,DU)	skeikkáleimme
skeaikit	V;COND;LGSPEC1;NOM(1,SG)	skeaikkálin
skeaikit	V;COND;LGSPEC1;NOM(2,DU)	skeaikkáleidde
skeaikit	V;COND;LGSPEC1;NOM(2,PL)	skeikkáleiddet
skeaikit	V;COND;LGSPEC1;NOM(2,SG)	skeaikkálit
skeaikit	V;COND;LGSPEC1;NOM(3,PL)	skeikkále
skeaikit	V;COND;NOM(2,DU)	skeaikkášeidde
skeaikit	V;COND;NOM(2,SG)	skeaikkášit
skeaikit	V;COND;NOM(3,DU)	skeikkášeigga
skeaikit	V;IMP;NOM(1,PL)	skeikot
skeaikit	V;IMP;NOM(2,DU)	skeike
skeaikit	V;IMP;NOM(2,SG)	skeiko
skeaikit	V;IMP;NOM(3,SG)	skeikos
skeaikit	V;POT;NOM(1,DU)	skeikkežetne
skeaikit	V;POT;NOM(1,PL)	skeikkežit
skeaikit	V;POT;NOM(1,SG)	skeikkežan
skeaikit	V;POT;NOM(2,DU)	skeikkežeahppi
skeaikit	V;POT;NOM(2,PL)	skeikkežehpet
skeaikit	V;POT;NOM(2,SG)	skeikkežat
skeaikit	V;POT;NOM(3,DU)	skeikkežeaba
skeaikit	V;POT;NOM(3,PL)	skeikkežit
skeaikit	V;POT;NOM(3,SG)	skeikkeža
skeaikit	V;PRS;IND;NOM(1,SG)	skeikán
skeaikit	V;PRS;IND;NOM(2,DU)	skeaikibeahtti
skeaikit	V;PRS;IND;NOM(2,PL)	skeaikibehtet
skeaikit	V;PRS;IND;NOM(3,DU)	skeaikiba
skeaikit	V;PRS;IND;NOM(3,PL)	skeaikit
skeaikit	V;PST;IND;NOM(2,DU)	skeikiide
skeaikit	V;PST;IND;NOM(2,PL)	skeikeiddet
skeaikit	V;PST;IND;NOM(2,SG)	skeiket
skeaikit	V;PST;IND;NOM(3,DU)	skeikkiiga
skeaikit	V;PST;IND;NOM(3,PL)	skeike
stoarbma	N;ACC(PL)	stoarpmaid
stoarbma	N;ACC(SG)	stoarpma
stoarbma	N;COM(PL)	stoarpmaiguin
stoarbma	N;COM(SG)	stoarpmain
stoarbma	N;FRML(SG)	stoarbman
stoarbma	N;GEN(PL)	stoarpmaid
stoarbma	N;GEN(SG)	stoarpma
stoarbma	N;IN+ALL(PL)	storpmaide
stoarbma	N;IN+ALL(SG)	stoarbmai
stoarbma	N;NOM(PL)	stoarpmat
stoarbma	N;NOM(SG)	stoarbma
stoarbma	N;PRP(PL)	stoarpmain
stoarbma	N;PRP(SG)	stoarbmas
stuorát	ADJ;ACC(PL)	stuorádiid
stuorát	ADJ;ACC(SG)	stuoráda
stuorát	ADJ;COM(PL)	stuorádiiguin
stuorát	ADJ;COM(SG)	stuorádiin
stuorát	ADJ;FRML(SG)	stuorádin
stuorát	ADJ;GEN(PL)	stuorádiid
stuorát	ADJ;GEN(SG)	stuoráda
stuorát	ADJ;IN+ALL(PL)	stuorádiidda
stuorát	ADJ;IN+ALL(SG)	stuorádii
stuorát	ADJ;NOM(PL)	stuorádat
stuorát	ADJ;NOM(SG)	stuorát
stuorát	ADJ;PRP(PL)	stuorádiin
stuorát	ADJ;PRP(SG)	stuorádis
sávvat	V;COND;LGSPEC1;NOM(1,DU)	sávaleimme
sávvat	V;COND;LGSPEC1;NOM(1,PL)	sávaleimmet
sávvat	V;COND;LGSPEC1;NOM(1,SG)	sávalin
sávvat	V;COND;LGSPEC1;NOM(2,SG)	sávalit
sávvat	V;COND;LGSPEC1;NOM(3,DU)	sávaleigga
sávvat	V;COND;NOM(1,PL)	sávašeimmet
sávvat	V;COND;NOM(2,DU)	sávašeidde
sávvat	V;COND;NOM(2,PL)	sávašeiddet
sávvat	V;COND;NOM(2,SG)	sávašit
sávvat	V;COND;NOM(3,PL)	sávaše
sávvat	V;COND;NOM(3,SG)	sávašii
sávvat	V;IMP;NOM(1,PL)	sávvot
sávvat	V;IMP;NOM(1,SG)	sávvon
sávvat	V;IMP;NOM(2,DU)	sávvo
sávvat	V;IMP;NOM(2,PL)	sávvot
sávvat	V;IMP;NOM(2,SG)	sávvo
sávvat	V;IMP;NOM(3,PL)	sávvoset
sávvat	V;POT;NOM(1,PL)	sávažit
sávvat	V;POT;NOM(1,SG)	sávažan
sávvat	V;POT;NOM(2,SG)	sávažat
sávvat	V;POT;NOM(3,PL)	sávažit
sávvat	V;PRS;IND;NOM(1,DU)	sávva
sávvat	V;PRS;IND;NOM(1,PL)	sávvat
sávvat	V;PRS;IND;NOM(1,SG)	sávván
sávvat	V;PRS;IND;NOM(2,DU)	sávvabeahtti
sávvat	V;PRS;IND;NOM(2,PL)	sávvabehtet
sávvat	V;PRS;IND;NOM(2,SG)	sávat
sávvat	V;PRS;IND;NOM(3,DU)	sávvaba
sávvat	V;PRS;IND;NOM(3,PL)	sávvat
sávvat	V;PST;IND;NOM(2,DU)	sávaide
sávvat	V;PST;IND;NOM(2,PL)	sávaidet
sávvat	V;PST;IND;NOM(2,SG)	sávvet
višuvdna	N;ACC(PL)	višuvnnaid
višuvdna	N;ACC(SG)	višuvnna
višuvdna	N;COM(PL)	višuvnnaiguin
višuvdna	N;COM(SG)	višuvnnain
višuvdna	N;FRML(SG)	višuvdnan
višuvdna	N;GEN(PL)	višuvnnaid
višuvdna	N;GEN(SG)	višuvnna
višuvdna	N;IN+ALL(PL)	višuvnnaide
višuvdna	N;IN+ALL(SG)	višuvnnai
višuvdna	N;NOM(PL)	višuvnnat
višuvdna	N;NOM(SG)	višuvdna
višuvdna	N;PRP(PL)	višuvnnain
višuvdna	N;PRP(SG)	višuvnnas
árgi	ADJ;ACC(PL)	árggiid
árgi	ADJ;ACC(SG)	árgi
árgi	ADJ;COM(PL)	árggiiguin
árgi	ADJ;COM(SG)	árgi usingiin
árgi	ADJ;FRML(SG)	árgi usingin
árgi	ADJ;GEN(PL)	árggiid
árgi	ADJ;GEN(SG)	árgi
árgi	ADJ;IN+ALL(PL)	árggiide
árgi	ADJ;IN+ALL(SG)	árgii
árgi	ADJ;NOM(PL)	árggit
árgi	ADJ;NOM(SG)	árgi using
árgi	ADJ;PRP(PL)	árggiingiin
árgi	ADJ;PRP(SG)	árgisingis
čalmmeheamos	ADJ;ACC(PL)	čalmmehepmosiid
čalmmeheamos	ADJ;ACC(SG)	čalmmeheamos
čalmmeheamos	ADJ;COM(PL)	čalmmehepmosiiguin
čalmmeheamos	ADJ;COM(SG)	čalmmehepmosiin
čalmmeheamos	ADJ;FRML(SG)	čalmmeheamosingin
čalmmeheamos	ADJ;GEN(PL)	čalmmehepmosiid
čalmmeheamos	ADJ;GEN(SG)	čalmmeheamos
čalmmeheamos	ADJ;IN+ALL(PL)	čalmmehepmosiidda
čalmmeheamos	ADJ;IN+ALL(SG)	čalmmeheamosii
čalmmeheamos	ADJ;NOM(PL)	čalmmeheamosat
čalmmeheamos	ADJ;NOM(SG)	čalmmeheamos
čalmmeheamos	ADJ;PRP(PL)	čalmmehepmosiin
čalmmeheamos	ADJ;PRP(SG)	čalmmeheamosis
čavgat	ADJ;ACC(PL)	čavgadiid
čavgat	ADJ;ACC(SG)	čavgada
čavgat	ADJ;COM(PL)	čavgadiiguin
čavgat	ADJ;COM(SG)	čavgadiin
čavgat	ADJ;FRML(SG)	čavgat
čavgat	ADJ;GEN(PL)	čavgadiid
čavgat	ADJ;GEN(SG)	čavgada
čavgat	ADJ;IN+ALL(PL)	čavgadiidda
čavgat	ADJ;IN+ALL(SG)	čavgadii
čavgat	ADJ;NOM(PL)	čavgadat
čavgat	ADJ;NOM(SG)	čavgat
čavgat	ADJ;PRP(PL)	čavgadiin
čavgat	ADJ;PRP(SG)	čavgadis
čierrut	V;COND;LGSPEC1;NOM(1,DU)	čiroleimme
čierrut	V;COND;LGSPEC1;NOM(1,SG)	čirolin
čierrut	V;COND;LGSPEC1;NOM(2,DU)	čiroleidde
čierrut	V;COND;LGSPEC1;NOM(3,SG)	čirolii
čierrut	V;COND;NOM(1,DU)	čirošeimme
čierrut	V;COND;NOM(1,SG)	čirošin
čierrut	V;COND;NOM(2,DU)	čirošeidde
čierrut	V;COND;NOM(2,SG)	čirošit
čierrut	V;COND;NOM(3,DU)	čirošeigga
čierrut	V;COND;NOM(3,PL)	čiroše
čierrut	V;COND;NOM(3,SG)	čirošii
čierrut	V;IMP;NOM(1,DU)	čirru
čierrut	V;IMP;NOM(1,PL)	čirrot
čierrut	V;IMP;NOM(1,SG)	čirron
čierrut	V;IMP;NOM(2,DU)	čirru
čierrut	V;IMP;NOM(2,PL)	čirrot
čierrut	V;IMP;NOM(2,SG)	čirro
čierrut	V;IMP;NOM(3,DU)	čirroska
čierrut	V;IMP;NOM(3,SG)	čirros
čierrut	V;POT;NOM(2,DU)	čirožeahppi
čierrut	V;POT;NOM(2,PL)	čirožehpet
čierrut	V;POT;NOM(2,SG)	čirožat
čierrut	V;POT;NOM(3,DU)	čirožeaba
čierrut	V;PRS;IND;NOM(1,DU)	čierru
čierrut	V;PRS;IND;NOM(1,PL)	čierrut
čierrut	V;PRS;IND;NOM(2,PL)	čierrubehtet
čierrut	V;PRS;IND;NOM(3,PL)	čierrut
čierrut	V;PST;IND;NOM(1,DU)	čiruime
čierrut	V;PST;IND;NOM(1,SG)	čirrun
čierrut	V;PST;IND;NOM(2,PL)	čiruidet
čierrut	V;PST;IND;NOM(2,SG)	čirrut
čierrut	V;PST;IND;NOM(3,SG)	čirui
čuovgat	ADJ;ACC(PL)	čuovgadiid
čuovgat	ADJ;ACC(SG)	čuovgada
čuovgat	ADJ;COM(PL)	čuovgadiiguin
čuovgat	ADJ;COM(SG)	čuovgadiin
čuovgat	ADJ;FRML(SG)	čuovgadin
čuovgat	ADJ;GEN(PL)	čuovgadiid
čuovgat	ADJ;GEN(SG)	čuovgada
čuovgat	ADJ;IN+ALL(PL)	čuovggabuidda
čuovgat	ADJ;IN+ALL(SG)	čuovgadii
čuovgat	ADJ;NOM(PL)	čuovgadat
čuovgat	ADJ;NOM(SG)	čuovgat
čuovgat	ADJ;PRP(PL)	čuovgadiin
čuovgat	ADJ;PRP(SG)	čuovgadis
čábbáseamos	ADJ;ACC(PL)	čábbásepmosiid
čábbáseamos	ADJ;ACC(SG)	čábbásepmosa
čábbáseamos	ADJ;COM(PL)	čábbásepmosiiguin
čábbáseamos	ADJ;COM(SG)	čábbásepmosiin
čábbáseamos	ADJ;FRML(SG)	čábbásepmosin
čábbáseamos	ADJ;GEN(PL)	čábbásepmosiid
čábbáseamos	ADJ;GEN(SG)	čábbásepmosa
čábbáseamos	ADJ;IN+ALL(PL)	čábbásepmosiidda
čábbáseamos	ADJ;IN+ALL(SG)	čábbásepmosii
čábbáseamos	ADJ;NOM(PL)	čábbásepmosat
čábbáseamos	ADJ;NOM(SG)	čábbásepmos
čábbáseamos	ADJ;PRP(PL)	čábbásepmosiin
čábbáseamos	ADJ;PRP(SG)	čábbásepmosis
čáppat	ADJ;ACC(PL)	čáppabusimiid
čáppat	ADJ;ACC(SG)	čáppabusinga
čáppat	ADJ;COM(PL)	čáppabuiguin
čáppat	ADJ;FRML(SG)	čáppabusingin
čáppat	ADJ;GEN(PL)	čáppabusimiid
čáppat	ADJ;GEN(SG)	čáppabusinga
čáppat	ADJ;IN+ALL(PL)	čáppadiidda
čáppat	ADJ;IN+ALL(SG)	čáppabusingii
čáppat	ADJ;NOM(PL)	čáppabusimat
čáppat	ADJ;NOM(SG)	čáppat
čáppat	ADJ;PRP(PL)	čáppabusimiin
čáppat	ADJ;PRP(SG)	čáppabusingis
accuracy:0.628
