ሀብታም	ADJ	ሀብታም
ሀብታም	ADJ;DEF;FEM	ሀብታሟ
ሀብታም	ADJ;DEF;MASC	ሀብታሙ
ሀብታም	ADJ;DEF;PL	ሀብታሞቹ
ሀብታም	ADJ;PL	ሀብታሞች
ሆነ	V.CVB;NOM(1,PL)	ሆነን
ሆነ	V.CVB;NOM(2,PL)	ሆናችሁ
ሆነ	V.CVB;NOM(MASC;2,SG)	ሆነህ
ሆነ	V.MSDR	ሆን
ሆነ	V;IMP;NOM(1,PL)	ሆን
ሆነ	V;IMP;NOM(1,SG)	ሆን
ሆነ	V;IMP;NOM(MASC;2,SG)	ሆን
ሆነ	V;IPFV;NFIN;NOM(MASC;3,SG)	ሆን
ሆነ	V;IPFV;NOM(1,PL)	ሆናለን
ሆነ	V;IPFV;NOM(1,SG)	ሆናለሁ
ሆነ	V;IPFV;NOM(MASC;2,SG)	ሆናለህ
ሆነ	V;IPFV;NOM(MASC;3,SG)	ሆናል
ሆነ	V;PFV;NOM(3,PL)	ሆኑ
ሆነ	V;PRF;NOM(1,PL)	ሆነናል
ለማኝ	N	ለማኝ
ለማኝ	N;DEF;MASC	ለማኙ
ለማኝ	N;DEF;PL	ለማኞቹ
ለማኝ	N;PL	ለማኞች
ልል	ADJ	ልል
ልል	ADJ;DEF;FEM	ልሏ
ልል	ADJ;DEF;MASC	ልሉ
ልሳን	N	ልሳን
ልሳን	N;DEF;MASC	ልሳኑ
ልሳን	N;DEF;PL	ልሳኖቹ
ልሳን	N;PL	ልሳኖች
ሐይማኖት	N	ሐይማኖት
ሐይማኖት	N;DEF;MASC	ሐይማኖቱ
ሐይማኖት	N;PL	ሐይማኖቶች
ሐይማኖት	N;PL;PSS(1,PL)	ሐይማኖቶቻችን
ሐይማኖት	N;PL;PSS(1,SG)	ሐይማኖቶቼ
ሐይማኖት	N;PL;PSS(2,SG,FEM)	ሐይማኖቶችሽ
ሐይማኖት	N;PL;PSS(2,SG,MASC)	ሐይማኖቶችህ
ሐይማኖት	N;PSS(1,PL)	ሐይማኖታችን
ሐይማኖት	N;PSS(1,SG)	ሐይማኖቴ
ሐይማኖት	N;PSS(2,SG,FORM)	ሐይማኖትዎ
ሐይማኖት	N;PSS(2,SG,MASC)	ሐይማኖትህ
ሐይማኖት	N;PSS(3,SG,MASC)	ሐይማኖቱ
መስቀል	N	መስቀል
መስቀል	N;DEF;PL	መስቀሎቹ
መስቀል	N;PL;PSS(1,PL)	መስቀሎቻችን
መስቀል	N;PL;PSS(2,PL)	መስቀሎቻችሁ
መስቀል	N;PL;PSS(2,SG,MASC)	መስቀሎችህ
መስቀል	N;PL;PSS(3,SG,FEM)	መስቀሎቿ
መስቀል	N;PL;PSS(3,SG,MASC)	መስቀሎቹ
መስቀል	N;PSS(1,SG)	መስቀሌ
መስቀል	N;PSS(2,PL)	መስቀላችሁ
መስቀል	N;PSS(2,SG,FEM)	መስቀልሽ
መስቀል	N;PSS(2,SG,FORM)	መስቀልዎ
መስቀል	N;PSS(2,SG,MASC)	መስቀልህ
መስቀል	N;PSS(3,SG,FEM)	መስቀሏ
መስቀል	N;PSS(3,SG,MASC)	መስቀሉ
መስዋዕት	N	መስዋዕት
መስዋዕት	N;DEF;MASC;LGSPEC1	መስዋዕቱ
መስዋዕት	N;LGSPEC1;PSS(1,SG)	መስዋዕቴ
መስዋዕት	N;LGSPEC1;PSS(2,PL)	መስዋዕታችሁ
መስዋዕት	N;LGSPEC1;PSS(2,SG,FEM)	መስዋዕትሽ
መስዋዕት	N;LGSPEC1;PSS(2,SG,MASC)	መስዋዕትህ
መስዋዕት	N;LGSPEC1;PSS(3,SG,FEM)	መስዋዕቷ
መስዋዕት	N;PSS(1,PL)	መስዋዕታችን
መስዋዕት	N;PSS(1,SG)	መስዋዕቴ
መስዋዕት	N;PSS(2,PL)	መስዋዕታችሁ
መስዋዕት	N;PSS(2,SG,MASC)	መስዋዕትህ
መስዋዕት	N;PSS(3,SG,FEM)	መስዋዕቷ
መስዋዕት	N;PSS(3,SG,MASC)	መስዋዕቱ
መከር	N	መከር
መከር	N;DEF;MASC	መከሩ
መከር	N;PSS(1,PL)	መከራችን
መከር	N;PSS(1,SG)	መከሬ
መከር	N;PSS(2,PL)	መከራችሁ
መከር	N;PSS(2,SG,FEM)	መከርሽ
መከር	N;PSS(2,SG,FORM)	መከርዎ
መከር	N;PSS(2,SG,MASC)	መከርህ
መከር	N;PSS(3,PL)	መከራቸው
መከር	N;PSS(3,SG,FEM)	መከሯ
መከር	N;PSS(3,SG,MASC)	መከሩ
መድፍ	N;DEF;MASC	መድፉ
መድፍ	N;DEF;PL	መድፎቹ
መድፍ	N;PL	መድፎች
መፅሐፍ	N;DEF;MASC	መፅሐፉ
መፅሐፍ	N;DEF;PL	መፅሐፎቹ
መፅሐፍ	N;PL;PSS(1,PL)	መፅሐፎቻችን
መፅሐፍ	N;PL;PSS(2,SG,FEM)	መፅሐፎችሽ
መፅሐፍ	N;PL;PSS(2,SG,FORM)	መፅሐፎችዎ
መፅሐፍ	N;PL;PSS(3,PL)	መፅሐፎቻቸው
መፅሐፍ	N;PL;PSS(3,SG,FEM)	መፅሐፎቿ
መፅሐፍ	N;PSS(1,PL)	መፅሐፋችን
መፅሐፍ	N;PSS(1,SG)	መፅሐፌ
መፅሐፍ	N;PSS(2,PL)	መፅሐፋችሁ
መፅሐፍ	N;PSS(2,SG,FEM)	መፅሐፍሽ
መፅሐፍ	N;PSS(2,SG,MASC)	መፅሐፍህ
መፅሐፍ	N;PSS(3,PL)	መፅሐፋቸው
መፅሐፍ	N;PSS(3,SG,FEM)	መፅሐፏ
ሚስት	N;DEF;PL	ሚስቶቹ
ሚስት	N;PL	ሚስቶች
ሚስት	N;PL;PSS(1,PL)	ሚስቶቻችን
ሚስት	N;PL;PSS(1,SG)	ሚስቶቼ
ሚስት	N;PL;PSS(2,PL)	ሚስቶቻችሁ
ሚስት	N;PL;PSS(2,SG,FEM)	ሚስቶችሽ
ሚስት	N;PL;PSS(2,SG,FORM)	ሚስቶችዎ
ሚስት	N;PL;PSS(2,SG,MASC)	ሚስቶችህ
ሚስት	N;PL;PSS(3,PL)	ሚስቶቻቸው
ሚስት	N;PSS(1,PL)	ሚስታችን
ሚስት	N;PSS(1,SG)	ሚስቴ
ሚስት	N;PSS(2,PL)	ሚስታችሁ
ሚስት	N;PSS(2,SG,FORM)	ሚስትዎ
ሚስት	N;PSS(3,SG,MASC)	ሚስቱ
ሚኒስትር	N;DEF;FEM;LGSPEC1	ሚኒስትሯ
ሚኒስትር	N;DEF;MASC	ሚኒስትሩ
ሚኒስትር	N;DEF;PL	ሚኒስትሮቹ
ሚኒስትር	N;PL	ሚኒስትሮች
ሚኒስትር	N;PL;PSS(1,PL)	ሚኒስትሮቻችን
ሚኒስትር	N;PL;PSS(1,SG)	ሚኒስትሮቼ
ሚኒስትር	N;PL;PSS(2,PL)	ሚኒስትሮቻችሁ
ሚኒስትር	N;PL;PSS(2,SG,MASC)	ሚኒስትሮችህ
ሚኒስትር	N;PL;PSS(3,PL)	ሚኒስትሮቻቸው
ሚኒስትር	N;PL;PSS(3,SG,MASC)	ሚኒስትሮቹ
ሚኒስትር	N;PSS(1,PL)	ሚኒስትራችን
ሚኒስትር	N;PSS(2,PL)	ሚኒስትራችሁ
ሚኒስትር	N;PSS(2,SG,FEM)	ሚኒስትርሽ
ሚኒስትር	N;PSS(3,SG,FEM)	ሚኒስትሯ
ማህጸን	N	ማህጸን
ማህጸን	N;DEF;MASC	ማህጸኑ
ማህጸን	N;PSS(1,PL)	ማህጸናችን
ማህጸን	N;PSS(1,SG)	ማህጸኔ
ማህጸን	N;PSS(2,PL)	ማህጸናችሁ
ማህጸን	N;PSS(2,SG,FEM)	ማህጸንሽ
ማህጸን	N;PSS(2,SG,FORM)	ማህጸንዎ
ማህጸን	N;PSS(2,SG,MASC)	ማህጸንህ
ማህጸን	N;PSS(3,PL)	ማህጸናቸው
ማህጸን	N;PSS(3,SG,FEM)	ማህጸኗ
ማህጸን	N;PSS(3,SG,MASC)	ማህጸኑ
ማረ	V.CVB;NOM(2,PL)	ማራችሁ
ማረ	V.CVB;NOM(3,PL)	ማረው
ማረ	V;IMP;NOM(1,PL)	ማር
ማረ	V;IMP;NOM(FEM;2,SG)	ማሪ
ማረ	V;IPFV;NFIN;NOM(2,PL)	ማሩ
ማረ	V;IPFV;NFIN;NOM(FEM;3,SG)	ማር
ማረ	V;IPFV;NFIN;NOM(MASC;3,SG)	ማር
ማረ	V;IPFV;NOM(1,SG)	ማራለሁ
ማረ	V;IPFV;NOM(2,PL)	ማሁ
ማረ	V;IPFV;NOM(FEM;2,SG)	ማሪያለሽ
ማረ	V;PFV;NOM(1,SG)	ማርኩ
ማረ	V;PFV;NOM(MASC;3,SG)	ማረ
ማረ	V;PRF;NOM(1,PL)	ማረናል
ማረ	V;PRF;NOM(MASC;2,SG)	ማረሀል
ማእበል	N	ማእበል
ማእበል	N;DEF;MASC	ማእበሉ
ማእበል	N;DEF;PL	ማእበሎቹ
ማእበል	N;PL	ማእበሎች
ምርት	N	ምርት
ምርት	N;DEF;MASC	ምርቱ
ምርት	N;DEF;PL	ምርቶቹ
ምርት	N;PL	ምርቶች
ምርት	N;PL;PSS(1,SG)	ምርቶቼ
ምርት	N;PL;PSS(2,PL)	ምርቶቻችሁ
ምርት	N;PL;PSS(2,SG,FORM)	ምርቶችዎ
ምርት	N;PL;PSS(2,SG,MASC)	ምርቶችህ
ምርት	N;PL;PSS(3,PL)	ምርቶቻቸው
ምርት	N;PL;PSS(3,SG,MASC)	ምርቶቹ
ምርት	N;PSS(1,PL)	ምርታችን
ምርት	N;PSS(2,SG,FORM)	ምርትዎ
ምርት	N;PSS(3,PL)	ምርታቸው
ምርት	N;PSS(3,SG,MASC)	ምርቱ
ምርጥ	N	ምርጥ
ምርጥ	N;DEF;MASC	ምርጡ
ምርጥ	N;PL	ምርጦች
ሣጥን	N	ሣጥን
ሣጥን	N;DEF;MASC	ሣጥኑ
ሣጥን	N;DEF;PL	ሣጥኖቹ
ሣጥን	N;PL	ሣጥኖች
ሣጥን	N;PL;PSS(1,PL)	ሣጥኖቻችን
ሣጥን	N;PL;PSS(1,SG)	ሣጥኖቼ
ሣጥን	N;PL;PSS(2,PL)	ሣጥኖቻችሁ
ሣጥን	N;PL;PSS(2,SG,FEM)	ሣጥኖችሽ
ሣጥን	N;PL;PSS(2,SG,MASC)	ሣጥኖችህ
ሣጥን	N;PL;PSS(3,PL)	ሣጥኖቻቸው
ሣጥን	N;PSS(1,SG)	ሣጥኔ
ሣጥን	N;PSS(2,SG,FEM)	ሣጥንሽ
ሣጥን	N;PSS(2,SG,FORM)	ሣጥንዎ
ሣጥን	N;PSS(3,SG,FEM)	ሣጥኗ
ረገጠ	V.CVB;NOM(1,SG)	ረግጬ
ረገጠ	V.CVB;NOM(2,PL)	ረግጣችሁ
ረገጠ	V.CVB;NOM(FEM;3,SG)	ረግጣ
ረገጠ	V.CVB;NOM(MASC;3,SG)	ረግጦ
ረገጠ	V;IMP;NOM(1,SG)	ረግጥ
ረገጠ	V;IMP;NOM(2,PL)	ረገጡ
ረገጠ	V;IMP;NOM(MASC;2,SG)	ረግጥ
ረገጠ	V;IPFV;NFIN;NOM(FEM;2,SG)	ረገጪ
ረገጠ	V;IPFV;NOM(2,PL)	ረገጣላችሁ
ረገጠ	V;PFV;NOM(1,SG)	ረገጥኩ
ረገጠ	V;PFV;NOM(3,PL)	ረገጡ
ረገጠ	V;PRF;NOM(1,PL)	ረግጠናል
ረገጠ	V;PRF;NOM(1,SG)	ረገጫለሁ
ረገጠ	V;PRF;NOM(FEM;3,SG)	ረግጣለች
ርቀት	N	ርቀት
ርቀት	N;DEF;MASC	ርቀቱ
ርቀት	N;DEF;PL	ርቀቶቹ
ርቀት	N;PL	ርቀቶች
ሰሞን	N	ሰሞን
ሰሞን	N;DEF;MASC	ሰሞኑ
ሰሞን	N;PSS(1,PL)	ሰሞናችን
ሰሞን	N;PSS(1,SG)	ሰሞኔ
ሰሞን	N;PSS(2,PL)	ሰሞናችሁ
ሰሞን	N;PSS(2,SG,FEM)	ሰሞንሽ
ሰሞን	N;PSS(2,SG,FORM)	ሰሞንዎ
ሰሞን	N;PSS(2,SG,MASC)	ሰሞንህ
ሰሞን	N;PSS(3,PL)	ሰሞናቸው
ሰሞን	N;PSS(3,SG,FEM)	ሰሞኗ
ሰሞን	N;PSS(3,SG,MASC)	ሰሞኑ
ሱቅ	N;DEF;MASC	ሱቁ
ሱቅ	N;PL	ሱቆች
ሱቅ	N;PL;PSS(1,SG)	ሱቆቼ
ሱቅ	N;PL;PSS(2,SG,FEM)	ሱቆችሽ
ሱቅ	N;PL;PSS(2,SG,FORM)	ሱቆችዎ
ሱቅ	N;PL;PSS(3,PL)	ሱቆቻቸው
ሱቅ	N;PL;PSS(3,SG,FEM)	ሱቆቿ
ሱቅ	N;PL;PSS(3,SG,MASC)	ሱቆቹ
ሱቅ	N;PSS(1,PL)	ሱቃችን
ሱቅ	N;PSS(2,PL)	ሱቃችሁ
ሱቅ	N;PSS(2,SG,FEM)	ሱቅሽ
ሱቅ	N;PSS(2,SG,FORM)	ሱቅዎ
ሱቅ	N;PSS(2,SG,MASC)	ሱቅህ
ሱቅ	N;PSS(3,SG,MASC)	ሱቁ
ሳጥን	N	ሳጥን
ሳጥን	N;DEF;MASC	ሳጥኑ
ሳጥን	N;PL	ሳጥኖች
ሳጥን	N;PL;PSS(1,PL)	ሳጥኖቻችን
ሳጥን	N;PL;PSS(2,PL)	ሳጥኖቻችሁ
ሳጥን	N;PL;PSS(2,SG,FEM)	ሳጥኖችሽ
ሳጥን	N;PL;PSS(2,SG,MASC)	ሳጥኖችህ
ሳጥን	N;PL;PSS(3,PL)	ሳጥኖቻቸው
ሳጥን	N;PL;PSS(3,SG,FEM)	ሳጥኖቿ
ሳጥን	N;PL;PSS(3,SG,MASC)	ሳጥኖቹ
ሳጥን	N;PSS(2,SG,FEM)	ሳጥንሽ
ሳጥን	N;PSS(2,SG,FORM)	ሳጥንዎ
ሳጥን	N;PSS(2,SG,MASC)	ሳጥንህ
ሳጥን	N;PSS(3,PL)	ሳጥናቸው
ስልት	N;DEF;MASC	ስልቱ
ስልት	N;DEF;PL	ስልቶቹ
ስልት	N;PL	ስልቶች
ስልት	N;PL;PSS(2,PL)	ስልቶቻችሁ
ስልት	N;PL;PSS(2,SG,FEM)	ስልቶችሽ
ስልት	N;PL;PSS(3,SG,FEM)	ስልቶቿ
ስልት	N;PL;PSS(3,SG,MASC)	ስልቶቹ
ስልት	N;PSS(1,PL)	ስልታችን
ስልት	N;PSS(1,SG)	ስልቴ
ስልት	N;PSS(2,SG,FORM)	ስልትዎ
ስልት	N;PSS(2,SG,MASC)	ስልትህ
ስልት	N;PSS(3,PL)	ስልታቸው
ስልት	N;PSS(3,SG,FEM)	ስልቷ
ስልት	N;PSS(3,SG,MASC)	ስልቱ
ስም	N	ስም
ስም	N;DEF;MASC	ስሙ
ስም	N;DEF;PL	ስሞቹ
ስም	N;PL;PSS(1,PL)	ስሞቻችን
ስም	N;PL;PSS(1,SG)	ስሞቼ
ስም	N;PL;PSS(2,SG,FEM)	ስሞችሽ
ስም	N;PL;PSS(2,SG,MASC)	ስሞችህ
ስም	N;PL;PSS(3,SG,FEM)	ስሞቿ
ስም	N;PL;PSS(3,SG,MASC)	ስሞቹ
ስም	N;PSS(2,PL)	ስማችሁ
ስም	N;PSS(2,SG,FORM)	ስምዎ
ስም	N;PSS(2,SG,MASC)	ስምህ
ስም	N;PSS(3,SG,FEM)	ስሟ
ስም	N;PSS(3,SG,MASC)	ስሙ
ስብሀት	N	ስብሀት
ስብሀት	N;DEF;MASC	ስብሀቱ
ስጋት	N	ስጋት
ስጋት	N;DEF;MASC	ስጋቱ
ስጋት	N;PL	ስጋቶች
ስጋት	N;PL;PSS(2,SG,FORM)	ስጋቶችዎ
ስጋት	N;PL;PSS(3,SG,FEM)	ስጋቶቿ
ስጋት	N;PL;PSS(3,SG,MASC)	ስጋቶቹ
ስጋት	N;PSS(1,PL)	ስጋታችን
ስጋት	N;PSS(2,PL)	ስጋታችሁ
ስጋት	N;PSS(2,SG,FEM)	ስጋትሽ
ስጋት	N;PSS(2,SG,MASC)	ስጋትህ
ስጋት	N;PSS(3,PL)	ስጋታቸው
ስጋት	N;PSS(3,SG,MASC)	ስጋቱ
ሸክም	N	ሸክም
ሸክም	N;DEF;MASC	ሸክሙ
ሸክም	N;PSS(1,PL)	ሸክማችን
ሸክም	N;PSS(1,SG)	ሸክሜ
ሸክም	N;PSS(2,PL)	ሸክማችሁ
ሸክም	N;PSS(2,SG,FEM)	ሸክምሽ
ሸክም	N;PSS(2,SG,FORM)	ሸክምዎ
ሸክም	N;PSS(2,SG,MASC)	ሸክምህ
ሸክም	N;PSS(3,PL)	ሸክማቸው
ሸክም	N;PSS(3,SG,FEM)	ሸክሟ
ሸክም	N;PSS(3,SG,MASC)	ሸክሙ
ቀረና	V.CVB;NOM(MASC;3,SG)	ቀረንቶ
ቀረና	V.MSDR	ቀረናት
ቀረና	V;IMP;NOM(MASC;3,SG)	ቀረና
ቀረና	V;IPFV;NFIN;NOM(MASC;3,SG)	ቀረና
ቀረና	V;IPFV;NOM(MASC;3,SG)	ቀረና
ቀረና	V;PFV;NOM(MASC;3,SG)	ቀረና
ቀረና	V;PRF;NOM(MASC;3,SG)	ቀረንቷል
ቀሰቀሰ	V.CVB;NOM(MASC;3,SG)	ቀሰቅሶ
ቀሰቀሰ	V.MSDR	ቀሰቀስ
ቀሰቀሰ	V;IMP;NOM(MASC;3,SG)	ቀሰቀስ
ቀሰቀሰ	V;IPFV;NFIN;NOM(MASC;3,SG)	ቀሰቀስ
ቀሰቀሰ	V;IPFV;NOM(MASC;3,SG)	ቀሰቀሳል
ቀሰቀሰ	V;PFV;NOM(MASC;3,SG)	ቀሰቀሰ
ቀሰቀሰ	V;PRF;NOM(MASC;3,SG)	ቀሰቅሷል
ቅርጽ	N	ቅርጽ
ቅርጽ	N;DEF;MASC	ቅርጹ
ቅርጽ	N;PL;PSS(1,SG)	ቅርጾቼ
ቅርጽ	N;PL;PSS(2,PL)	ቅርጾቻችሁ
ቅርጽ	N;PL;PSS(2,SG,FEM)	ቅርጽ
ቅርጽ	N;PL;PSS(2,SG,FORM)	ቅርጾችዎ
ቅርጽ	N;PL;PSS(2,SG,MASC)	ቅርጾችህ
ቅርጽ	N;PL;PSS(3,SG,FEM)	ቅርጾቿ
ቅርጽ	N;PSS(1,PL)	ቅርጻችን
ቅርጽ	N;PSS(1,SG)	ቅርጼ
ቅርጽ	N;PSS(2,PL)	ቅርጻችሁ
ቅርጽ	N;PSS(2,SG,FEM)	ቅርጽሽ
ቅርጽ	N;PSS(2,SG,FORM)	ቅርጽዎ
ቅርጽ	N;PSS(3,SG,MASC)	ቅርጹ
ቆመ	V.CVB;NOM(1,SG)	ቆሜ
ቆመ	V;IMP;NOM(1,PL)	ቆም
ቆመ	V;IMP;NOM(2,PL)	ቆሙ
ቆመ	V;IPFV;NFIN;NOM(2,PL)	ቆሙ
ቆመ	V;IPFV;NFIN;NOM(3,PL)	ቆሙ
ቆመ	V;IPFV;NFIN;NOM(FEM;3,SG)	ቆም
ቆመ	V;IPFV;NOM(1,PL)	ቆማለን
ቆመ	V;IPFV;NOM(2,PL)	ቆማላችሁ
ቆመ	V;IPFV;NOM(FEM;2,SG)	ቆሚያለሽ
ቆመ	V;PFV;NOM(1,PL)	ቆምን
ቆመ	V;PFV;NOM(2,PL)	ቆማችሁ
ቆመ	V;PFV;NOM(MASC;3,SG)	ቆመ
ቆመ	V;PRF;NOM(1,SG)	ቆሜያለሁ
ቆመ	V;PRF;NOM(MASC;2,SG)	ቆመሀል
ቆጠረ	V.CVB;NOM(FEM;3,SG)	ቆጥራ
ቆጠረ	V;IMP;NOM(1,SG)	ቆጥር
ቆጠረ	V;IMP;NOM(2,PL)	ቆጠሩ
ቆጠረ	V;IMP;NOM(3,PL)	ቆጥሩ
ቆጠረ	V;IPFV;NFIN;NOM(MASC;2,SG)	ቆጠር
ቆጠረ	V;IPFV;NOM(1,SG)	ቆጥራለሁ
ቆጠረ	V;IPFV;NOM(3,PL)	ቆጠራሉ
ቆጠረ	V;IPFV;NOM(FEM;3,SG)	ቆጥራለች
ቆጠረ	V;PFV;NOM(1,SG)	ቆጠርኩ
ቆጠረ	V;PFV;NOM(FEM;2,SG)	ቆጠርሽ
ቆጠረ	V;PFV;NOM(FEM;3,SG)	ቆጠረች
ቆጠረ	V;PRF;NOM(1,PL)	ቆጥረናል
ቆጠረ	V;PRF;NOM(1,SG)	ቆጥሬያለሁ
ቆጠረ	V;PRF;NOM(FEM;2,SG)	ቆጠረሻል
በድን	N	በድን
በድን	N;DEF;MASC	በድኑ
በድን	N;PL;PSS(1,SG)	በድኖቼ
በድን	N;PL;PSS(2,PL)	በድኖቻችሁ
በድን	N;PL;PSS(2,SG,FORM)	በድኖችዎ
በድን	N;PL;PSS(2,SG,MASC)	በድኖችህ
በድን	N;PL;PSS(3,PL)	በድኖቻቸው
በድን	N;PL;PSS(3,SG,FEM)	በድኖቿ
በድን	N;PL;PSS(3,SG,MASC)	በድኖቹ
በድን	N;PSS(1,PL)	በድናችን
በድን	N;PSS(1,SG)	በድኔ
በድን	N;PSS(3,SG,FEM)	በድኗ
በድን	N;PSS(3,SG,MASC)	በድኑ
ብረት	N	ብረት
ብረት	N;DEF;MASC	ብረቱ
ብረት	N;DEF;PL	ብረቶቹ
ብረት	N;PL	ብረቶች
ተሰባሰበ	V.CVB;NOM(MASC;3,SG)	ተሰባሰቦ
ተሰባሰበ	V.MSDR	ተሰባሰብ
ተሰባሰበ	V;IMP;NOM(MASC;3,SG)	ተሰባስብ
ተሰባሰበ	V;IPFV;NFIN;NOM(MASC;3,SG)	ተሰባስብ
ተሰባሰበ	V;IPFV;NOM(MASC;3,SG)	ተሰባሰባል
ተሰባሰበ	V;PFV;NOM(MASC;3,SG)	ተሰባሰበ
ተሰባሰበ	V;PRF;NOM(MASC;3,SG)	ተሰባስቧል
ተስተካከለ	V.CVB;NOM(MASC;3,SG)	ተስተካክሎ
ተስተካከለ	V.MSDR	ተስተካከል
ተስተካከለ	V;IMP;NOM(MASC;3,SG)	ተስተካክል
ተስተካከለ	V;IPFV;NFIN;NOM(MASC;3,SG)	ተስተካክል
ተስተካከለ	V;IPFV;NOM(MASC;3,SG)	ተስተካከላል
ተስተካከለ	V;PFV;NOM(MASC;3,SG)	ተስተካከለ
ተስተካከለ	V;PRF;NOM(MASC;3,SG)	ተስተካክሏል
ተቀበለ	V.CVB;NOM(1,PL)	ተቀብለን
ተቀበለ	V.CVB;NOM(2,PL)	ተቀበላችሁ
ተቀበለ	V.CVB;NOM(3,PL)	ተቀበለው
ተቀበለ	V.CVB;NOM(MASC;3,SG)	ተቀበሎ
ተቀበለ	V;IMP;NOM(1,SG)	ተቀበል
ተቀበለ	V;IMP;NOM(3,PL)	ተቀብሉ
ተቀበለ	V;IPFV;NFIN;NOM(1,PL)	ተቀብል
ተቀበለ	V;IPFV;NFIN;NOM(2,PL)	ተቀበሉ
ተቀበለ	V;IPFV;NFIN;NOM(MASC;2,SG)	ተቀበል
ተቀበለ	V;IPFV;NOM(3,PL)	ተቀብላሉ
ተቀበለ	V;IPFV;NOM(MASC;3,SG)	ተቀበላል
ተቀበለ	V;PFV;NOM(1,PL)	ተቀበልን
ተቀበለ	V;PRF;NOM(2,PL)	ተቀበላችኋል
ተቀበለ	V;PRF;NOM(FEM;2,SG)	ተቀበለሻል
ተቻለ	V.CVB;NOM(MASC;3,SG)	ተቻሎ
ተቻለ	V.MSDR	ተቻል
ተቻለ	V;IMP;NOM(MASC;3,SG)	ተቻል
ተቻለ	V;IPFV;NFIN;NOM(MASC;3,SG)	ተቻል
ተቻለ	V;IPFV;NOM(MASC;3,SG)	ተቻላል
ተቻለ	V;PFV;NOM(MASC;3,SG)	ተቻለ
ተቻለ	V;PRF;NOM(MASC;3,SG)	ተቻሏል
ተንገላታ	V.CVB;NOM(3,PL)	ተንገላታ
ተንገላታ	V.CVB;NOM(FEM;3,SG)	ተንገላታ
ተንገላታ	V;IMP;NOM(1,SG)	ተንገላታ
ተንገላታ	V;IMP;NOM(2,PL)	ተንገላታ
ተንገላታ	V;IMP;NOM(FEM;3,SG)	ተንገላፍታ
ተንገላታ	V;IMP;NOM(MASC;2,SG)	ተንገላታ
ተንገላታ	V;IPFV;NFIN;NOM(FEM;2,SG)	ተንገላታ
ተንገላታ	V;IPFV;NFIN;NOM(MASC;3,SG)	ተንገላታ
ተንገላታ	V;PFV;NOM(1,SG)	ተንገላታሁ
ተንገላታ	V;PFV;NOM(2,PL)	ተንገላታችሁ
ተንገላታ	V;PFV;NOM(3,PL)	ተንገላቱ
ተንገላታ	V;PFV;NOM(FEM;2,SG)	ተንገላታ
ተንገላታ	V;PRF;NOM(1,PL)	ተንገላታ
ተወያየ	V.CVB;NOM(2,PL)	ተወያይታችሁ
ተወያየ	V.CVB;NOM(3,PL)	ተወያይተው
ተወያየ	V;IMP;NOM(1,PL)	ተወያይ
ተወያየ	V;IMP;NOM(3,PL)	ተወያዩ
ተወያየ	V;IPFV;NFIN;NOM(1,PL)	ተወያይ
ተወያየ	V;IPFV;NFIN;NOM(2,PL)	ተወያዩ
ተወያየ	V;IPFV;NOM(1,PL)	ተወያያለን
ተወያየ	V;IPFV;NOM(2,PL)	ተወያያላችሁ
ተወያየ	V;IPFV;NOM(3,PL)	ተወያያሉ
ተወያየ	V;PFV;NOM(1,PL)	ተወያየን
ተወያየ	V;PFV;NOM(2,PL)	ተወያያችሁ
ተወያየ	V;PFV;NOM(3,PL)	ተወያዩ
ተወያየ	V;PRF;NOM(2,PL)	ተወያይታችኋል
ተወያየ	V;PRF;NOM(3,PL)	ተወያይተዋል
ተወዳደረ	V.CVB;NOM(1,PL)	ተወዳደረን
ተወዳደረ	V.CVB;NOM(3,PL)	ተወዳድረው
ተወዳደረ	V.MSDR	ተወዳደር
ተወዳደረ	V;IMP;NOM(1,PL)	ተወዳንደር
ተወዳደረ	V;IPFV;NFIN;NOM(1,PL)	ተወዳደር
ተወዳደረ	V;IPFV;NFIN;NOM(3,PL)	ተወዳደሩ
ተወዳደረ	V;IPFV;NOM(1,PL)	ተወዳናድራለን
ተወዳደረ	V;IPFV;NOM(3,PL)	ተወዳድራሉ
ተወዳደረ	V;PFV;NOM(1,PL)	ተወዳደርን
ተወዳደረ	V;PFV;NOM(2,PL)	ተወዳደራችሁ
ተወዳደረ	V;PFV;NOM(3,PL)	ተወዳደሩ
ተወዳደረ	V;PRF;NOM(1,PL)	ተወዳደረናል
ተወዳደረ	V;PRF;NOM(2,PL)	ተወዳደል
ተወዳደረ	V;PRF;NOM(3,PL)	ተወዳድረዋል
ተዋረደ	V.CVB;NOM(1,PL)	ተዋርደን
ተዋረደ	V.CVB;NOM(MASC;3,SG)	ተዋርዶ
ተዋረደ	V;IPFV;NFIN;NOM(1,SG)	ተዋርድ
ተዋረደ	V;IPFV;NFIN;NOM(2,PL)	ተዋርዱ
ተዋረደ	V;IPFV;NFIN;NOM(3,PL)	ተዋርዱ
ተዋረደ	V;IPFV;NFIN;NOM(FEM;2,SG)	ተዋርጂ
ተዋረደ	V;IPFV;NFIN;NOM(FEM;3,SG)	ተዋረድ
ተዋረደ	V;IPFV;NOM(MASC;3,SG)	ተዋርዳል
ተዋረደ	V;PFV;NOM(1,SG)	ተዋረድኩ
ተዋረደ	V;PFV;NOM(3,PL)	ተዋረዱ
ተዋረደ	V;PFV;NOM(FEM;3,SG)	ተዋረደች
ተዋረደ	V;PRF;NOM(2,PL)	ተዋርዳችኋል
ተዋረደ	V;PRF;NOM(3,PL)	ተዋርደዋል
ተዋረደ	V;PRF;NOM(MASC;2,SG)	ተዋረደሀል
ተዘረጋ	V.CVB;NOM(FEM;3,SG)	ተዘረግታ
ተዘረጋ	V.MSDR	ተዘርጋት
ተዘረጋ	V;IMP;NOM(MASC;2,SG)	ተዘርጋ
ተዘረጋ	V;IPFV;NFIN;NOM(1,SG)	ተዘረጋ
ተዘረጋ	V;IPFV;NFIN;NOM(2,PL)	ተዘረጉ
ተዘረጋ	V;IPFV;NFIN;NOM(MASC;2,SG)	ተዘረጋ
ተዘረጋ	V;IPFV;NFIN;NOM(MASC;3,SG)	ተዘረጋ
ተዘረጋ	V;IPFV;NOM(3,PL)	ተዘረጋሉ
ተዘረጋ	V;IPFV;NOM(FEM;3,SG)	ተዘረጋለች
ተዘረጋ	V;PFV;NOM(1,SG)	ተዘረጋሁ
ተዘረጋ	V;PFV;NOM(3,PL)	ተዘረጉ
ተዘረጋ	V;PFV;NOM(MASC;2,SG)	ተዘረጋህ
ተዘረጋ	V;PRF;NOM(1,PL)	ተዘረግተናል
ተዘረጋ	V;PRF;NOM(FEM;2,SG)	ተዘርግተሻል
ተገታ	V.CVB;NOM(MASC;3,SG)	ተገትቶ
ተገታ	V.MSDR	ተገታት
ተገታ	V;IMP;NOM(MASC;3,SG)	ተገታ
ተገታ	V;IPFV;NFIN;NOM(MASC;3,SG)	ተገታ
ተገታ	V;IPFV;NOM(MASC;3,SG)	ተገታል
ተገታ	V;PFV;NOM(MASC;3,SG)	ተገታ
ተገታ	V;PRF;NOM(MASC;3,SG)	ተገትቷል
ተጋጠመ	V.CVB;NOM(MASC;3,SG)	ተጋጠሞ
ተጋጠመ	V.MSDR	ተጋጠም
ተጋጠመ	V;IMP;NOM(MASC;3,SG)	ተጋጠም
ተጋጠመ	V;IPFV;NFIN;NOM(MASC;3,SG)	ተጋጥም
ተጋጠመ	V;IPFV;NOM(MASC;3,SG)	ተጋጠማል
ተጋጠመ	V;PFV;NOM(MASC;3,SG)	ተጋጠመ
ተጋጠመ	V;PRF;NOM(MASC;3,SG)	ተጋጠሟል
ተጠመቀ	V.CVB;NOM(MASC;3,SG)	ተጠመቆ
ተጠመቀ	V.MSDR	ተጠመቅ
ተጠመቀ	V;IMP;NOM(MASC;3,SG)	ተጠመቅ
ተጠመቀ	V;IPFV;NFIN;NOM(MASC;3,SG)	ተጠመቅ
ተጠመቀ	V;IPFV;NOM(MASC;3,SG)	ተጠመቃል
ተጠመቀ	V;PFV;NOM(MASC;3,SG)	ተጠመቀ
ተጠመቀ	V;PRF;NOM(MASC;3,SG)	ተጠመቋል
ተጠቀመ	V.CVB;NOM(1,PL)	ተጠቀመን
ተጠቀመ	V.CVB;NOM(MASC;3,SG)	ተጠቀሞ
ተጠቀመ	V;IMP;NOM(1,SG)	ተጠቀም
ተጠቀመ	V;IMP;NOM(FEM;3,SG)	ተጠቀም
ተጠቀመ	V;IPFV;NFIN;NOM(1,PL)	ተጠቀም
ተጠቀመ	V;IPFV;NOM(1,PL)	ተጠቀማለን
ተጠቀመ	V;IPFV;NOM(3,PL)	ተጠቀማሉ
ተጠቀመ	V;IPFV;NOM(MASC;2,SG)	ተጠቀህ
ተጠቀመ	V;PFV;NOM(2,PL)	ተጠቀማችሁ
ተጠቀመ	V;PRF;NOM(2,PL)	ተጠቀማችኋል
ተጠቀመ	V;PRF;NOM(FEM;3,SG)	ተጠቀማለች
ተጠቀመ	V;PRF;NOM(MASC;2,SG)	ተጠቀመሀል
ተጠቀመ	V;PRF;NOM(MASC;3,SG)	ተጠቀሟል
ተፈረደ	V.CVB;NOM(MASC;3,SG)	ተፈርዶ
ተፈረደ	V.MSDR	ተመፍረድ
ተፈረደ	V;IPFV;NFIN;NOM(MASC;3,SG)	ተፈረድ
ተፈረደ	V;IPFV;NOM(MASC;3,SG)	ተፈርዳል
ተፈረደ	V;PFV;NOM(MASC;3,SG)	ተፈረደ
ተፈረደ	V;PRF;NOM(MASC;3,SG)	ተፈርዷል
ታሰበ	V.CVB;NOM(MASC;3,SG)	ታሰቦ
ታሰበ	V.MSDR	ታሰብ
ታሰበ	V;IMP;NOM(MASC;3,SG)	ታስብ
ታሰበ	V;IPFV;NFIN;NOM(MASC;3,SG)	ታስብ
ታሰበ	V;IPFV;NOM(MASC;3,SG)	ታሰባል
ታሰበ	V;PFV;NOM(MASC;3,SG)	ታሰበ
ታሰበ	V;PRF;NOM(MASC;3,SG)	ታስቧል
ነገር	N	ነገር
ነገር	N;DEF;FEM	ነገሯ
ነገር	N;DEF;MASC	ነገሩ
ነገር	N;DEF;PL	ነገሮቹ
ነገር	N;PL	ነገሮች
ነገር	N;PL;PSS(1,PL)	ነገሮቻችን
ነገር	N;PL;PSS(1,SG)	ነገሮቼ
ነገር	N;PL;PSS(2,PL)	ነገሮቻችሁ
ነገር	N;PL;PSS(2,SG,MASC)	ነገሮችህ
ነገር	N;PL;PSS(3,PL)	ነገሮቻቸው
ነገር	N;PL;PSS(3,SG,MASC)	ነገሮቹ
ነገር	N;PSS(2,PL)	ነገራችሁ
ነገር	N;PSS(3,SG,FEM)	ነገሯ
ነገር	N;PSS(3,SG,MASC)	ነገሩ
ንጹሕ	ADJ	ንጹሕ
ንጹሕ	ADJ;DEF;FEM	ንጹኋ
ንጹሕ	ADJ;DEF;MASC	ንጹሑ
አለፈ	V.CVB;NOM(2,PL)	አልፋችሁ
አለፈ	V.CVB;NOM(FEM;2,SG)	አልፈሽ
አለፈ	V.CVB;NOM(FEM;3,SG)	አለፋ
አለፈ	V.CVB;NOM(MASC;2,SG)	አልፈህ
አለፈ	V;IMP;NOM(MASC;3,SG)	አለፍ
አለፈ	V;IPFV;NFIN;NOM(3,PL)	አልፉ
አለፈ	V;IPFV;NFIN;NOM(FEM;3,SG)	አልፍ
አለፈ	V;IPFV;NFIN;NOM(MASC;3,SG)	አለፍ
አለፈ	V;IPFV;NOM(MASC;3,SG)	አለፋል
አለፈ	V;PFV;NOM(3,PL)	አለፉ
አለፈ	V;PFV;NOM(FEM;3,SG)	አለፈች
አለፈ	V;PRF;NOM(FEM;3,SG)	አልፋለች
አለፈ	V;PRF;NOM(MASC;3,SG)	አልፏል
አስጠነቀቀ	V.CVB;NOM(1,SG)	አስጠነቀቄ
አስጠነቀቀ	V.CVB;NOM(FEM;2,SG)	አስጠነቀሽ
አስጠነቀቀ	V;IMP;NOM(3,PL)	አስጠነቅቁ
አስጠነቀቀ	V;IMP;NOM(FEM;2,SG)	አስጠነቀቂ
አስጠነቀቀ	V;IMP;NOM(FEM;3,SG)	አስጠነቅቅ
አስጠነቀቀ	V;IPFV;NFIN;NOM(MASC;2,SG)	አስጠነቀቅ
አስጠነቀቀ	V;IPFV;NOM(FEM;2,SG)	አስጠነቅቂያለሽ
አስጠነቀቀ	V;IPFV;NOM(MASC;3,SG)	አስጠነቃል
አስጠነቀቀ	V;PFV;NOM(1,PL)	አስጠነቀቅን
አስጠነቀቀ	V;PFV;NOM(2,PL)	አስጠነቀቃችሁ
አስጠነቀቀ	V;PFV;NOM(FEM;2,SG)	አስጠነቀቅሽ
አስጠነቀቀ	V;PRF;NOM(2,PL)	አስጠነቃችኋል
አስጠነቀቀ	V;PRF;NOM(FEM;2,SG)	አስጠነቀቀሻል
አስጠነቀቀ	V;PRF;NOM(MASC;3,SG)	አስጠነቋል
አሸ	V.CVB;NOM(2,PL)	አሸ
አሸ	V;IMP;NOM(1,PL)	አንሽ
አሸ	V;IPFV;NFIN;NOM(1,SG)	አሽ
አሸ	V;IPFV;NFIN;NOM(2,PL)	አሹ
አሸ	V;IPFV;NFIN;NOM(FEM;2,SG)	አሺ
አሸ	V;IPFV;NOM(2,PL)	አሸሻላችሁ
አሸ	V;IPFV;NOM(MASC;3,SG)	አሻል
አሸ	V;PFV;NOM(1,SG)	አሽኩ
አሸ	V;PFV;NOM(MASC;3,SG)	አሸ
አሸ	V;PRF;NOM(1,PL)	አሽተናል
አሸ	V;PRF;NOM(1,SG)	አሽቻለሁ
አሸ	V;PRF;NOM(2,PL)	አሽታችኋል
አሸ	V;PRF;NOM(FEM;2,SG)	አሽተሻል
አሸ	V;PRF;NOM(FEM;3,SG)	አሻለች
አባልነት	N	አባልነት
አባልነት	N;DEF;MASC	አባልነቱ
አባልነት	N;PSS(1,PL)	አባልነታችን
አባልነት	N;PSS(1,SG)	አባልነቴ
አባልነት	N;PSS(2,PL)	አባልነታችሁ
አባልነት	N;PSS(2,SG,FEM)	አባልነትሽ
አባልነት	N;PSS(2,SG,FORM)	አባልነትዎ
አባልነት	N;PSS(2,SG,MASC)	አባልነትህ
አባልነት	N;PSS(3,PL)	አባልነታቸው
አባልነት	N;PSS(3,SG,FEM)	አባልነቷ
አባልነት	N;PSS(3,SG,MASC)	አባልነቱ
አተረፈ	V.CVB;NOM(3,PL)	አተርፈው
አተረፈ	V;IMP;NOM(2,PL)	አትረፉ
አተረፈ	V;IMP;NOM(3,PL)	አተረፉ
አተረፈ	V;IMP;NOM(MASC;2,SG)	አትረፍ
አተረፈ	V;IPFV;NFIN;NOM(2,PL)	አተርፉ
አተረፈ	V;IPFV;NFIN;NOM(FEM;3,SG)	አተረፍ
አተረፈ	V;IPFV;NOM(1,PL)	አተርፋለን
አተረፈ	V;IPFV;NOM(3,PL)	አተረፋሉ
አተረፈ	V;PFV;NOM(1,PL)	አተረፍን
አተረፈ	V;PFV;NOM(FEM;2,SG)	አተረፍሽ
አተረፈ	V;PFV;NOM(MASC;3,SG)	አተረፈ
አተረፈ	V;PRF;NOM(1,SG)	አተርፌያለሁ
አተረፈ	V;PRF;NOM(MASC;2,SG)	አተረፈ
አተረፈ	V;PRF;NOM(MASC;3,SG)	አተረፏል
አንቀፅ	N	አንቀፅ
አንቀፅ	N;DEF;MASC	አንቀፁ
አንቀፅ	N;PL	አንቀፆች
አንድ	N	አንድ
አንድ	N;DEF;FEM	አንዷ
አንድ	N;DEF;FEM;LGSPEC1	አንድ
አንድ	N;DEF;MASC	አንዱ
አንድ	N;PSS(1,PL)	አንዳችን
አንድ	N;PSS(1,SG)	አንዴ
አንድ	N;PSS(2,PL)	አንዳችሁ
አንድ	N;PSS(2,SG,FEM)	አንድሽ
አንድ	N;PSS(2,SG,FORM)	አንድዎ
አንድ	N;PSS(2,SG,MASC)	አንድህ
አንድ	N;PSS(3,PL)	አንዳቸው
አንድ	N;PSS(3,SG,FEM)	አንዷ
አንድ	N;PSS(3,SG,MASC)	አንዱ
አከለ	V.CVB;NOM(MASC;3,SG)	አክሎ
አከለ	V.MSDR	አከል
አከለ	V;IMP;NOM(MASC;3,SG)	አከል
አከለ	V;IPFV;NFIN;NOM(MASC;3,SG)	አከል
አከለ	V;IPFV;NOM(MASC;3,SG)	አከላል
አከለ	V;PFV;NOM(MASC;3,SG)	አከለ
አከለ	V;PRF;NOM(MASC;3,SG)	አክሏል
አከበረ	V.CVB;NOM(FEM;2,SG)	አከብረሽ
አከበረ	V.MSDR	አከበር
አከበረ	V;IMP;NOM(1,PL)	አንከበር
አከበረ	V;IMP;NOM(1,SG)	አከበር
አከበረ	V;IMP;NOM(FEM;3,SG)	አከበር
አከበረ	V;IMP;NOM(MASC;3,SG)	አይክበር
አከበረ	V;IPFV;NFIN;NOM(3,PL)	አከብሩ
አከበረ	V;IPFV;NOM(FEM;2,SG)	አከበሪያለሽ
አከበረ	V;PFV;NOM(FEM;3,SG)	አከበረች
አከበረ	V;PFV;NOM(MASC;3,SG)	አከበረ
አከበረ	V;PRF;NOM(1,PL)	አከበረናል
አከበረ	V;PRF;NOM(2,PL)	አከብራችኋል
አከበረ	V;PRF;NOM(FEM;2,SG)	አከብረሻል
አከበረ	V;PRF;NOM(MASC;3,SG)	አከብሯል
አየ	V.CVB;NOM(1,SG)	አይቼ
አየ	V.CVB;NOM(FEM;2,SG)	አይተሽ
አየ	V.CVB;NOM(MASC;2,SG)	አየ
አየ	V.CVB;NOM(MASC;3,SG)	አይቶ
አየ	V;IMP;NOM(1,PL)	አይ
አየ	V;IMP;NOM(MASC;3,SG)	አይ
አየ	V;IPFV;NFIN;NOM(FEM;2,SG)	አዪ
አየ	V;IPFV;NOM(2,PL)	አያላችሁ
አየ	V;IPFV;NOM(FEM;2,SG)	አያለሽ
አየ	V;PFV;NOM(1,PL)	አየን
አየ	V;PFV;NOM(2,PL)	አያችሁ
አየ	V;PFV;NOM(3,PL)	አዩ
አየ	V;PFV;NOM(FEM;3,SG)	አየች
አየ	V;PRF;NOM(FEM;3,SG)	አይታለች
አይጥ	N	አይጥ
አይጥ	N;DEF;MASC	አይጡ
አይጥ	N;DEF;PL	አይጦቹ
አይጥ	N;PL	አይጦች
አደገ	V.CVB;NOM(2,PL)	አደጋችሁ
አደገ	V.CVB;NOM(FEM;2,SG)	አደገሽ
አደገ	V.CVB;NOM(FEM;3,SG)	አደጋ
አደገ	V.CVB;NOM(MASC;2,SG)	አደገህ
አደገ	V;IMP;NOM(FEM;2,SG)	አደጊ
አደገ	V;IMP;NOM(MASC;3,SG)	አድግ
አደገ	V;IPFV;NFIN;NOM(2,PL)	አደጉ
አደገ	V;IPFV;NFIN;NOM(MASC;3,SG)	አድግ
አደገ	V;IPFV;NOM(1,SG)	አደጋለሁ
አደገ	V;PFV;NOM(2,PL)	አደጋችሁ
አደገ	V;PRF;NOM(1,PL)	አደገናል
አደገ	V;PRF;NOM(2,PL)	አደል
አደገ	V;PRF;NOM(FEM;3,SG)	አደገ
አደገ	V;PRF;NOM(MASC;3,SG)	አድጓል
አጠራጠረ	V.CVB;NOM(MASC;3,SG)	አጠራጥሮ
አጠራጠረ	V.MSDR	አጠራጠር
አጠራጠረ	V;IMP;NOM(MASC;3,SG)	አጠራጠር
አጠራጠረ	V;IPFV;NFIN;NOM(MASC;3,SG)	አጠራጠር
አጠራጠረ	V;IPFV;NOM(MASC;3,SG)	አጠራጠራል
አጠራጠረ	V;PFV;NOM(MASC;3,SG)	አጠራጠረ
አጠራጠረ	V;PRF;NOM(MASC;3,SG)	አጠራጥሯል
አጠበ	V.CVB;NOM(MASC;3,SG)	አጠቦ
አጠበ	V;IMP;NOM(3,PL)	አጠቡ
አጠበ	V;IPFV;NFIN;NOM(1,SG)	አጠብ
አጠበ	V;IPFV;NFIN;NOM(2,PL)	አጠቡ
አጠበ	V;IPFV;NOM(FEM;2,SG)	አጠሽ
አጠበ	V;PFV;NOM(1,PL)	አጠብን
አጠበ	V;PFV;NOM(1,SG)	አጠብኩ
አጠበ	V;PFV;NOM(3,PL)	አጠቡ
አጠበ	V;PFV;NOM(FEM;3,SG)	አጠበች
አጠበ	V;PFV;NOM(MASC;2,SG)	አጠብክ
አጠበ	V;PFV;NOM(MASC;3,SG)	አጠበ
አጠበ	V;PRF;NOM(3,PL)	አጠበዋል
አጠበ	V;PRF;NOM(FEM;2,SG)	አጥበሻል
አጠበ	V;PRF;NOM(FEM;3,SG)	አጠባለች
እስራኤል	N	እስራኤል
እስራኤል	N;DEF;MASC	እስራኤሉ
እስራኤል	N;DEF;PL	እስራኤሎቹ
እስራኤል	N;PL	እስራኤሎች
እጥረት	N	እጥረት
እጥረት	N;DEF;MASC	እጥረቱ
እጥረት	N;DEF;PL	እጥረቶቹ
እጥረት	N;PL	እጥረቶች
ከፈተ	V.CVB;NOM(1,PL)	ከፈተን
ከፈተ	V.CVB;NOM(1,SG)	ከፈቼ
ከፈተ	V.MSDR	ከፈት
ከፈተ	V;IMP;NOM(2,PL)	ከፈቱ
ከፈተ	V;IMP;NOM(FEM;3,SG)	ከፈተ
ከፈተ	V;IPFV;NFIN;NOM(1,SG)	ከፈት
ከፈተ	V;IPFV;NFIN;NOM(MASC;3,SG)	ከፈት
ከፈተ	V;IPFV;NOM(1,PL)	ከፈታለን
ከፈተ	V;IPFV;NOM(2,PL)	ከፈሁ
ከፈተ	V;IPFV;NOM(3,PL)	ከፈታሉ
ከፈተ	V;IPFV;NOM(FEM;2,SG)	ከፈቻለሽ
ከፈተ	V;PFV;NOM(1,PL)	ከፈትን
ከፈተ	V;PRF;NOM(1,SG)	ከፈቻለሁ
ከፈተ	V;PRF;NOM(FEM;2,SG)	ከፈተሻል
ክበብ	N	ክበብ
ክበብ	N;DEF;MASC	ክበቡ
ክበብ	N;DEF;PL	ክበቦቹ
ክበብ	N;PL	ክበቦች
ክንፍ	N	ክንፍ
ክንፍ	N;DEF;MASC	ክንፉ
ክንፍ	N;PL;PSS(1,PL)	ክንፎቻችን
ክንፍ	N;PL;PSS(2,PL)	ክንፎቻችሁ
ክንፍ	N;PL;PSS(2,SG,FEM)	ክንፎችሽ
ክንፍ	N;PL;PSS(2,SG,FORM)	ክንፎችዎ
ክንፍ	N;PL;PSS(2,SG,MASC)	ክንፎችህ
ክንፍ	N;PL;PSS(3,SG,MASC)	ክንፎቹ
ክንፍ	N;PSS(1,PL)	ክንፋችን
ክንፍ	N;PSS(1,SG)	ክንፌ
ክንፍ	N;PSS(2,PL)	ክንፋችሁ
ክንፍ	N;PSS(2,SG,FEM)	ክንፍሽ
ክንፍ	N;PSS(3,PL)	ክንፋቸው
ክንፍ	N;PSS(3,SG,MASC)	ክንፉ
ወረረ	V.CVB;NOM(FEM;2,SG)	ወረረሽ
ወረረ	V.CVB;NOM(FEM;3,SG)	ወረራ
ወረረ	V.CVB;NOM(MASC;2,SG)	ወረረህ
ወረረ	V.CVB;NOM(MASC;3,SG)	ወሮ
ወረረ	V.MSDR	ወረር
ወረረ	V;IPFV;NFIN;NOM(2,PL)	ወረሩ
ወረረ	V;IPFV;NFIN;NOM(3,PL)	ወረሩ
ወረረ	V;IPFV;NFIN;NOM(FEM;2,SG)	ወረሪ
ወረረ	V;IPFV;NFIN;NOM(FEM;3,SG)	ወረር
ወረረ	V;IPFV;NFIN;NOM(MASC;3,SG)	ወረር
ወረረ	V;PFV;NOM(1,PL)	ወረርን
ወረረ	V;PFV;NOM(2,PL)	ወረራችሁ
ወረረ	V;PFV;NOM(MASC;2,SG)	ወረርክ
ወረረ	V;PRF;NOM(MASC;3,SG)	ወረሯል
ወደቀ	V.CVB;NOM(1,SG)	ወደቄ
ወደቀ	V.CVB;NOM(3,PL)	ወደቀው
ወደቀ	V;IMP;NOM(MASC;3,SG)	ወደቅ
ወደቀ	V;IPFV;NFIN;NOM(1,PL)	ወደቅ
ወደቀ	V;IPFV;NFIN;NOM(FEM;3,SG)	ወደቅ
ወደቀ	V;IPFV;NOM(1,PL)	ወደቃለን
ወደቀ	V;IPFV;NOM(2,PL)	ወደችሁ
ወደቀ	V;IPFV;NOM(FEM;3,SG)	ወደቃለች
ወደቀ	V;IPFV;NOM(MASC;2,SG)	ወደቃለህ
ወደቀ	V;PFV;NOM(2,PL)	ወደቃችሁ
ወደቀ	V;PFV;NOM(MASC;2,SG)	ወደቅህ
ወደቀ	V;PRF;NOM(FEM;3,SG)	ወደቃለች
ወደቀ	V;PRF;NOM(MASC;2,SG)	ወደቀሀል
ዕውቀት	N	ዕውቀት
ዕውቀት	N;DEF;MASC	ዕውቀቱ
ዕውቀት	N;PL	ዕውቀቶች
ዕውቀት	N;PL;PSS(1,PL)	ዕውቀቶቻችን
ዕውቀት	N;PL;PSS(1,SG)	ዕውቀቶቼ
ዕውቀት	N;PL;PSS(2,PL)	ዕውቀቶቻችሁ
ዕውቀት	N;PL;PSS(2,SG,MASC)	ዕውቀቶችህ
ዕውቀት	N;PL;PSS(3,PL)	ዕውቀቶቻቸው
ዕውቀት	N;PSS(1,PL)	ዕውቀታችን
ዕውቀት	N;PSS(2,PL)	ዕውቀታችሁ
ዕውቀት	N;PSS(2,SG,FEM)	ዕውቀትሽ
ዕውቀት	N;PSS(2,SG,FORM)	ዕውቀትዎ
ዕውቀት	N;PSS(2,SG,MASC)	ዕውቀትህ
ዕውቀት	N;PSS(3,SG,MASC)	ዕውቀቱ
ዕጣን	N	ዕጣን
ዕጣን	N;DEF;MASC	ዕጣኑ
ዘመተ	V.CVB;NOM(FEM;2,SG)	ዘምተሽ
ዘመተ	V.CVB;NOM(MASC;3,SG)	ዘምቶ
ዘመተ	V;IMP;NOM(3,PL)	ዘምቱ
ዘመተ	V;IMP;NOM(FEM;3,SG)	ዘመተ
ዘመተ	V;IPFV;NFIN;NOM(1,PL)	ዘምት
ዘመተ	V;IPFV;NFIN;NOM(1,SG)	ዘምት
ዘመተ	V;IPFV;NFIN;NOM(3,PL)	ዘመቱ
ዘመተ	V;IPFV;NFIN;NOM(FEM;2,SG)	ዘመቺ
ዘመተ	V;IPFV;NFIN;NOM(FEM;3,SG)	ዘምት
ዘመተ	V;IPFV;NFIN;NOM(MASC;3,SG)	ዘመት
ዘመተ	V;IPFV;NOM(MASC;2,SG)	ዘመታለህ
ዘመተ	V;PFV;NOM(1,SG)	ዘመትኩ
ዘመተ	V;PRF;NOM(2,PL)	ዘመል
ዘመተ	V;PRF;NOM(FEM;3,SG)	ዘመ
ዘመን	N;DEF;FEM	ዘመኗ
ዘመን	N;DEF;MASC	ዘመኑ
ዘመን	N;PL;LGSPEC1;PSS(1,PL)	ዘመኖቻችን
ዘመን	N;PL;LGSPEC1;PSS(3,PL)	ዘመኖቻቸው
ዘመን	N;PL;LGSPEC1;PSS(3,SG,FEM)	ዘመኖቿ
ዘመን	N;PL;PSS(1,PL)	ዘመኖቻችን
ዘመን	N;PL;PSS(1,SG)	ዘመኖቼ
ዘመን	N;PL;PSS(2,PL)	ዘመኖቻችሁ
ዘመን	N;PL;PSS(2,SG,FEM)	ዘመኖችሽ
ዘመን	N;PL;PSS(3,SG,FEM)	ዘመኖቿ
ዘመን	N;PL;PSS(3,SG,MASC)	ዘመኖቹ
ዘመን	N;PSS(1,SG)	ዘመኔ
ዞረ	V.CVB;NOM(1,SG)	ዞሬ
ዞረ	V.CVB;NOM(2,PL)	ዞራችሁ
ዞረ	V.CVB;NOM(MASC;3,SG)	ዞሮ
ዞረ	V.MSDR	ዞር
ዞረ	V;IMP;NOM(FEM;2,SG)	ዞሪ
ዞረ	V;IMP;NOM(MASC;3,SG)	ዞር
ዞረ	V;IPFV;NFIN;NOM(2,PL)	ዞሩ
ዞረ	V;IPFV;NFIN;NOM(FEM;2,SG)	ዞሪ
ዞረ	V;PFV;NOM(1,SG)	ዞርኩ
ዞረ	V;PFV;NOM(3,PL)	ዞሩ
ዞረ	V;PFV;NOM(MASC;2,SG)	ዞርክ
ዞረ	V;PRF;NOM(FEM;2,SG)	ዞረሻል
ዞረ	V;PRF;NOM(MASC;2,SG)	ዞረሀል
ዞረ	V;PRF;NOM(MASC;3,SG)	ዞሯል
ደመደመ	V.CVB;NOM(1,PL)	ደመደመን
ደመደመ	V.CVB;NOM(1,SG)	ደመድሜ
ደመደመ	V.CVB;NOM(FEM;2,SG)	ደመድመሽ
ደመደመ	V;IMP;NOM(1,PL)	ደመንውደም
ደመደመ	V;IMP;NOM(1,SG)	ደመደም
ደመደመ	V;IMP;NOM(FEM;3,SG)	ደመደም
ደመደመ	V;IMP;NOM(MASC;3,SG)	ደመደም
ደመደመ	V;IPFV;NFIN;NOM(2,PL)	ደመደሙ
ደመደመ	V;IPFV;NOM(1,PL)	ደመደማለን
ደመደመ	V;IPFV;NOM(FEM;3,SG)	ደመድማለች
ደመደመ	V;PFV;NOM(FEM;2,SG)	ደመደምሽ
ደመደመ	V;PFV;NOM(MASC;2,SG)	ደመደምክ
ደመደመ	V;PRF;NOM(2,PL)	ደመደማችኋል
ደኅንነት	N;DEF;MASC	ደኅንነቱ
ደኅንነት	N;DEF;PL	ደኅንነቶቹ
ደኅንነት	N;PL;PSS(2,PL)	ደኅንነቶቻችሁ
ደኅንነት	N;PL;PSS(2,SG,FEM)	ደኅንነቶችሽ
ደኅንነት	N;PL;PSS(2,SG,MASC)	ደኅንነቶችህ
ደኅንነት	N;PL;PSS(3,PL)	ደኅንነቶቻቸው
ደኅንነት	N;PL;PSS(3,SG,FEM)	ደኅንነቶቿ
ደኅንነት	N;PL;PSS(3,SG,MASC)	ደኅንነቶቹ
ደኅንነት	N;PSS(1,PL)	ደኅንነታችን
ደኅንነት	N;PSS(1,SG)	ደኅንነቴ
ደኅንነት	N;PSS(2,SG,FEM)	ደኅንነትሽ
ደኅንነት	N;PSS(3,PL)	ደኅንነታቸው
ደኅንነት	N;PSS(3,SG,FEM)	ደኅንነቷ
ደኅንነት	N;PSS(3,SG,MASC)	ደኅንነቱ
ዳር	N	ዳር
ዳር	N;DEF;MASC	ዳሩ
ዳር	N;PSS(1,PL)	ዳራችን
ዳር	N;PSS(1,SG)	ዳሬ
ዳር	N;PSS(2,PL)	ዳራችሁ
ዳር	N;PSS(2,SG,FEM)	ዳርሽ
ዳር	N;PSS(2,SG,FORM)	ዳርዎ
ዳር	N;PSS(2,SG,MASC)	ዳርህ
ዳር	N;PSS(3,PL)	ዳራቸው
ዳር	N;PSS(3,SG,FEM)	ዳሯ
ዳር	N;PSS(3,SG,MASC)	ዳሩ
ድርጅት	N;DEF;MASC	ድርጅቱ
ድርጅት	N;DEF;PL	ድርጅቶቹ
ድርጅት	N;PL	ድርጅቶች
ድርጅት	N;PL;PSS(1,PL)	ድርጅቶቻችን
ድርጅት	N;PL;PSS(1,SG)	ድርጅቶቼ
ድርጅት	N;PL;PSS(2,PL)	ድርጅቶቻችሁ
ድርጅት	N;PL;PSS(2,SG,FEM)	ድርጅቶችሽ
ድርጅት	N;PL;PSS(2,SG,FORM)	ድርጅቶችዎ
ድርጅት	N;PL;PSS(3,PL)	ድርጅቶቻቸው
ድርጅት	N;PSS(2,PL)	ድርጅታችሁ
ድርጅት	N;PSS(2,SG,FEM)	ድርጅትሽ
ድርጅት	N;PSS(3,PL)	ድርጅታቸው
ድርጅት	N;PSS(3,SG,FEM)	ድርጅቷ
ድርጅት	N;PSS(3,SG,MASC)	ድርጅቱ
ድፍረት	N	ድፍረት
ድፍረት	N;DEF;MASC	ድፍረቱ
ዶክተር	N	ዶክተር
ዶክተር	N;DEF;MASC	ዶክተሩ
ዶክተር	N;DEF;PL	ዶክተሮቹ
ዶክተር	N;PL	ዶክተሮች
ጀግንነት	N	ጀግንነት
ጀግንነት	N;DEF;MASC	ጀግንነቱ
ጀግንነት	N;PSS(1,PL)	ጀግንነታችን
ጀግንነት	N;PSS(1,SG)	ጀግንነቴ
ጀግንነት	N;PSS(2,PL)	ጀግንነታችሁ
ጀግንነት	N;PSS(2,SG,FEM)	ጀግንነትሽ
ጀግንነት	N;PSS(2,SG,FORM)	ጀግንነትዎ
ጀግንነት	N;PSS(2,SG,MASC)	ጀግንነትህ
ጀግንነት	N;PSS(3,PL)	ጀግንነታቸው
ጀግንነት	N;PSS(3,SG,FEM)	ጀግንነቷ
ጀግንነት	N;PSS(3,SG,MASC)	ጀግንነቱ
ገዳም	N	ገዳም
ገዳም	N;DEF;MASC	ገዳሙ
ገዳም	N;DEF;PL	ገዳሞቹ
ገዳም	N;PL	ገዳሞች
ግሩም	ADJ	ግሩም
ግሩም	ADJ;DEF;FEM	ግሩሟ
ግሩም	ADJ;DEF;MASC	ግሩሙ
ግብ	N	ግብ
ግብ	N;DEF;MASC	ግቡ
ግብ	N;DEF;PL	ግቦቹ
ግብ	N;PL;PSS(1,PL)	ግቦቻችን
ግብ	N;PL;PSS(2,SG,FEM)	ግቦችሽ
ግብ	N;PL;PSS(2,SG,MASC)	ግቦችህ
ግብ	N;PL;PSS(3,PL)	ግቦቻቸው
ግብ	N;PSS(1,PL)	ግባችን
ግብ	N;PSS(1,SG)	ግቤ
ግብ	N;PSS(2,PL)	ግባችሁ
ግብ	N;PSS(2,SG,FEM)	ግብሽ
ግብ	N;PSS(2,SG,FORM)	ግብዎ
ግብ	N;PSS(2,SG,MASC)	ግብህ
ግብ	N;PSS(3,SG,MASC)	ግቡ
ግብር	N;DEF;MASC	ግብሩ
ግብር	N;DEF;PL	ግብሮቹ
ግብር	N;PL;PSS(1,SG)	ግብሮቼ
ግብር	N;PL;PSS(2,PL)	ግብሮቻችሁ
ግብር	N;PL;PSS(2,SG,MASC)	ግብሮችህ
ግብር	N;PL;PSS(3,SG,FEM)	ግብሮቿ
ግብር	N;PL;PSS(3,SG,MASC)	ግብሮቹ
ግብር	N;PSS(1,PL)	ግብራችን
ግብር	N;PSS(2,PL)	ግብራችሁ
ግብር	N;PSS(2,SG,FEM)	ግብርሽ
ግብር	N;PSS(2,SG,FORM)	ግብርዎ
ግብር	N;PSS(2,SG,MASC)	ግብርህ
ግብር	N;PSS(3,SG,FEM)	ግብሯ
ግብር	N;PSS(3,SG,MASC)	ግብሩ
ጠላት	N	ጠላት
ጠላት	N;DEF;FEM	ጠላቷ
ጠላት	N;DEF;MASC	ጠላቱ
ጠላት	N;DEF;PL	ጠላቶቹ
ጠላት	N;PL	ጠላቶች
ጠላት	N;PL;PSS(1,PL)	ጠላቶቻችን
ጠላት	N;PL;PSS(2,SG,FORM)	ጠላቶችዎ
ጠላት	N;PL;PSS(2,SG,MASC)	ጠላቶችህ
ጠላት	N;PL;PSS(3,SG,FEM)	ጠላቶቿ
ጠላት	N;PSS(1,PL)	ጠላታችን
ጠላት	N;PSS(1,SG)	ጠላቴ
ጠላት	N;PSS(2,SG,FEM)	ጠላትሽ
ጠላት	N;PSS(2,SG,FORM)	ጠላትዎ
ጠላት	N;PSS(3,SG,MASC)	ጠላቱ
ጠቆመ	V.CVB;NOM(MASC;2,SG)	ጠቆመህ
ጠቆመ	V.CVB;NOM(MASC;3,SG)	ጠቆሞ
ጠቆመ	V;IMP;NOM(1,PL)	ጠቆም
ጠቆመ	V;IMP;NOM(3,PL)	ጠቁሙ
ጠቆመ	V;IPFV;NFIN;NOM(1,SG)	ጠቆም
ጠቆመ	V;IPFV;NFIN;NOM(MASC;3,SG)	ጠቆም
ጠቆመ	V;IPFV;NOM(1,PL)	ጠቆማለን
ጠቆመ	V;IPFV;NOM(1,SG)	ጠቆማለሁ
ጠቆመ	V;IPFV;NOM(3,PL)	ጠቆማሉ
ጠቆመ	V;IPFV;NOM(MASC;3,SG)	ጠቆማል
ጠቆመ	V;PFV;NOM(1,PL)	ጠቆምን
ጠቆመ	V;PFV;NOM(1,SG)	ጠቆምኩ
ጠቆመ	V;PRF;NOM(3,PL)	ጠቆመዋል
ጠቆመ	V;PRF;NOM(FEM;3,SG)	ጠቆማለች
ጣሰ	V.CVB;NOM(FEM;2,SG)	ጣሰሽ
ጣሰ	V.CVB;NOM(MASC;2,SG)	ጣሰህ
ጣሰ	V;IMP;NOM(MASC;2,SG)	ጣስ
ጣሰ	V;IMP;NOM(MASC;3,SG)	ጣስ
ጣሰ	V;IPFV;NFIN;NOM(1,PL)	ጣስ
ጣሰ	V;IPFV;NFIN;NOM(3,PL)	ጣሱ
ጣሰ	V;IPFV;NFIN;NOM(MASC;2,SG)	ጣስ
ጣሰ	V;IPFV;NOM(1,PL)	ጣለን
ጣሰ	V;IPFV;NOM(3,PL)	ጣሳሉ
ጣሰ	V;IPFV;NOM(FEM;2,SG)	ጣሻለሽ
ጣሰ	V;IPFV;NOM(MASC;3,SG)	ጣሳል
ጣሰ	V;PFV;NOM(MASC;3,SG)	ጣሰ
ጣሰ	V;PRF;NOM(1,PL)	ጣሰናል
ጣፋጭ	ADJ	ጣፋጭ
ጣፋጭ	ADJ;DEF;FEM	ጣፋጯ
ጣፋጭ	ADJ;DEF;MASC	ጣፋጩ
ጣፋጭ	ADJ;DEF;PL	ጣፋጮቹ
ጣፋጭ	ADJ;PL	ጣፋጮች
ጥቅስ	N	ጥቅስ
ጥቅስ	N;DEF;MASC	ጥቅሱ
ጥቅስ	N;DEF;PL	ጥቅሶቹ
ጥቅስ	N;PL	ጥቅሶች
ጥብቅ	ADJ	ጥብቅ
ጥብቅ	ADJ;DEF;FEM	ጥብቋ
ጥብቅ	ADJ;DEF;MASC	ጥብቁ
ጥብቅ	ADJ;DEF;PL	ጥብቆቹ
ጥብቅ	ADJ;PL	ጥብቆች
ጭንቀት	N	ጭንቀት
ጭንቀት	N;DEF;MASC	ጭንቀቱ
ጭንቀት	N;PSS(1,PL)	ጭንቀታችን
ጭንቀት	N;PSS(1,SG)	ጭንቀቴ
ጭንቀት	N;PSS(2,PL)	ጭንቀታችሁ
ጭንቀት	N;PSS(2,SG,FEM)	ጭንቀትሽ
ጭንቀት	N;PSS(2,SG,FORM)	ጭንቀትዎ
ጭንቀት	N;PSS(2,SG,MASC)	ጭንቀትህ
ጭንቀት	N;PSS(3,PL)	ጭንቀታቸው
ጭንቀት	N;PSS(3,SG,FEM)	ጭንቀቷ
ጭንቀት	N;PSS(3,SG,MASC)	ጭንቀቱ
ጸደቀ	V.CVB;NOM(MASC;3,SG)	ፅድቆ
ጸደቀ	V.MSDR	ጽደቅ
ጸደቀ	V;IMP;NOM(MASC;3,SG)	ጸደቅ
ጸደቀ	V;IPFV;NFIN;NOM(MASC;3,SG)	ጸደቅ
ጸደቀ	V;IPFV;NOM(MASC;3,SG)	ጸድቃል
ጸደቀ	V;PFV;NOM(MASC;3,SG)	ፀደቀ
ጸደቀ	V;PRF;NOM(MASC;3,SG)	ፅድቋል
ፕላኔት	N	ፕላኔት
ፕላኔት	N;DEF;FEM	ፕላኔቷ
ፕላኔት	N;DEF;MASC	ፕላኔቱ
ፕላኔት	N;DEF;PL	ፕላኔቶቹ
ፕሬስ	N	ፕሬስ
ፕሬስ	N;DEF;MASC	ፕሬሱ
ፕሬስ	N;DEF;PL	ፕሬሶቹ
ፕሬስ	N;PL	ፕሬሶች
