абвінаваціць	V;FUT;NOM(1,PL)	абвінавацім
абвінаваціць	V;FUT;NOM(1,SG)	абвінавачу
абвінаваціць	V;FUT;NOM(2,PL)	абвінаваці́ць
абвінаваціць	V;FUT;NOM(2,SG)	абвінаваці́ць
абвінаваціць	V;FUT;NOM(3,PL)	абвінаваці́ць
абвінаваціць	V;FUT;NOM(3,SG)	абвінаваці́ць
абвінаваціць	V;IMP;NOM(2,PL)	абвінаваціце
абвінаваціць	V;IMP;NOM(2,SG)	абвінаваці
абвінаваціць	V;PST;NOM(PL)	абвінавацілі
абвінаваціць	V;PST;NOM(SG,FEM)	абвінаваціла
абцугі	N;ACC(SG)	абцугі
абцугі	N;DAT(SG)	абцугям
абцугі	N;ESS(SG)	абцугях
абцугі	N;GEN(SG)	абцугеры
абцугі	N;INS(SG)	абцугямі
абцугі	N;NOM(SG)	абцугі
аптэкарка	N;ACC(PL)	аптэкарак
аптэкарка	N;DAT(PL)	аптэкаркам
аптэкарка	N;DAT(SG)	аптэкарцы
аптэкарка	N;ESS(PL)	аптэкарках
аптэкарка	N;ESS(SG)	аптэкарцы
аптэкарка	N;GEN(PL)	аптэкарак
аптэкарка	N;INS(PL)	аптэкаркамі
аптэкарка	N;INS(SG)	аптэкаркай
аптэкарка	N;NOM(PL)	аптэкаркі
аптэкарка	N;NOM(SG)	аптэкарка
аўстрыец	N;ACC(PL)	аўстрыцаў
аўстрыец	N;ACC(SG)	аўстрыца
аўстрыец	N;DAT(PL)	аўстрыцам
аўстрыец	N;DAT(SG)	аўстрыцу
аўстрыец	N;ESS(PL)	аўстрыцах
аўстрыец	N;ESS(SG)	аўстрыцу
аўстрыец	N;GEN(PL)	аўстрыцаў
аўстрыец	N;GEN(SG)	аўстрыца
аўстрыец	N;INS(PL)	аўстрыцамі
аўстрыец	N;INS(SG)	аўстрыцам
аўстрыец	N;NOM(SG)	аўстрыец
аўтобус	N;ACC(SG)	аўтобуса
аўтобус	N;DAT(PL)	аўтобусам
аўтобус	N;DAT(SG)	аўтобусу
аўтобус	N;ESS(PL)	аўтобусах
аўтобус	N;ESS(SG)	аўтобусе
аўтобус	N;GEN(PL)	аўтобусаў
аўтобус	N;GEN(SG)	аўтобуса
аўтобус	N;INS(PL)	аўтобусамі
аўтобус	N;INS(SG)	аўтобусам
аўтобус	N;NOM(SG)	аўтобус
аўторак	N;DAT(PL)	аўторакам
аўторак	N;DAT(SG)	аўтораку
аўторак	N;ESS(PL)	аўтораках
аўторак	N;ESS(SG)	аўтораку
аўторак	N;GEN(PL)	аўторакоў
аўторак	N;GEN(SG)	аўторака
аўторак	N;INS(PL)	аўторакамі
аўторак	N;INS(SG)	аўтораком
аўторак	N;NOM(PL)	аўторакі
аўторак	N;NOM(SG)	аўторак
барада	N;ACC(SG)	бараду
барада	N;DAT(PL)	барадам
барада	N;DAT(SG)	барадзе
барада	N;ESS(PL)	барадах
барада	N;ESS(SG)	барадзе
барада	N;GEN(PL)	барад
барада	N;GEN(SG)	барады
барада	N;INS(PL)	барадамі
барада	N;INS(SG)	барадай
барада	N;NOM(PL)	барады
барада	N;NOM(SG)	барада
бельгіец	N;ACC(PL)	бельгійцаў
бельгіец	N;ACC(SG)	бельгійца
бельгіец	N;DAT(PL)	бельгійцам
бельгіец	N;DAT(SG)	бельгійцу
бельгіец	N;ESS(SG)	бельгійцу
бельгіец	N;GEN(PL)	бельгійцаў
бельгіец	N;GEN(SG)	бельгійца
бельгіец	N;INS(PL)	бельгійцамі
бельгіец	N;INS(SG)	бельгійцам
бельгіец	N;NOM(PL)	бельгійцы
бельгіец	N;NOM(SG)	бельгіец
бутэлька	N;ACC(PL)	бутэлькаў
бутэлька	N;ACC(SG)	бутэлька
бутэлька	N;DAT(PL)	бутэлькам
бутэлька	N;DAT(SG)	бутэльку
бутэлька	N;ESS(PL)	бутэльках
бутэлька	N;GEN(PL)	бутэлькаў
бутэлька	N;GEN(SG)	бутэлька
бутэлька	N;INS(SG)	бутэлькам
бутэлька	N;NOM(PL)	бутэлькі
бядро	N;ACC(SG)	бядро
бядро	N;DAT(PL)	бядрам
бядро	N;DAT(SG)	бядру
бядро	N;ESS(PL)	бядрах
бядро	N;ESS(SG)	бядры
бядро	N;GEN(PL)	бядраў
бядро	N;GEN(SG)	бядра
бядро	N;INS(PL)	бядрамі
бядро	N;INS(SG)	бядром
бядро	N;NOM(PL)	бядры
бядро	N;NOM(SG)	бядро
важны	ADJ;ACC(FEM;SG)	важную
важны	ADJ;ACC(INAN;MASC;SG)	важны
важны	ADJ;ACC(INAN;PL)	важныя
важны	ADJ;ACC(NEUT;SG)	важнае
важны	ADJ;DAT(FEM;SG)	важнай
важны	ADJ;DAT(MASC;SG)	важнаму
важны	ADJ;DAT(NEUT;SG)	важнаму
важны	ADJ;ESS(MASC;SG)	важным
важны	ADJ;ESS(NEUT;SG)	важным
важны	ADJ;GEN(PL)	важных
важны	ADJ;NOM(FEM;SG)	важная
венгр	N;ACC(PL)	венграў
венгр	N;ACC(SG)	венгра
венгр	N;DAT(PL)	венграм
венгр	N;ESS(PL)	венграх
венгр	N;ESS(SG)	венгру
венгр	N;GEN(PL)	венграў
венгр	N;GEN(SG)	венгра
венгр	N;INS(PL)	венграмі
венгр	N;NOM(PL)	венгры
венгр	N;NOM(SG)	венгр
воблака	N;ACC(PL)	воблак
воблака	N;DAT(PL)	воблакам
воблака	N;DAT(SG)	воблаку
воблака	N;ESS(PL)	воблаках
воблака	N;ESS(SG)	воблаку
воблака	N;GEN(PL)	воблак
воблака	N;GEN(SG)	воблакі
воблака	N;INS(SG)	воблакам
воблака	N;NOM(PL)	воблакі
воблака	N;NOM(SG)	воблака
востраў	N;ACC(PL)	востравы
востраў	N;ACC(SG)	востраў
востраў	N;DAT(PL)	востравам
востраў	N;DAT(SG)	востравí
востраў	N;ESS(PL)	востраве
востраў	N;ESS(SG)	востравí
востраў	N;GEN(PL)	востраваў
востраў	N;GEN(SG)	востравí
востраў	N;INS(PL)	востравамі
востраў	N;NOM(PL)	востравы
востраў	N;NOM(SG)	востраў
вулей	N;ACC(PL)	вулёў
вулей	N;ACC(SG)	вуля
вулей	N;DAT(PL)	вулям
вулей	N;DAT(SG)	вулю
вулей	N;ESS(PL)	вулях
вулей	N;ESS(SG)	вулі
вулей	N;GEN(PL)	вулёў
вулей	N;GEN(SG)	вуля
вулей	N;INS(PL)	вулямі
вулей	N;INS(SG)	вулём
вулей	N;NOM(SG)	вулей
вуліца	N;ACC(PL)	вуліцы
вуліца	N;ACC(SG)	вуліцу
вуліца	N;DAT(PL)	вуліцам
вуліца	N;DAT(SG)	вуліцы
вуліца	N;ESS(PL)	вуліцах
вуліца	N;ESS(SG)	вуліцы
вуліца	N;GEN(PL)	вуліц
вуліца	N;GEN(SG)	вуліцы
вуліца	N;INS(PL)	вуліцамі
вуліца	N;INS(SG)	вуліцай
вуліца	N;NOM(PL)	вуліцы
вуха	N;ACC(PL)	вух
вуха	N;DAT(PL)	вухам
вуха	N;DAT(SG)	вусе
вуха	N;ESS(PL)	вухах
вуха	N;ESS(SG)	вусе
вуха	N;GEN(SG)	вухі
вуха	N;INS(PL)	вухай
вуха	N;INS(SG)	вухамі
вуха	N;NOM(PL)	вухі
вуха	N;NOM(SG)	вуха
выбары	N;ACC(SG)	выбары
выбары	N;DAT(SG)	выбарам
выбары	N;GEN(SG)	выбараў
выбары	N;INS(SG)	выбарамі
выбары	N;NOM(SG)	выбары
высокі	ADJ;ACC(ANIM;PL)	высокіх
высокі	ADJ;ACC(FEM;SG)	высокую
высокі	ADJ;ACC(NEUT;SG)	высокае
высокі	ADJ;DAT(MASC;SG)	высокаму
высокі	ADJ;DAT(NEUT;SG)	высокаму
высокі	ADJ;DAT(PL)	высокім
высокі	ADJ;ESS(FEM;SG)	высокай
высокі	ADJ;GEN(PL)	высокіх
высокі	ADJ;INS(MASC;SG)	высокім
высокі	ADJ;NOM(NEUT;SG)	высокае
выхавальніца	N;ACC(PL)	выхавальніцы
выхавальніца	N;ACC(SG)	выхавальніцу
выхавальніца	N;DAT(PL)	выхавальніцам
выхавальніца	N;DAT(SG)	выхавальніцы
выхавальніца	N;ESS(PL)	выхавальніцах
выхавальніца	N;GEN(PL)	выхавальніц
выхавальніца	N;GEN(SG)	выхавальніцы
выхавальніца	N;INS(PL)	выхавальніцамі
выхавальніца	N;INS(SG)	выхавальніцай
выхавальніца	N;NOM(PL)	выхавальніцы
выхавальніца	N;NOM(SG)	выхавальніца
вячэраць	V;FUT;NOM(1,SG)	вячэраю
вячэраць	V;FUT;NOM(2,PL)	вячэраеце
вячэраць	V;FUT;NOM(2,SG)	вячэраеш
вячэраць	V;IMP;NOM(2,PL)	вячэрайце
вячэраць	V;IMP;NOM(2,SG)	вячэрай
вячэраць	V;PRS;NOM(2,PL)	вячэраеце
вячэраць	V;PRS;NOM(2,SG)	вячэраеш
вячэраць	V;PRS;NOM(3,PL)	вячэраюць
вячэраць	V;PRS;NOM(3,SG)	вячэярэ
вячэраць	V;PST;NOM(PL)	вячэралі
вячэраць	V;PST;NOM(SG,MASC)	вячэраў
гаварыць	V;FUT;NOM(1,SG)	гавару
гаварыць	V;FUT;NOM(2,SG)	гаварыш
гаварыць	V;FUT;NOM(3,PL)	гавараць
гаварыць	V;FUT;NOM(3,SG)	гаварыць
гаварыць	V;IMP;NOM(2,PL)	гаварце
гаварыць	V;PRS;NOM(1,PL)	гаварым
гаварыць	V;PRS;NOM(1,SG)	гавару
гаварыць	V;PRS;NOM(2,SG)	гаварыш
гаварыць	V;PRS;NOM(3,PL)	гавараць
галодны	ADJ;ACC(INAN;MASC;SG)	галодны
галодны	ADJ;ACC(INAN;PL)	галодныя
галодны	ADJ;DAT(FEM;SG)	галоднай
галодны	ADJ;ESS(MASC;SG)	галодным
галодны	ADJ;ESS(NEUT;SG)	галодным
галодны	ADJ;GEN(MASC;SG)	галоднага
галодны	ADJ;GEN(PL)	галодных
галодны	ADJ;INS(NEUT;SG)	галодным
галодны	ADJ;NOM(MASC;SG)	галодны
галодны	ADJ;NOM(PL)	галодныя
гарэць	V;FUT;NOM(1,PL)	гарым
гарэць	V;FUT;NOM(2,PL)	гарыце
гарэць	V;FUT;NOM(2,SG)	гарыш
гарэць	V;FUT;NOM(3,SG)	гарыць
гарэць	V;IMP;NOM(2,SG)	гары
гарэць	V;PRS;NOM(1,SG)	гарэю
гарэць	V;PRS;NOM(3,PL)	гарэюць
гарэць	V;PRS;NOM(3,SG)	гарэе
гарэць	V;PST;NOM(PL)	гарэлі
гарэць	V;PST;NOM(SG,FEM)	гарэла
горад	N;ACC(PL)	горады
горад	N;ACC(SG)	горад
горад	N;DAT(PL)	горадам
горад	N;DAT(SG)	гораду
горад	N;ESS(SG)	горадзе
горад	N;GEN(PL)	горадаў
горад	N;GEN(SG)	гораду
горад	N;INS(PL)	горадамі
горад	N;INS(SG)	горадам
горад	N;NOM(PL)	горады
горад	N;NOM(SG)	горад
граб	N;ACC(PL)	грабы
граб	N;ACC(SG)	граб
граб	N;DAT(PL)	грабам
граб	N;DAT(SG)	грабу
граб	N;ESS(SG)	грабе
граб	N;GEN(PL)	грабаў
граб	N;GEN(SG)	граба
граб	N;INS(PL)	грабамі
граб	N;INS(SG)	грабам
граб	N;NOM(PL)	грабы
граб	N;NOM(SG)	граб
грачанка	N;ACC(PL)	грачанак
грачанка	N;ACC(SG)	грачанку
грачанка	N;DAT(SG)	грачанцы
грачанка	N;ESS(PL)	грачанках
грачанка	N;GEN(SG)	грачанкі
грачанка	N;INS(PL)	грачанкамі
грачанка	N;INS(SG)	грачанкай
грачанка	N;NOM(PL)	грачанкі
грачанка	N;NOM(SG)	грачанка
грыва	N;ACC(PL)	грывы
грыва	N;ACC(SG)	грыву
грыва	N;DAT(PL)	грывам
грыва	N;ESS(PL)	грывах
грыва	N;ESS(SG)	грыве
грыва	N;GEN(PL)	грыў
грыва	N;GEN(SG)	грывы
грыва	N;INS(PL)	грывамі
грыва	N;INS(SG)	грывам
грыва	N;NOM(PL)	грывы
грыва	N;NOM(SG)	грыва
грэк	N;ACC(PL)	грэкі
грэк	N;ACC(SG)	грэк
грэк	N;DAT(PL)	грэкам
грэк	N;DAT(SG)	грэку
грэк	N;ESS(PL)	грэках
грэк	N;ESS(SG)	грэку
грэк	N;GEN(PL)	грэкаў
грэк	N;GEN(SG)	грэка
грэк	N;INS(PL)	грэкамі
грэк	N;INS(SG)	грэкам
грэк	N;NOM(SG)	грэк
далонь	N;ACC(PL)	далоней
далонь	N;ACC(SG)	далонь
далонь	N;DAT(PL)	далоням
далонь	N;DAT(SG)	даланю
далонь	N;ESS(SG)	далані
далонь	N;GEN(PL)	далоней
далонь	N;GEN(SG)	даланя
далонь	N;INS(PL)	далоньмі
далонь	N;INS(SG)	даланём
далонь	N;NOM(PL)	далоні
далонь	N;NOM(SG)	далонь
дарыць	V;FUT;NOM(2,PL)	дорышце
дарыць	V;FUT;NOM(2,SG)	дарыш
дарыць	V;FUT;NOM(3,PL)	дараць
дарыць	V;FUT;NOM(3,SG)	дарыць
дарыць	V;IMP;NOM(2,PL)	дарце
дарыць	V;IMP;NOM(2,SG)	дар
дарыць	V;PRS;NOM(1,PL)	дарым
дарыць	V;PRS;NOM(2,PL)	дарыце
дарыць	V;PRS;NOM(3,PL)	дараць
дарыць	V;PRS;NOM(3,SG)	дарыць
дарыць	V;PST;NOM(PL)	дарылі
даставаць	V;FUT;NOM(1,PL)	дастава́ць
даставаць	V;FUT;NOM(1,SG)	дастава́ць
даставаць	V;FUT;NOM(2,SG)	дастава́ць
даставаць	V;IMP;NOM(2,SG)	даставай
даставаць	V;PRS;NOM(1,SG)	дастаю
даставаць	V;PRS;NOM(2,PL)	дастаяце
даставаць	V;PRS;NOM(2,SG)	дастаеш
даставаць	V;PRS;NOM(3,PL)	дастаюць
даставаць	V;PRS;NOM(3,SG)	дастае
даставаць	V;PST;NOM(SG,NEUT)	даставала
дастаць	V;FUT;NOM(1,PL)	дастанем
дастаць	V;FUT;NOM(1,SG)	дастану
дастаць	V;FUT;NOM(2,SG)	дастанеш
дастаць	V;FUT;NOM(3,PL)	дастануць
дастаць	V;FUT;NOM(3,SG)	дастане
дастаць	V;IMP;NOM(2,PL)	дастаньце
дастаць	V;IMP;NOM(2,SG)	дастань
дастаць	V;PST;NOM(PL)	дасталі
дастаць	V;PST;NOM(SG,FEM)	дастала
дастаць	V;PST;NOM(SG,MASC)	дастаў
дастаць	V;PST;NOM(SG,NEUT)	дастала
дасягнуць	V;FUT;NOM(1,PL)	дасягнем
дасягнуць	V;FUT;NOM(1,SG)	дасягну
дасягнуць	V;FUT;NOM(2,PL)	дасягнеце
дасягнуць	V;FUT;NOM(2,SG)	дасягнеш
дасягнуць	V;FUT;NOM(3,PL)	дасягнуць
дасягнуць	V;IMP;NOM(2,PL)	дасягніце
дасягнуць	V;IMP;NOM(2,SG)	дасягні
дасягнуць	V;PST;NOM(PL)	дасягнулі
дасягнуць	V;PST;NOM(SG,MASC)	дасягнуў
дасягнуць	V;PST;NOM(SG,NEUT)	дасягнула
дзевятнаццаты	ADJ;ACC(ANIM;MASC;SG)	дзевятнаццатага
дзевятнаццаты	ADJ;ACC(FEM;SG)	дзевятнаццатую
дзевятнаццаты	ADJ;ACC(INAN;MASC;SG)	дзевятнаццаты
дзевятнаццаты	ADJ;DAT(PL)	дзевятнаццатым
дзевятнаццаты	ADJ;GEN(MASC;SG)	дзевятнаццатага
дзевятнаццаты	ADJ;GEN(PL)	дзевятнаццатых
дзевятнаццаты	ADJ;INS(FEM;SG)	дзевятнаццатаю
дзевятнаццаты	ADJ;INS(MASC;SG)	дзевятнаццатым
дзевятнаццаты	ADJ;INS(PL)	дзевятнаццатымі
дзень	N;ACC(PL)	дзені
дзень	N;ACC(SG)	дзень
дзень	N;ESS(PL)	дзенях
дзень	N;ESS(SG)	дні
дзень	N;GEN(PL)	дзеняў
дзень	N;GEN(SG)	дня
дзень	N;INS(PL)	дзенямі
дзень	N;INS(SG)	днем
дзень	N;NOM(PL)	дзені
дзень	N;NOM(SG)	дзень
забываць	V;FUT;NOM(1,PL)	забыва́ць
забываць	V;FUT;NOM(2,SG)	забыва́ць
забываць	V;FUT;NOM(3,PL)	забыва́ць
забываць	V;FUT;NOM(3,SG)	забыва́ць
забываць	V;IMP;NOM(2,SG)	забывай
забываць	V;PRS;NOM(1,PL)	забываем
забываць	V;PRS;NOM(1,SG)	забываю
забываць	V;PST;NOM(PL)	забывалі
забываць	V;PST;NOM(SG,FEM)	забывала
забываць	V;PST;NOM(SG,MASC)	забываў
забіваць	V;FUT;NOM(2,SG)	забіва́ць
забіваць	V;FUT;NOM(3,SG)	забіва́ць
забіваць	V;IMP;NOM(2,SG)	забівай
забіваць	V;PRS;NOM(1,PL)	забіваем
забіваць	V;PRS;NOM(2,PL)	забіваеце
забіваць	V;PRS;NOM(2,SG)	забіваеш
забіваць	V;PRS;NOM(3,PL)	забіваюць
забіваць	V;PRS;NOM(3,SG)	забівае
забіваць	V;PST;NOM(PL)	забівалі
забіваць	V;PST;NOM(SG,NEUT)	забівала
захад	N;ACC(SG)	захад
захад	N;DAT(SG)	захаду
захад	N;ESS(SG)	захадзе
захад	N;GEN(SG)	захаду
захад	N;INS(SG)	захадам
захад	N;NOM(SG)	захад
зачыніць	V;FUT;NOM(1,PL)	зачынім
зачыніць	V;FUT;NOM(2,PL)	зачыніце
зачыніць	V;FUT;NOM(3,PL)	зачыняць
зачыніць	V;FUT;NOM(3,SG)	зачыніць
зачыніць	V;IMP;NOM(2,PL)	зачыніце
зачыніць	V;IMP;NOM(2,SG)	зачыні
зачыніць	V;PST;NOM(PL)	зачынілі
зачыніць	V;PST;NOM(SG,FEM)	зачыніла
зачыніць	V;PST;NOM(SG,MASC)	зачыніў
зачыніць	V;PST;NOM(SG,NEUT)	зачыніла
змораны	ADJ;ACC(ANIM;MASC;SG)	зморанага
змораны	ADJ;DAT(FEM;SG)	зморанай
змораны	ADJ;DAT(MASC;SG)	зморанаму
змораны	ADJ;DAT(NEUT;SG)	зморанаму
змораны	ADJ;ESS(PL)	змораных
змораны	ADJ;GEN(MASC;SG)	зморанага
змораны	ADJ;GEN(NEUT;SG)	зморанага
змораны	ADJ;GEN(PL)	змораных
змораны	ADJ;NOM(FEM;SG)	змораная
змораны	ADJ;NOM(NEUT;SG)	зморанае
зямля	N;ACC(PL)	зямлят
зямля	N;ACC(SG)	зямлю
зямля	N;DAT(PL)	зямлятах
зямля	N;DAT(SG)	зямляці
зямля	N;ESS(PL)	зямлятах
зямля	N;ESS(SG)	зямляці
зямля	N;GEN(PL)	зямлят
зямля	N;GEN(SG)	зямляці
зямля	N;INS(PL)	зямлятамі
зіма	N;ACC(PL)	зімы
зіма	N;ACC(SG)	зіму
зіма	N;DAT(PL)	зімам
зіма	N;ESS(PL)	зімах
зіма	N;ESS(SG)	зіме
зіма	N;GEN(PL)	зім
зіма	N;INS(PL)	зімамі
зіма	N;INS(SG)	зімай
зіма	N;NOM(PL)	зімы
зіма	N;NOM(SG)	зіма
кароль	N;ACC(PL)	каролёў
кароль	N;ACC(SG)	кароля
кароль	N;DAT(PL)	каролям
кароль	N;DAT(SG)	каролю
кароль	N;ESS(PL)	каролях
кароль	N;ESS(SG)	каролі
кароль	N;GEN(PL)	каролёў
кароль	N;GEN(SG)	кароля
кароль	N;INS(SG)	каролём
кароль	N;NOM(PL)	каролі
кароль	N;NOM(SG)	кароль
ламаць	V;FUT;NOM(1,PL)	ломім
ламаць	V;FUT;NOM(2,PL)	ломіце
ламаць	V;FUT;NOM(3,PL)	ломяць
ламаць	V;IMP;NOM(2,SG)	ламі
ламаць	V;PRS;NOM(1,PL)	ламаем
ламаць	V;PRS;NOM(1,SG)	ламаю
ламаць	V;PRS;NOM(2,PL)	ламаеце
ламаць	V;PRS;NOM(2,SG)	ламаеш
ламаць	V;PRS;NOM(3,PL)	ламаюць
ламаць	V;PST;NOM(SG,NEUT)	ламала
леў	N;ACC(SG)	леў
леў	N;DAT(PL)	левам
леў	N;DAT(SG)	левí
леў	N;GEN(PL)	леваў
леў	N;GEN(SG)	левí
леў	N;INS(PL)	левамі
леў	N;NOM(SG)	леў
лужыцкі	ADJ;ACC(INAN;PL)	лужыцкія
лужыцкі	ADJ;DAT(FEM;SG)	лужыцкай
лужыцкі	ADJ;ESS(PL)	лужыцкіх
лужыцкі	ADJ;GEN(FEM;SG)	лужыцкай
лужыцкі	ADJ;GEN(MASC;SG)	лужыцкага
лужыцкі	ADJ;GEN(PL)	лужыцкіх
лужыцкі	ADJ;INS(FEM;SG)	лужыцкаю
лужыцкі	ADJ;INS(MASC;SG)	лужыцкім
лужыцкі	ADJ;INS(PL)	лужыцкімі
лужыцкі	ADJ;NOM(MASC;SG)	лужыцкі
ліпеньскі	ADJ;ACC(ANIM;MASC;SG)	ліпеньскіяга
ліпеньскі	ADJ;ACC(INAN;PL)	ліпеньскія
ліпеньскі	ADJ;DAT(FEM;SG)	ліпеньскай
ліпеньскі	ADJ;DAT(PL)	ліпеньскім
ліпеньскі	ADJ;ESS(MASC;SG)	ліпеньскім
ліпеньскі	ADJ;GEN(NEUT;SG)	ліпеньскага
ліпеньскі	ADJ;INS(FEM;SG)	ліпеньскаю
ліпеньскі	ADJ;NOM(MASC;SG)	ліпеньскі
месяц	N;ACC(PL)	месйцо́ў
месяц	N;ACC(SG)	месйца
месяц	N;DAT(PL)	месйцам
месяц	N;DAT(SG)	месйцу
месяц	N;ESS(SG)	месйцы
месяц	N;GEN(SG)	месйца
месяц	N;INS(PL)	месйцамі
месяц	N;INS(SG)	месйцам
месяц	N;NOM(PL)	месйцы
месяц	N;NOM(SG)	месяц
молат	N;ACC(PL)	молатаў
молат	N;ACC(SG)	молата
молат	N;DAT(PL)	молатам
молат	N;DAT(SG)	молату
молат	N;ESS(PL)	молатах
молат	N;ESS(SG)	молаце
молат	N;GEN(PL)	молатаў
молат	N;GEN(SG)	молата
молат	N;INS(PL)	молатамі
молат	N;INS(SG)	молатам
молат	N;NOM(PL)	молаты
надвор'е	N;ACC(SG)	надвор'е
надвор'е	N;DAT(SG)	надвор'ю
надвор'е	N;ESS(SG)	надвор'і
надвор'е	N;GEN(SG)	надвор'я
надвор'е	N;INS(SG)	надвор'ем
надвор'е	N;NOM(SG)	надвор'е
немка	N;ACC(PL)	немк
немка	N;ACC(SG)	немку
немка	N;DAT(PL)	немкам
немка	N;DAT(SG)	немцы
немка	N;ESS(PL)	немках
немка	N;ESS(SG)	немцы
немка	N;GEN(SG)	немкі
немка	N;INS(SG)	немкай
немка	N;NOM(PL)	немкі
немка	N;NOM(SG)	немка
нож	N;ACC(PL)	ножоў
нож	N;ACC(SG)	ножа
нож	N;DAT(PL)	ножам
нож	N;DAT(SG)	ножы
нож	N;ESS(PL)	ножах
нож	N;ESS(SG)	нож
нож	N;INS(PL)	ножамі
нож	N;INS(SG)	ножом
нож	N;NOM(PL)	ножы
нож	N;NOM(SG)	нож
нядзеля	N;ACC(PL)	нядзелят
нядзеля	N;ACC(SG)	нядзелю
нядзеля	N;DAT(PL)	нядзелятах
нядзеля	N;DAT(SG)	нядзеляці
нядзеля	N;ESS(SG)	нядзеляці
нядзеля	N;GEN(PL)	нядзелят
нядзеля	N;GEN(SG)	нядзеляці
нядзеля	N;INS(PL)	нядзелятамі
нядзеля	N;INS(SG)	нядзеляй
нядзеля	N;NOM(PL)	нядзеляты
нядзеля	N;NOM(SG)	нядзеля
пакурыць	V;FUT;NOM(1,PL)	пакуры́ць
пакурыць	V;FUT;NOM(2,PL)	пакуры́ць
пакурыць	V;FUT;NOM(2,SG)	пакуры́ць
пакурыць	V;FUT;NOM(3,PL)	пакуры́ць
пакурыць	V;FUT;NOM(3,SG)	пакуры́ць
пакурыць	V;IMP;NOM(2,SG)	пакуры
пакурыць	V;PST;NOM(PL)	пакурылі
пакурыць	V;PST;NOM(SG,FEM)	пакурыла
пакурыць	V;PST;NOM(SG,MASC)	пакурыў
пакурыць	V;PST;NOM(SG,NEUT)	пакурыла
памятаць	V;FUT;NOM(2,PL)	памятанеце
памятаць	V;FUT;NOM(2,SG)	памятанеш
памятаць	V;FUT;NOM(3,SG)	памятане
памятаць	V;PRS;NOM(1,SG)	памятаю
памятаць	V;PRS;NOM(2,PL)	памятаеце
памятаць	V;PRS;NOM(2,SG)	памятаеш
памятаць	V;PRS;NOM(3,PL)	памятаюць
памятаць	V;PRS;NOM(3,SG)	памятае
памятаць	V;PST;NOM(SG,FEM)	памятала
памятаць	V;PST;NOM(SG,NEUT)	памятала
памінаць	V;FUT;NOM(1,PL)	паміна́ць
памінаць	V;FUT;NOM(2,PL)	паміна́ць
памінаць	V;FUT;NOM(2,SG)	паміна́ць
памінаць	V;FUT;NOM(3,SG)	паміе знаць
памінаць	V;IMP;NOM(2,PL)	памінайце
памінаць	V;IMP;NOM(2,SG)	памінай
памінаць	V;PRS;NOM(1,SG)	памінаю
памінаць	V;PRS;NOM(2,PL)	памінаеце
памінаць	V;PRS;NOM(3,PL)	памінаюць
памінаць	V;PRS;NOM(3,SG)	памінае
памінаць	V;PST;NOM(SG,MASC)	памінаў
паражэнне	N;ACC(PL)	паражэнні
паражэнне	N;ACC(SG)	паражэнне
паражэнне	N;DAT(SG)	паражэнню
паражэнне	N;ESS(SG)	паражэнні
паражэнне	N;GEN(PL)	паражэнне
паражэнне	N;GEN(SG)	паражэння
паражэнне	N;INS(PL)	паражэннямі
паражэнне	N;NOM(PL)	паражэння
паражэнне	N;NOM(SG)	паражэнне
паспрачацца	V;FUT;NOM(1,PL)	паспрача́цца
паспрачацца	V;FUT;NOM(1,SG)	паспрача́цца
паспрачацца	V;FUT;NOM(2,PL)	паспрача́цца
паспрачацца	V;FUT;NOM(2,SG)	паспрача́цца
паспрачацца	V;FUT;NOM(3,PL)	паспрача́цца
паспрачацца	V;IMP;NOM(2,PL)	паспрачайцеся
паспрачацца	V;IMP;NOM(2,SG)	паспрачайся
паспрачацца	V;PST;NOM(PL)	паспрачаліся
паспрачацца	V;PST;NOM(SG,FEM)	паспрачалася
паспрачацца	V;PST;NOM(SG,MASC)	паспрачаўся
паспрачацца	V;PST;NOM(SG,NEUT)	паспрачалася
пачысціць	V;FUT;NOM(1,PL)	пачы́сціць
пачысціць	V;FUT;NOM(1,SG)	пачы́сціць
пачысціць	V;FUT;NOM(2,PL)	пачысціце
пачысціць	V;FUT;NOM(2,SG)	пачы́сціць
пачысціць	V;FUT;NOM(3,PL)	пачы́сціць
пачысціць	V;FUT;NOM(3,SG)	пачы́сціць
пачысціць	V;IMP;NOM(2,PL)	пачысціце
пачысціць	V;IMP;NOM(2,SG)	пачысці
пачысціць	V;PST;NOM(PL)	пачысцілі
пачысціць	V;PST;NOM(SG,FEM)	пачысціла
пачысціць	V;PST;NOM(SG,MASC)	пачысціў
печ	N;ACC(PL)	печы
печ	N;ACC(SG)	печ
печ	N;DAT(PL)	печам
печ	N;DAT(SG)	печу
печ	N;ESS(PL)	печах
печ	N;ESS(SG)	печы
печ	N;GEN(SG)	печа
печ	N;INS(PL)	печамі
печ	N;INS(SG)	печчу
печ	N;NOM(PL)	печы
печ	N;NOM(SG)	печ
прадаваць	V;FUT;NOM(1,PL)	прзем дадава́ць
прадаваць	V;FUT;NOM(1,SG)	пру дадава́ць
прадаваць	V;FUT;NOM(3,PL)	пруць дадава́ць
прадаваць	V;FUT;NOM(3,SG)	прзе дадава́ць
прадаваць	V;PRS;NOM(1,PL)	прадаём
прадаваць	V;PRS;NOM(3,PL)	прадаюць
прадаваць	V;PRS;NOM(3,SG)	прадае
прадаваць	V;PST;NOM(SG,FEM)	прадавала
прадаваць	V;PST;NOM(SG,MASC)	прадаваў
прадаваць	V;PST;NOM(SG,NEUT)	прадавала
прамоўца	N;ACC(PL)	прамоўцы
прамоўца	N;DAT(PL)	прамоўцам
прамоўца	N;DAT(SG)	прамоўцы
прамоўца	N;ESS(PL)	прамоўцах
прамоўца	N;ESS(SG)	прамоўцы
прамоўца	N;GEN(PL)	прамоўц
прамоўца	N;GEN(SG)	прамоўцы
прамоўца	N;INS(PL)	прамоўцамі
прамоўца	N;INS(SG)	прамоўцай
прамоўца	N;NOM(PL)	прамоўцы
прамоўца	N;NOM(SG)	прамоўца
прыгожы	ADJ;ACC(ANIM;MASC;SG)	прыгожага
прыгожы	ADJ;ACC(FEM;SG)	прыгожую
прыгожы	ADJ;ACC(INAN;PL)	прыгожыя
прыгожы	ADJ;ESS(FEM;SG)	прыгожай
прыгожы	ADJ;ESS(NEUT;SG)	прыгожым
прыгожы	ADJ;ESS(PL)	прыгожых
прыгожы	ADJ;GEN(FEM;SG)	прыгожай
прыгожы	ADJ;GEN(PL)	прыгожых
прыгожы	ADJ;INS(MASC;SG)	прыгожым
прыгожы	ADJ;INS(NEUT;SG)	прыгожым
прыгожы	ADJ;NOM(FEM;SG)	прыгожая
прыйсці	V;FUT;NOM(1,PL)	прыйдзем
прыйсці	V;FUT;NOM(1,SG)	прыйду
прыйсці	V;FUT;NOM(2,PL)	прыйдзеце
прыйсці	V;FUT;NOM(2,SG)	прыйдзеш
прыйсці	V;FUT;NOM(3,PL)	прыйдуць
прыйсці	V;FUT;NOM(3,SG)	прыйдзе
прыйсці	V;IMP;NOM(2,PL)	прыйдзіце
прыйсці	V;IMP;NOM(2,SG)	прыйдзі
прыйсці	V;PST;NOM(PL)	прыйшалі
прыйсці	V;PST;NOM(SG,FEM)	прыйшала
прыйсці	V;PST;NOM(SG,MASC)	прыйшаў
пякарня	N;ACC(PL)	пякарні
пякарня	N;ACC(SG)	пякарню
пякарня	N;DAT(SG)	пякарні
пякарня	N;ESS(PL)	пякарнях
пякарня	N;ESS(SG)	пякарні
пякарня	N;GEN(PL)	пякарнят
пякарня	N;GEN(SG)	пякарні
пякарня	N;INS(PL)	пякарнямі
пякарня	N;INS(SG)	пякарнёй
пякарня	N;NOM(PL)	пякарні
пякарня	N;NOM(SG)	пякарня
пятнаццаты	ADJ;ACC(FEM;SG)	пятнаццатую
пятнаццаты	ADJ;ACC(INAN;MASC;SG)	пятнаццаты
пятнаццаты	ADJ;ACC(INAN;PL)	пятнаццатыя
пятнаццаты	ADJ;DAT(MASC;SG)	пятнаццатаму
пятнаццаты	ADJ;DAT(NEUT;SG)	пятнаццатаму
пятнаццаты	ADJ;ESS(PL)	пятнаццатых
пятнаццаты	ADJ;GEN(MASC;SG)	пятнаццатага
пятнаццаты	ADJ;INS(FEM;SG)	пятнаццатаю
пятнаццаты	ADJ;INS(PL)	пятнаццатымі
пятнаццаты	ADJ;NOM(NEUT;SG)	пятнаццатае
пячы	V;FUT;NOM(2,PL)	печаце
пячы	V;FUT;NOM(2,SG)	пячэш
пячы	V;FUT;NOM(3,PL)	пякуць
пячы	V;FUT;NOM(3,SG)	пячэ
пячы	V;PRS;NOM(1,PL)	пяам
пячы	V;PRS;NOM(1,SG)	пяу
пячы	V;PRS;NOM(2,PL)	пяе
пячы	V;PRS;NOM(2,SG)	пяаш
пячы	V;PST;NOM(PL)	пяклі
пячы	V;PST;NOM(SG,FEM)	пякла
пячы	V;PST;NOM(SG,NEUT)	пякло
разбіць	V;FUT;NOM(1,PL)	разбудзем біць
разбіць	V;FUT;NOM(1,SG)	разбі́ць
разбіць	V;FUT;NOM(2,SG)	разбі́ць
разбіць	V;FUT;NOM(3,SG)	разбі́ць
разбіць	V;IMP;NOM(2,PL)	разбіце
разбіць	V;IMP;NOM(2,SG)	разбі
разбіць	V;PST;NOM(PL)	разбілі
разбіць	V;PST;NOM(SG,FEM)	разбіла
разбіць	V;PST;NOM(SG,MASC)	разбіў
разбіць	V;PST;NOM(SG,NEUT)	разбіла
разумны	ADJ;ACC(ANIM;MASC;SG)	разумнага
разумны	ADJ;ACC(INAN;MASC;SG)	разумны
разумны	ADJ;ACC(INAN;PL)	разумныя
разумны	ADJ;DAT(NEUT;SG)	разумнаму
разумны	ADJ;ESS(NEUT;SG)	разумным
разумны	ADJ;ESS(PL)	разумных
разумны	ADJ;GEN(FEM;SG)	разумнай
разумны	ADJ;INS(PL)	разумнымі
разумны	ADJ;NOM(FEM;SG)	разумная
разумны	ADJ;NOM(NEUT;SG)	разумнае
разумны	ADJ;NOM(PL)	разумныя
сабраць	V;FUT;NOM(1,PL)	сабудзем браць
сабраць	V;FUT;NOM(1,SG)	сабра́ць
сабраць	V;FUT;NOM(2,PL)	сабудзеце браць
сабраць	V;FUT;NOM(2,SG)	сабра́ць
сабраць	V;FUT;NOM(3,PL)	сабудуць браць
сабраць	V;FUT;NOM(3,SG)	сабудзе браць
сабраць	V;IMP;NOM(2,PL)	сабярыце
сабраць	V;PST;NOM(PL)	сабралі
сабраць	V;PST;NOM(SG,FEM)	сабрала
сабраць	V;PST;NOM(SG,MASC)	сабраў
сабраць	V;PST;NOM(SG,NEUT)	сабрала
серп	N;ACC(PL)	серпаў
серп	N;ACC(SG)	серпа
серп	N;DAT(PL)	серпам
серп	N;DAT(SG)	серпу
серп	N;ESS(PL)	серпах
серп	N;ESS(SG)	серпе
серп	N;GEN(SG)	серпа
серп	N;INS(PL)	серпамі
серп	N;INS(SG)	серпам
серп	N;NOM(PL)	серпы
серп	N;NOM(SG)	серп
слабы	ADJ;ACC(ANIM;MASC;SG)	слабага
слабы	ADJ;ACC(FEM;SG)	слабую
слабы	ADJ;ACC(INAN;MASC;SG)	слабы
слабы	ADJ;ACC(INAN;PL)	слабыя
слабы	ADJ;DAT(FEM;SG)	слабай
слабы	ADJ;DAT(PL)	слабым
слабы	ADJ;ESS(FEM;SG)	слабай
слабы	ADJ;ESS(NEUT;SG)	слабым
слабы	ADJ;INS(FEM;SG)	слабаю
слабы	ADJ;NOM(PL)	слабыя
соль	N;ACC(PL)	солёў
соль	N;ACC(SG)	соля
соль	N;DAT(PL)	солям
соль	N;DAT(SG)	солю
соль	N;ESS(PL)	солях
соль	N;ESS(SG)	солі
соль	N;GEN(PL)	солёў
соль	N;INS(PL)	солямі
соль	N;INS(SG)	солём
соль	N;NOM(PL)	солі
соль	N;NOM(SG)	соль
спакой	N;ACC(SG)	спакой
спакой	N;DAT(SG)	спакою
спакой	N;ESS(SG)	спакоі
спакой	N;GEN(SG)	спакоя
спакой	N;INS(SG)	спакоем
спакой	N;NOM(SG)	спакой
спаць	V;FUT;NOM(1,PL)	спа́ць
спаць	V;FUT;NOM(1,SG)	спа́ць
спаць	V;FUT;NOM(2,PL)	спа́ць
спаць	V;FUT;NOM(3,PL)	спаюць
спаць	V;IMP;NOM(2,PL)	спайце
спаць	V;PRS;NOM(1,SG)	спаю
спаць	V;PRS;NOM(2,PL)	спаеце
спаць	V;PRS;NOM(3,SG)	спае
спаць	V;PST;NOM(PL)	спалі
спаць	V;PST;NOM(SG,FEM)	спала
спаць	V;PST;NOM(SG,NEUT)	спала
спытаць	V;FUT;NOM(1,SG)	спыта́ць
спытаць	V;FUT;NOM(2,SG)	спыта́ць
спытаць	V;FUT;NOM(3,PL)	спыта́ць
спытаць	V;FUT;NOM(3,SG)	спытане
спытаць	V;IMP;NOM(2,PL)	спытайце
спытаць	V;IMP;NOM(2,SG)	спытай
спытаць	V;PST;NOM(PL)	спыталі
спытаць	V;PST;NOM(SG,FEM)	спытала
спытаць	V;PST;NOM(SG,MASC)	спытаў
спытаць	V;PST;NOM(SG,NEUT)	спытала
спячы	V;FUT;NOM(2,PL)	спечаце
спячы	V;FUT;NOM(2,SG)	спячэш
спячы	V;FUT;NOM(3,PL)	спякуць
спячы	V;FUT;NOM(3,SG)	спячэ
спячы	V;IMP;NOM(2,PL)	спячыце
спячы	V;IMP;NOM(2,SG)	спячы
спячы	V;PST;NOM(PL)	спяклі
спячы	V;PST;NOM(SG,FEM)	спякла
спячы	V;PST;NOM(SG,NEUT)	спякло
стомлены	ADJ;ACC(ANIM;PL)	стомленых
стомлены	ADJ;DAT(MASC;SG)	стомленаму
стомлены	ADJ;DAT(NEUT;SG)	стомленаму
стомлены	ADJ;DAT(PL)	стомленым
стомлены	ADJ;ESS(FEM;SG)	стомленай
стомлены	ADJ;GEN(FEM;SG)	стомленай
стомлены	ADJ;INS(FEM;SG)	стомленаю
стомлены	ADJ;INS(PL)	стомленымі
стомлены	ADJ;NOM(FEM;SG)	стомленая
стомлены	ADJ;NOM(NEUT;SG)	стомленае
стрэлка	N;ACC(PL)	стрэлкі
стрэлка	N;ACC(SG)	стрэлку
стрэлка	N;DAT(PL)	стрэлкам
стрэлка	N;DAT(SG)	стрэлцы
стрэлка	N;ESS(PL)	стрэлках
стрэлка	N;ESS(SG)	стрэлцы
стрэлка	N;GEN(PL)	стрэлак
стрэлка	N;GEN(SG)	стрэлкі
стрэлка	N;INS(PL)	стрэлками
стрэлка	N;NOM(PL)	стрэлкі
стрэлка	N;NOM(SG)	стрэлка
сумка	N;ACC(PL)	сумк
сумка	N;ACC(SG)	сумку
сумка	N;DAT(PL)	сумкам
сумка	N;DAT(SG)	сумцы
сумка	N;ESS(PL)	сумках
сумка	N;GEN(PL)	сумк
сумка	N;INS(PL)	сумкамі
сумка	N;INS(SG)	сумкай
сумка	N;NOM(PL)	сумкі
сумка	N;NOM(SG)	сумка
сярэбраны	ADJ;ACC(ANIM;MASC;SG)	сярэбранага
сярэбраны	ADJ;ACC(INAN;MASC;SG)	сярэбраны
сярэбраны	ADJ;DAT(NEUT;SG)	сярэбранаму
сярэбраны	ADJ;ESS(NEUT;SG)	сярэбраным
сярэбраны	ADJ;GEN(FEM;SG)	сярэбранай
сярэбраны	ADJ;GEN(MASC;SG)	сярэбранага
сярэбраны	ADJ;GEN(NEUT;SG)	сярэбранага
сярэбраны	ADJ;INS(FEM;SG)	сярэбранаю
сярэбраны	ADJ;NOM(MASC;SG)	сярэбраны
сярэбраны	ADJ;NOM(NEUT;SG)	сярэбранае
сястра	N;ACC(SG)	сястру
сястра	N;DAT(SG)	сястры
сястра	N;ESS(PL)	сястрах
сястра	N;ESS(SG)	сястры
сястра	N;GEN(PL)	сястр
сястра	N;GEN(SG)	сястры
сястра	N;INS(PL)	сястрамі
сястра	N;INS(SG)	сястрай
сястра	N;NOM(PL)	сястры
сястра	N;NOM(SG)	сястра
сіні	ADJ;ACC(FEM;SG)	сінюю
сіні	ADJ;DAT(MASC;SG)	сіняму
сіні	ADJ;DAT(NEUT;SG)	сіняму
сіні	ADJ;DAT(PL)	сінім
сіні	ADJ;ESS(FEM;SG)	сіняй
сіні	ADJ;ESS(MASC;SG)	сінім
сіні	ADJ;ESS(PL)	сініх
сіні	ADJ;INS(NEUT;SG)	сінім
сіні	ADJ;NOM(MASC;SG)	сіні
сіні	ADJ;NOM(PL)	сінія
трынаццаты	ADJ;ACC(ANIM;PL)	трынаццатых
трынаццаты	ADJ;ACC(FEM;SG)	трынаццатую
трынаццаты	ADJ;ACC(INAN;MASC;SG)	трынаццаты
трынаццаты	ADJ;DAT(MASC;SG)	трынаццатаму
трынаццаты	ADJ;ESS(MASC;SG)	трынаццатым
трынаццаты	ADJ;GEN(MASC;SG)	трынаццатага
трынаццаты	ADJ;GEN(NEUT;SG)	трынаццатага
трынаццаты	ADJ;INS(FEM;SG)	трынаццатаю
трынаццаты	ADJ;INS(MASC;SG)	трынаццатым
трынаццаты	ADJ;INS(PL)	трынаццатымі
трынаццаты	ADJ;NOM(MASC;SG)	трынаццаты
унікаць	V;FUT;NOM(1,SG)	уніка́ць
унікаць	V;FUT;NOM(2,PL)	уніка́ць
унікаць	V;FUT;NOM(3,PL)	уніка́ць
унікаць	V;FUT;NOM(3,SG)	уніка́ць
унікаць	V;IMP;NOM(2,SG)	унікай
унікаць	V;PRS;NOM(1,PL)	унікаем
унікаць	V;PRS;NOM(1,SG)	унікаю
унікаць	V;PRS;NOM(2,PL)	унікаеце
унікаць	V;PRS;NOM(3,PL)	унікаюць
унікаць	V;PRS;NOM(3,SG)	унікае
унікаць	V;PST;NOM(SG,NEUT)	унікала
устаць	V;FUT;NOM(1,PL)	устанем
устаць	V;FUT;NOM(1,SG)	устану
устаць	V;FUT;NOM(2,PL)	устанеце
устаць	V;FUT;NOM(2,SG)	устанеш
устаць	V;FUT;NOM(3,PL)	устануць
устаць	V;IMP;NOM(2,PL)	устаньце
устаць	V;IMP;NOM(2,SG)	устань
устаць	V;PST;NOM(PL)	усталі
устаць	V;PST;NOM(SG,FEM)	устала
устаць	V;PST;NOM(SG,NEUT)	устала
усходні	ADJ;ACC(ANIM;PL)	усходніх
усходні	ADJ;ACC(FEM;SG)	усходнюю
усходні	ADJ;ACC(INAN;MASC;SG)	усходні
усходні	ADJ;ACC(NEUT;SG)	усходняе
усходні	ADJ;DAT(PL)	усходнім
усходні	ADJ;ESS(MASC;SG)	усходнім
усходні	ADJ;ESS(NEUT;SG)	усходнім
усходні	ADJ;GEN(MASC;SG)	усходняга
усходні	ADJ;GEN(NEUT;SG)	усходняга
усходні	ADJ;INS(FEM;SG)	усходняю
ухіліцца	V;FUT;NOM(1,PL)	ухілімся
ухіліцца	V;FUT;NOM(1,SG)	ухілюся
ухіліцца	V;FUT;NOM(2,PL)	ухіліцеся
ухіліцца	V;FUT;NOM(3,PL)	ухіляцца
ухіліцца	V;FUT;NOM(3,SG)	ухіліцца
ухіліцца	V;IMP;NOM(2,PL)	ухіліцеся
ухіліцца	V;IMP;NOM(2,SG)	ухіліся
ухіліцца	V;PST;NOM(SG,FEM)	ухілілася
ухіліцца	V;PST;NOM(SG,MASC)	ухіліўся
ухіліцца	V;PST;NOM(SG,NEUT)	ухілілася
цар	N;ACC(PL)	цараў
цар	N;ACC(SG)	цара
цар	N;DAT(PL)	царам
цар	N;ESS(PL)	царах
цар	N;ESS(SG)	цару
цар	N;GEN(PL)	цараў
цар	N;GEN(SG)	цара
цар	N;INS(PL)	царамі
цар	N;INS(SG)	царам
цар	N;NOM(PL)	цары
цар	N;NOM(SG)	цар
цэлы	ADJ;DAT(FEM;SG)	цэлай
цэлы	ADJ;DAT(NEUT;SG)	цэлому
цэлы	ADJ;DAT(PL)	цэлым
цэлы	ADJ;ESS(PL)	цэлых
цэлы	ADJ;GEN(FEM;SG)	цэлай
цэлы	ADJ;GEN(PL)	цэлых
цэлы	ADJ;INS(MASC;SG)	цэлым
цэлы	ADJ;NOM(FEM;SG)	цэлая
цэлы	ADJ;NOM(MASC;SG)	цэлы
цэлы	ADJ;NOM(PL)	цэлыя
чысты	ADJ;ACC(ANIM;MASC;SG)	чыстага
чысты	ADJ;ACC(INAN;MASC;SG)	чысты
чысты	ADJ;DAT(FEM;SG)	чыстай
чысты	ADJ;DAT(MASC;SG)	чыстому
чысты	ADJ;ESS(NEUT;SG)	чыстым
чысты	ADJ;GEN(MASC;SG)	чыстага
чысты	ADJ;GEN(NEUT;SG)	чыстага
чысты	ADJ;INS(FEM;SG)	чыстою
чысты	ADJ;NOM(MASC;SG)	чысты
чысты	ADJ;NOM(NEUT;SG)	чыстое
чысты	ADJ;NOM(PL)	чыстыя
шапка	N;ACC(SG)	шапку
шапка	N;DAT(PL)	шапкам
шапка	N;DAT(SG)	шапцы
шапка	N;ESS(PL)	шапках
шапка	N;ESS(SG)	шапцы
шапка	N;GEN(PL)	шапак
шапка	N;GEN(SG)	шапкі
шапка	N;INS(PL)	шапкамі
шапка	N;INS(SG)	шапкай
шапка	N;NOM(SG)	шапка
шахматы	N;ACC(SG)	шахматы
шахматы	N;DAT(SG)	шахматаму
шахматы	N;ESS(SG)	шахматым
шахматы	N;GEN(SG)	шахматага
шахматы	N;INS(SG)	шахматамі
шахматы	N;NOM(SG)	шахматы
штодзённы	ADJ;ACC(ANIM;MASC;SG)	штодзённага
штодзённы	ADJ;ACC(INAN;MASC;SG)	штодзённы
штодзённы	ADJ;ACC(NEUT;SG)	штодзённае
штодзённы	ADJ;DAT(FEM;SG)	штодзённай
штодзённы	ADJ;DAT(MASC;SG)	штодзённаму
штодзённы	ADJ;DAT(NEUT;SG)	штодзённаму
штодзённы	ADJ;INS(FEM;SG)	штодзённаю
штодзённы	ADJ;INS(MASC;SG)	штодзённым
штодзённы	ADJ;INS(NEUT;SG)	штодзённым
штодзённы	ADJ;NOM(MASC;SG)	штодзённы
штодзённы	ADJ;NOM(PL)	штодзённыя
шыя	N;ACC(PL)	шыі
шыя	N;DAT(PL)	шыям
шыя	N;ESS(PL)	шыях
шыя	N;ESS(SG)	шыі
шыя	N;GEN(PL)	шый
шыя	N;GEN(SG)	шыі
шыя	N;INS(PL)	шыямі
шыя	N;INS(SG)	шыяй
шыя	N;NOM(PL)	шыі
шыя	N;NOM(SG)	шыя
яркі	ADJ;ACC(ANIM;MASC;SG)	яркага
яркі	ADJ;ACC(FEM;SG)	яркую
яркі	ADJ;ACC(INAN;PL)	яркія
яркі	ADJ;GEN(FEM;SG)	яркай
яркі	ADJ;GEN(PL)	яркіх
яркі	ADJ;INS(FEM;SG)	яркаю
яркі	ADJ;INS(MASC;SG)	яркім
яркі	ADJ;INS(NEUT;SG)	яркім
яркі	ADJ;INS(PL)	яркімі
яркі	ADJ;NOM(MASC;SG)	яркі
ячмень	N;ACC(SG)	ячмень
ячмень	N;DAT(SG)	ячменю
ячмень	N;ESS(SG)	ячмені
ячмень	N;INS(SG)	ячменем
ячмень	N;NOM(SG)	ячмень
італьянка	N;ACC(PL)	італьянак
італьянка	N;ACC(SG)	італьянку
італьянка	N;DAT(PL)	італьянкам
італьянка	N;DAT(SG)	італьянцы
італьянка	N;ESS(PL)	італьянках
італьянка	N;ESS(SG)	італьянцы
італьянка	N;GEN(PL)	італьянак
італьянка	N;GEN(SG)	італьянкі
італьянка	N;INS(PL)	італьянкамі
італьянка	N;INS(SG)	італьянкай
італьянка	N;NOM(PL)	італьянкі
ўнікнуць	V;FUT;NOM(1,PL)	ўнікнем
ўнікнуць	V;FUT;NOM(2,PL)	ўнікнеце
ўнікнуць	V;FUT;NOM(2,SG)	ўнікнеш
ўнікнуць	V;FUT;NOM(3,PL)	ўнікнуць
ўнікнуць	V;FUT;NOM(3,SG)	ўнікне
ўнікнуць	V;IMP;NOM(2,PL)	ўнікніце
ўнікнуць	V;IMP;NOM(2,SG)	ўнікні
ўнікнуць	V;PST;NOM(PL)	ўніклі
ўнікнуць	V;PST;NOM(SG,FEM)	ўнікла
ўнікнуць	V;PST;NOM(SG,MASC)	ўнік
ўнікнуць	V;PST;NOM(SG,NEUT)	ўнікла
