òjc	N;NOM(PL)	òjcy
òjc	N;DAT(PL)	òjm
òjc	N;VOC(SG)	òjcu
òjc	N;INS(PL)	òjmi
òjc	N;ESS(SG)	òjcu
òjc	N;DAT(SG)	òjcowi
òjc	N;GEN(SG)	òjca
òjc	N;ESS(PL)	òjch
òjc	N;GEN(PL)	òjw
òjc	N;INS(SG)	òjm
òjc	N;INS(SG)	òjm
òjc	N;ACC(PL)	òjce
òjc	N;ACC(SG)	òjca
òjc	N;NOM(SG)	òjc
òjc	N;VOC(PL)	òj
strumiannik	N;NOM(PL)	strumianniki
strumiannik	N;DAT(PL)	strumiannikom
strumiannik	N;VOC(SG)	strumianniku
strumiannik	N;INS(PL)	strumiannikami
strumiannik	N;ESS(SG)	strumianniku
strumiannik	N;DAT(SG)	strumiannikowi
strumiannik	N;GEN(SG)	strumiannika
strumiannik	N;ESS(PL)	strumiannikach
strumiannik	N;GEN(PL)	strumianników
strumiannik	N;INS(SG)	strumiannikiem
strumiannik	N;ACC(PL)	strumianników
strumiannik	N;ACC(SG)	strumiannik
strumiannik	N;NOM(SG)	strumiannik
strumiannik	N;VOC(PL)	strumianniki
lëstopadnik	N;NOM(PL)	lëstopadniki
lëstopadnik	N;DAT(PL)	lëstopadnikom
lëstopadnik	N;VOC(SG)	lëstopadniku
lëstopadnik	N;INS(PL)	lëstopadnikami
lëstopadnik	N;ESS(SG)	lëstopadniku
lëstopadnik	N;DAT(SG)	lëstopadnikowi
lëstopadnik	N;GEN(SG)	lëstopadnika
lëstopadnik	N;ESS(PL)	lëstopadnikach
lëstopadnik	N;GEN(PL)	lëstopadników
lëstopadnik	N;INS(SG)	lëstopadnikiem
lëstopadnik	N;ACC(PL)	lëstopadniki
lëstopadnik	N;ACC(SG)	lëstopadnik
lëstopadnik	N;NOM(SG)	lëstopadnik
lëstopadnik	N;VOC(PL)	lëstopadniki
wtórk	N;NOM(PL)	wtórki
wtórk	N;DAT(PL)	wtórkom
wtórk	N;VOC(SG)	wtórku
wtórk	N;INS(PL)	wtórkami
wtórk	N;ESS(SG)	wtórku
wtórk	N;DAT(SG)	wtórkowi
wtórk	N;GEN(SG)	wtórka
wtórk	N;ESS(PL)	wtórkach
wtórk	N;GEN(PL)	wtórków
wtórk	N;INS(SG)	wtórkiem
wtórk	N;ACC(PL)	wtórki
wtórk	N;ACC(SG)	wtórk
wtórk	N;NOM(SG)	wtórk
wtórk	N;VOC(PL)	wtórki
niedzela	N;NOM(PL)	niedzele
niedzela	N;DAT(PL)	niedzelom
niedzela	N;VOC(SG)	niedzelo
niedzela	N;INS(PL)	niedzelami
niedzela	N;ESS(SG)	niedzeli
niedzela	N;DAT(SG)	niedzeli
niedzela	N;GEN(SG)	niedzeli
niedzela	N;ESS(PL)	niedzelach
niedzela	N;GEN(PL)	niedzel
niedzela	N;INS(SG)	niedzelą
niedzela	N;ACC(PL)	niedzele
niedzela	N;ACC(SG)	niedzelę
niedzela	N;NOM(SG)	niedzela
niedzela	N;VOC(PL)	niedzele
lëpinc	N;NOM(PL)	lëpincy
lëpinc	N;DAT(PL)	lëpinm
lëpinc	N;VOC(SG)	lëpincu
lëpinc	N;INS(PL)	lëpinmi
lëpinc	N;ESS(SG)	lëpincu
lëpinc	N;DAT(SG)	lëpincowi
lëpinc	N;GEN(SG)	lëpinca
lëpinc	N;ESS(PL)	lëpinch
lëpinc	N;GEN(PL)	lëpinw
lëpinc	N;INS(SG)	lëpinm
lëpinc	N;ACC(PL)	lëpince
lëpinc	N;ACC(SG)	lëpinca
lëpinc	N;NOM(SG)	lëpinc
lëpinc	N;VOC(PL)	lëpin
strzoda	N;NOM(PL)	strzodowie
strzoda	N;DAT(PL)	strzodom
strzoda	N;VOC(SG)	strzodo
strzoda	N;INS(PL)	strzodami
strzoda	N;ESS(SG)	strzodzie
strzoda	N;DAT(SG)	strzodzie
strzoda	N;GEN(SG)	strzody
strzoda	N;ESS(PL)	strzodach
strzoda	N;GEN(PL)	strzodów
strzoda	N;INS(SG)	strzodą
strzoda	N;ACC(PL)	strzodów
strzoda	N;ACC(SG)	strzodę
strzoda	N;NOM(SG)	strzoda
strzoda	N;VOC(PL)	strzodowie
rënk	N;NOM(PL)	rënki
rënk	N;DAT(PL)	rënkom
rënk	N;VOC(SG)	rënku
rënk	N;INS(PL)	rënkami
rënk	N;ESS(SG)	rënku
rënk	N;DAT(SG)	rënkowi
rënk	N;GEN(SG)	rënku
rënk	N;ESS(PL)	rënkach
rënk	N;GEN(PL)	rënków
rënk	N;INS(SG)	rënkiem
rënk	N;ACC(PL)	rënki
rënk	N;ACC(SG)	rënka
rënk	N;NOM(SG)	rënk
rënk	N;VOC(PL)	rënki
sobòta	N;NOM(PL)	sobòci
sobòta	N;DAT(PL)	sobòtom
sobòta	N;VOC(SG)	sobòto
sobòta	N;INS(PL)	sobòtami
sobòta	N;ESS(SG)	sobòcie
sobòta	N;DAT(SG)	sobòcie
sobòta	N;GEN(SG)	sobòty
sobòta	N;ESS(PL)	sobòtach
sobòta	N;GEN(PL)	sobòtów
sobòta	N;INS(SG)	sobòtą
sobòta	N;ACC(PL)	sobòtów
sobòta	N;ACC(SG)	sobòtę
sobòta	N;NOM(SG)	sobòta
sobòta	N;VOC(PL)	sobòci
môj	N;NOM(PL)	môje
môj	N;DAT(PL)	môjom
môj	N;VOC(SG)	môju
môj	N;INS(PL)	môjami
môj	N;ESS(SG)	môju
môj	N;DAT(SG)	môjowi
môj	N;GEN(SG)	môja
môj	N;ESS(PL)	môjach
môj	N;GEN(PL)	môjów
môj	N;INS(SG)	môjem
môj	N;ACC(PL)	môje
môj	N;ACC(SG)	môj
môj	N;NOM(SG)	môj
môj	N;VOC(PL)	môje
rodzôcz	N;NOM(PL)	rodzôcze
rodzôcz	N;DAT(PL)	rodzôczom
rodzôcz	N;VOC(SG)	rodzôczu
rodzôcz	N;INS(PL)	rodzôczami
rodzôcz	N;ESS(SG)	rodzôczu
rodzôcz	N;DAT(SG)	rodzôczowi
rodzôcz	N;GEN(SG)	rodzôcza
rodzôcz	N;ESS(PL)	rodzôczach
rodzôcz	N;GEN(PL)	rodzôczy
rodzôcz	N;INS(SG)	rodzôczem
rodzôcz	N;ACC(PL)	rodzôczy
rodzôcz	N;ACC(SG)	rodzôcza
rodzôcz	N;NOM(SG)	rodzôcz
rodzôcz	N;VOC(PL)	rodzôcze
serce	N;NOM(PL)	serca
serce	N;DAT(PL)	sercom
serce	N;VOC(SG)	serce
serce	N;INS(PL)	sercami
serce	N;ESS(SG)	sercu
serce	N;ESS(SG)	sercu
serce	N;DAT(SG)	sercu
serce	N;GEN(SG)	serca
serce	N;ESS(PL)	sercach
serce	N;GEN(PL)	serc
serce	N;GEN(PL)	serc
serce	N;INS(SG)	sercem
serce	N;INS(SG)	sercem
serce	N;ACC(PL)	serca
serce	N;ACC(SG)	serce
serce	N;NOM(SG)	serce
serce	N;VOC(PL)	serca
stolem	N;NOM(PL)	stolemy
stolem	N;DAT(PL)	stolemom
stolem	N;VOC(SG)	stolemie
stolem	N;INS(PL)	stolemami
stolem	N;ESS(SG)	stolemie
stolem	N;DAT(SG)	stolemowi
stolem	N;GEN(SG)	stolemu
stolem	N;ESS(PL)	stolemach
stolem	N;GEN(PL)	stolemów
stolem	N;INS(SG)	stolemem
stolem	N;ACC(PL)	stolemy
stolem	N;ACC(SG)	stolem
stolem	N;NOM(SG)	stolem
stolem	N;VOC(PL)	stolemy
nazéwôcz	N;NOM(PL)	nazéwôcze
nazéwôcz	N;DAT(PL)	nazéwôczom
nazéwôcz	N;VOC(SG)	nazéwôczu
nazéwôcz	N;INS(PL)	nazéwôczami
nazéwôcz	N;ESS(SG)	nazéwôczu
nazéwôcz	N;DAT(SG)	nazéwôczowi
nazéwôcz	N;GEN(SG)	nazéwôcza
nazéwôcz	N;ESS(PL)	nazéwôczach
nazéwôcz	N;GEN(PL)	nazéwôczy
nazéwôcz	N;INS(SG)	nazéwôczem
nazéwôcz	N;ACC(PL)	nazéwôczy
nazéwôcz	N;ACC(SG)	nazéwôcza
nazéwôcz	N;NOM(SG)	nazéwôcz
nazéwôcz	N;VOC(PL)	nazéwôcze
pòniedzôłk	N;NOM(PL)	pòniedzôłki
pòniedzôłk	N;DAT(PL)	pòniedzôłkom
pòniedzôłk	N;VOC(SG)	pòniedzôłku
pòniedzôłk	N;INS(PL)	pòniedzôłkami
pòniedzôłk	N;ESS(SG)	pòniedzôłku
pòniedzôłk	N;DAT(SG)	pòniedzôłkowi
pòniedzôłk	N;GEN(SG)	pòniedzôłku
pòniedzôłk	N;ESS(PL)	pòniedzôłkach
pòniedzôłk	N;GEN(PL)	pòniedzôłków
pòniedzôłk	N;INS(SG)	pòniedzôłkiem
pòniedzôłk	N;ACC(PL)	pòniedzôłki
pòniedzôłk	N;ACC(SG)	pòniedzôłk
pòniedzôłk	N;NOM(SG)	pòniedzôłk
pòniedzôłk	N;VOC(PL)	pòniedzôłki
stëcznik	N;NOM(PL)	stëczniki
stëcznik	N;DAT(PL)	stëcznikom
stëcznik	N;VOC(SG)	stëczniku
stëcznik	N;INS(PL)	stëcznikami
stëcznik	N;ESS(SG)	stëczniku
stëcznik	N;DAT(SG)	stëcznikowi
stëcznik	N;GEN(SG)	stëcznika
stëcznik	N;ESS(PL)	stëcznikach
stëcznik	N;GEN(PL)	stëczników
stëcznik	N;INS(SG)	stëcznikiem
stëcznik	N;ACC(PL)	stëczników
stëcznik	N;ACC(SG)	stëcznika
stëcznik	N;NOM(SG)	stëcznik
stëcznik	N;VOC(PL)	stëcznicy
winowôcz	N;NOM(PL)	winowôcze
winowôcz	N;DAT(PL)	winowôczom
winowôcz	N;VOC(SG)	winowôczu
winowôcz	N;INS(PL)	winowôczami
winowôcz	N;ESS(SG)	winowôczu
winowôcz	N;DAT(SG)	winowôczowi
winowôcz	N;GEN(SG)	winowôcza
winowôcz	N;ESS(PL)	winowôczach
winowôcz	N;GEN(PL)	winowôczy
winowôcz	N;INS(SG)	winowôczem
winowôcz	N;ACC(PL)	winowôczy
winowôcz	N;ACC(SG)	winowôcza
winowôcz	N;NOM(SG)	winowôcz
winowôcz	N;VOC(PL)	winowôcze
tidzéń	N;NOM(PL)	tidzé
tidzéń	N;DAT(PL)	tidzéniom
tidzéń	N;VOC(SG)	tidzéniu
tidzéń	N;INS(PL)	tidzéniami
tidzéń	N;ESS(SG)	tidzéniu
tidzéń	N;DAT(SG)	tidzéniowi
tidzéń	N;GEN(SG)	tidzé
tidzéń	N;ESS(PL)	tidzéch
tidzéń	N;GEN(PL)	tidzéiów
tidzéń	N;INS(SG)	tidzém
tidzéń	N;ACC(PL)	tidzénie
tidzéń	N;ACC(SG)	tidzéń
tidzéń	N;NOM(SG)	tidzéń
tidzéń	N;VOC(PL)	tidzénie
czerwińc	N;NOM(PL)	czerwińcy
czerwińc	N;DAT(PL)	czerwińm
czerwińc	N;VOC(SG)	czerwińcu
czerwińc	N;INS(PL)	czerwińmi
czerwińc	N;ESS(SG)	czerwińcu
czerwińc	N;DAT(SG)	czerwińcowi
czerwińc	N;GEN(SG)	czerwińca
czerwińc	N;ESS(PL)	czerwińch
czerwińc	N;GEN(PL)	czerwińw
czerwińc	N;INS(SG)	czerwińm
czerwińc	N;ACC(PL)	czerwińce
czerwińc	N;ACC(SG)	czerwińca
czerwińc	N;NOM(SG)	czerwińc
czerwińc	N;VOC(PL)	czerwiń
kóń	N;NOM(PL)	kó
kóń	N;DAT(PL)	kóniom
kóń	N;VOC(SG)	kóniu
kóń	N;INS(PL)	kóniami
kóń	N;ESS(SG)	kóniu
kóń	N;DAT(SG)	kóniowi
kóń	N;GEN(SG)	kó
kóń	N;ESS(PL)	kóch
kóń	N;GEN(PL)	kóiów
kóń	N;INS(SG)	kóm
kóń	N;ACC(PL)	kónie
kóń	N;ACC(SG)	kóń
kóń	N;NOM(SG)	kóń
kóń	N;VOC(PL)	kónie
Jastra	N;VOC(PL)	Jastry
Jastra	N;ESS(PL)	Jastrach
Jastra	N;DAT(PL)	Jastrom
Jastra	N;GEN(PL)	Jastr
Jastra	N;ACC(PL)	Jastry
Jastra	N;ACC(PL)	Jastry
Jastra	N;NOM(PL)	Jastry
gromicznik	N;NOM(PL)	gromiczniki
gromicznik	N;DAT(PL)	gromicznikom
gromicznik	N;VOC(SG)	gromiczniku
gromicznik	N;INS(PL)	gromicznikami
gromicznik	N;ESS(SG)	gromiczniku
gromicznik	N;DAT(SG)	gromicznikowi
gromicznik	N;GEN(SG)	gromicznika
gromicznik	N;ESS(PL)	gromicznikach
gromicznik	N;GEN(PL)	gromiczników
gromicznik	N;INS(SG)	gromicznikiem
gromicznik	N;ACC(PL)	gromiczników
gromicznik	N;ACC(SG)	gromicznika
gromicznik	N;NOM(SG)	gromicznik
gromicznik	N;VOC(PL)	gromicznicy
narzãdzôcz	N;NOM(PL)	narzãdzôcze
narzãdzôcz	N;DAT(PL)	narzãdzôczom
narzãdzôcz	N;VOC(SG)	narzãdzôczu
narzãdzôcz	N;INS(PL)	narzãdzôczami
narzãdzôcz	N;ESS(SG)	narzãdzôczu
narzãdzôcz	N;DAT(SG)	narzãdzôczowi
narzãdzôcz	N;GEN(SG)	narzãdzôcza
narzãdzôcz	N;ESS(PL)	narzãdzôczach
narzãdzôcz	N;GEN(PL)	narzãdzôczy
narzãdzôcz	N;INS(SG)	narzãdzôczem
narzãdzôcz	N;ACC(PL)	narzãdzôczy
narzãdzôcz	N;ACC(SG)	narzãdzôcza
narzãdzôcz	N;NOM(SG)	narzãdzôcz
narzãdzôcz	N;VOC(PL)	narzãdzôcze
séwnik	N;NOM(PL)	séwniki
séwnik	N;DAT(PL)	séwnikom
séwnik	N;VOC(SG)	séwniku
séwnik	N;INS(PL)	séwnikami
séwnik	N;ESS(SG)	séwniku
séwnik	N;DAT(SG)	séwnikowi
séwnik	N;GEN(SG)	séwnika
séwnik	N;ESS(PL)	séwnikach
séwnik	N;GEN(PL)	séwników
séwnik	N;INS(SG)	séwnikiem
séwnik	N;ACC(PL)	séwniki
séwnik	N;ACC(SG)	séwnik
séwnik	N;NOM(SG)	séwnik
séwnik	N;VOC(PL)	séwniki
piątk	N;NOM(PL)	piątki
piątk	N;DAT(PL)	piątkom
piątk	N;VOC(SG)	piątku
piątk	N;INS(PL)	piątkami
piątk	N;ESS(SG)	piątku
piątk	N;DAT(SG)	piątkowi
piątk	N;GEN(SG)	piątka
piątk	N;ESS(PL)	piątkach
piątk	N;GEN(PL)	piątków
piątk	N;INS(SG)	piątkiem
piątk	N;ACC(PL)	piątki
piątk	N;ACC(SG)	piątk
piątk	N;NOM(SG)	piątk
piątk	N;VOC(PL)	piątki
rujan	N;NOM(PL)	rujany
rujan	N;DAT(PL)	rujanom
rujan	N;VOC(SG)	rujanie
rujan	N;INS(PL)	rujanami
rujan	N;ESS(SG)	rujanie
rujan	N;DAT(SG)	rujanowi
rujan	N;GEN(SG)	rujanu
rujan	N;ESS(PL)	rujanach
rujan	N;GEN(PL)	rujanów
rujan	N;INS(SG)	rujanem
rujan	N;ACC(PL)	rujany
rujan	N;ACC(SG)	rujan
rujan	N;NOM(SG)	rujan
rujan	N;VOC(PL)	rujany
gòdnik	N;NOM(PL)	gòdniki
gòdnik	N;DAT(PL)	gòdnikom
gòdnik	N;VOC(SG)	gòdniku
gòdnik	N;INS(PL)	gòdnikami
gòdnik	N;ESS(SG)	gòdniku
gòdnik	N;DAT(SG)	gòdnikowi
gòdnik	N;GEN(SG)	gòdnika
gòdnik	N;ESS(PL)	gòdnikach
gòdnik	N;GEN(PL)	gòdników
gòdnik	N;INS(SG)	gòdnikiem
gòdnik	N;ACC(PL)	gòdniki
gòdnik	N;ACC(SG)	gòdnik
gòdnik	N;NOM(SG)	gòdnik
gòdnik	N;VOC(PL)	gòdniki
dôwôcz	N;NOM(PL)	dôwôcze
dôwôcz	N;DAT(PL)	dôwôczom
dôwôcz	N;VOC(SG)	dôwôczu
dôwôcz	N;INS(PL)	dôwôczami
dôwôcz	N;ESS(SG)	dôwôczu
dôwôcz	N;DAT(SG)	dôwôczowi
dôwôcz	N;GEN(SG)	dôwôcza
dôwôcz	N;ESS(PL)	dôwôczach
dôwôcz	N;GEN(PL)	dôwôczy
dôwôcz	N;INS(SG)	dôwôczem
dôwôcz	N;ACC(PL)	dôwôczy
dôwôcz	N;ACC(SG)	dôwôcza
dôwôcz	N;NOM(SG)	dôwôcz
dôwôcz	N;VOC(PL)	dôwôcze
môlnik	N;NOM(PL)	môlnicy
môlnik	N;DAT(PL)	môlnikom
môlnik	N;VOC(SG)	môlniku
môlnik	N;INS(PL)	môlnikami
môlnik	N;ESS(SG)	môlniku
môlnik	N;DAT(SG)	môlnikowi
môlnik	N;GEN(SG)	môlnika
môlnik	N;ESS(PL)	môlnikach
môlnik	N;GEN(PL)	môlników
môlnik	N;INS(SG)	môlnikiem
môlnik	N;ACC(PL)	môlników
môlnik	N;ACC(SG)	môlnika
môlnik	N;NOM(SG)	môlnik
môlnik	N;VOC(PL)	môlnicy
pùjk	N;NOM(PL)	pùjki
pùjk	N;DAT(PL)	pùjkom
pùjk	N;VOC(SG)	pùjku
pùjk	N;INS(PL)	pùjkami
pùjk	N;ESS(SG)	pùjku
pùjk	N;DAT(SG)	pùjkowi
pùjk	N;GEN(SG)	pùjka
pùjk	N;ESS(PL)	pùjkach
pùjk	N;GEN(PL)	pùjków
pùjk	N;INS(SG)	pùjkiem
pùjk	N;ACC(PL)	pùjki
pùjk	N;ACC(SG)	pùjk
pùjk	N;NOM(SG)	pùjk
pùjk	N;VOC(PL)	pùjki
wòłiwôcz	N;NOM(PL)	wòłiwôcze
wòłiwôcz	N;DAT(PL)	wòłiwôczom
wòłiwôcz	N;VOC(SG)	wòłiwôczu
wòłiwôcz	N;INS(PL)	wòłiwôczami
wòłiwôcz	N;ESS(SG)	wòłiwôczu
wòłiwôcz	N;DAT(SG)	wòłiwôczowi
wòłiwôcz	N;GEN(SG)	wòłiwôcza
wòłiwôcz	N;ESS(PL)	wòłiwôczach
wòłiwôcz	N;GEN(PL)	wòłiwôczy
wòłiwôcz	N;INS(SG)	wòłiwôczem
wòłiwôcz	N;ACC(PL)	wòłiwôczy
wòłiwôcz	N;ACC(SG)	wòłiwôcza
wòłiwôcz	N;NOM(SG)	wòłiwôcz
wòłiwôcz	N;VOC(PL)	wòłiwôcze
Jastrë	N;VOC(PL)	Jastrë
Jastrë	N;ESS(PL)	Jastrë
Jastrë	N;DAT(PL)	Jastrë
Jastrë	N;GEN(PL)	Jastrë
Jastrë	N;ACC(PL)	Jastrë
Jastrë	N;ACC(PL)	Jastrë
Jastrë	N;NOM(PL)	Jastrë
latawiskò	N;NOM(PL)	latawiskò
latawiskò	N;DAT(PL)	latawiskò
latawiskò	N;VOC(SG)	latawiskò
latawiskò	N;INS(PL)	latawiskò
latawiskò	N;ESS(SG)	latawiskò
latawiskò	N;DAT(SG)	latawiskò
latawiskò	N;GEN(SG)	latawiskò
latawiskò	N;ESS(PL)	latawiskò
latawiskò	N;GEN(PL)	latawiskò
latawiskò	N;INS(SG)	latawiskò
latawiskò	N;ACC(PL)	latawiskò
latawiskò	N;ACC(SG)	latawiskò
latawiskò	N;NOM(SG)	latawiskò
latawiskò	N;VOC(PL)	latawiskò
czwôrtk	N;NOM(PL)	czwôrtki
czwôrtk	N;DAT(PL)	czwôrtkom
czwôrtk	N;VOC(SG)	czwôrtku
czwôrtk	N;INS(PL)	czwôrtkami
czwôrtk	N;ESS(SG)	czwôrtku
czwôrtk	N;DAT(SG)	czwôrtkowi
czwôrtk	N;GEN(SG)	czwôrtka
czwôrtk	N;ESS(PL)	czwôrtkach
czwôrtk	N;GEN(PL)	czwôrtków
czwôrtk	N;INS(SG)	czwôrtkiem
czwôrtk	N;ACC(PL)	czwôrtki
czwôrtk	N;ACC(SG)	czwôrtk
czwôrtk	N;NOM(SG)	czwôrtk
czwôrtk	N;VOC(PL)	czwôrtki
zélnik	N;NOM(PL)	zélnicy
zélnik	N;DAT(PL)	zélnikom
zélnik	N;VOC(SG)	zélniku
zélnik	N;INS(PL)	zélnikami
zélnik	N;ESS(SG)	zélniku
zélnik	N;DAT(SG)	zélnikowi
zélnik	N;GEN(SG)	zélnika
zélnik	N;ESS(PL)	zélnikach
zélnik	N;GEN(PL)	zélników
zélnik	N;INS(SG)	zélnikiem
zélnik	N;ACC(PL)	zélników
zélnik	N;ACC(SG)	zélnika
zélnik	N;NOM(SG)	zélnik
zélnik	N;VOC(PL)	zélnicy
łżëkwiôt	N;NOM(PL)	łżëkwiôty
łżëkwiôt	N;DAT(PL)	łżëkwiôtom
łżëkwiôt	N;VOC(SG)	łżëkwiôcie
łżëkwiôt	N;INS(PL)	łżëkwiôtami
łżëkwiôt	N;ESS(SG)	łżëkwiôcie
łżëkwiôt	N;DAT(SG)	łżëkwiôtowi
łżëkwiôt	N;GEN(SG)	łżëkwiôtu
łżëkwiôt	N;ESS(PL)	łżëkwiôtach
łżëkwiôt	N;GEN(PL)	łżëkwiôtów
łżëkwiôt	N;INS(SG)	łżëkwiôtem
łżëkwiôt	N;ACC(PL)	łżëkwiôty
łżëkwiôt	N;ACC(SG)	łżëkwiôt
łżëkwiôt	N;NOM(SG)	łżëkwiôt
łżëkwiôt	N;VOC(PL)	łżëkwiôty
kòt	N;NOM(PL)	kòty
kòt	N;DAT(PL)	kòtom
kòt	N;VOC(SG)	kòcie
kòt	N;INS(PL)	kòtami
kòt	N;ESS(SG)	kòcie
kòt	N;DAT(SG)	kòtowi
kòt	N;DAT(SG)	kòtowi
kòt	N;GEN(SG)	kòtu
kòt	N;ESS(PL)	kòtach
kòt	N;GEN(PL)	kòtów
kòt	N;INS(SG)	kòtem
kòt	N;ACC(PL)	kòty
kòt	N;ACC(SG)	kòt
kòt	N;NOM(SG)	kòt
kòt	N;VOC(PL)	kòty
