Aikido	N;ACC(SG)	Aikido
Aikido	N;DAT(SG)	Aikido
Aikido	N;GEN(SG)	Aikido
Aikido	N;NOM(SG)	Aikido
Anreise	N;ACC(PL)	Anreisen
Anreise	N;ACC(SG)	Anreise
Anreise	N;DAT(PL)	Anreisen
Anreise	N;DAT(SG)	Anreise
Anreise	N;GEN(PL)	Anreisen
Anreise	N;GEN(SG)	Anreise
Anreise	N;NOM(PL)	Anreisen
Anreise	N;NOM(SG)	Anreise
Arsenikesser	N;ACC(PL)	Arsenikesser
Arsenikesser	N;ACC(SG)	Arsenikesser
Arsenikesser	N;DAT(PL)	Arsenikessern
Arsenikesser	N;DAT(SG)	Arsenikesser
Arsenikesser	N;GEN(PL)	Arsenikesser
Arsenikesser	N;GEN(SG)	Arsenikessers
Arsenikesser	N;NOM(PL)	Arsenikesser
Arsenikesser	N;NOM(SG)	Arsenikesser
Auslassungszeichen	N;ACC(PL)	Auslassungszeichen
Auslassungszeichen	N;ACC(SG)	Auslassungszeichen
Auslassungszeichen	N;DAT(PL)	Auslassungszeichen
Auslassungszeichen	N;DAT(SG)	Auslassungszeichen
Auslassungszeichen	N;GEN(PL)	Auslassungszeichen
Auslassungszeichen	N;GEN(SG)	Auslassungszeichens
Auslassungszeichen	N;NOM(PL)	Auslassungszeichen
Auslassungszeichen	N;NOM(SG)	Auslassungszeichen
Bergente	N;ACC(PL)	Bergenten
Bergente	N;ACC(SG)	Bergente
Bergente	N;DAT(PL)	Bergenten
Bergente	N;DAT(SG)	Bergente
Bergente	N;GEN(PL)	Bergenten
Bergente	N;GEN(SG)	Bergente
Bergente	N;NOM(PL)	Bergenten
Bergente	N;NOM(SG)	Bergente
Berylliumsalz	N;ACC(PL)	Berylliumsalze
Berylliumsalz	N;ACC(SG)	Berylliumsalz
Berylliumsalz	N;DAT(PL)	Berylliumsalzen
Berylliumsalz	N;DAT(SG)	Berylliumsalz
Berylliumsalz	N;GEN(PL)	Berylliumsalze
Berylliumsalz	N;GEN(SG)	Berylliumsalzes
Berylliumsalz	N;NOM(PL)	Berylliumsalze
Berylliumsalz	N;NOM(SG)	Berylliumsalz
Bettlaken	N;ACC(PL)	Bettlaken
Bettlaken	N;ACC(SG)	Bettlaken
Bettlaken	N;DAT(PL)	Bettlaken
Bettlaken	N;DAT(SG)	Bettlaken
Bettlaken	N;GEN(PL)	Bettlaken
Bettlaken	N;GEN(SG)	Bettlakens
Bettlaken	N;NOM(PL)	Bettlaken
Bettlaken	N;NOM(SG)	Bettlaken
Bild	N;ACC(PL)	Bilder
Bild	N;ACC(SG)	Bild
Bild	N;DAT(PL)	Bildern
Bild	N;DAT(SG)	Bild
Bild	N;GEN(PL)	Bilder
Bild	N;GEN(SG)	Bildes
Bild	N;NOM(PL)	Bilder
Bild	N;NOM(SG)	Bild
Brettspiel	N;ACC(PL)	Brettspiel
Brettspiel	N;ACC(SG)	Brettspiel
Brettspiel	N;DAT(PL)	Brettspieln
Brettspiel	N;DAT(SG)	Brettspiel
Brettspiel	N;GEN(PL)	Brettspiel
Brettspiel	N;GEN(SG)	Brettspiels
Brettspiel	N;NOM(PL)	Brettspiel
Brettspiel	N;NOM(SG)	Brettspiel
Bridge	N;ACC(SG)	Bridgen
Bridge	N;DAT(SG)	Bridgen
Bridge	N;GEN(SG)	Bridgen
Bridge	N;NOM(SG)	Bridge
Denken	N;ACC(SG)	Denken
Denken	N;DAT(SG)	Denken
Denken	N;GEN(SG)	Denkens
Denken	N;NOM(SG)	Denken
Elfe	N;ACC(PL)	Elfes
Elfe	N;ACC(SG)	Elfe
Elfe	N;DAT(PL)	Elfen
Elfe	N;DAT(SG)	Elfe
Elfe	N;GEN(SG)	Elfes
Elfe	N;NOM(PL)	Elfes
Elfe	N;NOM(SG)	Elfe
Ermittler	N;ACC(PL)	Ermittler
Ermittler	N;ACC(SG)	Ermittler
Ermittler	N;DAT(PL)	Ermittlern
Ermittler	N;DAT(SG)	Ermittler
Ermittler	N;GEN(PL)	Ermittler
Ermittler	N;GEN(SG)	Ermittlers
Ermittler	N;NOM(PL)	Ermittler
Ermittler	N;NOM(SG)	Ermittler
Fahnenträger	N;ACC(PL)	Fahnenträger
Fahnenträger	N;ACC(SG)	Fahnenträger
Fahnenträger	N;DAT(PL)	Fahnenträgern
Fahnenträger	N;DAT(SG)	Fahnenträger
Fahnenträger	N;GEN(PL)	Fahnenträger
Fahnenträger	N;GEN(SG)	Fahnenträgers
Fahnenträger	N;NOM(PL)	Fahnenträger
Fahnenträger	N;NOM(SG)	Fahnenträger
Felsen	N;ACC(PL)	Felsen
Felsen	N;ACC(SG)	Felsen
Felsen	N;DAT(PL)	Felsen
Felsen	N;DAT(SG)	Felsen
Felsen	N;GEN(PL)	Felsen
Felsen	N;GEN(SG)	Felsens
Felsen	N;NOM(PL)	Felsen
Felsen	N;NOM(SG)	Felsen
Fichtelit	N;ACC(PL)	Fichteliten
Fichtelit	N;ACC(SG)	Fichtelit
Fichtelit	N;DAT(SG)	Fichtelit
Fichtelit	N;GEN(PL)	Fichteliten
Fichtelit	N;GEN(SG)	Fichtelit
Fichtelit	N;NOM(PL)	Fichteliten
Fichtelit	N;NOM(SG)	Fichtelit
Fumarole	N;ACC(PL)	Fumarolen
Fumarole	N;ACC(SG)	Fumarolen
Fumarole	N;DAT(PL)	Fumarolen
Fumarole	N;DAT(SG)	Fumarolen
Fumarole	N;GEN(PL)	Fumarolen
Fumarole	N;GEN(SG)	Fumarolen
Fumarole	N;NOM(PL)	Fumarolen
Fumarole	N;NOM(SG)	Fumarole
Gesäss	N;ACC(PL)	Gesässe
Gesäss	N;ACC(SG)	Gesäss
Gesäss	N;DAT(PL)	Gesässen
Gesäss	N;DAT(SG)	Gesäss
Gesäss	N;GEN(PL)	Gesässe
Gesäss	N;GEN(SG)	Gesässes
Gesäss	N;NOM(PL)	Gesässe
Gesäss	N;NOM(SG)	Gesäss
Hit	N;ACC(PL)	Hiten
Hit	N;ACC(SG)	Hit
Hit	N;DAT(PL)	Hiten
Hit	N;DAT(SG)	Hit
Hit	N;GEN(PL)	Hiten
Hit	N;GEN(SG)	Hit
Hit	N;NOM(PL)	Hiten
Hit	N;NOM(SG)	Hit
Kakerlak	N;ACC(PL)	Kakerlake
Kakerlak	N;ACC(SG)	Kakerlak
Kakerlak	N;DAT(PL)	Kakerlaken
Kakerlak	N;DAT(SG)	Kakerlak
Kakerlak	N;GEN(PL)	Kakerlake
Kakerlak	N;GEN(SG)	Kakerlakes
Kakerlak	N;NOM(PL)	Kakerlake
Kakerlak	N;NOM(SG)	Kakerlak
Kolumbienralle	N;ACC(PL)	Kolumbienrallen
Kolumbienralle	N;ACC(SG)	Kolumbienralle
Kolumbienralle	N;DAT(PL)	Kolumbienrallen
Kolumbienralle	N;DAT(SG)	Kolumbienralle
Kolumbienralle	N;GEN(PL)	Kolumbienrallen
Kolumbienralle	N;GEN(SG)	Kolumbienralle
Kolumbienralle	N;NOM(PL)	Kolumbienrallen
Kolumbienralle	N;NOM(SG)	Kolumbienralle
Lammfellhandschuh	N;ACC(PL)	Lammfellhandschuhe
Lammfellhandschuh	N;ACC(SG)	Lammfellhandschuh
Lammfellhandschuh	N;DAT(PL)	Lammfellhandschuhen
Lammfellhandschuh	N;DAT(SG)	Lammfellhandschuh
Lammfellhandschuh	N;GEN(PL)	Lammfellhandschuhe
Lammfellhandschuh	N;GEN(SG)	Lammfellhandschuhes
Lammfellhandschuh	N;NOM(PL)	Lammfellhandschuhe
Lammfellhandschuh	N;NOM(SG)	Lammfellhandschuh
Leichenhalle	N;ACC(PL)	Leichenhallen
Leichenhalle	N;ACC(SG)	Leichenhalle
Leichenhalle	N;DAT(PL)	Leichenhallen
Leichenhalle	N;DAT(SG)	Leichenhalle
Leichenhalle	N;GEN(PL)	Leichenhallen
Leichenhalle	N;GEN(SG)	Leichenhalle
Leichenhalle	N;NOM(PL)	Leichenhallen
Leichenhalle	N;NOM(SG)	Leichenhalle
Linguistin	N;ACC(PL)	Linguistinnen
Linguistin	N;ACC(SG)	Linguistin
Linguistin	N;DAT(PL)	Linguistinnen
Linguistin	N;DAT(SG)	Linguistin
Linguistin	N;GEN(PL)	Linguistinnen
Linguistin	N;GEN(SG)	Linguistin
Linguistin	N;NOM(PL)	Linguistinnen
Linguistin	N;NOM(SG)	Linguistin
Lonsdaleit	N;ACC(PL)	Lonsdaleiten
Lonsdaleit	N;ACC(SG)	Lonsdaleit
Lonsdaleit	N;DAT(PL)	Lonsdaleiten
Lonsdaleit	N;DAT(SG)	Lonsdaleit
Lonsdaleit	N;GEN(PL)	Lonsdaleiten
Lonsdaleit	N;NOM(PL)	Lonsdaleiten
Lonsdaleit	N;NOM(SG)	Lonsdaleit
Maiskolben	N;ACC(PL)	Maiskolben
Maiskolben	N;ACC(SG)	Maiskolben
Maiskolben	N;DAT(PL)	Maiskolben
Maiskolben	N;DAT(SG)	Maiskolben
Maiskolben	N;GEN(PL)	Maiskolben
Maiskolben	N;GEN(SG)	Maiskolbens
Maiskolben	N;NOM(PL)	Maiskolben
Maiskolben	N;NOM(SG)	Maiskolben
Marokkaner	N;ACC(PL)	Marokkaner
Marokkaner	N;ACC(SG)	Marokkaner
Marokkaner	N;DAT(PL)	Marokkanern
Marokkaner	N;DAT(SG)	Marokkaner
Marokkaner	N;GEN(PL)	Marokkaner
Marokkaner	N;GEN(SG)	Marokkaners
Marokkaner	N;NOM(PL)	Marokkaner
Marokkaner	N;NOM(SG)	Marokkaner
Milchkuh	N;ACC(PL)	Milchkuhe
Milchkuh	N;ACC(SG)	Milchkuh
Milchkuh	N;DAT(PL)	Milchkuhen
Milchkuh	N;DAT(SG)	Milchkuh
Milchkuh	N;GEN(PL)	Milchkuhe
Milchkuh	N;GEN(SG)	Milchkuhes
Milchkuh	N;NOM(PL)	Milchkuhe
Milchkuh	N;NOM(SG)	Milchkuh
Nudelholz	N;ACC(PL)	Nudelholze
Nudelholz	N;ACC(SG)	Nudelholz
Nudelholz	N;DAT(PL)	Nudelholzen
Nudelholz	N;DAT(SG)	Nudelholz
Nudelholz	N;GEN(PL)	Nudelholze
Nudelholz	N;GEN(SG)	Nudelholzes
Nudelholz	N;NOM(PL)	Nudelholze
Nudelholz	N;NOM(SG)	Nudelholz
Omnipotenz	N;ACC(SG)	Omnipotenz
Omnipotenz	N;DAT(SG)	Omnipotenz
Omnipotenz	N;GEN(SG)	Omnipotenzes
Omnipotenz	N;NOM(SG)	Omnipotenz
Parzelle	N;ACC(PL)	Parzellen
Parzelle	N;ACC(SG)	Parzelle
Parzelle	N;DAT(PL)	Parzellen
Parzelle	N;DAT(SG)	Parzelle
Parzelle	N;GEN(PL)	Parzellen
Parzelle	N;GEN(SG)	Parzelle
Parzelle	N;NOM(PL)	Parzellen
Parzelle	N;NOM(SG)	Parzelle
Pfifferling	N;ACC(PL)	Pfifferlinge
Pfifferling	N;ACC(SG)	Pfifferling
Pfifferling	N;DAT(PL)	Pfifferlingen
Pfifferling	N;DAT(SG)	Pfifferling
Pfifferling	N;GEN(PL)	Pfifferlinge
Pfifferling	N;GEN(SG)	Pfifferlings
Pfifferling	N;NOM(PL)	Pfifferlinge
Pfifferling	N;NOM(SG)	Pfifferling
Reaktionsschritt	N;ACC(PL)	Reaktionsschritte
Reaktionsschritt	N;ACC(SG)	Reaktionsschritt
Reaktionsschritt	N;DAT(PL)	Reaktionsschritten
Reaktionsschritt	N;DAT(SG)	Reaktionsschritt
Reaktionsschritt	N;GEN(PL)	Reaktionsschritte
Reaktionsschritt	N;GEN(SG)	Reaktionsschrittes
Reaktionsschritt	N;NOM(PL)	Reaktionsschritte
Reaktionsschritt	N;NOM(SG)	Reaktionsschritt
Relaiskontakt	N;ACC(PL)	Relaiskontakte
Relaiskontakt	N;ACC(SG)	Relaiskontakt
Relaiskontakt	N;DAT(PL)	Relaiskontakten
Relaiskontakt	N;DAT(SG)	Relaiskontakt
Relaiskontakt	N;GEN(PL)	Relaiskontakte
Relaiskontakt	N;GEN(SG)	Relaiskontaktes
Relaiskontakt	N;NOM(PL)	Relaiskontakte
Relaiskontakt	N;NOM(SG)	Relaiskontakt
Salzteig	N;ACC(PL)	Salzteigen
Salzteig	N;ACC(SG)	Salzteig
Salzteig	N;DAT(PL)	Salzteigen
Salzteig	N;DAT(SG)	Salzteig
Salzteig	N;GEN(PL)	Salzteigen
Salzteig	N;GEN(SG)	Salzteigs
Salzteig	N;NOM(PL)	Salzteigen
Salzteig	N;NOM(SG)	Salzteig
Sandmann	N;ACC(PL)	Sandmänner
Sandmann	N;ACC(SG)	Sandmann
Sandmann	N;DAT(PL)	Sandmännern
Sandmann	N;DAT(SG)	Sandmann
Sandmann	N;GEN(PL)	Sandmänner
Sandmann	N;GEN(SG)	Sandmannes
Sandmann	N;NOM(PL)	Sandmänner
Sandmann	N;NOM(SG)	Sandmann
Scheinwerfer	N;ACC(PL)	Scheinwerfer
Scheinwerfer	N;ACC(SG)	Scheinwerfer
Scheinwerfer	N;DAT(PL)	Scheinwerfern
Scheinwerfer	N;DAT(SG)	Scheinwerfer
Scheinwerfer	N;GEN(PL)	Scheinwerfer
Scheinwerfer	N;GEN(SG)	Scheinwerfers
Scheinwerfer	N;NOM(PL)	Scheinwerfer
Scheinwerfer	N;NOM(SG)	Scheinwerfer
Schlagbaum	N;ACC(PL)	Schlagbäume
Schlagbaum	N;ACC(SG)	Schlagbaum
Schlagbaum	N;DAT(PL)	Schlagbäumen
Schlagbaum	N;DAT(SG)	Schlagbaum
Schlagbaum	N;GEN(PL)	Schlagbäume
Schlagbaum	N;GEN(SG)	Schlagbaumes
Schlagbaum	N;NOM(PL)	Schlagbäume
Schlagbaum	N;NOM(SG)	Schlagbaum
Schweizerin	N;ACC(PL)	Schweizerinnen
Schweizerin	N;ACC(SG)	Schweizerin
Schweizerin	N;DAT(PL)	Schweizerinnen
Schweizerin	N;DAT(SG)	Schweizerin
Schweizerin	N;GEN(PL)	Schweizerinnen
Schweizerin	N;NOM(PL)	Schweizerinnen
Schweizerin	N;NOM(SG)	Schweizerin
Schürze	N;ACC(PL)	Schürzen
Schürze	N;ACC(SG)	Schürze
Schürze	N;DAT(PL)	Schürzen
Schürze	N;DAT(SG)	Schürze
Schürze	N;GEN(PL)	Schürzen
Schürze	N;GEN(SG)	Schürze
Schürze	N;NOM(PL)	Schürzen
Schürze	N;NOM(SG)	Schürze
Taifun	N;ACC(PL)	Taifune
Taifun	N;ACC(SG)	Taifun
Taifun	N;DAT(PL)	Taifunen
Taifun	N;DAT(SG)	Taifun
Taifun	N;GEN(PL)	Taifune
Taifun	N;GEN(SG)	Taifuns
Taifun	N;NOM(PL)	Taifune
Taifun	N;NOM(SG)	Taifun
Tensid	N;ACC(PL)	Tenside
Tensid	N;ACC(SG)	Tensid
Tensid	N;DAT(PL)	Tensiden
Tensid	N;DAT(SG)	Tensid
Tensid	N;GEN(PL)	Tenside
Tensid	N;GEN(SG)	Tensids
Tensid	N;NOM(PL)	Tenside
Tensid	N;NOM(SG)	Tensid
Theodizee	N;ACC(PL)	Theodizeen
Theodizee	N;ACC(SG)	Theodizee
Theodizee	N;DAT(PL)	Theodizeen
Theodizee	N;DAT(SG)	Theodizee
Theodizee	N;GEN(PL)	Theodizeen
Theodizee	N;GEN(SG)	Theodizee
Theodizee	N;NOM(PL)	Theodizeen
Theodizee	N;NOM(SG)	Theodizee
Tukan	N;ACC(PL)	Tukane
Tukan	N;ACC(SG)	Tukan
Tukan	N;DAT(PL)	Tukanen
Tukan	N;GEN(PL)	Tukane
Tukan	N;GEN(SG)	Tukans
Tukan	N;NOM(PL)	Tukane
Tukan	N;NOM(SG)	Tukan
Umweltministerium	N;ACC(PL)	Umweltministerien
Umweltministerium	N;ACC(SG)	Umweltministerium
Umweltministerium	N;DAT(PL)	Umweltministerien
Umweltministerium	N;DAT(SG)	Umweltministerium
Umweltministerium	N;GEN(PL)	Umweltministerien
Umweltministerium	N;GEN(SG)	Umweltministeriums
Umweltministerium	N;NOM(PL)	Umweltministerien
Umweltministerium	N;NOM(SG)	Umweltministerium
Unterschenkel	N;ACC(PL)	Unterschenkel
Unterschenkel	N;ACC(SG)	Unterschenkel
Unterschenkel	N;DAT(PL)	Unterschenkeln
Unterschenkel	N;DAT(SG)	Unterschenkel
Unterschenkel	N;GEN(PL)	Unterschenkel
Unterschenkel	N;GEN(SG)	Unterschenkels
Unterschenkel	N;NOM(PL)	Unterschenkel
Unterschenkel	N;NOM(SG)	Unterschenkel
Verschwörungstheoretiker	N;ACC(PL)	Verschwörungstheoretiker
Verschwörungstheoretiker	N;ACC(SG)	Verschwörungstheoretiker
Verschwörungstheoretiker	N;DAT(PL)	Verschwörungstheoretikern
Verschwörungstheoretiker	N;DAT(SG)	Verschwörungstheoretiker
Verschwörungstheoretiker	N;GEN(PL)	Verschwörungstheoretiker
Verschwörungstheoretiker	N;GEN(SG)	Verschwörungstheoretikers
Verschwörungstheoretiker	N;NOM(PL)	Verschwörungstheoretiker
Verschwörungstheoretiker	N;NOM(SG)	Verschwörungstheoretiker
Vollwaschmittel	N;ACC(PL)	Vollwaschmittel
Vollwaschmittel	N;ACC(SG)	Vollwaschmittel
Vollwaschmittel	N;DAT(PL)	Vollwaschmittel
Vollwaschmittel	N;DAT(SG)	Vollwaschmittel
Vollwaschmittel	N;GEN(PL)	Vollwaschmittel
Vollwaschmittel	N;NOM(PL)	Vollwaschmittel
Vollwaschmittel	N;NOM(SG)	Vollwaschmittel
Vorbild	N;ACC(PL)	Vorbilder
Vorbild	N;ACC(SG)	Vorbild
Vorbild	N;DAT(PL)	Vorbildern
Vorbild	N;DAT(SG)	Vorbild
Vorbild	N;GEN(PL)	Vorbilder
Vorbild	N;GEN(SG)	Vorbildes
Vorbild	N;NOM(PL)	Vorbilder
Vorbild	N;NOM(SG)	Vorbild
Wahlkämpfer	N;ACC(PL)	Wahlkämpfer
Wahlkämpfer	N;ACC(SG)	Wahlkämpfer
Wahlkämpfer	N;DAT(PL)	Wahlkämpfern
Wahlkämpfer	N;DAT(SG)	Wahlkämpfer
Wahlkämpfer	N;GEN(PL)	Wahlkämpfer
Wahlkämpfer	N;GEN(SG)	Wahlkämpfers
Wahlkämpfer	N;NOM(PL)	Wahlkämpfer
Wahlkämpfer	N;NOM(SG)	Wahlkämpfer
Wohnsitz	N;ACC(PL)	Wohnsitze
Wohnsitz	N;ACC(SG)	Wohnsitz
Wohnsitz	N;DAT(PL)	Wohnsitzen
Wohnsitz	N;DAT(SG)	Wohnsitz
Wohnsitz	N;GEN(PL)	Wohnsitze
Wohnsitz	N;GEN(SG)	Wohnsitzes
Wohnsitz	N;NOM(PL)	Wohnsitze
Wohnsitz	N;NOM(SG)	Wohnsitz
Zahnärztin	N;ACC(PL)	Zahnärztinnen
Zahnärztin	N;ACC(SG)	Zahnärztin
Zahnärztin	N;DAT(PL)	Zahnärztinnen
Zahnärztin	N;DAT(SG)	Zahnärztin
Zahnärztin	N;GEN(PL)	Zahnärztinnen
Zahnärztin	N;GEN(SG)	Zahnärztin
Zahnärztin	N;NOM(PL)	Zahnärztinnen
Zahnärztin	N;NOM(SG)	Zahnärztin
abalienieren	V;IND;PST;NOM(2,SG)	abalieniertest
abalienieren	V;IND;PST;NOM(3,PL)	abalienierten
abalienieren	V;NFIN	abalienieren
abalienieren	V;SBJV;PRS;NOM(1,PL)	abalienieren
abalienieren	V;SBJV;PRS;NOM(2,PL)	abalienieret
abalienieren	V;SBJV;PRS;NOM(2,SG)	abalienierest
abalienieren	V;SBJV;PRS;NOM(3,PL)	abalienieren
abalienieren	V;SBJV;PST;NOM(1,PL)	abalienierten
abalienieren	V;SBJV;PST;NOM(1,SG)	abalienierte
abalienieren	V;SBJV;PST;NOM(2,SG)	abalieniertest
abalienieren	V;SBJV;PST;NOM(3,PL)	abalienierten
abalienieren	V;SBJV;PST;NOM(3,SG)	abalienierte
ablaufen	V.PTCP;PST	ablaufen
ablaufen	V;IMP;NOM(2,SG)	ablauf
ablaufen	V;IND;PRS;NOM(1,PL)	ablaufen
ablaufen	V;IND;PRS;NOM(1,SG)	ablaufe
ablaufen	V;IND;PRS;NOM(3,SG)	abläuft
ablaufen	V;IND;PST;NOM(1,PL)	abliefen
ablaufen	V;IND;PST;NOM(2,SG)	abliefst
ablaufen	V;IND;PST;NOM(3,PL)	ablauften
ablaufen	V;IND;PST;NOM(3,SG)	ablief
ablaufen	V;SBJV;PST;NOM(1,PL)	abliefen
ablaufen	V;SBJV;PST;NOM(1,SG)	abliefe
ablaufen	V;SBJV;PST;NOM(2,SG)	abliefest
appliciren	V.PTCP;PRS	applicirend
appliciren	V.PTCP;PST	applicirt
appliciren	V;IMP;NOM(2,PL)	applicirt
appliciren	V;IND;PRS;NOM(3,PL)	appliciren
appliciren	V;IND;PST;NOM(2,PL)	applicirtet
appliciren	V;IND;PST;NOM(3,PL)	applicirten
appliciren	V;IND;PST;NOM(3,SG)	applicirte
appliciren	V;SBJV;PRS;NOM(2,PL)	appliciret
appliciren	V;SBJV;PRS;NOM(2,SG)	applicirest
appliciren	V;SBJV;PRS;NOM(3,PL)	appliciren
appliciren	V;SBJV;PST;NOM(1,PL)	applicirten
appliciren	V;SBJV;PST;NOM(1,SG)	applicirte
appliciren	V;SBJV;PST;NOM(3,SG)	applicirte
aufheben	V;IMP;NOM(2,SG)	aufhib ab
aufheben	V;IND;PRS;NOM(3,SG)	aufhebt
aufheben	V;IND;PST;NOM(1,SG)	aufhab
aufheben	V;IND;PST;NOM(2,PL)	aufhbt
aufheben	V;IND;PST;NOM(3,PL)	aufhreis
aufheben	V;IND;PST;NOM(3,SG)	aufhab
aufheben	V;SBJV;PRS;NOM(2,PL)	aufhebet ab
aufheben	V;SBJV;PRS;NOM(2,SG)	aufhebest
aufheben	V;SBJV;PRS;NOM(3,PL)	aufhpreis
aufheben	V;SBJV;PRS;NOM(3,SG)	aufhebe ab
aufheben	V;SBJV;PST;NOM(1,PL)	aufhäben ab
aufheben	V;SBJV;PST;NOM(3,SG)	aufhäbe ab
ausbrechen	V.PTCP;PRS	ausbrechend
ausbrechen	V;IMP;NOM(2,PL)	ausbrecht
ausbrechen	V;IND;PRS;NOM(1,SG)	ausbreche
ausbrechen	V;IND;PRS;NOM(3,PL)	ausbrechen
ausbrechen	V;IND;PRS;NOM(3,SG)	ausbricht
ausbrechen	V;IND;PST;NOM(1,PL)	ausbrachen
ausbrechen	V;IND;PST;NOM(1,SG)	ausbrach
ausbrechen	V;IND;PST;NOM(2,PL)	ausbracht
ausbrechen	V;IND;PST;NOM(3,PL)	ausbrachen
ausbrechen	V;IND;PST;NOM(3,SG)	ausbrach
ausbrechen	V;SBJV;PRS;NOM(1,PL)	ausbrechen
ausbrechen	V;SBJV;PRS;NOM(2,PL)	ausbrechet
ausbrechen	V;SBJV;PST;NOM(2,SG)	ausbrächest
ballasten	V.PTCP;PRS	ballastend
ballasten	V;IND;PRS;NOM(1,SG)	ballaste
ballasten	V;IND;PRS;NOM(2,SG)	ballastest
ballasten	V;IND;PST;NOM(2,SG)	ballastetest
ballasten	V;IND;PST;NOM(3,SG)	ballastete
ballasten	V;SBJV;PRS;NOM(1,PL)	ballasten
ballasten	V;SBJV;PRS;NOM(2,PL)	ballastet
ballasten	V;SBJV;PRS;NOM(2,SG)	ballastest
ballasten	V;SBJV;PRS;NOM(3,SG)	ballaste
ballasten	V;SBJV;PST;NOM(1,PL)	ballasteten
ballasten	V;SBJV;PST;NOM(2,SG)	ballastetest
ballasten	V;SBJV;PST;NOM(3,PL)	ballasteten
ballasten	V;SBJV;PST;NOM(3,SG)	ballastete
befördern	V.PTCP;PST	befördert
befördern	V;IMP;NOM(2,SG)	befördre
befördern	V;IND;PRS;NOM(1,SG)	befördre
befördern	V;IND;PRS;NOM(3,PL)	befördern
befördern	V;IND;PST;NOM(1,PL)	beförderten
befördern	V;IND;PST;NOM(3,SG)	beförderte
befördern	V;SBJV;PRS;NOM(1,PL)	befördern
befördern	V;SBJV;PRS;NOM(1,SG)	befördere
befördern	V;SBJV;PRS;NOM(2,PL)	beförderet
befördern	V;SBJV;PRS;NOM(2,SG)	beförderest
befördern	V;SBJV;PRS;NOM(3,PL)	befördern
befördern	V;SBJV;PST;NOM(1,PL)	beförderten
befördern	V;SBJV;PST;NOM(1,SG)	beförderte
belügen	V.PTCP;PRS	belügend
belügen	V.PTCP;PST	belügt
belügen	V;IND;PRS;NOM(2,SG)	belügst
belügen	V;IND;PRS;NOM(3,PL)	belügen
belügen	V;IND;PRS;NOM(3,SG)	belügt
belügen	V;IND;PST;NOM(1,PL)	belügten
belügen	V;IND;PST;NOM(1,SG)	belügte
belügen	V;IND;PST;NOM(2,PL)	belügtet
belügen	V;SBJV;PRS;NOM(1,PL)	belügen
belügen	V;SBJV;PRS;NOM(2,PL)	belüget
belügen	V;SBJV;PRS;NOM(3,SG)	belüge
belügen	V;SBJV;PST;NOM(2,PL)	belügtet
belügen	V;SBJV;PST;NOM(3,PL)	belügten
bimmeln	V.PTCP;PST	bimmelt
bimmeln	V;IMP;NOM(2,PL)	bimmelt an
bimmeln	V;IMP;NOM(2,SG)	bimmle an
bimmeln	V;IND;PRS;NOM(1,SG)	bimmle an
bimmeln	V;IND;PRS;NOM(2,PL)	bimmelt an
bimmeln	V;IND;PST;NOM(1,PL)	bimmelten
bimmeln	V;IND;PST;NOM(1,SG)	bimmelte
bimmeln	V;IND;PST;NOM(2,PL)	bimmeltet an
bimmeln	V;IND;PST;NOM(3,PL)	bimmelten an
bimmeln	V;SBJV;PRS;NOM(1,SG)	bimmele
bimmeln	V;SBJV;PRS;NOM(3,PL)	bimmeln an
bimmeln	V;SBJV;PST;NOM(3,PL)	bimmelten an
bimmeln	V;SBJV;PST;NOM(3,SG)	bimmelte an
bummeln	V.PTCP;PST	bummelt
bummeln	V;IND;PRS;NOM(1,SG)	bummle an
bummeln	V;IND;PST;NOM(2,PL)	bummeltet an
bummeln	V;IND;PST;NOM(2,SG)	bummeltest
bummeln	V;IND;PST;NOM(3,PL)	bummelten an
bummeln	V;IND;PST;NOM(3,SG)	bummelte
bummeln	V;NFIN	bummeln
bummeln	V;SBJV;PRS;NOM(1,PL)	bummeln
bummeln	V;SBJV;PRS;NOM(2,PL)	bummelet an
bummeln	V;SBJV;PRS;NOM(3,PL)	bummeln an
bummeln	V;SBJV;PST;NOM(1,PL)	bummelten an
bummeln	V;SBJV;PST;NOM(1,SG)	bummelte an
bummeln	V;SBJV;PST;NOM(3,SG)	bummelte an
dublieren	V;IMP;NOM(2,PL)	dubliert
dublieren	V;IND;PRS;NOM(2,PL)	dubliert
dublieren	V;IND;PRS;NOM(3,PL)	dublieren
dublieren	V;IND;PST;NOM(1,PL)	dublierten
dublieren	V;IND;PST;NOM(2,PL)	dubliertet
dublieren	V;IND;PST;NOM(2,SG)	dubliertest
dublieren	V;IND;PST;NOM(3,PL)	dublierten
dublieren	V;NFIN	dublieren
dublieren	V;SBJV;PRS;NOM(3,PL)	dublieren
dublieren	V;SBJV;PRS;NOM(3,SG)	dubliere
dublieren	V;SBJV;PST;NOM(1,PL)	dublierten
dublieren	V;SBJV;PST;NOM(3,SG)	dublierte
einleben	V;IND;PRS;NOM(1,PL)	einleben ab
einleben	V;IND;PRS;NOM(2,PL)	einlebt
einleben	V;IND;PST;NOM(1,PL)	einlreis
einleben	V;IND;PST;NOM(2,PL)	einlbt
einleben	V;IND;PST;NOM(2,SG)	einl preis
einleben	V;IND;PST;NOM(3,PL)	einlreis
einleben	V;IND;PST;NOM(3,SG)	einlab
einleben	V;SBJV;PRS;NOM(1,PL)	einleben ab
einleben	V;SBJV;PRS;NOM(2,PL)	einlebet ab
einleben	V;SBJV;PRS;NOM(3,PL)	einlpreis
einleben	V;SBJV;PST;NOM(1,PL)	einläben ab
einleben	V;SBJV;PST;NOM(2,PL)	einläbet ab
einleben	V;SBJV;PST;NOM(3,PL)	einlreis
empfinden	V.PTCP;PRS	empfindend
empfinden	V.PTCP;PST	empfunden
empfinden	V;IND;PRS;NOM(1,PL)	empfinden
empfinden	V;IND;PRS;NOM(1,SG)	empfinde
empfinden	V;IND;PRS;NOM(3,PL)	empfinden
empfinden	V;IND;PST;NOM(3,PL)	empfanden
empfinden	V;IND;PST;NOM(3,SG)	empfand
empfinden	V;SBJV;PRS;NOM(1,PL)	empfinden
empfinden	V;SBJV;PRS;NOM(1,SG)	empfinde
empfinden	V;SBJV;PST;NOM(1,SG)	empfände
empfinden	V;SBJV;PST;NOM(2,SG)	empfindetest
empfinden	V;SBJV;PST;NOM(3,PL)	empfindeten
entführen	V;IMP;NOM(2,PL)	entführt
entführen	V;IND;PRS;NOM(1,PL)	entführen
entführen	V;IND;PRS;NOM(1,SG)	entführe
entführen	V;IND;PRS;NOM(2,PL)	entführt
entführen	V;IND;PRS;NOM(3,PL)	entführen
entführen	V;IND;PST;NOM(1,PL)	entführten
entführen	V;IND;PST;NOM(3,SG)	entführte
entführen	V;SBJV;PRS;NOM(2,SG)	entführest
entführen	V;SBJV;PST;NOM(1,PL)	entführten
entführen	V;SBJV;PST;NOM(1,SG)	entführte
entführen	V;SBJV;PST;NOM(2,SG)	entführtest
entführen	V;SBJV;PST;NOM(3,PL)	entführten
entführen	V;SBJV;PST;NOM(3,SG)	entführte
entmineralisieren	V.PTCP;PRS	entmineralisierend
entmineralisieren	V;IMP;NOM(2,SG)	entmineralisier
entmineralisieren	V;IND;PRS;NOM(1,PL)	entmineralisieren
entmineralisieren	V;IND;PRS;NOM(1,SG)	entmineralisiere
entmineralisieren	V;IND;PRS;NOM(2,SG)	entmineralisierst
entmineralisieren	V;IND;PRS;NOM(3,PL)	entmineralisieren
entmineralisieren	V;NFIN	entmineralisieren
entmineralisieren	V;SBJV;PRS;NOM(2,SG)	entmineralisierest
entmineralisieren	V;SBJV;PRS;NOM(3,SG)	entmineralisiere
entmineralisieren	V;SBJV;PST;NOM(1,SG)	entmineralisierte
entmineralisieren	V;SBJV;PST;NOM(2,PL)	entmineralisiertet
entmineralisieren	V;SBJV;PST;NOM(2,SG)	entmineralisiertest
entmineralisieren	V;SBJV;PST;NOM(3,PL)	entmineralisierten
entsagen	V;IND;PRS;NOM(1,SG)	entsage zu
entsagen	V;IND;PRS;NOM(3,PL)	entsagen
entsagen	V;IND;PRS;NOM(3,SG)	entsagt zu
entsagen	V;IND;PST;NOM(2,PL)	entsagtet zu
entsagen	V;IND;PST;NOM(3,PL)	entsagten zu
entsagen	V;IND;PST;NOM(3,SG)	entsagte zu
entsagen	V;SBJV;PRS;NOM(1,PL)	entsagen zu
entsagen	V;SBJV;PRS;NOM(2,PL)	entsaget zu
entsagen	V;SBJV;PRS;NOM(3,PL)	entsagen zu
entsagen	V;SBJV;PRS;NOM(3,SG)	entsage
entsagen	V;SBJV;PST;NOM(1,PL)	entsagten zu
entsagen	V;SBJV;PST;NOM(2,PL)	entsagtet zu
entsagen	V;SBJV;PST;NOM(3,SG)	entsagte zu
entschließen	V.PTCP;PRS	entschließend
entschließen	V;IND;PRS;NOM(2,PL)	entschließt
entschließen	V;IND;PRS;NOM(2,SG)	entschließt
entschließen	V;IND;PRS;NOM(3,PL)	entschließen
entschließen	V;IND;PRS;NOM(3,SG)	entschließt
entschließen	V;IND;PST;NOM(1,PL)	entschlossen
entschließen	V;IND;PST;NOM(2,SG)	entschließtest
entschließen	V;SBJV;PRS;NOM(1,PL)	entschließen
entschließen	V;SBJV;PRS;NOM(1,SG)	entschließe
entschließen	V;SBJV;PRS;NOM(2,PL)	entschließet
entschließen	V;SBJV;PST;NOM(2,PL)	entschlösset
entschließen	V;SBJV;PST;NOM(2,SG)	entschlössest
entschließen	V;SBJV;PST;NOM(3,SG)	entschließte
etiolieren	V.PTCP;PRS	etiolierend
etiolieren	V;IMP;NOM(2,SG)	etiolier
etiolieren	V;IND;PRS;NOM(1,PL)	etiolieren
etiolieren	V;IND;PRS;NOM(2,SG)	etiolierst
etiolieren	V;IND;PST;NOM(2,SG)	etioliertest
etiolieren	V;SBJV;PRS;NOM(1,SG)	etioliere
etiolieren	V;SBJV;PRS;NOM(2,PL)	etiolieret
etiolieren	V;SBJV;PRS;NOM(3,PL)	etiolieren
etiolieren	V;SBJV;PRS;NOM(3,SG)	etioliere
etiolieren	V;SBJV;PST;NOM(1,SG)	etiolierte
etiolieren	V;SBJV;PST;NOM(2,SG)	etioliertest
etiolieren	V;SBJV;PST;NOM(3,SG)	etiolierte
expandieren	V.PTCP;PRS	expandierend
expandieren	V.PTCP;PST	expandiert
expandieren	V;IND;PRS;NOM(2,PL)	expandiert
expandieren	V;IND;PRS;NOM(2,SG)	expandierst
expandieren	V;IND;PRS;NOM(3,SG)	expandiert
expandieren	V;IND;PST;NOM(1,PL)	expandierten
expandieren	V;IND;PST;NOM(2,SG)	expandiertest
expandieren	V;IND;PST;NOM(3,SG)	expandierte
expandieren	V;SBJV;PRS;NOM(2,SG)	expandierest
expandieren	V;SBJV;PRS;NOM(3,PL)	expandieren
expandieren	V;SBJV;PRS;NOM(3,SG)	expandiere
expandieren	V;SBJV;PST;NOM(1,PL)	expandierten
expandieren	V;SBJV;PST;NOM(3,PL)	expandierten
feilschen	V.PTCP;PRS	feilschend
feilschen	V;IMP;NOM(2,PL)	feilscht
feilschen	V;IND;PRS;NOM(2,PL)	feilscht
feilschen	V;IND;PST;NOM(2,SG)	feilschtest
feilschen	V;IND;PST;NOM(3,PL)	feilschten
feilschen	V;SBJV;PRS;NOM(2,PL)	feilschet
feilschen	V;SBJV;PRS;NOM(2,SG)	feilschest
feilschen	V;SBJV;PRS;NOM(3,PL)	feilschen
feilschen	V;SBJV;PRS;NOM(3,SG)	feilsche
feilschen	V;SBJV;PST;NOM(1,PL)	feilschten
feilschen	V;SBJV;PST;NOM(1,SG)	feilschte
feilschen	V;SBJV;PST;NOM(3,PL)	feilschen
feilschen	V;SBJV;PST;NOM(3,SG)	feilschte
fluorieren	V.PTCP;PST	fluoriert
fluorieren	V;IND;PRS;NOM(2,PL)	fluoriert
fluorieren	V;IND;PST;NOM(1,PL)	fluorierten
fluorieren	V;IND;PST;NOM(1,SG)	fluorierte
fluorieren	V;IND;PST;NOM(2,PL)	fluoriertet
fluorieren	V;IND;PST;NOM(3,PL)	fluorierten
fluorieren	V;IND;PST;NOM(3,SG)	fluorierte
fluorieren	V;SBJV;PRS;NOM(2,SG)	fluorierest
fluorieren	V;SBJV;PRS;NOM(3,PL)	fluorieren
fluorieren	V;SBJV;PRS;NOM(3,SG)	fluoriere
fluorieren	V;SBJV;PST;NOM(1,PL)	fluorierten
fluorieren	V;SBJV;PST;NOM(1,SG)	fluorierte
fluorieren	V;SBJV;PST;NOM(2,SG)	fluoriertest
impfen	V;IMP;NOM(2,SG)	impf
impfen	V;IND;PRS;NOM(1,PL)	impfen
impfen	V;IND;PRS;NOM(2,PL)	impft
impfen	V;IND;PRS;NOM(3,PL)	impfen
impfen	V;IND;PRS;NOM(3,SG)	impft
impfen	V;IND;PST;NOM(2,PL)	impftet
impfen	V;IND;PST;NOM(3,PL)	impften
impfen	V;IND;PST;NOM(3,SG)	impfte
impfen	V;NFIN	impfen
impfen	V;SBJV;PRS;NOM(3,PL)	impfen
impfen	V;SBJV;PRS;NOM(3,SG)	impfe
impfen	V;SBJV;PST;NOM(2,PL)	impfet
impfen	V;SBJV;PST;NOM(3,PL)	impften
infizieren	V.PTCP;PRS	infizierend
infizieren	V;IND;PRS;NOM(2,PL)	infiziert
infizieren	V;IND;PRS;NOM(3,PL)	infizieren
infizieren	V;IND;PST;NOM(1,PL)	infizierten
infizieren	V;IND;PST;NOM(2,PL)	infiziertet
infizieren	V;IND;PST;NOM(3,SG)	infizierte
infizieren	V;SBJV;PRS;NOM(1,PL)	infizieren
infizieren	V;SBJV;PRS;NOM(2,PL)	infizieret
infizieren	V;SBJV;PRS;NOM(2,SG)	infizierest
infizieren	V;SBJV;PRS;NOM(3,SG)	infiziere
infizieren	V;SBJV;PST;NOM(1,SG)	infizierte
infizieren	V;SBJV;PST;NOM(2,SG)	infiziertest
infizieren	V;SBJV;PST;NOM(3,SG)	infizierte
kieken	V.PTCP;PRS	kiekend
kieken	V.PTCP;PST	kiekt
kieken	V;IND;PRS;NOM(1,PL)	kieken
kieken	V;IND;PRS;NOM(2,PL)	kiekt
kieken	V;IND;PST;NOM(1,PL)	kiekten
kieken	V;IND;PST;NOM(2,PL)	kiektet
kieken	V;IND;PST;NOM(3,PL)	kiekten
kieken	V;IND;PST;NOM(3,SG)	kiekte
kieken	V;NFIN	kieken
kieken	V;SBJV;PRS;NOM(1,SG)	kieke
kieken	V;SBJV;PST;NOM(1,SG)	kiekte
kieken	V;SBJV;PST;NOM(2,SG)	kiektest
kieken	V;SBJV;PST;NOM(3,SG)	kiekte
kippen	V;IMP;NOM(2,SG)	kipp
kippen	V;IND;PRS;NOM(1,SG)	kippe
kippen	V;IND;PRS;NOM(2,SG)	kippst
kippen	V;IND;PRS;NOM(3,SG)	kippt
kippen	V;IND;PST;NOM(2,PL)	kipptet
kippen	V;IND;PST;NOM(3,SG)	kippte
kippen	V;NFIN	kippen
kippen	V;SBJV;PRS;NOM(1,SG)	kippe
kippen	V;SBJV;PRS;NOM(3,SG)	kippe
kippen	V;SBJV;PST;NOM(1,PL)	kippten
kippen	V;SBJV;PST;NOM(1,SG)	kippte
kippen	V;SBJV;PST;NOM(2,PL)	kipptet
kippen	V;SBJV;PST;NOM(2,SG)	kipptest
klirren	V.PTCP;PST	klirrt
klirren	V;IMP;NOM(2,PL)	klirrt
klirren	V;IND;PRS;NOM(1,PL)	klirren
klirren	V;IND;PRS;NOM(1,SG)	klirre
klirren	V;IND;PRS;NOM(2,PL)	klirrt
klirren	V;IND;PST;NOM(1,PL)	klirrten
klirren	V;IND;PST;NOM(1,SG)	klirrte
klirren	V;IND;PST;NOM(3,PL)	klirrten
klirren	V;NFIN	klirren
klirren	V;SBJV;PRS;NOM(2,SG)	klirrest
klirren	V;SBJV;PST;NOM(1,PL)	klirrten
klirren	V;SBJV;PST;NOM(1,SG)	klirrte
kontrahieren	V.PTCP;PRS	kontrahierend
kontrahieren	V.PTCP;PST	kontrahiert
kontrahieren	V;IMP;NOM(2,SG)	kontrahier
kontrahieren	V;IND;PRS;NOM(1,SG)	kontrahiere
kontrahieren	V;IND;PRS;NOM(3,SG)	kontrahiert
kontrahieren	V;IND;PST;NOM(1,PL)	kontrahierten
kontrahieren	V;IND;PST;NOM(2,PL)	kontrahiertet
kontrahieren	V;NFIN	kontrahieren
kontrahieren	V;SBJV;PRS;NOM(3,SG)	kontrahiere
kontrahieren	V;SBJV;PST;NOM(1,SG)	kontrahierte
kontrahieren	V;SBJV;PST;NOM(2,PL)	kontrahiertet
kontrahieren	V;SBJV;PST;NOM(2,SG)	kontrahiertest
kontrahieren	V;SBJV;PST;NOM(3,PL)	kontrahierten
kümmern	V.PTCP;PRS	kümmernd
kümmern	V;IMP;NOM(2,PL)	kümmert
kümmern	V;IND;PRS;NOM(1,SG)	kümmre
kümmern	V;IND;PRS;NOM(2,SG)	kümmerst
kümmern	V;IND;PRS;NOM(3,PL)	kümmern
kümmern	V;IND;PRS;NOM(3,SG)	kümmert
kümmern	V;IND;PST;NOM(1,SG)	kümmerte
kümmern	V;IND;PST;NOM(2,PL)	kümmertet
kümmern	V;IND;PST;NOM(2,SG)	kümmertest
kümmern	V;IND;PST;NOM(3,PL)	kümmerten
kümmern	V;SBJV;PRS;NOM(1,SG)	kümmere
kümmern	V;SBJV;PST;NOM(3,PL)	kümmerten
kümmern	V;SBJV;PST;NOM(3,SG)	kümmerte
liquidieren	V.PTCP;PST	liquidiert
liquidieren	V;IND;PRS;NOM(2,PL)	liquidiert
liquidieren	V;IND;PRS;NOM(3,SG)	liquidiert
liquidieren	V;IND;PST;NOM(1,PL)	liquidierten
liquidieren	V;IND;PST;NOM(2,SG)	liquidiertest
liquidieren	V;IND;PST;NOM(3,PL)	liquidierten
liquidieren	V;IND;PST;NOM(3,SG)	liquidierte
liquidieren	V;SBJV;PRS;NOM(1,SG)	liquidiere
liquidieren	V;SBJV;PRS;NOM(3,PL)	liquidieren
liquidieren	V;SBJV;PRS;NOM(3,SG)	liquidiere
liquidieren	V;SBJV;PST;NOM(2,PL)	liquidiertet
liquidieren	V;SBJV;PST;NOM(3,PL)	liquidierten
liquidieren	V;SBJV;PST;NOM(3,SG)	liquidierte
mulchen	V.PTCP;PST	mulcht
mulchen	V;IMP;NOM(2,SG)	mulch
mulchen	V;IND;PRS;NOM(1,PL)	mulchen
mulchen	V;IND;PRS;NOM(3,PL)	mulchen
mulchen	V;IND;PRS;NOM(3,SG)	mulcht
mulchen	V;IND;PST;NOM(1,PL)	mulchten
mulchen	V;IND;PST;NOM(1,SG)	mulchte
mulchen	V;IND;PST;NOM(3,PL)	mulchten
mulchen	V;SBJV;PRS;NOM(2,PL)	mulchet
mulchen	V;SBJV;PST;NOM(1,PL)	mulchten
mulchen	V;SBJV;PST;NOM(1,SG)	mulchte
mulchen	V;SBJV;PST;NOM(3,PL)	mulchten
nützen	V.PTCP;PST	nützt
nützen	V;IND;PST;NOM(1,PL)	nützten
nützen	V;IND;PST;NOM(3,SG)	nützte
nützen	V;SBJV;PRS;NOM(1,PL)	nützen
nützen	V;SBJV;PRS;NOM(1,SG)	nütze
nützen	V;SBJV;PRS;NOM(2,PL)	nützet
nützen	V;SBJV;PRS;NOM(2,SG)	nützest
nützen	V;SBJV;PRS;NOM(3,PL)	nützen
nützen	V;SBJV;PRS;NOM(3,SG)	nütze
nützen	V;SBJV;PST;NOM(1,SG)	nützte
nützen	V;SBJV;PST;NOM(2,SG)	nütztest
nützen	V;SBJV;PST;NOM(3,SG)	nützte
paraphrasieren	V.PTCP;PRS	paraphrasierend
paraphrasieren	V;IND;PRS;NOM(2,PL)	paraphrasiert
paraphrasieren	V;IND;PRS;NOM(3,SG)	paraphrasiert
paraphrasieren	V;IND;PST;NOM(1,PL)	paraphrasierten
paraphrasieren	V;IND;PST;NOM(2,PL)	paraphrasiertet
paraphrasieren	V;NFIN	paraphrasieren
paraphrasieren	V;SBJV;PRS;NOM(1,SG)	paraphrasiere
paraphrasieren	V;SBJV;PST;NOM(1,PL)	paraphrasierten
paraphrasieren	V;SBJV;PST;NOM(1,SG)	paraphrasierte
paraphrasieren	V;SBJV;PST;NOM(2,PL)	paraphrasiertet
paraphrasieren	V;SBJV;PST;NOM(2,SG)	paraphrasiertest
paraphrasieren	V;SBJV;PST;NOM(3,PL)	paraphrasierten
paraphrasieren	V;SBJV;PST;NOM(3,SG)	paraphrasierte
pubertieren	V;IMP;NOM(2,PL)	pubertiert
pubertieren	V;IMP;NOM(2,SG)	pubertier
pubertieren	V;IND;PRS;NOM(1,PL)	pubertieren
pubertieren	V;IND;PRS;NOM(3,SG)	pubertiert
pubertieren	V;IND;PST;NOM(2,PL)	pubertiertet
pubertieren	V;IND;PST;NOM(2,SG)	pubertiertest
pubertieren	V;SBJV;PRS;NOM(1,PL)	pubertieren
pubertieren	V;SBJV;PRS;NOM(2,PL)	pubertieret
pubertieren	V;SBJV;PRS;NOM(3,PL)	pubertieren
pubertieren	V;SBJV;PRS;NOM(3,SG)	pubertiere
pubertieren	V;SBJV;PST;NOM(1,SG)	pubertierte
pubertieren	V;SBJV;PST;NOM(2,PL)	pubertiertet
pubertieren	V;SBJV;PST;NOM(2,SG)	pubertiertest
sabbeln	V;IMP;NOM(2,SG)	sabble
sabbeln	V;IND;PRS;NOM(1,PL)	sabbeln
sabbeln	V;IND;PRS;NOM(1,SG)	sabble
sabbeln	V;IND;PRS;NOM(3,SG)	sabbelt
sabbeln	V;IND;PST;NOM(2,PL)	sabbeltet
sabbeln	V;IND;PST;NOM(2,SG)	sabbeltest
sabbeln	V;IND;PST;NOM(3,PL)	sabbelten
sabbeln	V;SBJV;PRS;NOM(2,PL)	sabbelet
sabbeln	V;SBJV;PRS;NOM(2,SG)	sabbelest
sabbeln	V;SBJV;PRS;NOM(3,PL)	sabbeln
sabbeln	V;SBJV;PRS;NOM(3,SG)	sabbele
sabbeln	V;SBJV;PST;NOM(1,SG)	sabbelte
sabbeln	V;SBJV;PST;NOM(2,SG)	sabbeltest
sehnen	V;IMP;NOM(2,SG)	sehn
sehnen	V;IND;PRS;NOM(1,PL)	sehnen
sehnen	V;IND;PRS;NOM(2,PL)	sehnt
sehnen	V;IND;PRS;NOM(3,PL)	sehnen
sehnen	V;IND;PST;NOM(1,PL)	sehnten
sehnen	V;IND;PST;NOM(3,PL)	sehnten
sehnen	V;IND;PST;NOM(3,SG)	sehnte
sehnen	V;SBJV;PRS;NOM(3,PL)	sehnen
sehnen	V;SBJV;PRS;NOM(3,SG)	sehne
sehnen	V;SBJV;PST;NOM(1,SG)	sehnte
sehnen	V;SBJV;PST;NOM(2,PL)	sehntet
sehnen	V;SBJV;PST;NOM(3,PL)	sehnten
sehnen	V;SBJV;PST;NOM(3,SG)	sehnte
sparen	V.PTCP;PST	spart
sparen	V;IMP;NOM(2,PL)	spart
sparen	V;IMP;NOM(2,SG)	spar
sparen	V;IND;PRS;NOM(2,SG)	sparst
sparen	V;IND;PST;NOM(3,PL)	sparten
sparen	V;SBJV;PRS;NOM(1,PL)	sparen
sparen	V;SBJV;PRS;NOM(2,SG)	sparest
sparen	V;SBJV;PRS;NOM(3,PL)	sparen
sparen	V;SBJV;PST;NOM(1,SG)	sparte
sparen	V;SBJV;PST;NOM(2,PL)	spartet
sparen	V;SBJV;PST;NOM(2,SG)	spartest
sparen	V;SBJV;PST;NOM(3,PL)	sparten
sparen	V;SBJV;PST;NOM(3,SG)	sparte
tippen	V.PTCP;PST	tippt
tippen	V;IMP;NOM(2,PL)	tippt
tippen	V;IND;PRS;NOM(2,PL)	tippt
tippen	V;IND;PRS;NOM(2,SG)	tippst
tippen	V;IND;PRS;NOM(3,PL)	tippen
tippen	V;IND;PST;NOM(1,PL)	tippten
tippen	V;IND;PST;NOM(3,SG)	tippte
tippen	V;SBJV;PRS;NOM(2,PL)	tippet
tippen	V;SBJV;PRS;NOM(2,SG)	tippest
tippen	V;SBJV;PST;NOM(2,PL)	tipptet
tippen	V;SBJV;PST;NOM(3,SG)	tippte
umwandeln	V.PTCP;PRS	umwandelnd
umwandeln	V;IND;PRS;NOM(1,SG)	umwandle
umwandeln	V;IND;PRS;NOM(2,PL)	umwandelt
umwandeln	V;IND;PRS;NOM(2,SG)	umwandelst
umwandeln	V;IND;PRS;NOM(3,PL)	umwandeln
umwandeln	V;IND;PRS;NOM(3,SG)	umwandelt
umwandeln	V;IND;PST;NOM(2,PL)	umwandeltet
umwandeln	V;IND;PST;NOM(3,PL)	umwandelten
umwandeln	V;NFIN	umwandeln
umwandeln	V;SBJV;PRS;NOM(1,SG)	umwandele
umwandeln	V;SBJV;PRS;NOM(2,SG)	umwandelest
umwandeln	V;SBJV;PST;NOM(1,SG)	umwandelte
verscheissern	V;IND;PRS;NOM(1,PL)	verscheissern
verscheissern	V;IND;PRS;NOM(2,PL)	verscheissert
verscheissern	V;IND;PRS;NOM(2,SG)	verscheisserst
verscheissern	V;IND;PRS;NOM(3,SG)	verscheissert
verscheissern	V;IND;PST;NOM(1,PL)	verscheisserten
verscheissern	V;IND;PST;NOM(3,PL)	verscheisserten
verscheissern	V;IND;PST;NOM(3,SG)	verscheisserte
verscheissern	V;SBJV;PRS;NOM(1,PL)	verscheissern
verscheissern	V;SBJV;PRS;NOM(1,SG)	verscheissere
verscheissern	V;SBJV;PRS;NOM(2,PL)	verscheisseret
verscheissern	V;SBJV;PRS;NOM(3,PL)	verscheissern
verscheissern	V;SBJV;PST;NOM(2,PL)	verscheissertet
verscheissern	V;SBJV;PST;NOM(2,SG)	verscheissertest
versorgen	V.PTCP;PST	versorgt
versorgen	V;IMP;NOM(2,SG)	versorg
versorgen	V;IND;PRS;NOM(1,PL)	versorgen
versorgen	V;IND;PST;NOM(1,PL)	versorgten
versorgen	V;IND;PST;NOM(1,SG)	versorgte
versorgen	V;IND;PST;NOM(2,PL)	versorgtet
versorgen	V;IND;PST;NOM(3,SG)	versorgte
versorgen	V;NFIN	versorgen
versorgen	V;SBJV;PRS;NOM(3,PL)	versorgen
versorgen	V;SBJV;PST;NOM(2,PL)	versorgtet
versorgen	V;SBJV;PST;NOM(2,SG)	versorgtest
versorgen	V;SBJV;PST;NOM(3,PL)	versorgten
versorgen	V;SBJV;PST;NOM(3,SG)	versorgte
verursachen	V.PTCP;PRS	verursachend
verursachen	V.PTCP;PST	verursacht
verursachen	V;IMP;NOM(2,PL)	verursacht Aa
verursachen	V;IND;PRS;NOM(3,SG)	verursacht Aa
verursachen	V;IND;PST;NOM(1,SG)	verursachte Aa
verursachen	V;IND;PST;NOM(2,SG)	verursachtest
verursachen	V;IND;PST;NOM(3,SG)	verursachte Aa
verursachen	V;SBJV;PRS;NOM(1,SG)	verursache an
verursachen	V;SBJV;PRS;NOM(2,SG)	verursachest an
verursachen	V;SBJV;PRS;NOM(3,PL)	verursachen
verursachen	V;SBJV;PRS;NOM(3,SG)	verursache an
verursachen	V;SBJV;PST;NOM(1,PL)	verursachten Aa
verursachen	V;SBJV;PST;NOM(3,SG)	verursachte an
verwandeln	V.PTCP;PRS	verwandelnd
verwandeln	V;IND;PRS;NOM(2,PL)	verwandelt
verwandeln	V;IND;PST;NOM(1,PL)	verwandelten
verwandeln	V;IND;PST;NOM(2,PL)	verwandeltet
verwandeln	V;IND;PST;NOM(3,PL)	verwandelten
verwandeln	V;NFIN	verwandeln
verwandeln	V;SBJV;PRS;NOM(3,PL)	verwandeln
verwandeln	V;SBJV;PRS;NOM(3,SG)	verwandele
verwandeln	V;SBJV;PST;NOM(1,SG)	verwandelte
verwandeln	V;SBJV;PST;NOM(2,PL)	verwandeltet
verwandeln	V;SBJV;PST;NOM(2,SG)	verwandeltest
verwandeln	V;SBJV;PST;NOM(3,PL)	verwandelten
verwandeln	V;SBJV;PST;NOM(3,SG)	verwandelte
wahrnehmen	V.PTCP;PST	wahrnehmt
wahrnehmen	V;IMP;NOM(2,PL)	wahrnehmt
wahrnehmen	V;IND;PRS;NOM(1,PL)	wahrnehmen
wahrnehmen	V;IND;PRS;NOM(1,SG)	wahrnehme
wahrnehmen	V;IND;PRS;NOM(2,SG)	wahrnehmst
wahrnehmen	V;IND;PST;NOM(2,PL)	wahrnehmtet
wahrnehmen	V;IND;PST;NOM(2,SG)	wahrnehmtest
wahrnehmen	V;IND;PST;NOM(3,PL)	wahrnehmten
wahrnehmen	V;IND;PST;NOM(3,SG)	wahrnehmte
wahrnehmen	V;SBJV;PRS;NOM(1,PL)	wahrnehmen
wahrnehmen	V;SBJV;PRS;NOM(1,SG)	wahrnehme
wahrnehmen	V;SBJV;PRS;NOM(3,PL)	wahrnehmen
wahrnehmen	V;SBJV;PST;NOM(1,PL)	wahrnehmten
walzen	V.PTCP;PST	walzt
walzen	V;IMP;NOM(2,PL)	walzt
walzen	V;IND;PRS;NOM(1,PL)	walzen
walzen	V;IND;PRS;NOM(2,SG)	walzt
walzen	V;IND;PST;NOM(1,PL)	walzten
walzen	V;IND;PST;NOM(2,SG)	walztest
walzen	V;SBJV;PRS;NOM(1,SG)	walze
walzen	V;SBJV;PRS;NOM(2,PL)	walzet
walzen	V;SBJV;PRS;NOM(3,PL)	walzen
walzen	V;SBJV;PRS;NOM(3,SG)	walze
walzen	V;SBJV;PST;NOM(1,SG)	walzte
walzen	V;SBJV;PST;NOM(2,SG)	walztest
walzen	V;SBJV;PST;NOM(3,SG)	walzte
werten	V;IMP;NOM(2,PL)	wertet
werten	V;IND;PRS;NOM(2,PL)	wertet
werten	V;IND;PRS;NOM(3,SG)	wertet
werten	V;IND;PST;NOM(1,PL)	werteten
werten	V;IND;PST;NOM(3,PL)	werteten
werten	V;SBJV;PRS;NOM(1,PL)	werten
werten	V;SBJV;PRS;NOM(2,PL)	wertet
werten	V;SBJV;PRS;NOM(3,SG)	werte
werten	V;SBJV;PST;NOM(1,SG)	wertete
werten	V;SBJV;PST;NOM(2,SG)	wertetest
werten	V;SBJV;PST;NOM(3,PL)	werteten
werten	V;SBJV;PST;NOM(3,SG)	wertete
zementieren	V.PTCP;PRS	zementierend
zementieren	V.PTCP;PST	zementiert
zementieren	V;IMP;NOM(2,PL)	zementiert
zementieren	V;IMP;NOM(2,SG)	zementier
zementieren	V;IND;PRS;NOM(3,PL)	zementieren
zementieren	V;IND;PRS;NOM(3,SG)	zementiert
zementieren	V;IND;PST;NOM(1,PL)	zementierten
zementieren	V;IND;PST;NOM(3,PL)	zementierten
zementieren	V;IND;PST;NOM(3,SG)	zementierte
zementieren	V;SBJV;PRS;NOM(1,PL)	zementieren
zementieren	V;SBJV;PRS;NOM(2,PL)	zementieret
zementieren	V;SBJV;PST;NOM(1,SG)	zementierte
zementieren	V;SBJV;PST;NOM(3,PL)	zementierten
zugeben	V.PTCP;PST	zugegeben
zugeben	V;IMP;NOM(2,SG)	zugib ab
zugeben	V;IND;PRS;NOM(1,PL)	zugeben ab
zugeben	V;IND;PRS;NOM(2,PL)	zugebt
zugeben	V;IND;PRS;NOM(2,SG)	zut preis
zugeben	V;IND;PRS;NOM(3,PL)	zu preis
zugeben	V;IND;PRS;NOM(3,SG)	zu
zugeben	V;IND;PST;NOM(1,PL)	zupreis
zugeben	V;IND;PST;NOM(1,SG)	zu ab
zugeben	V;IND;PST;NOM(2,SG)	zut preis
zugeben	V;IND;PST;NOM(3,PL)	zupreis
zugeben	V;IND;PST;NOM(3,SG)	zu ab
zugeben	V;SBJV;PRS;NOM(3,SG)	zugebe ab
Überlebenskunst	N;ACC(PL)	Überlebenskunsten
Überlebenskunst	N;ACC(SG)	Überlebenskunsten
Überlebenskunst	N;DAT(PL)	Überlebenskunsten
Überlebenskunst	N;DAT(SG)	Überlebenskunsten
Überlebenskunst	N;GEN(PL)	Überlebenskunsten
Überlebenskunst	N;GEN(SG)	Überlebenskunsten
Überlebenskunst	N;NOM(PL)	Überlebenskunste
Überlebenskunst	N;NOM(SG)	Überlebenskunst
Arabize	V;PRS;NOM(3,SG)	Arabizes
Arabize	V;V.PTCP;PRS	Arabizing
Arabize	V;V.PTCP;PST	Arabized
DL	V;PST	DL
DL	V;V.PTCP;PST	DL
GI	V;PRS;NOM(3,SG)	GI
GI	V;V.PTCP;PRS	GI
GI	V;V.PTCP;PST	GI
Godcast	V;PRS;NOM(3,SG)	Godcasts
Godcast	V;V.PTCP;PRS	Godcasting
Godcast	V;V.PTCP;PST	Godcast
IRC	V;NFIN	IRC
IRC	V;PRS;NOM(3,SG)	IRCs
IRC	V;PST	IRCced
IRC	V;V.PTCP;PST	IRCced
Muhammadanize	V;NFIN	Muhammadanize
Muhammadanize	V;PRS;NOM(3,SG)	Muhammadanizes
Muhammadanize	V;V.PTCP;PST	Muhammadanized
Salafize	V;PRS;NOM(3,SG)	Salafizes
Salafize	V;PST	Salafized
Salafize	V;V.PTCP;PST	Salafized
Sufize	V;PRS;NOM(3,SG)	Sufizes
Sufize	V;V.PTCP;PRS	Sufizing
Sufize	V;V.PTCP;PST	Sufized
abode	V;NFIN	abode
abode	V;PRS;NOM(3,SG)	abodes
abode	V;V.PTCP;PRS	aboding
absolve	V;PRS;NOM(3,SG)	absolves
absolve	V;PST	absolved
absolve	V;V.PTCP;PRS	absolving
accept	V;NFIN	accept
accept	V;PRS;NOM(3,SG)	accepts
accept	V;V.PTCP;PRS	accepting
accept	V;V.PTCP;PST	accepted
accession	V;NFIN	accession
accession	V;PRS;NOM(3,SG)	accessions
accession	V;V.PTCP;PRS	accessioning
acetize	V;PRS;NOM(3,SG)	acetizes
acetize	V;PST	acetized
acquire	V;NFIN	acquire
acquire	V;PRS;NOM(3,SG)	acquires
acquire	V;PST	acquired
acquire	V;V.PTCP;PRS	acquiring
adhære	V;NFIN	adhære
adhære	V;PST	adhæred
adhære	V;V.PTCP;PST	adhæred
adipocerate	V;PRS;NOM(3,SG)	adipocerates
adipocerate	V;PST	adipocerated
adipocerate	V;V.PTCP;PRS	adipocerating
affect	V;NFIN	affect
affect	V;PST	affected
affect	V;V.PTCP;PRS	affecting
affect	V;V.PTCP;PST	affected
affine	V;NFIN	affine
affine	V;PRS;NOM(3,SG)	affines
affine	V;PST	affined
anticipate	V;NFIN	anticipate
anticipate	V;PRS;NOM(3,SG)	anticipates
anticipate	V;PST	anticipated
anticipate	V;V.PTCP;PRS	anticipating
assail	V;PRS;NOM(3,SG)	assails
assail	V;PST	assailed
assail	V;V.PTCP;PRS	assailing
assail	V;V.PTCP;PST	assailed
atsake	V;NFIN	atsake
atsake	V;PRS;NOM(3,SG)	atsakes
atsake	V;PST	atsaked
aumail	V;NFIN	aumail
aumail	V;PRS;NOM(3,SG)	aumails
aumail	V;V.PTCP;PRS	aumailing
babify	V;NFIN	babify
babify	V;PRS;NOM(3,SG)	babifies
babify	V;PST	babified
babify	V;V.PTCP;PST	babified
barhop	V;NFIN	barhop
barhop	V;PRS;NOM(3,SG)	barhops
barhop	V;V.PTCP;PRS	barhopping
base	V;NFIN	base
base	V;PRS;NOM(3,SG)	bases
base	V;PST	based
base	V;V.PTCP;PST	based
bemaul	V;NFIN	bemaul
bemaul	V;PRS;NOM(3,SG)	bemauls
bemaul	V;V.PTCP;PRS	bemauling
bemaul	V;V.PTCP;PST	bemauled
beshape	V;NFIN	beshape
beshape	V;PRS;NOM(3,SG)	beshapes
beshape	V;V.PTCP;PRS	beshaping
beshape	V;V.PTCP;PST	beshapen
bespirt	V;NFIN	bespirt
bespirt	V;PRS;NOM(3,SG)	bespirts
bespirt	V;V.PTCP;PRS	bespirting
bespirt	V;V.PTCP;PST	bespirted
bioactivate	V;NFIN	bioactivate
bioactivate	V;PST	bioactivated
bioactivate	V;V.PTCP;PRS	bioactivating
biodegrade	V;NFIN	biodegrade
biodegrade	V;PST	biodegraded
biodegrade	V;V.PTCP;PRS	biodegrading
biodegrade	V;V.PTCP;PST	biodegraded
biostimulate	V;NFIN	biostimulate
biostimulate	V;PRS;NOM(3,SG)	biostimulates
biostimulate	V;PST	biostimulated
biostimulate	V;V.PTCP;PRS	biostimulating
bliken	V;NFIN	bliken
bliken	V;PST	blikened
bliken	V;V.PTCP;PRS	blikenning
bliken	V;V.PTCP;PST	blikened
bodysurf	V;NFIN	bodysurf
bodysurf	V;PST	bodysurfed
bodysurf	V;V.PTCP;PST	bodysurfed
brickfilm	V;PRS;NOM(3,SG)	brickfilms
brickfilm	V;PST	brickfilmed
brickfilm	V;V.PTCP;PRS	brickfilming
brickfilm	V;V.PTCP;PST	brickfilmed
bulletize	V;NFIN	bulletize
bulletize	V;PST	bulletized
bulletize	V;V.PTCP;PRS	bulletizing
bus	V;NFIN	bus
change	V;NFIN	change
change	V;PRS;NOM(3,SG)	changes
change	V;PST	changed
change	V;V.PTCP;PST	changed
chequer	V;PRS;NOM(3,SG)	chequers
chequer	V;PST	chequered
chequer	V;V.PTCP;PRS	chequering
chinwag	V;NFIN	chinwag
chinwag	V;V.PTCP;PRS	chinwagging
chinwag	V;V.PTCP;PST	chinwagged
chirr	V;NFIN	chirr
chirr	V;PRS;NOM(3,SG)	chirrs
chirr	V;PST	chirred
chirr	V;V.PTCP;PRS	chirring
co-locate	V;PRS;NOM(3,SG)	co-locates
co-locate	V;PST	co-located
co-locate	V;V.PTCP;PST	co-located
codeshare	V;NFIN	codeshare
codeshare	V;PRS;NOM(3,SG)	codeshares
codeshare	V;V.PTCP;PRS	codesharing
codeshare	V;V.PTCP;PST	codeshared
coimmunoprecipitate	V;NFIN	coimmunoprecipitate
coimmunoprecipitate	V;PRS;NOM(3,SG)	coimmunoprecipitates
coimmunoprecipitate	V;V.PTCP;PRS	coimmunoprecipitating
coimmunoprecipitate	V;V.PTCP;PST	coimmunoprecipitated
comarket	V;PRS;NOM(3,SG)	comarkets
comarket	V;PST	comarketed
comarket	V;V.PTCP;PRS	comarketing
comarket	V;V.PTCP;PST	comarketed
commiserate	V;NFIN	commiserate
commiserate	V;PST	commiserated
commiserate	V;V.PTCP;PRS	commiserating
commiserate	V;V.PTCP;PST	commiserated
compost	V;NFIN	compost
compost	V;PRS;NOM(3,SG)	composts
compost	V;PST	composted
compost	V;V.PTCP;PST	composted
congest	V;NFIN	congest
congest	V;PRS;NOM(3,SG)	congests
congest	V;V.PTCP;PST	congested
conquer	V;PRS;NOM(3,SG)	conquers
conquer	V;V.PTCP;PRS	conquering
conversation	V;NFIN	conversation
conversation	V;PRS;NOM(3,SG)	conversations
conversation	V;V.PTCP;PRS	conversationing
conversation	V;V.PTCP;PST	conversationed
cordon	V;PST	cordonned
cordon	V;V.PTCP;PRS	cordonning
cordon	V;V.PTCP;PST	cordonned
cosponsor	V;NFIN	cosponsor
cosponsor	V;PRS;NOM(3,SG)	cosponsors
cosponsor	V;PST	cosponsored
counterindoctrinate	V;NFIN	counterindoctrinate
counterindoctrinate	V;V.PTCP;PST	counterindoctrinated
crescendo	V;NFIN	crescendo
crescendo	V;PST	crescendid
crescendo	V;V.PTCP;PRS	crescendoing
crescendo	V;V.PTCP;PST	crescendone
croggle	V;PRS;NOM(3,SG)	croggles
croggle	V;PST	croggled
croggle	V;V.PTCP;PRS	croggling
declamate	V;PRS;NOM(3,SG)	declamates
declamate	V;V.PTCP;PRS	declamating
declamate	V;V.PTCP;PST	declamated
decompartmentalize	V;NFIN	decompartmentalize
decompartmentalize	V;PST	decompartmentalized
decompartmentalize	V;V.PTCP;PRS	decompartmentalizing
decompartmentalize	V;V.PTCP;PST	decompartmentalized
deconcentrate	V;NFIN	deconcentrate
deconcentrate	V;PST	deconcentrated
deconcentrate	V;V.PTCP;PST	deconcentrated
defunctionalize	V;NFIN	defunctionalize
defunctionalize	V;PRS;NOM(3,SG)	defunctionalizes
defunctionalize	V;PST	defunctionalized
defunctionalize	V;V.PTCP;PST	defunctionalized
degroup	V;NFIN	degroup
degroup	V;PRS;NOM(3,SG)	degroups
degroup	V;PST	degrouped
degroup	V;V.PTCP;PRS	degrouping
deke	V;PRS;NOM(3,SG)	dekes
deke	V;PST	deked
deke	V;V.PTCP;PST	deked
deliberate	V;NFIN	deliberate
deliberate	V;PST	deliberated
deliberate	V;V.PTCP;PRS	deliberating
deliberate	V;V.PTCP;PST	deliberated
delve	V;PST	delved
delve	V;V.PTCP;PRS	delving
delve	V;V.PTCP;PST	delved
demorify	V;NFIN	demorify
demorify	V;PRS;NOM(3,SG)	demorifies
demorify	V;PST	demorified
demorify	V;V.PTCP;PST	demorified
denuclearize	V;NFIN	denuclearize
denuclearize	V;PRS;NOM(3,SG)	denuclearizes
denuclearize	V;PST	denuclearized
denuclearize	V;V.PTCP;PST	denuclearized
deraign	V;NFIN	deraign
deraign	V;PRS;NOM(3,SG)	deraigns
deraign	V;PST	deraigned
deraign	V;V.PTCP;PRS	deraigning
destruct	V;PRS;NOM(3,SG)	destructs
destruct	V;PST	destructed
destruct	V;V.PTCP;PRS	destructing
detumesce	V;NFIN	detumesce
detumesce	V;PRS;NOM(3,SG)	detumesces
detumesce	V;PST	detumesced
detumesce	V;V.PTCP;PST	detumesced
deurbanize	V;NFIN	deurbanize
deurbanize	V;PRS;NOM(3,SG)	deurbanizes
deurbanize	V;PST	deurbanized
deurbanize	V;V.PTCP;PRS	deurbanizing
devenustate	V;NFIN	devenustate
devenustate	V;PRS;NOM(3,SG)	devenustates
devenustate	V;PST	devenustated
devenustate	V;V.PTCP;PRS	devenustating
dewret	V;PRS;NOM(3,SG)	dewrets
dewret	V;V.PTCP;PRS	dewretting
dewret	V;V.PTCP;PST	dewretted
digiscope	V;PST	digiscoped
digiscope	V;V.PTCP;PRS	digiscoping
digiscope	V;V.PTCP;PST	digiscoped
dishonnour	V;NFIN	dishonnour
dishonnour	V;PRS;NOM(3,SG)	dishonnours
dishonnour	V;V.PTCP;PRS	dishonnouring
dishonnour	V;V.PTCP;PST	dishonnoured
dissettle	V;PRS;NOM(3,SG)	dissettles
dissettle	V;V.PTCP;PRS	dissettling
dissettle	V;V.PTCP;PST	dissettled
dissonate	V;NFIN	dissonate
dissonate	V;V.PTCP;PRS	dissonating
dissonate	V;V.PTCP;PST	dissonated
disuse	V;NFIN	disuse
disuse	V;PRS;NOM(3,SG)	disuses
disuse	V;V.PTCP;PST	disused
dodd	V;PRS;NOM(3,SG)	dodds
dodd	V;PST	dodded
dodd	V;V.PTCP;PRS	dodding
dodd	V;V.PTCP;PST	dodded
douche	V;NFIN	douche
douche	V;PRS;NOM(3,SG)	douches
douche	V;PST	douched
douche	V;V.PTCP;PRS	douching
downclock	V;PRS;NOM(3,SG)	downclocks
downclock	V;PST	downclocked
downclock	V;V.PTCP;PRS	downclocking
dram	V;NFIN	dram
dram	V;PRS;NOM(3,SG)	drams
dram	V;PST	drammed
dram	V;V.PTCP;PRS	dramming
duress	V;NFIN	duress
duress	V;PRS;NOM(3,SG)	duresses
earnest	V;PRS;NOM(3,SG)	earnests
earnest	V;V.PTCP;PST	earnested
empassion	V;NFIN	empassion
empassion	V;PRS;NOM(3,SG)	empassions
encoach	V;PRS;NOM(3,SG)	encoaches
encoach	V;PST	encoached
encoach	V;V.PTCP;PRS	encoaching
enlace	V;NFIN	enlace
enlace	V;PRS;NOM(3,SG)	enlaces
enlace	V;V.PTCP;PRS	enlacing
enlace	V;V.PTCP;PST	enlaced
enrank	V;NFIN	enrank
enring	V;PRS;NOM(3,SG)	enrings
enring	V;PST	enrought
enring	V;V.PTCP;PRS	enringing
ensky	V;NFIN	ensky
ensky	V;PRS;NOM(3,SG)	enskies
ensky	V;PST	enskied
ensky	V;V.PTCP;PST	enskied
enwisen	V;NFIN	enwisen
enwisen	V;PRS;NOM(3,SG)	enwisens
enwisen	V;V.PTCP;PRS	enwisening
exceed	V;NFIN	exceed
exceed	V;PRS;NOM(3,SG)	exceeds
exceed	V;V.PTCP;PRS	exceeding
fainten	V;PRS;NOM(3,SG)	faintens
fainten	V;PST	faintened
fainten	V;V.PTCP;PRS	faintening
fainten	V;V.PTCP;PST	faintened
fanaticize	V;PRS;NOM(3,SG)	fanaticizes
fanaticize	V;V.PTCP;PRS	fanaticizing
feel	V;NFIN	feel
feel	V;PRS;NOM(3,SG)	feels
feel	V;V.PTCP;PRS	feeling
flail	V;PST	flailed
fluff	V;NFIN	fluff
fluff	V;V.PTCP;PRS	fluffing
flutter	V;NFIN	flutter
flutter	V;PRS;NOM(3,SG)	flutters
flutter	V;PST	fluttered
flutter	V;V.PTCP;PST	fluttered
forestal	V;NFIN	forestal
forestal	V;PRS;NOM(3,SG)	forestals
forestal	V;PST	forestaled
formicate	V;NFIN	formicate
formicate	V;V.PTCP;PRS	formicating
formicate	V;V.PTCP;PST	formicated
forthcast	V;NFIN	forthcast
forthcast	V;PRS;NOM(3,SG)	forthcasts
forthcast	V;V.PTCP;PRS	forthcasting
forthcast	V;V.PTCP;PST	forthcast
forwrap	V;PRS;NOM(3,SG)	forwraps
forwrap	V;V.PTCP;PRS	forwrapping
forwrap	V;V.PTCP;PST	forwrapped
fraternise	V;PST	fraternised
fraternise	V;V.PTCP;PRS	fraternising
fraternise	V;V.PTCP;PST	fraternised
frustrate	V;PST	frustrated
frustrate	V;V.PTCP;PRS	frustrating
fustigate	V;PST	fustigated
fustigate	V;V.PTCP;PRS	fustigating
fustigate	V;V.PTCP;PST	fustigated
geck	V;NFIN	geck
geck	V;PRS;NOM(3,SG)	gecks
geck	V;V.PTCP;PRS	gecking
geck	V;V.PTCP;PST	gecked
germinate	V;NFIN	germinate
germinate	V;PRS;NOM(3,SG)	germinates
germinate	V;V.PTCP;PST	germinated
glycolyze	V;PRS;NOM(3,SG)	glycolyzes
glycolyze	V;V.PTCP;PST	glycolyzed
graffiti	V;PRS;NOM(3,SG)	graffiti
graffiti	V;PST	graffitied
graffiti	V;V.PTCP;PRS	graffitiing
graffiti	V;V.PTCP;PST	graffitied
grammaticize	V;PRS;NOM(3,SG)	grammaticizes
grammaticize	V;PST	grammaticized
grammaticize	V;V.PTCP;PRS	grammaticizing
grammaticize	V;V.PTCP;PST	grammaticized
grid	V;NFIN	grid
grid	V;PRS;NOM(3,SG)	grids
grid	V;PST	gridded
grid	V;V.PTCP;PST	gridded
grill	V;NFIN	grill
grill	V;PRS;NOM(3,SG)	grills
grill	V;PST	grilled
grill	V;V.PTCP;PRS	grilling
gub	V;PRS;NOM(3,SG)	gubs
gub	V;PST	gubbed
gub	V;V.PTCP;PRS	gubbing
gub	V;V.PTCP;PST	gubbed
hand	V;PRS;NOM(3,SG)	hands
hand	V;V.PTCP;PRS	handing
hand	V;V.PTCP;PST	handed
happify	V;PRS;NOM(3,SG)	happifies
happify	V;PST	happified
happify	V;V.PTCP;PST	happified
harpoon	V;NFIN	harpoon
harpoon	V;PRS;NOM(3,SG)	harpoons
harpoon	V;V.PTCP;PST	harpooned
heli-ski	V;NFIN	heli-ski
heli-ski	V;PST	heli-skied
heli-ski	V;V.PTCP;PRS	heli-skiing
heli-ski	V;V.PTCP;PST	heli-skied
hickup	V;PRS;NOM(3,SG)	hickups
hickup	V;PST	hickupped
hickup	V;V.PTCP;PST	hickupped
high-step	V;NFIN	high-step
high-step	V;PRS;NOM(3,SG)	high-steps
high-step	V;PST	high-stepped
high-step	V;V.PTCP;PST	high-stepped
hiss	V;NFIN	hiss
hiss	V;PST	hissed
hiss	V;V.PTCP;PRS	hissing
hiss	V;V.PTCP;PST	hissed
hydrolyze	V;NFIN	hydrolyze
hydrolyze	V;PRS;NOM(3,SG)	hydrolyzes
hydrolyze	V;V.PTCP;PRS	hydrolyzing
hydrolyze	V;V.PTCP;PST	hydrolyzed
illure	V;V.PTCP;PRS	illuring
imboil	V;NFIN	imboil
imboil	V;PRS;NOM(3,SG)	imboils
imboil	V;PST	imboiled
imboil	V;V.PTCP;PST	imboiled
imbower	V;NFIN	imbower
imbower	V;PRS;NOM(3,SG)	imbowers
imbower	V;V.PTCP;PRS	imbowering
imparl	V;PST	imparled
imparl	V;V.PTCP;PRS	imparling
imperialize	V;NFIN	imperialize
imperialize	V;PRS;NOM(3,SG)	imperializes
imperialize	V;V.PTCP;PRS	imperializing
indorse	V;NFIN	indorse
indorse	V;PRS;NOM(3,SG)	indorses
indorse	V;PST	indorsed
infeeble	V;PRS;NOM(3,SG)	infeebles
infeeble	V;V.PTCP;PRS	infeebling
infumate	V;NFIN	infumate
infumate	V;PRS;NOM(3,SG)	infumates
infumate	V;PST	infumated
infumate	V;V.PTCP;PRS	infumating
inhere	V;NFIN	inhere
inhere	V;PRS;NOM(3,SG)	inheres
inhere	V;V.PTCP;PST	inhered
instrengthen	V;NFIN	instrengthen
instrengthen	V;PRS;NOM(3,SG)	instrengthens
instrengthen	V;PST	instrengthened
instrengthen	V;V.PTCP;PRS	instrengthening
intergrade	V;PRS;NOM(3,SG)	intergrades
intergrade	V;PST	intergraded
intergrade	V;V.PTCP;PRS	intergrading
internetwork	V;PRS;NOM(3,SG)	internetworks
internetwork	V;V.PTCP;PRS	internetworking
internetwork	V;V.PTCP;PST	internetworked
interplay	V;NFIN	interplay
interplay	V;PRS;NOM(3,SG)	interplays
interplay	V;V.PTCP;PRS	interplaying
interplay	V;V.PTCP;PST	interplayed
interpoint	V;NFIN	interpoint
interpoint	V;V.PTCP;PRS	interpointing
interpoint	V;V.PTCP;PST	interpointed
jetski	V;NFIN	jetski
jetski	V;V.PTCP;PRS	jetskiing
jetski	V;V.PTCP;PST	jetskied
jockey	V;PRS;NOM(3,SG)	jockeys
jockey	V;V.PTCP;PRS	jockeying
jockey	V;V.PTCP;PST	jockeyed
joke	V;NFIN	joke
joke	V;PRS;NOM(3,SG)	jokes
joke	V;PST	joked
juice	V;NFIN	juice
juice	V;PRS;NOM(3,SG)	juices
juice	V;V.PTCP;PST	juiced
knuckleball	V;NFIN	knuckleball
knuckleball	V;PRS;NOM(3,SG)	knuckleballs
knuckleball	V;PST	knuckleballed
knuckleball	V;V.PTCP;PST	knuckleballed
laud	V;V.PTCP;PRS	lauding
laud	V;V.PTCP;PST	lauded
lave	V;NFIN	lave
lave	V;PRS;NOM(3,SG)	laves
lave	V;PST	laved
lave	V;V.PTCP;PRS	laving
lear	V;NFIN	lear
lear	V;V.PTCP;PRS	learing
legislate	V;NFIN	legislate
legislate	V;PST	legislated
legislate	V;V.PTCP;PRS	legislating
legislate	V;V.PTCP;PST	legislated
livetweet	V;NFIN	livetweet
livetweet	V;PRS;NOM(3,SG)	livetweets
livetweet	V;PST	livetweeted
livetweet	V;V.PTCP;PST	livetweeted
loun	V;PRS;NOM(3,SG)	louns
loun	V;PST	louned
loun	V;V.PTCP;PRS	louning
loun	V;V.PTCP;PST	louned
lush	V;NFIN	lush
lush	V;PRS;NOM(3,SG)	lushes
lush	V;V.PTCP;PRS	lushing
machicolate	V;PRS;NOM(3,SG)	machicolates
machicolate	V;PST	machicolated
machicolate	V;V.PTCP;PRS	machicolating
machicolate	V;V.PTCP;PST	machicolated
mactate	V;PRS;NOM(3,SG)	mactates
mactate	V;PST	mactated
mactate	V;V.PTCP;PRS	mactating
mactate	V;V.PTCP;PST	mactated
mand	V;NFIN	mand
mand	V;PST	manded
mand	V;V.PTCP;PRS	manding
mand	V;V.PTCP;PST	manded
maternalize	V;NFIN	maternalize
maternalize	V;PRS;NOM(3,SG)	maternalizes
maternalize	V;V.PTCP;PRS	maternalizing
maternalize	V;V.PTCP;PST	maternalized
meach	V;PRS;NOM(3,SG)	meaches
meach	V;PST	meached
meach	V;V.PTCP;PRS	meaching
meach	V;V.PTCP;PST	meached
mirk	V;NFIN	mirk
mirk	V;PRS;NOM(3,SG)	mirks
mirk	V;PST	mirked
mirk	V;V.PTCP;PRS	mirking
misken	V;NFIN	misken
misken	V;PST	miskened
misken	V;V.PTCP;PRS	miskenning
misstructure	V;NFIN	misstructure
misstructure	V;PRS;NOM(3,SG)	misstructures
misstructure	V;V.PTCP;PST	misstructured
misvalue	V;NFIN	misvalue
misvalue	V;PST	misvalued
misvalue	V;V.PTCP;PRS	misvaluing
misvalue	V;V.PTCP;PST	misvalued
mold	V;PST	molded
mongrelize	V;NFIN	mongrelize
mongrelize	V;PRS;NOM(3,SG)	mongrelizes
mongrelize	V;PST	mongrelized
mongrelize	V;V.PTCP;PRS	mongrelizing
mounch	V;NFIN	mounch
mounch	V;V.PTCP;PST	mounched
nasalise	V;NFIN	nasalise
nasalise	V;PRS;NOM(3,SG)	nasalises
nasalise	V;PST	nasalised
nasalise	V;V.PTCP;PST	nasalised
newname	V;NFIN	newname
newname	V;PRS;NOM(3,SG)	newnames
newname	V;PST	newnamed
newname	V;V.PTCP;PST	newnamed
obdure	V;NFIN	obdure
obdure	V;PST	obdured
obdure	V;V.PTCP;PRS	obduring
obdure	V;V.PTCP;PST	obdured
obsolete	V;NFIN	obsolete
obsolete	V;PRS;NOM(3,SG)	obsoletes
obsolete	V;PST	obsoleted
obsolete	V;V.PTCP;PRS	obsoleting
outbud	V;NFIN	outbud
outbud	V;PRS;NOM(3,SG)	outbuds
outbud	V;V.PTCP;PRS	outbuding
outbud	V;V.PTCP;PST	outbuded
outduel	V;NFIN	outduel
outduel	V;PRS;NOM(3,SG)	outduels
outduel	V;V.PTCP;PST	outduelled
outgush	V;PRS;NOM(3,SG)	outgushes
outgush	V;PST	outgushed
outgush	V;V.PTCP;PRS	outgushing
outgush	V;V.PTCP;PST	outgushed
outjuggle	V;NFIN	outjuggle
outjuggle	V;PRS;NOM(3,SG)	outjuggles
outjuggle	V;PST	outjuggled
outjuggle	V;V.PTCP;PRS	outjuggling
outplace	V;NFIN	outplace
outplace	V;PRS;NOM(3,SG)	outplaces
outplace	V;PST	outplaced
outplace	V;V.PTCP;PRS	outplacing
outwin	V;NFIN	outwin
outwin	V;PRS;NOM(3,SG)	outwins
outwin	V;V.PTCP;PST	outwon
overdot	V;NFIN	overdot
overdot	V;PST	overdotted
overdot	V;V.PTCP;PRS	overdotting
overdot	V;V.PTCP;PST	overdotted
overexpose	V;NFIN	overexpose
overexpose	V;PST	overexposed
overexpose	V;V.PTCP;PST	overexposed
overgloom	V;NFIN	overgloom
overgloom	V;PRS;NOM(3,SG)	overglooms
overgloom	V;PST	overgloomed
overgloom	V;V.PTCP;PST	overgloomed
overgrow	V;PRS;NOM(3,SG)	overgrows
overgrow	V;V.PTCP;PRS	overgrowing
overplow	V;NFIN	overplow
overplow	V;PST	overplowed
overplow	V;V.PTCP;PRS	overplowing
overplow	V;V.PTCP;PST	overplowed
overpublicize	V;NFIN	overpublicize
overpublicize	V;V.PTCP;PRS	overpublicizing
overpublicize	V;V.PTCP;PST	overpublicized
overreckon	V;NFIN	overreckon
overreckon	V;PRS;NOM(3,SG)	overreckons
overreckon	V;PST	overreckoned
overreckon	V;V.PTCP;PRS	overreckoning
overtask	V;NFIN	overtask
overtask	V;PRS;NOM(3,SG)	overtasks
overtask	V;V.PTCP;PRS	overtasking
overtask	V;V.PTCP;PST	overtasked
overwater	V;NFIN	overwater
overwater	V;PST	overwatered
palatalize	V;NFIN	palatalize
palatalize	V;PST	palatalized
palatalize	V;V.PTCP;PRS	palatalizing
palatalize	V;V.PTCP;PST	palatalized
paralyze	V;NFIN	paralyze
paralyze	V;PRS;NOM(3,SG)	paralyzes
paralyze	V;V.PTCP;PRS	paralyzing
parboil	V;NFIN	parboil
parboil	V;PRS;NOM(3,SG)	parboils
parboil	V;V.PTCP;PRS	parboiling
parboil	V;V.PTCP;PST	parboiled
pauperise	V;PRS;NOM(3,SG)	pauperises
pauperise	V;PST	pauperised
pauperise	V;V.PTCP;PRS	pauperising
pauperise	V;V.PTCP;PST	pauperised
perhorresce	V;PRS;NOM(3,SG)	perhorresces
perhorresce	V;PST	perhorresced
perhorresce	V;V.PTCP;PRS	perhorrescing
perhorresce	V;V.PTCP;PST	perhorresced
phosphorylate	V;NFIN	phosphorylate
phosphorylate	V;V.PTCP;PST	phosphorylated
piggyback	V;PRS;NOM(3,SG)	piggybacks
piggyback	V;PST	piggybacked
piggyback	V;V.PTCP;PRS	piggybacking
piggyback	V;V.PTCP;PST	piggybacked
politize	V;NFIN	politize
politize	V;PST	politized
politize	V;V.PTCP;PST	politized
polycondense	V;NFIN	polycondense
polycondense	V;PRS;NOM(3,SG)	polycondenses
polycondense	V;PST	polycondensed
polycondense	V;V.PTCP;PST	polycondensed
polytenize	V;NFIN	polytenize
polytenize	V;PRS;NOM(3,SG)	polytenizes
polytenize	V;V.PTCP;PST	polytenized
pork	V;PST	porked
pork	V;V.PTCP;PRS	porking
pork	V;V.PTCP;PST	porked
pouch	V;NFIN	pouch
pouch	V;PST	pouched
pouch	V;V.PTCP;PRS	pouching
pouch	V;V.PTCP;PST	pouched
practicalize	V;NFIN	practicalize
practicalize	V;PRS;NOM(3,SG)	practicalizes
practicalize	V;PST	practicalized
practicalize	V;V.PTCP;PRS	practicalizing
praise	V;NFIN	praise
praise	V;V.PTCP;PST	praised
predicate	V;NFIN	predicate
predicate	V;V.PTCP;PRS	predicating
preprogram	V;NFIN	preprogram
preprogram	V;PRS;NOM(3,SG)	preprograms
preprogram	V;V.PTCP;PRS	preprogramming
preprogram	V;V.PTCP;PST	preprogrammed
preseed	V;NFIN	preseed
preseed	V;PRS;NOM(3,SG)	preseeds
preseed	V;PST	preseeded
preseed	V;V.PTCP;PST	preseeded
preshow	V;PST	preshowed
preshow	V;V.PTCP;PRS	preshowing
preshow	V;V.PTCP;PST	preshowed
pretest	V;PRS;NOM(3,SG)	pretests
pretest	V;PST	pretested
pretest	V;V.PTCP;PRS	pretesting
pretest	V;V.PTCP;PST	pretested
proclaime	V;NFIN	proclaime
proclaime	V;V.PTCP;PST	proclaimed
protocol	V;PRS;NOM(3,SG)	protocols
protocol	V;PST	protocoled
protocol	V;V.PTCP;PRS	protocoling
provinciate	V;NFIN	provinciate
provinciate	V;PST	provinciated
provinciate	V;V.PTCP;PRS	provinciating
provinciate	V;V.PTCP;PST	provinciated
re-dye	V;NFIN	re-dye
re-dye	V;PST	re-dyed
re-dye	V;V.PTCP;PRS	re-dyeing
re-dye	V;V.PTCP;PST	re-dyed
re-use	V;NFIN	re-use
re-use	V;PRS;NOM(3,SG)	re-uses
re-use	V;PST	re-used
re-use	V;V.PTCP;PRS	re-using
rearrest	V;NFIN	rearrest
rearrest	V;V.PTCP;PRS	rearresting
redemand	V;NFIN	redemand
redemand	V;V.PTCP;PRS	redemanding
redemand	V;V.PTCP;PST	redemanded
redline	V;PST	redlined
redline	V;V.PTCP;PST	redlined
refamiliarize	V;NFIN	refamiliarize
refamiliarize	V;PRS;NOM(3,SG)	refamiliarizes
refamiliarize	V;PST	refamiliarized
refamiliarize	V;V.PTCP;PRS	refamiliarizing
refold	V;PRS;NOM(3,SG)	refolds
refold	V;PST	refolded
refold	V;V.PTCP;PRS	refolding
refold	V;V.PTCP;PST	refolded
regale	V;NFIN	regale
regale	V;PRS;NOM(3,SG)	regales
regale	V;V.PTCP;PRS	regaling
regale	V;V.PTCP;PST	regaled
regiment	V;PST	regimented
regiment	V;V.PTCP;PST	regimented
rehybridize	V;NFIN	rehybridize
rehybridize	V;PRS;NOM(3,SG)	rehybridizes
rehybridize	V;PST	rehybridized
rehybridize	V;V.PTCP;PRS	rehybridizing
reinsulate	V;NFIN	reinsulate
reinsulate	V;V.PTCP;PST	reinsulated
relodge	V;NFIN	relodge
relodge	V;PST	relodged
relodge	V;V.PTCP;PRS	relodging
relodge	V;V.PTCP;PST	relodged
remodel	V;PRS;NOM(3,SG)	remodels
remodel	V;PST	remodelled
remodel	V;V.PTCP;PRS	remodelling
remodel	V;V.PTCP;PST	remodelled
renaturalize	V;NFIN	renaturalize
renaturalize	V;PRS;NOM(3,SG)	renaturalizes
renaturalize	V;V.PTCP;PRS	renaturalizing
renaturalize	V;V.PTCP;PST	renaturalized
reperuse	V;NFIN	reperuse
reperuse	V;PRS;NOM(3,SG)	reperuses
reperuse	V;PST	reperused
reperuse	V;V.PTCP;PST	reperused
repipe	V;NFIN	repipe
repipe	V;PRS;NOM(3,SG)	repipes
repipe	V;V.PTCP;PST	repiped
repopularise	V;NFIN	repopularise
repopularise	V;PST	repopularised
repopularise	V;V.PTCP;PRS	repopularising
repopularise	V;V.PTCP;PST	repopularised
repot	V;NFIN	repot
repot	V;PST	repotted
repot	V;V.PTCP;PRS	repotting
repot	V;V.PTCP;PST	repotted
reprice	V;NFIN	reprice
reprice	V;PRS;NOM(3,SG)	reprices
reprice	V;V.PTCP;PRS	repricing
reprice	V;V.PTCP;PST	repriced
reprogramme	V;NFIN	reprogramme
reprogramme	V;PRS;NOM(3,SG)	reprogrammes
reprogramme	V;V.PTCP;PRS	reprogramming
reprogramme	V;V.PTCP;PST	reprogrammed
resent	V;PST	resented
resent	V;V.PTCP;PRS	resenting
resent	V;V.PTCP;PST	resented
revector	V;NFIN	revector
revector	V;PRS;NOM(3,SG)	revectors
revector	V;PST	revectored
revector	V;V.PTCP;PST	revectored
rewetten	V;NFIN	rewetten
rewetten	V;PST	rewettened
rewetten	V;V.PTCP;PRS	rewettening
rewetten	V;V.PTCP;PST	rewettened
rigidize	V;NFIN	rigidize
rigidize	V;PRS;NOM(3,SG)	rigidizes
rigidize	V;V.PTCP;PRS	rigidizing
rigidize	V;V.PTCP;PST	rigidized
roadshow	V;PRS;NOM(3,SG)	roadshows
roadshow	V;PST	roadshowed
roadshow	V;V.PTCP;PRS	roadshowing
roadshow	V;V.PTCP;PST	roadshowed
romanticise	V;NFIN	romanticise
romanticise	V;PRS;NOM(3,SG)	romanticises
romanticise	V;V.PTCP;PRS	romanticising
romanticise	V;V.PTCP;PST	romanticised
rong	V;NFIN	rong
rong	V;PRS;NOM(3,SG)	rongs
rong	V;V.PTCP;PRS	ronging
rong	V;V.PTCP;PST	ronged
ross	V;NFIN	ross
ross	V;PRS;NOM(3,SG)	rosses
ross	V;PST	rossed
roughen	V;NFIN	roughen
roughen	V;PRS;NOM(3,SG)	roughens
roughen	V;V.PTCP;PST	roughened
roundtrip	V;NFIN	roundtrip
roundtrip	V;PST	roundtripped
roundtrip	V;V.PTCP;PRS	roundtripping
sail	V;PRS;NOM(3,SG)	sails
sail	V;PST	sailed
sail	V;V.PTCP;PRS	sailing
sap	V;V.PTCP;PRS	sapping
sap	V;V.PTCP;PST	sapped
sardine	V;NFIN	sardine
sardine	V;PRS;NOM(3,SG)	sardines
sardine	V;PST	sardined
sardine	V;V.PTCP;PST	sardined
scapegoat	V;NFIN	scapegoat
scapegoat	V;PRS;NOM(3,SG)	scapegoats
scapegoat	V;V.PTCP;PRS	scapegoating
scapegoat	V;V.PTCP;PST	scapegoated
scone	V;NFIN	scone
scone	V;PRS;NOM(3,SG)	scones
scone	V;PST	sconed
scone	V;V.PTCP;PST	sconed
season	V;NFIN	season
season	V;PST	seasoned
season	V;V.PTCP;PRS	seasoning
season	V;V.PTCP;PST	seasoned
seceed	V;PRS;NOM(3,SG)	seceeds
seceed	V;PST	seceeded
seceed	V;V.PTCP;PRS	seceeding
seceed	V;V.PTCP;PST	seceeded
sheal	V;NFIN	sheal
sheal	V;PRS;NOM(3,SG)	sheals
sheal	V;PST	shealed
sheal	V;V.PTCP;PST	shealed
sie	V;NFIN	sie
sie	V;PST	sied
sie	V;V.PTCP;PRS	sying
sie	V;V.PTCP;PST	sied
slick	V;NFIN	slick
slick	V;PST	slicked
slick	V;V.PTCP;PST	slicked
smirk	V;NFIN	smirk
smirk	V;PRS;NOM(3,SG)	smirks
smirk	V;V.PTCP;PRS	smirking
smush	V;NFIN	smush
smush	V;PST	smushed
smush	V;V.PTCP;PRS	smushing
softload	V;NFIN	softload
softload	V;PRS;NOM(3,SG)	softloads
softload	V;PST	softloaded
softload	V;V.PTCP;PRS	softloading
somnambulate	V;PRS;NOM(3,SG)	somnambulates
somnambulate	V;PST	somnambulated
somnambulate	V;V.PTCP;PRS	somnambulating
somnambulate	V;V.PTCP;PST	somnambulated
spile	V;NFIN	spile
spile	V;PRS;NOM(3,SG)	spiles
spile	V;PST	spiled
spile	V;V.PTCP;PRS	spiling
staddle	V;NFIN	staddle
staddle	V;PRS;NOM(3,SG)	staddles
staddle	V;V.PTCP;PRS	staddling
starburst	V;PRS;NOM(3,SG)	starbursts
starburst	V;PST	starbursted
starburst	V;V.PTCP;PRS	starbursting
stark	V;NFIN	stark
stark	V;PRS;NOM(3,SG)	starks
stark	V;PST	starked
stark	V;V.PTCP;PRS	starking
sternutate	V;PRS;NOM(3,SG)	sternutates
sternutate	V;PST	sternutated
sternutate	V;V.PTCP;PRS	sternutating
sternutate	V;V.PTCP;PST	sternutated
storm	V;NFIN	storm
storm	V;PRS;NOM(3,SG)	storms
storm	V;V.PTCP;PST	stormed
storyboard	V;PRS;NOM(3,SG)	storyboards
storyboard	V;PST	storyboarded
stringify	V;NFIN	stringify
stringify	V;PST	stringified
stringify	V;V.PTCP;PRS	stringifying
stringify	V;V.PTCP;PST	stringified
strip-search	V;NFIN	strip-search
strip-search	V;V.PTCP;PRS	strip-searching
strip-search	V;V.PTCP;PST	strip-searched
strow	V;NFIN	strow
strow	V;PST	strowed
strow	V;V.PTCP;PRS	strowing
strow	V;V.PTCP;PST	strowed
sublime	V;NFIN	sublime
sublime	V;V.PTCP;PST	sublimed
subsidise	V;PRS;NOM(3,SG)	subsidises
subsidise	V;V.PTCP;PRS	subsidising
subsidise	V;V.PTCP;PST	subsidised
superordinate	V;NFIN	superordinate
superordinate	V;PRS;NOM(3,SG)	superordinates
superordinate	V;PST	superordinated
supervene	V;NFIN	supervene
supervene	V;PRS;NOM(3,SG)	supervenes
supervene	V;PST	supervened
supervene	V;V.PTCP;PRS	supervening
survive	V;PRS;NOM(3,SG)	survives
survive	V;PST	survived
survive	V;V.PTCP;PRS	surviving
terp	V;NFIN	terp
terp	V;PST	terped
terp	V;V.PTCP;PRS	terping
terp	V;V.PTCP;PST	terped
thrombose	V;NFIN	thrombose
thrombose	V;PRS;NOM(3,SG)	thromboses
thrombose	V;V.PTCP;PST	thrombosed
tint	V;NFIN	tint
tint	V;PRS;NOM(3,SG)	tints
tint	V;V.PTCP;PRS	tinting
tint	V;V.PTCP;PST	tinted
tipple	V;PRS;NOM(3,SG)	tipples
tipple	V;PST	tippled
tipple	V;V.PTCP;PRS	tippling
tipple	V;V.PTCP;PST	tippled
titivate	V;PRS;NOM(3,SG)	titivates
titivate	V;V.PTCP;PRS	titivating
titivate	V;V.PTCP;PST	titivated
transsexualize	V;PRS;NOM(3,SG)	transsexualizes
transsexualize	V;PST	transsexualized
transsexualize	V;V.PTCP;PRS	transsexualizing
transsexualize	V;V.PTCP;PST	transsexualized
trench-plough	V;NFIN	trench-plough
trench-plough	V;PRS;NOM(3,SG)	trench-ploughs
trench-plough	V;V.PTCP;PST	trench-ploughed
trice	V;PRS;NOM(3,SG)	trices
trice	V;PST	triced
trice	V;V.PTCP;PRS	tricing
trypsinise	V;NFIN	trypsinise
trypsinise	V;PRS;NOM(3,SG)	trypsinises
trypsinise	V;V.PTCP;PRS	trypsinising
trypsinise	V;V.PTCP;PST	trypsinised
tubulate	V;PRS;NOM(3,SG)	tubulates
tubulate	V;PST	tubulated
twine	V;PRS;NOM(3,SG)	twines
twine	V;PST	twined
twine	V;V.PTCP;PRS	twining
twist	V;PRS;NOM(3,SG)	twists
twist	V;PST	twisted
twist	V;V.PTCP;PRS	twisting
twist	V;V.PTCP;PST	twisted
unclamp	V;NFIN	unclamp
unclamp	V;PRS;NOM(3,SG)	unclamps
unclamp	V;V.PTCP;PRS	unclamping
undeceave	V;NFIN	undeceave
undeceave	V;PST	undeceaved
underdose	V;PRS;NOM(3,SG)	underdoses
underdose	V;V.PTCP;PRS	underdosing
underdose	V;V.PTCP;PST	underdosed
unfocus	V;PST	unfocused
unfocus	V;V.PTCP;PRS	unfocusing
unfocus	V;V.PTCP;PST	unfocused
unhyphenate	V;PRS;NOM(3,SG)	unhyphenates
unhyphenate	V;PST	unhyphenated
unhyphenate	V;V.PTCP;PRS	unhyphenating
unhyphenate	V;V.PTCP;PST	unhyphenated
unpaint	V;NFIN	unpaint
unpaint	V;PRS;NOM(3,SG)	unpaints
unperplex	V;PRS;NOM(3,SG)	unperplexes
unperplex	V;V.PTCP;PRS	unperplexing
unperplex	V;V.PTCP;PST	unperplexed
unplat	V;NFIN	unplat
unplat	V;PRS;NOM(3,SG)	unplats
unplat	V;V.PTCP;PST	unplatted
unplug	V;NFIN	unplug
unplug	V;PRS;NOM(3,SG)	unplugs
unplug	V;PST	unplugged
unplug	V;V.PTCP;PST	unplugged
unsell	V;NFIN	unsell
unsell	V;PRS;NOM(3,SG)	unsells
unsell	V;PST	unsold
unsell	V;V.PTCP;PST	unsold
unstabilize	V;PRS;NOM(3,SG)	unstabilizes
upbar	V;NFIN	upbar
upbar	V;PRS;NOM(3,SG)	upbars
upbar	V;PST	upbarred
upbar	V;V.PTCP;PST	upbarred
usher	V;NFIN	usher
usher	V;PST	ushered
usher	V;V.PTCP;PRS	ushering
usher	V;V.PTCP;PST	ushered
vaccinate	V;NFIN	vaccinate
vaccinate	V;PST	vaccinated
vaccinate	V;V.PTCP;PRS	vaccinating
vaccinate	V;V.PTCP;PST	vaccinated
vacillate	V;PRS;NOM(3,SG)	vacillates
vacillate	V;V.PTCP;PRS	vacillating
vacillate	V;V.PTCP;PST	vacillated
vell	V;NFIN	vell
vell	V;PRS;NOM(3,SG)	vells
vell	V;V.PTCP;PST	velled
verbigerate	V;NFIN	verbigerate
verbigerate	V;PRS;NOM(3,SG)	verbigerates
verbigerate	V;PST	verbigerated
verbigerate	V;V.PTCP;PRS	verbigerating
viscerate	V;NFIN	viscerate
viscerate	V;PST	viscerated
viscerate	V;V.PTCP;PRS	viscerating
viscerate	V;V.PTCP;PST	viscerated
vivificate	V;NFIN	vivificate
vivificate	V;PRS;NOM(3,SG)	vivificates
vivificate	V;PST	vivificated
vivificate	V;V.PTCP;PST	vivificated
wabble	V;NFIN	wabble
wabble	V;PRS;NOM(3,SG)	wabbles
wabble	V;PST	wabbled
wabble	V;V.PTCP;PRS	wabbling
watchdog	V;NFIN	watchdog
watchdog	V;PST	watchdogged
watchdog	V;V.PTCP;PST	watchdogged
water	V;NFIN	water
water	V;PST	watered
water	V;V.PTCP;PST	watered
wham	V;PRS;NOM(3,SG)	whams
wham	V;V.PTCP;PST	whamed
whoomp	V;NFIN	whoomp
whoomp	V;PRS;NOM(3,SG)	whoomps
whoomp	V;PST	whoomped
whoomp	V;V.PTCP;PST	whoomped
whoot	V;PRS;NOM(3,SG)	whoots
whoot	V;PST	whooted
whoot	V;V.PTCP;PRS	whooting
whoot	V;V.PTCP;PST	whot
withsay	V;NFIN	withsay
withsay	V;PRS;NOM(3,SG)	withsays
withsay	V;V.PTCP;PRS	withsaying
withsay	V;V.PTCP;PST	withsayed
world	V;NFIN	world
world	V;PRS;NOM(3,SG)	worlds
world	V;V.PTCP;PRS	worlding
world	V;V.PTCP;PST	worlded
xeriscape	V;PRS;NOM(3,SG)	xeriscapes
yabby	V;PRS;NOM(3,SG)	yabbies
yabby	V;PST	yabbied
yearn	V;NFIN	yearn
yearn	V;PRS;NOM(3,SG)	yearns
yearn	V;PST	yearned
yellow	V;PRS;NOM(3,SG)	yellows
yellow	V;PST	yellowed
yellow	V;V.PTCP;PRS	yellowing
yellow	V;V.PTCP;PST	yellowed
