Βισάλτης	N;ACC(DU)	Βισάλτᾱ
Βισάλτης	N;ACC(PL)	Βισάλτᾱς
Βισάλτης	N;ACC(SG)	Βισάλτην
Βισάλτης	N;DAT(DU)	Βισάλταιν
Βισάλτης	N;DAT(PL)	Βισάλταις
Βισάλτης	N;DAT(SG)	Βισάλτῃ
Βισάλτης	N;GEN(DU)	Βισάλταιν
Βισάλτης	N;GEN(PL)	Βισάλτῶν
Βισάλτης	N;GEN(SG)	Βισάλτου
Βισάλτης	N;NOM(DU)	Βισάλτᾱ
Βισάλτης	N;NOM(PL)	Βισάλται
Βισάλτης	N;NOM(SG)	Βισάλτης
Βισάλτης	N;VOC(DU)	Βισάλτᾱ
Βισάλτης	N;VOC(PL)	Βισάλται
Βισάλτης	N;VOC(SG)	Βισάλτᾰ
Μασσαλιώτης	N;ACC(DU)	Μασσαλιώτᾱ
Μασσαλιώτης	N;ACC(PL)	Μασσαλιώτᾱς
Μασσαλιώτης	N;ACC(SG)	Μασσαλιώτην
Μασσαλιώτης	N;DAT(DU)	Μασσαλιώταιν
Μασσαλιώτης	N;DAT(PL)	Μασσαλιώταις
Μασσαλιώτης	N;DAT(SG)	Μασσαλιώτῃ
Μασσαλιώτης	N;GEN(DU)	Μασσαλιώταιν
Μασσαλιώτης	N;GEN(PL)	Μασσαλιωτῶν
Μασσαλιώτης	N;GEN(SG)	Μασσαλιώτου
Μασσαλιώτης	N;NOM(DU)	Μασσαλιώτᾱ
Μασσαλιώτης	N;NOM(PL)	Μασσαλιῶται
Μασσαλιώτης	N;NOM(SG)	Μασσαλιώτης
Μασσαλιώτης	N;VOC(DU)	Μασσαλιώτᾱ
Μασσαλιώτης	N;VOC(PL)	Μασσαλιῶται
Μασσαλιώτης	N;VOC(SG)	Μασσαλιῶτᾰ
Μιθριακός	ADJ;ACC(DU;MASC)	Μιθριακώ
Μιθριακός	ADJ;ACC(DU;NEUT)	Μιθριακώ
Μιθριακός	ADJ;ACC(PL;FEM)	Μιθριακᾱ́ς
Μιθριακός	ADJ;ACC(PL;MASC)	Μιθριακούς
Μιθριακός	ADJ;ACC(PL;NEUT)	Μιθριακᾰ́
Μιθριακός	ADJ;ACC(SG;FEM)	Μιθριακήν
Μιθριακός	ADJ;DAT(DU;FEM)	Μιθριακαῖν
Μιθριακός	ADJ;DAT(DU;MASC)	Μιθριακοῖν
Μιθριακός	ADJ;DAT(PL;MASC)	Μιθριακοῖς
Μιθριακός	ADJ;DAT(SG;FEM)	Μιθριακῇ
Μιθριακός	ADJ;DAT(SG;MASC)	Μιθριακῷ
Μιθριακός	ADJ;DAT(SG;NEUT)	Μιθριακῷ
Μιθριακός	ADJ;GEN(DU;FEM)	Μιθριακαῖν
Μιθριακός	ADJ;GEN(DU;MASC)	Μιθριακοῖν
Μιθριακός	ADJ;GEN(DU;NEUT)	Μιθριακοῖν
Μιθριακός	ADJ;GEN(PL;MASC)	Μιθριακῶν
Μιθριακός	ADJ;GEN(PL;NEUT)	Μιθριακῶν
Μιθριακός	ADJ;GEN(SG;FEM)	Μιθριακῆς
Μιθριακός	ADJ;GEN(SG;MASC)	Μιθριακοῦ
Μιθριακός	ADJ;GEN(SG;NEUT)	Μιθριακοῦ
Μιθριακός	ADJ;NOM(DU;FEM)	Μιθριακᾱ́
Μιθριακός	ADJ;NOM(DU;MASC)	Μιθριακώ
Μιθριακός	ADJ;NOM(DU;NEUT)	Μιθριακώ
Μιθριακός	ADJ;NOM(PL;FEM)	Μιθριακαί
Μιθριακός	ADJ;NOM(PL;MASC)	Μιθριακοί
Μιθριακός	ADJ;NOM(PL;NEUT)	Μιθριακᾰ́
Μιθριακός	ADJ;NOM(SG;FEM)	Μιθριακή
Μιθριακός	ADJ;VOC(DU;MASC)	Μιθριακώ
Μιθριακός	ADJ;VOC(PL;FEM)	Μιθριακαί
Μιθριακός	ADJ;VOC(PL;NEUT)	Μιθριακᾰ́
Μιθριακός	ADJ;VOC(SG;FEM)	Μιθριακή
Μιθριακός	ADJ;VOC(SG;MASC)	Μιθριακέ
Μιθριακός	ADJ;VOC(SG;NEUT)	Μιθριακόν
αἴγιλος	N;ACC(DU)	αἴγιλω
αἴγιλος	N;ACC(PL)	αἴγιλους
αἴγιλος	N;ACC(SG)	αἴγιλον
αἴγιλος	N;DAT(DU)	αἴγιλοιν
αἴγιλος	N;DAT(PL)	αἴγιλοις
αἴγιλος	N;DAT(SG)	αἴγιλῳ
αἴγιλος	N;GEN(DU)	αἴγιλοιν
αἴγιλος	N;GEN(PL)	αἴγιλων
αἴγιλος	N;GEN(SG)	αἴγιλου
αἴγιλος	N;NOM(DU)	αἴγιλω
αἴγιλος	N;NOM(PL)	αἴγιλοι
αἴγιλος	N;NOM(SG)	αἴγιλος
αἴγιλος	N;VOC(DU)	αἴγιλω
αἴγιλος	N;VOC(PL)	αἴγιλοι
αἴγιλος	N;VOC(SG)	αἴγιλε
αὔρα	N;ACC(DU)	αὔρᾱ
αὔρα	N;ACC(PL)	αὔρᾱς
αὔρα	N;ACC(SG)	αὔρᾱν
αὔρα	N;DAT(DU)	αὔραιν
αὔρα	N;DAT(PL)	αὔραις
αὔρα	N;DAT(SG)	αὔρᾳ
αὔρα	N;GEN(DU)	αὔραιν
αὔρα	N;GEN(PL)	αὔρῶν
αὔρα	N;GEN(SG)	αὔρᾱς
αὔρα	N;NOM(DU)	αὔρᾱ
αὔρα	N;NOM(PL)	αὔραι
αὔρα	N;NOM(SG)	αὔρᾱ
αὔρα	N;VOC(DU)	αὔρᾱ
αὔρα	N;VOC(PL)	αὔραι
αὔρα	N;VOC(SG)	αὔρᾱ
βραχύτης	N;ACC(DU)	βραχύτᾱ
βραχύτης	N;ACC(PL)	βραχύτᾱς
βραχύτης	N;ACC(SG)	βραχύτην
βραχύτης	N;DAT(DU)	βραχύταιν
βραχύτης	N;DAT(PL)	βραχύταις
βραχύτης	N;DAT(SG)	βραχύτῃ
βραχύτης	N;GEN(DU)	βραχύταιν
βραχύτης	N;GEN(PL)	βραχύτῶν
βραχύτης	N;GEN(SG)	βραχύτου
βραχύτης	N;NOM(DU)	βραχύτᾱ
βραχύτης	N;NOM(PL)	βραχύται
βραχύτης	N;NOM(SG)	βραχύτης
βραχύτης	N;VOC(DU)	βραχύτᾱ
βραχύτης	N;VOC(PL)	βραχύται
βραχύτης	N;VOC(SG)	βραχύτᾰ
γοεδνός	ADJ;ACC(DU;FEM)	γοεδνᾱ́
γοεδνός	ADJ;ACC(DU;NEUT)	γοεδνώ
γοεδνός	ADJ;ACC(PL;FEM)	γοεδνᾱ́ς
γοεδνός	ADJ;ACC(PL;NEUT)	γοεδνᾰ́
γοεδνός	ADJ;ACC(SG;FEM)	γοεδνήν
γοεδνός	ADJ;ACC(SG;NEUT)	γοεδνόν
γοεδνός	ADJ;DAT(DU;MASC)	γοεδνοῖν
γοεδνός	ADJ;DAT(DU;NEUT)	γοεδνοῖν
γοεδνός	ADJ;DAT(PL;MASC)	γοεδνοῖς
γοεδνός	ADJ;DAT(SG;FEM)	γοεδνῇ
γοεδνός	ADJ;DAT(SG;MASC)	γοεδνῷ
γοεδνός	ADJ;DAT(SG;NEUT)	γοεδνῷ
γοεδνός	ADJ;GEN(DU;MASC)	γοεδνοῖν
γοεδνός	ADJ;GEN(DU;NEUT)	γοεδνοῖν
γοεδνός	ADJ;GEN(PL;FEM)	γοεδνῶν
γοεδνός	ADJ;GEN(PL;MASC)	γοεδνῶν
γοεδνός	ADJ;GEN(SG;FEM)	γοεδνῆς
γοεδνός	ADJ;GEN(SG;MASC)	γοεδνοῦ
γοεδνός	ADJ;GEN(SG;NEUT)	γοεδνοῦ
γοεδνός	ADJ;NOM(DU;FEM)	γοεδνᾱ́
γοεδνός	ADJ;NOM(DU;NEUT)	γοεδνώ
γοεδνός	ADJ;NOM(PL;FEM)	γοεδναί
γοεδνός	ADJ;NOM(PL;NEUT)	γοεδνᾰ́
γοεδνός	ADJ;NOM(SG;FEM)	γοεδνή
γοεδνός	ADJ;NOM(SG;MASC)	γοεδνός
γοεδνός	ADJ;VOC(DU;FEM)	γοεδνᾱ́
γοεδνός	ADJ;VOC(DU;NEUT)	γοεδνώ
γοεδνός	ADJ;VOC(PL;FEM)	γοεδναί
γοεδνός	ADJ;VOC(PL;MASC)	γοεδνοί
γοεδνός	ADJ;VOC(PL;NEUT)	γοεδνᾰ́
γοεδνός	ADJ;VOC(SG;FEM)	γοεδνή
γοεδνός	ADJ;VOC(SG;MASC)	γοεδνέ
γοεδνός	ADJ;VOC(SG;NEUT)	γοεδνόν
διθυμία	N;ACC(DU)	δῐθῡμῐ́ᾱ
διθυμία	N;ACC(PL)	δῐθῡμῐ́ᾱς
διθυμία	N;ACC(SG)	δῐθῡμῐ́ᾱν
διθυμία	N;DAT(DU)	δῐθῡμῐ́αιν
διθυμία	N;DAT(PL)	δῐθῡμῐ́αις
διθυμία	N;DAT(SG)	δῐθῡμῐ́ᾳ
διθυμία	N;GEN(DU)	δῐθῡμῐ́αιν
διθυμία	N;GEN(PL)	δῐθῡμῐῶν
διθυμία	N;GEN(SG)	δῐθῡμῐ́ᾱς
διθυμία	N;NOM(DU)	δῐθῡμῐ́ᾱ
διθυμία	N;NOM(PL)	δῐθῡμῐ́αι
διθυμία	N;NOM(SG)	δῐθῡμῐ́ᾱ
διθυμία	N;VOC(DU)	δῐθῡμῐ́ᾱ
διθυμία	N;VOC(PL)	δῐθῡμῐ́αι
διθυμία	N;VOC(SG)	δῐθῡμῐ́ᾱ
δορκάς	N;ACC(DU)	δορκᾰ́δε
δορκάς	N;ACC(PL)	δορκᾰ́δᾰς
δορκάς	N;ACC(SG)	δορκᾰ́δᾰ
δορκάς	N;DAT(DU)	δορκᾰ́δοιν
δορκάς	N;DAT(PL)	δορκᾰ́σῐ
δορκάς	N;DAT(SG)	δορκᾰ́δῐ
δορκάς	N;GEN(DU)	δορκᾰ́δοιν
δορκάς	N;GEN(PL)	δορκᾰ́δων
δορκάς	N;GEN(SG)	δορκᾰ́δος
δορκάς	N;NOM(DU)	δορκᾰ́δε
δορκάς	N;NOM(PL)	δορκᾰ́δες
δορκάς	N;NOM(SG)	δορκᾰ́ς
δορκάς	N;VOC(DU)	δορκᾰ́δε
δορκάς	N;VOC(PL)	δορκᾰ́δες
δορκάς	N;VOC(SG)	δορκᾰ́ς
θήρα	N;ACC(DU)	θήρᾱ
θήρα	N;ACC(PL)	θήρᾱς
θήρα	N;ACC(SG)	θήρᾱν
θήρα	N;DAT(DU)	θήραιν
θήρα	N;DAT(PL)	θήραις
θήρα	N;DAT(SG)	θήρᾳ
θήρα	N;GEN(DU)	θήραιν
θήρα	N;GEN(PL)	θήρῶν
θήρα	N;GEN(SG)	θήρᾱς
θήρα	N;NOM(DU)	θήρᾱ
θήρα	N;NOM(PL)	θήραι
θήρα	N;NOM(SG)	θήρᾱ
θήρα	N;VOC(DU)	θήρᾱ
θήρα	N;VOC(PL)	θήραι
θήρα	N;VOC(SG)	θήρᾱ
θρεπτικός	ADJ;ACC(DU;FEM)	θρεπτικᾱ́
θρεπτικός	ADJ;ACC(DU;MASC)	θρεπτικώ
θρεπτικός	ADJ;ACC(DU;NEUT)	θρεπτικώ
θρεπτικός	ADJ;ACC(PL;MASC)	θρεπτικούς
θρεπτικός	ADJ;ACC(PL;NEUT)	θρεπτικᾰ́
θρεπτικός	ADJ;ACC(SG;FEM)	θρεπτικήν
θρεπτικός	ADJ;ACC(SG;MASC)	θρεπτικόν
θρεπτικός	ADJ;ACC(SG;NEUT)	θρεπτικόν
θρεπτικός	ADJ;DAT(DU;FEM)	θρεπτικαῖν
θρεπτικός	ADJ;DAT(DU;NEUT)	θρεπτικοῖν
θρεπτικός	ADJ;DAT(PL;FEM)	θρεπτικαῖς
θρεπτικός	ADJ;DAT(PL;NEUT)	θρεπτικοῖς
θρεπτικός	ADJ;DAT(SG;FEM)	θρεπτικῇ
θρεπτικός	ADJ;DAT(SG;MASC)	θρεπτικῷ
θρεπτικός	ADJ;GEN(DU;NEUT)	θρεπτικοῖν
θρεπτικός	ADJ;GEN(PL;MASC)	θρεπτικῶν
θρεπτικός	ADJ;GEN(PL;NEUT)	θρεπτικῶν
θρεπτικός	ADJ;GEN(SG;MASC)	θρεπτικοῦ
θρεπτικός	ADJ;GEN(SG;NEUT)	θρεπτικοῦ
θρεπτικός	ADJ;NOM(DU;MASC)	θρεπτικώ
θρεπτικός	ADJ;NOM(DU;NEUT)	θρεπτικώ
θρεπτικός	ADJ;NOM(PL;MASC)	θρεπτικοί
θρεπτικός	ADJ;NOM(SG;NEUT)	θρεπτικόν
θρεπτικός	ADJ;VOC(DU;FEM)	θρεπτικᾱ́
θρεπτικός	ADJ;VOC(DU;MASC)	θρεπτικώ
θρεπτικός	ADJ;VOC(DU;NEUT)	θρεπτικώ
θρεπτικός	ADJ;VOC(PL;FEM)	θρεπτικαί
θρεπτικός	ADJ;VOC(PL;MASC)	θρεπτικοί
θρεπτικός	ADJ;VOC(PL;NEUT)	θρεπτικᾰ́
θρεπτικός	ADJ;VOC(SG;FEM)	θρεπτική
θρεπτικός	ADJ;VOC(SG;MASC)	θρεπτικέ
θρεπτικός	ADJ;VOC(SG;NEUT)	θρεπτικόν
θυγάτηρ	N;ACC(DU)	θυγάτηρε
θυγάτηρ	N;ACC(PL)	θυγάτηρᾰς
θυγάτηρ	N;ACC(SG)	θυγάτηρᾰ
θυγάτηρ	N;DAT(DU)	θυγάτήροιν
θυγάτηρ	N;DAT(PL)	θυγάτηρσῐ
θυγάτηρ	N;DAT(SG)	θυγάτηρῐ
θυγάτηρ	N;GEN(DU)	θυγάτήροιν
θυγάτηρ	N;GEN(PL)	θυγάτήρων
θυγάτηρ	N;GEN(SG)	θυγάτηρος
θυγάτηρ	N;NOM(DU)	θυγάτηρε
θυγάτηρ	N;NOM(PL)	θυγάτηρες
θυγάτηρ	N;NOM(SG)	θυγάτηρ
θυγάτηρ	N;VOC(DU)	θυγάτηρε
θυγάτηρ	N;VOC(PL)	θυγάτηρες
θυγάτηρ	N;VOC(SG)	θυγάτηρ
καδμία	N;ACC(DU)	καδμῐ́ᾱ
καδμία	N;ACC(PL)	καδμῐ́ᾱς
καδμία	N;ACC(SG)	καδμῐ́ᾱν
καδμία	N;DAT(DU)	καδμῐ́αιν
καδμία	N;DAT(PL)	καδμῐ́αις
καδμία	N;DAT(SG)	καδμῐ́ᾳ
καδμία	N;GEN(DU)	καδμῐ́αιν
καδμία	N;GEN(PL)	καδμῐῶν
καδμία	N;GEN(SG)	καδμῐ́ᾱς
καδμία	N;NOM(DU)	καδμῐ́ᾱ
καδμία	N;NOM(PL)	καδμῐ́αι
καδμία	N;NOM(SG)	καδμῐ́ᾱ
καδμία	N;VOC(DU)	καδμῐ́ᾱ
καδμία	N;VOC(PL)	καδμῐ́αι
καδμία	N;VOC(SG)	καδμῐ́ᾱ
κενταύριον	N;ACC(DU)	κενταυρίω
κενταύριον	N;ACC(PL)	κενταύριᾰ
κενταύριον	N;ACC(SG)	κενταύριον
κενταύριον	N;DAT(DU)	κενταυρίοιν
κενταύριον	N;DAT(PL)	κενταυρίοις
κενταύριον	N;DAT(SG)	κενταυρίῳ
κενταύριον	N;GEN(DU)	κενταυρίοιν
κενταύριον	N;GEN(PL)	κενταυρίων
κενταύριον	N;GEN(SG)	κενταυρίου
κενταύριον	N;NOM(DU)	κενταυρίω
κενταύριον	N;NOM(PL)	κενταύριᾰ
κενταύριον	N;NOM(SG)	κενταύριον
κενταύριον	N;VOC(DU)	κενταυρίω
κενταύριον	N;VOC(PL)	κενταύριᾰ
κενταύριον	N;VOC(SG)	κενταύριον
κενός	ADJ;ACC(DU;FEM)	κενᾱ́
κενός	ADJ;ACC(DU;MASC)	κενώ
κενός	ADJ;ACC(DU;NEUT)	κενώ
κενός	ADJ;ACC(PL;FEM)	κενᾱ́ς
κενός	ADJ;ACC(PL;MASC)	κενούς
κενός	ADJ;ACC(PL;NEUT)	κενᾰ́
κενός	ADJ;ACC(SG;FEM)	κενήν
κενός	ADJ;ACC(SG;MASC)	κενόν
κενός	ADJ;ACC(SG;NEUT)	κενόν
κενός	ADJ;DAT(DU;FEM)	κεναῖν
κενός	ADJ;DAT(DU;MASC)	κενοῖν
κενός	ADJ;DAT(PL;FEM)	κεναῖς
κενός	ADJ;DAT(PL;MASC)	κενοῖς
κενός	ADJ;DAT(PL;NEUT)	κενοῖς
κενός	ADJ;DAT(SG;MASC)	κενῷ
κενός	ADJ;DAT(SG;NEUT)	κενῷ
κενός	ADJ;GEN(DU;FEM)	κεναῖν
κενός	ADJ;GEN(PL;FEM)	κενῶν
κενός	ADJ;GEN(PL;MASC)	κενῶν
κενός	ADJ;GEN(SG;NEUT)	κενοῦ
κενός	ADJ;NOM(DU;FEM)	κενᾱ́
κενός	ADJ;NOM(DU;MASC)	κενώ
κενός	ADJ;NOM(PL;NEUT)	κενᾰ́
κενός	ADJ;NOM(SG;FEM)	κενή
κενός	ADJ;NOM(SG;MASC)	κενός
κενός	ADJ;NOM(SG;NEUT)	κενόν
κενός	ADJ;VOC(DU;FEM)	κενᾱ́
κενός	ADJ;VOC(DU;MASC)	κενώ
κενός	ADJ;VOC(DU;NEUT)	κενώ
κενός	ADJ;VOC(PL;MASC)	κενοί
κενός	ADJ;VOC(PL;NEUT)	κενᾰ́
κενός	ADJ;VOC(SG;FEM)	κενή
κενός	ADJ;VOC(SG;MASC)	κενέ
κωλόβαθρον	N;ACC(DU)	κωλόβᾰ́θρω
κωλόβαθρον	N;ACC(PL)	κωλόβᾰθρᾰ
κωλόβαθρον	N;ACC(SG)	κωλόβᾰθρον
κωλόβαθρον	N;DAT(DU)	κωλόβᾰ́θροιν
κωλόβαθρον	N;DAT(PL)	κωλόβᾰ́θροις
κωλόβαθρον	N;DAT(SG)	κωλόβᾰ́θρῳ
κωλόβαθρον	N;GEN(DU)	κωλόβᾰ́θροιν
κωλόβαθρον	N;GEN(PL)	κωλόβᾰ́θρων
κωλόβαθρον	N;GEN(SG)	κωλόβᾰ́θρου
κωλόβαθρον	N;NOM(DU)	κωλόβᾰ́θρω
κωλόβαθρον	N;NOM(PL)	κωλόβᾰθρᾰ
κωλόβαθρον	N;NOM(SG)	κωλόβᾰθρον
κωλόβαθρον	N;VOC(DU)	κωλόβᾰ́θρω
κωλόβαθρον	N;VOC(PL)	κωλόβᾰθρᾰ
κωλόβαθρον	N;VOC(SG)	κωλόβᾰθρον
λειμώνιον	N;ACC(DU)	λειμώνῐ́ω
λειμώνιον	N;ACC(PL)	λειμώνῐᾰ
λειμώνιον	N;ACC(SG)	λειμώ́νῐον
λειμώνιον	N;DAT(DU)	λειμώνῐ́οιν
λειμώνιον	N;DAT(PL)	λειμώνῐ́οις
λειμώνιον	N;DAT(SG)	λειμώνῐ́ῳ
λειμώνιον	N;GEN(DU)	λειμώνῐ́οιν
λειμώνιον	N;GEN(PL)	λειμώνῐ́ων
λειμώνιον	N;GEN(SG)	λειμώνῐ́ου
λειμώνιον	N;NOM(DU)	λειμώνῐ́ω
λειμώνιον	N;NOM(PL)	λειμώνῐᾰ
λειμώνιον	N;NOM(SG)	λειμώ́νῐον
λειμώνιον	N;VOC(DU)	λειμώνῐ́ω
λειμώνιον	N;VOC(PL)	λειμώνῐᾰ
λειμώνιον	N;VOC(SG)	λειμώ́νῐον
μελῳδία	N;ACC(DU)	μελῳδῐ́ᾱ
μελῳδία	N;ACC(PL)	μελῳδῐ́ᾱς
μελῳδία	N;ACC(SG)	μελῳδῐ́ᾱν
μελῳδία	N;DAT(DU)	μελῳδῐ́αιν
μελῳδία	N;DAT(PL)	μελῳδῐ́αις
μελῳδία	N;DAT(SG)	μελῳδῐ́ᾳ
μελῳδία	N;GEN(DU)	μελῳδῐ́αιν
μελῳδία	N;GEN(PL)	μελῳδῐῶν
μελῳδία	N;GEN(SG)	μελῳδῐ́ᾱς
μελῳδία	N;NOM(DU)	μελῳδῐ́ᾱ
μελῳδία	N;NOM(PL)	μελῳδῐ́αι
μελῳδία	N;NOM(SG)	μελῳδῐ́ᾱ
μελῳδία	N;VOC(DU)	μελῳδῐ́ᾱ
μελῳδία	N;VOC(PL)	μελῳδῐ́αι
μελῳδία	N;VOC(SG)	μελῳδῐ́ᾱ
οἶνος	N;ACC(DU)	οἶνω
οἶνος	N;ACC(PL)	οἶνους
οἶνος	N;ACC(SG)	οἶνον
οἶνος	N;DAT(DU)	οἶνοιν
οἶνος	N;DAT(PL)	οἶνοις
οἶνος	N;DAT(SG)	οἶνῳ
οἶνος	N;GEN(DU)	οἶνοιν
οἶνος	N;GEN(PL)	οἶνων
οἶνος	N;GEN(SG)	οἶνου
οἶνος	N;NOM(DU)	οἶνω
οἶνος	N;NOM(PL)	οἶνοι
οἶνος	N;NOM(SG)	οἶνος
οἶνος	N;VOC(DU)	οἶνω
οἶνος	N;VOC(PL)	οἶνοι
οἶνος	N;VOC(SG)	οἶνε
παλίμψηστος	ADJ;ACC(DU;FEM)	παλίμψηστω
παλίμψηστος	ADJ;ACC(DU;NEUT)	παλίμψηστω
παλίμψηστος	ADJ;ACC(PL;MASC)	παλίμψηστους
παλίμψηστος	ADJ;ACC(SG;FEM)	παλίμψηστον
παλίμψηστος	ADJ;ACC(SG;MASC)	παλίμψηστον
παλίμψηστος	ADJ;ACC(SG;NEUT)	παλίμψηστον
παλίμψηστος	ADJ;DAT(DU;FEM)	παλίμψηστοιν
παλίμψηστος	ADJ;DAT(DU;MASC)	παλίμψηστοιν
παλίμψηστος	ADJ;DAT(DU;NEUT)	παλίμψηστοιν
παλίμψηστος	ADJ;DAT(PL;MASC)	παλίμψηστοις
παλίμψηστος	ADJ;DAT(PL;NEUT)	παλίμψηστοις
παλίμψηστος	ADJ;DAT(SG;MASC)	παλίμψηστῳ
παλίμψηστος	ADJ;GEN(DU;FEM)	παλίμψηστοιν
παλίμψηστος	ADJ;GEN(DU;MASC)	παλίμψηστοιν
παλίμψηστος	ADJ;GEN(DU;NEUT)	παλίμψηστοιν
παλίμψηστος	ADJ;GEN(PL;FEM)	παλίμψηστων
παλίμψηστος	ADJ;GEN(PL;MASC)	παλίμψηστων
παλίμψηστος	ADJ;GEN(PL;NEUT)	παλίμψηστων
παλίμψηστος	ADJ;GEN(SG;FEM)	παλίμψηστου
παλίμψηστος	ADJ;GEN(SG;MASC)	παλίμψηστου
παλίμψηστος	ADJ;GEN(SG;NEUT)	παλίμψηστου
παλίμψηστος	ADJ;NOM(DU;NEUT)	παλίμψηστω
παλίμψηστος	ADJ;NOM(PL;FEM)	παλίμψηστοι
παλίμψηστος	ADJ;NOM(PL;MASC)	παλίμψηστοι
παλίμψηστος	ADJ;NOM(PL;NEUT)	παλίμψηστα
παλίμψηστος	ADJ;VOC(DU;FEM)	παλίμψηστω
παλίμψηστος	ADJ;VOC(DU;MASC)	παλίμψηστω
παλίμψηστος	ADJ;VOC(DU;NEUT)	παλίμψηστω
παλίμψηστος	ADJ;VOC(PL;MASC)	παλίμψηστοι
παλίμψηστος	ADJ;VOC(PL;NEUT)	παλίμψηστα
παλίμψηστος	ADJ;VOC(SG;FEM)	παλίμψηστε
παλίμψηστος	ADJ;VOC(SG;MASC)	παλίμψηστε
παλίμψηστος	ADJ;VOC(SG;NEUT)	παλίμψηστον
παραλυτικός	ADJ;ACC(DU;FEM)	παρᾰλῠτῐκᾱ́
παραλυτικός	ADJ;ACC(DU;MASC)	παρᾰλῠτῐκώ
παραλυτικός	ADJ;ACC(DU;NEUT)	παρᾰλῠτῐκώ
παραλυτικός	ADJ;ACC(PL;FEM)	παρᾰλῠτῐκᾱ́ς
παραλυτικός	ADJ;ACC(PL;MASC)	παρᾰλῠτῐκούς
παραλυτικός	ADJ;ACC(PL;NEUT)	παρᾰλῠτῐκᾰ́
παραλυτικός	ADJ;ACC(SG;FEM)	παρᾰλῠτῐκήν
παραλυτικός	ADJ;ACC(SG;MASC)	παρᾰλῠτῐκόν
παραλυτικός	ADJ;ACC(SG;NEUT)	παρᾰλῠτῐκόν
παραλυτικός	ADJ;DAT(DU;FEM)	παρᾰλῠτῐκαῖν
παραλυτικός	ADJ;DAT(DU;MASC)	παραλυτικοῖν
παραλυτικός	ADJ;DAT(DU;NEUT)	παραλυτικοῖν
παραλυτικός	ADJ;DAT(PL;FEM)	παρᾰλῠτῐκαῖς
παραλυτικός	ADJ;DAT(PL;MASC)	παρᾰλῠτῐκοῖς
παραλυτικός	ADJ;DAT(PL;NEUT)	παρᾰλῠτῐκοῖς
παραλυτικός	ADJ;DAT(SG;FEM)	παρᾰλῠτῐκῇ
παραλυτικός	ADJ;DAT(SG;MASC)	παραλυτικῷ
παραλυτικός	ADJ;GEN(DU;FEM)	παρᾰλῠτῐκαῖν
παραλυτικός	ADJ;GEN(PL;MASC)	παρᾰλῠτῐκῶν
παραλυτικός	ADJ;GEN(PL;NEUT)	παρᾰλῠτῐκῶν
παραλυτικός	ADJ;GEN(SG;FEM)	παρᾰλῠτῐκῆς
παραλυτικός	ADJ;GEN(SG;MASC)	παρᾰλῠτῐκοῦ
παραλυτικός	ADJ;GEN(SG;NEUT)	παρᾰλῠτῐκοῦ
παραλυτικός	ADJ;NOM(DU;FEM)	παρᾰλῠτῐκᾱ́
παραλυτικός	ADJ;NOM(DU;MASC)	παρᾰλῠτῐκώ
παραλυτικός	ADJ;NOM(DU;NEUT)	παρᾰλῠτῐκώ
παραλυτικός	ADJ;NOM(PL;FEM)	παρᾰλῠτῐκαί
παραλυτικός	ADJ;NOM(SG;FEM)	παρᾰλῠτῐκή
παραλυτικός	ADJ;VOC(PL;FEM)	παρᾰλῠτῐκαί
παραλυτικός	ADJ;VOC(PL;MASC)	παρᾰλῠτῐκοί
παραλυτικός	ADJ;VOC(PL;NEUT)	παραλυτικᾰ́
παραλυτικός	ADJ;VOC(SG;FEM)	παρᾰλῠτῐκή
παραλυτικός	ADJ;VOC(SG;MASC)	παρᾰλῠτῐκέ
ποτήριον	N;ACC(DU)	ποτήρίω
ποτήριον	N;ACC(PL)	ποτήριᾰ
ποτήριον	N;ACC(SG)	ποτήριον
ποτήριον	N;DAT(DU)	ποτήρίοιν
ποτήριον	N;DAT(PL)	ποτήρίοις
ποτήριον	N;DAT(SG)	ποτήρίῳ
ποτήριον	N;GEN(DU)	ποτήρίοιν
ποτήριον	N;GEN(PL)	ποτήρίων
ποτήριον	N;GEN(SG)	ποτήρίου
ποτήριον	N;NOM(DU)	ποτήρίω
ποτήριον	N;NOM(PL)	ποτήριᾰ
ποτήριον	N;NOM(SG)	ποτήριον
ποτήριον	N;VOC(DU)	ποτήρίω
ποτήριον	N;VOC(PL)	ποτήριᾰ
ποτήριον	N;VOC(SG)	ποτήριον
πτέρνη	N;ACC(DU)	πτέρνᾱ
πτέρνη	N;ACC(PL)	πτέρνᾱς
πτέρνη	N;ACC(SG)	πτέρνην
πτέρνη	N;DAT(DU)	πτέρναιν
πτέρνη	N;DAT(PL)	πτέρναις
πτέρνη	N;DAT(SG)	πτέρνῃ
πτέρνη	N;GEN(DU)	πτέρναιν
πτέρνη	N;GEN(PL)	πτέρνῶν
πτέρνη	N;GEN(SG)	πτέρνης
πτέρνη	N;NOM(DU)	πτέρνᾱ
πτέρνη	N;NOM(PL)	πτέρναι
πτέρνη	N;NOM(SG)	πτέρνη
πτέρνη	N;VOC(DU)	πτέρνᾱ
πτέρνη	N;VOC(PL)	πτέρναι
πτέρνη	N;VOC(SG)	πτέρνη
πῆγμα	N;ACC(DU)	πῆγμᾰτε
πῆγμα	N;ACC(PL)	πῆγμᾰτᾰ
πῆγμα	N;ACC(SG)	πῆγμᾰ
πῆγμα	N;DAT(DU)	πῆγμᾰ́τοιν
πῆγμα	N;DAT(PL)	πῆγμᾰσῐ(ν)
πῆγμα	N;DAT(SG)	πῆγμᾰτῐ
πῆγμα	N;GEN(DU)	πῆγμᾰ́τοιν
πῆγμα	N;GEN(PL)	πῆγμᾰ́των
πῆγμα	N;GEN(SG)	πῆγμᾰτος
πῆγμα	N;NOM(DU)	πῆγμᾰτε
πῆγμα	N;NOM(PL)	πῆγμᾰτᾰ
πῆγμα	N;NOM(SG)	πῆγμᾰ
πῆγμα	N;VOC(DU)	πῆγμᾰτε
πῆγμα	N;VOC(PL)	πῆγμᾰτᾰ
πῆγμα	N;VOC(SG)	πῆγμᾰ
σίραιον	N;ACC(DU)	σίραίω
σίραιον	N;ACC(PL)	σίραιᾰ
σίραιον	N;ACC(SG)	σίραιον
σίραιον	N;DAT(DU)	σίραίοιν
σίραιον	N;DAT(PL)	σίραίοις
σίραιον	N;DAT(SG)	σίραίῳ
σίραιον	N;GEN(DU)	σίραίοιν
σίραιον	N;GEN(PL)	σίραίων
σίραιον	N;GEN(SG)	σίραίου
σίραιον	N;NOM(DU)	σίραίω
σίραιον	N;NOM(PL)	σίραιᾰ
σίραιον	N;NOM(SG)	σίραιον
σίραιον	N;VOC(DU)	σίραίω
σίραιον	N;VOC(PL)	σίραιᾰ
σίραιον	N;VOC(SG)	σίραιον
σκέπη	N;ACC(DU)	σκέπᾱ
σκέπη	N;ACC(PL)	σκέπᾱς
σκέπη	N;ACC(SG)	σκέπην
σκέπη	N;DAT(DU)	σκέπαιν
σκέπη	N;DAT(PL)	σκέπαις
σκέπη	N;DAT(SG)	σκέπῃ
σκέπη	N;GEN(DU)	σκέπαιν
σκέπη	N;GEN(PL)	σκέπῶν
σκέπη	N;GEN(SG)	σκέπης
σκέπη	N;NOM(DU)	σκέπᾱ
σκέπη	N;NOM(PL)	σκέπαι
σκέπη	N;NOM(SG)	σκέπη
σκέπη	N;VOC(DU)	σκέπᾱ
σκέπη	N;VOC(PL)	σκέπαι
σκέπη	N;VOC(SG)	σκέπη
σχόλιον	N;ACC(DU)	σχόλίω
σχόλιον	N;ACC(PL)	σχόλιᾰ
σχόλιον	N;ACC(SG)	σχόλιον
σχόλιον	N;DAT(DU)	σχόλίοιν
σχόλιον	N;DAT(PL)	σχόλίοις
σχόλιον	N;DAT(SG)	σχόλίῳ
σχόλιον	N;GEN(DU)	σχόλίοιν
σχόλιον	N;GEN(PL)	σχόλίων
σχόλιον	N;GEN(SG)	σχόλίου
σχόλιον	N;NOM(DU)	σχόλίω
σχόλιον	N;NOM(PL)	σχόλιᾰ
σχόλιον	N;NOM(SG)	σχόλιον
σχόλιον	N;VOC(DU)	σχόλίω
σχόλιον	N;VOC(PL)	σχόλιᾰ
σχόλιον	N;VOC(SG)	σχόλιον
τακτικός	ADJ;ACC(DU;FEM)	τακτικᾱ́
τακτικός	ADJ;ACC(DU;NEUT)	τακτικώ
τακτικός	ADJ;ACC(PL;FEM)	τακτικᾱ́ς
τακτικός	ADJ;ACC(SG;FEM)	τακτικήν
τακτικός	ADJ;ACC(SG;MASC)	τακτικόν
τακτικός	ADJ;ACC(SG;NEUT)	τακτικόν
τακτικός	ADJ;DAT(DU;FEM)	τακτικαῖν
τακτικός	ADJ;DAT(DU;MASC)	τακτικοῖν
τακτικός	ADJ;DAT(DU;NEUT)	τακτικοῖν
τακτικός	ADJ;DAT(PL;FEM)	τακτικαῖς
τακτικός	ADJ;DAT(PL;MASC)	τακτικοῖς
τακτικός	ADJ;DAT(PL;NEUT)	τακτικοῖς
τακτικός	ADJ;DAT(SG;FEM)	τακτικῇ
τακτικός	ADJ;DAT(SG;MASC)	τακτικῷ
τακτικός	ADJ;GEN(DU;FEM)	τακτικαῖν
τακτικός	ADJ;GEN(PL;MASC)	τακτικῶν
τακτικός	ADJ;GEN(PL;NEUT)	τακτικῶν
τακτικός	ADJ;GEN(SG;FEM)	τακτικῆς
τακτικός	ADJ;GEN(SG;MASC)	τακτικοῦ
τακτικός	ADJ;GEN(SG;NEUT)	τακτικοῦ
τακτικός	ADJ;NOM(DU;FEM)	τακτικᾱ́
τακτικός	ADJ;NOM(DU;NEUT)	τακτικώ
τακτικός	ADJ;NOM(PL;NEUT)	τακτικᾰ́
τακτικός	ADJ;NOM(SG;NEUT)	τακτικόν
τακτικός	ADJ;VOC(DU;FEM)	τακτικᾱ́
τακτικός	ADJ;VOC(DU;MASC)	τακτικώ
τακτικός	ADJ;VOC(DU;NEUT)	τακτικώ
τακτικός	ADJ;VOC(PL;FEM)	τακτικαί
τακτικός	ADJ;VOC(PL;MASC)	τακτικοί
τακτικός	ADJ;VOC(PL;NEUT)	τακτικᾰ́
τακτικός	ADJ;VOC(SG;FEM)	τακτική
τακτικός	ADJ;VOC(SG;MASC)	τακτικέ
τακτικός	ADJ;VOC(SG;NEUT)	τακτικόν
ταπεινός	ADJ;ACC(DU;FEM)	ταπεινᾱ́
ταπεινός	ADJ;ACC(DU;MASC)	ταπεινώ
ταπεινός	ADJ;ACC(PL;MASC)	ταπεινούς
ταπεινός	ADJ;ACC(PL;NEUT)	ταπεινᾰ́
ταπεινός	ADJ;ACC(SG;MASC)	ταπεινόν
ταπεινός	ADJ;DAT(DU;FEM)	ταπειναῖν
ταπεινός	ADJ;DAT(DU;NEUT)	ταπεινοῖν
ταπεινός	ADJ;DAT(PL;FEM)	ταπειναῖς
ταπεινός	ADJ;DAT(PL;MASC)	ταπεινοῖς
ταπεινός	ADJ;DAT(SG;MASC)	ταπεινῷ
ταπεινός	ADJ;DAT(SG;NEUT)	ταπεινῷ
ταπεινός	ADJ;GEN(DU;FEM)	ταπειναῖν
ταπεινός	ADJ;GEN(DU;MASC)	ταπεινοῖν
ταπεινός	ADJ;GEN(PL;FEM)	ταπεινῶν
ταπεινός	ADJ;GEN(SG;MASC)	ταπεινοῦ
ταπεινός	ADJ;GEN(SG;NEUT)	ταπεινοῦ
ταπεινός	ADJ;NOM(DU;FEM)	ταπεινᾱ́
ταπεινός	ADJ;NOM(DU;MASC)	ταπεινώ
ταπεινός	ADJ;NOM(DU;NEUT)	ταπεινώ
ταπεινός	ADJ;NOM(PL;FEM)	ταπειναί
ταπεινός	ADJ;NOM(PL;MASC)	ταπεινοί
ταπεινός	ADJ;NOM(PL;NEUT)	ταπεινᾰ́
ταπεινός	ADJ;NOM(SG;FEM)	ταπεινή
ταπεινός	ADJ;NOM(SG;MASC)	ταπεινός
ταπεινός	ADJ;NOM(SG;NEUT)	ταπεινόν
ταπεινός	ADJ;VOC(DU;FEM)	ταπεινᾱ́
ταπεινός	ADJ;VOC(DU;NEUT)	ταπεινώ
ταπεινός	ADJ;VOC(PL;FEM)	ταπειναί
ταπεινός	ADJ;VOC(PL;MASC)	ταπεινοί
ταπεινός	ADJ;VOC(PL;NEUT)	ταπεινᾰ́
ταπεινός	ADJ;VOC(SG;FEM)	ταπεινή
ταπεινός	ADJ;VOC(SG;MASC)	ταπεινέ
ταπεινός	ADJ;VOC(SG;NEUT)	ταπεινόν
ἀμέλεια	N;ACC(DU)	ἀμέλείᾱ
ἀμέλεια	N;ACC(PL)	ἀμέλείᾱς
ἀμέλεια	N;ACC(SG)	ἀμέλειᾰν
ἀμέλεια	N;DAT(DU)	ἀμέλείαιν
ἀμέλεια	N;DAT(PL)	ἀμέλείαις
ἀμέλεια	N;DAT(SG)	ἀμέλείᾳ
ἀμέλεια	N;GEN(DU)	ἀμέλείαιν
ἀμέλεια	N;GEN(PL)	ἀμέλειῶν
ἀμέλεια	N;GEN(SG)	ἀμέλείᾱς
ἀμέλεια	N;NOM(DU)	ἀμέλείᾱ
ἀμέλεια	N;NOM(PL)	ἀμέλειαι
ἀμέλεια	N;NOM(SG)	ἀμέλειᾰ
ἀμέλεια	N;VOC(DU)	ἀμέλείᾱ
ἀμέλεια	N;VOC(PL)	ἀμέλειαι
ἀμέλεια	N;VOC(SG)	ἀμέλειᾰ
ἀμβλυωπία	N;ACC(DU)	ἀμβλυωπῐ́ᾱ
ἀμβλυωπία	N;ACC(PL)	ἀμβλυωπῐ́ᾱς
ἀμβλυωπία	N;ACC(SG)	ἀμβλυωπῐ́ᾱν
ἀμβλυωπία	N;DAT(DU)	ἀμβλυωπῐ́αιν
ἀμβλυωπία	N;DAT(PL)	ἀμβλυωπῐ́αις
ἀμβλυωπία	N;DAT(SG)	ἀμβλυωπῐ́ᾳ
ἀμβλυωπία	N;GEN(DU)	ἀμβλυωπῐ́αιν
ἀμβλυωπία	N;GEN(PL)	ἀμβλυωπῐῶν
ἀμβλυωπία	N;GEN(SG)	ἀμβλυωπῐ́ᾱς
ἀμβλυωπία	N;NOM(DU)	ἀμβλυωπῐ́ᾱ
ἀμβλυωπία	N;NOM(PL)	ἀμβλυωπῐ́αι
ἀμβλυωπία	N;NOM(SG)	ἀμβλυωπῐ́ᾱ
ἀμβλυωπία	N;VOC(DU)	ἀμβλυωπῐ́ᾱ
ἀμβλυωπία	N;VOC(PL)	ἀμβλυωπῐ́αι
ἀμβλυωπία	N;VOC(SG)	ἀμβλυωπῐ́ᾱ
ἀναστροφή	N;ACC(DU)	ἀνᾰστροφᾱ́
ἀναστροφή	N;ACC(PL)	ἀνᾰστροφᾱ́ς
ἀναστροφή	N;ACC(SG)	ἀνᾰστροφήν
ἀναστροφή	N;DAT(DU)	ἀνᾰστροφαῖν
ἀναστροφή	N;DAT(PL)	ἀνᾰστροφαῖς
ἀναστροφή	N;DAT(SG)	ἀνᾰστροφῇ
ἀναστροφή	N;GEN(DU)	ἀνᾰστροφαῖν
ἀναστροφή	N;GEN(PL)	ἀνᾰστροφῶν
ἀναστροφή	N;GEN(SG)	ἀνᾰστροφῆς
ἀναστροφή	N;NOM(DU)	ἀνᾰστροφᾱ́
ἀναστροφή	N;NOM(PL)	ἀνᾰστροφαί
ἀναστροφή	N;NOM(SG)	ἀνᾰστροφή
ἀναστροφή	N;VOC(DU)	ἀνᾰστροφᾱ́
ἀναστροφή	N;VOC(PL)	ἀνᾰστροφαί
ἀναστροφή	N;VOC(SG)	ἀνᾰστροφή
ἀντιστοιχία	N;ACC(DU)	ἀντιστοιχῐ́ᾱ
ἀντιστοιχία	N;ACC(PL)	ἀντιστοιχῐ́ᾱς
ἀντιστοιχία	N;ACC(SG)	ἀντιστοιχῐ́ᾱν
ἀντιστοιχία	N;DAT(DU)	ἀντιστοιχῐ́αιν
ἀντιστοιχία	N;DAT(PL)	ἀντιστοιχῐ́αις
ἀντιστοιχία	N;DAT(SG)	ἀντιστοιχῐ́ᾳ
ἀντιστοιχία	N;GEN(DU)	ἀντιστοιχῐ́αιν
ἀντιστοιχία	N;GEN(PL)	ἀντιστοιχῐῶν
ἀντιστοιχία	N;GEN(SG)	ἀντιστοιχῐ́ᾱς
ἀντιστοιχία	N;NOM(DU)	ἀντιστοιχῐ́ᾱ
ἀντιστοιχία	N;NOM(PL)	ἀντιστοιχῐ́αι
ἀντιστοιχία	N;NOM(SG)	ἀντιστοιχῐ́ᾱ
ἀντιστοιχία	N;VOC(DU)	ἀντιστοιχῐ́ᾱ
ἀντιστοιχία	N;VOC(PL)	ἀντιστοιχῐ́αι
ἀντιστοιχία	N;VOC(SG)	ἀντιστοιχῐ́ᾱ
ἀξίνη	N;ACC(DU)	ἀξίνᾱ
ἀξίνη	N;ACC(PL)	ἀξίνᾱς
ἀξίνη	N;ACC(SG)	ἀξίνην
ἀξίνη	N;DAT(DU)	ἀξίναιν
ἀξίνη	N;DAT(PL)	ἀξίναις
ἀξίνη	N;DAT(SG)	ἀξίνῃ
ἀξίνη	N;GEN(DU)	ἀξίναιν
ἀξίνη	N;GEN(PL)	ἀξίνῶν
ἀξίνη	N;GEN(SG)	ἀξίνης
ἀξίνη	N;NOM(DU)	ἀξίνᾱ
ἀξίνη	N;NOM(PL)	ἀξίναι
ἀξίνη	N;NOM(SG)	ἀξίνη
ἀξίνη	N;VOC(DU)	ἀξίνᾱ
ἀξίνη	N;VOC(PL)	ἀξίναι
ἀξίνη	N;VOC(SG)	ἀξίνη
ἀρχισυνάγωγος	N;ACC(DU)	ἀρχισυνάγωγω
ἀρχισυνάγωγος	N;ACC(PL)	ἀρχισυνάγωγους
ἀρχισυνάγωγος	N;ACC(SG)	ἀρχισυνάγωγον
ἀρχισυνάγωγος	N;DAT(DU)	ἀρχισυνάγωγοιν
ἀρχισυνάγωγος	N;DAT(PL)	ἀρχισυνάγωγοις
ἀρχισυνάγωγος	N;DAT(SG)	ἀρχισυνάγωγῳ
ἀρχισυνάγωγος	N;GEN(DU)	ἀρχισυνάγωγοιν
ἀρχισυνάγωγος	N;GEN(PL)	ἀρχισυνάγωγων
ἀρχισυνάγωγος	N;GEN(SG)	ἀρχισυνάγωγου
ἀρχισυνάγωγος	N;NOM(DU)	ἀρχισυνάγωγω
ἀρχισυνάγωγος	N;NOM(PL)	ἀρχισυνάγωγοι
ἀρχισυνάγωγος	N;NOM(SG)	ἀρχισυνάγωγος
ἀρχισυνάγωγος	N;VOC(DU)	ἀρχισυνάγωγω
ἀρχισυνάγωγος	N;VOC(PL)	ἀρχισυνάγωγοι
ἀρχισυνάγωγος	N;VOC(SG)	ἀρχισυνάγωγε
ἄφωνος	ADJ;ACC(PL;FEM)	ἄφωνους
ἄφωνος	ADJ;ACC(PL;MASC)	ἄφωνους
ἄφωνος	ADJ;ACC(PL;NEUT)	ἄφωνα
ἄφωνος	ADJ;ACC(SG;FEM)	ἄφωνον
ἄφωνος	ADJ;ACC(SG;NEUT)	ἄφωνον
ἄφωνος	ADJ;DAT(DU;FEM)	ἄφωνοιν
ἄφωνος	ADJ;DAT(DU;MASC)	ἄφωνοιν
ἄφωνος	ADJ;DAT(DU;NEUT)	ἄφωνοιν
ἄφωνος	ADJ;DAT(PL;FEM)	ἄφωνοις
ἄφωνος	ADJ;DAT(PL;MASC)	ἄφωνοις
ἄφωνος	ADJ;DAT(PL;NEUT)	ἄφωνοις
ἄφωνος	ADJ;DAT(SG;FEM)	ἄφωνῳ
ἄφωνος	ADJ;DAT(SG;MASC)	ἄφωνῳ
ἄφωνος	ADJ;DAT(SG;NEUT)	ἄφωνῳ
ἄφωνος	ADJ;GEN(DU;FEM)	ἄφωνοιν
ἄφωνος	ADJ;GEN(PL;FEM)	ἄφωνων
ἄφωνος	ADJ;GEN(PL;MASC)	ἄφωνων
ἄφωνος	ADJ;GEN(PL;NEUT)	ἄφωνων
ἄφωνος	ADJ;GEN(SG;FEM)	ἄφωνου
ἄφωνος	ADJ;GEN(SG;MASC)	ἄφωνου
ἄφωνος	ADJ;NOM(DU;MASC)	ἄφωνω
ἄφωνος	ADJ;NOM(PL;FEM)	ἄφωνοι
ἄφωνος	ADJ;NOM(PL;MASC)	ἄφωνοι
ἄφωνος	ADJ;NOM(PL;NEUT)	ἄφωνα
ἄφωνος	ADJ;NOM(SG;FEM)	ἄφωνος
ἄφωνος	ADJ;NOM(SG;MASC)	ἄφωνος
ἄφωνος	ADJ;VOC(DU;FEM)	ἄφωνω
ἄφωνος	ADJ;VOC(DU;MASC)	ἄφωνω
ἄφωνος	ADJ;VOC(DU;NEUT)	ἄφωνω
ἄφωνος	ADJ;VOC(PL;MASC)	ἄφωνοι
ἄφωνος	ADJ;VOC(PL;NEUT)	ἄφωνα
ἄφωνος	ADJ;VOC(SG;MASC)	ἄφωνε
ἄφωνος	ADJ;VOC(SG;NEUT)	ἄφωνον
Ἀβδηρίτης	N;ACC(DU)	Ἀβδηρῑ́τᾱ
Ἀβδηρίτης	N;ACC(PL)	Ἀβδηρῑ́τᾱς
Ἀβδηρίτης	N;ACC(SG)	Ἀβδηρῑ́την
Ἀβδηρίτης	N;DAT(DU)	Ἀβδηρῑ́ταιν
Ἀβδηρίτης	N;DAT(PL)	Ἀβδηρῑ́ταις
Ἀβδηρίτης	N;DAT(SG)	Ἀβδηρῑ́τῃ
Ἀβδηρίτης	N;GEN(DU)	Ἀβδηρῑ́ταιν
Ἀβδηρίτης	N;GEN(PL)	Ἀβδηρῑτῶν
Ἀβδηρίτης	N;GEN(SG)	Ἀβδηρῑ́του
Ἀβδηρίτης	N;NOM(DU)	Ἀβδηρῑ́τᾱ
Ἀβδηρίτης	N;NOM(PL)	Ἀβδηρῖται
Ἀβδηρίτης	N;NOM(SG)	Ἀβδηρῑ́της
Ἀβδηρίτης	N;VOC(DU)	Ἀβδηρῑ́τᾱ
Ἀβδηρίτης	N;VOC(PL)	Ἀβδηρῖται
Ἀβδηρίτης	N;VOC(SG)	Ἀβδηρῖτᾰ
Ἀσεάτης	N;ACC(DU)	Ἀσεᾱ́τᾱ
Ἀσεάτης	N;ACC(PL)	Ἀσεᾱ́τᾱς
Ἀσεάτης	N;ACC(SG)	Ἀσεᾱ́την
Ἀσεάτης	N;DAT(DU)	Ἀσεᾱ́ταιν
Ἀσεάτης	N;DAT(PL)	Ἀσεᾱ́ταις
Ἀσεάτης	N;DAT(SG)	Ἀσεᾱ́τῃ
Ἀσεάτης	N;GEN(PL)	Ἀσεᾱτῶν
Ἀσεάτης	N;GEN(SG)	Ἀσεᾱ́του
Ἀσεάτης	N;NOM(DU)	Ἀσεᾱ́τᾱ
Ἀσεάτης	N;NOM(PL)	Ἀσεᾶται
Ἀσεάτης	N;NOM(SG)	Ἀσεᾱ́της
Ἀσεάτης	N;VOC(DU)	Ἀσεᾰ́τᾱ
Ἀσεάτης	N;VOC(PL)	Ἀσεᾶται
Ἀσεάτης	N;VOC(SG)	Ἀσεᾶτᾰ
ἐμπρακτικός	ADJ;ACC(DU;FEM)	ἐμπρακτικᾱ́
ἐμπρακτικός	ADJ;ACC(DU;MASC)	ἐμπρακτικώ
ἐμπρακτικός	ADJ;ACC(DU;NEUT)	ἐμπρακτικώ
ἐμπρακτικός	ADJ;ACC(PL;FEM)	ἐμπρακτικᾱ́ς
ἐμπρακτικός	ADJ;ACC(PL;MASC)	ἐμπρακτικούς
ἐμπρακτικός	ADJ;ACC(PL;NEUT)	ἐμπρακτικᾰ́
ἐμπρακτικός	ADJ;ACC(SG;FEM)	ἐμπρακτικήν
ἐμπρακτικός	ADJ;ACC(SG;MASC)	ἐμπρακτικόν
ἐμπρακτικός	ADJ;DAT(DU;MASC)	ἐμπρακτικοῖν
ἐμπρακτικός	ADJ;DAT(DU;NEUT)	ἐμπρακτικοῖν
ἐμπρακτικός	ADJ;DAT(SG;FEM)	ἐμπρακτικῇ
ἐμπρακτικός	ADJ;DAT(SG;MASC)	ἐμπρακτικῷ
ἐμπρακτικός	ADJ;DAT(SG;NEUT)	ἐμπρακτικῷ
ἐμπρακτικός	ADJ;GEN(DU;FEM)	ἐμπρακτικαῖν
ἐμπρακτικός	ADJ;GEN(DU;MASC)	ἐμπρακτικοῖν
ἐμπρακτικός	ADJ;GEN(DU;NEUT)	ἐμπρακτικοῖν
ἐμπρακτικός	ADJ;GEN(PL;FEM)	ἐμπρακτικῶν
ἐμπρακτικός	ADJ;GEN(PL;MASC)	ἐμπρακτικῶν
ἐμπρακτικός	ADJ;GEN(SG;MASC)	ἐμπρακτικοῦ
ἐμπρακτικός	ADJ;GEN(SG;NEUT)	ἐμπρακτικοῦ
ἐμπρακτικός	ADJ;NOM(DU;FEM)	ἐμπρακτικᾱ́
ἐμπρακτικός	ADJ;NOM(DU;MASC)	ἐμπρακτικώ
ἐμπρακτικός	ADJ;NOM(PL;FEM)	ἐμπρακτικαί
ἐμπρακτικός	ADJ;NOM(PL;MASC)	ἐμπρακτικοί
ἐμπρακτικός	ADJ;NOM(PL;NEUT)	ἐμπρακτικᾰ́
ἐμπρακτικός	ADJ;NOM(SG;FEM)	ἐμπρακτική
ἐμπρακτικός	ADJ;VOC(DU;FEM)	ἐμπρακτικᾱ́
ἐμπρακτικός	ADJ;VOC(DU;MASC)	ἐμπρακτικώ
ἐμπρακτικός	ADJ;VOC(DU;NEUT)	ἐμπρακτικώ
ἐμπρακτικός	ADJ;VOC(PL;MASC)	ἐμπρακτικοί
ἐμπρακτικός	ADJ;VOC(PL;NEUT)	ἐμπρακτικᾰ́
ἐμπρακτικός	ADJ;VOC(SG;MASC)	ἐμπρακτικέ
ἐμπρακτικός	ADJ;VOC(SG;NEUT)	ἐμπρακτικόν
ἐξομολογητικός	ADJ;ACC(DU;MASC)	ἐξομολογητῐκώ
ἐξομολογητικός	ADJ;ACC(DU;NEUT)	ἐξομολογητῐκώ
ἐξομολογητικός	ADJ;ACC(PL;MASC)	ἐξομολογητῐκούς
ἐξομολογητικός	ADJ;ACC(PL;NEUT)	ἐξομολογητικᾰ́
ἐξομολογητικός	ADJ;ACC(SG;FEM)	ἐξομολογητῐκήν
ἐξομολογητικός	ADJ;ACC(SG;MASC)	ἐξομολογητῐκόν
ἐξομολογητικός	ADJ;DAT(DU;MASC)	ἐξομολογητῐκοῖν
ἐξομολογητικός	ADJ;DAT(DU;NEUT)	ἐξομολογητῐκοῖν
ἐξομολογητικός	ADJ;DAT(PL;FEM)	ἐξομολογητῐκαῖς
ἐξομολογητικός	ADJ;DAT(PL;MASC)	ἐξομολογητῐκοῖς
ἐξομολογητικός	ADJ;DAT(PL;NEUT)	ἐξομολογητῐκοῖς
ἐξομολογητικός	ADJ;DAT(SG;FEM)	ἐξομολογητῐκῇ
ἐξομολογητικός	ADJ;DAT(SG;MASC)	ἐξομολογητῐκῷ
ἐξομολογητικός	ADJ;DAT(SG;NEUT)	ἐξομολογητικῷ
ἐξομολογητικός	ADJ;GEN(DU;MASC)	ἐξομολογητῐκοῖν
ἐξομολογητικός	ADJ;GEN(DU;NEUT)	ἐξομολογητῐκοῖν
ἐξομολογητικός	ADJ;GEN(PL;MASC)	ἐξομολογητῐκῶν
ἐξομολογητικός	ADJ;GEN(PL;NEUT)	ἐξομολογητῐκῶν
ἐξομολογητικός	ADJ;GEN(SG;FEM)	ἐξομολογητῐκῆς
ἐξομολογητικός	ADJ;GEN(SG;MASC)	ἐξομολογητῐκοῦ
ἐξομολογητικός	ADJ;NOM(DU;FEM)	ἐξομολογητῐκᾱ́
ἐξομολογητικός	ADJ;NOM(DU;MASC)	ἐξομολογητῐκώ
ἐξομολογητικός	ADJ;NOM(DU;NEUT)	ἐξομολογητῐκώ
ἐξομολογητικός	ADJ;NOM(PL;FEM)	ἐξομολογητικαί
ἐξομολογητικός	ADJ;NOM(PL;NEUT)	ἐξομολογητῐκᾰ́
ἐξομολογητικός	ADJ;NOM(SG;NEUT)	ἐξομολογητῐκόν
ἐξομολογητικός	ADJ;VOC(DU;FEM)	ἐξομολογητῐκᾱ́
ἐξομολογητικός	ADJ;VOC(DU;MASC)	ἐξομολογητῐκώ
ἐξομολογητικός	ADJ;VOC(PL;FEM)	ἐξομολογητικαί
ἐξομολογητικός	ADJ;VOC(PL;MASC)	ἐξομολογητικοί
ἐξομολογητικός	ADJ;VOC(SG;FEM)	ἐξομολογητῐκή
ἐξομολογητικός	ADJ;VOC(SG;MASC)	ἐξομολογητικέ
ἐξομολογητικός	ADJ;VOC(SG;NEUT)	ἐξομολογητῐκόν
Ἑλληνικός	ADJ;ACC(DU;FEM)	Ἑλληνικᾱ́
Ἑλληνικός	ADJ;ACC(DU;NEUT)	Ἑλληνικώ
Ἑλληνικός	ADJ;ACC(PL;FEM)	Ἑλληνικᾱ́ς
Ἑλληνικός	ADJ;ACC(PL;MASC)	Ἑλληνικούς
Ἑλληνικός	ADJ;ACC(SG;MASC)	Ἑλληνικόν
Ἑλληνικός	ADJ;ACC(SG;NEUT)	Ἑλληνικόν
Ἑλληνικός	ADJ;DAT(DU;FEM)	Ἑλληνικαῖν
Ἑλληνικός	ADJ;DAT(DU;MASC)	Ἑλληνικοῖν
Ἑλληνικός	ADJ;DAT(DU;NEUT)	Ἑλληνικοῖν
Ἑλληνικός	ADJ;DAT(PL;FEM)	Ἑλληνικαῖς
Ἑλληνικός	ADJ;DAT(SG;NEUT)	Ἑλληνικῷ
Ἑλληνικός	ADJ;GEN(DU;FEM)	Ἑλληνικαῖν
Ἑλληνικός	ADJ;GEN(DU;MASC)	Ἑλληνικοῖν
Ἑλληνικός	ADJ;GEN(DU;NEUT)	Ἑλληνικοῖν
Ἑλληνικός	ADJ;GEN(PL;FEM)	Ἑλληνικῶν
Ἑλληνικός	ADJ;GEN(PL;MASC)	Ἑλληνικῶν
Ἑλληνικός	ADJ;GEN(PL;NEUT)	Ἑλληνικῶν
Ἑλληνικός	ADJ;GEN(SG;MASC)	Ἑλληνικοῦ
Ἑλληνικός	ADJ;GEN(SG;NEUT)	Ἑλληνικοῦ
Ἑλληνικός	ADJ;NOM(DU;FEM)	Ἑλληνικᾱ́
Ἑλληνικός	ADJ;NOM(DU;MASC)	Ἑλληνικώ
Ἑλληνικός	ADJ;NOM(DU;NEUT)	Ἑλληνικώ
Ἑλληνικός	ADJ;NOM(PL;FEM)	Ἑλληνικαί
Ἑλληνικός	ADJ;NOM(PL;MASC)	Ἑλληνικοί
Ἑλληνικός	ADJ;NOM(PL;NEUT)	Ἑλληνικᾰ́
Ἑλληνικός	ADJ;NOM(SG;FEM)	Ἑλληνική
Ἑλληνικός	ADJ;NOM(SG;MASC)	Ἑλληνικός
Ἑλληνικός	ADJ;NOM(SG;NEUT)	Ἑλληνικόν
Ἑλληνικός	ADJ;VOC(DU;FEM)	Ἑλληνικᾱ́
Ἑλληνικός	ADJ;VOC(DU;MASC)	Ἑλληνικώ
Ἑλληνικός	ADJ;VOC(DU;NEUT)	Ἑλληνικώ
Ἑλληνικός	ADJ;VOC(PL;NEUT)	Ἑλληνικᾰ́
Ἑλληνικός	ADJ;VOC(SG;FEM)	Ἑλληνική
Ἔλυμος	N;ACC(DU)	Ἔλυμω
Ἔλυμος	N;ACC(PL)	Ἔλυμους
Ἔλυμος	N;ACC(SG)	Ἔλυμον
Ἔλυμος	N;DAT(DU)	Ἔλυμοιν
Ἔλυμος	N;DAT(PL)	Ἔλυμοις
Ἔλυμος	N;DAT(SG)	Ἔλυμῳ
Ἔλυμος	N;GEN(DU)	Ἔλυμοιν
Ἔλυμος	N;GEN(PL)	Ἔλυμων
Ἔλυμος	N;GEN(SG)	Ἔλυμου
Ἔλυμος	N;NOM(DU)	Ἔλυμω
Ἔλυμος	N;NOM(PL)	Ἔλυμοι
Ἔλυμος	N;NOM(SG)	Ἔλυμος
Ἔλυμος	N;VOC(DU)	Ἔλυμω
Ἔλυμος	N;VOC(PL)	Ἔλυμοι
Ἔλυμος	N;VOC(SG)	Ἔλυμε
ἡστικός	ADJ;ACC(DU;MASC)	ἡστικώ
ἡστικός	ADJ;ACC(PL;FEM)	ἡστικᾱ́ς
ἡστικός	ADJ;ACC(PL;NEUT)	ἡστικᾰ́
ἡστικός	ADJ;ACC(SG;FEM)	ἡστικήν
ἡστικός	ADJ;ACC(SG;MASC)	ἡστικόν
ἡστικός	ADJ;ACC(SG;NEUT)	ἡστικόν
ἡστικός	ADJ;DAT(DU;FEM)	ἡστικαῖν
ἡστικός	ADJ;DAT(DU;MASC)	ἡστικοῖν
ἡστικός	ADJ;DAT(DU;NEUT)	ἡστικοῖν
ἡστικός	ADJ;DAT(PL;FEM)	ἡστικαῖς
ἡστικός	ADJ;DAT(PL;MASC)	ἡστικοῖς
ἡστικός	ADJ;DAT(PL;NEUT)	ἡστικοῖς
ἡστικός	ADJ;DAT(SG;FEM)	ἡστικῇ
ἡστικός	ADJ;DAT(SG;NEUT)	ἡστικῷ
ἡστικός	ADJ;GEN(DU;MASC)	ἡστικοῖν
ἡστικός	ADJ;GEN(DU;NEUT)	ἡστικοῖν
ἡστικός	ADJ;GEN(PL;FEM)	ἡστικῶν
ἡστικός	ADJ;GEN(PL;NEUT)	ἡστικῶν
ἡστικός	ADJ;GEN(SG;MASC)	ἡστικοῦ
ἡστικός	ADJ;NOM(DU;FEM)	ἡστικᾱ́
ἡστικός	ADJ;NOM(DU;MASC)	ἡστικώ
ἡστικός	ADJ;NOM(DU;NEUT)	ἡστικώ
ἡστικός	ADJ;NOM(PL;FEM)	ἡστικαί
ἡστικός	ADJ;NOM(PL;MASC)	ἡστικοί
ἡστικός	ADJ;NOM(PL;NEUT)	ἡστικᾰ́
ἡστικός	ADJ;NOM(SG;FEM)	ἡστική
ἡστικός	ADJ;NOM(SG;NEUT)	ἡστικόν
ἡστικός	ADJ;VOC(DU;MASC)	ἡστικώ
ἡστικός	ADJ;VOC(DU;NEUT)	ἡστικώ
ἡστικός	ADJ;VOC(PL;MASC)	ἡστικοί
ἡστικός	ADJ;VOC(PL;NEUT)	ἡστικᾰ́
ἡστικός	ADJ;VOC(SG;MASC)	ἡστικέ
ἡστικός	ADJ;VOC(SG;NEUT)	ἡστικόν
Ἠπειρώτης	N;ACC(DU)	Ἠπειρώτᾱ
Ἠπειρώτης	N;ACC(PL)	Ἠπειρώτᾱς
Ἠπειρώτης	N;ACC(SG)	Ἠπειρώτην
Ἠπειρώτης	N;DAT(DU)	Ἠπειρώταιν
Ἠπειρώτης	N;DAT(PL)	Ἠπειρώταις
Ἠπειρώτης	N;DAT(SG)	Ἠπειρώτῃ
Ἠπειρώτης	N;GEN(DU)	Ἠπειρώταιν
Ἠπειρώτης	N;GEN(PL)	Ἠπειρωτῶν
Ἠπειρώτης	N;GEN(SG)	Ἠπειρώτου
Ἠπειρώτης	N;NOM(DU)	Ἠπειρώτᾱ
Ἠπειρώτης	N;NOM(PL)	Ἠπειρῶται
Ἠπειρώτης	N;NOM(SG)	Ἠπειρώτης
Ἠπειρώτης	N;VOC(DU)	Ἠπειρώτᾱ
Ἠπειρώτης	N;VOC(PL)	Ἠπειρῶται
Ἠπειρώτης	N;VOC(SG)	Ἠπειρῶτᾰ
ὀνοματοποιία	N;ACC(DU)	ὀνοματοποιῐ́ᾱ
ὀνοματοποιία	N;ACC(PL)	ὀνοματοποιῐ́ᾱς
ὀνοματοποιία	N;ACC(SG)	ὀνοματοποιῐ́ᾱν
ὀνοματοποιία	N;DAT(DU)	ὀνοματοποιῐ́αιν
ὀνοματοποιία	N;DAT(PL)	ὀνοματοποιῐ́αις
ὀνοματοποιία	N;DAT(SG)	ὀνοματοποιῐ́ᾳ
ὀνοματοποιία	N;GEN(DU)	ὀνοματοποιῐ́αιν
ὀνοματοποιία	N;GEN(PL)	ὀνοματοποιῐῶν
ὀνοματοποιία	N;GEN(SG)	ὀνοματοποιῐ́ᾱς
ὀνοματοποιία	N;NOM(DU)	ὀνοματοποιῐ́ᾱ
ὀνοματοποιία	N;NOM(PL)	ὀνοματοποιῐ́αι
ὀνοματοποιία	N;NOM(SG)	ὀνοματοποιῐ́ᾱ
ὀνοματοποιία	N;VOC(DU)	ὀνοματοποιῐ́ᾱ
ὀνοματοποιία	N;VOC(PL)	ὀνοματοποιῐ́αι
ὀνοματοποιία	N;VOC(SG)	ὀνοματοποιῐ́ᾱ
ὀστοῦν	N;ACC(DU)	ὀστοῦ
ὀστοῦν	N;ACC(PL)	ὀστοῦ
ὀστοῦν	N;ACC(SG)	ὀστοῦν
ὀστοῦν	N;DAT(DU)	ὀστοῦν
ὀστοῦν	N;DAT(PL)	ὀστοῦις
ὀστοῦν	N;DAT(SG)	ὀστοῦ
ὀστοῦν	N;GEN(DU)	ὀστοῦν
ὀστοῦν	N;GEN(PL)	ὀστοῦν
ὀστοῦν	N;GEN(SG)	ὀστοῦυ
ὀστοῦν	N;NOM(DU)	ὀστοῦ
ὀστοῦν	N;NOM(PL)	ὀστοῦ
ὀστοῦν	N;NOM(SG)	ὀστοῦν
ὀστοῦν	N;VOC(DU)	ὀστοῦ
ὀστοῦν	N;VOC(PL)	ὀστοῦ
ὀστοῦν	N;VOC(SG)	ὀστοῦν
ὁμόγραφος	ADJ;ACC(DU;FEM)	ὁμόγραφω
ὁμόγραφος	ADJ;ACC(DU;NEUT)	ὁμόγραφω
ὁμόγραφος	ADJ;ACC(PL;MASC)	ὁμόγραφους
ὁμόγραφος	ADJ;ACC(PL;NEUT)	ὁμόγραφα
ὁμόγραφος	ADJ;ACC(SG;MASC)	ὁμόγραφον
ὁμόγραφος	ADJ;ACC(SG;NEUT)	ὁμόγραφον
ὁμόγραφος	ADJ;DAT(DU;FEM)	ὁμόγραφοιν
ὁμόγραφος	ADJ;DAT(DU;MASC)	ὁμόγραφοιν
ὁμόγραφος	ADJ;DAT(DU;NEUT)	ὁμόγραφοιν
ὁμόγραφος	ADJ;DAT(PL;FEM)	ὁμόγραφοις
ὁμόγραφος	ADJ;DAT(PL;MASC)	ὁμόγραφοις
ὁμόγραφος	ADJ;DAT(PL;NEUT)	ὁμόγραφοις
ὁμόγραφος	ADJ;DAT(SG;FEM)	ὁμόγραφῳ
ὁμόγραφος	ADJ;DAT(SG;MASC)	ὁμόγραφῳ
ὁμόγραφος	ADJ;GEN(DU;MASC)	ὁμόγραφοιν
ὁμόγραφος	ADJ;GEN(DU;NEUT)	ὁμόγραφοιν
ὁμόγραφος	ADJ;GEN(PL;FEM)	ὁμόγραφων
ὁμόγραφος	ADJ;GEN(PL;NEUT)	ὁμόγραφων
ὁμόγραφος	ADJ;GEN(SG;FEM)	ὁμόγραφου
ὁμόγραφος	ADJ;GEN(SG;NEUT)	ὁμόγραφου
ὁμόγραφος	ADJ;NOM(DU;FEM)	ὁμόγραφω
ὁμόγραφος	ADJ;NOM(DU;MASC)	ὁμόγραφω
ὁμόγραφος	ADJ;NOM(DU;NEUT)	ὁμόγραφω
ὁμόγραφος	ADJ;NOM(PL;MASC)	ὁμόγραφοι
ὁμόγραφος	ADJ;NOM(SG;NEUT)	ὁμόγραφον
ὁμόγραφος	ADJ;VOC(DU;FEM)	ὁμόγραφω
ὁμόγραφος	ADJ;VOC(DU;MASC)	ὁμόγραφω
ὁμόγραφος	ADJ;VOC(DU;NEUT)	ὁμόγραφω
ὁμόγραφος	ADJ;VOC(PL;FEM)	ὁμόγραφοι
ὁμόγραφος	ADJ;VOC(PL;MASC)	ὁμόγραφοι
ὁμόγραφος	ADJ;VOC(PL;NEUT)	ὁμόγραφα
ὁμόγραφος	ADJ;VOC(SG;FEM)	ὁμόγραφε
ὁμόγραφος	ADJ;VOC(SG;MASC)	ὁμόγραφε
ὅμιλος	N;ACC(DU)	ὅμιλω
ὅμιλος	N;ACC(PL)	ὅμιλους
ὅμιλος	N;ACC(SG)	ὅμιλον
ὅμιλος	N;DAT(DU)	ὅμιλοιν
ὅμιλος	N;DAT(PL)	ὅμιλοις
ὅμιλος	N;DAT(SG)	ὅμιλῳ
ὅμιλος	N;GEN(DU)	ὅμιλοιν
ὅμιλος	N;GEN(PL)	ὅμιλων
ὅμιλος	N;GEN(SG)	ὅμιλου
ὅμιλος	N;NOM(DU)	ὅμιλω
ὅμιλος	N;NOM(PL)	ὅμιλοι
ὅμιλος	N;NOM(SG)	ὅμιλος
ὅμιλος	N;VOC(DU)	ὅμιλω
ὅμιλος	N;VOC(PL)	ὅμιλοι
ὅμιλος	N;VOC(SG)	ὅμιλε
ῥάδιξ	N;ACC(DU)	ῥάδικε
ῥάδιξ	N;ACC(PL)	ῥάδικᾰς
ῥάδιξ	N;ACC(SG)	ῥάδικᾰ
ῥάδιξ	N;DAT(DU)	ῥάδιιν
ῥάδιξ	N;DAT(PL)	ῥάδιξῐ
ῥάδιξ	N;DAT(SG)	ῥάδικῐ
ῥάδιξ	N;GEN(DU)	ῥάδιιν
ῥάδιξ	N;GEN(PL)	ῥάδιν
ῥάδιξ	N;GEN(SG)	ῥάδικος
ῥάδιξ	N;NOM(DU)	ῥάδικε
ῥάδιξ	N;NOM(PL)	ῥάδικες
ῥάδιξ	N;NOM(SG)	ῥάδιξ
ῥάδιξ	N;VOC(DU)	ῥάδικε
ῥάδιξ	N;VOC(PL)	ῥάδικες
ῥάδιξ	N;VOC(SG)	ῥάδιξ
ῥητίνη	N;ACC(DU)	ῥητίνᾱ
ῥητίνη	N;ACC(PL)	ῥητίνᾱς
ῥητίνη	N;ACC(SG)	ῥητίνην
ῥητίνη	N;DAT(DU)	ῥητίναιν
ῥητίνη	N;DAT(PL)	ῥητίναις
ῥητίνη	N;DAT(SG)	ῥητίνῃ
ῥητίνη	N;GEN(DU)	ῥητίναιν
ῥητίνη	N;GEN(PL)	ῥητίνῶν
ῥητίνη	N;GEN(SG)	ῥητίνης
ῥητίνη	N;NOM(DU)	ῥητίνᾱ
ῥητίνη	N;NOM(PL)	ῥητίναι
ῥητίνη	N;NOM(SG)	ῥητίνη
ῥητίνη	N;VOC(DU)	ῥητίνᾱ
ῥητίνη	N;VOC(PL)	ῥητίναι
ῥητίνη	N;VOC(SG)	ῥητίνη
