אִישׁ	N;PL;NDEF	אִישִׁים
אִישׁ	N;PL;PSSD	אִישֵׁי
אִישׁ	N;PL;PSSD;PSS(1,SG)	אִישַׁי
אִישׁ	N;PL;PSSD;PSS(2,PL,FEM)	אִישֵׁיכֶן
אִישׁ	N;PL;PSSD;PSS(2,PL,MASC)	אִישֵׁיכֶם
אִישׁ	N;PL;PSSD;PSS(3,PL,FEM)	אִישֵׁיהֶן
אִישׁ	N;PL;PSSD;PSS(3,PL,MASC)	אִישֵׁיהֶם
אִישׁ	N;PL;PSSD;PSS(3,SG,FEM)	אִישֶׁיהָ
אִישׁ	N;PL;PSSD;PSS(3,SG,MASC)	אִישָׁיו
אִישׁ	N;SG;DEF	הַאִישׁ
אִישׁ	N;SG;NDEF	אִישׁ
אִישׁ	N;SG;PSSD	אִישׁ
אִישׁ	N;SG;PSSD;PSS(1,PL)	אִישֵׁנוּ
אִישׁ	N;SG;PSSD;PSS(1,SG)	אִישִׁי
אִישׁ	N;SG;PSSD;PSS(2,PL,FEM)	אִישְׁכֶן
אִישׁ	N;SG;PSSD;PSS(2,SG,FEM)	אִישֵׁךְ
אִישׁ	N;SG;PSSD;PSS(2,SG,MASC)	אִישְׁךָ
אִישׁ	N;SG;PSSD;PSS(3,PL,MASC)	אִישָׁם
אִישׁ	N;SG;PSSD;PSS(3,SG,FEM)	אִישָׁהּ
אִישׁ	N;SG;PSSD;PSS(3,SG,MASC)	אִישׁוֹ
בְּכוֹר	N;PL;DEF	הַבְּכוֹרִים
בְּכוֹר	N;PL;NDEF	בְּכוֹרִים
בְּכוֹר	N;PL;PSSD	בְּכוֹרֵי
בְּכוֹר	N;PL;PSSD;PSS(1,PL)	בְּכוֹרֵינוּ
בְּכוֹר	N;PL;PSSD;PSS(1,SG)	בְּכוֹרַי
בְּכוֹר	N;PL;PSSD;PSS(2,PL,MASC)	בְּכוֹרֵיכֶם
בְּכוֹר	N;PL;PSSD;PSS(2,SG,FEM)	בְּכוֹרַיִךְ
בְּכוֹר	N;PL;PSSD;PSS(2,SG,MASC)	בְּכוֹרֶיךָ
בְּכוֹר	N;PL;PSSD;PSS(3,PL,FEM)	בְּכוֹרֵיהֶן
בְּכוֹר	N;PL;PSSD;PSS(3,PL,MASC)	בְּכוֹרֵיהֶם
בְּכוֹר	N;PL;PSSD;PSS(3,SG,FEM)	בְּכוֹרֶיהָ
בְּכוֹר	N;SG;DEF	הַבְּכוֹר
בְּכוֹר	N;SG;PSSD	בְּכוֹר
בְּכוֹר	N;SG;PSSD;PSS(1,PL)	בְּכוֹרֵנוּ
בְּכוֹר	N;SG;PSSD;PSS(2,PL,MASC)	בְּכוֹרְכֶם
בְּכוֹר	N;SG;PSSD;PSS(2,SG,FEM)	בְּכוֹרֵךְ
בְּכוֹר	N;SG;PSSD;PSS(3,PL,FEM)	בְּכוֹרָן
בְּכוֹר	N;SG;PSSD;PSS(3,PL,MASC)	בְּכוֹרָם
בְּכוֹר	N;SG;PSSD;PSS(3,SG,FEM)	בְּכוֹרָהּ
בְּכוֹר	N;SG;PSSD;PSS(3,SG,MASC)	בְּכוֹרוֹ
בִּטֵּל	V.MSDR	בִּטּוּל
בִּטֵּל	V;1;PL;FUT	בִּטֵּל
בִּטֵּל	V;1;PL;PST	בִּטַּלְנוּ
בִּטֵּל	V;1;SG;PST	בִּטַּלְתִּי
בִּטֵּל	V;2;PL;IMP;FEM	בִּטֵּלְנָה
בִּטֵּל	V;2;PL;IMP;MASC	בִּטְּלוּ
בִּטֵּל	V;2;PL;PST;FEM	בִּטַּלְתֶּן
בִּטֵּל	V;2;PL;PST;MASC	בִּטַּלְתֶּם
בִּטֵּל	V;2;SG;FUT;MASC	בִּטֵּל
בִּטֵּל	V;2;SG;IMP;FEM	בִּטְּלִי
בִּטֵּל	V;2;SG;IMP;MASC	בִּטֵּל
בִּטֵּל	V;2;SG;PST;FEM	בִּטַּלְתְּ
בִּטֵּל	V;2;SG;PST;MASC	בִּטַּלְתָּ
בִּטֵּל	V;3;PL;FUT;FEM	בִּטֵּלְנָה
בִּטֵּל	V;3;PL;FUT;MASC	בִּטְּלוּ
בִּטֵּל	V;3;SG;FUT;FEM	בִּטֵּל
בִּטֵּל	V;3;SG;PST;FEM	בִּטְּלָה
בִּטֵּל	V;NFIN	לְבִּטֵּל
בִּטֵּל	V;PL;PRS;FEM	בִּטְּלוֹת
בִּטֵּל	V;SG;PRS;FEM	בִּטֶּלֶת
בָּלַע	V;1;PL;FUT	בָּלַע
בָּלַע	V;1;SG;FUT	בָּלַע
בָּלַע	V;2;PL;FUT;MASC	בָּלְעוּ
בָּלַע	V;2;PL;IMP;FEM	בָּלַעְנָה
בָּלַע	V;2;PL;IMP;MASC	בָּלְעוּ
בָּלַע	V;2;PL;PST;MASC	בָּלַעְתֶּם
בָּלַע	V;2;SG;FUT;FEM	בָּלְעִי
בָּלַע	V;2;SG;FUT;MASC	בָּלַע
בָּלַע	V;2;SG;IMP;FEM	בָּלְעִי
בָּלַע	V;2;SG;IMP;MASC	בָּלַע
בָּלַע	V;2;SG;PST;FEM	בָּלַעְתְּ
בָּלַע	V;2;SG;PST;MASC	בָּלַעְתָּ
בָּלַע	V;3;PL;FUT;FEM	בָּלַעְנָה
בָּלַע	V;3;PL;PST	בָּלְעוּ
בָּלַע	V;3;SG;FUT;FEM	בָּלַע
בָּלַע	V;3;SG;PST;FEM	בָּלְעָה
בָּלַע	V;3;SG;PST;MASC	בָּלַע
בָּלַע	V;PL;PRS;FEM	בָּלְעוֹת
בָּלַע	V;PL;PRS;MASC	בָּלְעִים
בָּלַע	V;SG;PRS;MASC	בָּלֵעַ
גָּמַר	V;1;PL;FUT	גָּמֹר
גָּמַר	V;1;SG;PST	גָּמַרְתִּי
גָּמַר	V;2;PL;FUT;FEM	גָּמַרְנָה
גָּמַר	V;2;PL;FUT;MASC	גָּמְרוּ
גָּמַר	V;2;PL;PST;MASC	גָּמַרְתֶּם
גָּמַר	V;2;SG;FUT;MASC	גָּמֹר
גָּמַר	V;2;SG;IMP;FEM	גָּמְרִי
גָּמַר	V;2;SG;IMP;MASC	גָּמֹר
גָּמַר	V;2;SG;PST;FEM	גָּמַרְתְּ
גָּמַר	V;3;PL;FUT;FEM	גָּמֹרְנָה
גָּמַר	V;3;PL;PST	גָּמְרוּ
גָּמַר	V;3;SG;FUT;FEM	גָּמֹר
גָּמַר	V;3;SG;FUT;MASC	גָּמֹר
גָּמַר	V;3;SG;PST;FEM	גָּמְרָה
גָּמַר	V;3;SG;PST;MASC	גָּמַר
גָּמַר	V;NFIN	לְגָּמֹר
גָּמַר	V;PL;PRS;FEM	גָּוֹמְרוֹת
גָּמַר	V;PL;PRS;MASC	גָּוֹמְרִים
גָּמַר	V;SG;PRS;FEM	גָּוֹמֶרֶת
גָּמַר	V;SG;PRS;MASC	גָּוֹמֵר
גָּרַר	V;1;SG;FUT	גָּרַר
גָּרַר	V;1;SG;PST	גָּרַרְתִּי
גָּרַר	V;2;PL;FUT;FEM	גָּרַרְנָה
גָּרַר	V;2;PL;FUT;MASC	גָּרְרוּ
גָּרַר	V;2;PL;IMP;FEM	גָּרֹרְנָה
גָּרַר	V;2;PL;IMP;MASC	גָּרְרוּ
גָּרַר	V;2;PL;PST;FEM	גָּרַרְתֶּן
גָּרַר	V;2;PL;PST;MASC	גָּרַרְתֶּם
גָּרַר	V;2;SG;FUT;FEM	גָּרְרִי
גָּרַר	V;2;SG;FUT;MASC	גָּרַר
גָּרַר	V;2;SG;IMP;FEM	גָּרְרִי
גָּרַר	V;2;SG;PST;FEM	גָּרַרְתְּ
גָּרַר	V;2;SG;PST;MASC	גָּרַרְתָּ
גָּרַר	V;3;PL;FUT;FEM	גָּרַרְנָה
גָּרַר	V;3;PL;FUT;MASC	גָּרְרוּ
גָּרַר	V;3;SG;FUT;FEM	גָּרַר
גָּרַר	V;3;SG;PST;FEM	גָּרְרָה
גָּרַר	V;3;SG;PST;MASC	גָּרַר
גָּרַר	V;PL;PRS;MASC	גָּרָרִים
גָּרַר	V;SG;PRS;MASC	גָּרָר
הִגְדִּיל	V.MSDR	הִגְדִּלָה
הִגְדִּיל	V;1;PL;FUT	הִגְדִּיל
הִגְדִּיל	V;1;SG;FUT	הִגְדִּיל
הִגְדִּיל	V;2;PL;FUT;MASC	הִגְדִּילוּ
הִגְדִּיל	V;2;PL;IMP;FEM	הִגְדִֵּלְנָה
הִגְדִּיל	V;2;PL;IMP;MASC	הִגְדִּילוּ
הִגְדִּיל	V;2;PL;PST;MASC	הִגְדִּלְתֶּם
הִגְדִּיל	V;2;SG;FUT;FEM	הִגְדִּילִי
הִגְדִּיל	V;2;SG;FUT;MASC	הִגְדִּיל
הִגְדִּיל	V;2;SG;IMP;FEM	הִגְדִּילִי
הִגְדִּיל	V;2;SG;IMP;MASC	הִגְדִּל
הִגְדִּיל	V;2;SG;PST;MASC	הִגְדִּלְתָּ
הִגְדִּיל	V;3;PL;PST	הִגְדִּילוּ
הִגְדִּיל	V;3;SG;FUT;FEM	הִגְדִּיל
הִגְדִּיל	V;3;SG;PST;FEM	הִגְדִּילָה
הִגְדִּיל	V;3;SG;PST;MASC	הִגְדִּיל
הִגְדִּיל	V;NFIN	לְהִגְדִּיל
הִגְדִּיל	V;PL;PRS;FEM	הִגְדִּילוֹת
הִגְדִּיל	V;PL;PRS;MASC	הִגְדִּילִים
הִגְדִּיל	V;SG;PRS;MASC	הִגְדִּיל
הִכְחִישׁ	V.MSDR	הִכְחִשָׁה
הִכְחִישׁ	V;1;SG;FUT	הִכְחִישׁ
הִכְחִישׁ	V;1;SG;PST	הִכְחִשְׁתִּי
הִכְחִישׁ	V;2;PL;FUT;FEM	הִכְחִשְׁנָה
הִכְחִישׁ	V;2;PL;FUT;MASC	הִכְחִישׁוּ
הִכְחִישׁ	V;2;PL;IMP;FEM	הִכְחִשְׁנָה
הִכְחִישׁ	V;2;PL;IMP;MASC	הִכְחִישׁוּ
הִכְחִישׁ	V;2;PL;PST;MASC	הִכְחִשְׁתֶּם
הִכְחִישׁ	V;2;SG;FUT;FEM	הִכְחִישִׁי
הִכְחִישׁ	V;2;SG;FUT;MASC	הִכְחִישׁ
הִכְחִישׁ	V;2;SG;IMP;FEM	הִכְחִישִׁי
הִכְחִישׁ	V;2;SG;PST;FEM	הִכְחִשְׁתְּ
הִכְחִישׁ	V;2;SG;PST;MASC	הִכְחִשְׁתָּ
הִכְחִישׁ	V;3;PL;FUT;FEM	הִכְחִשְׁנָה
הִכְחִישׁ	V;3;SG;FUT;FEM	הִכְחִישׁ
הִכְחִישׁ	V;3;SG;FUT;MASC	הִכְחִישׁ
הִכְחִישׁ	V;NFIN	לְהִכְחִישׁ
הִכְחִישׁ	V;PL;PRS;FEM	הִכְחִישׁוֹת
הִכְחִישׁ	V;PL;PRS;MASC	הִכְחִישִׁים
הִכְחִישׁ	V;SG;PRS;FEM	הִכְחִישָׁה
הִפְתִּיעַ	V.MSDR	הִפְתָּעָה
הִפְתִּיעַ	V;1;PL;PST	הִפְתַּעְנוּ
הִפְתִּיעַ	V;1;SG;FUT	הִפְתִּיעַ
הִפְתִּיעַ	V;1;SG;PST	הִפְתַּעְתִּי
הִפְתִּיעַ	V;2;PL;FUT;FEM	הִפְתַּעְנָה
הִפְתִּיעַ	V;2;PL;FUT;MASC	הִפְתִּיעוּ
הִפְתִּיעַ	V;2;PL;IMP;MASC	הִפְתִּיעוּ
הִפְתִּיעַ	V;2;PL;PST;FEM	הִפְתַּעְתֶּן
הִפְתִּיעַ	V;2;SG;FUT;FEM	הִפְתִּיעִי
הִפְתִּיעַ	V;2;SG;FUT;MASC	הִפְתִּיעַ
הִפְתִּיעַ	V;2;SG;IMP;MASC	הִפְתֵּעַ
הִפְתִּיעַ	V;2;SG;PST;FEM	הִפְתַּעְתְּ
הִפְתִּיעַ	V;2;SG;PST;MASC	הִפְתַּעְתָּ
הִפְתִּיעַ	V;3;PL;FUT;MASC	הִפְתִּיעוּ
הִפְתִּיעַ	V;3;PL;PST	הִפְתִּיעוּ
הִפְתִּיעַ	V;3;SG;FUT;FEM	הִפְתִּיעַ
הִפְתִּיעַ	V;3;SG;FUT;MASC	הִפְתִּיעַ
הִפְתִּיעַ	V;NFIN	לְהִפְתִּיעַ
הִפְתִּיעַ	V;PL;PRS;MASC	הִפְתִּיעִים
הִפְתִּיעַ	V;SG;PRS;FEM	הִפְתִּיעָה
הִצְטַלֵּם	V.MSDR	הִצְטַלּוּם
הִצְטַלֵּם	V;1;PL;FUT	הִצְטַלֵּם
הִצְטַלֵּם	V;2;PL;FUT;FEM	הִצְטַלֵּמְנָה
הִצְטַלֵּם	V;2;PL;IMP;FEM	הִצְטַלֵּמְנָה
הִצְטַלֵּם	V;2;PL;IMP;MASC	הִצְטַלְּמוּ
הִצְטַלֵּם	V;2;PL;PST;FEM	הִצְטַלַּמְתֶּן
הִצְטַלֵּם	V;2;PL;PST;MASC	הִצְטַלַּמְתֶּם
הִצְטַלֵּם	V;2;SG;FUT;MASC	הִצְטַלֵּם
הִצְטַלֵּם	V;2;SG;IMP;FEM	הִצְטַלְּמִי
הִצְטַלֵּם	V;2;SG;IMP;MASC	הִצְטַלֵּם
הִצְטַלֵּם	V;2;SG;PST;FEM	הִצְטַלַּמְתְּ
הִצְטַלֵּם	V;2;SG;PST;MASC	הִצְטַלַּמְתָּ
הִצְטַלֵּם	V;3;PL;FUT;FEM	הִצְטַלֵּמְנָה
הִצְטַלֵּם	V;3;PL;FUT;MASC	הִצְטַלְּמוּ
הִצְטַלֵּם	V;3;SG;FUT;FEM	הִצְטַלֵּם
הִצְטַלֵּם	V;3;SG;PST;FEM	הִצְטַלְּמָה
הִצְטַלֵּם	V;3;SG;PST;MASC	הִצְטַלֵּם
הִצְטַלֵּם	V;PL;PRS;FEM	הִצְטַלְּמוֹת
הִצְטַלֵּם	V;PL;PRS;MASC	הִצְטַלְּמִים
הִצְטַלֵּם	V;SG;PRS;MASC	הִצְטַלֵּם
הִצְלִיחַ	V.MSDR	הִצְלָחָה
הִצְלִיחַ	V;1;PL;FUT	הִצְלִיחַ
הִצְלִיחַ	V;2;PL;FUT;FEM	הִצְלַחְנָה
הִצְלִיחַ	V;2;PL;FUT;MASC	הִצְלִיחוּ
הִצְלִיחַ	V;2;PL;IMP;MASC	הִצְלִיחוּ
הִצְלִיחַ	V;2;PL;PST;MASC	הִצְלַחְתֶּם
הִצְלִיחַ	V;2;SG;FUT;MASC	הִצְלִיחַ
הִצְלִיחַ	V;2;SG;IMP;MASC	הִצְלֵחַ
הִצְלִיחַ	V;2;SG;PST;FEM	הִצְלַחְתְּ
הִצְלִיחַ	V;2;SG;PST;MASC	הִצְלַחְתָּ
הִצְלִיחַ	V;3;PL;FUT;FEM	הִצְלַחְנָה
הִצְלִיחַ	V;3;PL;FUT;MASC	הִצְלִיחוּ
הִצְלִיחַ	V;3;SG;FUT;MASC	הִצְלִיחַ
הִצְלִיחַ	V;3;SG;PST;FEM	הִצְלִיחָה
הִצְלִיחַ	V;3;SG;PST;MASC	הִצְלִיחַ
הִצְלִיחַ	V;NFIN	לְהִצְלִיחַ
הִצְלִיחַ	V;PL;PRS;FEM	הִצְלִיחוֹת
הִצְלִיחַ	V;PL;PRS;MASC	הִצְלִיחִים
הִצְלִיחַ	V;SG;PRS;FEM	הִצְלִיחָה
הִצְלִיחַ	V;SG;PRS;MASC	הִצְלִיחַ
הִצִּיעַ	V.MSDR	הִצָּעָה
הִצִּיעַ	V;1;PL;PST	הִצַּעְנוּ
הִצִּיעַ	V;1;SG;FUT	הִצִּיעַ
הִצִּיעַ	V;1;SG;PST	הִצַּעְתִּי
הִצִּיעַ	V;2;PL;IMP;FEM	הִצַּעְנָה
הִצִּיעַ	V;2;PL;IMP;MASC	הִצִּיעוּ
הִצִּיעַ	V;2;PL;PST;FEM	הִצַּעְתֶּן
הִצִּיעַ	V;2;PL;PST;MASC	הִצַּעְתֶּם
הִצִּיעַ	V;2;SG;FUT;MASC	הִצִּיעַ
הִצִּיעַ	V;2;SG;IMP;FEM	הִצִּיעִי
הִצִּיעַ	V;2;SG;IMP;MASC	הִצֵּעַ
הִצִּיעַ	V;2;SG;PST;MASC	הִצַּעְתָּ
הִצִּיעַ	V;3;PL;FUT;FEM	הִצַּעְנָה
הִצִּיעַ	V;3;SG;FUT;FEM	הִצִּיעַ
הִצִּיעַ	V;3;SG;FUT;MASC	הִצִּיעַ
הִצִּיעַ	V;3;SG;PST;MASC	הִצִּיעַ
הִצִּיעַ	V;NFIN	לְהִצִּיעַ
הִצִּיעַ	V;PL;PRS;MASC	הִצִּיעִים
הִצִּיעַ	V;SG;PRS;FEM	הִצִּיעָה
הִצִּיעַ	V;SG;PRS;MASC	הִצִּיעַ
הִתְבַּשֵּׁל	V.MSDR	הִתְבַּשֵּׁלוּת
הִתְבַּשֵּׁל	V;1;PL;FUT	הִתְבַּשֵּׁל
הִתְבַּשֵּׁל	V;1;PL;PST	הִתְבַּשֵּׁלְנוּ
הִתְבַּשֵּׁל	V;2;PL;FUT;FEM	הִתְבַּשֵּׁלְנָה
הִתְבַּשֵּׁל	V;2;PL;FUT;MASC	הִתְבַּשֵּׁלוּ
הִתְבַּשֵּׁל	V;2;PL;IMP;FEM	הִתְבַּשֵּׁלְנָה
הִתְבַּשֵּׁל	V;2;PL;PST;FEM	הִתְבַּשֵּׁלְתֶּן
הִתְבַּשֵּׁל	V;2;SG;FUT;MASC	הִתְבַּשֵּׁל
הִתְבַּשֵּׁל	V;2;SG;IMP;FEM	הִתְבַּשֵּׁלִי
הִתְבַּשֵּׁל	V;2;SG;IMP;MASC	הִתְבַּשֵּׁל
הִתְבַּשֵּׁל	V;2;SG;PST;FEM	הִתְבַּשֵּׁלְתְּ
הִתְבַּשֵּׁל	V;2;SG;PST;MASC	הִתְבַּשֵּׁלְתָּ
הִתְבַּשֵּׁל	V;3;PL;FUT;FEM	הִתְבַּשֵּׁלְנָה
הִתְבַּשֵּׁל	V;3;PL;FUT;MASC	הִתְבַּשֵּׁלוּ
הִתְבַּשֵּׁל	V;3;PL;PST	הִתְבַּשֵּׁלוּ
הִתְבַּשֵּׁל	V;3;SG;FUT;MASC	הִתְבַּשֵּׁל
הִתְבַּשֵּׁל	V;3;SG;PST;FEM	הִתְבַּשֵּׁלָה
הִתְבַּשֵּׁל	V;3;SG;PST;MASC	הִתְבַּשֵּׁל
הִתְבַּשֵּׁל	V;PL;PRS;MASC	הִתְבַּשֵּׁלִים
הִתְבַּשֵּׁל	V;SG;PRS;FEM	הִתְבַּשֵּׁלֶת
הִתְנַבֵּא	V;1;PL;PST	הִתְנַבֵּאנוּ
הִתְנַבֵּא	V;1;SG;FUT	הִתְנַבֵּא
הִתְנַבֵּא	V;1;SG;PST	הִתְנַבֵּאתִי
הִתְנַבֵּא	V;2;PL;FUT;MASC	הִתְנַבְּאוּ
הִתְנַבֵּא	V;2;PL;IMP;FEM	הִתְנַבֶּאנָה
הִתְנַבֵּא	V;2;PL;PST;FEM	הִתְנַבֵּאתֶן
הִתְנַבֵּא	V;2;SG;FUT;FEM	הִתְנַבְּאִי
הִתְנַבֵּא	V;2;SG;IMP;FEM	הִתְנַבְּאִי
הִתְנַבֵּא	V;2;SG;IMP;MASC	הִתְנַבֵּא
הִתְנַבֵּא	V;2;SG;PST;FEM	הִתְנַבֵּאת
הִתְנַבֵּא	V;2;SG;PST;MASC	הִתְנַבֵּאתָ
הִתְנַבֵּא	V;3;PL;FUT;FEM	הִתְנַבֶּאנָה
הִתְנַבֵּא	V;3;PL;FUT;MASC	הִתְנַבְּאוּ
הִתְנַבֵּא	V;3;PL;PST	הִתְנַבְּאוּ
הִתְנַבֵּא	V;3;SG;FUT;FEM	הִתְנַבֵּא
הִתְנַבֵּא	V;3;SG;FUT;MASC	הִתְנַבֵּא
הִתְנַבֵּא	V;NFIN	לְהִתְנַבֵּא
הִתְנַבֵּא	V;PL;PRS;FEM	הִתְנַבְּאוֹת
הִתְנַבֵּא	V;SG;PRS;FEM	הִתְנַבֵּאת
הִתְנַבֵּא	V;SG;PRS;MASC	הִתְנַבֵּא
הִתְעַמֵּר	V.MSDR	הִתְעַמְּרוּת
הִתְעַמֵּר	V;1;PL;FUT	הִתְעַמֵּר
הִתְעַמֵּר	V;1;PL;PST	הִתְעַמַּרְנוּ
הִתְעַמֵּר	V;1;SG;FUT	הִתְעַמֵּר
הִתְעַמֵּר	V;2;PL;FUT;FEM	הִתְעַמֵּרְנָה
הִתְעַמֵּר	V;2;PL;IMP;MASC	הִתְעַמְּרוּ
הִתְעַמֵּר	V;2;PL;PST;FEM	הִתְעַמַּרְתֶּן
הִתְעַמֵּר	V;2;PL;PST;MASC	הִתְעַמַּרְתֶּם
הִתְעַמֵּר	V;2;SG;FUT;MASC	הִתְעַמֵּר
הִתְעַמֵּר	V;2;SG;IMP;FEM	הִתְעַמְּרִי
הִתְעַמֵּר	V;2;SG;IMP;MASC	הִתְעַמֵּר
הִתְעַמֵּר	V;2;SG;PST;MASC	הִתְעַמַּרְתָּ
הִתְעַמֵּר	V;3;PL;FUT;MASC	הִתְעַמְּרוּ
הִתְעַמֵּר	V;3;SG;FUT;MASC	הִתְעַמֵּר
הִתְעַמֵּר	V;3;SG;PST;FEM	הִתְעַמְּרָה
הִתְעַמֵּר	V;3;SG;PST;MASC	הִתְעַמֵּר
הִתְעַמֵּר	V;PL;PRS;FEM	הִתְעַמְּרוֹת
הִתְעַמֵּר	V;PL;PRS;MASC	הִתְעַמְּרִים
הִתְעַמֵּר	V;SG;PRS;FEM	הִתְעַמֶּרֶת
הִתְעַמֵּר	V;SG;PRS;MASC	הִתְעַמֵּר
הִתְרָאָה	V.MSDR	הִתְרָאִיָּה
הִתְרָאָה	V;1;PL;PST	הִתְרָאִינוּ
הִתְרָאָה	V;1;SG;FUT	הִתְרָאֶה
הִתְרָאָה	V;2;PL;FUT;MASC	הִתְרָדְאוּ
הִתְרָאָה	V;2;PL;IMP;FEM	הִתְרָאֶינָה
הִתְרָאָה	V;2;PL;IMP;MASC	הִתְרָאוּ
הִתְרָאָה	V;2;PL;PST;FEM	הִתְרָאִיתֶן
הִתְרָאָה	V;2;SG;IMP;FEM	הִתְרָאִי
הִתְרָאָה	V;2;SG;IMP;MASC	הִתְרָאֵה
הִתְרָאָה	V;2;SG;PST;MASC	הִתְרָאִיתָ
הִתְרָאָה	V;3;PL;FUT;MASC	הִתְרָאוּ
הִתְרָאָה	V;3;PL;PST	הִתְרָאוּ
הִתְרָאָה	V;3;SG;FUT;FEM	הִתְרָדְאֶה
הִתְרָאָה	V;3;SG;FUT;MASC	הִתְרָאֶה
הִתְרָאָה	V;3;SG;PST;MASC	הִתְרָאָה
הִתְרָאָה	V;NFIN	לְהִתְרָאוֹת
הִתְרָאָה	V;PL;PRS;FEM	הִתְרָוֹאוֹת
הִתְרָאָה	V;PL;PRS;MASC	הִתְרָוֹאִים
הִתְרָאָה	V;SG;PRS;FEM	הִתְרָוֹאָה
הִתְרָאָה	V;SG;PRS;MASC	הִתְרָאֶה
הֶאֱבִיס	V.MSDR	הֶאֱבִייסָה
הֶאֱבִיס	V;1;PL;PST	הֶאֱבִיסְנוּ
הֶאֱבִיס	V;1;SG;FUT	הֶאֱבִיס
הֶאֱבִיס	V;1;SG;PST	הֶאֱבַסְתִּי
הֶאֱבִיס	V;2;PL;FUT;FEM	הֶאֱבֵסְנָה
הֶאֱבִיס	V;2;PL;FUT;MASC	הֶאֱבִיסוּ
הֶאֱבִיס	V;2;PL;IMP;FEM	הֶאֱבֵסְנָה
הֶאֱבִיס	V;2;PL;IMP;MASC	הֶאֱבִיסוּ
הֶאֱבִיס	V;2;PL;PST;FEM	הֶאֱבַסְתֶּן
הֶאֱבִיס	V;2;SG;FUT;FEM	הֶאֱבִיסִי
הֶאֱבִיס	V;2;SG;IMP;FEM	הֶאֱבִיסִי
הֶאֱבִיס	V;2;SG;IMP;MASC	הֶאֱבֵס
הֶאֱבִיס	V;2;SG;PST;FEM	הֶאֱבַסְתְּ
הֶאֱבִיס	V;3;PL;FUT;MASC	הֶאֱבִיסוּ
הֶאֱבִיס	V;3;SG;FUT;MASC	הֶאֱבִיס
הֶאֱבִיס	V;3;SG;PST;FEM	הֶאֱבִיסָה
הֶאֱבִיס	V;3;SG;PST;MASC	הֶאֱבִיס
הֶאֱבִיס	V;NFIN	לְהֶאֱבִיס
הֶאֱבִיס	V;PL;PRS;FEM	הֶאֱבִיסוֹת
הֶאֱבִיס	V;SG;PRS;FEM	הֶאֱבִיסָה
הֶעֱדִיף	V.MSDR	הֶעֱדִיה
הֶעֱדִיף	V;1;PL;FUT	הֶעֱדִיף
הֶעֱדִיף	V;1;PL;PST	הֶעֱדִיפְנוּ
הֶעֱדִיף	V;2;PL;FUT;FEM	הֶעֱדִיפְנָה
הֶעֱדִיף	V;2;PL;FUT;MASC	הֶעֱדִיפוּ
הֶעֱדִיף	V;2;PL;PST;FEM	הֶעֱדִיפְתֶּן
הֶעֱדִיף	V;2;PL;PST;MASC	הֶעֱדִיפְתֶּם
הֶעֱדִיף	V;2;SG;FUT;FEM	הֶעֱדִיפִי
הֶעֱדִיף	V;2;SG;FUT;MASC	הֶעֱדִיף
הֶעֱדִיף	V;2;SG;PST;FEM	הֶעֱדִיפְתְּ
הֶעֱדִיף	V;3;PL;FUT;FEM	הֶעֱדִיפְנָה
הֶעֱדִיף	V;3;PL;FUT;MASC	הֶעֱדִיפוּ
הֶעֱדִיף	V;3;PL;PST	הֶעֱדִיפוּ
הֶעֱדִיף	V;3;SG;FUT;FEM	הֶעֱדִיף
הֶעֱדִיף	V;3;SG;FUT;MASC	הֶעֱדִיף
הֶעֱדִיף	V;3;SG;PST;FEM	הֶעֱדִיפָה
הֶעֱדִיף	V;3;SG;PST;MASC	הֶעֱדִיף
הֶעֱדִיף	V;PL;PRS;MASC	הֶעֱדִיפִים
הֶעֱדִיף	V;SG;PRS;FEM	הֶעֱדִיפֶת
הֶעֱדִיף	V;SG;PRS;MASC	הֶעֱדִיף
הֻכָּה	V;1;PL;FUT	הֻכֶּה
הֻכָּה	V;1;PL;PST	הֻכֵּינוּ
הֻכָּה	V;1;SG;FUT	הֻכֶּה
הֻכָּה	V;1;SG;PST	הֻכֵּיתִי
הֻכָּה	V;2;PL;FUT;FEM	הֻכֶּינָה
הֻכָּה	V;2;PL;FUT;MASC	הֻכּוּ
הֻכָּה	V;2;PL;PST;FEM	הֻכֵּיתֶן
הֻכָּה	V;2;PL;PST;MASC	הֻכֵּיתֶם
הֻכָּה	V;2;SG;FUT;FEM	הֻכִּי
הֻכָּה	V;2;SG;FUT;MASC	הֻכֶּה
הֻכָּה	V;2;SG;PST;FEM	הֻכֵּית
הֻכָּה	V;3;PL;FUT;FEM	הֻכֶּינָה
הֻכָּה	V;3;PL;PST	הֻכּוּ
הֻכָּה	V;3;SG;FUT;FEM	הֻכֶּה
הֻכָּה	V;3;SG;FUT;MASC	הֻכֶּה
הֻכָּה	V;3;SG;PST;MASC	הֻכָּה
הֻכָּה	V;PL;PRS;FEM	הֻכּוֹת
הֻכָּה	V;PL;PRS;MASC	הֻכִּים
הֻכָּה	V;SG;PRS;FEM	הֻכָּה
הֻכָּה	V;SG;PRS;MASC	הֻכֶּה
חָד	V.MSDR	חָדָה
חָד	V;1;PL;FUT	חָצוּד
חָד	V;1;PL;PST	חַדְנוּ
חָד	V;1;SG;PST	חַדְתִּי
חָד	V;2;PL;FUT;FEM	חָּצֹדְנָה
חָד	V;2;PL;FUT;MASC	חָּצוּדוּ
חָד	V;2;PL;IMP;FEM	חֹדְנָה
חָד	V;2;PL;IMP;MASC	חָדוּ
חָד	V;2;PL;PST;MASC	חַדְתֶּם
חָד	V;2;SG;FUT;MASC	חָּצוּד
חָד	V;2;SG;IMP;MASC	חוּד
חָד	V;2;SG;PST;FEM	חַדְתְּ
חָד	V;3;PL;FUT;MASC	חָצוּדוּ
חָד	V;3;SG;FUT;FEM	חָּצוּד
חָד	V;3;SG;FUT;MASC	חָצוּד
חָד	V;3;SG;PST;FEM	חָדָה
חָד	V;3;SG;PST;MASC	חָד
חָד	V;NFIN	לְחָצוּד
חָד	V;PL;PRS;FEM	חָדוֹת
חָד	V;SG;PRS;MASC	חָד
טָבַח	V;1;PL;FUT	טָבַח
טָבַח	V;1;SG;PST	טָבַחְתִּי
טָבַח	V;2;PL;FUT;FEM	טָבַחְנָה
טָבַח	V;2;PL;IMP;FEM	טָבַחְנָה
טָבַח	V;2;PL;PST;MASC	טָבַחְתֶּם
טָבַח	V;2;SG;FUT;FEM	טָבְחִי
טָבַח	V;2;SG;FUT;MASC	טָבַח
טָבַח	V;2;SG;IMP;FEM	טָבְחִי
טָבַח	V;2;SG;IMP;MASC	טָבַח
טָבַח	V;2;SG;PST;MASC	טָבַחְתָּ
טָבַח	V;3;PL;FUT;FEM	טָבַחְנָה
טָבַח	V;3;PL;FUT;MASC	טָבְחוּ
טָבַח	V;3;SG;FUT;FEM	טָבַח
טָבַח	V;3;SG;FUT;MASC	טָבַח
טָבַח	V;3;SG;PST;MASC	טָבַח
טָבַח	V;NFIN	לְטָבֹחַ
טָבַח	V;PL;PRS;FEM	טָבְחוֹת
טָבַח	V;PL;PRS;MASC	טָבְחִים
טָבַח	V;SG;PRS;FEM	טָבַחַת
טָבַח	V;SG;PRS;MASC	טָבֵחַ
טֻפַּל	V;1;PL;FUT	טֻפַּל
טֻפַּל	V;1;PL;PST	טֻפַּלְנוּ
טֻפַּל	V;1;SG;FUT	טֻפַּל
טֻפַּל	V;1;SG;PST	טֻפַּלְתִּי
טֻפַּל	V;2;PL;FUT;FEM	טֻפַּלְנָה
טֻפַּל	V;2;PL;FUT;MASC	טֻפְּלוּ
טֻפַּל	V;2;PL;PST;FEM	טֻפַּלְתֶּן
טֻפַּל	V;2;PL;PST;MASC	טֻפַּלְתֶּם
טֻפַּל	V;2;SG;FUT;FEM	טֻפְּלִי
טֻפַּל	V;2;SG;FUT;MASC	טֻפַּל
טֻפַּל	V;2;SG;PST;FEM	טֻפַּלְתְּ
טֻפַּל	V;2;SG;PST;MASC	טֻפַּלְתָּ
טֻפַּל	V;3;PL;PST	טֻפְּלוּ
טֻפַּל	V;3;SG;FUT;FEM	טֻפַּל
טֻפַּל	V;3;SG;FUT;MASC	טֻפַּל
טֻפַּל	V;3;SG;PST;FEM	טֻפְּלָה
טֻפַּל	V;PL;PRS;FEM	טֻפָּלוֹת
טֻפַּל	V;PL;PRS;MASC	טֻפָּלִים
טֻפַּל	V;SG;PRS;FEM	טֻפֶּלֶת
טֻפַּל	V;SG;PRS;MASC	טֻפָּל
יָנַק	V.MSDR	יָנִיקָה
יָנַק	V;1;PL;PST	יָנַקְנוּ
יָנַק	V;1;SG;PST	יָנַקְתִּי
יָנַק	V;2;PL;FUT;MASC	יָנְקוּ
יָנַק	V;2;PL;IMP;FEM	יָנֹקְנָה
יָנַק	V;2;PL;IMP;MASC	יָנְקוּ
יָנַק	V;2;PL;PST;FEM	יָנַקְתֶּן
יָנַק	V;2;PL;PST;MASC	יָנַקְתֶּם
יָנַק	V;2;SG;FUT;MASC	יָנֹק
יָנַק	V;2;SG;IMP;FEM	יָנְקִי
יָנַק	V;2;SG;IMP;MASC	יָנֹק
יָנַק	V;2;SG;PST;MASC	יָנַקְתָּ
יָנַק	V;3;PL;PST	יָנְקוּ
יָנַק	V;3;SG;FUT;FEM	יָנֹק
יָנַק	V;3;SG;FUT;MASC	יָנֹק
יָנַק	V;3;SG;PST;FEM	יָנְקָה
יָנַק	V;3;SG;PST;MASC	יָנַק
יָנַק	V;PL;PRS;FEM	יָנְקוֹת
יָנַק	V;PL;PRS;MASC	יָנְקִים
יָנַק	V;SG;PRS;FEM	יָנֶקֶת
כִּפֵּר	V.MSDR	כִּפּוּר
כִּפֵּר	V;1;PL;FUT	כִּפֵּר
כִּפֵּר	V;1;PL;PST	כִּפַּרְנוּ
כִּפֵּר	V;1;SG;PST	כִּפַּרְתִּי
כִּפֵּר	V;2;PL;FUT;FEM	כִּפֵּרְנָה
כִּפֵּר	V;2;PL;FUT;MASC	כִּפְּרוּ
כִּפֵּר	V;2;PL;IMP;FEM	כִּפֵּרְנָה
כִּפֵּר	V;2;PL;PST;MASC	כִּפַּרְתֶּם
כִּפֵּר	V;2;SG;FUT;MASC	כִּפֵּר
כִּפֵּר	V;2;SG;IMP;FEM	כִּפְּרִי
כִּפֵּר	V;2;SG;PST;MASC	כִּפַּרְתָּ
כִּפֵּר	V;3;PL;FUT;FEM	כִּפֵּרְנָה
כִּפֵּר	V;3;PL;FUT;MASC	כִּפְּרוּ
כִּפֵּר	V;3;SG;FUT;MASC	כִּפֵּר
כִּפֵּר	V;3;SG;PST;FEM	כִּפְּרָה
כִּפֵּר	V;3;SG;PST;MASC	כִּפֵּר
כִּפֵּר	V;NFIN	לְכִּפֵּר
כִּפֵּר	V;PL;PRS;FEM	כִּפְּרוֹת
כִּפֵּר	V;SG;PRS;FEM	כִּפֶּרֶת
כִּפֵּר	V;SG;PRS;MASC	כִּפֵּר
כַּמָּת	N;PL;DEF	הַכַּמָּת
כַּמָּת	N;PL;NDEF	כַּמָּת
כַּמָּת	N;PL;PSSD	כַּמָּת
כַּמָּת	N;PL;PSSD;PSS(2,PL,FEM)	כַּמָּתֵיכֶן
כַּמָּת	N;PL;PSSD;PSS(2,PL,MASC)	כַּמָּתֵיכֶם
כַּמָּת	N;PL;PSSD;PSS(2,SG,FEM)	כַּמָּתַיִךְ
כַּמָּת	N;PL;PSSD;PSS(2,SG,MASC)	כַּמָּתֶיךָ
כַּמָּת	N;PL;PSSD;PSS(3,PL,FEM)	כַּמָּתָן
כַּמָּת	N;PL;PSSD;PSS(3,PL,MASC)	כַּמָּתָם
כַּמָּת	N;PL;PSSD;PSS(3,SG,FEM)	כַּמָּתֶיהָ
כַּמָּת	N;PL;PSSD;PSS(3,SG,MASC)	כַּמָּתָיו
כַּמָּת	N;SG;NDEF	כַּמָּת
כַּמָּת	N;SG;PSSD;PSS(1,PL)	כַּמָּתֵנוּ
כַּמָּת	N;SG;PSSD;PSS(1,SG)	כַּמָּתִי
כַּמָּת	N;SG;PSSD;PSS(2,PL,FEM)	כַּמָּתְכֶן
כַּמָּת	N;SG;PSSD;PSS(2,PL,MASC)	כַּמָּתְכֶם
כַּמָּת	N;SG;PSSD;PSS(2,SG,FEM)	כַּמָּתֵךְ
כַּמָּת	N;SG;PSSD;PSS(2,SG,MASC)	כַּמָּתְךָ
כַּמָּת	N;SG;PSSD;PSS(3,PL,FEM)	כַּמָּתָן
כַּמָּת	N;SG;PSSD;PSS(3,SG,FEM)	כַּמָּתָהּ
כָּבוֹד	N;SG;DEF	הַכָּבוֹד
כָּבוֹד	N;SG;NDEF	כָּבוֹד
כָּבוֹד	N;SG;PSSD	כָּבוֹד
כָּבוֹד	N;SG;PSSD;PSS(1,PL)	כָּבוֳדֵנוּ
כָּבוֹד	N;SG;PSSD;PSS(1,SG)	כָּבוֳדִי
כָּבוֹד	N;SG;PSSD;PSS(2,PL,FEM)	כָּבוֹדְכֶן
כָּבוֹד	N;SG;PSSD;PSS(2,PL,MASC)	כָּבוֹדְכֶם
כָּבוֹד	N;SG;PSSD;PSS(2,SG,FEM)	כָּבוֳדֵךְ
כָּבוֹד	N;SG;PSSD;PSS(2,SG,MASC)	כָּבוֳדְךָ
כָּבוֹד	N;SG;PSSD;PSS(3,PL,FEM)	כָּבוֳדָן
כָּבוֹד	N;SG;PSSD;PSS(3,PL,MASC)	כָּבוֳדָם
כָּבוֹד	N;SG;PSSD;PSS(3,SG,FEM)	כָּבוֳדָהּ
כָּבוֹד	N;SG;PSSD;PSS(3,SG,MASC)	כָּבוֳדוֹ
לִבֵּב	V;1;PL;FUT	לִבֵּב
לִבֵּב	V;1;PL;PST	לִבַּבְנוּ
לִבֵּב	V;1;SG;FUT	לִבֵּב
לִבֵּב	V;1;SG;PST	לִבַּבְתִּי
לִבֵּב	V;2;PL;FUT;FEM	לִבֵּבְנָה
לִבֵּב	V;2;PL;FUT;MASC	לִבְּבוּ
לִבֵּב	V;2;PL;IMP;FEM	לִבֵּבְנָה
לִבֵּב	V;2;PL;IMP;MASC	לִבְּבוּ
לִבֵּב	V;2;PL;PST;FEM	לִבַּבְתֶּן
לִבֵּב	V;2;PL;PST;MASC	לִבַּבְתֶּם
לִבֵּב	V;2;SG;FUT;MASC	לִבֵּב
לִבֵּב	V;2;SG;IMP;MASC	לִבֵּב
לִבֵּב	V;2;SG;PST;FEM	לִבַּבְתְּ
לִבֵּב	V;2;SG;PST;MASC	לִבַּבְתָּ
לִבֵּב	V;3;PL;FUT;MASC	לִבְּבוּ
לִבֵּב	V;3;SG;FUT;MASC	לִבֵּב
לִבֵּב	V;3;SG;PST;FEM	לִבְּבָה
לִבֵּב	V;3;SG;PST;MASC	לִבֵּב
לִבֵּב	V;NFIN	לְלִבֵּב
לִבֵּב	V;SG;PRS;FEM	לִבֶּבֶת
מַלְאָךְ	N;PL;DEF	הַמַלְאָכִים
מַלְאָךְ	N;PL;NDEF	מַלְאָכִים
מַלְאָךְ	N;PL;PSSD	מַלְאָכֵי
מַלְאָךְ	N;PL;PSSD;PSS(2,PL,FEM)	מַלְאָן
מַלְאָךְ	N;PL;PSSD;PSS(2,PL,MASC)	מַלְאָם
מַלְאָךְ	N;PL;PSSD;PSS(2,SG,FEM)	מַלְאִָךְ
מַלְאָךְ	N;PL;PSSD;PSS(2,SG,MASC)	מַלְאָיךָ
מַלְאָךְ	N;PL;PSSD;PSS(3,PL,FEM)	מַלְאָן
מַלְאָךְ	N;PL;PSSD;PSS(3,PL,MASC)	מַלְאָם
מַלְאָךְ	N;PL;PSSD;PSS(3,SG,FEM)	מַלְאָיהָ
מַלְאָךְ	N;SG;DEF	הַמַלְאָךְ
מַלְאָךְ	N;SG;NDEF	מַלְאָךְ
מַלְאָךְ	N;SG;PSSD	מַלְאָךְ
מַלְאָךְ	N;SG;PSSD;PSS(1,PL)	מַלְאָנוּ
מַלְאָךְ	N;SG;PSSD;PSS(2,PL,MASC)	מַלְאָכְּכֶם
מַלְאָךְ	N;SG;PSSD;PSS(2,SG,FEM)	מַלְאָךְ
מַלְאָךְ	N;SG;PSSD;PSS(2,SG,MASC)	מַלְאָךָ
מַלְאָךְ	N;SG;PSSD;PSS(3,PL,FEM)	מַלְאָכָּן
מַלְאָךְ	N;SG;PSSD;PSS(3,PL,MASC)	מַלְאָכָּם
מַלְאָךְ	N;SG;PSSD;PSS(3,SG,FEM)	מַלְאָהּ
מֻפָּה	V;1;PL;FUT	מֻפֶּה
מֻפָּה	V;1;PL;PST	מֻפֵּינוּ
מֻפָּה	V;1;SG;FUT	מֻפֶּה
מֻפָּה	V;1;SG;PST	מֻפִּיתִי
מֻפָּה	V;2;PL;FUT;FEM	מֻפֶּינָה
מֻפָּה	V;2;PL;FUT;MASC	מֻפּוּ
מֻפָּה	V;2;PL;PST;FEM	מֻפִּיתֶן
מֻפָּה	V;2;PL;PST;MASC	מֻפִּיתֶם
מֻפָּה	V;2;SG;FUT;MASC	מֻפֶּה
מֻפָּה	V;2;SG;PST;FEM	מֻפִּית
מֻפָּה	V;2;SG;PST;MASC	מֻפֵּיתָ
מֻפָּה	V;3;PL;FUT;FEM	מֻפֶּינָה
מֻפָּה	V;3;PL;FUT;MASC	מֻפּוּ
מֻפָּה	V;3;PL;PST	מֻפּוּ
מֻפָּה	V;3;SG;PST;FEM	מֻפְּתָה
מֻפָּה	V;3;SG;PST;MASC	מֻפָּה
מֻפָּה	V;PL;PRS;FEM	מֻפּוֹת
מֻפָּה	V;PL;PRS;MASC	מֻפִּים
מֻפָּה	V;SG;PRS;FEM	מֻפָּה
מֻפָּה	V;SG;PRS;MASC	מֻפֶּה
נִבְחַר	V.MSDR	נִבְחִירָה
נִבְחַר	V;1;PL;PST	נִבְחַרְנוּ
נִבְחַר	V;1;SG;PST	נִבְחַרְתִּי
נִבְחַר	V;2;PL;FUT;MASC	נִבְחְרוּ
נִבְחַר	V;2;PL;IMP;FEM	נִבְחֹרְנָה
נִבְחַר	V;2;PL;PST;FEM	נִבְחַרְתֶּן
נִבְחַר	V;2;PL;PST;MASC	נִבְחַרְתֶּם
נִבְחַר	V;2;SG;FUT;FEM	נִבְחְרִי
נִבְחַר	V;2;SG;FUT;MASC	נִבְחֹר
נִבְחַר	V;2;SG;IMP;FEM	נִבְחְרִי
נִבְחַר	V;2;SG;IMP;MASC	נִבְחֹר
נִבְחַר	V;3;PL;FUT;FEM	נִבְחֹרְנָה
נִבְחַר	V;3;SG;FUT;FEM	נִבְחֹר
נִבְחַר	V;3;SG;FUT;MASC	נִבְחֹר
נִבְחַר	V;3;SG;PST;FEM	נִבְחְרָה
נִבְחַר	V;3;SG;PST;MASC	נִבְחַר
נִבְחַר	V;NFIN	לְנִבְחֹר
נִבְחַר	V;PL;PRS;FEM	נִבְחְרוֹת
נִבְחַר	V;PL;PRS;MASC	נִבְחְרִים
נִבְחַר	V;SG;PRS;MASC	נִבְחֵר
נִבֵּא	V.MSDR	נִבְּאוּת
נִבֵּא	V;1;PL;FUT	נִבֵּא
נִבֵּא	V;1;SG;FUT	נִבֵּא
נִבֵּא	V;1;SG;PST	נִבֵּאתִי
נִבֵּא	V;2;PL;FUT;MASC	נִבְּאוּ
נִבֵּא	V;2;PL;IMP;MASC	נִבְּאוּ
נִבֵּא	V;2;PL;PST;FEM	נִבֵּאתֶן
נִבֵּא	V;2;PL;PST;MASC	נִבֵּאתֶם
נִבֵּא	V;2;SG;FUT;MASC	נִבֵּא
נִבֵּא	V;2;SG;IMP;FEM	נִבְּאִי
נִבֵּא	V;2;SG;PST;FEM	נִבֵּאת
נִבֵּא	V;2;SG;PST;MASC	נִבֵּאתָ
נִבֵּא	V;3;PL;FUT;MASC	נִבְּאוּ
נִבֵּא	V;3;PL;PST	נִבְּאוּ
נִבֵּא	V;3;SG;FUT;FEM	נִבֵּא
נִבֵּא	V;3;SG;PST;MASC	נִבֵּא
נִבֵּא	V;PL;PRS;FEM	נִבְּאוֹת
נִבֵּא	V;PL;PRS;MASC	נִבְּאִים
נִבֵּא	V;SG;PRS;FEM	נִבֵּאת
נִבֵּא	V;SG;PRS;MASC	נִבֵּא
נִצֵּל	V;1;PL;PST	נִצַּלְנוּ
נִצֵּל	V;1;SG;FUT	נִצֵּל
נִצֵּל	V;1;SG;PST	נִצַּלְתִּי
נִצֵּל	V;2;PL;FUT;FEM	נִצֵּלְנָה
נִצֵּל	V;2;PL;IMP;FEM	נִצֵּלְנָה
נִצֵּל	V;2;PL;PST;FEM	נִצַּלְתֶּן
נִצֵּל	V;2;PL;PST;MASC	נִצַּלְתֶּם
נִצֵּל	V;2;SG;FUT;FEM	נִצְּלִי
נִצֵּל	V;2;SG;FUT;MASC	נִצֵּל
נִצֵּל	V;2;SG;IMP;MASC	נִצֵּל
נִצֵּל	V;2;SG;PST;MASC	נִצַּלְתָּ
נִצֵּל	V;3;PL;PST	נִצְּלוּ
נִצֵּל	V;3;SG;FUT;FEM	נִצֵּל
נִצֵּל	V;3;SG;FUT;MASC	נִצֵּל
נִצֵּל	V;3;SG;PST;MASC	נִצֵּל
נִצֵּל	V;NFIN	לְנִצֵּל
נִצֵּל	V;PL;PRS;FEM	נִצְּלוֹת
נִצֵּל	V;PL;PRS;MASC	נִצְּלִים
נִצֵּל	V;SG;PRS;FEM	נִצֶּלֶת
נִצֵּל	V;SG;PRS;MASC	נִצֵּל
נִרְאָה	V;1;PL;FUT	נִרְאֶה
נִרְאָה	V;1;SG;PST	נִרְאִיתִי
נִרְאָה	V;2;PL;FUT;FEM	נִרְאָה
נִרְאָה	V;2;PL;FUT;MASC	נִרְדְאוּ
נִרְאָה	V;2;PL;IMP;FEM	נִרְאֶינָה
נִרְאָה	V;2;PL;IMP;MASC	נִרְאוּ
נִרְאָה	V;2;PL;PST;FEM	נִרְאִיתֶן
נִרְאָה	V;2;SG;FUT;FEM	נִרְדְאִי
נִרְאָה	V;2;SG;FUT;MASC	נִרְדְאֶה
נִרְאָה	V;2;SG;PST;FEM	נִרְאִית
נִרְאָה	V;2;SG;PST;MASC	נִרְאִיתָ
נִרְאָה	V;3;PL;FUT;MASC	נִרְאוּ
נִרְאָה	V;3;PL;PST	נִרְאוּ
נִרְאָה	V;3;SG;FUT;FEM	נִרְדְאֶה
נִרְאָה	V;3;SG;FUT;MASC	נִרְאֶה
נִרְאָה	V;3;SG;PST;FEM	נִרְאתָה
נִרְאָה	V;3;SG;PST;MASC	נִרְאָה
נִרְאָה	V;NFIN	לְנִרְאוֹת
נִרְאָה	V;PL;PRS;FEM	נִרְוֹאוֹת
נִרְאָה	V;SG;PRS;FEM	נִרְוֹאָה
נָחַל	V;1;PL;FUT	נָחַל
נָחַל	V;1;SG;FUT	נָחַל
נָחַל	V;1;SG;PST	נָחַלְתִּי
נָחַל	V;2;PL;FUT;FEM	נָחַלְנָה
נָחַל	V;2;PL;IMP;FEM	נָחַלְנָה
נָחַל	V;2;PL;IMP;MASC	נָחְלוּ
נָחַל	V;2;PL;PST;MASC	נָחַלְתֶּם
נָחַל	V;2;SG;FUT;FEM	נָחְלִי
נָחַל	V;2;SG;IMP;FEM	נָחְלִי
נָחַל	V;2;SG;IMP;MASC	נָחַל
נָחַל	V;2;SG;PST;FEM	נָחַלְתְּ
נָחַל	V;3;PL;FUT;MASC	נָחְלוּ
נָחַל	V;3;PL;PST	נָחְלוּ
נָחַל	V;3;SG;FUT;FEM	נָחַל
נָחַל	V;3;SG;PST;FEM	נָחְלָה
נָחַל	V;3;SG;PST;MASC	נָחַל
נָחַל	V;NFIN	לְנָחֹל
נָחַל	V;PL;PRS;FEM	נָחְלוֹת
נָחַל	V;PL;PRS;MASC	נָחְלִים
נָחַל	V;SG;PRS;MASC	נָחֵל
נָטַע	V.MSDR	נָטִיעָה
נָטַע	V;1;PL;FUT	נָטַע
נָטַע	V;1;PL;PST	נָטַעְנוּ
נָטַע	V;1;SG;FUT	נָטַע
נָטַע	V;1;SG;PST	נָטַעְתִּי
נָטַע	V;2;PL;FUT;FEM	נָטַעְנָה
נָטַע	V;2;PL;IMP;FEM	נָטַעְנָה
נָטַע	V;2;PL;IMP;MASC	נָטְעוּ
נָטַע	V;2;PL;PST;FEM	נָטַעְתֶּן
נָטַע	V;2;SG;FUT;FEM	נָטְעִי
נָטַע	V;2;SG;IMP;FEM	נָטְעִי
נָטַע	V;2;SG;PST;FEM	נָטַעְתְּ
נָטַע	V;2;SG;PST;MASC	נָטַעְתָּ
נָטַע	V;3;PL;FUT;MASC	נָטְעוּ
נָטַע	V;3;PL;PST	נָטְעוּ
נָטַע	V;3;SG;FUT;FEM	נָטַע
נָטַע	V;NFIN	לְנָטֹעַ
נָטַע	V;PL;PRS;FEM	נָטְעוֹת
נָטַע	V;SG;PRS;FEM	נָטַעַת
נָטַע	V;SG;PRS;MASC	נָטֵעַ
סִיֵּם	V.MSDR	סִיּוּם
סִיֵּם	V;1;PL;FUT	סַיֵּם
סִיֵּם	V;1;SG;FUT	סֲאַיֵּם
סִיֵּם	V;2;PL;FUT;FEM	סִיֵּמְנָה
סִיֵּם	V;2;PL;FUT;MASC	סִיְּמוּ
סִיֵּם	V;2;PL;IMP;FEM	סַיֵּמְנָה
סִיֵּם	V;2;PL;IMP;MASC	סַיְּמוּ
סִיֵּם	V;2;PL;PST;FEM	סִיַּמְתֶּן
סִיֵּם	V;2;SG;FUT;FEM	סַיְּמִי
סִיֵּם	V;2;SG;FUT;MASC	סַיֵּם
סִיֵּם	V;2;SG;IMP;FEM	סַיְּמִי
סִיֵּם	V;2;SG;IMP;MASC	סַיֵּם
סִיֵּם	V;2;SG;PST;MASC	סִיַּמְתָּ
סִיֵּם	V;3;PL;FUT;MASC	סַיְּמוּ
סִיֵּם	V;3;PL;PST	סִיְּמוּ
סִיֵּם	V;3;SG;FUT;MASC	סִיֵּם
סִיֵּם	V;3;SG;PST;FEM	סִיְּמָה
סִיֵּם	V;3;SG;PST;MASC	סִיֵּם
סִיֵּם	V;PL;PRS;MASC	סַיְּמִים
סִיֵּם	V;SG;PRS;FEM	סַיֶּמֶת
סִכֵּךְ	V;1;PL;FUT	סִכֵּךְ
סִכֵּךְ	V;1;SG;FUT	סִכֵּךְ
סִכֵּךְ	V;2;PL;FUT;FEM	סִכֵּכְנָה
סִכֵּךְ	V;2;PL;FUT;MASC	סִכְּכוּ
סִכֵּךְ	V;2;PL;IMP;FEM	סִכֵּכְנָה
סִכֵּךְ	V;2;PL;PST;FEM	סִכַּכְתֶּן
סִכֵּךְ	V;2;PL;PST;MASC	סִכַּכְתֶּם
סִכֵּךְ	V;2;SG;FUT;FEM	סִכְּכִי
סִכֵּךְ	V;2;SG;FUT;MASC	סִכֵּךְ
סִכֵּךְ	V;2;SG;IMP;FEM	סִכְּכִי
סִכֵּךְ	V;2;SG;IMP;MASC	סִכֵּךְ
סִכֵּךְ	V;2;SG;PST;FEM	סִכַּכְתְּ
סִכֵּךְ	V;2;SG;PST;MASC	סִכַּכְתָּ
סִכֵּךְ	V;3;PL;FUT;FEM	סִכֵּכְנָה
סִכֵּךְ	V;3;PL;PST	סִכְּכוּ
סִכֵּךְ	V;3;SG;FUT;MASC	סִכֵּךְ
סִכֵּךְ	V;3;SG;PST;MASC	סִכֵּךְ
סִכֵּךְ	V;PL;PRS;FEM	סִכְּכוֹת
סִכֵּךְ	V;PL;PRS;MASC	סִכְּכִים
סִכֵּךְ	V;SG;PRS;FEM	סִכֶּכֶת
סָנַט	V.MSDR	סָנְטוּת
סָנַט	V;1;PL;FUT	סָנַט
סָנַט	V;2;PL;FUT;FEM	סָנַטְנָה
סָנַט	V;2;PL;FUT;MASC	סָנְטוּ
סָנַט	V;2;PL;IMP;FEM	סָנֵטְנָה
סָנַט	V;2;PL;IMP;MASC	סָנְטוּ
סָנַט	V;2;PL;PST;FEM	סָנַטְתֶּן
סָנַט	V;2;PL;PST;MASC	סָנַטְתֶּם
סָנַט	V;2;SG;IMP;FEM	סָנְטִי
סָנַט	V;2;SG;IMP;MASC	סָנֵט
סָנַט	V;2;SG;PST;FEM	סָנַטְתְּ
סָנַט	V;3;PL;FUT;FEM	סָנַטְנָה
סָנַט	V;3;PL;FUT;MASC	סָנְטוּ
סָנַט	V;3;PL;PST	סָנְטוּ
סָנַט	V;3;SG;FUT;FEM	סָנַט
סָנַט	V;3;SG;FUT;MASC	סָנַט
סָנַט	V;3;SG;PST;FEM	סָנְטָה
סָנַט	V;3;SG;PST;MASC	סָנַט
סָנַט	V;NFIN	לְסָנֹט
סָנַט	V;PL;PRS;MASC	סָנָטִים
עִצֵּב	V.MSDR	עִצּוּב
עִצֵּב	V;1;PL;FUT	עִצֵּב
עִצֵּב	V;1;PL;PST	עִצַּבְנוּ
עִצֵּב	V;1;SG;FUT	עִצֵּב
עִצֵּב	V;1;SG;PST	עִצַּבְתִּי
עִצֵּב	V;2;PL;FUT;MASC	עִצְּבוּ
עִצֵּב	V;2;PL;PST;MASC	עִצַּבְתֶּם
עִצֵּב	V;2;SG;FUT;FEM	עִצְּבִי
עִצֵּב	V;2;SG;FUT;MASC	עִצֵּב
עִצֵּב	V;2;SG;IMP;FEM	עִצְּבִי
עִצֵּב	V;2;SG;IMP;MASC	עִצֵּב
עִצֵּב	V;2;SG;PST;FEM	עִצַּבְתְּ
עִצֵּב	V;3;PL;FUT;FEM	עִצֵּבְנָה
עִצֵּב	V;3;PL;PST	עִצְּבוּ
עִצֵּב	V;3;SG;FUT;FEM	עִצֵּב
עִצֵּב	V;3;SG;PST;FEM	עִצְּבָה
עִצֵּב	V;NFIN	לְעִצֵּב
עִצֵּב	V;PL;PRS;FEM	עִצְּבוֹת
עִצֵּב	V;SG;PRS;FEM	עִצֶּבֶת
עִצֵּב	V;SG;PRS;MASC	עִצֵּב
עָבַר	V.MSDR	עָבִירָה
עָבַר	V;1;PL;PST	עָבַרְנוּ
עָבַר	V;1;SG;FUT	עְבֹּר
עָבַר	V;1;SG;PST	עָבַרְתִּי
עָבַר	V;2;PL;FUT;MASC	עְבְּרוּ
עָבַר	V;2;PL;PST;FEM	עְבַרְתֶּן
עָבַר	V;2;SG;FUT;MASC	עְבֹּר
עָבַר	V;2;SG;IMP;FEM	עִבְרִי
עָבַר	V;2;SG;IMP;MASC	עְבֹר
עָבַר	V;2;SG;PST;MASC	עָבַרְתָּ
עָבַר	V;3;PL;PST	עָבְרוּ
עָבַר	V;3;SG;FUT;FEM	עְבֹּר
עָבַר	V;3;SG;FUT;MASC	עְבֹּר
עָבַר	V;3;SG;PST;FEM	עָבְרָה
עָבַר	V;3;SG;PST;MASC	עָבַר
עָבַר	V;NFIN	לְעָבֹּר
עָבַר	V;PL;PRS;FEM	עוֹבְרוֹת
עָבַר	V;PL;PRS;MASC	עוֹבְרִים
עָבַר	V;SG;PRS;FEM	עוֹבֶרֶת
עָבַר	V;SG;PRS;MASC	עוֹבֵר
פָּשַׁע	V.MSDR	פָּּשְׁעוּת
פָּשַׁע	V;1;PL;FUT	פָּּשַׁע
פָּשַׁע	V;1;PL;PST	פָּשַׁעְנוּ
פָּשַׁע	V;1;SG;FUT	פָּּשַׁע
פָּשַׁע	V;2;PL;FUT;MASC	פָּּשְׁעוּ
פָּשַׁע	V;2;PL;IMP;FEM	פָּּשַׁעְנָה
פָּשַׁע	V;2;PL;IMP;MASC	פָּּשְׁעוּ
פָּשַׁע	V;2;PL;PST;FEM	פָּשַׁעְתֶּן
פָּשַׁע	V;2;PL;PST;MASC	פָּשַׁעְתֶּם
פָּשַׁע	V;2;SG;FUT;FEM	פָּּשְׁעִי
פָּשַׁע	V;2;SG;IMP;FEM	פָּּשְׁעִי
פָּשַׁע	V;2;SG;PST;FEM	פָּשַׁעְתְּ
פָּשַׁע	V;2;SG;PST;MASC	פָּשַׁעְתָּ
פָּשַׁע	V;3;PL;FUT;MASC	פָּּשְׁעוּ
פָּשַׁע	V;3;PL;PST	פָּשְׁעוּ
פָּשַׁע	V;3;SG;FUT;MASC	פָּּשַׁע
פָּשַׁע	V;3;SG;PST;FEM	פָּשְׁעָה
פָּשַׁע	V;NFIN	לְפָּּשַׁע
פָּשַׁע	V;PL;PRS;MASC	פָּשָׁעִים
פָּשַׁע	V;SG;PRS;MASC	פָּשָׁע
צִטֵּט	V.MSDR	צִטֵּטָה
צִטֵּט	V;1;PL;PST	צִטֵּטְנוּ
צִטֵּט	V;1;SG;FUT	צִטֵּט
צִטֵּט	V;1;SG;PST	צִטֵּטְתִּי
צִטֵּט	V;2;PL;FUT;FEM	צִטֵּטְנָה
צִטֵּט	V;2;PL;FUT;MASC	צִטֵּטוּ
צִטֵּט	V;2;PL;IMP;FEM	צִטֵּטְנָה
צִטֵּט	V;2;SG;FUT;FEM	צִטֵּטִי
צִטֵּט	V;2;SG;PST;MASC	צִטֵּטְתָּ
צִטֵּט	V;3;PL;FUT;FEM	צִטֵּטְנָה
צִטֵּט	V;3;PL;PST	צִטֵּטוּ
צִטֵּט	V;3;SG;FUT;FEM	צִטֵּט
צִטֵּט	V;3;SG;FUT;MASC	צִטֵּט
צִטֵּט	V;3;SG;PST;FEM	צִטֵּטָה
צִטֵּט	V;3;SG;PST;MASC	צִטֵּט
צִטֵּט	V;NFIN	לְצִטֵּט
צִטֵּט	V;PL;PRS;FEM	צִטֵּטוֹת
צִטֵּט	V;PL;PRS;MASC	צִטֵּטִים
צִטֵּט	V;SG;PRS;FEM	צִטֵּטֶת
צִטֵּט	V;SG;PRS;MASC	צִטֵּט
צָמֵא	V;1;PL;PST	צָמֵאנוּ
צָמֵא	V;1;SG;FUT	צָמָא
צָמֵא	V;1;SG;PST	צָמֵאתִי
צָמֵא	V;2;PL;FUT;MASC	צָמְאוּ
צָמֵא	V;2;PL;IMP;FEM	צָמֶאנָה
צָמֵא	V;2;PL;PST;FEM	צָמֵאתֶן
צָמֵא	V;2;PL;PST;MASC	צָמֵאתֶם
צָמֵא	V;2;SG;FUT;FEM	צָמְאִי
צָמֵא	V;2;SG;IMP;FEM	צָמֵאִי
צָמֵא	V;2;SG;IMP;MASC	צָמָא
צָמֵא	V;2;SG;PST;FEM	צָמֵאת
צָמֵא	V;2;SG;PST;MASC	צָמֵאתָ
צָמֵא	V;3;PL;FUT;FEM	צָמֶאנָה
צָמֵא	V;3;PL;FUT;MASC	צָמְאוּ
צָמֵא	V;3;PL;PST	צָמְאוּ
צָמֵא	V;3;SG;FUT;MASC	צָמָא
צָמֵא	V;3;SG;PST;FEM	צָמְאָה
צָמֵא	V;3;SG;PST;MASC	צָמֵא
צָמֵא	V;SG;PRS;FEM	צָמֵאת
צָמֵא	V;SG;PRS;MASC	צָמֵא
קָרַע	V;1;PL;PST	קָרַעְנוּ
קָרַע	V;1;SG;PST	קָרַעְתִּי
קָרַע	V;2;PL;FUT;MASC	קְרְעוּ
קָרַע	V;2;PL;IMP;FEM	קְרַעְנָה
קָרַע	V;2;PL;IMP;MASC	קִרְעוּ
קָרַע	V;2;PL;PST;FEM	קְרַעְתֶּן
קָרַע	V;2;SG;FUT;FEM	קְרְעִי
קָרַע	V;2;SG;FUT;MASC	קָרַע
קָרַע	V;2;SG;IMP;MASC	קְרַע
קָרַע	V;2;SG;PST;MASC	קָרַעְתָּ
קָרַע	V;3;PL;FUT;FEM	קְרַעְנָה
קָרַע	V;3;PL;FUT;MASC	קְרְעוּ
קָרַע	V;3;SG;FUT;FEM	קְרַע
קָרַע	V;3;SG;FUT;MASC	קְרַע
קָרַע	V;3;SG;PST;FEM	קָרְעָה
קָרַע	V;3;SG;PST;MASC	קָרַע
קָרַע	V;PL;PRS;FEM	קוֹרְעוֹת
קָרַע	V;PL;PRS;MASC	קוֹרְעִים
קָרַע	V;SG;PRS;FEM	קָרַעַת
קָרַע	V;SG;PRS;MASC	קוֹרֵעַ
רִמָּה	V.MSDR	רִמּוּת
רִמָּה	V;1;PL;PST	רִמֵּינוּ
רִמָּה	V;1;SG;FUT	רִמֶּה
רִמָּה	V;1;SG;PST	רִמֵּיתִי
רִמָּה	V;2;PL;FUT;FEM	רִמֶּינָה
רִמָּה	V;2;PL;FUT;MASC	רִמּוּ
רִמָּה	V;2;PL;IMP;FEM	רִמֶּינָה
רִמָּה	V;2;PL;PST;FEM	רִמֵּיתֶן
רִמָּה	V;2;PL;PST;MASC	רִמֵּיתֶם
רִמָּה	V;2;SG;FUT;FEM	רִמִּי
רִמָּה	V;2;SG;IMP;FEM	רִמִּי
רִמָּה	V;2;SG;PST;MASC	רִמֵּיתָ
רִמָּה	V;3;PL;FUT;MASC	רִמּוּ
רִמָּה	V;3;PL;PST	רִמּוּ
רִמָּה	V;3;SG;FUT;FEM	רִמֶּה
רִמָּה	V;3;SG;FUT;MASC	רִמֶּה
רִמָּה	V;PL;PRS;FEM	רִמּוֹת
רִמָּה	V;PL;PRS;MASC	רִמִּים
רִמָּה	V;SG;PRS;FEM	רִמָּה
רִמָּה	V;SG;PRS;MASC	רִמֶּה
רָעָה	V;1;PL;PST	רָעִינוּ
רָעָה	V;1;SG;FUT	רָעֶה
רָעָה	V;2;PL;FUT;FEM	רָעָה
רָעָה	V;2;PL;FUT;MASC	רָעוּ
רָעָה	V;2;PL;IMP;FEM	רָעֶינָה
רָעָה	V;2;PL;IMP;MASC	רָעוּ
רָעָה	V;2;PL;PST;FEM	רָעִיתֶן
רָעָה	V;2;SG;IMP;FEM	רָעִי
רָעָה	V;2;SG;IMP;MASC	רָעֵה
רָעָה	V;2;SG;PST;FEM	רָעִית
רָעָה	V;3;PL;FUT;FEM	רָעָה
רָעָה	V;3;PL;FUT;MASC	רָעוּ
רָעָה	V;3;PL;PST	רָעוּ
רָעָה	V;3;SG;FUT;MASC	רָעֶה
רָעָה	V;3;SG;PST;FEM	רָעתָה
רָעָה	V;3;SG;PST;MASC	רָעָה
רָעָה	V;NFIN	לְרָעוֹת
רָעָה	V;PL;PRS;FEM	רָעוֹת
רָעָה	V;SG;PRS;FEM	רָעָה
רָעָה	V;SG;PRS;MASC	רָעֶה
רֻתַּךְ	V;1;PL;FUT	רֻתַּךְ
רֻתַּךְ	V;1;PL;PST	רֻתַּכְנוּ
רֻתַּךְ	V;1;SG;FUT	רֻתַּךְ
רֻתַּךְ	V;2;PL;FUT;FEM	רֻתַּכְנָה
רֻתַּךְ	V;2;PL;FUT;MASC	רֻתַּכוּ
רֻתַּךְ	V;2;PL;PST;FEM	רֻתַּכְתֶּן
רֻתַּךְ	V;2;PL;PST;MASC	רֻתַּכְתֶּם
רֻתַּךְ	V;2;SG;FUT;FEM	רֻתַּכִי
רֻתַּךְ	V;2;SG;FUT;MASC	רֻתַּךְ
רֻתַּךְ	V;2;SG;PST;FEM	רֻתַּכְתְּ
רֻתַּךְ	V;2;SG;PST;MASC	רֻתַּכְתָּ
רֻתַּךְ	V;3;PL;FUT;FEM	רֻתַּכְנָה
רֻתַּךְ	V;3;PL;PST	רֻתַּכוּ
רֻתַּךְ	V;3;SG;FUT;MASC	רֻתַּךְ
רֻתַּךְ	V;3;SG;PST;FEM	רֻתַּכָה
רֻתַּךְ	V;3;SG;PST;MASC	רֻתַּךְ
רֻתַּךְ	V;PL;PRS;FEM	רֻתַּכוֹת
רֻתַּךְ	V;PL;PRS;MASC	רֻתַּכִים
רֻתַּךְ	V;SG;PRS;FEM	רֻתַּכֶת
רֻתַּךְ	V;SG;PRS;MASC	רֻתַּךְ
שָׁט	V;1;PL;FUT	שָׁט
שָׁט	V;1;PL;PST	שָׁטְנוּ
שָׁט	V;1;SG;FUT	שָׁט
שָׁט	V;2;PL;FUT;FEM	שָׁטְנָה
שָׁט	V;2;PL;FUT;MASC	שָׁטוּ
שָׁט	V;2;PL;IMP;FEM	שָׁטְנָה
שָׁט	V;2;PL;PST;FEM	שָׁטְתֶּן
שָׁט	V;2;PL;PST;MASC	שָׁטְתֶּם
שָׁט	V;2;SG;FUT;FEM	שָׁטִי
שָׁט	V;2;SG;FUT;MASC	שָׁט
שָׁט	V;2;SG;IMP;FEM	שָׁטִי
שָׁט	V;2;SG;PST;FEM	שָׁטְתְּ
שָׁט	V;2;SG;PST;MASC	שָׁטְתָּ
שָׁט	V;3;PL;FUT;FEM	שָׁטְנָה
שָׁט	V;3;PL;FUT;MASC	שָׁטוּ
שָׁט	V;3;PL;PST	שָׁטוּ
שָׁט	V;3;SG;FUT;MASC	שָׁט
שָׁט	V;3;SG;PST;MASC	שָׁט
שָׁט	V;NFIN	לְשָׁט
שָׁט	V;PL;PRS;MASC	שָׁטִים
שָׁף	V.MSDR	שָׁה
שָׁף	V;1;SG;FUT	שָׁף
שָׁף	V;1;SG;PST	שָׁפְתִּי
שָׁף	V;2;PL;FUT;FEM	שָׁפְנָה
שָׁף	V;2;PL;FUT;MASC	שָׁפוּ
שָׁף	V;2;PL;IMP;FEM	שָׁפְנָה
שָׁף	V;2;PL;IMP;MASC	שָׁפוּ
שָׁף	V;2;PL;PST;FEM	שָׁפְתֶּן
שָׁף	V;2;SG;FUT;FEM	שָׁפִי
שָׁף	V;2;SG;FUT;MASC	שָׁף
שָׁף	V;2;SG;IMP;FEM	שָׁפִי
שָׁף	V;2;SG;PST;FEM	שָׁפְתְּ
שָׁף	V;3;PL;FUT;FEM	שָׁפְנָה
שָׁף	V;3;PL;FUT;MASC	שָׁפוּ
שָׁף	V;3;SG;FUT;FEM	שָׁף
שָׁף	V;3;SG;PST;FEM	שָׁפָה
שָׁף	V;3;SG;PST;MASC	שָׁף
שָׁף	V;NFIN	לְשָׁף
שָׁף	V;PL;PRS;MASC	שָׁפִים
שָׁף	V;SG;PRS;FEM	שָׁפֶת
שָׁפַע	V.MSDR	שָׁפִיעָה
שָׁפַע	V;1;SG;FUT	שָׁפַע
שָׁפַע	V;1;SG;PST	שָׁפַעְתִּי
שָׁפַע	V;2;PL;FUT;FEM	שָׁפַעְנָה
שָׁפַע	V;2;PL;FUT;MASC	שָׁפְעוּ
שָׁפַע	V;2;PL;IMP;MASC	שָׁפְעוּ
שָׁפַע	V;2;PL;PST;FEM	שָׁפַעְתֶּן
שָׁפַע	V;2;PL;PST;MASC	שָׁפַעְתֶּם
שָׁפַע	V;2;SG;FUT;MASC	שָׁפַע
שָׁפַע	V;2;SG;IMP;FEM	שָׁפְעִי
שָׁפַע	V;2;SG;IMP;MASC	שָׁפַע
שָׁפַע	V;2;SG;PST;FEM	שָׁפַעְתְּ
שָׁפַע	V;2;SG;PST;MASC	שָׁפַעְתָּ
שָׁפַע	V;3;PL;FUT;FEM	שָׁפַעְנָה
שָׁפַע	V;3;PL;FUT;MASC	שָׁפְעוּ
שָׁפַע	V;3;PL;PST	שָׁפְעוּ
שָׁפַע	V;3;SG;FUT;FEM	שָׁפַע
שָׁפַע	V;3;SG;PST;MASC	שָׁפַע
שָׁפַע	V;NFIN	לְשָׁפֹעַ
שָׁפַע	V;PL;PRS;MASC	שָׁפְעִים
