אסר	V.MSDR	אסרה
אסר	V;FUT;NOM(1,PL)	נאסר
אסר	V;FUT;NOM(1,SG)	אאסר
אסר	V;FUT;NOM(2,PL,FEM)	תאסרנה
אסר	V;FUT;NOM(2,PL,MASC)	תאסרו
אסר	V;FUT;NOM(2,SG,FEM)	תאסרי
אסר	V;FUT;NOM(2,SG,MASC)	תאסר
אסר	V;FUT;NOM(3,PL,FEM)	תאסרנה
אסר	V;FUT;NOM(3,SG,MASC)	יאסר
אסר	V;IMP;NOM(2,PL,MASC)	אסרו
אסר	V;IMP;NOM(2,SG,FEM)	אסרי
אסר	V;IMP;NOM(2,SG,MASC)	אסר
אסר	V;PRS;NOM(PL,MASC)	אסרים
אסר	V;PRS;NOM(SG,FEM)	אסרת
אסר	V;PRS;NOM(SG,MASC)	אסר
אסר	V;PST;NOM(1,PL)	אסרנו
אסר	V;PST;NOM(2,PL,FEM)	אסרתן
אסר	V;PST;NOM(2,PL,MASC)	אסרתם
אסר	V;PST;NOM(2,SG,FEM)	אסרת
אסר	V;PST;NOM(2,SG,MASC)	אסרת
ביזבז	V.MSDR	ביזבזות
ביזבז	V;FUT;NOM(1,SG)	אביזבז
ביזבז	V;FUT;NOM(2,PL,FEM)	תביזבזנה
ביזבז	V;FUT;NOM(2,PL,MASC)	תביזבזו
ביזבז	V;FUT;NOM(3,SG,FEM)	תביזבז
ביזבז	V;IMP;NOM(2,PL,FEM)	ביזבזנה
ביזבז	V;IMP;NOM(2,PL,MASC)	ביזבזו
ביזבז	V;IMP;NOM(2,SG,FEM)	ביזבזי
ביזבז	V;IMP;NOM(2,SG,MASC)	ביזבז
ביזבז	V;NFIN	לביזבז
ביזבז	V;PRS;NOM(PL,FEM)	ביזבזות
ביזבז	V;PRS;NOM(PL,MASC)	ביזבזים
ביזבז	V;PRS;NOM(SG,FEM)	ביזבזת
ביזבז	V;PRS;NOM(SG,MASC)	ביזבז
ביזבז	V;PST;NOM(2,PL,FEM)	ביזבזתן
ביזבז	V;PST;NOM(2,SG,FEM)	ביזבזת
ביזבז	V;PST;NOM(2,SG,MASC)	ביזבזת
ביזבז	V;PST;NOM(3,PL)	ביזבזו
ביזבז	V;PST;NOM(3,SG,FEM)	ביזבזה
ביזבז	V;PST;NOM(3,SG,MASC)	ביזבז
בישל	V;FUT;NOM(1,PL)	נבישל
בישל	V;FUT;NOM(1,SG)	אבישל
בישל	V;FUT;NOM(2,PL,FEM)	תבישלנה
בישל	V;FUT;NOM(2,PL,MASC)	תבישלו
בישל	V;FUT;NOM(2,SG,FEM)	תבישלי
בישל	V;FUT;NOM(2,SG,MASC)	תבישל
בישל	V;FUT;NOM(3,PL,FEM)	תבישלנה
בישל	V;FUT;NOM(3,PL,MASC)	יבישלו
בישל	V;FUT;NOM(3,SG,FEM)	תבישל
בישל	V;FUT;NOM(3,SG,MASC)	יבישל
בישל	V;IMP;NOM(2,PL,FEM)	בישלנה
בישל	V;IMP;NOM(2,PL,MASC)	בישלו
בישל	V;IMP;NOM(2,SG,FEM)	בישלי
בישל	V;IMP;NOM(2,SG,MASC)	בישל
בישל	V;NFIN	לבישל
בישל	V;PRS;NOM(PL,FEM)	בישלות
בישל	V;PST;NOM(1,SG)	בישלתי
בישל	V;PST;NOM(2,PL,FEM)	בישלתן
בישל	V;PST;NOM(2,PL,MASC)	בישלתם
בישל	V;PST;NOM(3,PL)	בישלו
בכור	N;PL;DEF	הבכורים
בכור	N;PL;NDEF	בכורים
בכור	N;PL;PSSD	בכורי
בכור	N;PL;PSSD;PSS(1,PL)	בכורינו
בכור	N;PL;PSSD;PSS(2,PL,FEM)	בכוריכן
בכור	N;PL;PSSD;PSS(2,PL,MASC)	בכוריכם
בכור	N;PL;PSSD;PSS(2,SG,FEM)	בכורייך
בכור	N;PL;PSSD;PSS(2,SG,MASC)	בכוריך
בכור	N;PL;PSSD;PSS(3,PL,FEM)	בכוריהן
בכור	N;PL;PSSD;PSS(3,PL,MASC)	בכוריהם
בכור	N;PL;PSSD;PSS(3,SG,FEM)	בכוריה
בכור	N;PL;PSSD;PSS(3,SG,MASC)	בכוריו
בכור	N;SG;DEF	הבכור
בכור	N;SG;NDEF	בכור
בכור	N;SG;PSSD;PSS(1,SG)	בכורי
בכור	N;SG;PSSD;PSS(2,PL,FEM)	בכורכן
בכור	N;SG;PSSD;PSS(2,SG,FEM)	בכורך
בכור	N;SG;PSSD;PSS(2,SG,MASC)	בכורך
בכור	N;SG;PSSD;PSS(3,PL,FEM)	בכורן
בכור	N;SG;PSSD;PSS(3,SG,MASC)	בכורו
בננה	N;PL;DEF	הבננות
בננה	N;PL;NDEF	בננות
בננה	N;PL;PSSD;PSS(1,PL)	בננותינו
בננה	N;PL;PSSD;PSS(1,SG)	בננותיי
בננה	N;PL;PSSD;PSS(2,PL,FEM)	בננותיכן
בננה	N;PL;PSSD;PSS(2,PL,MASC)	בננותיכם
בננה	N;PL;PSSD;PSS(2,SG,FEM)	בננותייך
בננה	N;PL;PSSD;PSS(2,SG,MASC)	בננותיך
בננה	N;PL;PSSD;PSS(3,PL,MASC)	בננותם
בננה	N;PL;PSSD;PSS(3,SG,FEM)	בננותיה
בננה	N;PL;PSSD;PSS(3,SG,MASC)	בננותיו
בננה	N;SG;DEF	הבננה
בננה	N;SG;PSSD;PSS(1,SG)	בננתי
בננה	N;SG;PSSD;PSS(2,PL,FEM)	בננתכן
בננה	N;SG;PSSD;PSS(2,PL,MASC)	בננתכם
בננה	N;SG;PSSD;PSS(2,SG,FEM)	בננתך
בננה	N;SG;PSSD;PSS(2,SG,MASC)	בננתך
בננה	N;SG;PSSD;PSS(3,PL,MASC)	בננתם
בננה	N;SG;PSSD;PSS(3,SG,FEM)	בננתה
בננה	N;SG;PSSD;PSS(3,SG,MASC)	בננתו
דבק	V;FUT;NOM(2,SG,MASC)	תדבק
דבק	V;FUT;NOM(3,PL,MASC)	ידבקו
דבק	V;FUT;NOM(3,SG,FEM)	תדבק
דבק	V;FUT;NOM(3,SG,MASC)	ידבק
דבק	V;IMP;NOM(2,PL,FEM)	דבקנה
דבק	V;IMP;NOM(2,PL,MASC)	דבקו
דבק	V;IMP;NOM(2,SG,FEM)	דבקי
דבק	V;IMP;NOM(2,SG,MASC)	דבק
דבק	V;NFIN	לדבק
דבק	V;PRS;NOM(PL,MASC)	דבקים
דבק	V;PRS;NOM(SG,FEM)	דבקת
דבק	V;PRS;NOM(SG,MASC)	דבק
דבק	V;PST;NOM(1,PL)	דבקנו
דבק	V;PST;NOM(1,SG)	דבקתי
דבק	V;PST;NOM(2,PL,FEM)	דבקתן
דבק	V;PST;NOM(2,SG,FEM)	דבקת
דבק	V;PST;NOM(2,SG,MASC)	דבקת
דבק	V;PST;NOM(3,PL)	דבקו
דבק	V;PST;NOM(3,SG,FEM)	דבקה
דבק	V;PST;NOM(3,SG,MASC)	דבק
הדאיג	V;FUT;NOM(1,SG)	אהדאיג
הדאיג	V;FUT;NOM(2,PL,FEM)	תהדאיגנה
הדאיג	V;FUT;NOM(2,PL,MASC)	תהדאיגו
הדאיג	V;FUT;NOM(2,SG,MASC)	תהדאיג
הדאיג	V;FUT;NOM(3,PL,FEM)	תהדאיגנה
הדאיג	V;FUT;NOM(3,SG,FEM)	תהדאיג
הדאיג	V;FUT;NOM(3,SG,MASC)	יהדאיג
הדאיג	V;IMP;NOM(2,PL,FEM)	הדאיגנה
הדאיג	V;IMP;NOM(2,PL,MASC)	הדאיגו
הדאיג	V;IMP;NOM(2,SG,MASC)	הדאיג
הדאיג	V;NFIN	להדאיג
הדאיג	V;PRS;NOM(PL,FEM)	הדאיגות
הדאיג	V;PRS;NOM(SG,FEM)	הדאיגת
הדאיג	V;PRS;NOM(SG,MASC)	הדאיג
הדאיג	V;PST;NOM(1,PL)	הדאיגנו
הדאיג	V;PST;NOM(1,SG)	הדאיגתי
הדאיג	V;PST;NOM(2,PL,MASC)	הדאיגתם
הדאיג	V;PST;NOM(2,SG,FEM)	הדאיגת
הדאיג	V;PST;NOM(2,SG,MASC)	הדאיגת
הדאיג	V;PST;NOM(3,SG,FEM)	הדאיגה
הזה	V;FUT;NOM(1,PL)	נהזה
הזה	V;FUT;NOM(2,PL,FEM)	תהזה
הזה	V;FUT;NOM(2,PL,MASC)	תהזו
הזה	V;FUT;NOM(2,SG,FEM)	תהזי
הזה	V;FUT;NOM(2,SG,MASC)	תהזה
הזה	V;FUT;NOM(3,PL,FEM)	תהזה
הזה	V;FUT;NOM(3,PL,MASC)	יהזו
הזה	V;FUT;NOM(3,SG,FEM)	תהזה
הזה	V;IMP;NOM(2,PL,MASC)	הזו
הזה	V;IMP;NOM(2,SG,MASC)	הזה
הזה	V;NFIN	להזות
הזה	V;PRS;NOM(PL,FEM)	הזות
הזה	V;PRS;NOM(SG,FEM)	הזה
הזה	V;PRS;NOM(SG,MASC)	הזה
הזה	V;PST;NOM(1,PL)	הזינו
הזה	V;PST;NOM(1,SG)	הזיתי
הזה	V;PST;NOM(2,PL,FEM)	הזיתן
הזה	V;PST;NOM(2,SG,FEM)	הזית
הזה	V;PST;NOM(3,PL)	הזו
הזה	V;PST;NOM(3,SG,FEM)	הזתה
החלטה	N;PL;DEF	ההחלטות
החלטה	N;PL;NDEF	החלטות
החלטה	N;PL;PSSD	החלטות
החלטה	N;PL;PSSD;PSS(1,PL)	החלטותינו
החלטה	N;PL;PSSD;PSS(1,SG)	החלטותיי
החלטה	N;PL;PSSD;PSS(2,PL,FEM)	החלטותיכן
החלטה	N;PL;PSSD;PSS(2,PL,MASC)	החלטותיכם
החלטה	N;PL;PSSD;PSS(2,SG,FEM)	החלטותייך
החלטה	N;PL;PSSD;PSS(2,SG,MASC)	החלטותיך
החלטה	N;PL;PSSD;PSS(3,PL,FEM)	החלטותן
החלטה	N;SG;DEF	ההחלטה
החלטה	N;SG;NDEF	החלטה
החלטה	N;SG;PSSD	החלטת
החלטה	N;SG;PSSD;PSS(1,PL)	החלטתנו
החלטה	N;SG;PSSD;PSS(1,SG)	החלטתי
החלטה	N;SG;PSSD;PSS(2,PL,MASC)	החלטתכם
החלטה	N;SG;PSSD;PSS(2,SG,FEM)	החלטתך
החלטה	N;SG;PSSD;PSS(2,SG,MASC)	החלטתך
החלטה	N;SG;PSSD;PSS(3,PL,FEM)	החלטתן
החלטה	N;SG;PSSD;PSS(3,SG,FEM)	החלטתה
החליט	V;FUT;NOM(1,SG)	אהחליט
החליט	V;FUT;NOM(2,PL,MASC)	תהחליטו
החליט	V;FUT;NOM(2,SG,FEM)	תהחליטי
החליט	V;FUT;NOM(2,SG,MASC)	תהחליט
החליט	V;FUT;NOM(3,PL,MASC)	יהחליטו
החליט	V;FUT;NOM(3,SG,FEM)	תהחליט
החליט	V;FUT;NOM(3,SG,MASC)	יהחליט
החליט	V;IMP;NOM(2,PL,MASC)	החליטו
החליט	V;IMP;NOM(2,SG,FEM)	החליטי
החליט	V;NFIN	להחליט
החליט	V;PRS;NOM(PL,FEM)	החליטות
החליט	V;PRS;NOM(PL,MASC)	החליטים
החליט	V;PRS;NOM(SG,MASC)	החליט
החליט	V;PST;NOM(1,SG)	החלטתי
החליט	V;PST;NOM(2,PL,FEM)	החליטתן
החליט	V;PST;NOM(2,PL,MASC)	החלטתם
החליט	V;PST;NOM(2,SG,FEM)	החלטת
החליט	V;PST;NOM(2,SG,MASC)	החלטת
החליט	V;PST;NOM(3,SG,FEM)	החליטה
החליט	V;PST;NOM(3,SG,MASC)	החליט
הנחה	V.MSDR	הנחיה
הנחה	V;FUT;NOM(1,PL)	נהנחה
הנחה	V;FUT;NOM(2,PL,FEM)	תהנחינה
הנחה	V;FUT;NOM(2,PL,MASC)	תהנחו
הנחה	V;FUT;NOM(2,SG,MASC)	תהנחה
הנחה	V;FUT;NOM(3,SG,FEM)	תהנחה
הנחה	V;IMP;NOM(2,PL,FEM)	הנחינה
הנחה	V;IMP;NOM(2,PL,MASC)	הנחו
הנחה	V;IMP;NOM(2,SG,FEM)	הנחי
הנחה	V;IMP;NOM(2,SG,MASC)	הנחה
הנחה	V;NFIN	להנחות
הנחה	V;PRS;NOM(PL,FEM)	הנוחות
הנחה	V;PRS;NOM(SG,FEM)	הנוחה
הנחה	V;PST;NOM(1,PL)	הנחינו
הנחה	V;PST;NOM(1,SG)	הנחיתי
הנחה	V;PST;NOM(2,PL,FEM)	הנחיתן
הנחה	V;PST;NOM(2,SG,MASC)	הנחית
הנחה	V;PST;NOM(3,PL)	הנחו
הנחה	V;PST;NOM(3,SG,FEM)	הנחתה
הנחה	V;PST;NOM(3,SG,MASC)	הנחה
הסב	V.MSDR	הסבה
הסב	V;FUT;NOM(1,PL)	נהסב
הסב	V;FUT;NOM(1,SG)	אהסב
הסב	V;FUT;NOM(2,PL,FEM)	תהסבנה
הסב	V;FUT;NOM(2,PL,MASC)	תהסבו
הסב	V;FUT;NOM(2,SG,FEM)	תהסבי
הסב	V;FUT;NOM(3,PL,MASC)	יהסבו
הסב	V;FUT;NOM(3,SG,FEM)	תהסב
הסב	V;FUT;NOM(3,SG,MASC)	יהסב
הסב	V;IMP;NOM(2,PL,FEM)	הסבנה
הסב	V;IMP;NOM(2,PL,MASC)	הסבו
הסב	V;IMP;NOM(2,SG,FEM)	הסבי
הסב	V;IMP;NOM(2,SG,MASC)	הסב
הסב	V;PRS;NOM(PL,MASC)	הסבים
הסב	V;PRS;NOM(SG,MASC)	הסב
הסב	V;PST;NOM(2,PL,FEM)	הסבתן
הסב	V;PST;NOM(2,SG,FEM)	הסבת
הסב	V;PST;NOM(2,SG,MASC)	הסבת
הסב	V;PST;NOM(3,PL)	הסבו
הסב	V;PST;NOM(3,SG,FEM)	הסבה
העיר	V.MSDR	הערה
העיר	V;FUT;NOM(2,SG,FEM)	תהעירי
העיר	V;FUT;NOM(3,PL,MASC)	יהעירו
העיר	V;FUT;NOM(3,SG,FEM)	תהעיר
העיר	V;FUT;NOM(3,SG,MASC)	יהעיר
העיר	V;IMP;NOM(2,PL,FEM)	הערנה
העיר	V;IMP;NOM(2,PL,MASC)	העירו
העיר	V;IMP;NOM(2,SG,FEM)	העירי
העיר	V;IMP;NOM(2,SG,MASC)	הער
העיר	V;NFIN	להעיר
העיר	V;PRS;NOM(PL,FEM)	העירות
העיר	V;PRS;NOM(PL,MASC)	העירים
העיר	V;PRS;NOM(SG,FEM)	העירה
העיר	V;PRS;NOM(SG,MASC)	העיר
העיר	V;PST;NOM(1,SG)	הערתי
העיר	V;PST;NOM(2,SG,FEM)	הערת
העיר	V;PST;NOM(2,SG,MASC)	הערת
העיר	V;PST;NOM(3,PL)	העירו
העיר	V;PST;NOM(3,SG,FEM)	העירה
העיר	V;PST;NOM(3,SG,MASC)	העיר
הקים	V;FUT;NOM(1,SG)	אהקים
הקים	V;FUT;NOM(2,PL,FEM)	תהקמנה
הקים	V;FUT;NOM(2,PL,MASC)	תהקימו
הקים	V;FUT;NOM(2,SG,FEM)	תהקימי
הקים	V;FUT;NOM(2,SG,MASC)	תהקים
הקים	V;FUT;NOM(3,PL,FEM)	תהקמנה
הקים	V;FUT;NOM(3,SG,FEM)	תהקים
הקים	V;FUT;NOM(3,SG,MASC)	יהקים
הקים	V;IMP;NOM(2,PL,MASC)	הקימו
הקים	V;IMP;NOM(2,SG,FEM)	הקימי
הקים	V;IMP;NOM(2,SG,MASC)	הקם
הקים	V;PRS;NOM(PL,FEM)	הקימות
הקים	V;PRS;NOM(SG,FEM)	הקימה
הקים	V;PRS;NOM(SG,MASC)	הקים
הקים	V;PST;NOM(1,PL)	הקמנו
הקים	V;PST;NOM(1,SG)	הקמתי
הקים	V;PST;NOM(2,SG,FEM)	הקמת
הקים	V;PST;NOM(2,SG,MASC)	הקמת
הקים	V;PST;NOM(3,PL)	הקימו
הקים	V;PST;NOM(3,SG,MASC)	הקים
הקר	V;FUT;NOM(1,PL)	נהקור
הקר	V;FUT;NOM(1,SG)	אהקור
הקר	V;FUT;NOM(2,PL,MASC)	תהקרו
הקר	V;FUT;NOM(3,PL,FEM)	תהקורנה
הקר	V;FUT;NOM(3,PL,MASC)	יהקרו
הקר	V;FUT;NOM(3,SG,FEM)	תהקור
הקר	V;IMP;NOM(2,PL,FEM)	הקורנה
הקר	V;IMP;NOM(2,PL,MASC)	הקרו
הקר	V;IMP;NOM(2,SG,MASC)	הקור
הקר	V;NFIN	להקור
הקר	V;PRS;NOM(PL,FEM)	הקרות
הקר	V;PRS;NOM(PL,MASC)	הוקרים
הקר	V;PRS;NOM(SG,FEM)	הקרת
הקר	V;PST;NOM(1,PL)	הקרנו
הקר	V;PST;NOM(1,SG)	הקרתי
הקר	V;PST;NOM(2,PL,FEM)	הקרתן
הקר	V;PST;NOM(2,PL,MASC)	הקרתם
הקר	V;PST;NOM(2,SG,FEM)	הקרת
הקר	V;PST;NOM(2,SG,MASC)	הקרת
הקר	V;PST;NOM(3,PL)	הקרו
השתכר	V.MSDR	השתכרות
השתכר	V;FUT;NOM(1,SG)	אהשתכר
השתכר	V;FUT;NOM(2,PL,MASC)	תהשתכרו
השתכר	V;FUT;NOM(2,SG,MASC)	תהשתכר
השתכר	V;FUT;NOM(3,PL,FEM)	תהשתכרנה
השתכר	V;FUT;NOM(3,PL,MASC)	יהשתכרו
השתכר	V;FUT;NOM(3,SG,MASC)	יהשתכר
השתכר	V;IMP;NOM(2,PL,FEM)	השתכרנה
השתכר	V;IMP;NOM(2,PL,MASC)	השתכרו
השתכר	V;IMP;NOM(2,SG,FEM)	השתכרי
השתכר	V;IMP;NOM(2,SG,MASC)	השתכר
השתכר	V;NFIN	להשתכר
השתכר	V;PRS;NOM(SG,FEM)	השתכרת
השתכר	V;PRS;NOM(SG,MASC)	השתכר
השתכר	V;PST;NOM(1,PL)	השתכרנו
השתכר	V;PST;NOM(1,SG)	השתכרתי
השתכר	V;PST;NOM(2,PL,FEM)	השתכרתן
השתכר	V;PST;NOM(2,SG,FEM)	השתכרת
השתכר	V;PST;NOM(3,PL)	השתכרו
השתכר	V;PST;NOM(3,SG,MASC)	השתכר
התחנן	V.MSDR	התחננות
התחנן	V;FUT;NOM(1,SG)	אהתחנן
התחנן	V;FUT;NOM(2,PL,FEM)	תהתחננה
התחנן	V;FUT;NOM(2,PL,MASC)	תהתחננו
התחנן	V;FUT;NOM(2,SG,FEM)	תהתחנני
התחנן	V;FUT;NOM(2,SG,MASC)	תהתחנן
התחנן	V;FUT;NOM(3,PL,FEM)	תהתחננה
התחנן	V;FUT;NOM(3,SG,FEM)	תהתחנן
התחנן	V;FUT;NOM(3,SG,MASC)	יהתחנן
התחנן	V;IMP;NOM(2,SG,FEM)	התחנני
התחנן	V;IMP;NOM(2,SG,MASC)	התחנן
התחנן	V;PRS;NOM(PL,MASC)	התחננים
התחנן	V;PRS;NOM(SG,FEM)	התחננת
התחנן	V;PRS;NOM(SG,MASC)	התחנן
התחנן	V;PST;NOM(1,PL)	התחננו
התחנן	V;PST;NOM(1,SG)	התחננתי
התחנן	V;PST;NOM(2,PL,FEM)	התחננתן
התחנן	V;PST;NOM(2,SG,FEM)	התחננת
התחנן	V;PST;NOM(3,SG,FEM)	התחננה
התחנן	V;PST;NOM(3,SG,MASC)	התחנן
התכתב	V;FUT;NOM(1,PL)	נהתכתב
התכתב	V;FUT;NOM(2,PL,MASC)	תהתכתבו
התכתב	V;FUT;NOM(2,SG,FEM)	תהתכתבי
התכתב	V;FUT;NOM(3,PL,FEM)	תהתכתבנה
התכתב	V;FUT;NOM(3,PL,MASC)	יהתכתבו
התכתב	V;FUT;NOM(3,SG,FEM)	תהתכתב
התכתב	V;FUT;NOM(3,SG,MASC)	יהתכתב
התכתב	V;IMP;NOM(2,PL,MASC)	התכתבו
התכתב	V;IMP;NOM(2,SG,FEM)	התכתבי
התכתב	V;IMP;NOM(2,SG,MASC)	התכתב
התכתב	V;NFIN	להתכתב
התכתב	V;PRS;NOM(PL,FEM)	התכתבות
התכתב	V;PRS;NOM(PL,MASC)	התכתבים
התכתב	V;PRS;NOM(SG,FEM)	התכתבת
התכתב	V;PRS;NOM(SG,MASC)	התכתב
התכתב	V;PST;NOM(1,SG)	התכתבתי
התכתב	V;PST;NOM(2,PL,MASC)	התכתבתם
התכתב	V;PST;NOM(2,SG,MASC)	התכתבת
התכתב	V;PST;NOM(3,SG,FEM)	התכתבה
התכתב	V;PST;NOM(3,SG,MASC)	התכתב
התמהמה	V.MSDR	התמהיה
התמהמה	V;FUT;NOM(1,PL)	נהתמהמה
התמהמה	V;FUT;NOM(1,SG)	אהתמהמה
התמהמה	V;FUT;NOM(2,PL,FEM)	תהתמהנה
התמהמה	V;FUT;NOM(2,PL,MASC)	תהתמהמו
התמהמה	V;FUT;NOM(2,SG,FEM)	תהתמהמי
התמהמה	V;FUT;NOM(2,SG,MASC)	תהתמהמה
התמהמה	V;FUT;NOM(3,PL,FEM)	תהתמהנה
התמהמה	V;FUT;NOM(3,SG,FEM)	תהתמהמה
התמהמה	V;FUT;NOM(3,SG,MASC)	יהתמהמה
התמהמה	V;IMP;NOM(2,PL,MASC)	התמהמו
התמהמה	V;IMP;NOM(2,SG,MASC)	התמהמה
התמהמה	V;NFIN	להתמהמות
התמהמה	V;PRS;NOM(PL,MASC)	התמהמים
התמהמה	V;PRS;NOM(SG,FEM)	התמהמה
התמהמה	V;PST;NOM(1,PL)	התמהמינו
התמהמה	V;PST;NOM(2,SG,FEM)	התמהמית
התמהמה	V;PST;NOM(3,PL)	התמהמו
התמהמה	V;PST;NOM(3,SG,FEM)	התמהמתה
התמהמה	V;PST;NOM(3,SG,MASC)	התמהמה
התפאר	V.MSDR	התפאור
התפאר	V;FUT;NOM(1,SG)	אהתפאר
התפאר	V;FUT;NOM(2,PL,FEM)	תהתפארנה
התפאר	V;FUT;NOM(2,PL,MASC)	תהתפארו
התפאר	V;FUT;NOM(2,SG,MASC)	תהתפאר
התפאר	V;FUT;NOM(3,PL,FEM)	תהתפארנה
התפאר	V;FUT;NOM(3,SG,FEM)	תהתפאר
התפאר	V;IMP;NOM(2,SG,FEM)	התפארי
התפאר	V;NFIN	להתפאר
התפאר	V;PRS;NOM(PL,FEM)	התפארות
התפאר	V;PRS;NOM(PL,MASC)	התפארים
התפאר	V;PRS;NOM(SG,MASC)	התפאר
התפאר	V;PST;NOM(1,PL)	התפארנו
התפאר	V;PST;NOM(1,SG)	התפארתי
התפאר	V;PST;NOM(2,PL,FEM)	התפארתן
התפאר	V;PST;NOM(2,PL,MASC)	התפארתם
התפאר	V;PST;NOM(2,SG,FEM)	התפארת
התפאר	V;PST;NOM(2,SG,MASC)	התפארת
התפאר	V;PST;NOM(3,SG,FEM)	התפארה
התפאר	V;PST;NOM(3,SG,MASC)	התפאר
התקלקל	V;FUT;NOM(1,PL)	נהתקלקול
התקלקל	V;FUT;NOM(1,SG)	אהתקלקול
התקלקל	V;FUT;NOM(2,PL,FEM)	תהתקלקולנה
התקלקל	V;FUT;NOM(2,PL,MASC)	תהתקלקלו
התקלקל	V;FUT;NOM(2,SG,FEM)	תהתקלקלי
התקלקל	V;FUT;NOM(3,PL,FEM)	תהתקלקולנה
התקלקל	V;FUT;NOM(3,PL,MASC)	יהתקלקלו
התקלקל	V;IMP;NOM(2,PL,FEM)	התקלקלנה
התקלקל	V;IMP;NOM(2,PL,MASC)	התקלקלו
התקלקל	V;IMP;NOM(2,SG,MASC)	התקלקול
התקלקל	V;NFIN	להתקלקול
התקלקל	V;PRS;NOM(PL,FEM)	התקלוקלות
התקלקל	V;PRS;NOM(PL,MASC)	התקלוקלים
התקלקל	V;PRS;NOM(SG,FEM)	התקלוקלת
התקלקל	V;PRS;NOM(SG,MASC)	התקלוקל
התקלקל	V;PST;NOM(2,PL,FEM)	התקלקלתן
התקלקל	V;PST;NOM(2,PL,MASC)	התקלקלתם
התקלקל	V;PST;NOM(2,SG,FEM)	התקלקלת
התקלקל	V;PST;NOM(2,SG,MASC)	התקלקלת
התקלקל	V;PST;NOM(3,PL)	התקלקלו
זיכרון	N;PL;DEF	הזיכרונים
זיכרון	N;PL;NDEF	זיכרונים
זיכרון	N;PL;PSSD;PSS(1,SG)	זיכרוניי
זיכרון	N;PL;PSSD;PSS(2,SG,FEM)	זיכרונייך
זיכרון	N;PL;PSSD;PSS(3,PL,FEM)	זיכרוניהן
זיכרון	N;PL;PSSD;PSS(3,PL,MASC)	זיכרוניהם
זיכרון	N;PL;PSSD;PSS(3,SG,MASC)	זיכרוניו
זיכרון	N;SG;DEF	הזיכרון
זיכרון	N;SG;NDEF	זיכרון
זיכרון	N;SG;PSSD	זיכרון
זיכרון	N;SG;PSSD;PSS(1,PL)	זיכרוננו
זיכרון	N;SG;PSSD;PSS(1,SG)	זיכרוני
זיכרון	N;SG;PSSD;PSS(2,PL,FEM)	זיכרונכן
זיכרון	N;SG;PSSD;PSS(2,PL,MASC)	זיכרונכם
זיכרון	N;SG;PSSD;PSS(2,SG,FEM)	זיכרונך
זיכרון	N;SG;PSSD;PSS(2,SG,MASC)	זיכרונך
זיכרון	N;SG;PSSD;PSS(3,PL,FEM)	זיכרונן
זיכרון	N;SG;PSSD;PSS(3,PL,MASC)	זיכרונם
זיכרון	N;SG;PSSD;PSS(3,SG,FEM)	זיכרונה
זיכרון	N;SG;PSSD;PSS(3,SG,MASC)	זיכרונו
חלף	V.MSDR	חלפות
חלף	V;FUT;NOM(1,PL)	נחלוף
חלף	V;FUT;NOM(1,SG)	אחלף
חלף	V;FUT;NOM(2,PL,FEM)	תחלפנה
חלף	V;FUT;NOM(2,SG,FEM)	תחלפי
חלף	V;FUT;NOM(2,SG,MASC)	תחלף
חלף	V;FUT;NOM(3,PL,FEM)	תחלפנה
חלף	V;FUT;NOM(3,PL,MASC)	יחלפו
חלף	V;FUT;NOM(3,SG,FEM)	תחלף
חלף	V;FUT;NOM(3,SG,MASC)	יחלף
חלף	V;IMP;NOM(2,PL,FEM)	חלפנה
חלף	V;IMP;NOM(2,PL,MASC)	חלפו
חלף	V;NFIN	לחלוף
חלף	V;PRS;NOM(PL,FEM)	חלפות
חלף	V;PRS;NOM(SG,FEM)	חלפת
חלף	V;PST;NOM(1,PL)	חלפנו
חלף	V;PST;NOM(1,SG)	חלפתי
חלף	V;PST;NOM(2,SG,MASC)	חלפת
חלף	V;PST;NOM(3,PL)	חלפו
חלף	V;PST;NOM(3,SG,FEM)	חלפה
חרפ	V.MSDR	חרפ
חרפ	V;FUT;NOM(1,SG)	אחרפ
חרפ	V;FUT;NOM(2,PL,FEM)	תחרפ
חרפ	V;FUT;NOM(2,PL,MASC)	תחרפ
חרפ	V;FUT;NOM(2,SG,MASC)	תחרפ
חרפ	V;FUT;NOM(3,PL,FEM)	תחרפ
חרפ	V;FUT;NOM(3,PL,MASC)	יחרפ
חרפ	V;FUT;NOM(3,SG,FEM)	תחרפ
חרפ	V;FUT;NOM(3,SG,MASC)	יחרפ
חרפ	V;IMP;NOM(2,SG,MASC)	חרפ
חרפ	V;PRS;NOM(PL,FEM)	חרפ
חרפ	V;PRS;NOM(PL,MASC)	חרפ
חרפ	V;PRS;NOM(SG,FEM)	חרפ
חרפ	V;PRS;NOM(SG,MASC)	חרפ
חרפ	V;PST;NOM(2,PL,FEM)	חרפ
חרפ	V;PST;NOM(2,PL,MASC)	חרפ
חרפ	V;PST;NOM(2,SG,MASC)	חרפ
חרפ	V;PST;NOM(3,PL)	חרפ
חרפ	V;PST;NOM(3,SG,FEM)	חרפ
חרפ	V;PST;NOM(3,SG,MASC)	חרפ
טריבונה	N;PL;PSSD	טריבוני
טריבונה	N;PL;PSSD;PSS(1,PL)	טריבונינו
טריבונה	N;PL;PSSD;PSS(2,PL,FEM)	טריבוניכן
טריבונה	N;PL;PSSD;PSS(2,PL,MASC)	טריבוניכם
טריבונה	N;PL;PSSD;PSS(2,SG,FEM)	טריבונייך
טריבונה	N;PL;PSSD;PSS(3,PL,FEM)	טריבוניהן
טריבונה	N;PL;PSSD;PSS(3,PL,MASC)	טריבוניהם
טריבונה	N;PL;PSSD;PSS(3,SG,FEM)	טריבוניה
טריבונה	N;PL;PSSD;PSS(3,SG,MASC)	טריבוניו
טריבונה	N;SG;DEF	הטריבונה
טריבונה	N;SG;NDEF	טריבונה
טריבונה	N;SG;PSSD	טריבונת
טריבונה	N;SG;PSSD;PSS(1,SG)	טריבונתי
טריבונה	N;SG;PSSD;PSS(2,PL,FEM)	טריבונתכן
טריבונה	N;SG;PSSD;PSS(2,SG,FEM)	טריבונתך
טריבונה	N;SG;PSSD;PSS(2,SG,MASC)	טריבונתך
טריבונה	N;SG;PSSD;PSS(3,PL,FEM)	טריבונתן
טריבונה	N;SG;PSSD;PSS(3,PL,MASC)	טריבונתם
טריבונה	N;SG;PSSD;PSS(3,SG,FEM)	טריבונתה
טריבונה	N;SG;PSSD;PSS(3,SG,MASC)	טריבונתו
כוכב	N;PL;NDEF	כוכבים
כוכב	N;PL;PSSD	כוכבי
כוכב	N;PL;PSSD;PSS(1,SG)	כוכביי
כוכב	N;PL;PSSD;PSS(2,PL,FEM)	כוכביכן
כוכב	N;PL;PSSD;PSS(2,PL,MASC)	כוכביכם
כוכב	N;PL;PSSD;PSS(2,SG,FEM)	כוכבייך
כוכב	N;PL;PSSD;PSS(3,PL,FEM)	כוכביהן
כוכב	N;PL;PSSD;PSS(3,PL,MASC)	כוכביהם
כוכב	N;PL;PSSD;PSS(3,SG,FEM)	כוכביה
כוכב	N;SG;NDEF	כוכב
כוכב	N;SG;PSSD	כוכב
כוכב	N;SG;PSSD;PSS(1,PL)	כוכבנו
כוכב	N;SG;PSSD;PSS(2,PL,FEM)	כוכבכן
כוכב	N;SG;PSSD;PSS(2,PL,MASC)	כוכבכם
כוכב	N;SG;PSSD;PSS(2,SG,FEM)	כוכבך
כוכב	N;SG;PSSD;PSS(2,SG,MASC)	כוכבך
כוכב	N;SG;PSSD;PSS(3,PL,FEM)	כוכבן
כוכב	N;SG;PSSD;PSS(3,PL,MASC)	כוכבם
כוכב	N;SG;PSSD;PSS(3,SG,FEM)	כוכבה
כוכב	N;SG;PSSD;PSS(3,SG,MASC)	כוכבו
כסף	N;PL;DEF	הכספים
כסף	N;PL;NDEF	כספים
כסף	N;PL;PSSD	כספי
כסף	N;PL;PSSD;PSS(1,PL)	כספינו
כסף	N;PL;PSSD;PSS(2,PL,FEM)	כספיכן
כסף	N;PL;PSSD;PSS(2,PL,MASC)	כספיכם
כסף	N;PL;PSSD;PSS(2,SG,FEM)	כספייך
כסף	N;PL;PSSD;PSS(2,SG,MASC)	כספיך
כסף	N;PL;PSSD;PSS(3,PL,FEM)	כספיהן
כסף	N;PL;PSSD;PSS(3,SG,MASC)	כספיו
כסף	N;SG;DEF	הכסף
כסף	N;SG;NDEF	כסף
כסף	N;SG;PSSD;PSS(1,PL)	כספנו
כסף	N;SG;PSSD;PSS(1,SG)	כספי
כסף	N;SG;PSSD;PSS(2,PL,MASC)	כספכם
כסף	N;SG;PSSD;PSS(2,SG,FEM)	כספך
כסף	N;SG;PSSD;PSS(2,SG,MASC)	כספך
כסף	N;SG;PSSD;PSS(3,PL,MASC)	כספם
כסף	N;SG;PSSD;PSS(3,SG,FEM)	כספה
כסף	N;SG;PSSD;PSS(3,SG,MASC)	כספו
כרת	V;FUT;NOM(2,PL,MASC)	תכרתו
כרת	V;FUT;NOM(3,PL,MASC)	יכרתו
כרת	V;FUT;NOM(3,SG,FEM)	תכרת
כרת	V;IMP;NOM(2,PL,FEM)	כרתנה
כרת	V;IMP;NOM(2,PL,MASC)	כרתו
כרת	V;IMP;NOM(2,SG,FEM)	כרתי
כרת	V;IMP;NOM(2,SG,MASC)	כרת
כרת	V;PRS;NOM(PL,FEM)	כרתות
כרת	V;PRS;NOM(PL,MASC)	כרתים
כרת	V;PRS;NOM(SG,FEM)	כרתה
כרת	V;PRS;NOM(SG,MASC)	כרת
כרת	V;PST;NOM(1,PL)	כרתנו
כרת	V;PST;NOM(1,SG)	כרתתי
כרת	V;PST;NOM(2,PL,FEM)	כרתתן
כרת	V;PST;NOM(2,PL,MASC)	כרתתם
כרת	V;PST;NOM(2,SG,FEM)	כרתת
כרת	V;PST;NOM(2,SG,MASC)	כרתת
כרת	V;PST;NOM(3,PL)	כרתו
כרת	V;PST;NOM(3,SG,FEM)	כרתה
כרת	V;PST;NOM(3,SG,MASC)	כרת
לשון	N;PL;DEF	הלשונים
לשון	N;PL;NDEF	לשונים
לשון	N;PL;PSSD	לשוני
לשון	N;PL;PSSD;PSS(2,PL,FEM)	לשוניכן
לשון	N;PL;PSSD;PSS(2,PL,MASC)	לשוניכם
לשון	N;PL;PSSD;PSS(2,SG,FEM)	לשונייך
לשון	N;PL;PSSD;PSS(2,SG,MASC)	לשוניך
לשון	N;PL;PSSD;PSS(3,PL,FEM)	לשוניהן
לשון	N;PL;PSSD;PSS(3,PL,MASC)	לשוניהם
לשון	N;PL;PSSD;PSS(3,SG,MASC)	לשוניו
לשון	N;SG;DEF	הלשון
לשון	N;SG;PSSD	לשון
לשון	N;SG;PSSD;PSS(1,PL)	לשוננו
לשון	N;SG;PSSD;PSS(1,SG)	לשוני
לשון	N;SG;PSSD;PSS(2,PL,FEM)	לשונכן
לשון	N;SG;PSSD;PSS(2,PL,MASC)	לשונכם
לשון	N;SG;PSSD;PSS(2,SG,MASC)	לשונך
לשון	N;SG;PSSD;PSS(3,PL,MASC)	לשונם
לשון	N;SG;PSSD;PSS(3,SG,FEM)	לשונה
לשון	N;SG;PSSD;PSS(3,SG,MASC)	לשונו
מוטט	V.MSDR	מוטטות
מוטט	V;FUT;NOM(1,PL)	נמוטט
מוטט	V;FUT;NOM(1,SG)	אמוטט
מוטט	V;FUT;NOM(2,PL,FEM)	תמוטטנה
מוטט	V;FUT;NOM(2,PL,MASC)	תמוטטו
מוטט	V;FUT;NOM(2,SG,MASC)	תמוטט
מוטט	V;FUT;NOM(3,SG,FEM)	תמוטט
מוטט	V;FUT;NOM(3,SG,MASC)	ימוטט
מוטט	V;IMP;NOM(2,PL,FEM)	מוטטנה
מוטט	V;IMP;NOM(2,PL,MASC)	מוטטו
מוטט	V;IMP;NOM(2,SG,FEM)	מוטטי
מוטט	V;NFIN	למוטט
מוטט	V;PRS;NOM(PL,FEM)	מוטטות
מוטט	V;PRS;NOM(PL,MASC)	מוטטים
מוטט	V;PRS;NOM(SG,FEM)	מוטטת
מוטט	V;PRS;NOM(SG,MASC)	מוטט
מוטט	V;PST;NOM(2,PL,FEM)	מוטטתן
מוטט	V;PST;NOM(2,PL,MASC)	מוטטתם
מוטט	V;PST;NOM(2,SG,FEM)	מוטטת
מוטט	V;PST;NOM(3,SG,FEM)	מוטטה
מלך	N;PL;NDEF	מלכים
מלך	N;PL;PSSD	מלכי
מלך	N;PL;PSSD;PSS(1,SG)	מלכיי
מלך	N;PL;PSSD;PSS(2,PL,MASC)	מלכיכם
מלך	N;PL;PSSD;PSS(2,SG,MASC)	מלכיך
מלך	N;PL;PSSD;PSS(3,PL,MASC)	מלכיהם
מלך	N;SG;PSSD;PSS(2,SG,FEM)	מלכך
מלך	N;SG;PSSD;PSS(3,SG,FEM)	מלכה
מלך	V;FUT;NOM(1,PL)	נמלך
מלך	V;FUT;NOM(3,PL,FEM)	תמלכנה
מלך	V;FUT;NOM(3,PL,MASC)	ימלכו
מלך	V;IMP;NOM(2,PL,FEM)	מלוכנה
מלך	V;IMP;NOM(2,SG,FEM)	מלכי
מלך	V;IMP;NOM(2,SG,MASC)	מלך
מלך	V;PRS;NOM(PL,FEM)	מלכות
מלך	V;PRS;NOM(SG,MASC)	מלך
מלך	V;PST;NOM(2,SG,FEM)	מלכת
מלך	V;PST;NOM(2,SG,MASC)	מלכת
מלך	V;PST;NOM(3,PL)	מלכו
מלך	V;PST;NOM(3,SG,MASC)	מלך
מעל	V.MSDR	מעילה
מעל	V;FUT;NOM(1,SG)	אמעל
מעל	V;FUT;NOM(2,PL,FEM)	תמעלנה
מעל	V;FUT;NOM(2,SG,FEM)	תמעלי
מעל	V;FUT;NOM(2,SG,MASC)	תמעל
מעל	V;FUT;NOM(3,PL,FEM)	תמעלנה
מעל	V;FUT;NOM(3,SG,MASC)	ימעל
מעל	V;IMP;NOM(2,PL,FEM)	מעלנה
מעל	V;IMP;NOM(2,SG,FEM)	מעלי
מעל	V;IMP;NOM(2,SG,MASC)	מעל
מעל	V;NFIN	למעול
מעל	V;PRS;NOM(PL,FEM)	מועלות
מעל	V;PRS;NOM(SG,FEM)	מעלת
מעל	V;PRS;NOM(SG,MASC)	מעל
מעל	V;PST;NOM(1,SG)	מעלתי
מעל	V;PST;NOM(2,PL,MASC)	מעלתם
מעל	V;PST;NOM(2,SG,MASC)	מעלת
מעל	V;PST;NOM(3,PL)	מעלו
מעל	V;PST;NOM(3,SG,FEM)	מעלה
מעל	V;PST;NOM(3,SG,MASC)	מעל
מצב	N;PL;NDEF	מצבים
מצב	N;PL;PSSD	מצבי
מצב	N;PL;PSSD;PSS(2,PL,FEM)	מצביכן
מצב	N;PL;PSSD;PSS(2,PL,MASC)	מצביכם
מצב	N;PL;PSSD;PSS(2,SG,MASC)	מצביך
מצב	N;PL;PSSD;PSS(3,PL,FEM)	מצביהן
מצב	N;PL;PSSD;PSS(3,SG,FEM)	מצביה
מצב	N;SG;DEF	המצב
מצב	N;SG;NDEF	מצב
מצב	N;SG;PSSD	מצב
מצב	N;SG;PSSD;PSS(1,PL)	מצבנו
מצב	N;SG;PSSD;PSS(1,SG)	מצבי
מצב	N;SG;PSSD;PSS(2,PL,FEM)	מצבכן
מצב	N;SG;PSSD;PSS(2,PL,MASC)	מצבכם
מצב	N;SG;PSSD;PSS(2,SG,FEM)	מצבך
מצב	N;SG;PSSD;PSS(2,SG,MASC)	מצבך
מצב	N;SG;PSSD;PSS(3,PL,FEM)	מצבן
מצב	N;SG;PSSD;PSS(3,PL,MASC)	מצבם
מצב	N;SG;PSSD;PSS(3,SG,FEM)	מצבה
מצב	N;SG;PSSD;PSS(3,SG,MASC)	מצבו
נהגה	V;FUT;NOM(1,PL)	ננהגה
נהגה	V;FUT;NOM(1,SG)	אנהגה
נהגה	V;FUT;NOM(2,PL,FEM)	תנהגה
נהגה	V;FUT;NOM(2,PL,MASC)	תנהגו
נהגה	V;FUT;NOM(2,SG,FEM)	תנהגי
נהגה	V;FUT;NOM(3,PL,FEM)	תנהגה
נהגה	V;FUT;NOM(3,PL,MASC)	ינהגו
נהגה	V;FUT;NOM(3,SG,FEM)	תנהגה
נהגה	V;FUT;NOM(3,SG,MASC)	ינהגה
נהגה	V;IMP;NOM(2,PL,FEM)	נהגה
נהגה	V;IMP;NOM(2,PL,MASC)	נהגו
נהגה	V;IMP;NOM(2,SG,FEM)	נהגי
נהגה	V;NFIN	לנהגות
נהגה	V;PRS;NOM(SG,FEM)	נהגה
נהגה	V;PST;NOM(1,PL)	נהגינו
נהגה	V;PST;NOM(2,PL,FEM)	נהגיתן
נהגה	V;PST;NOM(2,SG,FEM)	נהגית
נהגה	V;PST;NOM(2,SG,MASC)	נהגית
נהגה	V;PST;NOM(3,PL)	נהגו
נהגה	V;PST;NOM(3,SG,MASC)	נהגה
נשבע	V.MSDR	נשביעה
נשבע	V;FUT;NOM(1,SG)	אנשבע
נשבע	V;FUT;NOM(2,PL,FEM)	תנשתבענה
נשבע	V;FUT;NOM(3,PL,FEM)	תנשתבענה
נשבע	V;FUT;NOM(3,PL,MASC)	ינשבעו
נשבע	V;FUT;NOM(3,SG,FEM)	תנשתבע
נשבע	V;IMP;NOM(2,PL,FEM)	נשבענה
נשבע	V;IMP;NOM(2,PL,MASC)	נשבעו
נשבע	V;IMP;NOM(2,SG,FEM)	נשבעי
נשבע	V;IMP;NOM(2,SG,MASC)	נשבע
נשבע	V;NFIN	לנשבוע
נשבע	V;PRS;NOM(PL,FEM)	נשובעות
נשבע	V;PRS;NOM(PL,MASC)	נשובעים
נשבע	V;PRS;NOM(SG,FEM)	נשבעת
נשבע	V;PRS;NOM(SG,MASC)	נשובע
נשבע	V;PST;NOM(1,PL)	נשבענו
נשבע	V;PST;NOM(2,PL,MASC)	נשבעתם
נשבע	V;PST;NOM(2,SG,FEM)	נשבעת
נשבע	V;PST;NOM(3,PL)	נשבעו
נשבע	V;PST;NOM(3,SG,MASC)	נשבע
נשיפה	N;PL;DEF	הנשיפות
נשיפה	N;PL;NDEF	נשיפות
נשיפה	N;PL;PSSD;PSS(1,PL)	נשיפותינו
נשיפה	N;PL;PSSD;PSS(1,SG)	נשיפותיי
נשיפה	N;PL;PSSD;PSS(2,PL,MASC)	נשיפותיכם
נשיפה	N;PL;PSSD;PSS(2,SG,FEM)	נשיפותייך
נשיפה	N;PL;PSSD;PSS(2,SG,MASC)	נשיפותיך
נשיפה	N;PL;PSSD;PSS(3,SG,FEM)	נשיפותיה
נשיפה	N;PL;PSSD;PSS(3,SG,MASC)	נשיפותיו
נשיפה	N;SG;DEF	הנשיפה
נשיפה	N;SG;NDEF	נשיפה
נשיפה	N;SG;PSSD	נשיפת
נשיפה	N;SG;PSSD;PSS(1,SG)	נשיפתי
נשיפה	N;SG;PSSD;PSS(2,PL,FEM)	נשיפתכן
נשיפה	N;SG;PSSD;PSS(2,PL,MASC)	נשיפתכם
נשיפה	N;SG;PSSD;PSS(2,SG,FEM)	נשיפתך
נשיפה	N;SG;PSSD;PSS(3,PL,FEM)	נשיפתן
נשיפה	N;SG;PSSD;PSS(3,PL,MASC)	נשיפתם
נשיפה	N;SG;PSSD;PSS(3,SG,FEM)	נשיפתה
נשיפה	N;SG;PSSD;PSS(3,SG,MASC)	נשיפתו
נשמה	N;PL;DEF	הנשמות
נשמה	N;PL;NDEF	נשמות
נשמה	N;PL;PSSD	נשמות
נשמה	N;PL;PSSD;PSS(1,PL)	נשמותינו
נשמה	N;PL;PSSD;PSS(2,PL,FEM)	נשמותיכן
נשמה	N;PL;PSSD;PSS(2,PL,MASC)	נשמותיכם
נשמה	N;PL;PSSD;PSS(2,SG,FEM)	נשמותייך
נשמה	N;PL;PSSD;PSS(3,PL,FEM)	נשמותן
נשמה	N;PL;PSSD;PSS(3,PL,MASC)	נשמותם
נשמה	N;PL;PSSD;PSS(3,SG,FEM)	נשמותיה
נשמה	N;SG;NDEF	נשמה
נשמה	N;SG;PSSD;PSS(1,PL)	נשמתנו
נשמה	N;SG;PSSD;PSS(1,SG)	נשמתי
נשמה	N;SG;PSSD;PSS(2,PL,FEM)	נשמתכן
נשמה	N;SG;PSSD;PSS(2,PL,MASC)	נשמתכם
נשמה	N;SG;PSSD;PSS(2,SG,MASC)	נשמתך
נשמה	N;SG;PSSD;PSS(3,PL,FEM)	נשמתן
נשמה	N;SG;PSSD;PSS(3,PL,MASC)	נשמתם
נשמה	N;SG;PSSD;PSS(3,SG,FEM)	נשמתה
נשמה	N;SG;PSSD;PSS(3,SG,MASC)	נשמתו
סדק	V;FUT;NOM(1,PL)	נסדק
סדק	V;FUT;NOM(1,SG)	אסדק
סדק	V;FUT;NOM(2,PL,FEM)	תסדקנה
סדק	V;FUT;NOM(2,SG,FEM)	תסדקי
סדק	V;FUT;NOM(2,SG,MASC)	תסדק
סדק	V;FUT;NOM(3,PL,MASC)	יסדקו
סדק	V;FUT;NOM(3,SG,FEM)	תסדק
סדק	V;FUT;NOM(3,SG,MASC)	יסדק
סדק	V;IMP;NOM(2,PL,FEM)	סדקנה
סדק	V;IMP;NOM(2,PL,MASC)	סדקו
סדק	V;IMP;NOM(2,SG,FEM)	סדקי
סדק	V;IMP;NOM(2,SG,MASC)	סדק
סדק	V;PRS;NOM(PL,MASC)	סדקים
סדק	V;PRS;NOM(SG,FEM)	סדקת
סדק	V;PRS;NOM(SG,MASC)	סדק
סדק	V;PST;NOM(1,PL)	סדקנו
סדק	V;PST;NOM(2,PL,FEM)	סדקתן
סדק	V;PST;NOM(2,PL,MASC)	סדקתם
סדק	V;PST;NOM(3,PL)	סדקו
סדק	V;PST;NOM(3,SG,FEM)	סדקה
עולם	N;PL;DEF	העולמים
עולם	N;PL;NDEF	עולמים
עולם	N;PL;PSSD	עולמי
עולם	N;PL;PSSD;PSS(1,PL)	עולמינו
עולם	N;PL;PSSD;PSS(1,SG)	עולמיי
עולם	N;PL;PSSD;PSS(2,PL,FEM)	עולמיכן
עולם	N;PL;PSSD;PSS(2,PL,MASC)	עולמיכם
עולם	N;PL;PSSD;PSS(2,SG,FEM)	עולמייך
עולם	N;PL;PSSD;PSS(2,SG,MASC)	עולמיך
עולם	N;PL;PSSD;PSS(3,PL,FEM)	עולמיהן
עולם	N;SG;NDEF	עולם
עולם	N;SG;PSSD;PSS(1,PL)	עולמנו
עולם	N;SG;PSSD;PSS(1,SG)	עולמי
עולם	N;SG;PSSD;PSS(2,PL,FEM)	עולמכן
עולם	N;SG;PSSD;PSS(2,PL,MASC)	עולמכם
עולם	N;SG;PSSD;PSS(2,SG,FEM)	עולמך
עולם	N;SG;PSSD;PSS(2,SG,MASC)	עולמך
עולם	N;SG;PSSD;PSS(3,PL,FEM)	עולמן
עולם	N;SG;PSSD;PSS(3,SG,FEM)	עולמה
עולם	N;SG;PSSD;PSS(3,SG,MASC)	עולמו
עמד	V;FUT;NOM(1,SG)	אעמד
עמד	V;FUT;NOM(2,PL,FEM)	תעמדנה
עמד	V;FUT;NOM(2,PL,MASC)	תעמדו
עמד	V;FUT;NOM(2,SG,FEM)	תעמדי
עמד	V;FUT;NOM(3,PL,FEM)	תעמדנה
עמד	V;FUT;NOM(3,SG,FEM)	תעמד
עמד	V;FUT;NOM(3,SG,MASC)	יעמד
עמד	V;IMP;NOM(2,PL,FEM)	עמדנה
עמד	V;IMP;NOM(2,PL,MASC)	עמדו
עמד	V;IMP;NOM(2,SG,FEM)	עמדי
עמד	V;IMP;NOM(2,SG,MASC)	עמד
עמד	V;PRS;NOM(SG,FEM)	עמדת
עמד	V;PRS;NOM(SG,MASC)	עמד
עמד	V;PST;NOM(1,PL)	עמדנו
עמד	V;PST;NOM(1,SG)	עמדתי
עמד	V;PST;NOM(2,PL,FEM)	עמדתן
עמד	V;PST;NOM(2,PL,MASC)	עמדתם
עמד	V;PST;NOM(2,SG,FEM)	עמדת
עמד	V;PST;NOM(3,PL)	עמדו
עמד	V;PST;NOM(3,SG,MASC)	עמד
ערך	V.MSDR	עריכה
ערך	V;FUT;NOM(1,PL)	נערוך
ערך	V;FUT;NOM(1,SG)	אערוך
ערך	V;FUT;NOM(2,PL,FEM)	תערוכנה
ערך	V;FUT;NOM(2,SG,FEM)	תערכי
ערך	V;FUT;NOM(2,SG,MASC)	תערוך
ערך	V;FUT;NOM(3,SG,FEM)	תערוך
ערך	V;FUT;NOM(3,SG,MASC)	יערוך
ערך	V;IMP;NOM(2,PL,FEM)	ערוכנה
ערך	V;IMP;NOM(2,PL,MASC)	ערכו
ערך	V;IMP;NOM(2,SG,MASC)	ערוך
ערך	V;PRS;NOM(PL,FEM)	ערכות
ערך	V;PRS;NOM(SG,FEM)	ערכת
ערך	V;PRS;NOM(SG,MASC)	עורך
ערך	V;PST;NOM(1,SG)	ערכתי
ערך	V;PST;NOM(2,PL,FEM)	ערכתן
ערך	V;PST;NOM(2,PL,MASC)	ערכתם
ערך	V;PST;NOM(2,SG,MASC)	ערכת
ערך	V;PST;NOM(3,PL)	ערכו
ערך	V;PST;NOM(3,SG,MASC)	ערך
פקק	N;PL;DEF	הפקקים
פקק	N;PL;NDEF	פקקים
פקק	N;PL;PSSD	פקקי
פקק	N;PL;PSSD;PSS(1,SG)	פקקיי
פקק	N;PL;PSSD;PSS(2,PL,FEM)	פקקיכן
פקק	N;PL;PSSD;PSS(2,PL,MASC)	פקקיכם
פקק	N;PL;PSSD;PSS(2,SG,MASC)	פקקיך
פקק	N;PL;PSSD;PSS(3,PL,FEM)	פקקיהן
פקק	N;PL;PSSD;PSS(3,PL,MASC)	פקקיהם
פקק	N;PL;PSSD;PSS(3,SG,FEM)	פקקיה
פקק	N;PL;PSSD;PSS(3,SG,MASC)	פקקיו
פקק	N;SG;DEF	הפקק
פקק	N;SG;NDEF	פקק
פקק	N;SG;PSSD	פקק
פקק	N;SG;PSSD;PSS(1,PL)	פקקנו
פקק	N;SG;PSSD;PSS(1,SG)	פקקי
פקק	N;SG;PSSD;PSS(2,PL,FEM)	פקקכן
פקק	N;SG;PSSD;PSS(2,PL,MASC)	פקקכם
פקק	N;SG;PSSD;PSS(3,SG,FEM)	פקקה
פקק	N;SG;PSSD;PSS(3,SG,MASC)	פקקו
פרובינציה	N;PL;DEF	הפרובינציות
פרובינציה	N;PL;NDEF	פרובינציות
פרובינציה	N;PL;PSSD	פרובינציות
פרובינציה	N;PL;PSSD;PSS(1,SG)	פרובינציותיי
פרובינציה	N;PL;PSSD;PSS(2,PL,MASC)	פרובינציותיכם
פרובינציה	N;PL;PSSD;PSS(2,SG,FEM)	פרובינציותייך
פרובינציה	N;PL;PSSD;PSS(3,PL,FEM)	פרובינציותן
פרובינציה	N;PL;PSSD;PSS(3,PL,MASC)	פרובינציותם
פרובינציה	N;PL;PSSD;PSS(3,SG,FEM)	פרובינציותיה
פרובינציה	N;PL;PSSD;PSS(3,SG,MASC)	פרובינציותיו
פרובינציה	N;SG;DEF	הפרובינציה
פרובינציה	N;SG;PSSD	פרובינצית
פרובינציה	N;SG;PSSD;PSS(1,PL)	פרובינציתנו
פרובינציה	N;SG;PSSD;PSS(1,SG)	פרובינציתי
פרובינציה	N;SG;PSSD;PSS(2,PL,MASC)	פרובינציתכם
פרובינציה	N;SG;PSSD;PSS(2,SG,FEM)	פרובינציתך
פרובינציה	N;SG;PSSD;PSS(2,SG,MASC)	פרובינציתך
פרובינציה	N;SG;PSSD;PSS(3,PL,FEM)	פרובינציתן
פרובינציה	N;SG;PSSD;PSS(3,SG,FEM)	פרובינציתה
פרובינציה	N;SG;PSSD;PSS(3,SG,MASC)	פרובינציתו
קרב	V.MSDR	קרבות
קרב	V;FUT;NOM(1,PL)	נקרב
קרב	V;FUT;NOM(1,SG)	אקרב
קרב	V;FUT;NOM(2,PL,FEM)	תקרבנה
קרב	V;FUT;NOM(2,SG,FEM)	תקרבי
קרב	V;FUT;NOM(2,SG,MASC)	תקרב
קרב	V;FUT;NOM(3,PL,FEM)	תקרבנה
קרב	V;FUT;NOM(3,PL,MASC)	יקרבו
קרב	V;FUT;NOM(3,SG,FEM)	תקרב
קרב	V;FUT;NOM(3,SG,MASC)	יקרב
קרב	V;IMP;NOM(2,PL,FEM)	קרבנה
קרב	V;IMP;NOM(2,PL,MASC)	קרבו
קרב	V;NFIN	לקרוב
קרב	V;PRS;NOM(PL,FEM)	קרבות
קרב	V;PRS;NOM(SG,FEM)	קרבת
קרב	V;PRS;NOM(SG,MASC)	קרב
קרב	V;PST;NOM(1,PL)	קרבנו
קרב	V;PST;NOM(1,SG)	קרבתי
קרב	V;PST;NOM(3,PL)	קרבו
קרב	V;PST;NOM(3,SG,MASC)	קרב
ראש	N;PL;DEF	הראשים
ראש	N;PL;NDEF	ראשים
ראש	N;PL;PSSD	ראשי
ראש	N;PL;PSSD;PSS(1,PL)	ראשינו
ראש	N;PL;PSSD;PSS(2,PL,FEM)	ראשיכן
ראש	N;PL;PSSD;PSS(2,PL,MASC)	ראשיכם
ראש	N;PL;PSSD;PSS(2,SG,FEM)	ראשייך
ראש	N;PL;PSSD;PSS(2,SG,MASC)	ראשיך
ראש	N;PL;PSSD;PSS(3,SG,FEM)	ראשיה
ראש	N;PL;PSSD;PSS(3,SG,MASC)	ראשיו
ראש	N;SG;DEF	הראש
ראש	N;SG;NDEF	ראש
ראש	N;SG;PSSD	ראש
ראש	N;SG;PSSD;PSS(1,SG)	ראשי
ראש	N;SG;PSSD;PSS(2,PL,FEM)	ראשכן
ראש	N;SG;PSSD;PSS(2,PL,MASC)	ראשכם
ראש	N;SG;PSSD;PSS(2,SG,FEM)	ראשך
ראש	N;SG;PSSD;PSS(2,SG,MASC)	ראשך
ראש	N;SG;PSSD;PSS(3,PL,FEM)	ראשן
ראש	N;SG;PSSD;PSS(3,SG,FEM)	ראשה
רצון	N;PL;DEF	הרצונים
רצון	N;PL;NDEF	רצונים
רצון	N;PL;PSSD	רצוני
רצון	N;PL;PSSD;PSS(1,PL)	רצונינו
רצון	N;PL;PSSD;PSS(1,SG)	רצוניי
רצון	N;PL;PSSD;PSS(2,PL,FEM)	רצוניכן
רצון	N;PL;PSSD;PSS(2,SG,FEM)	רצונייך
רצון	N;PL;PSSD;PSS(2,SG,MASC)	רצוניך
רצון	N;PL;PSSD;PSS(3,PL,FEM)	רצוניהן
רצון	N;PL;PSSD;PSS(3,PL,MASC)	רצוניהם
רצון	N;PL;PSSD;PSS(3,SG,FEM)	רצוניה
רצון	N;PL;PSSD;PSS(3,SG,MASC)	רצוניו
רצון	N;SG;PSSD	רצון
רצון	N;SG;PSSD;PSS(1,SG)	רצוני
רצון	N;SG;PSSD;PSS(2,PL,MASC)	רצונכם
רצון	N;SG;PSSD;PSS(2,SG,FEM)	רצונך
רצון	N;SG;PSSD;PSS(2,SG,MASC)	רצונך
רצון	N;SG;PSSD;PSS(3,PL,MASC)	רצונם
רצון	N;SG;PSSD;PSS(3,SG,FEM)	רצונה
רצון	N;SG;PSSD;PSS(3,SG,MASC)	רצונו
שרשרת	N;PL;DEF	השרשרת
שרשרת	N;PL;PSSD	שרשרת
שרשרת	N;PL;PSSD;PSS(1,SG)	שרשרתיי
שרשרת	N;PL;PSSD;PSS(2,PL,FEM)	שרשרתיכן
שרשרת	N;PL;PSSD;PSS(2,PL,MASC)	שרשרתיכם
שרשרת	N;PL;PSSD;PSS(3,PL,MASC)	שרשרתם
שרשרת	N;PL;PSSD;PSS(3,SG,FEM)	שרשרתיה
שרשרת	N;SG;DEF	השרשרת
שרשרת	N;SG;NDEF	שרשרת
שרשרת	N;SG;PSSD	שרשרת
שרשרת	N;SG;PSSD;PSS(1,PL)	שרשרתנו
שרשרת	N;SG;PSSD;PSS(1,SG)	שרשרתי
שרשרת	N;SG;PSSD;PSS(2,PL,FEM)	שרשרתכן
שרשרת	N;SG;PSSD;PSS(2,PL,MASC)	שרשרתכם
שרשרת	N;SG;PSSD;PSS(2,SG,FEM)	שרשרתך
שרשרת	N;SG;PSSD;PSS(2,SG,MASC)	שרשרתך
שרשרת	N;SG;PSSD;PSS(3,PL,FEM)	שרשרתן
שרשרת	N;SG;PSSD;PSS(3,PL,MASC)	שרשרתם
שרשרת	N;SG;PSSD;PSS(3,SG,FEM)	שרשרתה
שרשרת	N;SG;PSSD;PSS(3,SG,MASC)	שרשרתו
שתל	V.MSDR	שתול
שתל	V;FUT;NOM(1,PL)	נשתל
שתל	V;FUT;NOM(1,SG)	אשתל
שתל	V;FUT;NOM(2,PL,FEM)	תשתלנה
שתל	V;FUT;NOM(2,PL,MASC)	תשתלו
שתל	V;FUT;NOM(2,SG,MASC)	תשתל
שתל	V;FUT;NOM(3,PL,FEM)	תשתלנה
שתל	V;FUT;NOM(3,SG,MASC)	ישתל
שתל	V;IMP;NOM(2,PL,FEM)	שתלנה
שתל	V;IMP;NOM(2,SG,MASC)	שתל
שתל	V;NFIN	לשתל
שתל	V;PRS;NOM(PL,FEM)	שתלות
שתל	V;PRS;NOM(PL,MASC)	שתלים
שתל	V;PRS;NOM(SG,MASC)	שתל
שתל	V;PST;NOM(1,PL)	שתלנו
שתל	V;PST;NOM(2,PL,FEM)	שתלתן
שתל	V;PST;NOM(2,PL,MASC)	שתלתם
שתל	V;PST;NOM(2,SG,FEM)	שתלת
שתל	V;PST;NOM(3,PL)	שתלו
שתל	V;PST;NOM(3,SG,FEM)	שתלה
תפילה	N;PL;DEF	התפילות
תפילה	N;PL;NDEF	תפילות
תפילה	N;PL;PSSD	תפילות
תפילה	N;PL;PSSD;PSS(1,PL)	תפילותינו
תפילה	N;PL;PSSD;PSS(2,PL,FEM)	תפילותיכן
תפילה	N;PL;PSSD;PSS(2,PL,MASC)	תפילותיכם
תפילה	N;PL;PSSD;PSS(2,SG,FEM)	תפילותייך
תפילה	N;PL;PSSD;PSS(2,SG,MASC)	תפילותיך
תפילה	N;PL;PSSD;PSS(3,PL,FEM)	תפילותן
תפילה	N;PL;PSSD;PSS(3,PL,MASC)	תפילותם
תפילה	N;PL;PSSD;PSS(3,SG,FEM)	תפילותיה
תפילה	N;SG;DEF	התפילה
תפילה	N;SG;NDEF	תפילה
תפילה	N;SG;PSSD	תפילת
תפילה	N;SG;PSSD;PSS(2,SG,FEM)	תפילתך
תפילה	N;SG;PSSD;PSS(2,SG,MASC)	תפילתך
תפילה	N;SG;PSSD;PSS(3,PL,FEM)	תפילתן
תפילה	N;SG;PSSD;PSS(3,PL,MASC)	תפילתם
תפילה	N;SG;PSSD;PSS(3,SG,FEM)	תפילתה
תפילה	N;SG;PSSD;PSS(3,SG,MASC)	תפילתו
תשובה	N;PL;DEF	התשובות
תשובה	N;PL;NDEF	תשובות
תשובה	N;PL;PSSD	תשובות
תשובה	N;PL;PSSD;PSS(1,PL)	תשובותינו
תשובה	N;PL;PSSD;PSS(1,SG)	תשובותיי
תשובה	N;PL;PSSD;PSS(2,PL,FEM)	תשובותיכן
תשובה	N;PL;PSSD;PSS(2,PL,MASC)	תשובותיכם
תשובה	N;PL;PSSD;PSS(2,SG,MASC)	תשובותיך
תשובה	N;PL;PSSD;PSS(3,PL,FEM)	תשובותן
תשובה	N;PL;PSSD;PSS(3,PL,MASC)	תשובותם
תשובה	N;PL;PSSD;PSS(3,SG,MASC)	תשובותיו
תשובה	N;SG;DEF	התשובה
תשובה	N;SG;NDEF	תשובה
תשובה	N;SG;PSSD	תשובת
תשובה	N;SG;PSSD;PSS(1,SG)	תשובתי
תשובה	N;SG;PSSD;PSS(2,PL,FEM)	תשובתכן
תשובה	N;SG;PSSD;PSS(2,SG,FEM)	תשובתך
תשובה	N;SG;PSSD;PSS(2,SG,MASC)	תשובתך
תשובה	N;SG;PSSD;PSS(3,PL,MASC)	תשובתם
תשובה	N;SG;PSSD;PSS(3,SG,MASC)	תשובתו
