blaŋt	V;IMP;NEG;TR;ABS(2,SG);ERG(3,SG)	mublande
blaŋt	V;PRS;NEG;REFL;ABS(1,SG)	mublaŋnsiŋʌ
blaŋt	V;PRS;NEG;REFL;ABS(2,SG)	mʌblaŋt
blaŋt	V;PRS;NEG;TR;ABS(1,EXCL,DU);ERG(3,SG)	mublaŋu
blaŋt	V;PRS;NEG;TR;ABS(1,INCL,DU);ERG(3,DU)	mublʌŋi
blaŋt	V;PRS;NEG;TR;ABS(3,DU);ERG(1,INCL,DU)	mʌblaŋi
blaŋt	V;PRS;NEG;TR;ABS(3,PL);ERG(1,EXCL,DU)	mʌblʌŋu
blaŋt	V;PRS;NEG;TR;ABS(3,PL);ERG(3,DU)	mublânnu
blaŋt	V;PRS;NEG;TR;ABS(3,SG);ERG(1,SG)	mʌblaŋŋʌ
blaŋt	V;PRS;POS;TR;ABS(1,EXCL,DU);ERG(3,DU)	blaŋu
blaŋt	V;PRS;POS;TR;ABS(1,SG);ERG(2,SG,FORM)	blaːnɛ
blaŋt	V;PRS;POS;TR;ABS(3,DU);ERG(1,SG)	ʔiblaŋŋʌsu
blaŋt	V;PRS;POS;TR;ABS(3,PL);ERG(3,SG)	blaŋnu
blaŋt	V;PRS;POS;TR;ABS(3,SG);ERG(3,SG)	blaɔndʉ
blaŋt	V;PST;NEG;TR;ABS(1,EXCL,PL);ERG(2,DU)	mʌblaŋiwi
blaŋt	V;PST;NEG;TR;ABS(2,DU);ERG(3,SG)	mʌblaŋiwi
blaŋt	V;PST;POS;TR;ABS(1,EXCL,DU);ERG(2,SG,FORM)	ʔiblaŋtɛ
blaŋt	V;PST;POS;TR;ABS(2,PL);ERG(1,EXCL,DU)	ʔiblaŋutu
blaŋt	V;PST;POS;TR;ABS(3,DU);ERG(3,DU)	blântɛsu
blaŋt	V;PST;POS;TR;ABS(3,SG);ERG(2,DU)	ʔiblaŋiti
bɛnt	V;IMP;NEG;TR;ABS(2,DU);ERG(3,PL)	mubɛːsnuje
bɛnt	V;IMP;NEG;TR;ABS(2,PL);ERG(1,EXCL,DU)	mubɛje
bɛnt	V;IMP;POS;TR;ABS(2,DU);ERG(3,DU)	bɛːʦije
bɛnt	V;IMP;POS;TR;ABS(2,PL);ERG(1,EXCL,PL)	bɛjkʌje
bɛnt	V;PRS;NEG;TR;ABS(1,EXCL,DU);ERG(3,DU)	mubɛːʦu
bɛnt	V;PRS;NEG;TR;ABS(1,EXCL,PL);ERG(2,DU)	mʌbɛːʦi
bɛnt	V;PRS;NEG;TR;ABS(1,INCL,PL);ERG(3,PL)	mubɛjki
bɛnt	V;PRS;NEG;TR;ABS(2,SG);ERG(1,EXCL,PL)	mʌbɛɔjkʌ
bɛnt	V;PRS;NEG;TR;ABS(2,SG);ERG(3,SG)	mʌbɛndʉ
bɛnt	V;PRS;NEG;TR;ABS(3,SG);ERG(1,INCL,DU)	mʌbɛʦi
bɛnt	V;PRS;POS;TR;ABS(3,SG);ERG(1,SG)	ʔibɛjŋʌ
bɛnt	V;PRS;POS;TR;ABS(3,SG);ERG(2,SG,FORM)	ʔibɛj
bɛnt	V;PST;NEG;TR;ABS(3,DU);ERG(2,DU)	mʌbɛːswi
bɛnt	V;PST;NEG;TR;ABS(3,SG);ERG(1,INCL,DU)	mʌbɛniwi
bɛnt	V;PST;NEG;TR;ABS(3,SG);ERG(2,SG,FORM)	mʌbɛ̂ːswɛ
bɛnt	V;PST;POS;TR;ABS(1,EXCL,DU);ERG(2,PL)	ʔibɛ̂ːstɛnu
bɛnt	V;PST;POS;TR;ABS(1,INCL,DU);ERG(3,SG)	bɛːsti
bɛnt	V;PST;POS;TR;ABS(1,INCL,PL);ERG(3,DU)	bɛjtiki
bɛnt	V;PST;POS;TR;ABS(2,PL);ERG(1,EXCL,PL)	ʔibɛjtʌkʌ
bɛnt	V;PST;POS;TR;ABS(3,SG);ERG(1,INCL,PL)	ʔibɛjtiki
bʰlept	V;IMP;NEG;TR;ABS(2,SG);ERG(1,EXCL,PL)	mubʰlepkʌje
bʰlept	V;IMP;NEG;TR;ABS(2,SG);ERG(3,DU)	mubʰlepije
bʰlept	V;PRS;NEG;TR;ABS(2,PL);ERG(3,PL)	mʌbʰlepːni
bʰlept	V;PRS;NEG;TR;ABS(3,DU);ERG(1,EXCL,PL)	mʌbʰlepkʌ
bʰlept	V;PRS;NEG;TR;ABS(3,PL);ERG(3,PL)	mubʰlepnu
bʰlept	V;PRS;NEG;TR;ABS(3,SG);ERG(2,DU)	mʌbʰlepi
bʰlept	V;PRS;POS;TR;ABS(1,EXCL,DU);ERG(2,SG,FORM)	ʔibʰlep
bʰlept	V;PRS;POS;TR;ABS(1,EXCL,DU);ERG(3,DU)	bʰlepu
bʰlept	V;PRS;POS;TR;ABS(2,DU);ERG(3,PL)	ʔibʰlepi
bʰlept	V;PRS;POS;TR;ABS(3,DU);ERG(1,EXCL,DU)	ʔibʰlepu
bʰlept	V;PRS;POS;TR;ABS(3,PL);ERG(1,INCL,DU)	ʔibʰlepi
bʰlept	V;PST;NEG;TR;ABS(1,EXCL,DU);ERG(3,SG)	mubʰlepiwi
bʰlept	V;PST;NEG;TR;ABS(2,PL);ERG(3,PL)	mʌbʰlepwɛnu
bʰlept	V;PST;NEG;TR;ABS(3,DU);ERG(1,EXCL,PL)	mʌbʰlepwʌkʌ
bʰlept	V;PST;NEG;TR;ABS(3,PL);ERG(1,INCL,PL)	mʌbʰlepwiki
bʰlept	V;PST;POS;TR;ABS(1,EXCL,PL);ERG(2,DU)	ʔibʰlepiti
bʰlept	V;PST;POS;TR;ABS(1,EXCL,PL);ERG(3,PL)	bʰleptʌkʌ
bʰlept	V;PST;POS;TR;ABS(1,SG);ERG(3,SG)	bʰleptʌ
bʰlept	V;PST;POS;TR;ABS(2,PL);ERG(3,SG)	ʔibʰleptɛnu
bʰlept	V;PST;POS;TR;ABS(2,SG);ERG(3,PL)	ʔibʰleptɛnu
deŋt	V;IMP;POS;TR;ABS(2,DU);ERG(1,EXCL,DU)	deŋuje
deŋt	V;PRS;NEG;TR;ABS(1,EXCL,DU);ERG(2,SG,FORM)	mʌdeŋ
deŋt	V;PRS;NEG;TR;ABS(2,PL);ERG(1,EXCL,DU)	mʌdeŋu
deŋt	V;PRS;NEG;TR;ABS(3,SG);ERG(1,SG)	mʌdeŋŋʌ
deŋt	V;PRS;POS;TR;ABS(1,EXCL,DU);ERG(3,SG)	deŋu
deŋt	V;PRS;POS;TR;ABS(1,EXCL,PL);ERG(2,PL)	ʔideːni
deŋt	V;PRS;POS;TR;ABS(1,EXCL,PL);ERG(3,SG)	deŋkʌ
deŋt	V;PRS;POS;TR;ABS(1,SG);ERG(2,SG,FORM)	deːnɛ
deŋt	V;PRS;POS;TR;ABS(2,SG);ERG(1,SG)	ʔideŋŋʌ
deŋt	V;PRS;POS;TR;ABS(3,PL);ERG(2,DU)	ʔideŋi
deŋt	V;PRS;POS;TR;ABS(3,SG);ERG(1,INCL,DU)	ʔideŋi
deŋt	V;PRS;POS;TR;ABS(3,SG);ERG(3,PL)	deɔ̂nnu
deŋt	V;PST;NEG;TR;ABS(3,DU);ERG(1,EXCL,PL)	mʌdeŋwʌkʌ
deŋt	V;PST;NEG;TR;ABS(3,PL);ERG(1,INCL,DU)	mʌdeŋiwi
deŋt	V;PST;NEG;TR;ABS(3,SG);ERG(3,DU)	mudênwɛsu
deŋt	V;PST;POS;TR;ABS(1,EXCL,DU);ERG(3,PL)	deŋti
deŋt	V;PST;POS;TR;ABS(3,DU);ERG(2,PL)	ʔideŋtɛnu
deŋt	V;PST;POS;TR;ABS(3,PL);ERG(1,EXCL,DU)	ʔideŋtu
deŋt	V;PST;POS;TR;ABS(3,PL);ERG(3,PL)	dêntɛnu
deŋt	V;PST;POS;TR;ABS(3,SG);ERG(1,EXCL,PL)	ʔideŋtʌkʌ
duŋt	V;IMP;POS;TR;ABS(2,DU);ERG(1,SG)	duŋʌsuje
duŋt	V;PRS;NEG;TR;ABS(3,DU);ERG(1,EXCL,PL)	mʌduŋkʌ
duŋt	V;PRS;NEG;TR;ABS(3,PL);ERG(2,PL)	mʌduŋːni
duŋt	V;PRS;NEG;TR;ABS(3,PL);ERG(3,DU)	mudûnnu
duŋt	V;PRS;NEG;TR;ABS(3,SG);ERG(2,SG,FORM)	mʌduŋ
duŋt	V;PRS;POS;TR;ABS(1,EXCL,DU);ERG(3,PL)	duŋu
duŋt	V;PRS;POS;TR;ABS(1,EXCL,PL);ERG(2,DU)	ʔiduŋi
duŋt	V;PRS;POS;TR;ABS(1,INCL,DU);ERG(3,DU)	duŋi
duŋt	V;PRS;POS;TR;ABS(2,DU);ERG(1,SG)	ʔiduŋŋʌsu
duŋt	V;PRS;POS;TR;ABS(3,DU);ERG(1,SG)	ʔiduŋŋʌsu
duŋt	V;PST;NEG;TR;ABS(1,EXCL,DU);ERG(3,PL)	muduŋiwi
duŋt	V;PST;NEG;TR;ABS(1,SG);ERG(2,DU)	muduŋsu
duŋt	V;PST;NEG;TR;ABS(1,SG);ERG(3,PL)	muduŋwʌnu
duŋt	V;PST;NEG;TR;ABS(2,PL);ERG(3,SG)	mʌdûŋwɛnu
duŋt	V;PST;NEG;TR;ABS(2,SG);ERG(3,SG)	mʌduŋwɛ
duŋt	V;PST;NEG;TR;ABS(3,DU);ERG(3,PL)	mudurʌ̂nwɛnu
duŋt	V;PST;NEG;TR;ABS(3,DU);ERG(3,SG)	mudûnwɛsu
duŋt	V;PST;POS;TR;ABS(1,SG);ERG(2,DU)	dûntɛnsu
duŋt	V;PST;POS;TR;ABS(2,PL);ERG(3,SG)	ʔidûŋtɛnu
duŋt	V;PST;POS;TR;ABS(3,SG);ERG(1,SG)	ʔidʉŋʌtʌ
gup	V;IMP;NEG;REFL;ABS(2,DU)	mugupsîjje
gup	V;IMP;NEG;TR;ABS(2,DU);ERG(1,EXCL,DU)	mugup
gup	V;IMP;POS;TR;ABS(2,DU);ERG(3,SG)	gʉpije
gup	V;PRS;NEG;REFL;ABS(2,PL)	mʌguɔ̂msini
gup	V;PRS;NEG;REFL;ABS(3,DU)	mugupsiji
gup	V;PRS;NEG;TR;ABS(1,EXCL,DU);ERG(2,SG,FORM)	mʌgup
gup	V;PRS;NEG;TR;ABS(3,PL);ERG(2,DU)	mʌgupi
gup	V;PRS;NEG;TR;ABS(3,PL);ERG(3,PL)	mugupu
gup	V;PRS;POS;TR;ABS(2,PL);ERG(1,EXCL,PL)	ʔigupkʌ
gup	V;PRS;POS;TR;ABS(3,DU);ERG(1,EXCL,DU)	ʔigup
gup	V;PST;NEG;REFL;ABS(2,SG)	mʌguɔ̂mwɛsi
gup	V;PST;NEG;TR;ABS(1,EXCL,PL);ERG(3,DU)	mugupwʌkʌ
gup	V;PST;NEG;TR;ABS(2,PL);ERG(1,EXCL,PL)	mʌgupkʌ
gup	V;PST;NEG;TR;ABS(2,SG);ERG(1,EXCL,PL)	mʌgup
gup	V;PST;NEG;TR;ABS(3,DU);ERG(1,INCL,PL)	mʌgup
gup	V;PST;POS;REFL;ABS(1,SG)	gupʌ
gup	V;PST;POS;TR;ABS(1,SG);ERG(3,DU)	gubutʌsu
gup	V;PST;POS;TR;ABS(3,DU);ERG(3,DU)	gûːptɛsu
gup	V;PST;POS;TR;ABS(3,SG);ERG(2,DU)	ʔigupiti
gup	V;PST;POS;TR;ABS(3,SG);ERG(3,SG)	gûːptɛ
gʰlaŋ	V;IMP;NEG;INTR;ABS(2,PL)	mugʰlaŋnuje
gʰlaŋ	V;IMP;POS;INTR;ABS(2,DU)	gʰlʌŋije
gʰlaŋ	V;IMP;POS;INTR;ABS(2,SG)	gʰlʌŋe
gʰlaŋ	V;NFIN;POS;INTR	gʰlaːnɛ
gʰlaŋ	V;PRS;NEG;INTR;ABS(3,DU)	mugʰlʌŋi
gʰlaŋ	V;PRS;NEG;INTR;ABS(3,PL)	mugʰlaːnu
gʰlaŋ	V;PRS;NEG;INTR;ABS(3,SG)	mugʰlaŋ
gʰlaŋ	V;PRS;POS;INTR;ABS(1,EXCL,PL)	gʰlaŋkʌ
gʰlaŋ	V;PRS;POS;INTR;ABS(1,SG)	gʰlaŋŋʌ
gʰlaŋ	V;PRS;POS;INTR;ABS(2,DU)	ʔigʰlʌŋi
gʰlaŋ	V;PRS;POS;INTR;ABS(2,SG)	ʔigʰlaŋ
gʰlaŋ	V;PRS;POS;INTR;ABS(3,PL)	gʰlaːnu
gʰlaŋ	V;PST;NEG;INTR;ABS(1,EXCL,PL)	mugʰlaŋwʌkʌ
gʰlaŋ	V;PST;NEG;INTR;ABS(1,INCL,PL)	mugʰlaŋwiki
gʰlaŋ	V;PST;NEG;INTR;ABS(1,SG)	mugʰlaŋʌwʌ
gʰlaŋ	V;PST;NEG;INTR;ABS(2,PL)	mʌgʰlâŋwɛnu
gʰlaŋ	V;PST;POS;INTR;ABS(1,EXCL,DU)	gʰlʌŋutu
gʰlaŋ	V;PST;POS;INTR;ABS(1,INCL,PL)	gʰlaŋtiki
gʰlaŋ	V;PST;POS;INTR;ABS(2,DU)	ʔigʰlʌŋiti
gʰlaŋ	V;PST;POS;INTR;ABS(3,DU)	gʰlʌŋiti
gʰum	V;IMP;POS;TR;ABS(2,DU);ERG(1,EXCL,DU)	gʰʉmuje
gʰum	V;PRS;NEG;TR;ABS(1,EXCL,DU);ERG(3,DU)	mugʰʉmu
gʰum	V;PRS;NEG;TR;ABS(1,INCL,PL);ERG(3,PL)	mugʰuɔmki
gʰum	V;PRS;NEG;TR;ABS(2,DU);ERG(1,SG)	mʌgʰuɔmŋʌsu
gʰum	V;PRS;NEG;TR;ABS(2,SG);ERG(1,EXCL,PL)	mʌgʰumkʌ
gʰum	V;PRS;NEG;TR;ABS(3,DU);ERG(3,PL)	mugʰumnu
gʰum	V;PRS;NEG;TR;ABS(3,PL);ERG(2,DU)	mʌgʰʉmi
gʰum	V;PRS;POS;TR;ABS(1,EXCL,PL);ERG(2,SG,FORM)	ʔigʰum
gʰum	V;PRS;POS;TR;ABS(1,EXCL,PL);ERG(3,SG)	gʰʌmkʌ
gʰum	V;PRS;POS;TR;ABS(2,DU);ERG(3,DU)	ʔigʰumi
gʰum	V;PRS;POS;TR;ABS(3,PL);ERG(1,INCL,PL)	ʔigʰʌmki
gʰum	V;PRS;POS;TR;ABS(3,SG);ERG(1,INCL,PL)	ʔigʰʌmki
gʰum	V;PRS;POS;TR;ABS(3,SG);ERG(2,PL)	ʔigʰumni
gʰum	V;PST;NEG;TR;ABS(1,INCL,DU);ERG(3,SG)	mugʰuɦʉmiwi
gʰum	V;PST;NEG;TR;ABS(2,PL);ERG(1,EXCL,DU)	mʌgʰumuwu
gʰum	V;PST;NEG;TR;ABS(3,SG);ERG(2,PL)	mʌgʰʉ̂mwɛnu
gʰum	V;PST;POS;TR;ABS(1,SG);ERG(2,DU)	gʰûmtɛnsu
gʰum	V;PST;POS;TR;ABS(3,PL);ERG(1,EXCL,PL)	ʔigʰʌmtʌkʌ
gʰum	V;PST;POS;TR;ABS(3,SG);ERG(1,INCL,PL)	ʔigʰumtiki
gʰum	V;PST;POS;TR;ABS(3,SG);ERG(2,SG,FORM)	ʔigʰûmtɛ
jokt	V;IMP;NEG;TR;ABS(2,PL);ERG(3,PL)	mujoknuje
jokt	V;IMP;NEG;TR;ABS(2,SG);ERG(1,EXCL,DU)	mujokuje
jokt	V;IMP;POS;TR;ABS(2,SG);ERG(1,EXCL,PL)	jokkʌje
jokt	V;NFIN;POS;TR	jôːnɛ
jokt	V;PRS;NEG;TR;ABS(1,EXCL,DU);ERG(2,DU)	mʌjoki
jokt	V;PRS;NEG;TR;ABS(1,INCL,DU);ERG(3,PL)	mujoki
jokt	V;PRS;NEG;TR;ABS(1,INCL,DU);ERG(3,SG)	mujɵki
jokt	V;PRS;NEG;TR;ABS(1,SG);ERG(3,DU)	mujumoktusu
jokt	V;PRS;NEG;TR;ABS(2,SG);ERG(3,DU)	mʌjoksu
jokt	V;PRS;NEG;TR;ABS(3,DU);ERG(3,PL)	mujoknu
jokt	V;PRS;NEG;TR;ABS(3,PL);ERG(2,SG,FORM)	mʌjôː
jokt	V;PRS;POS;TR;ABS(2,PL);ERG(1,EXCL,PL)	ʔijokkʌ
jokt	V;PRS;POS;TR;ABS(2,SG);ERG(3,DU)	ʔijoksu
jokt	V;PRS;POS;TR;ABS(3,DU);ERG(2,SG,FORM)	ʔijiʔôː
jokt	V;PRS;POS;TR;ABS(3,PL);ERG(1,EXCL,DU)	ʔijɵku
jokt	V;PRS;POS;TR;ABS(3,SG);ERG(1,INCL,DU)	ʔijɵki
jokt	V;PST;NEG;TR;ABS(1,EXCL,PL);ERG(2,DU)	mʌjokiwi
jokt	V;PST;NEG;TR;ABS(3,SG);ERG(1,EXCL,PL)	mʌjokwʌkʌ
jokt	V;PST;POS;TR;ABS(1,EXCL,PL);ERG(3,SG)	joktʌkʌ
jokt	V;PST;POS;TR;ABS(2,PL);ERG(3,SG)	ʔijoktɛnu
kik	V;PRS;NEG;REFL;ABS(3,PL)	mukînsinu
kik	V;PRS;NEG;TR;ABS(1,EXCL,PL);ERG(3,DU)	mukikkʌ
kik	V;PRS;NEG;TR;ABS(2,PL);ERG(1,EXCL,DU)	mʌkik
kik	V;PRS;NEG;TR;ABS(2,SG);ERG(3,SG)	mʌkiːgʉ
kik	V;PRS;NEG;TR;ABS(3,SG);ERG(2,PL)	mʌkîːni
kik	V;PRS;NEG;TR;ABS(3,SG);ERG(3,PL)	mukîːknu
kik	V;PRS;POS;TR;ABS(1,EXCL,DU);ERG(3,DU)	kik
kik	V;PRS;POS;TR;ABS(1,EXCL,PL);ERG(2,PL)	ʔikîːni
kik	V;PRS;POS;TR;ABS(3,PL);ERG(2,DU)	ʔikiki
kik	V;PST;NEG;REFL;ABS(2,PL)	mʌkînwɛnnu
kik	V;PST;NEG;TR;ABS(1,SG);ERG(2,DU)	mukîːwɛnsu
kik	V;PST;NEG;TR;ABS(1,SG);ERG(3,DU)	mukiguwʌsu
kik	V;PST;NEG;TR;ABS(2,SG);ERG(1,EXCL,PL)	mʌkikwʌkʌ
kik	V;PST;POS;TR;ABS(1,EXCL,DU);ERG(2,PL)	ʔikiktɛnu
kik	V;PST;POS;TR;ABS(1,EXCL,PL);ERG(2,PL)	ʔikiktɛnu
kik	V;PST;POS;TR;ABS(1,INCL,DU);ERG(3,DU)	kikiti
kik	V;PST;POS;TR;ABS(1,SG);ERG(3,DU)	kigutʌsu
kik	V;PST;POS;TR;ABS(2,SG);ERG(1,EXCL,DU)	ʔikikutu
kik	V;PST;POS;TR;ABS(3,DU);ERG(3,SG)	kiksu
kik	V;PST;POS;TR;ABS(3,SG);ERG(3,PL)	kîːktɛnu
kopt	V;IMP;NEG;TR;ABS(2,SG);ERG(1,EXCL,DU)	mukopuje
kopt	V;IMP;NEG;TR;ABS(2,SG);ERG(1,EXCL,PL)	mukopkʌje
kopt	V;IMP;POS;TR;ABS(2,PL);ERG(1,EXCL,DU)	kopuje
kopt	V;IMP;POS;TR;ABS(2,SG);ERG(1,SG)	kopʌje
kopt	V;IMP;POS;TR;ABS(2,SG);ERG(3,DU)	kopije
kopt	V;PRS;NEG;TR;ABS(1,EXCL,DU);ERG(3,DU)	mukopu
kopt	V;PRS;NEG;TR;ABS(1,EXCL,PL);ERG(2,SG,FORM)	mʌkôːp
kopt	V;PRS;NEG;TR;ABS(1,INCL,PL);ERG(3,DU)	mukoɔpki
kopt	V;PRS;POS;TR;ABS(1,EXCL,DU);ERG(2,PL)	ʔikopːni
kopt	V;PRS;POS;TR;ABS(1,EXCL,DU);ERG(2,SG,FORM)	ʔikoɔp
kopt	V;PRS;POS;TR;ABS(1,EXCL,PL);ERG(3,DU)	kopkʌ
kopt	V;PRS;POS;TR;ABS(1,INCL,DU);ERG(3,SG)	kopi
kopt	V;PRS;POS;TR;ABS(1,SG);ERG(2,PL)	kômnu
kopt	V;PRS;POS;TR;ABS(1,SG);ERG(3,SG)	kopdu
kopt	V;PST;NEG;TR;ABS(1,SG);ERG(2,PL)	mukoɔ̂mwɛnnu
kopt	V;PST;NEG;TR;ABS(2,SG);ERG(1,EXCL,DU)	mʌkɵpuwu
kopt	V;PST;POS;TR;ABS(1,EXCL,PL);ERG(3,DU)	koɔptʌkʌ
kopt	V;PST;POS;TR;ABS(1,SG);ERG(3,SG)	koptʌ
kopt	V;PST;POS;TR;ABS(2,DU);ERG(3,SG)	ʔikɵpiti
kopt	V;PST;POS;TR;ABS(3,DU);ERG(2,SG,FORM)	ʔikɵptɛ
kott	V;IMP;NEG;TR;ABS(2,DU);ERG(1,EXCL,PL)	mukoɔçkʌje
kott	V;PRS;NEG;TR;ABS(1,INCL,PL);ERG(3,SG)	mukoɔçki
kott	V;PRS;NEG;TR;ABS(3,SG);ERG(3,SG)	mukotʉ
kott	V;PRS;POS;TR;ABS(1,EXCL,DU);ERG(2,PL)	ʔikônni
kott	V;PRS;POS;TR;ABS(1,EXCL,PL);ERG(3,DU)	koçkʌ
kott	V;PRS;POS;TR;ABS(2,SG);ERG(1,SG)	ʔikôjŋʌ
kott	V;PRS;POS;TR;ABS(3,PL);ERG(3,DU)	koɔtnu
kott	V;PRS;POS;TR;ABS(3,SG);ERG(3,PL)	kotnu
kott	V;PST;NEG;TR;ABS(1,EXCL,DU);ERG(2,DU)	mʌkɵswi
kott	V;PST;NEG;TR;ABS(1,EXCL,DU);ERG(3,DU)	mukɵswi
kott	V;PST;NEG;TR;ABS(2,DU);ERG(1,EXCL,PL)	mʌkoçwʌkʌ
kott	V;PST;NEG;TR;ABS(2,SG);ERG(1,EXCL,PL)	mʌkoçwʌkʌ
kott	V;PST;NEG;TR;ABS(3,DU);ERG(2,DU)	mʌkɵswi
kott	V;PST;NEG;TR;ABS(3,SG);ERG(2,DU)	mʌkɵswi
kott	V;PST;POS;TR;ABS(1,EXCL,DU);ERG(2,SG,FORM)	ʔikottɛ
kott	V;PST;POS;TR;ABS(1,EXCL,PL);ERG(2,DU)	ʔikɵsti
kott	V;PST;POS;TR;ABS(1,INCL,DU);ERG(3,SG)	kosti
kott	V;PST;POS;TR;ABS(1,SG);ERG(2,PL)	koɔ̂ntɛnnu
kott	V;PST;POS;TR;ABS(2,DU);ERG(1,EXCL,DU)	ʔikɵstu
kott	V;PST;POS;TR;ABS(3,SG);ERG(1,EXCL,DU)	ʔikostu
kʰe	V;PRS;NEG;TR;ABS(1,INCL,DU);ERG(3,SG)	mukʰe
kʰe	V;PRS;NEG;TR;ABS(2,PL);ERG(3,PL)	mʌkʰei
kʰe	V;PRS;NEG;TR;ABS(2,SG);ERG(3,DU)	mʌkʰe
kʰe	V;PRS;NEG;TR;ABS(3,DU);ERG(1,INCL,DU)	mʌkʰe
kʰe	V;PRS;NEG;TR;ABS(3,DU);ERG(3,PL)	mukʰeu
kʰe	V;PRS;NEG;TR;ABS(3,PL);ERG(1,INCL,PL)	mʌkʰe
kʰe	V;PRS;POS;TR;ABS(1,EXCL,DU);ERG(2,DU)	ʔikʰe
kʰe	V;PRS;POS;TR;ABS(1,INCL,DU);ERG(3,SG)	kʰe
kʰe	V;PRS;POS;TR;ABS(3,PL);ERG(1,SG)	ʔikʰe
kʰe	V;PRS;POS;TR;ABS(3,SG);ERG(3,SG)	kʰe
kʰe	V;PST;NEG;TR;ABS(2,DU);ERG(1,EXCL,PL)	mʌkʰe
kʰe	V;PST;NEG;TR;ABS(3,PL);ERG(1,INCL,PL)	mʌkʰe
kʰe	V;PST;NEG;TR;ABS(3,SG);ERG(3,SG)	mukʰeɛ
kʰe	V;PST;POS;INTR;ABS(2,SG)	ʔikʰeːtɛ
kʰe	V;PST;POS;TR;ABS(1,EXCL,PL);ERG(2,PL)	ʔikʰe
kʰe	V;PST;POS;TR;ABS(1,EXCL,PL);ERG(3,PL)	kʰeʌkʌ
kʰe	V;PST;POS;TR;ABS(1,INCL,PL);ERG(3,PL)	kʰeiki
kʰe	V;PST;POS;TR;ABS(1,SG);ERG(3,DU)	kʰeʌsu
kʰe	V;PST;POS;TR;ABS(2,PL);ERG(3,DU)	ʔikʰeːtnu
kʰe	V;PST;POS;TR;ABS(3,SG);ERG(1,EXCL,DU)	ʔikʰe
kʰipt	V;IMP;NEG;TR;ABS(2,SG);ERG(1,EXCL,DU)	mukʰipuje
kʰipt	V;IMP;NEG;TR;ABS(2,SG);ERG(3,PL)	mukʰipnuje
kʰipt	V;PRS;NEG;TR;ABS(1,EXCL,PL);ERG(2,DU)	mʌkʰipi
kʰipt	V;PRS;NEG;TR;ABS(2,PL);ERG(3,SG)	mʌkʰʌ̂mni
kʰipt	V;PRS;NEG;TR;ABS(2,SG);ERG(3,DU)	mʌkʰʌpsu
kʰipt	V;PRS;NEG;TR;ABS(2,SG);ERG(3,PL)	mʌkʰipnu
kʰipt	V;PRS;NEG;TR;ABS(3,PL);ERG(1,EXCL,PL)	mʌkʰʌpkʌ
kʰipt	V;PRS;NEG;TR;ABS(3,SG);ERG(1,SG)	mʌkʰiɔ̂mŋʌ
kʰipt	V;PRS;POS;TR;ABS(1,EXCL,DU);ERG(3,DU)	kʰipu
kʰipt	V;PRS;POS;TR;ABS(1,INCL,DU);ERG(3,DU)	kʰipi
kʰipt	V;PRS;POS;TR;ABS(2,DU);ERG(1,EXCL,PL)	ʔikʰipkʌ
kʰipt	V;PRS;POS;TR;ABS(2,PL);ERG(3,SG)	ʔikʰʌ̂mni
kʰipt	V;PRS;POS;TR;ABS(3,DU);ERG(1,INCL,PL)	ʔikʰipki
kʰipt	V;PRS;POS;TR;ABS(3,SG);ERG(1,SG)	ʔikʰirʌ̂mŋʌ
kʰipt	V;PRS;POS;TR;ABS(3,SG);ERG(2,DU)	ʔikʰipi
kʰipt	V;PST;NEG;TR;ABS(1,EXCL,DU);ERG(2,SG,FORM)	mʌkʰipwɛ
kʰipt	V;PST;NEG;TR;ABS(3,SG);ERG(2,PL)	mʌkʰipwɛnu
kʰipt	V;PST;POS;TR;ABS(3,DU);ERG(2,DU)	ʔikʰipiti
kʰipt	V;PST;POS;TR;ABS(3,PL);ERG(1,EXCL,PL)	ʔikʰiɔptʌkʌ
kʰipt	V;PST;POS;TR;ABS(3,PL);ERG(3,DU)	kʰiɔptɛnu
kʰok	V;IMP;NEG;TR;ABS(2,DU);ERG(1,SG)	mukʰoke
kʰok	V;PRS;NEG;TR;ABS(1,EXCL,PL);ERG(3,PL)	mukʰokkʌ
kʰok	V;PRS;NEG;TR;ABS(2,PL);ERG(3,SG)	mʌkʰôːni
kʰok	V;PRS;NEG;TR;ABS(3,SG);ERG(1,EXCL,PL)	mʌkʰokkʌ
kʰok	V;PRS;POS;TR;ABS(1,EXCL,DU);ERG(3,SG)	kʰoku
kʰok	V;PRS;POS;TR;ABS(1,INCL,PL);ERG(3,PL)	kʰoki
kʰok	V;PRS;POS;TR;ABS(2,DU);ERG(3,DU)	ʔikʰɵki
kʰok	V;PRS;POS;TR;ABS(3,DU);ERG(2,SG,FORM)	ʔikʰôː
kʰok	V;PRS;POS;TR;ABS(3,DU);ERG(3,PL)	kʰɵ̂ːknu
kʰok	V;PRS;POS;TR;ABS(3,PL);ERG(2,PL)	ʔikʰoki
kʰok	V;PST;NEG;TR;ABS(1,EXCL,DU);ERG(3,DU)	mukʰokiwi
kʰok	V;PST;NEG;TR;ABS(1,EXCL,DU);ERG(3,PL)	mukʰokiwi
kʰok	V;PST;NEG;TR;ABS(2,SG);ERG(1,EXCL,DU)	mʌkʰok
kʰok	V;PST;NEG;TR;ABS(3,PL);ERG(3,SG)	mukʰôːkwɛnu
kʰok	V;PST;NEG;TR;ABS(3,SG);ERG(2,SG,FORM)	mʌkʰɵkwɛ
kʰok	V;PST;POS;TR;ABS(1,INCL,PL);ERG(3,SG)	kʰoktiki
kʰok	V;PST;POS;TR;ABS(1,SG);ERG(3,PL)	kʰogutʌnu
kʰok	V;PST;POS;TR;ABS(2,DU);ERG(3,PL)	ʔikʰokiti
kʰok	V;PST;POS;TR;ABS(3,DU);ERG(1,INCL,DU)	ʔikʰok
kʰok	V;PST;POS;TR;ABS(3,DU);ERG(2,SG,FORM)	ʔikʰɵktɛ
kʰop	V;IMP;NEG;REFL;ABS(2,PL)	mukʰoɔ̂mnuje
kʰop	V;IMP;POS;TR;ABS(2,DU);ERG(3,PL)	kʰop
kʰop	V;IMP;POS;TR;ABS(2,PL);ERG(1,EXCL,DU)	kʰopuje
kʰop	V;IMP;POS;TR;ABS(2,PL);ERG(3,PL)	kʰopnuje
kʰop	V;PRS;NEG;REFL;ABS(2,DU)	mʌkʰɵpsiji
kʰop	V;PRS;NEG;TR;ABS(1,SG);ERG(3,DU)	mukʰopsu
kʰop	V;PRS;NEG;TR;ABS(2,SG);ERG(3,SG)	mʌkʰoːbʉ
kʰop	V;PRS;NEG;TR;ABS(3,DU);ERG(1,INCL,DU)	mʌkʰop
kʰop	V;PRS;NEG;TR;ABS(3,SG);ERG(3,DU)	mukʰɵ̂ːpsu
kʰop	V;PRS;POS;REFL;ABS(1,INCL,DU)	kʰop
kʰop	V;PRS;POS;TR;ABS(1,INCL,PL);ERG(3,SG)	kʰopki
kʰop	V;PRS;POS;TR;ABS(2,DU);ERG(3,DU)	ʔikʰopi
kʰop	V;PRS;POS;TR;ABS(2,SG);ERG(3,PL)	ʔikʰop
kʰop	V;PRS;POS;TR;ABS(2,SG);ERG(3,SG)	ʔikʰiʔɵːbʉ
kʰop	V;PRS;POS;TR;ABS(3,PL);ERG(3,SG)	kʰopu
kʰop	V;PST;NEG;TR;ABS(3,PL);ERG(3,PL)	mukʰop
kʰop	V;PST;NEG;TR;ABS(3,SG);ERG(2,PL)	mʌkʰop
kʰop	V;PST;POS;TR;ABS(2,SG);ERG(3,SG)	ʔikʰôːptɛ
kʰop	V;PST;POS;TR;ABS(3,PL);ERG(1,INCL,DU)	ʔikʰopiti
kʰop	V;PST;POS;TR;ABS(3,SG);ERG(2,PL)	ʔikʰoptɛnu
kʰoŋt	V;IMP;NEG;TR;ABS(2,PL);ERG(1,SG)	mukʰɵŋʌnuje
kʰoŋt	V;IMP;POS;TR;ABS(2,DU);ERG(3,SG)	kʰoŋije
kʰoŋt	V;PRS;NEG;TR;ABS(1,EXCL,DU);ERG(2,PL)	mʌkʰoːni
kʰoŋt	V;PRS;NEG;TR;ABS(1,EXCL,PL);ERG(3,SG)	mukʰoŋkʌ
kʰoŋt	V;PRS;NEG;TR;ABS(1,SG);ERG(2,SG,FORM)	mukʰoːnɛ
kʰoŋt	V;PRS;NEG;TR;ABS(1,SG);ERG(3,SG)	mukʰorʌndu
kʰoŋt	V;PRS;NEG;TR;ABS(2,PL);ERG(1,EXCL,PL)	mʌkʰoŋkʌ
kʰoŋt	V;PRS;NEG;TR;ABS(2,SG);ERG(1,EXCL,PL)	mʌkʰoŋkʌ
kʰoŋt	V;PRS;NEG;TR;ABS(3,DU);ERG(1,EXCL,DU)	mʌkʰɵŋu
kʰoŋt	V;PRS;POS;TR;ABS(3,DU);ERG(1,EXCL,PL)	ʔikʰoŋkʌ
kʰoŋt	V;PRS;POS;TR;ABS(3,DU);ERG(1,INCL,DU)	ʔikʰoŋi
kʰoŋt	V;PST;NEG;TR;ABS(2,DU);ERG(1,EXCL,PL)	mʌkʰoŋwʌkʌ
kʰoŋt	V;PST;NEG;TR;ABS(2,PL);ERG(3,SG)	mʌkʰɵ̂ŋwɛnu
kʰoŋt	V;PST;NEG;TR;ABS(2,SG);ERG(1,EXCL,DU)	mʌkʰɵŋuwu
kʰoŋt	V;PST;NEG;TR;ABS(3,PL);ERG(1,INCL,PL)	mʌkʰoŋwiki
kʰoŋt	V;PST;NEG;TR;ABS(3,SG);ERG(1,SG)	mʌkʰɵŋʌwʌ
kʰoŋt	V;PST;POS;TR;ABS(1,SG);ERG(3,PL)	kʰontʌnu
kʰoŋt	V;PST;POS;TR;ABS(1,SG);ERG(3,SG)	kʰontʌ
kʰoŋt	V;PST;POS;TR;ABS(3,DU);ERG(1,EXCL,DU)	ʔikʰoŋutu
kʰoŋt	V;PST;POS;TR;ABS(3,SG);ERG(1,INCL,PL)	ʔikʰoŋtiki
kʰunt	V;IMP;NEG;REFL;ABS(2,PL)	mukʰujnuje
kʰunt	V;IMP;POS;TR;ABS(2,DU);ERG(1,EXCL,DU)	kʰʉːʦuje
kʰunt	V;PRS;NEG;TR;ABS(1,INCL,PL);ERG(3,PL)	mukʰuɔjki
kʰunt	V;PRS;NEG;TR;ABS(2,PL);ERG(1,SG)	mʌkʰujŋʌnu
kʰunt	V;PRS;NEG;TR;ABS(3,PL);ERG(1,INCL,DU)	mʌkʰuni
kʰunt	V;PRS;POS;TR;ABS(1,EXCL,DU);ERG(3,DU)	kʰuːʦu
kʰunt	V;PRS;POS;TR;ABS(1,EXCL,PL);ERG(2,PL)	ʔikʰʌjni
kʰunt	V;PRS;POS;TR;ABS(1,EXCL,PL);ERG(2,SG,FORM)	ʔikʰʌj
kʰunt	V;PRS;POS;TR;ABS(2,PL);ERG(3,PL)	ʔikʰʌjni
kʰunt	V;PRS;POS;TR;ABS(2,SG);ERG(1,SG)	ʔikʰuɔjŋʌ
kʰunt	V;PST;NEG;REFL;ABS(2,SG)	mʌkʰun̂nwɛsi
kʰunt	V;PST;NEG;TR;ABS(1,EXCL,PL);ERG(2,DU)	mʌkʰʉːswi
kʰunt	V;PST;NEG;TR;ABS(1,SG);ERG(3,SG)	mukʰunwʌ
kʰunt	V;PST;NEG;TR;ABS(2,PL);ERG(3,DU)	mʌkʰûːswɛnu
kʰunt	V;PST;NEG;TR;ABS(2,PL);ERG(3,PL)	mʌkʰunu
kʰunt	V;PST;NEG;TR;ABS(3,PL);ERG(1,SG)	mʌkʰuːswʌnu
kʰunt	V;PST;NEG;TR;ABS(3,SG);ERG(3,DU)	mukʰuɔ̂nwɛsu
kʰunt	V;PST;POS;REFL;ABS(1,EXCL,PL)	kʰujsiktʌkʌ
kʰunt	V;PST;POS;TR;ABS(1,INCL,PL);ERG(3,DU)	kʰʌjtiki
kʰunt	V;PST;POS;TR;ABS(3,PL);ERG(1,SG)	ʔikʰʉːstʌnu
kʰɛl	V;IMP;NEG;TR;ABS(2,DU);ERG(1,EXCL,DU)	mukʰɛluje
kʰɛl	V;IMP;POS;TR;ABS(2,PL);ERG(1,EXCL,PL)	kʰɛlkʌje
kʰɛl	V;PRS;NEG;TR;ABS(1,EXCL,PL);ERG(2,DU)	mʌkʰɛl
kʰɛl	V;PRS;NEG;TR;ABS(2,SG);ERG(1,EXCL,PL)	mʌkʰɛlkʌ
kʰɛl	V;PRS;NEG;TR;ABS(3,PL);ERG(2,SG,FORM)	mʌkʰɛl
kʰɛl	V;PRS;NEG;TR;ABS(3,SG);ERG(1,SG)	mʌkʰɛlŋʌ
kʰɛl	V;PRS;POS;TR;ABS(1,EXCL,DU);ERG(2,DU)	ʔikʰɛli
kʰɛl	V;PRS;POS;TR;ABS(1,EXCL,PL);ERG(2,PL)	ʔikʰɛlni
kʰɛl	V;PRS;POS;TR;ABS(3,DU);ERG(2,SG,FORM)	ʔikʰɛjʌl
kʰɛl	V;PRS;POS;TR;ABS(3,DU);ERG(3,PL)	kʰɛ̂lnu
kʰɛl	V;PRS;POS;TR;ABS(3,SG);ERG(3,SG)	kʰɛːlʉ
kʰɛl	V;PST;NEG;TR;ABS(2,DU);ERG(1,EXCL,PL)	mʌkʰɛlwʌkʌ
kʰɛl	V;PST;NEG;TR;ABS(3,DU);ERG(3,PL)	mukʰɛl
kʰɛl	V;PST;NEG;TR;ABS(3,PL);ERG(3,PL)	mukʰɛ̂lwɛnu
kʰɛl	V;PST;POS;TR;ABS(1,INCL,DU);ERG(3,DU)	kʰɛliti
kʰɛl	V;PST;POS;TR;ABS(1,INCL,DU);ERG(3,SG)	kʰɛliti
kʰɛl	V;PST;POS;TR;ABS(2,PL);ERG(3,PL)	ʔikʰɛ̂ltɛnu
kʰɛl	V;PST;POS;TR;ABS(3,PL);ERG(1,INCL,DU)	ʔikʰɛliti
kʰɛl	V;PST;POS;TR;ABS(3,PL);ERG(2,PL)	ʔikʰɛl
kʰɛl	V;PST;POS;TR;ABS(3,SG);ERG(1,EXCL,PL)	ʔikʰɛltʌkʌ
nott	V;IMP;POS;TR;ABS(2,DU);ERG(3,DU)	nɵʦije
nott	V;IMP;POS;TR;ABS(2,PL);ERG(1,EXCL,DU)	nɵʦuje
nott	V;PRS;NEG;TR;ABS(2,SG);ERG(1,EXCL,PL)	mʌnoɔçkʌ
nott	V;PRS;NEG;TR;ABS(3,DU);ERG(2,DU)	mʌnoʦi
nott	V;PRS;NEG;TR;ABS(3,DU);ERG(2,SG,FORM)	mʌnôj
nott	V;PRS;NEG;TR;ABS(3,DU);ERG(3,SG)	munotsu
nott	V;PRS;POS;TR;ABS(1,EXCL,DU);ERG(3,SG)	nɵʦu
nott	V;PRS;POS;TR;ABS(1,SG);ERG(3,DU)	nottusu
nott	V;PRS;POS;TR;ABS(3,SG);ERG(1,EXCL,PL)	ʔinoçkʌ
nott	V;PRS;POS;TR;ABS(3,SG);ERG(2,SG,FORM)	ʔinôj
nott	V;PRS;POS;TR;ABS(3,SG);ERG(3,DU)	notsu
nott	V;PST;NEG;TR;ABS(1,INCL,DU);ERG(3,SG)	munɵswi
nott	V;PST;NEG;TR;ABS(3,SG);ERG(1,INCL,PL)	mʌnoçwiki
nott	V;PST;NEG;TR;ABS(3,SG);ERG(3,DU)	munoɔtwɛsu
nott	V;PST;POS;TR;ABS(1,EXCL,DU);ERG(2,DU)	ʔinɵsti
nott	V;PST;POS;TR;ABS(1,EXCL,PL);ERG(3,PL)	noɔçtʌkʌ
nott	V;PST;POS;TR;ABS(1,INCL,PL);ERG(3,PL)	noɔçtiki
nott	V;PST;POS;TR;ABS(1,SG);ERG(2,SG,FORM)	noɔ̂ntɛni
nott	V;PST;POS;TR;ABS(3,DU);ERG(1,EXCL,DU)	ʔinɵstu
nott	V;PST;POS;TR;ABS(3,DU);ERG(1,SG)	ʔinostʌsu
nu	V;IMP;NEG;INTR;ABS(2,SG)	munuːje
nu	V;PRS;NEG;INTR;ABS(1,EXCL,PL)	munulʉkʌ
nu	V;PRS;NEG;INTR;ABS(1,INCL,DU)	munu
nu	V;PRS;NEG;INTR;ABS(1,INCL,PL)	munumuki
nu	V;PRS;NEG;INTR;ABS(1,SG)	munusʉŋʌ
nu	V;PRS;NEG;INTR;ABS(3,PL)	munʉnu
nu	V;PRS;NEG;INTR;ABS(3,SG)	munu
nu	V;PRS;POS;INTR;ABS(1,EXCL,PL)	nʉkʌ
nu	V;PRS;POS;INTR;ABS(1,INCL,DU)	nʉji
nu	V;PRS;POS;INTR;ABS(2,PL)	ʔinʉni
nu	V;PRS;POS;INTR;ABS(3,DU)	nʉji
nu	V;PRS;POS;INTR;ABS(3,SG)	nu
nu	V;PST;NEG;INTR;ABS(1,EXCL,DU)	munʉuwu
nu	V;PST;NEG;INTR;ABS(1,INCL,PL)	munulʉkwiki
nu	V;PST;NEG;INTR;ABS(2,SG)	mʌnuːwɛ
nu	V;PST;NEG;INTR;ABS(3,DU)	munulʉiwi
nu	V;PST;POS;INTR;ABS(1,INCL,PL)	nʉktiki
nu	V;PST;POS;INTR;ABS(3,DU)	nu
nu	V;PST;POS;INTR;ABS(3,PL)	nuu
nu	V;PST;POS;INTR;ABS(3,SG)	noːtɛ
nuk	V;IMP;POS;REFL;ABS(2,DU)	nʉksîjje
nuk	V;IMP;POS;TR;ABS(2,DU);ERG(1,EXCL,DU)	nukuje
nuk	V;IMP;POS;TR;ABS(2,DU);ERG(1,SG)	nuke
nuk	V;PRS;NEG;REFL;ABS(2,SG)	mʌnuk
nuk	V;PRS;NEG;TR;ABS(1,EXCL,PL);ERG(3,PL)	munukkʌ
nuk	V;PRS;POS;TR;ABS(2,DU);ERG(1,EXCL,DU)	ʔinuku
nuk	V;PRS;POS;TR;ABS(2,PL);ERG(1,EXCL,PL)	ʔinuk
nuk	V;PRS;POS;TR;ABS(2,SG);ERG(1,EXCL,DU)	ʔinʉku
nuk	V;PRS;POS;TR;ABS(3,DU);ERG(1,EXCL,PL)	ʔinukkʌ
nuk	V;PST;NEG;REFL;ABS(1,INCL,DU)	munuki
nuk	V;PST;NEG;TR;ABS(1,EXCL,DU);ERG(2,PL)	mʌnukwɛnu
nuk	V;PST;NEG;TR;ABS(1,EXCL,DU);ERG(3,PL)	munukiwi
nuk	V;PST;NEG;TR;ABS(1,SG);ERG(3,DU)	munuguwʌsu
nuk	V;PST;NEG;TR;ABS(2,SG);ERG(3,PL)	mʌnuk
nuk	V;PST;NEG;TR;ABS(3,DU);ERG(1,EXCL,PL)	mʌnukwʌkʌ
nuk	V;PST;POS;REFL;ABS(1,EXCL,PL)	nuksiktʌkʌ
nuk	V;PST;POS;TR;ABS(1,EXCL,DU);ERG(2,DU)	ʔinukiti
nuk	V;PST;POS;TR;ABS(3,DU);ERG(3,PL)	nûːktɛnu
nuk	V;PST;POS;TR;ABS(3,PL);ERG(3,DU)	nûːktɛnu
nuk	V;PST;POS;TR;ABS(3,SG);ERG(1,SG)	ʔinukʌtʌ
nɛl	V;IMP;NEG;TR;ABS(2,PL);ERG(1,EXCL,PL)	munɛlkʌje
nɛl	V;IMP;POS;TR;ABS(2,SG);ERG(1,SG)	nɛlʌje
nɛl	V;IMP;POS;TR;ABS(2,SG);ERG(3,SG)	nɛːle
nɛl	V;PRS;NEG;TR;ABS(2,SG);ERG(3,DU)	mʌnɛl
nɛl	V;PRS;NEG;TR;ABS(2,SG);ERG(3,PL)	mʌnʌmɛ̂lnu
nɛl	V;PRS;POS;TR;ABS(1,INCL,PL);ERG(3,SG)	nɛlki
nɛl	V;PRS;POS;TR;ABS(2,SG);ERG(1,EXCL,DU)	ʔinɛlu
nɛl	V;PRS;POS;TR;ABS(3,DU);ERG(1,EXCL,PL)	ʔinɛlkʌ
nɛl	V;PRS;POS;TR;ABS(3,PL);ERG(3,SG)	nɛlu
nɛl	V;PST;NEG;INTR;ABS(1,SG)	munɛl
nɛl	V;PST;NEG;TR;ABS(1,INCL,DU);ERG(3,PL)	munɛliwi
nɛl	V;PST;NEG;TR;ABS(1,INCL,DU);ERG(3,SG)	munɛliwi
nɛl	V;PST;NEG;TR;ABS(1,INCL,PL);ERG(3,SG)	munɛl
nɛl	V;PST;NEG;TR;ABS(2,PL);ERG(1,EXCL,PL)	mʌnʌmɛlwʌkʌ
nɛl	V;PST;NEG;TR;ABS(3,PL);ERG(2,DU)	mʌnɛliwi
nɛl	V;PST;NEG;TR;ABS(3,SG);ERG(1,INCL,DU)	mʌnɛl
nɛl	V;PST;NEG;TR;ABS(3,SG);ERG(1,INCL,PL)	mʌnɛlwiki
nɛl	V;PST;NEG;TR;ABS(3,SG);ERG(3,SG)	munɛlɛ
nɛl	V;PST;POS;TR;ABS(1,EXCL,PL);ERG(3,PL)	nɛltʌkʌ
nɛl	V;PST;POS;TR;ABS(3,PL);ERG(2,SG,FORM)	ʔinɛ̂ltɛ
paŋ	V;IMP;NEG;INTR;ABS(2,PL)	mupaŋnuje
paŋ	V;PRS;NEG;INTR;ABS(1,EXCL,PL)	mupaŋkʌ
paŋ	V;PRS;NEG;INTR;ABS(1,INCL,DU)	mupʌŋi
paŋ	V;PRS;NEG;INTR;ABS(1,INCL,PL)	mupaŋki
paŋ	V;PRS;NEG;INTR;ABS(1,SG)	mupaŋŋʌ
paŋ	V;PRS;NEG;INTR;ABS(2,PL)	mʌpaːni
paŋ	V;PRS;NEG;INTR;ABS(3,DU)	mupʌŋi
paŋ	V;PRS;NEG;INTR;ABS(3,SG)	mupaŋ
paŋ	V;PRS;POS;INTR;ABS(1,EXCL,DU)	pʌŋu
paŋ	V;PRS;POS;INTR;ABS(1,INCL,DU)	paŋi
paŋ	V;PRS;POS;INTR;ABS(1,SG)	paŋŋʌ
paŋ	V;PRS;POS;INTR;ABS(3,DU)	pʌŋi
paŋ	V;PST;NEG;INTR;ABS(2,PL)	mʌpâŋwɛnu
paŋ	V;PST;NEG;INTR;ABS(3,DU)	mupaŋiwi
paŋ	V;PST;NEG;INTR;ABS(3,PL)	mupʌ̂ŋwɛnu
paŋ	V;PST;POS;INTR;ABS(2,DU)	ʔipʌŋiti
paŋ	V;PST;POS;INTR;ABS(2,PL)	ʔipʌ̂ŋtɛnu
paŋ	V;PST;POS;INTR;ABS(2,SG)	ʔipʌ̂ŋtɛ
paŋ	V;PST;POS;INTR;ABS(3,DU)	pʌŋiti
paŋ	V;PST;POS;INTR;ABS(3,PL)	pʌ̂ŋtɛnu
pʰaŋt	V;IMP;NEG;TR;ABS(2,PL);ERG(3,SG)	mupʰaŋnuje
pʰaŋt	V;IMP;NEG;TR;ABS(2,SG);ERG(1,SG)	mupʰʌŋʌje
pʰaŋt	V;PRS;NEG;TR;ABS(1,EXCL,PL);ERG(2,PL)	mʌpʰaŋ̂nni
pʰaŋt	V;PRS;NEG;TR;ABS(1,INCL,PL);ERG(3,SG)	mupʰaŋki
pʰaŋt	V;PRS;NEG;TR;ABS(3,SG);ERG(1,EXCL,PL)	mʌpʰaŋkʌ
pʰaŋt	V;PRS;NEG;TR;ABS(3,SG);ERG(2,SG,FORM)	mʌpʰaŋ
pʰaŋt	V;PRS;POS;TR;ABS(1,EXCL,PL);ERG(3,SG)	pʰaŋkʌ
pʰaŋt	V;PRS;POS;TR;ABS(2,DU);ERG(1,EXCL,DU)	ʔipʰaŋu
pʰaŋt	V;PRS;POS;TR;ABS(2,PL);ERG(1,EXCL,PL)	ʔipʰaŋkʌ
pʰaŋt	V;PRS;POS;TR;ABS(3,PL);ERG(2,DU)	ʔipʰaŋi
pʰaŋt	V;PRS;POS;TR;ABS(3,SG);ERG(1,INCL,PL)	ʔipʰaŋki
pʰaŋt	V;PRS;POS;TR;ABS(3,SG);ERG(2,SG,FORM)	ʔipʰaŋ
pʰaŋt	V;PRS;POS;TR;ABS(3,SG);ERG(3,DU)	pʰânsu
pʰaŋt	V;PST;NEG;TR;ABS(1,EXCL,PL);ERG(3,SG)	mupʰaŋwʌkʌ
pʰaŋt	V;PST;NEG;TR;ABS(1,SG);ERG(3,DU)	mupʰaŋwʌsu
pʰaŋt	V;PST;NEG;TR;ABS(3,DU);ERG(2,DU)	mʌpʰʌŋiwi
pʰaŋt	V;PST;NEG;TR;ABS(3,PL);ERG(2,DU)	mʌpʰaŋiwi
pʰaŋt	V;PST;POS;TR;ABS(2,SG);ERG(3,SG)	ʔipʰaɔ̂ntɛ
pʰaŋt	V;PST;POS;TR;ABS(3,PL);ERG(2,DU)	ʔipʰaŋiti
pʰaŋt	V;PST;POS;TR;ABS(3,SG);ERG(1,INCL,PL)	ʔipʰaŋtiki
pʰer	V;IMP;NEG;TR;ABS(2,PL);ERG(3,PL)	mupʰernuje
pʰer	V;IMP;POS;INTR;ABS(2,DU)	pʰerije
pʰer	V;IMP;POS;TR;ABS(2,PL);ERG(3,PL)	pʰernuje
pʰer	V;PRS;NEG;INTR;ABS(3,SG)	mupʰer
pʰer	V;PRS;NEG;TR;ABS(1,EXCL,PL);ERG(3,SG)	mupʰer
pʰer	V;PRS;NEG;TR;ABS(3,SG);ERG(2,DU)	mʌpʰeri
pʰer	V;PRS;NEG;TR;ABS(3,SG);ERG(2,PL)	mʌpʰer
pʰer	V;PRS;POS;TR;ABS(1,EXCL,DU);ERG(3,SG)	pʰeru
pʰer	V;PRS;POS;TR;ABS(1,SG);ERG(2,PL)	pʰer
pʰer	V;PST;NEG;TR;ABS(2,DU);ERG(1,EXCL,DU)	mʌpʰeruwu
pʰer	V;PST;NEG;TR;ABS(2,DU);ERG(3,SG)	mʌpʰeriwi
pʰer	V;PST;NEG;TR;ABS(3,PL);ERG(1,SG)	mʌpʰer
pʰer	V;PST;NEG;TR;ABS(3,PL);ERG(3,SG)	mupʰesʉ̂rwɛnu
pʰer	V;PST;NEG;TR;ABS(3,SG);ERG(3,SG)	mupʰêrwɛ
pʰer	V;PST;POS;INTR;ABS(3,DU)	pʰeriti
pʰer	V;PST;POS;TR;ABS(1,INCL,PL);ERG(3,PL)	pʰeriki
pʰer	V;PST;POS;TR;ABS(3,DU);ERG(2,PL)	ʔipʰêrtɛnu
pʰer	V;PST;POS;TR;ABS(3,PL);ERG(1,SG)	ʔipʰerʌtʌnu
pʰer	V;PST;POS;TR;ABS(3,PL);ERG(3,PL)	pʰernu
pʰer	V;PST;POS;TR;ABS(3,SG);ERG(1,SG)	ʔipʰerʌtʌ
pʰrɛpt	V;IMP;NEG;TR;ABS(2,PL);ERG(3,SG)	mupʰrɛpnuje
pʰrɛpt	V;IMP;POS;TR;ABS(2,DU);ERG(1,EXCL,PL)	pʰrɛpkʌje
pʰrɛpt	V;PRS;NEG;TR;ABS(1,EXCL,PL);ERG(2,PL)	mʌpʰrɛ̂mni
pʰrɛpt	V;PRS;NEG;TR;ABS(1,INCL,DU);ERG(3,SG)	mupʰrɛpi
pʰrɛpt	V;PRS;NEG;TR;ABS(2,PL);ERG(1,EXCL,PL)	mʌpʰrɛpkʌ
pʰrɛpt	V;PRS;NEG;TR;ABS(2,PL);ERG(3,SG)	mʌpʰrɛ̂mni
pʰrɛpt	V;PRS;NEG;TR;ABS(3,DU);ERG(2,DU)	mʌpʰrɛpi
pʰrɛpt	V;PRS;NEG;TR;ABS(3,PL);ERG(2,PL)	mʌpʰrɛ̂mni
pʰrɛpt	V;PRS;NEG;TR;ABS(3,SG);ERG(1,EXCL,DU)	mʌpʰrɛpu
pʰrɛpt	V;PRS;NEG;TR;ABS(3,SG);ERG(2,PL)	mʌpʰrɛɔ̂mni
pʰrɛpt	V;PRS;POS;TR;ABS(1,EXCL,PL);ERG(3,DU)	pʰrɛpkʌ
pʰrɛpt	V;PRS;POS;TR;ABS(1,INCL,DU);ERG(3,SG)	pʰrɛpi
pʰrɛpt	V;PRS;POS;TR;ABS(2,DU);ERG(3,DU)	ʔipʰrɛpi
pʰrɛpt	V;PRS;POS;TR;ABS(2,PL);ERG(1,SG)	ʔipʰrɛpu
pʰrɛpt	V;PRS;POS;TR;ABS(2,PL);ERG(3,SG)	ʔipʰrɛ̂mni
pʰrɛpt	V;PRS;POS;TR;ABS(3,DU);ERG(1,EXCL,PL)	ʔipʰrɛpkʌ
pʰrɛpt	V;PRS;POS;TR;ABS(3,DU);ERG(1,SG)	ʔipʰrɛpŋʌsu
pʰrɛpt	V;PST;NEG;TR;ABS(2,DU);ERG(3,SG)	mʌpʰrɛpiwi
pʰrɛpt	V;PST;POS;TR;ABS(3,PL);ERG(2,SG,FORM)	ʔipʰrɛptɛ
pʰrɛpt	V;PST;POS;TR;ABS(3,SG);ERG(3,DU)	pʰrɛptɛsu
pʰɛm	V;IMP;NEG;INTR;ABS(2,PL)	mupʰɛmnuje
pʰɛm	V;IMP;POS;INTR;ABS(2,SG)	pʰɛme
pʰɛm	V;PRS;NEG;INTR;ABS(1,EXCL,DU)	mupʰɛmu
pʰɛm	V;PRS;NEG;INTR;ABS(1,EXCL,PL)	mupʰɛmkʌ
pʰɛm	V;PRS;NEG;INTR;ABS(1,SG)	mupʰɛmŋʌ
pʰɛm	V;PRS;NEG;INTR;ABS(2,DU)	mʌpʰɛmi
pʰɛm	V;PRS;NEG;INTR;ABS(2,SG)	mʌpʰɛm
pʰɛm	V;PRS;POS;INTR;ABS(1,EXCL,PL)	pʰɛmkʌ
pʰɛm	V;PRS;POS;INTR;ABS(2,DU)	ʔipʰɛmi
pʰɛm	V;PST;NEG;INTR;ABS(1,EXCL,PL)	mupʰɛmwʌkʌ
pʰɛm	V;PST;NEG;INTR;ABS(1,SG)	mupʰɛmʌwʌ
pʰɛm	V;PST;NEG;INTR;ABS(2,DU)	mʌpʰɛmiwi
pʰɛm	V;PST;NEG;INTR;ABS(2,PL)	mʌpʰɛ̂mwɛnu
pʰɛm	V;PST;NEG;INTR;ABS(3,DU)	mupʰɛmiwi
pʰɛm	V;PST;NEG;INTR;ABS(3,PL)	mupʰɛ̂mwɛnu
pʰɛm	V;PST;NEG;INTR;ABS(3,SG)	mupʰɛ̂mwɛ
pʰɛm	V;PST;POS;INTR;ABS(1,INCL,DU)	pʰɛmiti
pʰɛm	V;PST;POS;INTR;ABS(2,DU)	ʔipʰɛmiti
pʰɛm	V;PST;POS;INTR;ABS(2,SG)	ʔipʰɛ̂mtɛ
pʰɛm	V;PST;POS;INTR;ABS(3,SG)	pʰɛ̂mtɛ
rekt	V;IMP;NEG;TR;ABS(2,DU);ERG(1,EXCL,DU)	murekuje
rekt	V;IMP;NEG;TR;ABS(2,SG);ERG(3,SG)	murekte
rekt	V;IMP;POS;TR;ABS(2,PL);ERG(3,SG)	reknuje
rekt	V;IMP;POS;TR;ABS(2,SG);ERG(3,SG)	rekte
rekt	V;PRS;NEG;TR;ABS(1,EXCL,PL);ERG(3,PL)	murekkʌ
rekt	V;PRS;NEG;TR;ABS(2,DU);ERG(1,EXCL,PL)	mʌrekkʌ
rekt	V;PRS;NEG;TR;ABS(3,DU);ERG(1,INCL,PL)	mʌrekki
rekt	V;PRS;NEG;TR;ABS(3,PL);ERG(1,EXCL,PL)	mʌrekkʌ
rekt	V;PRS;POS;TR;ABS(1,EXCL,DU);ERG(3,PL)	reku
rekt	V;PRS;POS;TR;ABS(2,DU);ERG(3,PL)	ʔireki
rekt	V;PRS;POS;TR;ABS(3,SG);ERG(2,DU)	ʔireki
rekt	V;PST;NEG;TR;ABS(3,DU);ERG(3,SG)	murekwɛsu
rekt	V;PST;NEG;TR;ABS(3,PL);ERG(1,INCL,DU)	mʌrekiwi
rekt	V;PST;NEG;TR;ABS(3,PL);ERG(2,PL)	mʌrekwɛnu
rekt	V;PST;NEG;TR;ABS(3,PL);ERG(3,DU)	murekwɛnu
rekt	V;PST;NEG;TR;ABS(3,PL);ERG(3,SG)	murekwɛnu
rekt	V;PST;NEG;TR;ABS(3,SG);ERG(2,SG,FORM)	mʌrekwɛ
rekt	V;PST;POS;TR;ABS(1,SG);ERG(2,PL)	rêːtɛnnu
rekt	V;PST;POS;TR;ABS(2,SG);ERG(1,EXCL,DU)	ʔirekutu
rekt	V;PST;POS;TR;ABS(2,SG);ERG(1,EXCL,PL)	ʔirektʌkʌ
reŋt	V;IMP;NEG;TR;ABS(2,SG);ERG(3,DU)	mureŋije
reŋt	V;IMP;POS;TR;ABS(2,PL);ERG(3,DU)	reŋnuje
reŋt	V;PRS;NEG;TR;ABS(1,EXCL,DU);ERG(3,PL)	mureŋu
reŋt	V;PRS;NEG;TR;ABS(2,DU);ERG(1,EXCL,DU)	mʌreŋu
reŋt	V;PRS;NEG;TR;ABS(2,DU);ERG(1,SG)	mʌreŋu
reŋt	V;PRS;NEG;TR;ABS(3,DU);ERG(1,INCL,PL)	mʌreŋki
reŋt	V;PRS;NEG;TR;ABS(3,DU);ERG(2,SG,FORM)	mʌreŋ
reŋt	V;PRS;POS;TR;ABS(1,EXCL,DU);ERG(2,PL)	ʔireŋːni
reŋt	V;PRS;POS;TR;ABS(3,DU);ERG(1,EXCL,DU)	ʔireŋu
reŋt	V;PRS;POS;TR;ABS(3,DU);ERG(1,INCL,PL)	ʔireŋki
reŋt	V;PRS;POS;TR;ABS(3,DU);ERG(1,SG)	ʔireŋŋʌsu
reŋt	V;PRS;POS;TR;ABS(3,PL);ERG(1,SG)	ʔireŋu
reŋt	V;PST;NEG;TR;ABS(3,DU);ERG(1,EXCL,PL)	mʌreŋwʌkʌ
reŋt	V;PST;NEG;TR;ABS(3,DU);ERG(2,PL)	mʌrêŋwɛnu
reŋt	V;PST;NEG;TR;ABS(3,DU);ERG(3,SG)	murênwɛsu
reŋt	V;PST;NEG;TR;ABS(3,SG);ERG(1,SG)	mʌreŋʌwʌ
reŋt	V;PST;POS;TR;ABS(1,EXCL,PL);ERG(2,PL)	ʔirêŋtɛnu
reŋt	V;PST;POS;TR;ABS(1,SG);ERG(3,SG)	rentʌ
reŋt	V;PST;POS;TR;ABS(3,DU);ERG(2,SG,FORM)	ʔireŋtɛ
reŋt	V;PST;POS;TR;ABS(3,SG);ERG(1,EXCL,DU)	ʔireŋutu
ritt	V;IMP;NEG;TR;ABS(2,DU);ERG(1,SG)	muriʦʌsuje
ritt	V;IMP;NEG;TR;ABS(2,SG);ERG(1,SG)	muritʌje
ritt	V;IMP;POS;TR;ABS(2,DU);ERG(3,SG)	riʦije
ritt	V;PRS;NEG;TR;ABS(1,EXCL,DU);ERG(3,DU)	muriʦu
ritt	V;PRS;NEG;TR;ABS(2,PL);ERG(1,EXCL,PL)	mʌrʌçkʌ
ritt	V;PRS;NEG;TR;ABS(3,PL);ERG(2,PL)	mʌrînni
ritt	V;PRS;POS;TR;ABS(1,EXCL,PL);ERG(2,PL)	ʔirʌ̂nni
ritt	V;PRS;POS;TR;ABS(1,SG);ERG(3,SG)	rittu
ritt	V;PRS;POS;TR;ABS(2,PL);ERG(3,SG)	ʔiritmni
ritt	V;PRS;POS;TR;ABS(2,SG);ERG(3,DU)	ʔiritsu
ritt	V;PRS;POS;TR;ABS(3,PL);ERG(2,SG,FORM)	ʔirʌ̂j
ritt	V;PST;NEG;TR;ABS(1,INCL,DU);ERG(3,PL)	muriswi
ritt	V;PST;NEG;TR;ABS(1,INCL,PL);ERG(3,PL)	muriçwiki
ritt	V;PST;NEG;TR;ABS(1,SG);ERG(3,PL)	murikʌtwʌnu
ritt	V;PST;NEG;TR;ABS(2,SG);ERG(1,EXCL,DU)	mʌriswu
ritt	V;PST;NEG;TR;ABS(2,SG);ERG(3,SG)	mʌrʌtwɛ
ritt	V;PST;POS;TR;ABS(2,DU);ERG(3,SG)	ʔiristi
ritt	V;PST;POS;TR;ABS(2,PL);ERG(1,EXCL,PL)	ʔiriçtʌkʌ
ritt	V;PST;POS;TR;ABS(3,DU);ERG(1,EXCL,DU)	ʔiritu
ritt	V;PST;POS;TR;ABS(3,SG);ERG(1,EXCL,PL)	ʔirʌçtʌkʌ
rol	V;IMP;NEG;TR;ABS(2,PL);ERG(3,DU)	murolnuje
rol	V;IMP;NEG;TR;ABS(2,SG);ERG(3,DU)	murɵlije
rol	V;IMP;POS;TR;ABS(2,DU);ERG(1,EXCL,DU)	rɵluje
rol	V;PRS;NEG;TR;ABS(1,EXCL,DU);ERG(3,SG)	murol
rol	V;PRS;NEG;TR;ABS(1,SG);ERG(3,DU)	murolusu
rol	V;PRS;NEG;TR;ABS(2,DU);ERG(1,EXCL,PL)	mʌrolkʌ
rol	V;PRS;POS;TR;ABS(1,INCL,DU);ERG(3,DU)	rol
rol	V;PRS;POS;TR;ABS(2,SG);ERG(1,EXCL,DU)	ʔirolu
rol	V;PRS;POS;TR;ABS(3,DU);ERG(3,PL)	rôlnu
rol	V;PST;NEG;TR;ABS(1,EXCL,DU);ERG(2,SG,FORM)	mʌrɵ̂lwɛ
rol	V;PST;NEG;TR;ABS(1,EXCL,DU);ERG(3,PL)	muroliwi
rol	V;PST;NEG;TR;ABS(1,SG);ERG(3,PL)	muroluwʌnu
rol	V;PST;NEG;TR;ABS(2,SG);ERG(1,EXCL,PL)	mʌrol
rol	V;PST;NEG;TR;ABS(2,SG);ERG(3,SG)	mʌrolwɛ
rol	V;PST;NEG;TR;ABS(3,PL);ERG(1,INCL,PL)	mʌrolwiki
rol	V;PST;NEG;TR;ABS(3,PL);ERG(3,DU)	muroʉ̂lwɛnu
rol	V;PST;NEG;TR;ABS(3,SG);ERG(2,SG,FORM)	mʌrôlwɛ
rol	V;PST;POS;TR;ABS(1,SG);ERG(2,PL)	rôltɛnnu
rol	V;PST;POS;TR;ABS(3,DU);ERG(1,INCL,DU)	ʔiriʔɵliti
rol	V;PST;POS;TR;ABS(3,SG);ERG(2,PL)	ʔirôltɛnu
rot	V;IMP;POS;TR;ABS(2,SG);ERG(1,EXCL,PL)	rokʌje
rot	V;PRS;NEG;TR;ABS(1,SG);ERG(2,DU)	murosu
rot	V;PRS;NEG;TR;ABS(2,DU);ERG(1,EXCL,DU)	mʌrɵʦu
rot	V;PRS;NEG;TR;ABS(2,DU);ERG(3,DU)	mʌroi
rot	V;PRS;NEG;TR;ABS(2,DU);ERG(3,PL)	mʌroi
rot	V;PRS;NEG;TR;ABS(3,SG);ERG(2,PL)	mʌroɔ̂nni
rot	V;PRS;POS;TR;ABS(2,PL);ERG(1,EXCL,PL)	ʔirokʌ
rot	V;PRS;POS;TR;ABS(3,DU);ERG(3,SG)	rosu
rot	V;PST;NEG;TR;ABS(1,EXCL,PL);ERG(3,PL)	muroɔçwʌkʌ
rot	V;PST;NEG;TR;ABS(2,PL);ERG(1,EXCL,DU)	mʌrowu
rot	V;PST;NEG;TR;ABS(2,PL);ERG(3,SG)	mʌrɵswɛnu
rot	V;PST;NEG;TR;ABS(3,PL);ERG(3,DU)	murowɛnu
rot	V;PST;POS;TR;ABS(1,EXCL,DU);ERG(2,DU)	ʔiroti
rot	V;PST;POS;TR;ABS(1,EXCL,DU);ERG(3,PL)	roti
rot	V;PST;POS;TR;ABS(1,EXCL,DU);ERG(3,SG)	roti
rot	V;PST;POS;TR;ABS(1,INCL,PL);ERG(3,DU)	rotiki
rot	V;PST;POS;TR;ABS(2,DU);ERG(3,PL)	ʔirɵsti
rot	V;PST;POS;TR;ABS(2,SG);ERG(1,EXCL,PL)	ʔirotʌkʌ
rot	V;PST;POS;TR;ABS(3,PL);ERG(3,DU)	rɵ̂ːtɛnu
rot	V;PST;POS;TR;ABS(3,SG);ERG(1,INCL,PL)	ʔirotiki
set	V;IMP;NEG;TR;ABS(2,DU);ERG(1,EXCL,DU)	museuje
set	V;IMP;POS;TR;ABS(2,SG);ERG(3,DU)	seije
set	V;IMP;POS;TR;ABS(2,SG);ERG(3,SG)	sete
set	V;PRS;NEG;TR;ABS(1,INCL,DU);ERG(3,SG)	museʦi
set	V;PRS;NEG;TR;ABS(2,DU);ERG(3,DU)	mʌsei
set	V;PRS;NEG;TR;ABS(2,SG);ERG(3,PL)	mʌsenu
set	V;PRS;NEG;TR;ABS(3,PL);ERG(2,DU)	mʌsei
set	V;PRS;POS;TR;ABS(1,EXCL,PL);ERG(2,SG,FORM)	ʔisej
set	V;PRS;POS;TR;ABS(1,INCL,DU);ERG(3,SG)	sei
set	V;PRS;POS;TR;ABS(1,SG);ERG(2,SG,FORM)	seːnɛ
set	V;PST;NEG;TR;ABS(1,EXCL,PL);ERG(2,SG,FORM)	mʌsewɛ
set	V;PST;NEG;TR;ABS(1,INCL,DU);ERG(3,DU)	museiwi
set	V;PST;POS;TR;ABS(1,INCL,DU);ERG(3,PL)	sesti
set	V;PST;POS;TR;ABS(2,PL);ERG(3,SG)	ʔisetɛnu
set	V;PST;POS;TR;ABS(2,SG);ERG(3,SG)	ʔisetɛ
set	V;PST;POS;TR;ABS(3,DU);ERG(1,EXCL,PL)	ʔisetʌkʌ
set	V;PST;POS;TR;ABS(3,DU);ERG(3,DU)	setɛsu
set	V;PST;POS;TR;ABS(3,PL);ERG(1,EXCL,DU)	ʔisetu
set	V;PST;POS;TR;ABS(3,PL);ERG(1,INCL,DU)	ʔiseti
set	V;PST;POS;TR;ABS(3,PL);ERG(2,PL)	ʔisetɛnu
sit	V;IMP;NEG;TR;ABS(2,PL);ERG(3,PL)	musije
sit	V;IMP;POS;TR;ABS(2,PL);ERG(3,PL)	sinuje
sit	V;PRS;NEG;TR;ABS(1,EXCL,DU);ERG(2,SG,FORM)	mʌsi
sit	V;PRS;NEG;TR;ABS(1,EXCL,DU);ERG(3,DU)	musiu
sit	V;PRS;NEG;TR;ABS(2,DU);ERG(3,SG)	mʌsii
sit	V;PRS;NEG;TR;ABS(2,PL);ERG(1,EXCL,PL)	mʌsikʌ
sit	V;PRS;NEG;TR;ABS(3,DU);ERG(1,EXCL,DU)	mʌsiu
sit	V;PRS;NEG;TR;ABS(3,DU);ERG(3,DU)	musisu
sit	V;PRS;NEG;TR;ABS(3,SG);ERG(1,INCL,DU)	mʌsii
sit	V;PRS;POS;TR;ABS(1,EXCL,PL);ERG(2,PL)	ʔisiːni
sit	V;PRS;POS;TR;ABS(2,SG);ERG(3,SG)	ʔisitʉ
sit	V;PST;NEG;TR;ABS(1,EXCL,DU);ERG(2,SG,FORM)	mʌsiwɛ
sit	V;PST;NEG;TR;ABS(1,EXCL,PL);ERG(3,PL)	musiwʌkʌ
sit	V;PST;NEG;TR;ABS(2,DU);ERG(1,EXCL,DU)	mʌsiuwu
sit	V;PST;NEG;TR;ABS(2,DU);ERG(3,DU)	mʌsiwi
sit	V;PST;NEG;TR;ABS(2,PL);ERG(3,SG)	mʌsiwɛnu
sit	V;PST;NEG;TR;ABS(3,DU);ERG(1,EXCL,DU)	mʌsiuwu
sit	V;PST;NEG;TR;ABS(3,DU);ERG(1,EXCL,PL)	mʌsiwʌkʌ
sit	V;PST;NEG;TR;ABS(3,PL);ERG(3,SG)	musiwɛnu
sit	V;PST;POS;TR;ABS(2,PL);ERG(3,SG)	ʔisitɛnu
tɛm	V;PRS;NEG;TR;ABS(1,EXCL,PL);ERG(2,SG,FORM)	mʌtɛm
tɛm	V;PRS;NEG;TR;ABS(2,DU);ERG(1,EXCL,DU)	mʌtɛmu
tɛm	V;PRS;NEG;TR;ABS(2,DU);ERG(3,PL)	mʌtɛmi
tɛm	V;PRS;NEG;TR;ABS(2,PL);ERG(1,EXCL,DU)	mʌtɛmu
tɛm	V;PRS;NEG;TR;ABS(2,PL);ERG(3,SG)	mʌtɛmni
tɛm	V;PRS;NEG;TR;ABS(3,DU);ERG(1,INCL,PL)	mʌtɛmki
tɛm	V;PRS;NEG;TR;ABS(3,PL);ERG(1,INCL,DU)	mʌtɛm
tɛm	V;PRS;POS;TR;ABS(1,EXCL,PL);ERG(2,DU)	ʔitɛmi
tɛm	V;PRS;POS;TR;ABS(1,EXCL,PL);ERG(3,DU)	tɛmkʌ
tɛm	V;PRS;POS;TR;ABS(2,PL);ERG(1,SG)	ʔitɛmŋʌnu
tɛm	V;PRS;POS;TR;ABS(2,PL);ERG(3,PL)	ʔitiʔɛmni
tɛm	V;PRS;POS;TR;ABS(2,SG);ERG(3,PL)	ʔitɛm
tɛm	V;PRS;POS;TR;ABS(3,DU);ERG(3,DU)	tɛm
tɛm	V;PST;NEG;TR;ABS(3,DU);ERG(3,PL)	mutɛ̂mwɛnu
tɛm	V;PST;NEG;TR;ABS(3,PL);ERG(2,SG,FORM)	mʌtɛmɛ
tɛm	V;PST;POS;TR;ABS(1,EXCL,DU);ERG(2,PL)	ʔitɛ̂mtɛnu
tɛm	V;PST;POS;TR;ABS(1,INCL,DU);ERG(3,DU)	tɛmiti
tɛm	V;PST;POS;TR;ABS(1,INCL,PL);ERG(3,DU)	tɛmtiki
tɛm	V;PST;POS;TR;ABS(3,DU);ERG(1,INCL,DU)	ʔitɛmiti
tɛm	V;PST;POS;TR;ABS(3,DU);ERG(2,PL)	ʔitɛm
tʰint	V;IMP;NEG;TR;ABS(2,DU);ERG(1,EXCL,DU)	mutʰiːʦuje
tʰint	V;IMP;NEG;TR;ABS(2,DU);ERG(3,DU)	mutʰipʉːʦije
tʰint	V;IMP;NEG;TR;ABS(2,PL);ERG(3,DU)	mutʰiːsnuje
tʰint	V;IMP;NEG;TR;ABS(2,SG);ERG(3,PL)	mutʰiːsnuje
tʰint	V;IMP;NEG;TR;ABS(2,SG);ERG(3,SG)	mutʰʌnde
tʰint	V;PRS;NEG;TR;ABS(1,SG);ERG(3,DU)	mutʰindusu
tʰint	V;PRS;NEG;TR;ABS(1,SG);ERG(3,SG)	mutʰintu
tʰint	V;PRS;NEG;TR;ABS(3,DU);ERG(1,INCL,PL)	mʌtʰinki
tʰint	V;PRS;NEG;TR;ABS(3,DU);ERG(2,DU)	mʌtʰini
tʰint	V;PRS;NEG;TR;ABS(3,PL);ERG(3,SG)	mutʰʌ̂nnu
tʰint	V;PRS;NEG;TR;ABS(3,SG);ERG(3,DU)	mutʰînsu
tʰint	V;PRS;POS;TR;ABS(1,EXCL,PL);ERG(3,SG)	tʰinkʌ
tʰint	V;PRS;POS;TR;ABS(1,INCL,PL);ERG(3,SG)	tʰʌjki
tʰint	V;PRS;POS;TR;ABS(1,SG);ERG(3,SG)	tʰindu
tʰint	V;PST;NEG;TR;ABS(3,DU);ERG(2,PL)	mʌtʰîːswɛnu
tʰint	V;PST;NEG;TR;ABS(3,PL);ERG(2,DU)	mʌtʰiːswi
tʰint	V;PST;POS;TR;ABS(1,EXCL,DU);ERG(2,DU)	ʔitʰiːsti
tʰint	V;PST;POS;TR;ABS(3,DU);ERG(1,EXCL,DU)	ʔitʰinutu
tʰint	V;PST;POS;TR;ABS(3,DU);ERG(2,SG,FORM)	ʔitʰintɛ
tʰint	V;PST;POS;TR;ABS(3,PL);ERG(3,SG)	tʰîntɛnu
tʰol	V;IMP;NEG;TR;ABS(2,PL);ERG(1,EXCL,DU)	mutʰol
tʰol	V;IMP;NEG;TR;ABS(2,SG);ERG(3,PL)	mutʰolnuje
tʰol	V;PRS;NEG;TR;ABS(1,EXCL,DU);ERG(3,PL)	mutʰol
tʰol	V;PRS;NEG;TR;ABS(1,SG);ERG(3,SG)	mutʰolu
tʰol	V;PRS;NEG;TR;ABS(2,DU);ERG(1,EXCL,DU)	mʌtʰolu
tʰol	V;PRS;POS;TR;ABS(1,EXCL,DU);ERG(3,SG)	tʰol
tʰol	V;PRS;POS;TR;ABS(1,INCL,DU);ERG(3,DU)	tʰol
tʰol	V;PRS;POS;TR;ABS(1,INCL,DU);ERG(3,PL)	tʰoli
tʰol	V;PRS;POS;TR;ABS(1,SG);ERG(3,PL)	tʰolu
tʰol	V;PRS;POS;TR;ABS(3,DU);ERG(3,SG)	tʰɵ̂lsu
tʰol	V;PRS;POS;TR;ABS(3,PL);ERG(2,DU)	ʔitʰol
tʰol	V;PST;NEG;TR;ABS(1,EXCL,DU);ERG(3,PL)	mutʰoliwi
tʰol	V;PST;NEG;TR;ABS(2,PL);ERG(1,EXCL,DU)	mʌtʰɵluwu
tʰol	V;PST;NEG;TR;ABS(3,DU);ERG(1,INCL,DU)	mʌtʰoliwi
tʰol	V;PST;NEG;TR;ABS(3,SG);ERG(2,PL)	mʌtʰol
tʰol	V;PST;POS;TR;ABS(1,EXCL,PL);ERG(2,DU)	ʔitʰɵliti
tʰol	V;PST;POS;TR;ABS(1,INCL,PL);ERG(3,DU)	tʰoltiki
tʰol	V;PST;POS;TR;ABS(2,PL);ERG(3,SG)	ʔitʰôltɛnu
tʰol	V;PST;POS;TR;ABS(3,DU);ERG(1,INCL,PL)	ʔitʰoltiki
tʰol	V;PST;POS;TR;ABS(3,DU);ERG(1,SG)	ʔitʰolʌtʌsu
tʰɛpt	V;IMP;POS;TR;ABS(2,SG);ERG(3,DU)	tʰɛpije
tʰɛpt	V;PRS;NEG;TR;ABS(1,EXCL,PL);ERG(2,PL)	mʌtʰɛ̂mni
tʰɛpt	V;PRS;NEG;TR;ABS(3,DU);ERG(1,INCL,PL)	mʌtʰɛpki
tʰɛpt	V;PRS;NEG;TR;ABS(3,SG);ERG(1,INCL,DU)	mʌtʰɛpi
tʰɛpt	V;PRS;POS;TR;ABS(1,EXCL,PL);ERG(3,SG)	tʰɛpkʌ
tʰɛpt	V;PRS;POS;TR;ABS(2,DU);ERG(1,SG)	ʔitʰɛ̂mŋʌsu
tʰɛpt	V;PRS;POS;TR;ABS(2,PL);ERG(3,SG)	ʔitʰɛ̂mni
tʰɛpt	V;PRS;POS;TR;ABS(3,DU);ERG(1,INCL,PL)	ʔitʰɛpki
tʰɛpt	V;PRS;POS;TR;ABS(3,SG);ERG(1,EXCL,PL)	ʔitʰɛpkʌ
tʰɛpt	V;PRS;POS;TR;ABS(3,SG);ERG(1,INCL,DU)	ʔitʰɛʔɵpi
tʰɛpt	V;PST;NEG;TR;ABS(1,EXCL,DU);ERG(3,PL)	mutʰɛpiwi
tʰɛpt	V;PST;NEG;TR;ABS(1,INCL,DU);ERG(3,SG)	mutʰɛpiwi
tʰɛpt	V;PST;NEG;TR;ABS(3,PL);ERG(2,SG,FORM)	mʌtʰɛpwɛ
tʰɛpt	V;PST;POS;TR;ABS(1,EXCL,DU);ERG(3,SG)	tʰɛpiti
tʰɛpt	V;PST;POS;TR;ABS(1,SG);ERG(3,DU)	tʰɛptʌsu
tʰɛpt	V;PST;POS;TR;ABS(2,PL);ERG(3,PL)	ʔitʰɛptɛnu
tʰɛpt	V;PST;POS;TR;ABS(3,DU);ERG(3,DU)	tʰɛptɛsu
tʰɛpt	V;PST;POS;TR;ABS(3,PL);ERG(1,EXCL,DU)	ʔitʰɛputu
tʰɛpt	V;PST;POS;TR;ABS(3,PL);ERG(2,SG,FORM)	ʔitʰɛptɛ
tʰɛpt	V;PST;POS;TR;ABS(3,SG);ERG(1,EXCL,PL)	ʔitʰɛptʌkʌ
wɛn	V;IMP;NEG;INTR;ABS(2,SG)	muwɛːʦe
wɛn	V;IMP;POS;INTR;ABS(2,DU)	wɛːʦije
wɛn	V;NFIN;POS;INTR	wɛjnɛ
wɛn	V;PRS;NEG;INTR;ABS(1,EXCL,DU)	muwɛːʦu
wɛn	V;PRS;NEG;INTR;ABS(1,EXCL,PL)	muwɛjkʌ
wɛn	V;PRS;NEG;INTR;ABS(1,INCL,DU)	muwɛːʦi
wɛn	V;PRS;NEG;INTR;ABS(2,SG)	mʌwɛj
wɛn	V;PRS;NEG;INTR;ABS(3,DU)	muwɛːʦi
wɛn	V;PRS;POS;INTR;ABS(1,EXCL,PL)	wɛjkʌ
wɛn	V;PRS;POS;INTR;ABS(1,INCL,PL)	wɛjki
wɛn	V;PRS;POS;INTR;ABS(3,DU)	wɛːʦi
wɛn	V;PRS;POS;INTR;ABS(3,PL)	wɛjnu
wɛn	V;PST;NEG;INTR;ABS(1,INCL,DU)	muwɛːswi
wɛn	V;PST;NEG;INTR;ABS(2,SG)	mʌwɛ̂ːswɛ
wɛn	V;PST;POS;INTR;ABS(1,INCL,DU)	wɛːsti
wɛn	V;PST;POS;INTR;ABS(1,SG)	wɛːstʌ
wɛn	V;PST;POS;INTR;ABS(2,PL)	ʔiwɛ̂ːstɛnu
wɛn	V;PST;POS;INTR;ABS(2,SG)	ʔiwɛ̂ːstɛ
wɛn	V;PST;POS;INTR;ABS(3,DU)	wɛːsti
wɛn	V;PST;POS;INTR;ABS(3,SG)	wɛ̂ːstɛ
ɦip	V;IMP;NEG;TR;ABS(2,DU);ERG(1,EXCL,DU)	muɦip
ɦip	V;IMP;POS;TR;ABS(2,DU);ERG(3,SG)	ɦipije
ɦip	V;PRS;NEG;TR;ABS(1,SG);ERG(2,SG,FORM)	muɦîmnɛ
ɦip	V;PRS;NEG;TR;ABS(3,SG);ERG(1,EXCL,DU)	mʌɦipu
ɦip	V;PRS;NEG;TR;ABS(3,SG);ERG(2,DU)	mʌɦipi
ɦip	V;PRS;NEG;TR;ABS(3,SG);ERG(3,SG)	muɦip
ɦip	V;PRS;POS;TR;ABS(1,EXCL,DU);ERG(2,DU)	ʔiɦip
ɦip	V;PRS;POS;TR;ABS(1,EXCL,PL);ERG(2,DU)	ʔiɦip
ɦip	V;PRS;POS;TR;ABS(2,DU);ERG(1,SG)	ʔiɦîmŋʌsu
ɦip	V;PST;NEG;TR;ABS(1,INCL,PL);ERG(3,SG)	muɦip
ɦip	V;PST;NEG;TR;ABS(1,SG);ERG(3,DU)	muɦibuwʌsu
ɦip	V;PST;NEG;TR;ABS(2,SG);ERG(3,PL)	mʌɦîːpwɛnu
ɦip	V;PST;NEG;TR;ABS(3,DU);ERG(3,DU)	muɦipɛsu
ɦip	V;PST;NEG;TR;ABS(3,PL);ERG(3,DU)	muɦîːpwɛnu
ɦip	V;PST;NEG;TR;ABS(3,SG);ERG(1,EXCL,DU)	mʌɦip
ɦip	V;PST;NEG;TR;ABS(3,SG);ERG(2,DU)	mʌɦipiwi
ɦip	V;PST;POS;TR;ABS(1,EXCL,DU);ERG(3,PL)	ɦipi
ɦip	V;PST;POS;TR;ABS(1,EXCL,PL);ERG(2,DU)	ʔiɦipiti
ɦip	V;PST;POS;TR;ABS(1,EXCL,PL);ERG(3,DU)	ɦipʌkʌ
ɦip	V;PST;POS;TR;ABS(3,DU);ERG(2,PL)	ʔiɦip
ɦont	V;IMP;POS;TR;ABS(2,SG);ERG(3,SG)	ɦonde
ɦont	V;PRS;NEG;TR;ABS(1,EXCL,DU);ERG(2,DU)	mʌɦɵːʦi
ɦont	V;PRS;NEG;TR;ABS(1,SG);ERG(2,DU)	muɦôjsu
ɦont	V;PRS;NEG;TR;ABS(2,SG);ERG(3,SG)	mʌɦondʉ
ɦont	V;PRS;NEG;TR;ABS(3,DU);ERG(1,EXCL,DU)	mʌɦoːʦu
ɦont	V;PRS;NEG;TR;ABS(3,DU);ERG(1,INCL,DU)	mʌɦoːʦi
ɦont	V;PRS;NEG;TR;ABS(3,DU);ERG(2,SG,FORM)	mʌɦoj
ɦont	V;PRS;NEG;TR;ABS(3,SG);ERG(1,SG)	mʌɦojŋʌ
ɦont	V;PRS;POS;TR;ABS(1,EXCL,PL);ERG(2,DU)	ʔiɦoni
ɦont	V;PRS;POS;TR;ABS(2,PL);ERG(1,EXCL,DU)	ʔiɦoʦu
ɦont	V;PRS;POS;TR;ABS(2,PL);ERG(3,DU)	ʔiɦojni
ɦont	V;PRS;POS;TR;ABS(2,SG);ERG(1,EXCL,PL)	ʔiɦoŋʌjkʌ
ɦont	V;PRS;POS;TR;ABS(2,SG);ERG(3,DU)	ʔiɦoɔ̂nsu
ɦont	V;PRS;POS;TR;ABS(3,PL);ERG(2,DU)	ʔiɦoːʦi
ɦont	V;PST;NEG;TR;ABS(2,PL);ERG(3,PL)	mʌɦɵ̂ːswɛnu
ɦont	V;PST;NEG;TR;ABS(2,SG);ERG(1,EXCL,PL)	mʌɦoɔjwʌkʌ
ɦont	V;PST;NEG;TR;ABS(3,DU);ERG(1,EXCL,PL)	mʌɦoɔjwʌkʌ
ɦont	V;PST;POS;TR;ABS(2,SG);ERG(1,EXCL,DU)	ʔiɦoːstu
ɦont	V;PST;POS;TR;ABS(3,PL);ERG(2,PL)	ʔiɦôːstɛnu
ɦont	V;PST;POS;TR;ABS(3,SG);ERG(3,SG)	ɦoɔ̂ntɛ
ɦɛm	V;IMP;NEG;TR;ABS(2,PL);ERG(1,EXCL,DU)	muɦɛmuje
ɦɛm	V;IMP;NEG;TR;ABS(2,SG);ERG(3,SG)	muɦɛːme
ɦɛm	V;IMP;POS;TR;ABS(2,PL);ERG(3,SG)	ɦɛmnuje
ɦɛm	V;PRS;NEG;TR;ABS(1,EXCL,DU);ERG(3,DU)	muɦɛmu
ɦɛm	V;PRS;NEG;TR;ABS(1,SG);ERG(2,SG,FORM)	muɦɛm
ɦɛm	V;PRS;NEG;TR;ABS(2,DU);ERG(1,EXCL,PL)	mʌɦɛmkʌ
ɦɛm	V;PRS;NEG;TR;ABS(3,DU);ERG(1,EXCL,DU)	mʌɦɛmu
ɦɛm	V;PRS;NEG;TR;ABS(3,DU);ERG(1,EXCL,PL)	mʌɦɛmkʌ
ɦɛm	V;PRS;NEG;TR;ABS(3,DU);ERG(1,INCL,DU)	mʌɦɛmi
ɦɛm	V;PRS;NEG;TR;ABS(3,SG);ERG(2,SG,FORM)	mʌɦɛm
ɦɛm	V;PRS;POS;TR;ABS(1,SG);ERG(2,PL)	ɦɛ̂mnu
ɦɛm	V;PRS;POS;TR;ABS(2,PL);ERG(3,DU)	ʔiɦɛmni
ɦɛm	V;PST;NEG;TR;ABS(1,INCL,PL);ERG(3,PL)	muɦɛmwiki
ɦɛm	V;PST;NEG;TR;ABS(1,SG);ERG(3,DU)	muɦɛmuwʌsu
ɦɛm	V;PST;NEG;TR;ABS(3,DU);ERG(1,INCL,DU)	mʌɦɛmiwi
ɦɛm	V;PST;NEG;TR;ABS(3,SG);ERG(1,EXCL,DU)	mʌɦɛmuwu
ɦɛm	V;PST;POS;TR;ABS(1,EXCL,PL);ERG(2,DU)	ʔiɦɛmiti
ɦɛm	V;PST;POS;TR;ABS(1,INCL,DU);ERG(3,SG)	ɦɛmiti
ɦɛm	V;PST;POS;TR;ABS(2,PL);ERG(1,EXCL,PL)	ʔiɦɛmtʌkʌ
ɦɛm	V;PST;POS;TR;ABS(3,DU);ERG(2,PL)	ʔiɦɛm
ʔi	V;IMP;NEG;INTR;ABS(2,PL)	muʔi
ʔi	V;IMP;NEG;INTR;ABS(2,SG)	muʔuːje
ʔi	V;IMP;POS;INTR;ABS(2,DU)	ʔîjje
ʔi	V;IMP;POS;INTR;ABS(2,SG)	ʔuːje
ʔi	V;NFIN;POS;INTR	ʔinɛ
ʔi	V;PRS;NEG;INTR;ABS(1,EXCL,PL)	muʔikʌ
ʔi	V;PRS;NEG;INTR;ABS(1,INCL,DU)	muʔiji
ʔi	V;PRS;NEG;INTR;ABS(1,INCL,PL)	muʔiki
ʔi	V;PRS;NEG;INTR;ABS(2,SG)	mʌʔi
ʔi	V;PRS;NEG;INTR;ABS(3,PL)	muʔinu
ʔi	V;PRS;POS;INTR;ABS(1,EXCL,PL)	ʔiʌ
ʔi	V;PRS;POS;INTR;ABS(1,INCL,DU)	ʔiji
ʔi	V;PRS;POS;INTR;ABS(2,PL)	ʔiʔini
ʔi	V;PRS;POS;INTR;ABS(2,SG)	ʔiʔi
ʔi	V;PRS;POS;INTR;ABS(3,PL)	ʔinu
ʔi	V;PST;NEG;INTR;ABS(1,EXCL,PL)	muʔikwʌkʌ
ʔi	V;PST;NEG;INTR;ABS(3,SG)	muʔuːwɛ
ʔi	V;PST;POS;INTR;ABS(1,EXCL,PL)	ʔiktʌkʌ
ʔi	V;PST;POS;INTR;ABS(1,SG)	ʔiŋʌtʌ
ʔi	V;PST;POS;INTR;ABS(2,DU)	ʔiʔîjti
ʔok	V;IMP;NEG;INTR;ABS(2,SG)	muʔɵke
ʔok	V;NFIN;POS;INTR	ʔôːnɛ
ʔok	V;PRS;NEG;INTR;ABS(1,INCL,PL)	muʔokki
ʔok	V;PRS;NEG;INTR;ABS(2,DU)	mʌʔɵki
ʔok	V;PRS;NEG;INTR;ABS(2,PL)	mʌʔôːni
ʔok	V;PRS;NEG;INTR;ABS(2,SG)	mʌʔôː
ʔok	V;PRS;NEG;INTR;ABS(3,DU)	muʔɵki
ʔok	V;PRS;POS;INTR;ABS(1,INCL,DU)	ʔoki
ʔok	V;PRS;POS;INTR;ABS(1,INCL,PL)	ʔokki
ʔok	V;PRS;POS;INTR;ABS(2,DU)	ʔiʔɵki
ʔok	V;PRS;POS;INTR;ABS(3,PL)	ʔôːnu
ʔok	V;PRS;POS;INTR;ABS(3,SG)	ʔôː
ʔok	V;PST;NEG;INTR;ABS(1,INCL,PL)	muʔokwiki
ʔok	V;PST;NEG;INTR;ABS(2,DU)	mʌʔokiwi
ʔok	V;PST;NEG;INTR;ABS(2,PL)	mʌʔɵkwɛnu
ʔok	V;PST;POS;INTR;ABS(1,EXCL,DU)	ʔɵkutu
ʔok	V;PST;POS;INTR;ABS(1,SG)	ʔokʌtʌ
ʔok	V;PST;POS;INTR;ABS(2,PL)	ʔiʔɵktɛnu
ʔok	V;PST;POS;INTR;ABS(3,DU)	ʔokiti
ʔok	V;PST;POS;INTR;ABS(3,SG)	ʔoːtɛ
ʔont	V;IMP;NEG;TR;ABS(2,PL);ERG(1,EXCL,PL)	muʔojkʌje
ʔont	V;IMP;POS;TR;ABS(2,DU);ERG(1,EXCL,PL)	ʔonkʌje
ʔont	V;IMP;POS;TR;ABS(2,PL);ERG(3,SG)	ʔoːsnuje
ʔont	V;IMP;POS;TR;ABS(2,SG);ERG(3,SG)	ʔonde
ʔont	V;PRS;NEG;TR;ABS(2,SG);ERG(3,SG)	mʌʔondʉ
ʔont	V;PRS;NEG;TR;ABS(3,DU);ERG(1,EXCL,PL)	mʌʔokʌ
ʔont	V;PRS;NEG;TR;ABS(3,DU);ERG(2,DU)	mʌʔoni
ʔont	V;PRS;NEG;TR;ABS(3,PL);ERG(3,DU)	muʔônnu
ʔont	V;PRS;NEG;TR;ABS(3,SG);ERG(3,SG)	muʔondʉ
ʔont	V;PRS;POS;TR;ABS(1,EXCL,DU);ERG(2,DU)	ʔiʔoːʦi
ʔont	V;PRS;POS;TR;ABS(1,EXCL,PL);ERG(2,PL)	ʔiʔoɔjni
ʔont	V;PRS;POS;TR;ABS(1,SG);ERG(2,PL)	ʔôjnu
ʔont	V;PRS;POS;TR;ABS(1,SG);ERG(3,DU)	ʔoɔndusu
ʔont	V;PRS;POS;TR;ABS(3,DU);ERG(3,SG)	ʔoɔ̂nsu
ʔont	V;PRS;POS;TR;ABS(3,PL);ERG(1,EXCL,DU)	ʔiʔoːʦu
ʔont	V;PST;NEG;TR;ABS(1,EXCL,PL);ERG(2,DU)	mʌʔoːswi
ʔont	V;PST;NEG;TR;ABS(1,SG);ERG(2,PL)	muʔoɔ̂jwɛnnu
ʔont	V;PST;NEG;TR;ABS(3,DU);ERG(2,PL)	mʌʔɵ̂ːswɛnu
ʔont	V;PST;POS;TR;ABS(2,SG);ERG(3,SG)	ʔiʔôntɛ
ʔont	V;PST;POS;TR;ABS(3,PL);ERG(2,SG,FORM)	ʔiʔôːstɛ
ʦik	V;IMP;NEG;INTR;ABS(2,PL)	muʦiknuje
ʦik	V;NFIN;POS;INTR	ʦîːnɛ
ʦik	V;PRS;NEG;INTR;ABS(1,EXCL,PL)	muʦikkʌ
ʦik	V;PRS;NEG;INTR;ABS(1,SG)	muʦîːŋʌ
ʦik	V;PRS;NEG;INTR;ABS(2,DU)	mʌʦiki
ʦik	V;PRS;NEG;INTR;ABS(2,SG)	mʌʦîː
ʦik	V;PRS;NEG;INTR;ABS(3,DU)	muʦiki
ʦik	V;PRS;POS;INTR;ABS(1,EXCL,DU)	ʦiku
ʦik	V;PRS;POS;INTR;ABS(1,EXCL,PL)	ʦikkʌ
ʦik	V;PRS;POS;INTR;ABS(1,INCL,PL)	ʦikki
ʦik	V;PRS;POS;INTR;ABS(2,SG)	ʔiʦîː
ʦik	V;PRS;POS;INTR;ABS(3,DU)	ʦiki
ʦik	V;PRS;POS;INTR;ABS(3,SG)	ʦîː
ʦik	V;PST;NEG;INTR;ABS(1,EXCL,DU)	muʦikuwu
ʦik	V;PST;NEG;INTR;ABS(1,INCL,DU)	muʦikiwi
ʦik	V;PST;NEG;INTR;ABS(1,INCL,PL)	muʦikwiki
ʦik	V;PST;NEG;INTR;ABS(2,PL)	mʌʦikwɛnu
ʦik	V;PST;NEG;INTR;ABS(2,SG)	mʌʦikwɛ
ʦik	V;PST;POS;INTR;ABS(1,EXCL,PL)	ʦiktʌkʌ
ʦik	V;PST;POS;INTR;ABS(3,PL)	ʦiktɛnu
ʦir	V;IMP;NEG;TR;ABS(2,PL);ERG(3,DU)	muʦitʉrnuje
ʦir	V;PRS;NEG;REFL;ABS(1,EXCL,DU)	muʦir
ʦir	V;PRS;NEG;REFL;ABS(1,EXCL,PL)	muʦir
ʦir	V;PRS;NEG;REFL;ABS(1,INCL,DU)	muʦir
ʦir	V;PRS;NEG;TR;ABS(1,EXCL,DU);ERG(2,PL)	mʌʦirni
ʦir	V;PRS;NEG;TR;ABS(3,PL);ERG(3,DU)	muʦîrnu
ʦir	V;PRS;POS;TR;ABS(1,EXCL,DU);ERG(2,PL)	ʔiʦir
ʦir	V;PRS;POS;TR;ABS(2,DU);ERG(1,EXCL,DU)	ʔiʦiru
ʦir	V;PRS;POS;TR;ABS(2,SG);ERG(1,EXCL,DU)	ʔiʦir
ʦir	V;PRS;POS;TR;ABS(3,DU);ERG(1,INCL,PL)	ʔiʦirki
ʦir	V;PRS;POS;TR;ABS(3,SG);ERG(1,EXCL,PL)	ʔiʦirʌ
ʦir	V;PRS;POS;TR;ABS(3,SG);ERG(3,PL)	ʦîrnu
ʦir	V;PST;NEG;TR;ABS(2,DU);ERG(3,PL)	mʌʦiriwi
ʦir	V;PST;NEG;TR;ABS(3,DU);ERG(3,DU)	muʦîrwɛsu
ʦir	V;PST;NEG;TR;ABS(3,PL);ERG(3,DU)	muʦikʉ̂rwɛnu
ʦir	V;PST;POS;TR;ABS(1,EXCL,DU);ERG(3,SG)	ʦiriti
ʦir	V;PST;POS;TR;ABS(1,INCL,PL);ERG(3,DU)	ʦiri
ʦir	V;PST;POS;TR;ABS(1,SG);ERG(2,PL)	ʦîrtɛnnu
ʦir	V;PST;POS;TR;ABS(1,SG);ERG(3,PL)	ʦirutʌnu
ʦir	V;PST;POS;TR;ABS(3,PL);ERG(1,EXCL,PL)	ʔiʦirtʌkʌ
ʦʰop	V;IMP;NEG;TR;ABS(2,DU);ERG(3,SG)	muʦʰope
ʦʰop	V;PRS;NEG;TR;ABS(1,EXCL,DU);ERG(3,SG)	muʦʰopu
ʦʰop	V;PRS;NEG;TR;ABS(2,DU);ERG(1,EXCL,DU)	mʌʦʰopu
ʦʰop	V;PRS;NEG;TR;ABS(2,PL);ERG(1,EXCL,PL)	mʌʦʰopkʌ
ʦʰop	V;PRS;NEG;TR;ABS(3,DU);ERG(2,SG,FORM)	mʌʦʰop
ʦʰop	V;PRS;NEG;TR;ABS(3,DU);ERG(3,PL)	muʦʰopu
ʦʰop	V;PRS;POS;TR;ABS(1,EXCL,PL);ERG(2,DU)	ʔiʦʰop
ʦʰop	V;PRS;POS;TR;ABS(1,EXCL,PL);ERG(2,PL)	ʔiʦʰo
ʦʰop	V;PRS;POS;TR;ABS(1,INCL,PL);ERG(3,PL)	ʦʰopki
ʦʰop	V;PRS;POS;TR;ABS(3,DU);ERG(3,PL)	ʦʰôːpnu
ʦʰop	V;PRS;POS;TR;ABS(3,PL);ERG(1,INCL,PL)	ʔiʦʰop
ʦʰop	V;PRS;POS;TR;ABS(3,SG);ERG(1,INCL,PL)	ʔiʦʰop
ʦʰop	V;PRS;POS;TR;ABS(3,SG);ERG(3,SG)	ʦʰɵːbʉ
ʦʰop	V;PST;NEG;TR;ABS(1,EXCL,DU);ERG(2,SG,FORM)	mʌʦʰopwɛ
ʦʰop	V;PST;NEG;TR;ABS(3,DU);ERG(1,INCL,DU)	mʌʦʰop
ʦʰop	V;PST;NEG;TR;ABS(3,DU);ERG(3,PL)	muʦʰop
ʦʰop	V;PST;NEG;TR;ABS(3,PL);ERG(1,SG)	mʌʦʰop
ʦʰop	V;PST;POS;TR;ABS(1,EXCL,PL);ERG(3,PL)	ʦʰopʌkʌ
ʦʰop	V;PST;POS;TR;ABS(1,SG);ERG(2,PL)	ʦʰoɔ̂mtɛnnu
ʦʰop	V;PST;POS;TR;ABS(3,PL);ERG(3,SG)	ʦʰopnu
ʦʰɛtt	V;IMP;NEG;REFL;ABS(2,PL)	muʦʰɛtnnuje
ʦʰɛtt	V;IMP;POS;TR;ABS(2,PL);ERG(1,EXCL,PL)	ʦʰɛçkʌje
ʦʰɛtt	V;IMP;POS;TR;ABS(2,PL);ERG(1,SG)	ʦʰɛʦʌnuje
ʦʰɛtt	V;PRS;NEG;TR;ABS(1,EXCL,PL);ERG(3,SG)	muʦʰɛtkʌ
ʦʰɛtt	V;PRS;POS;TR;ABS(1,EXCL,PL);ERG(3,DU)	ʦʰɛçkʌ
ʦʰɛtt	V;PRS;POS;TR;ABS(1,INCL,PL);ERG(3,PL)	ʦʰɛçki
ʦʰɛtt	V;PRS;POS;TR;ABS(2,DU);ERG(1,EXCL,PL)	ʔiʦʰɛçkʌ
ʦʰɛtt	V;PRS;POS;TR;ABS(2,SG);ERG(3,DU)	ʔiʦʰɛtsu
ʦʰɛtt	V;PRS;POS;TR;ABS(3,DU);ERG(2,PL)	ʔiʦʰɛɔ̂nni
ʦʰɛtt	V;PRS;POS;TR;ABS(3,PL);ERG(3,PL)	ʦʰɛtnu
ʦʰɛtt	V;PST;NEG;TR;ABS(1,INCL,PL);ERG(3,PL)	muʦʰɛçwiki
ʦʰɛtt	V;PST;NEG;TR;ABS(3,SG);ERG(3,DU)	muʦʰɛtwɛsu
ʦʰɛtt	V;PST;POS;REFL;ABS(1,EXCL,PL)	ʦʰɛtsiktʌkʌ
ʦʰɛtt	V;PST;POS;TR;ABS(1,EXCL,DU);ERG(2,PL)	ʔiʦʰɛstɛnu
ʦʰɛtt	V;PST;POS;TR;ABS(1,EXCL,PL);ERG(2,SG,FORM)	ʔiʦʰɛstɛ
ʦʰɛtt	V;PST;POS;TR;ABS(1,SG);ERG(2,PL)	ʦʰɛ̂ntɛnnu
ʦʰɛtt	V;PST;POS;TR;ABS(2,PL);ERG(3,PL)	ʔiʦʰɛttɛnu
ʦʰɛtt	V;PST;POS;TR;ABS(3,DU);ERG(3,PL)	ʦʰɛttɛnu
ʦʰɛtt	V;PST;POS;TR;ABS(3,PL);ERG(1,EXCL,DU)	ʔiʦʰɛstu
ʦʰɛtt	V;PST;POS;TR;ABS(3,PL);ERG(1,INCL,PL)	ʔiʦʰɛçtiki
