adiníłdíín	V;IND;PFV;NOM(1,GRPL)	daʼdiilníłdíín
adiníłdíín	V;IND;PFV;NOM(1,PL)	adiilníłdíín
adiníłdíín	V;IND;PFV;NOM(1,SG)	adisníłdíín
adiníłdíín	V;IND;PFV;NOM(2,GRPL)	daʼdoníłdíín
adiníłdíín	V;IND;PFV;NOM(2,PL)	adoníłdíín
adiníłdíín	V;IND;PFV;NOM(2,SG)	adíníłdíín
adiníłdíín	V;IND;PFV;NOM(3,GRPL)	daʼdiníłdíín
adiníłdíín	V;IND;PFV;NOM(3,PL)	adiníłdíín
adiníłdíín	V;IND;PFV;NOM(3,SG)	adiníłdíín
adiníłdíín	V;IND;PFV;NOM(4,GRPL)	dazhʼdiníłdíín
adiníłdíín	V;IND;PFV;NOM(4,PL)	azhdiníłdíín
adiníłdíín	V;IND;PFV;NOM(4,SG)	azhdiníłdíín
aheełtʼé	V;IND;PFV;NOM(1,GRPL)	daʼahieełtʼé
aheełtʼé	V;IND;PFV;NOM(1,PL)	ahieełtʼé
aheełtʼé	V;IND;PFV;NOM(1,SG)	aheeseełtʼé
aheełtʼé	V;IND;PFV;NOM(2,GRPL)	daʼahooeełtʼé
aheełtʼé	V;IND;PFV;NOM(2,PL)	ahooeełtʼé
aheełtʼé	V;IND;PFV;NOM(2,SG)	ahííneełtʼé
aheełtʼé	V;IND;PFV;NOM(3,GRPL)	daʼahoeełtʼé
aheełtʼé	V;IND;PFV;NOM(3,PL)	ahoeełtʼé
aheełtʼé	V;IND;PFV;NOM(3,SG)	ahoeełtʼé
aheełtʼé	V;IND;PFV;NOM(4,GRPL)	daʼaheełtʼé
aheełtʼé	V;IND;PFV;NOM(4,PL)	aheełtʼé
aheełtʼé	V;IND;PFV;NOM(4,SG)	aheełtʼé
diłhił	V;IND;PFV;NOM(1,GRPL)	dadiiłhił
diłhił	V;IND;PFV;NOM(1,PL)	diiłhił
diłhił	V;IND;PFV;NOM(1,SG)	diłhił
diłhił	V;IND;PFV;NOM(2,GRPL)	dadiłhił
diłhił	V;IND;PFV;NOM(2,PL)	diłhił
diłhił	V;IND;PFV;NOM(2,SG)	dinłhił
diłhił	V;IND;PFV;NOM(3,GRPL)	dadiłhił
diłhił	V;IND;PFV;NOM(3,PL)	diłhił
diłhił	V;IND;PFV;NOM(3,SG)	diłhił
diłhił	V;IND;PFV;NOM(4,GRPL)	dazhdiłhił
diłhił	V;IND;PFV;NOM(4,PL)	jidiłhił
diłhił	V;IND;PFV;NOM(4,SG)	jidiłhił
diʼil	V;IND;PFV;NOM(1,GRPL)	dadiiʼil
diʼil	V;IND;PFV;NOM(1,PL)	diiʼil
diʼil	V;IND;PFV;NOM(1,SG)	diʼil
diʼil	V;IND;PFV;NOM(2,GRPL)	dadiʼil
diʼil	V;IND;PFV;NOM(2,PL)	diʼil
diʼil	V;IND;PFV;NOM(2,SG)	dinʼil
diʼil	V;IND;PFV;NOM(3,GRPL)	dadiʼil
diʼil	V;IND;PFV;NOM(3,PL)	diʼil
diʼil	V;IND;PFV;NOM(3,SG)	diʼil
diʼil	V;IND;PFV;NOM(4,GRPL)	dazhdiʼil
diʼil	V;IND;PFV;NOM(4,PL)	jidiʼil
diʼil	V;IND;PFV;NOM(4,SG)	jidiʼil
hashké	V;IND;IPFV;NOM(1,GRPL)	dahoshiiké
hashké	V;IND;IPFV;NOM(1,PL)	hoshiiké
hashké	V;IND;IPFV;NOM(1,SG)	hoshishké
hashké	V;IND;IPFV;NOM(2,GRPL)	dahoshohké
hashké	V;IND;IPFV;NOM(2,PL)	hoshohké
hashké	V;IND;IPFV;NOM(2,SG)	hoshíké
hashké	V;IND;IPFV;NOM(3,GRPL)	dahashké
hashké	V;IND;IPFV;NOM(3,PL)	hashké
hashké	V;IND;IPFV;NOM(3,SG)	hashké
hashké	V;IND;IPFV;NOM(4,GRPL)	dahojishké
hashké	V;IND;IPFV;NOM(4,PL)	hojishké
hashké	V;IND;IPFV;NOM(4,SG)	hojishké
hashké	V;IND;PFV;NOM(1,GRPL)	dahashiiké
hashké	V;IND;PFV;NOM(1,PL)	hashiiké
hashké	V;IND;PFV;NOM(1,SG)	hashishké
hashké	V;IND;PFV;NOM(2,GRPL)	dahashohké
hashké	V;IND;PFV;NOM(2,PL)	hashohké
hashké	V;IND;PFV;NOM(2,SG)	hashíké
hashké	V;IND;PFV;NOM(3,GRPL)	dahashké
hashké	V;IND;PFV;NOM(3,PL)	hashké
hashké	V;IND;PFV;NOM(3,SG)	hashké
hashké	V;IND;PFV;NOM(4,GRPL)	dahojishké
hashké	V;IND;PFV;NOM(4,PL)	hojishké
hashké	V;IND;PFV;NOM(4,SG)	hojishké
iildlóósh	V;IND;IPFV;NOM(1,GRPL)	adeiildlóósh
iildlóósh	V;IND;IPFV;NOM(2,GRPL)	adaałdlóósh
iildlóósh	V;IND;IPFV;NOM(2,PL)	oołdlóósh
iildlóósh	V;IND;IPFV;NOM(2,SG)	anildlóósh
iildlóósh	V;IND;IPFV;NOM(3,PL)	iildlóósh
iildlóósh	V;IND;IPFV;NOM(3,SG)	iildlóósh
iildlóósh	V;IND;IPFV;NOM(4,GRPL)	adajildlóósh
iildlóósh	V;IND;IPFV;NOM(4,PL)	ajildlóósh
iildlóósh	V;IND;PFV;NOM(1,GRPL)	adasiildlóósh
iildlóósh	V;IND;PFV;NOM(1,SG)	eesdlóósh
iildlóósh	V;IND;PFV;NOM(2,GRPL)	adasoołdlóósh
iildlóósh	V;IND;PFV;NOM(2,PL)	oołdlóósh
iildlóósh	V;IND;PFV;NOM(3,GRPL)	adaasdlóósh
iildlóósh	V;IND;PFV;NOM(3,PL)	eeldlóósh
iildlóósh	V;IND;PFV;NOM(3,SG)	eeldlóósh
iildlóósh	V;IND;PFV;NOM(4,PL)	ajooldlóósh
iildlóósh	V;IND;PFV;NOM(4,SG)	ajooldlóósh
iildlóósh	V;IND;PROSP;NOM(1,PL)	adiildlóósh
iildlóósh	V;IND;PROSP;NOM(1,SG)	adeesdlóósh
iildlóósh	V;IND;PROSP;NOM(2,SG)	adííldlóósh
iildlóósh	V;IND;PROSP;NOM(3,PL)	adooldlóósh
iildlóósh	V;IND;PROSP;NOM(4,PL)	azhdooldlóósh
iizǫ́ǫ́s	V;IND;IPFV;NOM(1,GRPL)	daʼayiidzǫ́ǫ́s
iizǫ́ǫ́s	V;IND;IPFV;NOM(1,PL)	ayiidzǫ́ǫ́s
iizǫ́ǫ́s	V;IND;IPFV;NOM(1,SG)	iisǫ́ǫ́s
iizǫ́ǫ́s	V;IND;IPFV;NOM(2,GRPL)	daʼayohsǫ́ǫ́s
iizǫ́ǫ́s	V;IND;IPFV;NOM(3,GRPL)	daʼiizǫ́ǫ́s
iizǫ́ǫ́s	V;IND;IPFV;NOM(3,SG)	iizǫ́ǫ́s
iizǫ́ǫ́s	V;IND;IPFV;NOM(4,GRPL)	daʼjiizǫ́ǫ́s
iizǫ́ǫ́s	V;IND;IPFV;NOM(4,PL)	ajiizǫ́ǫ́s
iizǫ́ǫ́s	V;IND;PFV;NOM(1,SG)	ayíízǫ́ǫ́s
iizǫ́ǫ́s	V;IND;PFV;NOM(2,GRPL)	adashoozǫ́ǫ́s
iizǫ́ǫ́s	V;IND;PFV;NOM(2,SG)	ayíínízǫ́ǫ́s
iizǫ́ǫ́s	V;IND;PFV;NOM(3,GRPL)	daʼayíízǫ́ǫ́s
iizǫ́ǫ́s	V;IND;PFV;NOM(3,SG)	ayíízǫ́ǫ́s
iizǫ́ǫ́s	V;IND;PFV;NOM(4,GRPL)	daʼjiyíízǫ́ǫ́s
iizǫ́ǫ́s	V;IND;PFV;NOM(4,SG)	ajiyíízǫ́ǫ́s
iizǫ́ǫ́s	V;IND;PROSP;NOM(1,PL)	adiizǫ́ǫ́s
iizǫ́ǫ́s	V;IND;PROSP;NOM(1,SG)	adeeszǫ́ǫ́s
iizǫ́ǫ́s	V;IND;PROSP;NOM(2,GRPL)	adadoozǫ́ǫ́s
iizǫ́ǫ́s	V;IND;PROSP;NOM(3,GRPL)	adadoozǫ́ǫ́s
iizǫ́ǫ́s	V;IND;PROSP;NOM(3,SG)	adoozǫ́ǫ́s
iizǫ́ǫ́s	V;IND;PROSP;NOM(4,GRPL)	adazhdoozǫ́ǫ́s
iizǫ́ǫ́s	V;IND;PROSP;NOM(4,PL)	azhdoozǫ́ǫ́s
iizǫ́ǫ́s	V;IND;PROSP;NOM(4,SG)	azhdoozǫ́ǫ́s
naadá	V;IND;IPFV;NOM(1,GRPL)	nideiidá
naadá	V;IND;IPFV;NOM(2,GRPL)	nidaadá
naadá	V;IND;IPFV;NOM(2,SG)	nanidá
naadá	V;IND;IPFV;NOM(3,GRPL)	nidaadá
naadá	V;IND;IPFV;NOM(4,SG)	nijidá
naadá	V;IND;PFV;NOM(1,PL)	nisiidá
naadá	V;IND;PFV;NOM(2,GRPL)	nidashoodá
naadá	V;IND;PFV;NOM(2,PL)	nisoodá
naadá	V;IND;PFV;NOM(2,SG)	nisínídá
naadá	V;IND;PFV;NOM(3,GRPL)	nidaadá
naadá	V;IND;PFV;NOM(3,PL)	naadá
naadá	V;IND;PFV;NOM(3,SG)	naadá
naadá	V;IND;PFV;NOM(4,GRPL)	nidajizdá
naadá	V;IND;PFV;NOM(4,PL)	nijizdá
naadá	V;IND;PFV;NOM(4,SG)	nijizdá
naadá	V;IND;PROSP;NOM(1,GRPL)	ndadiidá
naadá	V;IND;PROSP;NOM(1,PL)	ndiidá
naadá	V;IND;PROSP;NOM(2,GRPL)	ndadoodá
naadá	V;IND;PROSP;NOM(2,SG)	ndíídá
naadá	V;IND;PROSP;NOM(3,GRPL)	ndadoodá
naadá	V;IND;PROSP;NOM(3,SG)	ndoodá
naadá	V;IND;PROSP;NOM(4,GRPL)	ndazhdoodá
naadá	V;IND;PROSP;NOM(4,PL)	nizhdoodá
naaljooł	V;IND;IPFV;NOM(1,GRPL)	nideiiljooł
naaljooł	V;IND;IPFV;NOM(1,PL)	neiiljooł
naaljooł	V;IND;IPFV;NOM(1,SG)	naashjooł
naaljooł	V;IND;IPFV;NOM(2,GRPL)	nidaałjooł
naaljooł	V;IND;IPFV;NOM(2,PL)	naołjooł
naaljooł	V;IND;IPFV;NOM(3,GRPL)	nidaaljooł
naaljooł	V;IND;IPFV;NOM(3,SG)	naaljooł
naaljooł	V;IND;IPFV;NOM(4,GRPL)	nidajiljooł
naaljooł	V;IND;IPFV;NOM(4,PL)	nijiljooł
naaljooł	V;IND;PFV;NOM(1,GRPL)	nidashiiljooł
naaljooł	V;IND;PFV;NOM(1,SG)	nishishjooł
naaljooł	V;IND;PFV;NOM(2,GRPL)	nidashoołjooł
naaljooł	V;IND;PFV;NOM(2,PL)	nishoołjooł
naaljooł	V;IND;PFV;NOM(3,GRPL)	nidaashjooł
naaljooł	V;IND;PFV;NOM(3,PL)	naashjooł
naaljooł	V;IND;PFV;NOM(4,PL)	nijishjooł
naaljooł	V;IND;PFV;NOM(4,SG)	nijishjooł
naaljooł	V;IND;PROSP;NOM(1,GRPL)	ndadiiljooł
naaljooł	V;IND;PROSP;NOM(2,PL)	ndoołjooł
naaljooł	V;IND;PROSP;NOM(3,PL)	ndooljooł
naaljooł	V;IND;PROSP;NOM(3,SG)	ndooljooł
naaljooł	V;IND;PROSP;NOM(4,GRPL)	ndazhdooljooł
naaljooł	V;IND;PROSP;NOM(4,PL)	nizhdooljooł
naamaas	V;IND;IPFV;NOM(1,GRPL)	nideiimaas
naamaas	V;IND;IPFV;NOM(1,PL)	neiimaas
naamaas	V;IND;IPFV;NOM(1,SG)	naamaas
naamaas	V;IND;IPFV;NOM(2,PL)	naamaas
naamaas	V;IND;IPFV;NOM(3,PL)	naamaas
naamaas	V;IND;IPFV;NOM(3,SG)	naamaas
naamaas	V;IND;IPFV;NOM(4,GRPL)	nidajimaas
naamaas	V;IND;IPFV;NOM(4,PL)	nijimaas
naamaas	V;IND;IPFV;NOM(4,SG)	nijimaas
naamaas	V;IND;PFV;NOM(1,PL)	nisiimaas
naamaas	V;IND;PFV;NOM(1,SG)	nisémaas
naamaas	V;IND;PFV;NOM(2,GRPL)	nidashoomaas
naamaas	V;IND;PFV;NOM(3,GRPL)	nidaamaas
naamaas	V;IND;PFV;NOM(3,PL)	naamaas
naamaas	V;IND;PFV;NOM(3,SG)	naamaas
naamaas	V;IND;PFV;NOM(4,GRPL)	nidajizmaas
naamaas	V;IND;PROSP;NOM(1,PL)	ndiimaas
naamaas	V;IND;PROSP;NOM(1,SG)	ndeeshmaas
naamaas	V;IND;PROSP;NOM(2,SG)	ndíímaas
naamaas	V;IND;PROSP;NOM(3,SG)	ndoomaas
naamaas	V;IND;PROSP;NOM(4,PL)	nizhdoomaas
naamaas	V;IND;PROSP;NOM(4,SG)	nizhdoomaas
naataz	V;IND;IPFV;NOM(1,GRPL)	nideiitaz
naataz	V;IND;IPFV;NOM(1,SG)	naashtaz
naataz	V;IND;IPFV;NOM(2,GRPL)	nidaahtaz
naataz	V;IND;IPFV;NOM(2,PL)	naahtaz
naataz	V;IND;IPFV;NOM(2,SG)	nanitaz
naataz	V;IND;IPFV;NOM(3,GRPL)	nidaataz
naataz	V;IND;IPFV;NOM(3,PL)	naataz
naataz	V;IND;IPFV;NOM(3,SG)	naataz
naataz	V;IND;IPFV;NOM(4,PL)	nijitaz
naataz	V;IND;IPFV;NOM(4,SG)	nijitaz
naataz	V;IND;PFV;NOM(1,SG)	nisétaz
naataz	V;IND;PFV;NOM(2,GRPL)	nidasootaz
naataz	V;IND;PFV;NOM(2,PL)	nisootaz
naataz	V;IND;PFV;NOM(2,SG)	nisínítaz
naataz	V;IND;PFV;NOM(3,GRPL)	nidaaztaz
naataz	V;IND;PFV;NOM(3,PL)	naaztaz
naataz	V;IND;PFV;NOM(3,SG)	naaztaz
naataz	V;IND;PROSP;NOM(1,GRPL)	ndadiitaz
naataz	V;IND;PROSP;NOM(2,GRPL)	ndadoohtaz
naataz	V;IND;PROSP;NOM(3,PL)	nidootaz
naataz	V;IND;PROSP;NOM(3,SG)	nidootaz
naataz	V;IND;PROSP;NOM(4,GRPL)	ndazhdootaz
naataz	V;IND;PROSP;NOM(4,SG)	nizhdootaz
neitłeeh	V;IND;IPFV;NOM(1,GRPL)	nideiitłeeh
neitłeeh	V;IND;IPFV;NOM(1,PL)	neiitłeeh
neitłeeh	V;IND;IPFV;NOM(1,SG)	naastłeeh
neitłeeh	V;IND;IPFV;NOM(2,GRPL)	nidaatłeeh
neitłeeh	V;IND;IPFV;NOM(2,PL)	naahtłeeh
neitłeeh	V;IND;IPFV;NOM(3,GRPL)	nideitłeeh
neitłeeh	V;IND;IPFV;NOM(3,SG)	neitłeeh
neitłeeh	V;IND;IPFV;NOM(4,GRPL)	nidajitłeeh
neitłeeh	V;IND;IPFV;NOM(4,PL)	nijitłeeh
neitłeeh	V;IND;IPFV;NOM(4,SG)	nijitłeeh
neitłeeh	V;IND;PFV;NOM(1,PL)	nisiitłeeh
neitłeeh	V;IND;PFV;NOM(2,GRPL)	nidatłeeh
neitłeeh	V;IND;PFV;NOM(2,SG)	nistłeeh
neitłeeh	V;IND;PFV;NOM(3,GRPL)	nideitłeeh
neitłeeh	V;IND;PFV;NOM(4,SG)	nijitłeeh
neitłeeh	V;IND;PROSP;NOM(1,GRPL)	ndadiitłeeh
neitłeeh	V;IND;PROSP;NOM(1,PL)	ndiitłeeh
neitłeeh	V;IND;PROSP;NOM(2,PL)	ndootłeeh
neitłeeh	V;IND;PROSP;NOM(2,SG)	ndíítłeeh
neitłeeh	V;IND;PROSP;NOM(3,GRPL)	ndeidootłeeh
neitłeeh	V;IND;PROSP;NOM(4,GRPL)	ndazhdootłeeh
neitłeeh	V;IND;PROSP;NOM(4,PL)	nitłeeh
neitłeeh	V;IND;PROSP;NOM(4,SG)	nitłeeh
neiłbąąs	V;IND;IPFV;NOM(1,GRPL)	ndeiilbąąs
neiłbąąs	V;IND;IPFV;NOM(3,GRPL)	ndeiłbąąs
neiłbąąs	V;IND;IPFV;NOM(3,PL)	neiłbąąs
neiłbąąs	V;IND;IPFV;NOM(4,PL)	njiłbąąs
neiłbąąs	V;IND;PFV;NOM(1,GRPL)	ndasiilbąąs
neiłbąąs	V;IND;PFV;NOM(1,PL)	nisiilbąąs
neiłbąąs	V;IND;PFV;NOM(1,SG)	niséłbąąs
neiłbąąs	V;IND;PFV;NOM(2,GRPL)	ndasoołbąąs
neiłbąąs	V;IND;PFV;NOM(2,PL)	nisoołbąąs
neiłbąąs	V;IND;PFV;NOM(2,SG)	nisíníłbąąs
neiłbąąs	V;IND;PFV;NOM(3,GRPL)	ndeisbąąs
neiłbąąs	V;IND;PFV;NOM(3,PL)	neisbąąs
neiłbąąs	V;IND;PFV;NOM(3,SG)	neisbąąs
neiłbąąs	V;IND;PFV;NOM(4,GRPL)	ndajisbąąs
neiłbąąs	V;IND;PFV;NOM(4,SG)	njisbąąs
neiłbąąs	V;IND;PROSP;NOM(1,PL)	ndiilbąąs
neiłbąąs	V;IND;PROSP;NOM(2,GRPL)	ndadoołbąąs
neiłbąąs	V;IND;PROSP;NOM(2,PL)	ndoołbąąs
neiłbąąs	V;IND;PROSP;NOM(3,PL)	neidoołbąąs
neiłbąąs	V;IND;PROSP;NOM(3,SG)	neidoołbąąs
neiłbąąs	V;IND;PROSP;NOM(4,GRPL)	ndazhdoołbąąs
neiłbąąs	V;IND;PROSP;NOM(4,PL)	nizhdoołbąąs
neiłbąąs	V;IND;PROSP;NOM(4,SG)	nizhdoołbąąs
neiłgizh	V;IND;IPFV;NOM(2,GRPL)	ndaałgizh
neiłgizh	V;IND;IPFV;NOM(2,PL)	naałgizh
neiłgizh	V;IND;IPFV;NOM(3,PL)	neiłgizh
neiłgizh	V;IND;IPFV;NOM(3,SG)	neiłgizh
neiłgizh	V;IND;IPFV;NOM(4,GRPL)	ndajiłgizh
neiłgizh	V;IND;IPFV;NOM(4,SG)	njiłgizh
neiłgizh	V;IND;PFV;NOM(1,PL)	nisiilgizh
neiłgizh	V;IND;PFV;NOM(1,SG)	niséłgizh
neiłgizh	V;IND;PFV;NOM(2,GRPL)	ndasoołgizh
neiłgizh	V;IND;PFV;NOM(2,PL)	nisoołgizh
neiłgizh	V;IND;PFV;NOM(2,SG)	nisíníłgizh
neiłgizh	V;IND;PFV;NOM(3,GRPL)	ndeisgizh
neiłgizh	V;IND;PFV;NOM(3,SG)	neisgizh
neiłgizh	V;IND;PFV;NOM(4,SG)	njisgizh
neiłgizh	V;IND;PROSP;NOM(1,GRPL)	ndadiilgizh
neiłgizh	V;IND;PROSP;NOM(1,PL)	ndiilgizh
neiłgizh	V;IND;PROSP;NOM(2,GRPL)	ndadoołgizh
neiłgizh	V;IND;PROSP;NOM(2,PL)	ndoołgizh
neiłgizh	V;IND;PROSP;NOM(2,SG)	ndííłgizh
neiłgizh	V;IND;PROSP;NOM(3,GRPL)	ndeidoołgizh
neiłgizh	V;IND;PROSP;NOM(3,SG)	neidoołgizh
neiłgizh	V;IND;PROSP;NOM(4,GRPL)	ndazhdoołgizh
neiłgizh	V;IND;PROSP;NOM(4,SG)	nizhdoołgizh
neiłmaas	V;IND;IPFV;NOM(1,SG)	naashmaas
neiłmaas	V;IND;IPFV;NOM(2,GRPL)	ndaałmaas
neiłmaas	V;IND;IPFV;NOM(2,SG)	naniłmaas
neiłmaas	V;IND;IPFV;NOM(3,GRPL)	ndeiłmaas
neiłmaas	V;IND;IPFV;NOM(3,PL)	neiłmaas
neiłmaas	V;IND;IPFV;NOM(3,SG)	neiłmaas
neiłmaas	V;IND;IPFV;NOM(4,PL)	njiłmaas
neiłmaas	V;IND;IPFV;NOM(4,SG)	njiłmaas
neiłmaas	V;IND;PFV;NOM(1,PL)	nisiilmaas
neiłmaas	V;IND;PFV;NOM(2,GRPL)	ndasoołmaas
neiłmaas	V;IND;PFV;NOM(2,PL)	nisoołmaas
neiłmaas	V;IND;PFV;NOM(2,SG)	nisíníłmaas
neiłmaas	V;IND;PFV;NOM(3,GRPL)	ndeismaas
neiłmaas	V;IND;PFV;NOM(3,PL)	neismaas
neiłmaas	V;IND;PFV;NOM(3,SG)	neismaas
neiłmaas	V;IND;PFV;NOM(4,GRPL)	ndajismaas
neiłmaas	V;IND;PROSP;NOM(1,GRPL)	ndadiilmaas
neiłmaas	V;IND;PROSP;NOM(1,PL)	ndiilmaas
neiłmaas	V;IND;PROSP;NOM(2,GRPL)	ndadoołmaas
neiłmaas	V;IND;PROSP;NOM(2,SG)	ndííłmaas
neiłmaas	V;IND;PROSP;NOM(3,GRPL)	ndeidoołmaas
neiłmaas	V;IND;PROSP;NOM(3,SG)	neidoołmaas
neiłmaas	V;IND;PROSP;NOM(4,SG)	nizhdoołmaas
neiłtseed	V;IND;IPFV;NOM(1,GRPL)	nideiiltseed
neiłtseed	V;IND;IPFV;NOM(1,PL)	neiiltseed
neiłtseed	V;IND;IPFV;NOM(2,GRPL)	nidaałtseed
neiłtseed	V;IND;IPFV;NOM(2,PL)	naołtseed
neiłtseed	V;IND;IPFV;NOM(4,PL)	nijiłtseed
neiłtseed	V;IND;IPFV;NOM(4,SG)	nijiłtseed
neiłtseed	V;IND;PFV;NOM(1,GRPL)	nidasiiltseed
neiłtseed	V;IND;PFV;NOM(1,PL)	nisiiltseed
neiłtseed	V;IND;PFV;NOM(1,SG)	niséłtseed
neiłtseed	V;IND;PFV;NOM(2,GRPL)	nidasoołtseed
neiłtseed	V;IND;PFV;NOM(3,GRPL)	nideistseed
neiłtseed	V;IND;PFV;NOM(3,PL)	neistseed
neiłtseed	V;IND;PFV;NOM(3,SG)	neistseed
neiłtseed	V;IND;PFV;NOM(4,GRPL)	nidajistseed
neiłtseed	V;IND;PFV;NOM(4,PL)	nijistseed
neiłtseed	V;IND;PROSP;NOM(1,GRPL)	ndadiiltseed
neiłtseed	V;IND;PROSP;NOM(1,PL)	ndiiltseed
neiłtseed	V;IND;PROSP;NOM(1,SG)	ndeestseed
neiłtseed	V;IND;PROSP;NOM(2,GRPL)	ndadoołtseed
neiłtseed	V;IND;PROSP;NOM(2,SG)	ndííłtseed
neiłtseed	V;IND;PROSP;NOM(3,PL)	neidoołtseed
neiłtseed	V;IND;PROSP;NOM(3,SG)	neidoołtseed
neiłtseed	V;IND;PROSP;NOM(4,SG)	nizhdoołtseed
neiłtʼiʼ	V;IND;IPFV;NOM(1,GRPL)	ndeiiltʼiʼ
neiłtʼiʼ	V;IND;IPFV;NOM(1,PL)	neiiltʼiʼ
neiłtʼiʼ	V;IND;IPFV;NOM(2,GRPL)	ndaałtʼiʼ
neiłtʼiʼ	V;IND;IPFV;NOM(3,GRPL)	ndeiłtʼiʼ
neiłtʼiʼ	V;IND;IPFV;NOM(3,PL)	neiłtʼiʼ
neiłtʼiʼ	V;IND;IPFV;NOM(3,SG)	neiłtʼiʼ
neiłtʼiʼ	V;IND;IPFV;NOM(4,PL)	njiłtʼiʼ
neiłtʼiʼ	V;IND;PFV;NOM(1,GRPL)	ndasiiltʼiʼ
neiłtʼiʼ	V;IND;PFV;NOM(1,SG)	niséłtʼiʼ
neiłtʼiʼ	V;IND;PFV;NOM(2,GRPL)	ndasoołtʼiʼ
neiłtʼiʼ	V;IND;PFV;NOM(2,PL)	nisoołtʼiʼ
neiłtʼiʼ	V;IND;PFV;NOM(2,SG)	nisíníłtʼiʼ
neiłtʼiʼ	V;IND;PFV;NOM(3,SG)	neistʼiʼ
neiłtʼiʼ	V;IND;PFV;NOM(4,PL)	njistʼiʼ
neiłtʼiʼ	V;IND;PFV;NOM(4,SG)	njistʼiʼ
neiłtʼiʼ	V;IND;PROSP;NOM(1,GRPL)	ndadiiltʼiʼ
neiłtʼiʼ	V;IND;PROSP;NOM(1,PL)	ndiiltʼiʼ
neiłtʼiʼ	V;IND;PROSP;NOM(1,SG)	ndeeshtʼiʼ
neiłtʼiʼ	V;IND;PROSP;NOM(2,PL)	ndoołtʼiʼ
neiłtʼiʼ	V;IND;PROSP;NOM(2,SG)	ndííłtʼiʼ
neiłtʼiʼ	V;IND;PROSP;NOM(3,PL)	neidoołtʼiʼ
neiłtʼiʼ	V;IND;PROSP;NOM(4,PL)	nizhdoołtʼiʼ
neiłtʼiʼ	V;IND;PROSP;NOM(4,SG)	nizhdoołtʼiʼ
neiʼeesh	V;IND;IPFV;NOM(1,PL)	neiitʼeesh
neiʼeesh	V;IND;IPFV;NOM(1,SG)	naashʼeesh
neiʼeesh	V;IND;IPFV;NOM(2,GRPL)	nidaahʼeesh
neiʼeesh	V;IND;IPFV;NOM(2,PL)	naahʼeesh
neiʼeesh	V;IND;IPFV;NOM(2,SG)	naniʼeesh
neiʼeesh	V;IND;IPFV;NOM(3,PL)	neiʼeesh
neiʼeesh	V;IND;IPFV;NOM(4,SG)	nijiʼeesh
neiʼeesh	V;IND;PFV;NOM(1,PL)	nisiitʼąeesh
neiʼeesh	V;IND;PFV;NOM(1,SG)	niséʼąeesh
neiʼeesh	V;IND;PFV;NOM(2,GRPL)	nidasooʼąeesh
neiʼeesh	V;IND;PFV;NOM(2,PL)	nisooʼąeesh
neiʼeesh	V;IND;PFV;NOM(2,SG)	nisíníʼąeesh
neiʼeesh	V;IND;PFV;NOM(3,GRPL)	nideizʼąeesh
neiʼeesh	V;IND;PFV;NOM(4,GRPL)	nidajizʼąeesh
neiʼeesh	V;IND;PROSP;NOM(1,GRPL)	ndadiitʼaaeesh
neiʼeesh	V;IND;PROSP;NOM(1,SG)	ndeeshʼaaeesh
neiʼeesh	V;IND;PROSP;NOM(2,GRPL)	ndadoohʼaaeesh
neiʼeesh	V;IND;PROSP;NOM(2,SG)	ndííʼaaeesh
neiʼeesh	V;IND;PROSP;NOM(3,GRPL)	ndeidooʼaaeesh
neiʼeesh	V;IND;PROSP;NOM(3,PL)	neidooʼaaeesh
neiʼeesh	V;IND;PROSP;NOM(4,GRPL)	ndazhdooʼaaeesh
neiʼeesh	V;IND;PROSP;NOM(4,PL)	nizhdooʼaaeesh
neiʼeesh	V;IND;PROSP;NOM(4,SG)	nizhdooʼaaeesh
noodǫ́ǫ́z	V;IND;PFV;NOM(1,GRPL)	noodǫ́ǫ́z
noodǫ́ǫ́z	V;IND;PFV;NOM(1,PL)	noodǫ́ǫ́z
noodǫ́ǫ́z	V;IND;PFV;NOM(1,SG)	noodǫ́ǫ́z
noodǫ́ǫ́z	V;IND;PFV;NOM(2,GRPL)	noodǫ́ǫ́z
noodǫ́ǫ́z	V;IND;PFV;NOM(2,PL)	noodǫ́ǫ́z
noodǫ́ǫ́z	V;IND;PFV;NOM(2,SG)	noodǫ́ǫ́z
noodǫ́ǫ́z	V;IND;PFV;NOM(3,GRPL)	noodǫ́ǫ́z
noodǫ́ǫ́z	V;IND;PFV;NOM(3,PL)	noodǫ́ǫ́z
noodǫ́ǫ́z	V;IND;PFV;NOM(3,SG)	noodǫ́ǫ́z
noodǫ́ǫ́z	V;IND;PFV;NOM(4,GRPL)	noodǫ́ǫ́z
noodǫ́ǫ́z	V;IND;PFV;NOM(4,PL)	noodǫ́ǫ́z
noodǫ́ǫ́z	V;IND;PFV;NOM(4,SG)	noodǫ́ǫ́z
yichʼid	V;IND;IPFV;NOM(1,GRPL)	deiichʼid
yichʼid	V;IND;IPFV;NOM(1,SG)	yishchʼid
yichʼid	V;IND;IPFV;NOM(2,GRPL)	daahchʼid
yichʼid	V;IND;IPFV;NOM(2,PL)	wohchʼid
yichʼid	V;IND;IPFV;NOM(3,GRPL)	deichʼid
yichʼid	V;IND;IPFV;NOM(3,PL)	yichʼid
yichʼid	V;IND;IPFV;NOM(3,SG)	yichʼid
yichʼid	V;IND;IPFV;NOM(4,GRPL)	dajichʼid
yichʼid	V;IND;IPFV;NOM(4,SG)	jichʼid
yichʼid	V;IND;PFV;NOM(1,SG)	yíchʼiid
yichʼid	V;IND;PFV;NOM(2,GRPL)	daoochʼiid
yichʼid	V;IND;PFV;NOM(2,PL)	woochʼiid
yichʼid	V;IND;PFV;NOM(2,SG)	yíníchʼiid
yichʼid	V;IND;PFV;NOM(3,GRPL)	dayííchʼiid
yichʼid	V;IND;PFV;NOM(3,SG)	yiyííchʼiid
yichʼid	V;IND;PFV;NOM(4,PL)	jííchʼiid
yichʼid	V;IND;PROSP;NOM(1,GRPL)	dadiichʼid
yichʼid	V;IND;PROSP;NOM(1,PL)	diichʼid
yichʼid	V;IND;PROSP;NOM(2,PL)	doohchʼid
yichʼid	V;IND;PROSP;NOM(2,SG)	dííchʼid
yichʼid	V;IND;PROSP;NOM(3,GRPL)	deidoochʼid
yichʼid	V;IND;PROSP;NOM(3,SG)	yidoochʼid
yichʼid	V;IND;PROSP;NOM(4,PL)	jidoochʼid
yidiitsʼį́į́h	V;IND;IPFV;NOM(1,GRPL)	dadiitsʼį́į́h
yidiitsʼį́į́h	V;IND;IPFV;NOM(1,PL)	diitsʼį́į́h
yidiitsʼį́į́h	V;IND;IPFV;NOM(1,SG)	diistsʼį́į́h
yidiitsʼį́į́h	V;IND;IPFV;NOM(2,PL)	dootsʼį́į́h
yidiitsʼį́į́h	V;IND;IPFV;NOM(2,SG)	diitsʼį́į́h
yidiitsʼį́į́h	V;IND;IPFV;NOM(3,SG)	yidiitsʼį́į́h
yidiitsʼį́į́h	V;IND;IPFV;NOM(4,GRPL)	dazhdiitsʼį́į́h
yidiitsʼį́į́h	V;IND;PFV;NOM(1,GRPL)	dadiitsʼį́į́h
yidiitsʼį́į́h	V;IND;PFV;NOM(1,PL)	diitsʼį́į́h
yidiitsʼį́į́h	V;IND;PFV;NOM(1,SG)	diitsʼį́į́h
yidiitsʼį́į́h	V;IND;PFV;NOM(2,PL)	dootsʼį́į́h
yidiitsʼį́į́h	V;IND;PFV;NOM(2,SG)	dinitsʼį́į́h
yidiitsʼį́į́h	V;IND;PFV;NOM(3,GRPL)	deidiitsʼį́į́h
yidiitsʼį́į́h	V;IND;PFV;NOM(3,SG)	yidiitsʼį́į́h
yidiitsʼį́į́h	V;IND;PFV;NOM(4,GRPL)	dazhdiitsʼį́į́h
yidiitsʼį́į́h	V;IND;PFV;NOM(4,PL)	jidiitsʼį́į́h
yidiitsʼį́į́h	V;IND;PFV;NOM(4,SG)	jidiitsʼį́į́h
yidiitsʼį́į́h	V;IND;PROSP;NOM(1,GRPL)	dadidiiitsʼį́į́h
yidiitsʼį́į́h	V;IND;PROSP;NOM(1,SG)	dideesitsʼį́į́h
yidiitsʼį́į́h	V;IND;PROSP;NOM(2,GRPL)	dadidoohitsʼį́į́h
yidiitsʼį́į́h	V;IND;PROSP;NOM(2,PL)	didoohitsʼį́į́h
yidiitsʼį́į́h	V;IND;PROSP;NOM(3,GRPL)	deididooitsʼį́į́h
yidiitsʼį́į́h	V;IND;PROSP;NOM(4,GRPL)	dazhdidooitsʼį́į́h
yigeeh	V;IND;IPFV;NOM(1,GRPL)	deiigeeh
yigeeh	V;IND;IPFV;NOM(1,SG)	yisheeh
yigeeh	V;IND;IPFV;NOM(2,GRPL)	daaheeh
yigeeh	V;IND;IPFV;NOM(2,SG)	nigeeh
yigeeh	V;IND;IPFV;NOM(3,GRPL)	daageeh
yigeeh	V;IND;IPFV;NOM(3,PL)	yigeeh
yigeeh	V;IND;IPFV;NOM(3,SG)	yigeeh
yigeeh	V;IND;IPFV;NOM(4,GRPL)	dajigeeh
yigeeh	V;IND;IPFV;NOM(4,SG)	jigeeh
yigeeh	V;IND;PFV;NOM(1,GRPL)	deiigeeh
yigeeh	V;IND;PFV;NOM(1,PL)	yiigeeh
yigeeh	V;IND;PFV;NOM(2,GRPL)	daoogeeh
yigeeh	V;IND;PFV;NOM(2,PL)	woogeeh
yigeeh	V;IND;PFV;NOM(3,PL)	yiyíígeeh
yigeeh	V;IND;PFV;NOM(3,SG)	yiyíígeeh
yigeeh	V;IND;PROSP;NOM(1,SG)	deesgeeh
yigeeh	V;IND;PROSP;NOM(2,GRPL)	dadoogeeh
yigeeh	V;IND;PROSP;NOM(3,GRPL)	deigeeh
yigeeh	V;IND;PROSP;NOM(3,PL)	yigeeh
yigeeh	V;IND;PROSP;NOM(4,GRPL)	dazhdoogeeh
yigeeh	V;IND;PROSP;NOM(4,PL)	jigeeh
yigeeh	V;IND;PROSP;NOM(4,SG)	jigeeh
yighááh	V;IND;IPFV;NOM(1,GRPL)	deiigááh
yighááh	V;IND;IPFV;NOM(1,SG)	yishhááh
yighááh	V;IND;IPFV;NOM(2,GRPL)	daahhááh
yighááh	V;IND;IPFV;NOM(2,PL)	wohhááh
yighááh	V;IND;IPFV;NOM(2,SG)	nighááh
yighááh	V;IND;IPFV;NOM(3,PL)	yighááh
yighááh	V;IND;IPFV;NOM(3,SG)	yighááh
yighááh	V;IND;IPFV;NOM(4,GRPL)	dajighááh
yighááh	V;IND;IPFV;NOM(4,PL)	jighááh
yighááh	V;IND;PFV;NOM(1,GRPL)	deiigááh
yighááh	V;IND;PFV;NOM(1,PL)	yiigááh
yighááh	V;IND;PFV;NOM(1,SG)	yíghááh
yighááh	V;IND;PFV;NOM(2,GRPL)	daooghááh
yighááh	V;IND;PFV;NOM(3,GRPL)	dayííghááh
yighááh	V;IND;PFV;NOM(4,GRPL)	dajííghááh
yighááh	V;IND;PFV;NOM(4,SG)	jííghááh
yighááh	V;IND;PROSP;NOM(1,GRPL)	dadiighááh
yighááh	V;IND;PROSP;NOM(1,PL)	diighááh
yighááh	V;IND;PROSP;NOM(2,GRPL)	dadooghááh
yighááh	V;IND;PROSP;NOM(3,PL)	yighááh
yighááh	V;IND;PROSP;NOM(3,SG)	yighááh
yighááh	V;IND;PROSP;NOM(4,PL)	jighááh
yighááh	V;IND;PROSP;NOM(4,SG)	jighááh
yigoh	V;IND;PFV;NOM(1,GRPL)	deiigoh
yigoh	V;IND;PFV;NOM(1,PL)	yiigoh
yigoh	V;IND;PFV;NOM(1,SG)	yígoh
yigoh	V;IND;PFV;NOM(2,GRPL)	daoogoh
yigoh	V;IND;PFV;NOM(2,PL)	woogoh
yigoh	V;IND;PFV;NOM(2,SG)	yínígoh
yigoh	V;IND;PFV;NOM(3,GRPL)	dayíígoh
yigoh	V;IND;PFV;NOM(3,PL)	yiyíígoh
yigoh	V;IND;PFV;NOM(3,SG)	yiyíígoh
yigoh	V;IND;PFV;NOM(4,GRPL)	dajíígoh
yigoh	V;IND;PFV;NOM(4,PL)	jíígoh
yigoh	V;IND;PFV;NOM(4,SG)	jíígoh
yijeeh	V;IND;IPFV;NOM(1,GRPL)	deiijeeh
yijeeh	V;IND;IPFV;NOM(1,PL)	yiijeeh
yijeeh	V;IND;IPFV;NOM(1,SG)	yishjeeh
yijeeh	V;IND;IPFV;NOM(2,GRPL)	daahjeeh
yijeeh	V;IND;IPFV;NOM(2,PL)	wohjeeh
yijeeh	V;IND;IPFV;NOM(3,PL)	yijeeh
yijeeh	V;IND;IPFV;NOM(3,SG)	yijeeh
yijeeh	V;IND;IPFV;NOM(4,PL)	jijeeh
yijeeh	V;IND;IPFV;NOM(4,SG)	jijeeh
yijeeh	V;IND;PFV;NOM(1,PL)	yiijeeh
yijeeh	V;IND;PFV;NOM(1,SG)	yishjeeh
yijeeh	V;IND;PFV;NOM(2,GRPL)	deínóhjeeeh
yijeeh	V;IND;PFV;NOM(2,PL)	wohjeeh
yijeeh	V;IND;PFV;NOM(3,PL)	yiyííjeeh
yijeeh	V;IND;PFV;NOM(3,SG)	yiyííjeeh
yijeeh	V;IND;PFV;NOM(4,SG)	joojeeh
yijeeh	V;IND;PROSP;NOM(1,GRPL)	dadiijeeh
yijeeh	V;IND;PROSP;NOM(1,PL)	diijeeh
yijeeh	V;IND;PROSP;NOM(1,SG)	deesjeeh
yijeeh	V;IND;PROSP;NOM(2,GRPL)	dadoojeeh
yijeeh	V;IND;PROSP;NOM(2,SG)	dííjeeh
yijeeh	V;IND;PROSP;NOM(4,GRPL)	dazhdoojeeh
yijeeh	V;IND;PROSP;NOM(4,PL)	jijeeh
yijį́į́ł	V;IND;PFV;NOM(1,GRPL)	deíníijeį́į́ł
yijį́į́ł	V;IND;PFV;NOM(1,PL)	yiijį́į́ł
yijį́į́ł	V;IND;PFV;NOM(1,SG)	yishjį́į́ł
yijį́į́ł	V;IND;PFV;NOM(2,GRPL)	deínóhjeį́į́ł
yijį́į́ł	V;IND;PFV;NOM(2,PL)	wohjį́į́ł
yijį́į́ł	V;IND;PFV;NOM(2,SG)	yíníjį́į́ł
yijį́į́ł	V;IND;PFV;NOM(3,GRPL)	deizhjį́į́ł
yijį́į́ł	V;IND;PFV;NOM(3,PL)	yiyííjį́į́ł
yijį́į́ł	V;IND;PFV;NOM(3,SG)	yiyííjį́į́ł
yijį́į́ł	V;IND;PFV;NOM(4,GRPL)	dajizhjį́į́ł
yijį́į́ł	V;IND;PFV;NOM(4,PL)	joojį́į́ł
yijį́į́ł	V;IND;PFV;NOM(4,SG)	joojį́į́ł
yiltłʼééł	V;IND;PFV;NOM(1,GRPL)	deiiltłʼééł
yiltłʼééł	V;IND;PFV;NOM(1,PL)	yiiltłʼééł
yiltłʼééł	V;IND;PFV;NOM(1,SG)	yishtłʼééł
yiltłʼééł	V;IND;PFV;NOM(2,GRPL)	daałtłʼééł
yiltłʼééł	V;IND;PFV;NOM(2,PL)	wołtłʼééł
yiltłʼééł	V;IND;PFV;NOM(2,SG)	yíníltłʼééł
yiltłʼééł	V;IND;PFV;NOM(3,GRPL)	daaltłʼééł
yiltłʼééł	V;IND;PFV;NOM(3,PL)	yiltłʼééł
yiltłʼééł	V;IND;PFV;NOM(3,SG)	yiltłʼééł
yiltłʼééł	V;IND;PFV;NOM(4,GRPL)	dajooltłʼééł
yiltłʼééł	V;IND;PFV;NOM(4,PL)	jooltłʼééł
yiltłʼééł	V;IND;PFV;NOM(4,SG)	jooltłʼééł
yilʼaah	V;IND;IPFV;NOM(1,PL)	yiilʼaah
yilʼaah	V;IND;IPFV;NOM(1,SG)	yishʼaah
yilʼaah	V;IND;IPFV;NOM(2,GRPL)	daałʼaah
yilʼaah	V;IND;IPFV;NOM(2,PL)	wołʼaah
yilʼaah	V;IND;IPFV;NOM(2,SG)	nilʼaah
yilʼaah	V;IND;IPFV;NOM(3,GRPL)	deilʼaah
yilʼaah	V;IND;IPFV;NOM(3,PL)	yilʼaah
yilʼaah	V;IND;IPFV;NOM(4,GRPL)	dajilʼaah
yilʼaah	V;IND;IPFV;NOM(4,PL)	jilʼaah
yilʼaah	V;IND;IPFV;NOM(4,SG)	jilʼaah
yilʼaah	V;IND;PFV;NOM(1,GRPL)	deíníilʼéaah
yilʼaah	V;IND;PFV;NOM(1,PL)	yiilʼaah
yilʼaah	V;IND;PFV;NOM(2,GRPL)	deínółʼéaah
yilʼaah	V;IND;PFV;NOM(2,PL)	wołʼaah
yilʼaah	V;IND;PFV;NOM(2,SG)	yílʼaah
yilʼaah	V;IND;PFV;NOM(3,GRPL)	deílʼéaah
yilʼaah	V;IND;PFV;NOM(3,PL)	yilʼaah
yilʼaah	V;IND;PFV;NOM(4,SG)	joolʼaah
yilʼaah	V;IND;PROSP;NOM(1,SG)	deeshʼaah
yilʼaah	V;IND;PROSP;NOM(2,PL)	doołʼaah
yilʼaah	V;IND;PROSP;NOM(3,GRPL)	deidoolʼaah
yilʼaah	V;IND;PROSP;NOM(4,PL)	jidoolʼaah
yishood	V;IND;IPFV;NOM(1,GRPL)	deiilzhood
yishood	V;IND;IPFV;NOM(1,PL)	yiilzhood
yishood	V;IND;IPFV;NOM(1,SG)	yishood
yishood	V;IND;IPFV;NOM(2,GRPL)	daahshood
yishood	V;IND;IPFV;NOM(2,PL)	wohshood
yishood	V;IND;IPFV;NOM(2,SG)	nishood
yishood	V;IND;IPFV;NOM(3,GRPL)	deishood
yishood	V;IND;IPFV;NOM(3,PL)	yishood
yishood	V;IND;IPFV;NOM(3,SG)	yishood
yishood	V;IND;IPFV;NOM(4,GRPL)	dajishood
yishood	V;IND;IPFV;NOM(4,PL)	jishood
yishood	V;IND;IPFV;NOM(4,SG)	jishood
yishood	V;IND;PFV;NOM(1,GRPL)	deiilzhood
yishood	V;IND;PFV;NOM(1,PL)	yiilzhood
yishood	V;IND;PFV;NOM(1,SG)	yíshood
yishood	V;IND;PFV;NOM(2,GRPL)	daooshood
yishood	V;IND;PFV;NOM(2,PL)	wooshood
yishood	V;IND;PFV;NOM(2,SG)	yíníshood
yishood	V;IND;PFV;NOM(3,GRPL)	dayííshood
yishood	V;IND;PFV;NOM(3,PL)	yiyííshood
yishood	V;IND;PFV;NOM(3,SG)	yiyííshood
yishood	V;IND;PFV;NOM(4,GRPL)	dajííshood
yishood	V;IND;PFV;NOM(4,PL)	jííshood
yishood	V;IND;PFV;NOM(4,SG)	jííshood
yishóósh	V;IND;IPFV;NOM(1,GRPL)	deiilzhóósh
yishóósh	V;IND;IPFV;NOM(1,PL)	yiilzhóósh
yishóósh	V;IND;IPFV;NOM(1,SG)	yishóósh
yishóósh	V;IND;IPFV;NOM(2,GRPL)	daahshóósh
yishóósh	V;IND;IPFV;NOM(2,PL)	wohshóósh
yishóósh	V;IND;IPFV;NOM(2,SG)	nishóósh
yishóósh	V;IND;IPFV;NOM(3,GRPL)	deishóósh
yishóósh	V;IND;IPFV;NOM(3,PL)	yishóósh
yishóósh	V;IND;IPFV;NOM(3,SG)	yishóósh
yishóósh	V;IND;IPFV;NOM(4,GRPL)	dajishóósh
yishóósh	V;IND;IPFV;NOM(4,PL)	jishóósh
yishóósh	V;IND;IPFV;NOM(4,SG)	jishóósh
yishóósh	V;IND;PFV;NOM(1,GRPL)	deiilzhóósh
yishóósh	V;IND;PFV;NOM(1,PL)	yiilzhóósh
yishóósh	V;IND;PFV;NOM(1,SG)	yíshóósh
yishóósh	V;IND;PFV;NOM(2,GRPL)	daooshóósh
yishóósh	V;IND;PFV;NOM(2,PL)	wooshóósh
yishóósh	V;IND;PFV;NOM(2,SG)	yíníshóósh
yishóósh	V;IND;PFV;NOM(3,GRPL)	dayííshóósh
yishóósh	V;IND;PFV;NOM(3,PL)	yiyííshóósh
yishóósh	V;IND;PFV;NOM(3,SG)	yiyííshóósh
yishóósh	V;IND;PFV;NOM(4,GRPL)	dajííshóósh
yishóósh	V;IND;PFV;NOM(4,PL)	jííshóósh
yishóósh	V;IND;PFV;NOM(4,SG)	jííshóósh
yitłeeh	V;IND;IPFV;NOM(1,GRPL)	deiitłeeh
yitłeeh	V;IND;IPFV;NOM(1,PL)	yiitłeeh
yitłeeh	V;IND;IPFV;NOM(1,SG)	yishtłeeh
yitłeeh	V;IND;IPFV;NOM(2,GRPL)	daahtłeeh
yitłeeh	V;IND;IPFV;NOM(2,PL)	wohtłeeh
yitłeeh	V;IND;IPFV;NOM(2,SG)	nitłeeh
yitłeeh	V;IND;IPFV;NOM(3,GRPL)	daatłeeh
yitłeeh	V;IND;IPFV;NOM(3,PL)	yitłeeh
yitłeeh	V;IND;IPFV;NOM(3,SG)	yitłeeh
yitłeeh	V;IND;IPFV;NOM(4,GRPL)	dajitłeeh
yitłeeh	V;IND;IPFV;NOM(4,PL)	jitłeeh
yitłeeh	V;IND;IPFV;NOM(4,SG)	jitłeeh
yitłeeh	V;IND;PFV;NOM(1,GRPL)	dasiitłeeh
yitłeeh	V;IND;PFV;NOM(1,PL)	yiitłeeh
yitłeeh	V;IND;PFV;NOM(1,SG)	yishtłeeh
yitłeeh	V;IND;PFV;NOM(2,GRPL)	dasootłeeh
yitłeeh	V;IND;PFV;NOM(2,PL)	wohtłeeh
yitłeeh	V;IND;PFV;NOM(2,SG)	yínítłeeh
yitłeeh	V;IND;PFV;NOM(3,GRPL)	deítłíeeh
yitłeeh	V;IND;PFV;NOM(3,PL)	yiztłeeh
yitłeeh	V;IND;PFV;NOM(3,SG)	yiztłeeh
yitłeeh	V;IND;PFV;NOM(4,GRPL)	dajiztłeeh
yitłeeh	V;IND;PFV;NOM(4,PL)	jootłeeh
yitłeeh	V;IND;PFV;NOM(4,SG)	jootłeeh
yiyiitsʼǫs	V;IND;IPFV;NOM(1,GRPL)	deiitsʼǫs
yiyiitsʼǫs	V;IND;IPFV;NOM(1,PL)	yiitsʼǫs
yiyiitsʼǫs	V;IND;IPFV;NOM(2,GRPL)	daootsʼǫs
yiyiitsʼǫs	V;IND;IPFV;NOM(2,SG)	yiitsʼǫs
yiyiitsʼǫs	V;IND;IPFV;NOM(3,PL)	yiyiitsʼǫs
yiyiitsʼǫs	V;IND;IPFV;NOM(4,SG)	jiitsʼǫs
yiyiitsʼǫs	V;IND;PFV;NOM(2,GRPL)	dasootsʼǫs
yiyiitsʼǫs	V;IND;PFV;NOM(2,PL)	sootsʼǫs
yiyiitsʼǫs	V;IND;PFV;NOM(2,SG)	sínítsʼǫs
yiyiitsʼǫs	V;IND;PFV;NOM(3,GRPL)	dayiitsʼǫs
yiyiitsʼǫs	V;IND;PFV;NOM(3,PL)	yiyiitsʼǫs
yiyiitsʼǫs	V;IND;PFV;NOM(3,SG)	yiyiitsʼǫs
yiyiitsʼǫs	V;IND;PFV;NOM(4,GRPL)	dajiitsʼǫs
yiyiitsʼǫs	V;IND;PFV;NOM(4,PL)	jiitsʼǫs
yiyiitsʼǫs	V;IND;PFV;NOM(4,SG)	jiitsʼǫs
yiyiitsʼǫs	V;IND;PROSP;NOM(1,GRPL)	dadiitsʼǫs
yiyiitsʼǫs	V;IND;PROSP;NOM(1,SG)	deeshtsʼǫs
yiyiitsʼǫs	V;IND;PROSP;NOM(2,PL)	doohtsʼǫs
yiyiitsʼǫs	V;IND;PROSP;NOM(2,SG)	díítsʼǫs
yiyiitsʼǫs	V;IND;PROSP;NOM(3,GRPL)	deidootsʼǫs
yiyiitsʼǫs	V;IND;PROSP;NOM(3,PL)	yidootsʼǫs
yiyiitsʼǫs	V;IND;PROSP;NOM(4,GRPL)	dazhdootsʼǫs
yiyiitsʼǫs	V;IND;PROSP;NOM(4,SG)	jidootsʼǫs
yiyiiłtsééh	V;IND;IPFV;NOM(1,GRPL)	deiiltsééh
yiyiiłtsééh	V;IND;IPFV;NOM(1,PL)	yiiltsééh
yiyiiłtsééh	V;IND;IPFV;NOM(1,SG)	yiishtsééh
yiyiiłtsééh	V;IND;IPFV;NOM(2,GRPL)	daoołtsééh
yiyiiłtsééh	V;IND;IPFV;NOM(2,SG)	yiiłtsééh
yiyiiłtsééh	V;IND;IPFV;NOM(3,GRPL)	dayiiłtsééh
yiyiiłtsééh	V;IND;IPFV;NOM(3,PL)	yiyiiłtsééh
yiyiiłtsééh	V;IND;IPFV;NOM(3,SG)	yiyiiłtsééh
yiyiiłtsééh	V;IND;IPFV;NOM(4,GRPL)	dajiiłtsééh
yiyiiłtsééh	V;IND;IPFV;NOM(4,SG)	jiiłtsééh
yiyiiłtsééh	V;IND;PFV;NOM(1,PL)	yiiltsééh
yiyiiłtsééh	V;IND;PFV;NOM(1,SG)	yiiłtsééh
yiyiiłtsééh	V;IND;PFV;NOM(2,PL)	woołtsééh
yiyiiłtsééh	V;IND;PFV;NOM(2,SG)	yiniłtsééh
yiyiiłtsééh	V;IND;PFV;NOM(3,SG)	yiyiiłtsééh
yiyiiłtsééh	V;IND;PFV;NOM(4,GRPL)	dajiiłtsééh
yiyiiłtsééh	V;IND;PFV;NOM(4,PL)	jiiłtsééh
yiyiiłtsééh	V;IND;PFV;NOM(4,SG)	jiiłtsééh
yiyiiłtsééh	V;IND;PROSP;NOM(1,GRPL)	dadiyiilytsééh
yiyiiłtsééh	V;IND;PROSP;NOM(1,SG)	diyeeshtsééh
yiyiiłtsééh	V;IND;PROSP;NOM(2,GRPL)	dadiyoołtsééh
yiyiiłtsééh	V;IND;PROSP;NOM(2,PL)	diyoołtsééh
yiyiiłtsééh	V;IND;PROSP;NOM(4,GRPL)	dazhdiyoołtsééh
yiyiiłtsóóh	V;IND;IPFV;NOM(1,GRPL)	deiiltsóóh
yiyiiłtsóóh	V;IND;IPFV;NOM(1,PL)	yiiltsóóh
yiyiiłtsóóh	V;IND;IPFV;NOM(1,SG)	yiishtsóóh
yiyiiłtsóóh	V;IND;IPFV;NOM(2,GRPL)	daoołtsóóh
yiyiiłtsóóh	V;IND;IPFV;NOM(2,PL)	woołtsóóh
yiyiiłtsóóh	V;IND;IPFV;NOM(2,SG)	yiiłtsóóh
yiyiiłtsóóh	V;IND;IPFV;NOM(3,GRPL)	dayiiłtsóóh
yiyiiłtsóóh	V;IND;IPFV;NOM(3,PL)	yiyiiłtsóóh
yiyiiłtsóóh	V;IND;IPFV;NOM(3,SG)	yiyiiłtsóóh
yiyiiłtsóóh	V;IND;IPFV;NOM(4,GRPL)	dajiiłtsóóh
yiyiiłtsóóh	V;IND;IPFV;NOM(4,PL)	jiiłtsóóh
yiyiiłtsóóh	V;IND;IPFV;NOM(4,SG)	jiiłtsóóh
yiyiiłtsóóh	V;IND;PFV;NOM(1,GRPL)	deiiltsóóh
yiyiiłtsóóh	V;IND;PFV;NOM(1,PL)	yiiltsóóh
yiyiiłtsóóh	V;IND;PFV;NOM(1,SG)	yiiłtsóóh
yiyiiłtsóóh	V;IND;PFV;NOM(2,GRPL)	daoołtsóóh
yiyiiłtsóóh	V;IND;PFV;NOM(2,PL)	woołtsóóh
yiyiiłtsóóh	V;IND;PFV;NOM(2,SG)	yiniłtsóóh
yiyiiłtsóóh	V;IND;PFV;NOM(3,GRPL)	dayiiłtsóóh
yiyiiłtsóóh	V;IND;PFV;NOM(3,PL)	yiyiiłtsóóh
yiyiiłtsóóh	V;IND;PFV;NOM(3,SG)	yiyiiłtsóóh
yiyiiłtsóóh	V;IND;PFV;NOM(4,GRPL)	dajiiłtsóóh
yiyiiłtsóóh	V;IND;PFV;NOM(4,PL)	jiiłtsóóh
yiyiiłtsóóh	V;IND;PFV;NOM(4,SG)	jiiłtsóóh
yiłchʼal	V;IND;IPFV;NOM(1,GRPL)	deiilchʼal
yiłchʼal	V;IND;IPFV;NOM(2,PL)	wołchʼal
yiłchʼal	V;IND;IPFV;NOM(2,SG)	niłchʼal
yiłchʼal	V;IND;IPFV;NOM(3,SG)	yiłchʼal
yiłchʼal	V;IND;IPFV;NOM(4,GRPL)	dajiłchʼal
yiłchʼal	V;IND;IPFV;NOM(4,SG)	jiłchʼal
yiłchʼal	V;IND;PFV;NOM(1,GRPL)	deiilchʼal
yiłchʼal	V;IND;PFV;NOM(1,SG)	yíłchʼal
yiłchʼal	V;IND;PFV;NOM(2,GRPL)	daoołchʼal
yiłchʼal	V;IND;PFV;NOM(2,PL)	woołchʼal
yiłchʼal	V;IND;PFV;NOM(2,SG)	yíníłchʼal
yiłchʼal	V;IND;PFV;NOM(3,PL)	yiyííłchʼal
yiłchʼal	V;IND;PFV;NOM(3,SG)	yiyííłchʼal
yiłchʼal	V;IND;PFV;NOM(4,GRPL)	dajííłchʼal
yiłchʼal	V;IND;PFV;NOM(4,PL)	jííłchʼal
yiłchʼal	V;IND;PFV;NOM(4,SG)	jííłchʼal
yiłchʼal	V;IND;PROSP;NOM(1,SG)	deeshchʼal
yiłchʼal	V;IND;PROSP;NOM(3,GRPL)	deidoołchʼal
yiłchʼal	V;IND;PROSP;NOM(3,PL)	yidoołchʼal
yiłchʼal	V;IND;PROSP;NOM(3,SG)	yidoołchʼal
yiłchʼal	V;IND;PROSP;NOM(4,GRPL)	dazhdoołchʼal
yiłchʼal	V;IND;PROSP;NOM(4,PL)	jidoołchʼal
yiłchʼal	V;IND;PROSP;NOM(4,SG)	jidoołchʼal
yiłdin	V;IND;IPFV;NOM(1,GRPL)	deiildin
yiłdin	V;IND;IPFV;NOM(1,PL)	yiildin
yiłdin	V;IND;IPFV;NOM(1,SG)	yishdin
yiłdin	V;IND;IPFV;NOM(2,GRPL)	daałdin
yiłdin	V;IND;IPFV;NOM(2,PL)	wołdin
yiłdin	V;IND;IPFV;NOM(2,SG)	niłdin
yiłdin	V;IND;IPFV;NOM(3,GRPL)	deiłdin
yiłdin	V;IND;IPFV;NOM(3,PL)	yiłdin
yiłdin	V;IND;IPFV;NOM(3,SG)	yiłdin
yiłdin	V;IND;IPFV;NOM(4,GRPL)	dajiłdin
yiłdin	V;IND;IPFV;NOM(4,PL)	jiłdin
yiłdin	V;IND;IPFV;NOM(4,SG)	jiłdin
yiłdin	V;IND;PFV;NOM(1,GRPL)	deiildin
yiłdin	V;IND;PFV;NOM(1,PL)	yiildin
yiłdin	V;IND;PFV;NOM(1,SG)	yíłdin
yiłdin	V;IND;PFV;NOM(2,GRPL)	daoołdin
yiłdin	V;IND;PFV;NOM(2,PL)	woołdin
yiłdin	V;IND;PFV;NOM(2,SG)	yíníłdin
yiłdin	V;IND;PFV;NOM(3,GRPL)	dayííłdin
yiłdin	V;IND;PFV;NOM(3,SG)	yiyííłdin
yiłdin	V;IND;PFV;NOM(4,GRPL)	dajííłdin
yiłdin	V;IND;PFV;NOM(4,PL)	jííłdin
yiłdin	V;IND;PFV;NOM(4,SG)	jííłdin
yiłhaał	V;IND;IPFV;NOM(1,GRPL)	deiilwaał
yiłhaał	V;IND;IPFV;NOM(1,PL)	yiilwaał
yiłhaał	V;IND;IPFV;NOM(1,SG)	yishhaał
yiłhaał	V;IND;IPFV;NOM(2,GRPL)	daałhaał
yiłhaał	V;IND;IPFV;NOM(2,PL)	wołhaał
yiłhaał	V;IND;IPFV;NOM(2,SG)	niłhaał
yiłhaał	V;IND;IPFV;NOM(3,GRPL)	deiłhaał
yiłhaał	V;IND;IPFV;NOM(3,PL)	yiłhaał
yiłhaał	V;IND;IPFV;NOM(3,SG)	yiłhaał
yiłhaał	V;IND;IPFV;NOM(4,GRPL)	dajiłhaał
yiłhaał	V;IND;IPFV;NOM(4,PL)	jiłhaał
yiłhaał	V;IND;IPFV;NOM(4,SG)	jiłhaał
yiłhaał	V;IND;PFV;NOM(1,GRPL)	deiilyaał
yiłhaał	V;IND;PFV;NOM(1,PL)	yiilyaał
yiłhaał	V;IND;PFV;NOM(1,SG)	yíłhaał
yiłhaał	V;IND;PFV;NOM(2,GRPL)	daoołhaał
yiłhaał	V;IND;PFV;NOM(2,PL)	woołhaał
yiłhaał	V;IND;PFV;NOM(2,SG)	yíníłhaał
yiłhaał	V;IND;PFV;NOM(3,GRPL)	dayííłhaał
yiłhaał	V;IND;PFV;NOM(3,PL)	yiyííłhaał
yiłhaał	V;IND;PFV;NOM(3,SG)	yiyííłhaał
yiłhaał	V;IND;PFV;NOM(4,GRPL)	dajííłhaał
yiłhaał	V;IND;PFV;NOM(4,PL)	jííłhaał
yiłhaał	V;IND;PFV;NOM(4,SG)	jííłhaał
yiłnaad	V;IND;IPFV;NOM(1,GRPL)	dadiilnaad
yiłnaad	V;IND;IPFV;NOM(1,PL)	diilnaad
yiłnaad	V;IND;IPFV;NOM(1,SG)	deeshnaad
yiłnaad	V;IND;IPFV;NOM(2,SG)	dííłnaad
yiłnaad	V;IND;IPFV;NOM(3,PL)	yidoołnaad
yiłnaad	V;IND;IPFV;NOM(4,GRPL)	dazhdoołnaad
yiłnaad	V;IND;IPFV;NOM(4,PL)	jidoołnaad
yiłnaad	V;IND;IPFV;NOM(4,SG)	jidoołnaad
yiłnaad	V;IND;PFV;NOM(1,GRPL)	dabidiiʼnaad
yiłnaad	V;IND;PFV;NOM(1,PL)	bidiiʼnaad
yiłnaad	V;IND;PFV;NOM(1,SG)	bidishnaad
yiłnaad	V;IND;PFV;NOM(2,SG)	bidinaad
yiłnaad	V;IND;PFV;NOM(3,GRPL)	deiłnaad
yiłnaad	V;IND;PFV;NOM(3,SG)	yiłnaad
yiłnaad	V;IND;PFV;NOM(4,GRPL)	dabijinaad
yiłnaad	V;IND;PFV;NOM(4,PL)	bijinaad
yiłnaad	V;IND;PFV;NOM(4,SG)	bijinaad
yiłnaad	V;IND;PROSP;NOM(1,PL)	siilnaad
yiłnaad	V;IND;PROSP;NOM(1,SG)	séłnaad
yiłnaad	V;IND;PROSP;NOM(2,PL)	soołnaad
yiłnaad	V;IND;PROSP;NOM(3,GRPL)	deisnaad
yiłnaad	V;IND;PROSP;NOM(4,SG)	jisnaad
yiłneʼ	V;IND;IPFV;NOM(1,GRPL)	dadiilneʼ
yiłneʼ	V;IND;IPFV;NOM(1,PL)	diilneʼ
yiłneʼ	V;IND;IPFV;NOM(1,SG)	deeshneʼ
yiłneʼ	V;IND;IPFV;NOM(2,GRPL)	dadoołneʼ
yiłneʼ	V;IND;IPFV;NOM(2,PL)	doołneʼ
yiłneʼ	V;IND;IPFV;NOM(2,SG)	dííłneʼ
yiłneʼ	V;IND;IPFV;NOM(3,GRPL)	deidoołneʼ
yiłneʼ	V;IND;IPFV;NOM(3,PL)	yidoołneʼ
yiłneʼ	V;IND;IPFV;NOM(3,SG)	yidoołneʼ
yiłneʼ	V;IND;IPFV;NOM(4,GRPL)	dazhdoołneʼ
yiłneʼ	V;IND;IPFV;NOM(4,PL)	jidoołneʼ
yiłneʼ	V;IND;IPFV;NOM(4,SG)	jidoołneʼ
yiłneʼ	V;IND;PFV;NOM(1,GRPL)	dabidiiʼneʼ
yiłneʼ	V;IND;PFV;NOM(1,PL)	bidiiʼneʼ
yiłneʼ	V;IND;PFV;NOM(1,SG)	bidishneʼ
yiłneʼ	V;IND;PFV;NOM(2,GRPL)	dabidohneʼ
yiłneʼ	V;IND;PFV;NOM(2,PL)	bidohneʼ
yiłneʼ	V;IND;PFV;NOM(2,SG)	bidineʼ
yiłneʼ	V;IND;PFV;NOM(3,GRPL)	deiłneʼ
yiłneʼ	V;IND;PFV;NOM(3,PL)	yiłneʼ
yiłneʼ	V;IND;PFV;NOM(3,SG)	yiłneʼ
yiłneʼ	V;IND;PFV;NOM(4,GRPL)	dabijineʼ
yiłneʼ	V;IND;PFV;NOM(4,PL)	bijineʼ
yiłneʼ	V;IND;PFV;NOM(4,SG)	bijineʼ
yiłtin	V;IND;IPFV;NOM(1,GRPL)	deiiltin
yiłtin	V;IND;IPFV;NOM(1,PL)	yiiltin
yiłtin	V;IND;IPFV;NOM(1,SG)	yishtin
yiłtin	V;IND;IPFV;NOM(2,GRPL)	daałtin
yiłtin	V;IND;IPFV;NOM(2,PL)	wołtin
yiłtin	V;IND;IPFV;NOM(2,SG)	niłtin
yiłtin	V;IND;IPFV;NOM(3,GRPL)	deiłtin
yiłtin	V;IND;IPFV;NOM(3,PL)	yiłtin
yiłtin	V;IND;IPFV;NOM(3,SG)	yiłtin
yiłtin	V;IND;IPFV;NOM(4,GRPL)	dajiłtin
yiłtin	V;IND;IPFV;NOM(4,PL)	jiłtin
yiłtin	V;IND;IPFV;NOM(4,SG)	jiłtin
yiłtin	V;IND;PFV;NOM(1,GRPL)	dasiiltin
yiłtin	V;IND;PFV;NOM(1,PL)	yiiltin
yiłtin	V;IND;PFV;NOM(1,SG)	yíłtin
yiłtin	V;IND;PFV;NOM(2,GRPL)	dasoołtin
yiłtin	V;IND;PFV;NOM(2,PL)	woołtin
yiłtin	V;IND;PFV;NOM(2,SG)	yíníłtin
yiłtin	V;IND;PFV;NOM(3,GRPL)	deistin
yiłtin	V;IND;PFV;NOM(3,PL)	yiyííłtin
yiłtin	V;IND;PFV;NOM(3,SG)	yiyííłtin
yiłtin	V;IND;PFV;NOM(4,GRPL)	dajistin
yiłtin	V;IND;PFV;NOM(4,PL)	jííłtin
yiłtin	V;IND;PFV;NOM(4,SG)	jííłtin
yiłtsʼééh	V;IND;IPFV;NOM(1,GRPL)	deiiltsʼééh
yiłtsʼééh	V;IND;IPFV;NOM(1,PL)	yiiltsʼééh
yiłtsʼééh	V;IND;IPFV;NOM(1,SG)	yistsʼééh
yiłtsʼééh	V;IND;IPFV;NOM(2,GRPL)	daałtsʼééh
yiłtsʼééh	V;IND;IPFV;NOM(2,PL)	wołtsʼééh
yiłtsʼééh	V;IND;IPFV;NOM(2,SG)	niłtsʼééh
yiłtsʼééh	V;IND;IPFV;NOM(3,GRPL)	deiłtsʼééh
yiłtsʼééh	V;IND;IPFV;NOM(3,PL)	yiłtsʼééh
yiłtsʼééh	V;IND;IPFV;NOM(3,SG)	yiłtsʼééh
yiłtsʼééh	V;IND;IPFV;NOM(4,GRPL)	dajiłtsʼééh
yiłtsʼééh	V;IND;IPFV;NOM(4,PL)	jiłtsʼééh
yiłtsʼééh	V;IND;IPFV;NOM(4,SG)	jiłtsʼééh
yiłtsʼééh	V;IND;PFV;NOM(1,GRPL)	deiiltsʼééh
yiłtsʼééh	V;IND;PFV;NOM(1,PL)	yiiltsʼééh
yiłtsʼééh	V;IND;PFV;NOM(1,SG)	yíłtsʼééh
yiłtsʼééh	V;IND;PFV;NOM(2,GRPL)	daoołtsʼééh
yiłtsʼééh	V;IND;PFV;NOM(2,PL)	woołtsʼééh
yiłtsʼééh	V;IND;PFV;NOM(2,SG)	yíníłtsʼééh
yiłtsʼééh	V;IND;PFV;NOM(3,GRPL)	dayííłtsʼééh
yiłtsʼééh	V;IND;PFV;NOM(3,PL)	yiyííłtsʼééh
yiłtsʼééh	V;IND;PFV;NOM(3,SG)	yiyííłtsʼééh
yiłtsʼééh	V;IND;PFV;NOM(4,GRPL)	dajííłtsʼééh
yiłtsʼééh	V;IND;PFV;NOM(4,PL)	jííłtsʼééh
yiłtsʼééh	V;IND;PFV;NOM(4,SG)	jííłtsʼééh
yiłtʼees	V;IND;IPFV;NOM(1,GRPL)	deiiltʼees
yiłtʼees	V;IND;IPFV;NOM(1,PL)	yiiltʼees
yiłtʼees	V;IND;IPFV;NOM(1,SG)	yishtʼees
yiłtʼees	V;IND;IPFV;NOM(2,GRPL)	daałtʼees
yiłtʼees	V;IND;IPFV;NOM(2,PL)	wołtʼees
yiłtʼees	V;IND;IPFV;NOM(3,GRPL)	deiłtʼees
yiłtʼees	V;IND;IPFV;NOM(4,SG)	jiłtʼees
yiłtʼees	V;IND;PFV;NOM(1,PL)	yiiltʼees
yiłtʼees	V;IND;PFV;NOM(2,GRPL)	daoołtʼees
yiłtʼees	V;IND;PFV;NOM(2,PL)	woołtʼees
yiłtʼees	V;IND;PFV;NOM(3,GRPL)	dayííłtʼees
yiłtʼees	V;IND;PFV;NOM(3,PL)	yiyííłtʼees
yiłtʼees	V;IND;PFV;NOM(3,SG)	yiyííłtʼees
yiłtʼees	V;IND;PROSP;NOM(1,PL)	diiltʼees
yiłtʼees	V;IND;PROSP;NOM(2,GRPL)	dadoołtʼees
yiłtʼees	V;IND;PROSP;NOM(2,PL)	doołtʼees
yiłtʼees	V;IND;PROSP;NOM(2,SG)	dííłtʼees
yiłtʼees	V;IND;PROSP;NOM(3,GRPL)	deidoołtʼees
yiłtʼees	V;IND;PROSP;NOM(3,PL)	yidoołtʼees
yiłtʼees	V;IND;PROSP;NOM(3,SG)	yidoołtʼees
yiłtʼees	V;IND;PROSP;NOM(4,PL)	jidoołtʼees
yiłtʼees	V;IND;PROSP;NOM(4,SG)	jidoołtʼees
yootʼááł	V;IND;PFV;NOM(1,GRPL)	deíníitʼááł
yootʼááł	V;IND;PFV;NOM(1,PL)	yiitʼááł
yootʼááł	V;IND;PFV;NOM(1,SG)	yishtʼááł
yootʼááł	V;IND;PFV;NOM(2,GRPL)	deínóhtʼááł
yootʼááł	V;IND;PFV;NOM(2,PL)	wohtʼááł
yootʼááł	V;IND;PFV;NOM(2,SG)	yítʼááł
yootʼááł	V;IND;PFV;NOM(3,GRPL)	deítʼááł
yootʼááł	V;IND;PFV;NOM(3,PL)	yootʼááł
yootʼááł	V;IND;PFV;NOM(3,SG)	yootʼááł
yootʼááł	V;IND;PFV;NOM(4,GRPL)	dajítʼááł
yootʼááł	V;IND;PFV;NOM(4,PL)	jootʼááł
yootʼááł	V;IND;PFV;NOM(4,SG)	jootʼááł
yooznah	V;IND;IPFV;NOM(2,SG)	yiniznah
yooznah	V;IND;IPFV;NOM(4,GRPL)	dajooznah
yooznah	V;IND;ITER;NOM(1,GRPL)	nídeiooznah
yooznah	V;IND;ITER;NOM(1,PL)	néiooznah
yooznah	V;IND;ITER;NOM(1,SG)	násooznah
yooznah	V;IND;ITER;NOM(2,PL)	wooooznah
yooznah	V;IND;ITER;NOM(3,PL)	yooznah
yooznah	V;IND;ITER;NOM(4,PL)	ńjíooznah
yooznah	V;IND;ITER;NOM(4,SG)	ńjíooznah
yooznah	V;IND;PFV;NOM(2,PL)	wohsnah
yooznah	V;IND;PFV;NOM(3,PL)	yooznah
yooznah	V;IND;PFV;NOM(3,SG)	yooznah
yooznah	V;IND;PROSP;NOM(1,GRPL)	dadiooznah
yooznah	V;IND;PROSP;NOM(2,GRPL)	dadoooznah
yooznah	V;IND;PROSP;NOM(2,SG)	díooznah
yooznah	V;IND;PROSP;NOM(3,GRPL)	deooznah
yooznah	V;IND;PROSP;NOM(3,SG)	yooznah
yooznah	V;IND;PROSP;NOM(4,GRPL)	dazhdoooznah
yooznah	V;IND;PROSP;NOM(4,SG)	jooznah
yooznah	V;OPT;NOM(3,GRPL)	dayooznah
yooznah	V;OPT;NOM(3,SG)	yooznah
yooznah	V;OPT;NOM(4,GRPL)	dajooznah
yooznah	V;OPT;NOM(4,SG)	jooznah
yoozǫ́ǫ́s	V;IND;PFV;NOM(1,GRPL)	deíníidzǫ́ǫ́s
yoozǫ́ǫ́s	V;IND;PFV;NOM(1,PL)	yiidzǫ́ǫ́s
yoozǫ́ǫ́s	V;IND;PFV;NOM(1,SG)	yisǫ́ǫ́s
yoozǫ́ǫ́s	V;IND;PFV;NOM(2,GRPL)	deínóhsǫ́ǫ́s
yoozǫ́ǫ́s	V;IND;PFV;NOM(2,PL)	wohsǫ́ǫ́s
yoozǫ́ǫ́s	V;IND;PFV;NOM(2,SG)	yízǫ́ǫ́s
yoozǫ́ǫ́s	V;IND;PFV;NOM(3,GRPL)	deízǫ́ǫ́s
yoozǫ́ǫ́s	V;IND;PFV;NOM(3,PL)	yoozǫ́ǫ́s
yoozǫ́ǫ́s	V;IND;PFV;NOM(3,SG)	yoozǫ́ǫ́s
yoozǫ́ǫ́s	V;IND;PFV;NOM(4,GRPL)	dajízǫ́ǫ́s
yoozǫ́ǫ́s	V;IND;PFV;NOM(4,PL)	joozǫ́ǫ́s
yoozǫ́ǫ́s	V;IND;PFV;NOM(4,SG)	joozǫ́ǫ́s
yoołbąs	V;IND;PFV;NOM(1,GRPL)	deisiilbąs
yoołbąs	V;IND;PFV;NOM(1,PL)	yisiilbąs
yoołbąs	V;IND;PFV;NOM(1,SG)	yiséłbąs
yoołbąs	V;IND;PFV;NOM(2,GRPL)	deisoołbąs
yoołbąs	V;IND;PFV;NOM(2,PL)	yisoołbąs
yoołbąs	V;IND;PFV;NOM(2,SG)	yisíníłbąs
yoołbąs	V;IND;PFV;NOM(3,GRPL)	dayoosbąs
yoołbąs	V;IND;PFV;NOM(3,PL)	yoosbąs
yoołbąs	V;IND;PFV;NOM(3,SG)	yoosbąs
yoołbąs	V;IND;PFV;NOM(4,GRPL)	dajoosbąs
yoołbąs	V;IND;PFV;NOM(4,PL)	joosbąs
yoołbąs	V;IND;PFV;NOM(4,SG)	joosbąs
yoołtʼah	V;IND;PFV;NOM(1,GRPL)	deíníiltʼah
yoołtʼah	V;IND;PFV;NOM(1,PL)	yiiltʼah
yoołtʼah	V;IND;PFV;NOM(1,SG)	yishtʼah
yoołtʼah	V;IND;PFV;NOM(2,GRPL)	deínółtʼah
yoołtʼah	V;IND;PFV;NOM(2,PL)	wołtʼah
yoołtʼah	V;IND;PFV;NOM(2,SG)	yíłtʼah
yoołtʼah	V;IND;PFV;NOM(3,GRPL)	deíłtʼah
yoołtʼah	V;IND;PFV;NOM(3,PL)	yoołtʼah
yoołtʼah	V;IND;PFV;NOM(3,SG)	yoołtʼah
yoołtʼah	V;IND;PFV;NOM(4,GRPL)	dajíłtʼah
yoołtʼah	V;IND;PFV;NOM(4,PL)	joołtʼah
yoołtʼah	V;IND;PFV;NOM(4,SG)	joołtʼah
yólgę́ę́zh	V;IND;PFV;NOM(1,GRPL)	delgę́ę́zh
yólgę́ę́zh	V;IND;PFV;NOM(1,PL)	yínílgę́ę́zh
yólgę́ę́zh	V;IND;PFV;NOM(1,SG)	yílgę́ę́zh
yólgę́ę́zh	V;IND;PFV;NOM(2,GRPL)	deínóhlgę́ę́zh
yólgę́ę́zh	V;IND;PFV;NOM(2,PL)	yínóhlgę́ę́zh
yólgę́ę́zh	V;IND;PFV;NOM(2,SG)	yínílgę́ę́zh
yólgę́ę́zh	V;IND;PFV;NOM(3,GRPL)	dayólgę́ę́zh
yólgę́ę́zh	V;IND;PFV;NOM(3,PL)	yólgę́ę́zh
yólgę́ę́zh	V;IND;PFV;NOM(3,SG)	yólgę́ę́zh
yólgę́ę́zh	V;IND;PFV;NOM(4,GRPL)	dajólgę́ę́zh
yólgę́ę́zh	V;IND;PFV;NOM(4,PL)	jólgę́ę́zh
yólgę́ę́zh	V;IND;PFV;NOM(4,SG)	jólgę́ę́zh
łitsxo	V;IND;PFV;NOM(1,GRPL)	dałiniitsxo
łitsxo	V;IND;PFV;NOM(1,PL)	łiniitsxo
łitsxo	V;IND;PFV;NOM(1,SG)	łinishtsxo
łitsxo	V;IND;PFV;NOM(2,GRPL)	dałinohtsxo
łitsxo	V;IND;PFV;NOM(2,PL)	łinohtsxo
łitsxo	V;IND;PFV;NOM(2,SG)	łinítsxo
łitsxo	V;IND;PFV;NOM(3,GRPL)	daaltsxo
łitsxo	V;IND;PFV;NOM(3,PL)	łitsxo
łitsxo	V;IND;PFV;NOM(3,SG)	łitsxo
łitsxo	V;IND;PFV;NOM(4,GRPL)	dajiltsxo
łitsxo	V;IND;PFV;NOM(4,PL)	jiltsxo
łitsxo	V;IND;PFV;NOM(4,SG)	jiltsxo
łíidilchí	V;IND;IPFV;NOM(1,GRPL)	łídeiidilchí
łíidilchí	V;IND;IPFV;NOM(1,PL)	łíidilchí
łíidilchí	V;IND;IPFV;NOM(1,SG)	łísidilchí
łíidilchí	V;IND;IPFV;NOM(2,GRPL)	łídaaidilchí
łíidilchí	V;IND;IPFV;NOM(2,PL)	łóidilchí
łíidilchí	V;IND;IPFV;NOM(2,SG)	łínidilchí
łíidilchí	V;IND;IPFV;NOM(3,GRPL)	łídeidilchí
łíidilchí	V;IND;IPFV;NOM(3,PL)	łíidilchí
łíidilchí	V;IND;IPFV;NOM(3,SG)	łíidilchí
łíidilchí	V;IND;IPFV;NOM(4,GRPL)	łídajidilchí
łíidilchí	V;IND;IPFV;NOM(4,PL)	łíjidilchí
łíidilchí	V;IND;IPFV;NOM(4,SG)	łíjidilchí
łíidilchí	V;IND;PFV;NOM(1,GRPL)	łídashiidilchí
łíidilchí	V;IND;PFV;NOM(1,PL)	łíshiidilchí
łíidilchí	V;IND;PFV;NOM(1,SG)	łíshidilchí
łíidilchí	V;IND;PFV;NOM(2,GRPL)	łídashoidilchí
łíidilchí	V;IND;PFV;NOM(2,PL)	łíshoidilchí
łíidilchí	V;IND;PFV;NOM(2,SG)	łíshínidilchí
łíidilchí	V;IND;PFV;NOM(3,GRPL)	łídeisidilchí
łíidilchí	V;IND;PFV;NOM(3,PL)	łíidilchí
łíidilchí	V;IND;PFV;NOM(3,SG)	łíidilchí
łíidilchí	V;IND;PFV;NOM(4,GRPL)	łídajisidilchí
łíidilchí	V;IND;PFV;NOM(4,PL)	łíjidilchí
łíidilchí	V;IND;PFV;NOM(4,SG)	łíjidilchí
