ta²t’i	V;IPFV;PRS;NOM(1,SG)	dí tat’i
ta²t’i	V;IPFV;PRS;NOM(2,SG)	gí tat’i
ta²t’i	V;IPFV;PRS;NOM(3,SG)	tat’i
ta²t’i	V;IPFV;PST;NOM(1,SG)	ndí tat’i
ta²t’i	V;IPFV;PST;NOM(2,SG)	ngí tat’i
ta²t’i	V;IPFV;PST;NOM(3,SG)	mí tat’i
ta²t’i	V;PFV;NOM(2,SG)	gá tat’i
ta²t’i	V;PFV;NOM(3,SG)	bi tat’i
ta²t’i	V;PRF;PRS;NOM(3,SG)	xa tat’i
ta²t’i	V;PRF;PST;NOM(2)	xkí tat’i
ta²t’i	V;IRR;NOM(1,SG)	ga tat’i
ta²t’i	V;IRR;NOM(2,SG)	gi tat’i
ta²t’i	V;IRR;NOM(3,SG)	da tat’i
fụ¹²ts’i	V;IPFV;PRS;NOM(1,SG)	dí fụts’i
fụ¹²ts’i	V;IPFV;PRS;NOM(2,SG)	gí fụts’i
fụ¹²ts’i	V;IPFV;PST;NOM(1,SG)	ndí fụts’i
fụ¹²ts’i	V;PFV;NOM(1,SG)	dá fụ¹²ts’i
fụ¹²ts’i	V;PFV;NOM(2,SG)	gá fụts’i
fụ¹²ts’i	V;PRF;PRS;NOM(2,SG)	xká fụts’i
fụ¹²ts’i	V;PRF;PRS;NOM(3,SG)	xa fụts’i
fụ¹²ts’i	V;PRF;PST;NOM(1)	stí fụts’i
fụ¹²ts’i	V;PRF;PST;NOM(2)	xkí fụts’i
fụ¹²ts’i	V;PRF;PST;NOM(3)	xki fụts’i
fụ¹²ts’i	V;IRR;NOM(1,SG)	ga fụ¹²ts’i
fụ¹²ts’i	V;IRR;NOM(2,SG)	gi fụts’i
fụ¹²ts’i	V;IRR;NOM(3,SG)	da fụts’i
yo²ho	V;IPFV;PRS;NOM(3,SG)	yoho
yo²ho	V;IPFV;PST;NOM(3,SG)	mí yoho
yo²ho	V;PRF;PRS;NOM(3,SG)	xa yoho
yo²ho	V;PRF;PST;NOM(3)	xki yoho
yo²ho	V;IRR;NOM(3,SG)	da yoho
nhui²xni	V;IPFV;PRS;NOM(3,SG)	nhui²xni
nhui²xni	V;PFV;NOM(3,SG)	bi nhui²xni
ñobri	V;IPFV;PRS;NOM(1,SG)	dí ñobri
ñobri	V;IPFV;PRS;NOM(2,SG)	gí ñobri
ñobri	V;IPFV;PRS;NOM(3,SG)	ñobri
ñobri	V;IPFV;PST;NOM(1,SG)	ndí ñobri
ñobri	V;IPFV;PST;NOM(2,SG)	ngí ñobri
ñobri	V;IPFV;PST;NOM(3,SG)	mí ñobri
ñobri	V;PRF;PRS;NOM(2,SG)	xká ñobri
ñobri	V;PRF;PRS;NOM(3,SG)	xa ñobri
ñobri	V;PRF;PST;NOM(1)	stí ñobri
ñobri	V;IRR;NOM(1,SG)	ga ñobri
ñobri	V;IRR;NOM(2,SG)	gi ñobri
tsi²s-te	V;IPFV;PRS;NOM(1,SG)	dí tsis-te
tsi²s-te	V;IPFV;PRS;NOM(2,SG)	gí tsis-te
tsi²s-te	V;IPFV;PRS;NOM(3,SG)	tsis-te
tsi²s-te	V;IPFV;PST;NOM(1,SG)	ndí tsis-te
tsi²s-te	V;PFV;NOM(1,SG)	dá ntsis-te
tsi²s-te	V;PRF;PRS;NOM(1,SG)	stá tsis-te
tsi²s-te	V;PRF;PRS;NOM(2,SG)	xká ntsis-te
tsi²s-te	V;PRF;PRS;NOM(3,SG)	xa tsis-te
tsi²s-te	V;PRF;PST;NOM(1)	stí ntsis-te
tsi²s-te	V;IRR;NOM(2,SG)	gi ntsis-te
ʔba²ni	V;IPFV;PRS;NOM(2,SG)	gí ʔbani
ʔba²ni	V;IPFV;PST;NOM(2,SG)	ngí ʔbani
ʔba²ni	V;PFV;NOM(1,SG)	dá ʔmani
ʔba²ni	V;PFV;NOM(2,SG)	gá ʔbani
ʔba²ni	V;PFV;NOM(3,SG)	bi ʔmani
ʔba²ni	V;PRF;PRS;NOM(2,SG)	xká ʔmani
ʔba²ni	V;PRF;PST;NOM(1)	stí ʔbani
ʔba²ni	V;PRF;PST;NOM(2)	xkí ʔbani
ʔba²ni	V;IRR;NOM(3,SG)	da ʔbani
ue²n-ga²hai	V;IPFV;PRS;NOM(1,SG)	dí uenga²hai
ue²n-ga²hai	V;IPFV;PRS;NOM(2,SG)	gí uen-ga²hai
ue²n-ga²hai	V;IPFV;PRS;NOM(3,SG)	uenga²hai
ue²n-ga²hai	V;IPFV;PST;NOM(1,SG)	ndí uenga²hai
ue²n-ga²hai	V;IPFV;PST;NOM(2,SG)	ngí ʔue²n-ga²hai
ue²n-ga²hai	V;PFV;NOM(1,SG)	dá uenga²hai
ue²n-ga²hai	V;PFV;NOM(2,SG)	gá uenga²hai
ue²n-ga²hai	V;PFV;NOM(3,SG)	bi uenga²hai
ue²n-ga²hai	V;PRF;PRS;NOM(1,SG)	stá uen-ga²hai
ue²n-ga²hai	V;PRF;PRS;NOM(2,SG)	xká uenga²hai
ue²n-ga²hai	V;PRF;PRS;NOM(3,SG)	xa uenga²hai
ue²n-ga²hai	V;IRR;NOM(1,SG)	ga uenga²hai
ue²n-ga²hai	V;IRR;NOM(2,SG)	gi uenga²hai
ue²n-ga²hai	V;IRR;NOM(3,SG)	da uenga²hai
yụnt’i	V;IPFV;PRS;NOM(1,SG)	dí yụnt’i
yụnt’i	V;IPFV;PRS;NOM(2,SG)	gí yụnt’i
yụnt’i	V;IPFV;PRS;NOM(3,SG)	yụnt’i
yụnt’i	V;IPFV;PST;NOM(1,SG)	ndí yụnt’i
yụnt’i	V;IPFV;PST;NOM(2,SG)	ngí yụnt’i
yụnt’i	V;PFV;NOM(2,SG)	gá yụnt’i
yụnt’i	V;PFV;NOM(3,SG)	bi yụnt’i
yụnt’i	V;PRF;PRS;NOM(1,SG)	stá yụnt’i
yụnt’i	V;PRF;PRS;NOM(2,SG)	xká yụnt’i
yụnt’i	V;PRF;PST;NOM(1)	stí yụnt’i
yụnt’i	V;PRF;PST;NOM(2)	xkí yụnt’i
yụnt’i	V;IRR;NOM(2,SG)	gi yụnt’i
yụnt’i	V;IRR;NOM(3,SG)	da yụnt’i
ua²-nt’ä¹²hä	V;IPFV;PRS;NOM(1,SG)	dí ua²-nt’ä¹²hä
ua²-nt’ä¹²hä	V;IPFV;PRS;NOM(2,SG)	gí ua²-nt’ä¹²hä
ua²-nt’ä¹²hä	V;IPFV;PRS;NOM(3,SG)	ua-nt’ä¹²hä
ua²-nt’ä¹²hä	V;IPFV;PST;NOM(1,SG)	ndí ua²-nt’ä¹²hä
ua²-nt’ä¹²hä	V;IPFV;PST;NOM(2,SG)	ngí ʔua²-nt’ä¹²hä
ua²-nt’ä¹²hä	V;IPFV;PST;NOM(3,SG)	mí ua-nt’ä¹²hä
ua²-nt’ä¹²hä	V;PFV;NOM(3,SG)	bi ua-nt’ä¹²hä
ua²-nt’ä¹²hä	V;PRF;PRS;NOM(1,SG)	stá ua²-nt’ä¹²hä
ua²-nt’ä¹²hä	V;PRF;PST;NOM(1)	stí ua²-nt’ä¹²hä
ua²-nt’ä¹²hä	V;PRF;PST;NOM(2)	xkí ua²-nt’ä¹²hä
ua²-nt’ä¹²hä	V;PRF;PST;NOM(3)	xki ua²-nt’ä¹²hä
ua²-nt’ä¹²hä	V;IRR;NOM(2,SG)	gi ua²-nt’ä¹²hä
k’ụ²ts’i	V;PFV;NOM(3,SG)	bi k’ụts’i
k’ụ²ts’i	V;PRF;PRS;NOM(3,SG)	xa k’ụts’i
k’ụ²ts’i	V;IRR;NOM(3,SG)	da k’ụts’i
ẹni	V;IPFV;PRS;NOM(1,SG)	dí ʔẹni
ẹni	V;IPFV;PRS;NOM(2,SG)	gí ʔẹni
ẹni	V;IPFV;PRS;NOM(3,SG)	ʔẹni
ẹni	V;IPFV;PST;NOM(1,SG)	ndí ʔẹni
ẹni	V;IPFV;PST;NOM(3,SG)	mí ʔẹni
ẹni	V;PFV;NOM(1,SG)	dá ʔẹni
ẹni	V;PFV;NOM(2,SG)	gá ʔñẹni
ẹni	V;PRF;PRS;NOM(1,SG)	stá ʔẹni
ẹni	V;PRF;PRS;NOM(2,SG)	xká ʔyẹni
ẹni	V;PRF;PRS;NOM(3,SG)	xa ʔyẹni
ẹni	V;PRF;PST;NOM(1)	stí ʔẹni
ẹni	V;PRF;PST;NOM(3)	xki ʔñẹni
ẹni	V;IRR;NOM(1,SG)	ga ʔẹni
hant-hyä	V;IPFV;PRS;NOM(1,SG)	dí hant-hyä
hant-hyä	V;IPFV;PRS;NOM(2,SG)	gí hant-hyä
hant-hyä	V;IPFV;PRS;NOM(3,SG)	hant-hyä
hant-hyä	V;IPFV;PST;NOM(1,SG)	ndí hant-hyä
hant-hyä	V;PFV;NOM(1,SG)	dá hant-hyä
hant-hyä	V;PFV;NOM(2,SG)	gá hyant-hyä
hant-hyä	V;PFV;NOM(3,SG)	bi hyant-hyä
hant-hyä	V;PRF;PRS;NOM(1,SG)	stá hant-hyä
hant-hyä	V;PRF;PRS;NOM(2,SG)	xká hyant-hyä
hant-hyä	V;PRF;PST;NOM(1)	stí hant-hyä
hant-hyä	V;PRF;PST;NOM(2)	xkí hyant-hyä
hant-hyä	V;IRR;NOM(1,SG)	gant-hyä
hant-hyä	V;IRR;NOM(3,SG)	dant-hyä
po²ngi	V;IPFV;PRS;NOM(3,SG)	pongi
po²ngi	V;IPFV;PST;NOM(3,SG)	mí pongi
po²ngi	V;PFV;NOM(3,SG)	bi pongi
po²ngi	V;PRF;PST;NOM(3)	xki pongi
hembi	V;IPFV;PRS;NOM(3,SG)	hëmbi
hembi	V;IPFV;PST;NOM(3,SG)	mí hëmbi
hembi	V;PRF;PRS;NOM(3,SG)	xa hñëmbi
hembi	V;PRF;PST;NOM(3)	xki hñëmbi
hembi	V;IRR;NOM(3,SG)	da hñëmbi
ʔna²ni	V;IPFV;PRS;NOM(3,SG)	ʔna²ni
ʔna²ni	V;IPFV;PST;NOM(3,SG)	mí ʔna²ni
ʔna²ni	V;PFV;NOM(3,SG)	bi ʔna²ni
ʔna²ni	V;PRF;PRS;NOM(3,SG)	xa ʔna²ni
ʔna²ni	V;PRF;PST;NOM(3)	xki ʔna²ni
ʔna²ni	V;IRR;NOM(3,SG)	da ʔna²ni
mpo¹²nt’i	V;IPFV;PRS;NOM(1,SG)	dí mpo¹²nt’i
mpo¹²nt’i	V;IPFV;PRS;NOM(2,SG)	gí mpo¹²nt’i
mpo¹²nt’i	V;IPFV;PRS;NOM(3,SG)	mpo¹²nt’i
mpo¹²nt’i	V;IPFV;PST;NOM(1,SG)	ndí mpo¹²nt’i
mpo¹²nt’i	V;IPFV;PST;NOM(2,SG)	ngí mpo¹²nt’i
mpo¹²nt’i	V;PFV;NOM(1,SG)	dá mpo¹²nt’i
mpo¹²nt’i	V;PFV;NOM(2,SG)	gá mpo¹²nt’i
mpo¹²nt’i	V;PFV;NOM(3,SG)	bi mpo¹²nt’i
mpo¹²nt’i	V;PRF;PRS;NOM(2,SG)	xká mpo¹²nt’i
mpo¹²nt’i	V;PRF;PRS;NOM(3,SG)	xa mpo¹²nt’i
mpo¹²nt’i	V;PRF;PST;NOM(2)	xkí mpo¹²nt’i
mpo¹²nt’i	V;PRF;PST;NOM(3)	xki mpo¹²nt’i
mpo¹²nt’i	V;IRR;NOM(1,SG)	ga mpo¹²nt’i
mpo¹²nt’i	V;IRR;NOM(2,SG)	gi mpo¹²nt’i
hẹ²ka²-ndäpo	V;IPFV;PRS;NOM(2,SG)	gí hẹka²-ndäpo
hẹ²ka²-ndäpo	V;IPFV;PST;NOM(1,SG)	ndí hẹka²-ndäpo
hẹ²ka²-ndäpo	V;IPFV;PST;NOM(3,SG)	mí hẹka²-ndäpo
hẹ²ka²-ndäpo	V;PFV;NOM(1,SG)	dá hẹka²-ndäpo
hẹ²ka²-ndäpo	V;PFV;NOM(2,SG)	gá hyẹka²-ndäpo
hẹ²ka²-ndäpo	V;PRF;PRS;NOM(2,SG)	xká hyẹka²-ndäpo
hẹ²ka²-ndäpo	V;PRF;PRS;NOM(3,SG)	xa hyẹka²-ndäpo
hẹ²ka²-ndäpo	V;PRF;PST;NOM(1)	stí hẹka²-ndäpo
hẹ²ka²-ndäpo	V;PRF;PST;NOM(3)	xki hyẹka²-ndäpo
hẹ²ka²-ndäpo	V;IRR;NOM(2,SG)	gi hyẹka²-ndäpo
hẹ²ka²-ndäpo	V;IRR;NOM(3,SG)	da hyẹka²-ndäpo
ntoʔmi	V;IPFV;PRS;NOM(3,SG)	ntoʔmi
ntoʔmi	V;IPFV;PST;NOM(1,SG)	ndí ntoʔmi
ntoʔmi	V;IPFV;PST;NOM(2,SG)	ngí ntoʔmi
ntoʔmi	V;PFV;NOM(1,SG)	dá ntoʔmi
ntoʔmi	V;PRF;PRS;NOM(1,SG)	stá ntoʔmi
ntoʔmi	V;PRF;PRS;NOM(2,SG)	xká ntoʔmi
ntoʔmi	V;PRF;PST;NOM(1)	stí ntoʔmi
ntoʔmi	V;PRF;PST;NOM(3)	xki ntoʔmi
ntoʔmi	V;IRR;NOM(1,SG)	ga ntoʔmi
po²gi	V;IPFV;PRS;NOM(1,SG)	dí po²gi
po²gi	V;IPFV;PRS;NOM(3,SG)	pogi
po²gi	V;IPFV;PST;NOM(1,SG)	ndí po²gi
po²gi	V;IPFV;PST;NOM(2,SG)	ngí po²gi
po²gi	V;IPFV;PST;NOM(3,SG)	mí pogi
po²gi	V;PFV;NOM(1,SG)	dá po²gi
po²gi	V;PFV;NOM(2,SG)	gá po²gi
po²gi	V;PRF;PRS;NOM(2,SG)	xká po²gi
po²gi	V;PRF;PRS;NOM(3,SG)	xa pogi
po²gi	V;PRF;PST;NOM(1)	stí po²gi
po²gi	V;PRF;PST;NOM(3)	xki pogi
po²gi	V;IRR;NOM(1,SG)	ga po²gi
po²ʔtsi	V;IPFV;PRS;NOM(2,SG)	gí po²ʔtsi
po²ʔtsi	V;IPFV;PRS;NOM(3,SG)	poʔtsi
po²ʔtsi	V;IPFV;PST;NOM(1,SG)	ndí po²ʔtsi
po²ʔtsi	V;PRF;PST;NOM(1)	stí po²ʔtsi
po²ʔtsi	V;PRF;PST;NOM(2)	xkí po²ʔtsi
po²ʔtsi	V;IRR;NOM(1,SG)	ga po²ʔtsi
po²ʔtsi	V;IRR;NOM(2,SG)	gi po²ʔtsi
tsụ²ti	V;IPFV;PRS;NOM(1,SG)	dí tsụti
tsụ²ti	V;IPFV;PST;NOM(2,SG)	ngí tsụti
tsụ²ti	V;IPFV;PST;NOM(3,SG)	mí tsụti
tsụ²ti	V;PFV;NOM(2,SG)	gá ntsụti
tsụ²ti	V;PFV;NOM(3,SG)	bi ntsụti
tsụ²ti	V;PRF;PRS;NOM(1,SG)	stá ntsụti
tsụ²ti	V;PRF;PRS;NOM(2,SG)	xká ntsụti
tsụ²ti	V;PRF;PRS;NOM(3,SG)	xa ntsụti
tsụ²ti	V;PRF;PST;NOM(2)	xkí ntsti
tsụ²ti	V;PRF;PST;NOM(3)	xki ntsti
tsụ²ti	V;IRR;NOM(1,SG)	ga ntsụti
nguent’i	V;IPFV;PRS;NOM(3,SG)	nguent’i
nguent’i	V;IPFV;PST;NOM(1,SG)	ndí nguent’i
nguent’i	V;IPFV;PST;NOM(2,SG)	ngí nguent’i
nguent’i	V;PFV;NOM(2,SG)	gá nguent’i
nguent’i	V;PFV;NOM(3,SG)	bi nguent’i
nguent’i	V;PRF;PRS;NOM(1,SG)	stá nguent’i
nguent’i	V;PRF;PRS;NOM(3,SG)	xa nguent’i
nguent’i	V;PRF;PST;NOM(1)	stí nguent’i
nguent’i	V;PRF;PST;NOM(2)	xkí nguent’i
nguent’i	V;PRF;PST;NOM(3)	xki nguent’i
nguent’i	V;IRR;NOM(1,SG)	ga nguent’i
nguent’i	V;IRR;NOM(2,SG)	gi nguent’i
nguent’i	V;IRR;NOM(3,SG)	da nguent’i
hu²di	V;IPFV;PRS;NOM(2,SG)	gí hüdi
hu²di	V;IPFV;PST;NOM(1,SG)	ndí hüdi
hu²di	V;IPFV;PST;NOM(2,SG)	ngí hüdi
hu²di	V;IPFV;PST;NOM(3,SG)	mí hüdi
hu²di	V;PFV;NOM(1,SG)	dá hüdi
hu²di	V;PFV;NOM(2,SG)	gá hñüdi
hu²di	V;PFV;NOM(3,SG)	bi hñüdi
hu²di	V;PRF;PRS;NOM(3,SG)	xa hñüdi
hu²di	V;PRF;PST;NOM(1)	stí hüdi
hu²di	V;PRF;PST;NOM(3)	xki hñüdi
hu²di	V;IRR;NOM(2,SG)	gi hñüdi
hu²di	V;IRR;NOM(3,SG)	da hñüdi
fani	V;IPFV;PRS;NOM(2,SG)	gí fani
fani	V;IPFV;PRS;NOM(3,SG)	fani
fani	V;IPFV;PST;NOM(2,SG)	ngí fani
fani	V;IPFV;PST;NOM(3,SG)	mí fani
fani	V;PFV;NOM(1,SG)	dá fani
fani	V;PFV;NOM(2,SG)	gá fani
fani	V;PRF;PRS;NOM(1,SG)	stá fani
fani	V;PRF;PRS;NOM(3,SG)	xa fani
fani	V;PRF;PST;NOM(1)	stí fani
fani	V;PRF;PST;NOM(3)	xki mani
fani	V;IRR;NOM(1,SG)	ga fani
fani	V;IRR;NOM(2,SG)	gi fani
fani	V;IRR;NOM(3,SG)	da mani
ja¹²-ʔbẹgo	V;IPFV;PRS;NOM(1,SG)	dí jaʔbẹgo
ja¹²-ʔbẹgo	V;IPFV;PRS;NOM(2,SG)	gí jaʔbẹgo
ja¹²-ʔbẹgo	V;IPFV;PRS;NOM(3,SG)	jaʔbẹgo
ja¹²-ʔbẹgo	V;IPFV;PST;NOM(1,SG)	ndí jaʔbẹgo
ja¹²-ʔbẹgo	V;IPFV;PST;NOM(2,SG)	ngí jaʔbẹgo
ja¹²-ʔbẹgo	V;IPFV;PST;NOM(3,SG)	mí jaʔbẹgo
ja¹²-ʔbẹgo	V;PFV;NOM(2,SG)	gá jaʔbẹgo
ja¹²-ʔbẹgo	V;PRF;PRS;NOM(1,SG)	stá jaʔbẹgo
ja¹²-ʔbẹgo	V;PRF;PRS;NOM(2,SG)	xká jaʔbẹgo
ja¹²-ʔbẹgo	V;PRF;PRS;NOM(3,SG)	xa jaʔbẹgo
ja¹²-ʔbẹgo	V;PRF;PST;NOM(1)	stí jaʔbẹgo
ja¹²-ʔbẹgo	V;PRF;PST;NOM(2)	xkí jaʔbẹgo
ja¹²-ʔbẹgo	V;PRF;PST;NOM(3)	xki jaʔbẹgo
ja¹²-ʔbẹgo	V;IRR;NOM(1,SG)	ga jaʔbẹgo
ʔbẹ¹²pi	V;IPFV;PRS;NOM(3,SG)	ʔbẹpi
ʔbẹ¹²pi	V;IPFV;PST;NOM(2,SG)	ngí ʔbẹpi
ʔbẹ¹²pi	V;IPFV;PST;NOM(3,SG)	mí ʔbẹpi
ʔbẹ¹²pi	V;PFV;NOM(1,SG)	dá ʔbẹpi
ʔbẹ¹²pi	V;PRF;PRS;NOM(1,SG)	stá ʔbẹ¹²pi
ʔbẹ¹²pi	V;PRF;PRS;NOM(3,SG)	xa ʔmẹ¹²pi
ʔbẹ¹²pi	V;PRF;PST;NOM(1)	stí ʔbẹpi
ʔbẹ¹²pi	V;PRF;PST;NOM(2)	xkí ʔbẹpi
ʔbẹ¹²pi	V;PRF;PST;NOM(3)	xki ʔbẹpi
ʔbẹ¹²pi	V;IRR;NOM(1,SG)	ga ʔbẹpi
ʔbẹ¹²pi	V;IRR;NOM(3,SG)	da ʔbẹpi
ja¹-²mäsu	V;IPFV;PRS;NOM(1,SG)	dí -²mäsu
ja¹-²mäsu	V;IPFV;PRS;NOM(2,SG)	gí -²mäsu
ja¹-²mäsu	V;IPFV;PST;NOM(1,SG)	ndí -²mäsu
ja¹-²mäsu	V;IPFV;PST;NOM(2,SG)	ngí -²mäsu
ja¹-²mäsu	V;PFV;NOM(3,SG)	bi -²mäsu
ja¹-²mäsu	V;PRF;PRS;NOM(1,SG)	stá -²mäsu
ja¹-²mäsu	V;PRF;PST;NOM(1)	stí -²mäsu
ja¹-²mäsu	V;PRF;PST;NOM(2)	xkí -²mäsu
ja¹-²mäsu	V;IRR;NOM(1,SG)	ga -²mäsu
ja¹-²mäsu	V;IRR;NOM(3,SG)	da -²mäsu
kä²t’i	V;IPFV;PRS;NOM(1,SG)	dí kät’i
kä²t’i	V;IPFV;PRS;NOM(3,SG)	kät’i
kä²t’i	V;IPFV;PST;NOM(1,SG)	ndí kät’i
kä²t’i	V;IPFV;PST;NOM(2,SG)	ngí kät’i
kä²t’i	V;IPFV;PST;NOM(3,SG)	mí kät’i
kä²t’i	V;PFV;NOM(2,SG)	gá kä²t’i
kä²t’i	V;PRF;PRS;NOM(1,SG)	stá kät’i
kä²t’i	V;PRF;PRS;NOM(2,SG)	xká kät’i
kä²t’i	V;PRF;PST;NOM(1)	stí kät’i
kä²t’i	V;PRF;PST;NOM(2)	xkí kät’i
kä²t’i	V;PRF;PST;NOM(3)	xki kt’i
kä²t’i	V;IRR;NOM(1,SG)	ga kä²t’i
kä²t’i	V;IRR;NOM(2,SG)	gi kä²t’i
tu¹²ti	V;IPFV;PRS;NOM(2,SG)	gí tuti
tu¹²ti	V;IPFV;PRS;NOM(3,SG)	tu¹²ti
tu¹²ti	V;IPFV;PST;NOM(1,SG)	ndí tuti
tu¹²ti	V;IPFV;PST;NOM(2,SG)	ngí tuti
tu¹²ti	V;IPFV;PST;NOM(3,SG)	mí tuti
tu¹²ti	V;PFV;NOM(2,SG)	gá ntuti
tu¹²ti	V;PRF;PRS;NOM(3,SG)	xa ntuti
tu¹²ti	V;PRF;PST;NOM(1)	stí ntuti
tu¹²ti	V;PRF;PST;NOM(3)	xki ntuti
tu¹²ti	V;IRR;NOM(1,SG)	ga ntuti
tu¹²ti	V;IRR;NOM(3,SG)	da ntuti
u²ʔtsi	V;IPFV;PRS;NOM(1,SG)	dí ʔuʔtsi
u²ʔtsi	V;IPFV;PRS;NOM(3,SG)	ʔuʔtsi
u²ʔtsi	V;IPFV;PST;NOM(2,SG)	ngí ʔuʔtsi
u²ʔtsi	V;PRF;PST;NOM(1)	stí ʔuʔtsi
u²ʔtsi	V;PRF;PST;NOM(2)	xkí ʔuʔtsi
u²ʔtsi	V;PRF;PST;NOM(3)	xki ʔuʔtsi
u²ʔtsi	V;IRR;NOM(1,SG)	ga ʔuʔtsi
u²ʔtsi	V;IRR;NOM(2,SG)	gi ʔñtsi
ʔmi¹²fi	V;IPFV;PRS;NOM(3,SG)	ʔmi¹²fi
ʔmi¹²fi	V;IPFV;PST;NOM(3,SG)	mí ʔmi¹²fi
ʔmi¹²fi	V;PFV;NOM(3,SG)	bi ʔmi¹²fi
ʔmi¹²fi	V;IRR;NOM(3,SG)	da ʔmi¹²fi
hẹ²n-za	V;IPFV;PRS;NOM(1,SG)	dí hẹn-za
hẹ²n-za	V;IPFV;PST;NOM(2,SG)	ngí hẹn-za
hẹ²n-za	V;IPFV;PST;NOM(3,SG)	mí hẹn-za
hẹ²n-za	V;PFV;NOM(1,SG)	dá hẹn-za
hẹ²n-za	V;PFV;NOM(2,SG)	gá hyẹn-za
hẹ²n-za	V;PRF;PRS;NOM(2,SG)	xká hyẹn-za
hẹ²n-za	V;PRF;PRS;NOM(3,SG)	xa hyẹn-za
hẹ²n-za	V;PRF;PST;NOM(2)	xkí hyẹn-za
hẹ²n-za	V;PRF;PST;NOM(3)	xki hyẹn-za
ts’i	V;IPFV;PRS;NOM(1,SG)	dí ts’i
ts’i	V;IPFV;PRS;NOM(2,SG)	gí ts’i
ts’i	V;PFV;NOM(1,SG)	dá ts’i
ts’i	V;PFV;NOM(2,SG)	gá ts’i
ts’i	V;PFV;NOM(3,SG)	bi ts’i
ts’i	V;PRF;PRS;NOM(1,SG)	stá ts’i
ts’i	V;PRF;PRS;NOM(2,SG)	xká ts’i
ts’i	V;PRF;PST;NOM(1)	stí ts’i
ts’i	V;PRF;PST;NOM(2)	xkí ts’i
ts’i	V;PRF;PST;NOM(3)	xki ts’i
ts’i	V;IRR;NOM(2,SG)	gi ts’i
ts’i	V;IRR;NOM(3,SG)	da ts’i
tsogi	V;IPFV;PRS;NOM(2,SG)	gí tsogi
tsogi	V;IPFV;PRS;NOM(3,SG)	tsogi
tsogi	V;IPFV;PST;NOM(2,SG)	ngí tsogi
tsogi	V;PFV;NOM(1,SG)	dá tsogi
tsogi	V;PFV;NOM(3,SG)	bi zogi
tsogi	V;PRF;PRS;NOM(1,SG)	stá tsogi
tsogi	V;PRF;PRS;NOM(3,SG)	xa tsogi
tsogi	V;PRF;PST;NOM(2)	xkí tsogi
tsogi	V;PRF;PST;NOM(3)	xki tsogi
tsogi	V;IRR;NOM(3,SG)	da tsogi
k’ụ²ʔti	V;IPFV;PRS;NOM(1,SG)	dí k’ụ²ʔti
k’ụ²ʔti	V;IPFV;PRS;NOM(3,SG)	k’ụʔti
k’ụ²ʔti	V;IPFV;PST;NOM(1,SG)	ndí k’ụʔti
k’ụ²ʔti	V;IPFV;PST;NOM(2,SG)	ngí k’ụ²ʔti
k’ụ²ʔti	V;PFV;NOM(2,SG)	gá k’ụʔti
k’ụ²ʔti	V;PRF;PRS;NOM(1,SG)	stá k’ụʔti
k’ụ²ʔti	V;PRF;PST;NOM(1)	stí k’ụ²ʔti
k’ụ²ʔti	V;PRF;PST;NOM(2)	xkí k’ụʔti
k’ụ²ʔti	V;IRR;NOM(2,SG)	gi k’ụʔti
k’ụ²ʔti	V;IRR;NOM(3,SG)	da k’ụʔti
pu²ra	V;IPFV;PST;NOM(2,SG)	ngí pura
pu²ra	V;IPFV;PST;NOM(3,SG)	mí pura
pu²ra	V;PFV;NOM(2,SG)	gá pura
pu²ra	V;PFV;NOM(3,SG)	bi pura
pu²ra	V;PRF;PRS;NOM(1,SG)	stá pu²ra
pu²ra	V;PRF;PRS;NOM(2,SG)	xká pura
pu²ra	V;PRF;PRS;NOM(3,SG)	xa pu²ra
pu²ra	V;PRF;PST;NOM(1)	stí pu²ra
pu²ra	V;PRF;PST;NOM(2)	xkí pura
pu²ra	V;IRR;NOM(1,SG)	ga pura
pu²ra	V;IRR;NOM(2,SG)	gi pura
ʔñu²n-the	V;IPFV;PRS;NOM(2,SG)	gí ʔñun-the
ʔñu²n-the	V;IPFV;PST;NOM(1,SG)	ndí ʔñun-the
ʔñu²n-the	V;IPFV;PST;NOM(2,SG)	ngí ʔñun-the
ʔñu²n-the	V;IPFV;PST;NOM(3,SG)	mí ʔñun-the
ʔñu²n-the	V;PFV;NOM(1,SG)	dá ʔñun-the
ʔñu²n-the	V;PRF;PRS;NOM(1,SG)	stá ʔñun-the
ʔñu²n-the	V;PRF;PRS;NOM(3,SG)	xa ʔñun-the
ʔñu²n-the	V;PRF;PST;NOM(1)	stí ʔñun-the
ʔñu²n-the	V;PRF;PST;NOM(2)	xkí ʔñun-the
ʔñu²n-the	V;PRF;PST;NOM(3)	xki ʔñun-the
ʔñu²n-the	V;IRR;NOM(1,SG)	ga ʔñu²n-the
ʔñu²n-the	V;IRR;NOM(2,SG)	gi ʔñun-the
mämbi	V;IPFV;PST;NOM(1,SG)	ndí mämbi
mämbi	V;IPFV;PST;NOM(2,SG)	ngí mämbi
mämbi	V;IPFV;PST;NOM(3,SG)	mí mbi
mämbi	V;PFV;NOM(1,SG)	dá mämbi
mämbi	V;PFV;NOM(2,SG)	gá mämbi
mämbi	V;PFV;NOM(3,SG)	bi mämbi
mämbi	V;PRF;PRS;NOM(3,SG)	xa mämbi
mämbi	V;PRF;PST;NOM(3)	xki mämbi
oki	V;IPFV;PRS;NOM(1,SG)	dí ʔoki
oki	V;IPFV;PRS;NOM(2,SG)	gí ʔoki
oki	V;IPFV;PRS;NOM(3,SG)	ʔoki
oki	V;IPFV;PST;NOM(1,SG)	ndí ʔoki
oki	V;IPFV;PST;NOM(3,SG)	mí ʔoki
oki	V;PFV;NOM(1,SG)	dá ʔoki
oki	V;PFV;NOM(3,SG)	bi ʔyoki
oki	V;PRF;PRS;NOM(1,SG)	stá ʔñoki
oki	V;PRF;PRS;NOM(3,SG)	xki
oki	V;PRF;PST;NOM(1)	stí ʔoki
oki	V;PRF;PST;NOM(2)	xkí ʔyoki
oki	V;PRF;PST;NOM(3)	xki ʔyoki
oki	V;IRR;NOM(1,SG)	ga ʔoki
oki	V;IRR;NOM(2,SG)	gi ʔñoki
oki	V;IRR;NOM(3,SG)	da ʔyoki
nkät’i	V;IPFV;PRS;NOM(2,SG)	gí nkät’i
nkät’i	V;IPFV;PST;NOM(1,SG)	ndí nkät’i
nkät’i	V;IPFV;PST;NOM(2,SG)	ngí nkät’i
nkät’i	V;IPFV;PST;NOM(3,SG)	mí nkät’i
nkät’i	V;PFV;NOM(1,SG)	dá nkät’i
nkät’i	V;PFV;NOM(3,SG)	bi nkät’i
nkät’i	V;PRF;PRS;NOM(1,SG)	stá nkät’i
nkät’i	V;PRF;PRS;NOM(2,SG)	xká nkät’i
nkät’i	V;PRF;PRS;NOM(3,SG)	xa nkät’i
nkät’i	V;PRF;PST;NOM(1)	stí nkät’i
nkät’i	V;PRF;PST;NOM(2)	xkí nkät’i
nkät’i	V;IRR;NOM(2,SG)	gi nkät’i
e²k’ua¹²-mba	V;IPFV;PRS;NOM(2,SG)	gí ʔëk’ua¹²-mba
e²k’ua¹²-mba	V;IPFV;PST;NOM(3,SG)	mí ʔëk’ua¹²-mba
e²k’ua¹²-mba	V;PFV;NOM(1,SG)	dá ʔëk’ua¹²-mba
e²k’ua¹²-mba	V;PFV;NOM(3,SG)	bi ʔñëk’ua¹²-mba
e²k’ua¹²-mba	V;PRF;PRS;NOM(2,SG)	xká ʔñëk’ua¹²-mba
e²k’ua¹²-mba	V;PRF;PST;NOM(1)	stí ʔëk’ua¹²-mba
e²k’ua¹²-mba	V;PRF;PST;NOM(2)	xkí ʔñëk’ua¹²-mba
e²k’ua¹²-mba	V;PRF;PST;NOM(3)	xki ʔñëk’ua¹²-mba
e²k’ua¹²-mba	V;IRR;NOM(1,SG)	ga ʔëk’ua¹²-mba
e²k’ua¹²-mba	V;IRR;NOM(3,SG)	da ʔñëk’ua¹²-mba
po¹²n-tho	V;IPFV;PRS;NOM(3,SG)	pon-tho
po¹²n-tho	V;IPFV;PST;NOM(1,SG)	ndí pon-tho
po¹²n-tho	V;IPFV;PST;NOM(2,SG)	ngí po¹²n-tho
po¹²n-tho	V;IPFV;PST;NOM(3,SG)	mí pon-tho
po¹²n-tho	V;PFV;NOM(1,SG)	dá pon-tho
po¹²n-tho	V;PFV;NOM(2,SG)	gá pon-tho
po¹²n-tho	V;PFV;NOM(3,SG)	bi pon-tho
po¹²n-tho	V;PRF;PRS;NOM(3,SG)	xa pon-tho
po¹²n-tho	V;PRF;PST;NOM(3)	xki pon-tho
po¹²n-tho	V;IRR;NOM(2,SG)	gi pon-tho
po¹²n-tho	V;IRR;NOM(3,SG)	da pon-tho
po²ho	V;IPFV;PRS;NOM(2,SG)	gí po²ho
po²ho	V;IPFV;PRS;NOM(3,SG)	poho
po²ho	V;IPFV;PST;NOM(2,SG)	ngí po²ho
po²ho	V;IPFV;PST;NOM(3,SG)	mí poho
po²ho	V;PFV;NOM(1,SG)	dá po²ho
po²ho	V;PFV;NOM(2,SG)	gá po²ho
po²ho	V;PFV;NOM(3,SG)	bi poho
po²ho	V;PRF;PRS;NOM(1,SG)	stá po²ho
po²ho	V;PRF;PRS;NOM(2,SG)	xká po²ho
po²ho	V;PRF;PRS;NOM(3,SG)	xa poho
po²ho	V;PRF;PST;NOM(3)	xki poho
po²ho	V;IRR;NOM(1,SG)	ga po²ho
fụi	V;IPFV;PRS;NOM(1,SG)	dí fụi
fụi	V;IPFV;PRS;NOM(2,SG)	gí fụi
fụi	V;IPFV;PRS;NOM(3,SG)	fụi
fụi	V;IPFV;PST;NOM(2,SG)	ngí fụi
fụi	V;PFV;NOM(3,SG)	bi fụi
fụi	V;PRF;PRS;NOM(2,SG)	xká fụi
fụi	V;PRF;PRS;NOM(3,SG)	xa fụi
fụi	V;PRF;PST;NOM(3)	xki fụi
ʔui²	V;IPFV;PRS;NOM(2,SG)	gí ʔui²
ʔui²	V;IPFV;PST;NOM(1,SG)	ndí ʔui²
ʔui²	V;IPFV;PST;NOM(2,SG)	ngí ʔui²
ʔui²	V;IPFV;PST;NOM(3,SG)	mí ʔui²
ʔui²	V;PRF;PRS;NOM(1,SG)	stá ʔui²
ʔui²	V;PRF;PRS;NOM(2,SG)	xká ʔui²
ʔui²	V;PRF;PST;NOM(2)	xkí ʔui²
ʔui²	V;PRF;PST;NOM(3)	xki ʔui²
ʔui²	V;IRR;NOM(1,SG)	ga ʔui²
ʔui²	V;IRR;NOM(3,SG)	da ʔui²
po²-the	V;PFV;NOM(3,SG)	bi po-the
po²-the	V;PRF;PRS;NOM(3,SG)	xa po-the
po²-the	V;PRF;PST;NOM(3)	xki po-the
po²-the	V;IRR;NOM(3,SG)	da po²-the
ʔyo²-mxu²di	V;IPFV;PRS;NOM(1,SG)	dí ʔyomxu²di
ʔyo²-mxu²di	V;IPFV;PRS;NOM(2,SG)	gí ʔyo²-mxu²di
ʔyo²-mxu²di	V;IPFV;PRS;NOM(3,SG)	ʔyomxu²di
ʔyo²-mxu²di	V;IPFV;PST;NOM(1,SG)	ndí ʔyomxu²di
ʔyo²-mxu²di	V;IPFV;PST;NOM(3,SG)	mí ʔyomxu²di
ʔyo²-mxu²di	V;PFV;NOM(1,SG)	dá ʔñomxu²di
ʔyo²-mxu²di	V;PRF;PRS;NOM(1,SG)	stá ʔñomxu²di
ʔyo²-mxu²di	V;PRF;PRS;NOM(2,SG)	xká ʔñomxu²di
ʔyo²-mxu²di	V;PRF;PRS;NOM(3,SG)	xa ʔñomxu²di
ʔyo²-mxu²di	V;PRF;PST;NOM(1)	stí ʔñomxu²di
ʔyo²-mxu²di	V;PRF;PST;NOM(2)	xkí ʔñomxu²di
ʔyo²-mxu²di	V;PRF;PST;NOM(3)	xki ʔñomxu²di
ʔyo²-mxu²di	V;IRR;NOM(3,SG)	da ʔñomxu²di
tsẹ²ʔmi	V;IPFV;PRS;NOM(1,SG)	dí tsẹʔmi
tsẹ²ʔmi	V;IPFV;PRS;NOM(3,SG)	tsẹʔmi
tsẹ²ʔmi	V;IPFV;PST;NOM(1,SG)	ndí tsẹʔmi
tsẹ²ʔmi	V;IPFV;PST;NOM(2,SG)	ngí tsẹʔmi
tsẹ²ʔmi	V;IPFV;PST;NOM(3,SG)	mí tsẹʔmi
tsẹ²ʔmi	V;PFV;NOM(2,SG)	gá ntsẹʔmi
tsẹ²ʔmi	V;PFV;NOM(3,SG)	bi zẹ²ʔmi
tsẹ²ʔmi	V;PRF;PRS;NOM(1,SG)	stá ntsẹʔmi
tsẹ²ʔmi	V;PRF;PST;NOM(1)	stí ntsẹʔmi
tsẹ²ʔmi	V;PRF;PST;NOM(2)	xkí ntsẹʔmi
tsẹ²ʔmi	V;PRF;PST;NOM(3)	xki ntsẹʔmi
tsẹ²ʔmi	V;IRR;NOM(2,SG)	gi ntsẹʔmi
tsọ¹²họ	V;IPFV;PRS;NOM(1,SG)	dí tsọhọ
tsọ¹²họ	V;IPFV;PRS;NOM(3,SG)	tsọhọ
tsọ¹²họ	V;PFV;NOM(1,SG)	dá tsọhọ
tsọ¹²họ	V;PFV;NOM(2,SG)	gá tsọ¹²họ
tsọ¹²họ	V;PFV;NOM(3,SG)	bi tsọhọ
tsọ¹²họ	V;PRF;PRS;NOM(1,SG)	stá tsọhọ
tsọ¹²họ	V;PRF;PRS;NOM(2,SG)	xká ntsọ¹²họ
tsọ¹²họ	V;PRF;PST;NOM(1)	stí tsọhọ
tsọ¹²họ	V;PRF;PST;NOM(2)	xkí tsọhọ
tsọ¹²họ	V;PRF;PST;NOM(3)	xki tsọhọ
tsọ¹²họ	V;IRR;NOM(3,SG)	da ntsọ¹²họ
xats’i	V;IPFV;PRS;NOM(1,SG)	dí xats’i
xats’i	V;IPFV;PRS;NOM(2,SG)	gí xats’i
xats’i	V;IPFV;PRS;NOM(3,SG)	xats’i
xats’i	V;IPFV;PST;NOM(2,SG)	ngí xats’i
xats’i	V;IPFV;PST;NOM(3,SG)	mí xats’i
xats’i	V;PFV;NOM(1,SG)	dá xats’i
xats’i	V;PFV;NOM(2,SG)	gá xats’i
xats’i	V;PFV;NOM(3,SG)	bi xats’i
xats’i	V;PRF;PRS;NOM(1,SG)	stá xats’i
xats’i	V;PRF;PRS;NOM(3,SG)	xa ts’i
xats’i	V;PRF;PST;NOM(1)	stí xats’i
xats’i	V;PRF;PST;NOM(2)	xkí xats’i
xats’i	V;PRF;PST;NOM(3)	xki xats’i
xats’i	V;IRR;NOM(1,SG)	ga xats’i
xats’i	V;IRR;NOM(2,SG)	gi xats’i
xats’i	V;IRR;NOM(3,SG)	da xats’i
jondi	V;IPFV;PRS;NOM(1,SG)	dí jondi
jondi	V;IPFV;PRS;NOM(2,SG)	gí jondi
jondi	V;IPFV;PST;NOM(1,SG)	ndí jondi
jondi	V;PFV;NOM(2,SG)	gá jondi
jondi	V;PFV;NOM(3,SG)	bi jondi
jondi	V;PRF;PRS;NOM(1,SG)	stá jondi
jondi	V;PRF;PRS;NOM(2,SG)	xká jondi
jondi	V;PRF;PST;NOM(1)	stí jondi
jondi	V;PRF;PST;NOM(2)	xkí jondi
jondi	V;IRR;NOM(1,SG)	ga jondi
jondi	V;IRR;NOM(2,SG)	gi jondi
jondi	V;IRR;NOM(3,SG)	da jondi
xai	V;IPFV;PST;NOM(3,SG)	mí xai
xai	V;PFV;NOM(1,SG)	dá xai
xai	V;PFV;NOM(2,SG)	gá xai
xai	V;PRF;PRS;NOM(3,SG)	xa i
xai	V;PRF;PST;NOM(1)	stí xai
xai	V;PRF;PST;NOM(2)	xkí xai
xai	V;PRF;PST;NOM(3)	xki xai
pụ²ngi	V;IPFV;PST;NOM(3,SG)	mí pụngi
pụ²ngi	V;PFV;NOM(3,SG)	bi mụngi
pụ²ngi	V;PRF;PST;NOM(3)	xki mụngi
pụ²ngi	V;IRR;NOM(3,SG)	da mụngi
ʔbọnt’e	V;IPFV;PST;NOM(3,SG)	mí ʔbọnt’e
ʔbọnt’e	V;IRR;NOM(3,SG)	da ʔbọnt’e
hñä²mbä²-nt’ẹi	V;IPFV;PRS;NOM(1,SG)	dí hñä²mbä²-nt’ẹi
hñä²mbä²-nt’ẹi	V;IPFV;PRS;NOM(3,SG)	hñämbä²-nt’ẹi
hñä²mbä²-nt’ẹi	V;IPFV;PST;NOM(1,SG)	ndí hñämbä²-nt’ẹi
hñä²mbä²-nt’ẹi	V;IPFV;PST;NOM(2,SG)	ngí hñämbä²-nt’ẹi
hñä²mbä²-nt’ẹi	V;PFV;NOM(2,SG)	gá hñämbä²-nt’ẹi
hñä²mbä²-nt’ẹi	V;PFV;NOM(3,SG)	bi hñä²mbä²-nt’ẹi
hñä²mbä²-nt’ẹi	V;PRF;PRS;NOM(1,SG)	stá hñämbä²-nt’ẹi
hñä²mbä²-nt’ẹi	V;PRF;PRS;NOM(2,SG)	xká hñämbä²-nt’ẹi
hñä²mbä²-nt’ẹi	V;PRF;PRS;NOM(3,SG)	xa hñämbä²-nt’ẹi
hñä²mbä²-nt’ẹi	V;PRF;PST;NOM(1)	stí hñämbä²-nt’ẹi
hñä²mbä²-nt’ẹi	V;PRF;PST;NOM(2)	xkí hñämbä²-nt’ẹi
hñä²mbä²-nt’ẹi	V;PRF;PST;NOM(3)	xki hñämbä²-nt’ẹi
hñä²mbä²-nt’ẹi	V;IRR;NOM(2,SG)	gi hñä²mbä²-nt’ẹi
thihni	V;IPFV;PRS;NOM(3,SG)	thihni
thihni	V;IPFV;PST;NOM(3,SG)	mí thihni
thihni	V;PRF;PST;NOM(3)	xki hni
thihni	V;IRR;NOM(3,SG)	da nthihni
ʔra	V;IPFV;PRS;NOM(1,SG)	dí ʔra
ʔra	V;IPFV;PST;NOM(2,SG)	ngí ʔra
ʔra	V;IPFV;PST;NOM(3,SG)	mí ʔra
ʔra	V;PRF;PRS;NOM(2,SG)	xká ʔra
ʔra	V;PRF;PRS;NOM(3,SG)	xa ʔra
ʔra	V;PRF;PST;NOM(1)	stí ʔra
ʔra	V;PRF;PST;NOM(2)	xkí ʔra
ʔra	V;PRF;PST;NOM(3)	xki ʔra
ʔra	V;IRR;NOM(1,SG)	ga ʔra
ʔra	V;IRR;NOM(2,SG)	gi ʔra
pọ²ni	V;IPFV;PRS;NOM(2,SG)	gí pọni
pọ²ni	V;IPFV;PRS;NOM(3,SG)	pọni
pọ²ni	V;PFV;NOM(2,SG)	gá pọni
pọ²ni	V;PFV;NOM(3,SG)	bi mọni
pọ²ni	V;PRF;PRS;NOM(1,SG)	stá pọni
pọ²ni	V;PRF;PST;NOM(2)	xkí pọ²ni
pọ²ni	V;IRR;NOM(1,SG)	ga pọ²ni
bu²hla	V;IPFV;PRS;NOM(2,SG)	gí bu²hla
bu²hla	V;IPFV;PRS;NOM(3,SG)	bu²hla
bu²hla	V;IPFV;PST;NOM(1,SG)	ndí bu²hla
bu²hla	V;IPFV;PST;NOM(2,SG)	ngí bu²hla
bu²hla	V;IPFV;PST;NOM(3,SG)	mí bu²hla
bu²hla	V;PFV;NOM(2,SG)	gá bu²hla
bu²hla	V;PFV;NOM(3,SG)	bi ²hla
bu²hla	V;PRF;PRS;NOM(1,SG)	stá bu²hla
bu²hla	V;PRF;PST;NOM(1)	stí bu²hla
bu²hla	V;PRF;PST;NOM(2)	xkí bu²hla
bu²hla	V;PRF;PST;NOM(3)	xki bu²hla
bu²hla	V;IRR;NOM(1,SG)	ga bu²hla
bu²hla	V;IRR;NOM(2,SG)	gi bu²hla
bu²hla	V;IRR;NOM(3,SG)	da bu²hla
nxụ	V;IPFV;PRS;NOM(1,SG)	dí nxụ
nxụ	V;IPFV;PRS;NOM(2,SG)	gí nxụ
nxụ	V;IPFV;PRS;NOM(3,SG)	nxụ
nxụ	V;PFV;NOM(1,SG)	dá nxụ
nxụ	V;PFV;NOM(2,SG)	gá nxụ
nxụ	V;PFV;NOM(3,SG)	bi nxụ
nxụ	V;PRF;PRS;NOM(1,SG)	stá nxụ
nxụ	V;PRF;PRS;NOM(2,SG)	xká nxụ
nxụ	V;PRF;PRS;NOM(3,SG)	xa nxụ
nxụ	V;PRF;PST;NOM(2)	xkí nxụ
nxụ	V;PRF;PST;NOM(3)	xki nxụ
tsa¹²ni	V;IPFV;PRS;NOM(3,SG)	tsani
tsa¹²ni	V;IPFV;PST;NOM(2,SG)	ngí tsani
tsa¹²ni	V;PFV;NOM(1,SG)	dá tsani
tsa¹²ni	V;PRF;PRS;NOM(2,SG)	xká tsani
tsa¹²ni	V;PRF;PST;NOM(1)	stí tsani
tsa¹²ni	V;PRF;PST;NOM(3)	xki tsani
tsa¹²ni	V;IRR;NOM(2,SG)	gi tsani
tsa¹²ni	V;IRR;NOM(3,SG)	da tsani
tsa¹²ni	V;IPFV;PRS;NOM(1,SG)	dí tsani
tsa¹²ni	V;IPFV;PRS;NOM(2,SG)	gí tsani
tsa¹²ni	V;IPFV;PRS;NOM(3,SG)	tsani
tsa¹²ni	V;IPFV;PST;NOM(2,SG)	ngí tsani
tsa¹²ni	V;PFV;NOM(2,SG)	gá tsani
tsa¹²ni	V;PRF;PST;NOM(1)	stí tsani
tsa¹²ni	V;PRF;PST;NOM(2)	xkí tsani
tsa¹²ni	V;IRR;NOM(1,SG)	ga tsani
tsa¹²ni	V;IRR;NOM(3,SG)	da tsani
nts’angi	V;IPFV;PRS;NOM(1,SG)	dí nts’angi
nts’angi	V;IPFV;PRS;NOM(3,SG)	nts’angi
nts’angi	V;IPFV;PST;NOM(1,SG)	ndí nts’angi
nts’angi	V;IPFV;PST;NOM(2,SG)	ngí nts’angi
nts’angi	V;PFV;NOM(1,SG)	dá nts’angi
nts’angi	V;PFV;NOM(2,SG)	gá nts’angi
nts’angi	V;PFV;NOM(3,SG)	bi nts’angi
nts’angi	V;PRF;PRS;NOM(2,SG)	xká nts’angi
nts’angi	V;PRF;PRS;NOM(3,SG)	xa nts’angi
nts’angi	V;PRF;PST;NOM(1)	stí nts’angi
nts’angi	V;PRF;PST;NOM(3)	xki nts’angi
nts’angi	V;IRR;NOM(1,SG)	ga nts’angi
nts’angi	V;IRR;NOM(3,SG)	da nts’angi
nts’angi	V;IPFV;PRS;NOM(2,SG)	gí nts’angi
nts’angi	V;IPFV;PRS;NOM(3,SG)	nts’angi
nts’angi	V;IPFV;PST;NOM(1,SG)	ndí nts’angi
nts’angi	V;IPFV;PST;NOM(3,SG)	mí nts’angi
nts’angi	V;PFV;NOM(3,SG)	bi nts’angi
nts’angi	V;PRF;PRS;NOM(3,SG)	xa nts’angi
nts’angi	V;PRF;PST;NOM(1)	stí nts’angi
nts’angi	V;PRF;PST;NOM(2)	xkí nts’angi
nts’angi	V;PRF;PST;NOM(3)	xki nts’angi
nts’angi	V;IRR;NOM(1,SG)	ga nts’angi
nts’angi	V;IRR;NOM(3,SG)	da nts’angi
u¹²t’i	V;IPFV;PRS;NOM(1,SG)	dí ʔut’i
u¹²t’i	V;IPFV;PRS;NOM(2,SG)	gí ʔut’i
u¹²t’i	V;IPFV;PST;NOM(1,SG)	ndí ʔut’i
u¹²t’i	V;IPFV;PST;NOM(2,SG)	ngí ʔu¹²t’i
u¹²t’i	V;IPFV;PST;NOM(3,SG)	mí ʔut’i
u¹²t’i	V;PFV;NOM(2,SG)	gá ʔyut’i
u¹²t’i	V;PRF;PRS;NOM(1,SG)	stá ʔut’i
u¹²t’i	V;PRF;PRS;NOM(2,SG)	xká ʔyut’i
u¹²t’i	V;PRF;PRS;NOM(3,SG)	xa ʔyut’i
u¹²t’i	V;PRF;PST;NOM(3)	xki ʔyut’i
u¹²t’i	V;IRR;NOM(1,SG)	ga ʔut’i
u¹²t’i	V;IRR;NOM(3,SG)	da u¹²t’i
bo¹²st’i	V;IPFV;PRS;NOM(1,SG)	dí bo¹²st’i
bo¹²st’i	V;IPFV;PRS;NOM(2,SG)	gí bo¹²st’i
bo¹²st’i	V;IPFV;PRS;NOM(3,SG)	bost’i
bo¹²st’i	V;IPFV;PST;NOM(1,SG)	ndí bo¹²st’i
bo¹²st’i	V;IPFV;PST;NOM(2,SG)	ngí bo¹²st’i
bo¹²st’i	V;IPFV;PST;NOM(3,SG)	mí bost’i
bo¹²st’i	V;PFV;NOM(2,SG)	gá bo¹²st’i
bo¹²st’i	V;PFV;NOM(3,SG)	bi bost’i
bo¹²st’i	V;PRF;PST;NOM(1)	stí bo¹²st’i
bo¹²st’i	V;PRF;PST;NOM(2)	xkí bo¹²st’i
bo¹²st’i	V;IRR;NOM(3,SG)	da bost’i
nkä¹²xi	V;IPFV;PRS;NOM(3,SG)	nkä¹²xi
nkä¹²xi	V;PFV;NOM(3,SG)	bi nkä¹²xi
nkä¹²xi	V;PRF;PRS;NOM(3,SG)	xa nkä¹²xi
nde²he	V;IPFV;PRS;NOM(1,SG)	dí nde²he
nde²he	V;IPFV;PRS;NOM(2,SG)	gí ndehe
nde²he	V;IPFV;PST;NOM(1,SG)	ndí ndehe
nde²he	V;IPFV;PST;NOM(2,SG)	ngí ndehe
nde²he	V;IPFV;PST;NOM(3,SG)	mí nde²he
nde²he	V;PFV;NOM(3,SG)	bi nde²he
nde²he	V;PRF;PRS;NOM(1,SG)	stá ndehe
nde²he	V;PRF;PRS;NOM(2,SG)	xká ndehe
nde²he	V;PRF;PST;NOM(1)	stí ndehe
nde²he	V;PRF;PST;NOM(2)	xkí nde²he
pist’i	V;IPFV;PRS;NOM(2,SG)	gí pist’i
pist’i	V;IPFV;PRS;NOM(3,SG)	pist’i
pist’i	V;IPFV;PST;NOM(2,SG)	ngí pist’i
pist’i	V;IPFV;PST;NOM(3,SG)	mí pist’i
pist’i	V;PRF;PRS;NOM(1,SG)	stá pist’i
pist’i	V;PRF;PRS;NOM(2,SG)	xká pist’i
pist’i	V;PRF;PST;NOM(1)	stí pist’i
pist’i	V;PRF;PST;NOM(3)	xki pist’i
pist’i	V;IRR;NOM(1,SG)	ga pist’i
nọ¹²ge	V;IPFV;PRS;NOM(3,SG)	nọge
nọ¹²ge	V;IPFV;PST;NOM(3,SG)	mí nọge
nọ¹²ge	V;PRF;PST;NOM(3)	xki nọge
nọ¹²ge	V;IRR;NOM(3,SG)	da nọge
ʔñani	V;IPFV;PRS;NOM(1,SG)	dí ʔñani
ʔñani	V;IPFV;PRS;NOM(2,SG)	gí ʔñani
ʔñani	V;IPFV;PST;NOM(1,SG)	ndí ʔñani
ʔñani	V;IPFV;PST;NOM(2,SG)	ngí ʔñani
ʔñani	V;IPFV;PST;NOM(3,SG)	mí ʔñani
ʔñani	V;PFV;NOM(1,SG)	dá ʔñani
ʔñani	V;PFV;NOM(2,SG)	gá ʔñani
ʔñani	V;PFV;NOM(3,SG)	bi ʔñani
ʔñani	V;PRF;PRS;NOM(1,SG)	stá ʔñani
ʔñani	V;PRF;PRS;NOM(3,SG)	xa ʔñani
ʔñani	V;IRR;NOM(1,SG)	ga ʔñani
ʔñani	V;IRR;NOM(2,SG)	gi ʔñani
ʔñani	V;IRR;NOM(3,SG)	da ʔñani
e²he	V;IPFV;PRS;NOM(1,SG)	dí ʔëhe
e²he	V;IPFV;PRS;NOM(2,SG)	gí ʔëhe
e²he	V;IPFV;PST;NOM(1,SG)	ndí ʔëhe
e²he	V;IPFV;PST;NOM(2,SG)	ngí ʔëhe
e²he	V;IPFV;PST;NOM(3,SG)	mí ʔëhe
e²he	V;PFV;NOM(2,SG)	gá ʔñëhe
e²he	V;PFV;NOM(3,SG)	bi ʔñëhe
e²he	V;PRF;PRS;NOM(3,SG)	xa ʔñëhe
e²he	V;PRF;PST;NOM(1)	stí ʔëhe
e²he	V;PRF;PST;NOM(3)	xki ʔñëhe
e²he	V;IRR;NOM(2,SG)	gi ʔñëhe
e²he	V;IRR;NOM(3,SG)	da ʔñëhe
ụ¹²ts’i	V;IPFV;PRS;NOM(1,SG)	dí ʔụ¹²ts’i
ụ¹²ts’i	V;IPFV;PRS;NOM(2,SG)	gí ʔụ¹²ts’i
ụ¹²ts’i	V;IPFV;PRS;NOM(3,SG)	ʔụ¹²ts’i
ụ¹²ts’i	V;IPFV;PST;NOM(1,SG)	ndí ʔụ¹²ts’i
ụ¹²ts’i	V;IPFV;PST;NOM(2,SG)	ngí ʔụ¹²ts’i
ụ¹²ts’i	V;IPFV;PST;NOM(3,SG)	mí ʔụ¹²ts’i
ụ¹²ts’i	V;PFV;NOM(2,SG)	gá ʔyụ¹²ts’i
ụ¹²ts’i	V;PFV;NOM(3,SG)	bi ʔyụ¹²ts’i
ụ¹²ts’i	V;PRF;PRS;NOM(2,SG)	xká ʔyụ¹²ts’i
ụ¹²ts’i	V;PRF;PST;NOM(1)	stí ʔụ¹²ts’i
ụ¹²ts’i	V;PRF;PST;NOM(2)	xkí ʔyụ¹²ts’i
ụ¹²ts’i	V;PRF;PST;NOM(3)	xki ʔyụ¹²ts’i
ụ¹²ts’i	V;IRR;NOM(1,SG)	ga ʔụ¹²ts’i
ụ¹²ts’i	V;IRR;NOM(2,SG)	gi ʔyụ¹²ts’i
ụ¹²ts’i	V;IRR;NOM(3,SG)	da ʔyụ¹²ts’i
dä¹²nts’i	V;IPFV;PRS;NOM(1,SG)	dí dnts’i
dä¹²nts’i	V;IPFV;PRS;NOM(2,SG)	gí dnts’i
dä¹²nts’i	V;IPFV;PRS;NOM(3,SG)	dänts’i
dä¹²nts’i	V;IPFV;PST;NOM(1,SG)	ndí dä¹²nts’i
dä¹²nts’i	V;IPFV;PST;NOM(2,SG)	ngí dnts’i
dä¹²nts’i	V;PFV;NOM(1,SG)	dá dä¹²nts’i
dä¹²nts’i	V;PFV;NOM(3,SG)	bi dnts’i
dä¹²nts’i	V;PRF;PRS;NOM(2,SG)	xká dnts’i
dä¹²nts’i	V;PRF;PRS;NOM(3,SG)	xa dnts’i
dä¹²nts’i	V;PRF;PST;NOM(1)	stí dnts’i
dä¹²nts’i	V;IRR;NOM(1,SG)	ga dnts’i
dä¹²nts’i	V;IRR;NOM(3,SG)	da dnts’i
me²ʔmi	V;IPFV;PRS;NOM(1,SG)	dí me²ʔmi
me²ʔmi	V;IPFV;PRS;NOM(3,SG)	meʔmi
me²ʔmi	V;IPFV;PST;NOM(2,SG)	ngí me²ʔmi
me²ʔmi	V;IPFV;PST;NOM(3,SG)	mí ²ʔmi
me²ʔmi	V;PFV;NOM(1,SG)	dá me²ʔmi
me²ʔmi	V;PRF;PRS;NOM(2,SG)	xká me²ʔmi
me²ʔmi	V;PRF;PST;NOM(1)	stí me²ʔmi
me²ʔmi	V;PRF;PST;NOM(2)	xkí me²ʔmi
me²ʔmi	V;PRF;PST;NOM(3)	xki meʔmi
me²ʔmi	V;IRR;NOM(3,SG)	da meʔmi
tsa²-te	V;IPFV;PRS;NOM(1,SG)	dí tsa-te
tsa²-te	V;IPFV;PRS;NOM(2,SG)	gí tsate
tsa²-te	V;IPFV;PST;NOM(2,SG)	ngí tsate
tsa²-te	V;IPFV;PST;NOM(3,SG)	mí tsate
tsa²-te	V;PFV;NOM(1,SG)	dá ntsate
tsa²-te	V;PFV;NOM(2,SG)	gá ntsate
tsa²-te	V;PFV;NOM(3,SG)	bi ntsate
tsa²-te	V;PRF;PRS;NOM(2,SG)	xká ntsate
tsa²-te	V;PRF;PRS;NOM(3,SG)	xa ntsate
tsa²-te	V;PRF;PST;NOM(2)	xkí ntsa-te
tsa²-te	V;PRF;PST;NOM(3)	xki ntsate
tsa²-te	V;IRR;NOM(2,SG)	gi ntsa-te
no²tsi	V;IPFV;PRS;NOM(3,SG)	no²tsi
no²tsi	V;IPFV;PST;NOM(3,SG)	mí no²tsi
no²tsi	V;PFV;NOM(3,SG)	bi no²tsi
no²tsi	V;PRF;PST;NOM(3)	xki no²tsi
jo²ʔo	V;IPFV;PRS;NOM(1,SG)	dí joʔo
jo²ʔo	V;IPFV;PRS;NOM(3,SG)	joʔo
jo²ʔo	V;IPFV;PST;NOM(1,SG)	ndí joʔo
jo²ʔo	V;IPFV;PST;NOM(2,SG)	ngí jo²ʔo
jo²ʔo	V;IPFV;PST;NOM(3,SG)	mí joʔo
jo²ʔo	V;PRF;PRS;NOM(1,SG)	stá jo²ʔo
jo²ʔo	V;PRF;PRS;NOM(2,SG)	xká jo²ʔo
jo²ʔo	V;PRF;PRS;NOM(3,SG)	xa joʔo
jo²ʔo	V;PRF;PST;NOM(1)	stí jo²ʔo
jo²ʔo	V;PRF;PST;NOM(3)	xki jo²ʔo
jo²ʔo	V;IRR;NOM(1,SG)	ga jo²ʔo
jo²ʔo	V;IRR;NOM(2,SG)	gi joʔo
jo²ʔo	V;IRR;NOM(3,SG)	da joʔo
ts’i²ʔti	V;IPFV;PRS;NOM(1,SG)	dí ts’i²ʔti
ts’i²ʔti	V;IPFV;PRS;NOM(2,SG)	gí ts’i²ʔti
ts’i²ʔti	V;IPFV;PRS;NOM(3,SG)	ts’i²ʔti
ts’i²ʔti	V;IPFV;PST;NOM(2,SG)	ngí ts’i²ʔti
ts’i²ʔti	V;PFV;NOM(1,SG)	dá ts’i²ʔti
ts’i²ʔti	V;PFV;NOM(2,SG)	gá ts’i²ʔti
ts’i²ʔti	V;PFV;NOM(3,SG)	bi ts’i²ʔti
ts’i²ʔti	V;PRF;PRS;NOM(2,SG)	xká ts’i²ʔti
ts’i²ʔti	V;PRF;PST;NOM(1)	stí ts’i²ʔti
ts’i²ʔti	V;IRR;NOM(1,SG)	ga ts’i²ʔti
ts’i²ʔti	V;IRR;NOM(2,SG)	gi ts’i²ʔti
tsa	V;IPFV;PRS;NOM(1,SG)	dí tsa
tsa	V;IPFV;PRS;NOM(2,SG)	gí tsa
tsa	V;IPFV;PST;NOM(1,SG)	ndí tsa
tsa	V;IPFV;PST;NOM(3,SG)	mí tsa
tsa	V;PFV;NOM(2,SG)	gá tsa
tsa	V;PFV;NOM(3,SG)	bi tsa
tsa	V;PRF;PRS;NOM(2,SG)	xká tsa
tsa	V;PRF;PRS;NOM(3,SG)	xa tsa
tsa	V;PRF;PST;NOM(1)	stí tsa
tsa	V;PRF;PST;NOM(2)	xkí tsa
tsa	V;PRF;PST;NOM(3)	xki tsa
tsa	V;IRR;NOM(2,SG)	gi tsa
tsa	V;IRR;NOM(3,SG)	da tsa
poʔtsi	V;IPFV;PRS;NOM(3,SG)	poʔtsi
poʔtsi	V;IPFV;PST;NOM(3,SG)	mí poʔtsi
poʔtsi	V;PFV;NOM(3,SG)	bi poʔtsi
poʔtsi	V;PRF;PRS;NOM(3,SG)	xa poʔtsi
poʔtsi	V;PRF;PST;NOM(3)	xki poʔtsi
poʔtsi	V;IRR;NOM(3,SG)	da poʔtsi
a²ki	V;IPFV;PRS;NOM(1,SG)	dí ʔaki
a²ki	V;IPFV;PRS;NOM(2,SG)	gí ʔaki
a²ki	V;IPFV;PST;NOM(1,SG)	ndí ʔaki
a²ki	V;IPFV;PST;NOM(2,SG)	ngí ʔaki
a²ki	V;IPFV;PST;NOM(3,SG)	mí ʔaki
a²ki	V;PFV;NOM(2,SG)	gá ʔñaki
a²ki	V;PRF;PRS;NOM(1,SG)	stá ʔñaki
a²ki	V;PRF;PRS;NOM(2,SG)	xká ʔñaki
a²ki	V;PRF;PRS;NOM(3,SG)	xa ʔñaki
a²ki	V;PRF;PST;NOM(1)	stí ʔñaki
a²ki	V;PRF;PST;NOM(3)	xki ʔñaki
a²ki	V;IRR;NOM(3,SG)	da ʔñaki
te¹²ge	V;IPFV;PRS;NOM(1,SG)	dí tege
te¹²ge	V;IPFV;PRS;NOM(2,SG)	gí tege
te¹²ge	V;IPFV;PRS;NOM(3,SG)	tege
te¹²ge	V;IPFV;PST;NOM(3,SG)	mí tege
te¹²ge	V;PFV;NOM(2,SG)	gá tege
te¹²ge	V;PFV;NOM(3,SG)	bi tege
te¹²ge	V;PRF;PRS;NOM(1,SG)	stá tege
te¹²ge	V;PRF;PRS;NOM(2,SG)	xká tege
te¹²ge	V;PRF;PRS;NOM(3,SG)	xa nte¹²ge
te¹²ge	V;PRF;PST;NOM(2)	xkí tege
te¹²ge	V;PRF;PST;NOM(3)	xki tege
te¹²ge	V;IRR;NOM(2,SG)	gi te¹²ge
tụ²ʔtsi	V;IPFV;PRS;NOM(2,SG)	gí tụʔtsi
tụ²ʔtsi	V;IPFV;PRS;NOM(3,SG)	tụʔtsi
tụ²ʔtsi	V;IPFV;PST;NOM(1,SG)	ndí tụ²ʔtsi
tụ²ʔtsi	V;IPFV;PST;NOM(2,SG)	ngí tụ²ʔtsi
tụ²ʔtsi	V;PRF;PRS;NOM(1,SG)	stá tụ²ʔtsi
tụ²ʔtsi	V;PRF;PRS;NOM(3,SG)	xa dụʔtsi
tụ²ʔtsi	V;PRF;PST;NOM(1)	stí tụʔtsi
tụ²ʔtsi	V;PRF;PST;NOM(2)	xkí tụʔtsi
tụ²ʔtsi	V;PRF;PST;NOM(3)	xki dụʔtsi
tụ²ʔtsi	V;IRR;NOM(2,SG)	gi tụ²ʔtsi
tụ²ʔtsi	V;IRR;NOM(3,SG)	da dụ²ʔtsi
ndo	V;PFV;NOM(3,SG)	bi ndo
ndo	V;PRF;PRS;NOM(3,SG)	xa ndo
ndo	V;IRR;NOM(3,SG)	da ndo
ʔuä²i	V;PFV;NOM(3,SG)	bi ʔuä²i
ʔuä²i	V;IRR;NOM(3,SG)	da ʔuä²i
hño¹²-sko	V;IPFV;PRS;NOM(3,SG)	hño¹²-sko
hño¹²-sko	V;IPFV;PST;NOM(3,SG)	mí hño¹²-sko
hño¹²-sko	V;PFV;NOM(3,SG)	bi hño¹²-sko
hño¹²-sko	V;PRF;PST;NOM(3)	xki hño¹²-sko
hño¹²-sko	V;IRR;NOM(3,SG)	da hño¹²-sko
ʔbẹt’i	V;IPFV;PST;NOM(1,SG)	ndí ʔbẹt’i
ʔbẹt’i	V;IPFV;PST;NOM(2,SG)	ngí ʔbẹt’i
ʔbẹt’i	V;PRF;PST;NOM(1)	stí ʔbẹt’i
ʔbẹt’i	V;PRF;PST;NOM(3)	xki ʔbẹt’i
ʔbẹt’i	V;IRR;NOM(2,SG)	gi ʔbẹt’i
ʔbẹt’i	V;IRR;NOM(3,SG)	da ʔmẹt’i
ñä²-sẹ	V;IPFV;PRS;NOM(1,SG)	dí ñäsẹ
ñä²-sẹ	V;IPFV;PRS;NOM(3,SG)	ñäsẹ
ñä²-sẹ	V;IPFV;PST;NOM(3,SG)	mí ñäsẹ
ñä²-sẹ	V;PFV;NOM(1,SG)	dá ñäsẹ
ñä²-sẹ	V;PFV;NOM(2,SG)	gá ñäsẹ
ñä²-sẹ	V;PFV;NOM(3,SG)	bi ñäsẹ
ñä²-sẹ	V;PRF;PRS;NOM(1,SG)	stá ñäsẹ
ñä²-sẹ	V;PRF;PRS;NOM(3,SG)	xa ñäsẹ
ñä²-sẹ	V;PRF;PST;NOM(1)	stí ñäsẹ
ñä²-sẹ	V;PRF;PST;NOM(2)	xkí ñäsẹ
ñä²-sẹ	V;PRF;PST;NOM(3)	xki ñäsẹ
ñä²-sẹ	V;IRR;NOM(2,SG)	gi ñäsẹ
ñä²-sẹ	V;IRR;NOM(3,SG)	da ñäsẹ
koʔtsi	V;IPFV;PRS;NOM(2,SG)	gí koʔtsi
koʔtsi	V;IPFV;PST;NOM(1,SG)	ndí koʔtsi
koʔtsi	V;IPFV;PST;NOM(3,SG)	mí koʔtsi
koʔtsi	V;PFV;NOM(2,SG)	gá koʔtsi
koʔtsi	V;PFV;NOM(3,SG)	bi koʔtsi
koʔtsi	V;PRF;PRS;NOM(1,SG)	stá koʔtsi
koʔtsi	V;PRF;PRS;NOM(2,SG)	xká koʔtsi
koʔtsi	V;PRF;PRS;NOM(3,SG)	xa koʔtsi
koʔtsi	V;PRF;PST;NOM(1)	stí koʔtsi
ụ²-ngu	V;IPFV;PRS;NOM(2,SG)	gí ʔụ-ngu
ụ²-ngu	V;IPFV;PRS;NOM(3,SG)	ʔụ²-ngu
ụ²-ngu	V;IPFV;PST;NOM(1,SG)	ndí ʔụ-ngu
ụ²-ngu	V;IPFV;PST;NOM(3,SG)	mí ʔụ-ngu
ụ²-ngu	V;PFV;NOM(1,SG)	dá ʔụ-ngu
ụ²-ngu	V;PFV;NOM(2,SG)	gá ʔyụ-ngu
ụ²-ngu	V;PFV;NOM(3,SG)	bi ʔyụ-ngu
ụ²-ngu	V;PRF;PRS;NOM(1,SG)	stá ʔụ-ngu
ụ²-ngu	V;PRF;PRS;NOM(2,SG)	xká ʔyụ-ngu
ụ²-ngu	V;PRF;PST;NOM(2)	xkí ʔyụ-ngu
ụ²-ngu	V;PRF;PST;NOM(3)	xki ʔyụ²-ngu
ụ²-ngu	V;IRR;NOM(1,SG)	ga ʔụ-ngu
ụ²-ngu	V;IRR;NOM(2,SG)	gi ʔyụ-ngu
ụ²-ngu	V;IRR;NOM(3,SG)	da ʔyụ-ngu
tho²gi	V;IPFV;PRS;NOM(1,SG)	dí thogi
tho²gi	V;IPFV;PRS;NOM(2,SG)	gí thogi
tho²gi	V;IPFV;PRS;NOM(3,SG)	thogi
tho²gi	V;IPFV;PST;NOM(2,SG)	ngí thogi
tho²gi	V;IPFV;PST;NOM(3,SG)	mí thogi
tho²gi	V;PFV;NOM(2,SG)	gá tho²gi
tho²gi	V;PRF;PRS;NOM(1,SG)	stá tho²gi
tho²gi	V;PRF;PRS;NOM(2,SG)	xká thogi
tho²gi	V;PRF;PST;NOM(3)	xki thogi
tho²gi	V;IRR;NOM(2,SG)	gi thogi
tho²gi	V;IRR;NOM(3,SG)	da thogi
ñä²-mä²ñho	V;IPFV;PRS;NOM(1,SG)	dí ñämä²ñho
ñä²-mä²ñho	V;IPFV;PRS;NOM(3,SG)	ñämä²ñho
ñä²-mä²ñho	V;IPFV;PST;NOM(1,SG)	ndí ñämä²ñho
ñä²-mä²ñho	V;IPFV;PST;NOM(2,SG)	ngí ñämä²ñho
ñä²-mä²ñho	V;IPFV;PST;NOM(3,SG)	mí ñämä²ñho
ñä²-mä²ñho	V;PFV;NOM(1,SG)	dá ñämä²ñho
ñä²-mä²ñho	V;PFV;NOM(2,SG)	gá ñämä²ñho
ñä²-mä²ñho	V;PRF;PRS;NOM(2,SG)	xká ñämä²ñho
ñä²-mä²ñho	V;PRF;PRS;NOM(3,SG)	xa ñämä²ñho
ñä²-mä²ñho	V;PRF;PST;NOM(1)	stí ñämä²ñho
ñä²-mä²ñho	V;IRR;NOM(2,SG)	gi ñämä²ñho
ñä²-mä²ñho	V;IRR;NOM(3,SG)	da ñämä²ñho
ndoʔspi-ñä	V;IPFV;PRS;NOM(1,SG)	dí ndoʔspi-ñä
ndoʔspi-ñä	V;IPFV;PRS;NOM(2,SG)	gí ndoʔspi-ñä
ndoʔspi-ñä	V;IPFV;PST;NOM(2,SG)	ngí ndoʔspi-ñä
ndoʔspi-ñä	V;IPFV;PST;NOM(3,SG)	mí ndoʔspi-ñä
ndoʔspi-ñä	V;PFV;NOM(1,SG)	dá ndoʔspi-ñä
ndoʔspi-ñä	V;PFV;NOM(3,SG)	bi ndoʔspi-ñä
ndoʔspi-ñä	V;PRF;PRS;NOM(2,SG)	xká ndoʔspi-ñä
ndoʔspi-ñä	V;PRF;PRS;NOM(3,SG)	xa ndoʔspi-ñä
ndoʔspi-ñä	V;PRF;PST;NOM(1)	stí ndoʔspi-ñä
ndoʔspi-ñä	V;IRR;NOM(1,SG)	ga ndoʔspi-ñä
ndoʔspi-ñä	V;IRR;NOM(2,SG)	gi ndoʔspi-ñä
ndoʔspi-ñä	V;IRR;NOM(3,SG)	da ndoʔspi-ñä
ọ²t’a²-bu¹²hla	V;IPFV;PRS;NOM(2,SG)	gí ʔọt’abu¹²hla
ọ²t’a²-bu¹²hla	V;IPFV;PST;NOM(1,SG)	ndí ʔọt’abu¹²hla
ọ²t’a²-bu¹²hla	V;PFV;NOM(1,SG)	dá ʔọt’abu¹²hla
ọ²t’a²-bu¹²hla	V;PRF;PRS;NOM(1,SG)	stá ʔọt’abu¹²hla
ọ²t’a²-bu¹²hla	V;PRF;PST;NOM(1)	stí ʔñọt’abu¹²hla
ọ²t’a²-bu¹²hla	V;PRF;PST;NOM(3)	xki ʔọt’abu¹²hla
ọ²t’a²-bu¹²hla	V;IRR;NOM(1,SG)	ga ʔñọt’abu¹²hla
ọ²t’a²-bu¹²hla	V;IRR;NOM(2,SG)	gi ʔñọt’abu¹²hla
ọ²t’a²-bu¹²hla	V;IRR;NOM(3,SG)	da ʔñọt’abu¹²hla
ẹi	V;IPFV;PRS;NOM(1,SG)	dí ʔẹi
ẹi	V;IPFV;PRS;NOM(2,SG)	gí ʔẹi
ẹi	V;IPFV;PST;NOM(2,SG)	ngí ʔẹi
ẹi	V;IPFV;PST;NOM(3,SG)	mí ʔẹi
ẹi	V;PFV;NOM(2,SG)	gá ʔñẹi
ẹi	V;PRF;PRS;NOM(2,SG)	xká ʔñẹi
ẹi	V;PRF;PRS;NOM(3,SG)	xa ʔyẹi
ẹi	V;PRF;PST;NOM(1)	stí ʔẹi
hua²n-t’ä¹²hä	V;IPFV;PRS;NOM(1,SG)	dí hua²n-t’ä¹²hä
hua²n-t’ä¹²hä	V;IPFV;PRS;NOM(3,SG)	hua²n-t’ä¹²hä
hua²n-t’ä¹²hä	V;IPFV;PST;NOM(1,SG)	ndí hua²n-t’ä¹²hä
hua²n-t’ä¹²hä	V;PFV;NOM(2,SG)	gá hua²n-t’ä¹²hä
hua²n-t’ä¹²hä	V;PFV;NOM(3,SG)	bi hua²n-t’ä¹²hä
hua²n-t’ä¹²hä	V;PRF;PRS;NOM(2,SG)	xká hua²n-t’ä¹²hä
hua²n-t’ä¹²hä	V;PRF;PST;NOM(1)	stí hua²n-t’ä¹²hä
hua²n-t’ä¹²hä	V;PRF;PST;NOM(2)	xkí hua²n-t’ä¹²hä
hua²n-t’ä¹²hä	V;IRR;NOM(1,SG)	ga hua²n-t’ä¹²hä
hua²n-t’ä¹²hä	V;IRR;NOM(3,SG)	da hua²n-t’ä¹²hä
ndu²pä-te	V;IPFV;PRS;NOM(2,SG)	gí ndu²pä-te
ndu²pä-te	V;IPFV;PST;NOM(2,SG)	ngí ndu²pä-te
ndu²pä-te	V;PFV;NOM(2,SG)	gá ndu²pä-te
ndu²pä-te	V;PFV;NOM(3,SG)	bi ndu²pä-te
ndu²pä-te	V;PRF;PRS;NOM(2,SG)	xká ndu²pä-te
ndu²pä-te	V;PRF;PRS;NOM(3,SG)	xa ndu²pä-te
ndu²pä-te	V;PRF;PST;NOM(2)	xkí ndu²pä-te
ndu²pä-te	V;IRR;NOM(1,SG)	ga ndu²pä-te
ndu²pä-te	V;IRR;NOM(2,SG)	gi ndu²pä-te
foti	V;IPFV;PRS;NOM(2,SG)	gí foti
foti	V;IPFV;PRS;NOM(3,SG)	foti
foti	V;IPFV;PST;NOM(1,SG)	ndí foti
foti	V;IPFV;PST;NOM(3,SG)	mí foti
foti	V;PFV;NOM(1,SG)	dá foti
foti	V;PFV;NOM(2,SG)	gá foti
foti	V;PFV;NOM(3,SG)	bi foti
foti	V;PRF;PRS;NOM(1,SG)	stá foti
foti	V;PRF;PST;NOM(1)	stí foti
foti	V;PRF;PST;NOM(2)	xkí foti
foti	V;IRR;NOM(1,SG)	ga foti
foti	V;IRR;NOM(2,SG)	gi foti
foti	V;IRR;NOM(3,SG)	da foti
ʔro²t’i	V;IPFV;PRS;NOM(3,SG)	ʔro²t’i
ʔro²t’i	V;PFV;NOM(3,SG)	bi ʔro²t’i
ʔro²t’i	V;PRF;PRS;NOM(3,SG)	xa ʔro²t’i
ʔro²t’i	V;PRF;PST;NOM(3)	xki ʔro²t’i
niti	V;IPFV;PRS;NOM(3,SG)	niti
niti	V;IPFV;PST;NOM(3,SG)	mí niti
niti	V;PFV;NOM(3,SG)	bi niti
niti	V;PRF;PRS;NOM(3,SG)	xa niti
niti	V;PRF;PST;NOM(3)	xki niti
