abstrákta	ADJ;ACC(PL)	abstrákaid
abstrákta	ADJ;ACC(SG)	abstráka
abstrákta	ADJ;COM(PL)	abstrákaiguin
abstrákta	ADJ;COM(SG)	abstrákain
abstrákta	ADJ;FRML(SG)	abstráktan
abstrákta	ADJ;GEN(PL)	abstrákaid
abstrákta	ADJ;GEN(SG)	abstráka
abstrákta	ADJ;IN+ALL(PL)	abstrákaide
abstrákta	ADJ;IN+ALL(SG)	abstráktii
abstrákta	ADJ;NOM(PL)	abstrákat
abstrákta	ADJ;NOM(SG)	abstrákta
abstrákta	ADJ;PRP(PL)	abstrákain
abstrákta	ADJ;PRP(SG)	abstrákas
almmáskit	V;COND;NOM(1,DU)	almmáskkášeimme
almmáskit	V;COND;NOM(1,PL)	almmáskkášeimmet
almmáskit	V;COND;NOM(1,SG)	almmáskkášin
almmáskit	V;COND;NOM(2,DU)	almmáskkášeidde
almmáskit	V;COND;NOM(2,PL)	almmáskkášeiddet
almmáskit	V;COND;NOM(3,DU)	almmáskkášeigga
almmáskit	V;COND;NOM(3,SG)	almmáskkášii
almmáskit	V;IMP;NOM(1,PL)	almmáskot
almmáskit	V;IMP;NOM(2,DU)	almmáski
almmáskit	V;IMP;NOM(2,SG)	almmáskke
almmáskit	V;IMP;NOM(3,PL)	almmáskoset
almmáskit	V;IMP;NOM(3,SG)	almmáskos
almmáskit	V;POT;NOM(1,DU)	almmáskkežetne
almmáskit	V;POT;NOM(1,PL)	almmáskkežit
almmáskit	V;POT;NOM(2,DU)	almmáskkežeahppi
almmáskit	V;POT;NOM(2,PL)	almmáskkežehpet
almmáskit	V;POT;NOM(2,SG)	almmáskkežat
almmáskit	V;POT;NOM(3,PL)	almmáskkežit
almmáskit	V;POT;NOM(3,SG)	almmáskkeža
almmáskit	V;PRS;IND;NOM(1,DU)	almmáske
almmáskit	V;PRS;IND;NOM(1,PL)	almmáskit
almmáskit	V;PRS;IND;NOM(1,SG)	almmáskkán
almmáskit	V;PRS;IND;NOM(2,DU)	almmáskibeahtti
almmáskit	V;PRS;IND;NOM(2,PL)	almmáskibehtet
almmáskit	V;PRS;IND;NOM(2,SG)	almmáskkát
almmáskit	V;PRS;IND;NOM(3,DU)	almmáskiba
almmáskit	V;PRS;IND;NOM(3,SG)	almmáská
almmáskit	V;PST;IND;NOM(1,DU)	almmáskkiime
almmáskit	V;PST;IND;NOM(1,SG)	almmásken
almmáskit	V;PST;IND;NOM(2,DU)	almmáskkiide
almmáskit	V;PST;IND;NOM(3,DU)	almmáskkiiga
almmáskit	V;PST;IND;NOM(3,PL)	almmáske
amas	ADJ;ACC(PL)	amasiid
amas	ADJ;ACC(SG)	amasa
amas	ADJ;COM(PL)	amasiiguin
amas	ADJ;COM(SG)	amasiin
amas	ADJ;FRML(SG)	amasin
amas	ADJ;GEN(PL)	amasiid
amas	ADJ;GEN(SG)	amasa
amas	ADJ;IN+ALL(PL)	amasiidda
amas	ADJ;IN+ALL(SG)	amasii
amas	ADJ;NOM(PL)	amasat
amas	ADJ;NOM(SG)	amas
amas	ADJ;PRP(PL)	amasiin
amas	ADJ;PRP(SG)	amasis
atoma	N;ACC(PL)	atomaid
atoma	N;ACC(SG)	atoma
atoma	N;COM(PL)	atomaiguin
atoma	N;COM(SG)	atomain
atoma	N;FRML(SG)	atoman
atoma	N;GEN(PL)	atomaid
atoma	N;GEN(SG)	atoma
atoma	N;IN+ALL(PL)	atomaide
atoma	N;IN+ALL(SG)	atomii
atoma	N;NOM(PL)	atomat
atoma	N;NOM(SG)	atoma
atoma	N;PRP(PL)	atomain
atoma	N;PRP(SG)	atomas
bieđgát	V;COND;LGSPEC1;NOM(1,PL)	bieđgáleimmet
bieđgát	V;COND;LGSPEC1;NOM(1,SG)	bieđgálin
bieđgát	V;COND;LGSPEC1;NOM(2,DU)	bieđgáleidde
bieđgát	V;COND;LGSPEC1;NOM(2,SG)	bieđgálit
bieđgát	V;COND;LGSPEC1;NOM(3,DU)	bieđgáleigga
bieđgát	V;COND;LGSPEC1;NOM(3,PL)	bieđgále
bieđgát	V;COND;LGSPEC1;NOM(3,SG)	bieđgálii
bieđgát	V;COND;NOM(1,DU)	bieđgášeimme
bieđgát	V;COND;NOM(1,PL)	bieđgášeimmet
bieđgát	V;COND;NOM(2,PL)	bieđgášeiddet
bieđgát	V;COND;NOM(2,SG)	bieđgášit
bieđgát	V;IMP;NOM(1,SG)	bieđgájehkon
bieđgát	V;IMP;NOM(2,DU)	bieđgájeahkki
bieđgát	V;IMP;NOM(2,PL)	bieđgájehket
bieđgát	V;IMP;NOM(2,SG)	bieđgá
bieđgát	V;IMP;NOM(3,DU)	bieđgájehkoska
bieđgát	V;POT;NOM(1,DU)	bieđgážetne
bieđgát	V;POT;NOM(1,PL)	bieđgážit
bieđgát	V;POT;NOM(1,SG)	bieđgážan
bieđgát	V;POT;NOM(2,DU)	bieđgážeahppi
bieđgát	V;POT;NOM(2,PL)	bieđgážehpet
bieđgát	V;POT;NOM(3,DU)	bieđgážeaba
bieđgát	V;PRS;IND;NOM(1,DU)	bieđgájetne
bieđgát	V;PRS;IND;NOM(1,PL)	bieđgát
bieđgát	V;PRS;IND;NOM(1,SG)	bieđgán
bieđgát	V;PRS;IND;NOM(2,DU)	bieđgábeahtti
bieđgát	V;PRS;IND;NOM(2,PL)	bieđgábehtet
bieđgát	V;PRS;IND;NOM(3,PL)	bieđgájit
bieđgát	V;PST;IND;NOM(1,PL)	bieđgáimet
bieđgát	V;PST;IND;NOM(1,SG)	bieđgájin
bieđgát	V;PST;IND;NOM(2,PL)	bieđgáidet
bieđgát	V;PST;IND;NOM(3,PL)	bieđgájedje
buddet	V;COND;LGSPEC1;NOM(1,DU)	buddeleimme
buddet	V;COND;LGSPEC1;NOM(1,SG)	buddelin
buddet	V;COND;LGSPEC1;NOM(2,PL)	buddeleiddet
buddet	V;COND;LGSPEC1;NOM(2,SG)	buddelit
buddet	V;COND;LGSPEC1;NOM(3,DU)	buddeleigga
buddet	V;COND;LGSPEC1;NOM(3,PL)	buddele
buddet	V;COND;LGSPEC1;NOM(3,SG)	buddelii
buddet	V;COND;NOM(1,PL)	buddešeimmet
buddet	V;COND;NOM(1,SG)	buddešin
buddet	V;COND;NOM(2,DU)	buddešeidde
buddet	V;COND;NOM(2,SG)	buddešit
buddet	V;COND;NOM(3,DU)	buddešeigga
buddet	V;COND;NOM(3,PL)	buddeše
buddet	V;IMP;NOM(1,PL)	buddejetnot
buddet	V;IMP;NOM(1,SG)	buddejehkon
buddet	V;IMP;NOM(2,PL)	buddejehket
buddet	V;IMP;NOM(2,SG)	budde
buddet	V;IMP;NOM(3,PL)	buddejehkoset
buddet	V;POT;NOM(2,DU)	buddežeahppi
buddet	V;POT;NOM(2,PL)	buddežehpet
buddet	V;POT;NOM(2,SG)	buddežat
buddet	V;POT;NOM(3,DU)	buddežeaba
buddet	V;PRS;IND;NOM(1,PL)	buddet
buddet	V;PRS;IND;NOM(1,SG)	budden
buddet	V;PRS;IND;NOM(2,DU)	buddebeahtti
buddet	V;PRS;IND;NOM(2,PL)	buddebehtet
buddet	V;PRS;IND;NOM(3,PL)	buddejit
buddet	V;PST;IND;NOM(1,DU)	buddiime
buddet	V;PST;IND;NOM(1,SG)	buddejin
buddet	V;PST;IND;NOM(3,DU)	buddiiga
buddet	V;PST;IND;NOM(3,PL)	buddejedje
báistit	V;COND;LGSPEC1;NOM(1,PL)	báisttáleimmet
báistit	V;COND;LGSPEC1;NOM(1,SG)	báisttálin
báistit	V;COND;LGSPEC1;NOM(2,DU)	báisttáleidde
báistit	V;COND;LGSPEC1;NOM(2,PL)	báisttáleiddet
báistit	V;COND;LGSPEC1;NOM(2,SG)	báisttálit
báistit	V;COND;LGSPEC1;NOM(3,DU)	báisttáleigga
báistit	V;COND;LGSPEC1;NOM(3,PL)	báisttále
báistit	V;COND;LGSPEC1;NOM(3,SG)	báisttálii
báistit	V;COND;NOM(1,DU)	báistivččiime
báistit	V;COND;NOM(1,SG)	báistivččen
báistit	V;COND;NOM(2,DU)	báistivččiide
báistit	V;COND;NOM(3,DU)	báistivččiiga
báistit	V;COND;NOM(3,PL)	báistivčče
báistit	V;COND;NOM(3,SG)	báistivččii
báistit	V;IMP;NOM(1,DU)	báisteadnu
báistit	V;IMP;NOM(1,PL)	báistehkot
báistit	V;IMP;NOM(2,PL)	báistehket
báistit	V;POT;NOM(1,SG)	báisteaččan
báistit	V;POT;NOM(2,PL)	báisteažžabehtet
báistit	V;POT;NOM(3,DU)	báisteažžaba
báistit	V;POT;NOM(3,PL)	báistežžet
báistit	V;POT;NOM(3,SG)	báisteš
báistit	V;PRS;IND;NOM(1,DU)	báistetne
báistit	V;PRS;IND;NOM(2,PL)	báistehpet
báistit	V;PRS;IND;NOM(3,SG)	báista
báistit	V;PST;IND;NOM(1,DU)	báisteimme
báistit	V;PST;IND;NOM(1,PL)	báisteimmet
báistit	V;PST;IND;NOM(1,SG)	báistin
báistit	V;PST;IND;NOM(2,PL)	báisteiddet
báistit	V;PST;IND;NOM(3,DU)	báisteigga
báistit	V;PST;IND;NOM(3,PL)	báiste
báistit	V;PST;IND;NOM(3,SG)	báistii
bálgán	N;ACC(PL)	bálgámiid
bálgán	N;ACC(SG)	bálgáma
bálgán	N;COM(PL)	bálgámiiguin
bálgán	N;COM(SG)	bálgámiin
bálgán	N;FRML(SG)	bálgán
bálgán	N;GEN(PL)	bálgámiid
bálgán	N;GEN(SG)	bálgáma
bálgán	N;IN+ALL(PL)	bálgámiidda
bálgán	N;IN+ALL(SG)	bálgámii
bálgán	N;NOM(SG)	bálgán
bálgán	N;PRP(PL)	bálgámiin
bálgán	N;PRP(SG)	bálgámis
báralaš	ADJ;ACC(PL)	báralaččaid
báralaš	ADJ;ACC(SG)	báralačča
báralaš	ADJ;COM(PL)	báralaččaiguin
báralaš	ADJ;COM(SG)	báralaččain
báralaš	ADJ;FRML(SG)	báralažžan
báralaš	ADJ;GEN(PL)	báralaččaid
báralaš	ADJ;GEN(SG)	báralačča
báralaš	ADJ;IN+ALL(PL)	báralaččaide
báralaš	ADJ;IN+ALL(SG)	báralažžii
báralaš	ADJ;NOM(PL)	báralaččat
báralaš	ADJ;NOM(SG)	báralaš
báralaš	ADJ;PRP(PL)	báralaččain
báralaš	ADJ;PRP(SG)	báralaččas
bárdnat	V;COND;LGSPEC1;NOM(1,DU)	bárdnaleimme
bárdnat	V;COND;LGSPEC1;NOM(1,PL)	bárdnaleimmet
bárdnat	V;COND;LGSPEC1;NOM(2,DU)	bárdnaleidde
bárdnat	V;COND;LGSPEC1;NOM(2,PL)	bárdnaleiddet
bárdnat	V;COND;LGSPEC1;NOM(2,SG)	bárdnalit
bárdnat	V;COND;LGSPEC1;NOM(3,DU)	bárdnaleigga
bárdnat	V;COND;LGSPEC1;NOM(3,SG)	bárdnalii
bárdnat	V;COND;NOM(1,DU)	bárdnašeimme
bárdnat	V;COND;NOM(1,PL)	bárdnašeimmet
bárdnat	V;COND;NOM(2,DU)	bárdnašeidde
bárdnat	V;COND;NOM(2,SG)	bárdnašit
bárdnat	V;IMP;NOM(1,SG)	bárdnon
bárdnat	V;IMP;NOM(2,DU)	bárdni
bárdnat	V;IMP;NOM(2,SG)	bárdna
bárdnat	V;IMP;NOM(3,DU)	bárdnoska
bárdnat	V;IMP;NOM(3,PL)	bárdnoset
bárdnat	V;IMP;NOM(3,SG)	bárdnos
bárdnat	V;POT;NOM(1,DU)	bárdnažetne
bárdnat	V;POT;NOM(1,PL)	bárdnažit
bárdnat	V;POT;NOM(2,PL)	bárdnažehpet
bárdnat	V;POT;NOM(3,DU)	bárdnaba
bárdnat	V;POT;NOM(3,SG)	bárdna
bárdnat	V;PRS;IND;NOM(1,DU)	bárdne
bárdnat	V;PRS;IND;NOM(1,PL)	bárdnat
bárdnat	V;PRS;IND;NOM(1,SG)	bárdnan
bárdnat	V;PRS;IND;NOM(2,PL)	bárdnabehtet
bárdnat	V;PRS;IND;NOM(3,DU)	bárdnaba
bárdnat	V;PRS;IND;NOM(3,SG)	bárdná
bárdnat	V;PST;IND;NOM(1,DU)	bárdnaime
bárdnat	V;PST;IND;NOM(2,DU)	bárdnaide
bárdnat	V;PST;IND;NOM(3,PL)	bárdne
bárdnat	V;PST;IND;NOM(3,SG)	bárdnai
ceggoseamos	ADJ;ACC(PL)	ceggosepmosiid
ceggoseamos	ADJ;ACC(SG)	ceggosepmosa
ceggoseamos	ADJ;COM(PL)	ceggosepmosiiguin
ceggoseamos	ADJ;COM(SG)	ceggosepmosiin
ceggoseamos	ADJ;FRML(SG)	ceggoseamosin
ceggoseamos	ADJ;GEN(PL)	ceggosepmosiid
ceggoseamos	ADJ;GEN(SG)	ceggosepmosa
ceggoseamos	ADJ;IN+ALL(PL)	ceggosepmosiidda
ceggoseamos	ADJ;IN+ALL(SG)	ceggosepmosii
ceggoseamos	ADJ;NOM(PL)	ceggosepmosat
ceggoseamos	ADJ;NOM(SG)	ceggoseamos
ceggoseamos	ADJ;PRP(PL)	ceggosepmosiin
ceggoseamos	ADJ;PRP(SG)	ceggosepmosis
cuoŋománnu	N;ACC(PL)	cuoŋománuid
cuoŋománnu	N;ACC(SG)	cuoŋománu
cuoŋománnu	N;COM(PL)	cuoŋománuiguin
cuoŋománnu	N;COM(SG)	cuoŋománuin
cuoŋománnu	N;FRML(SG)	cuoŋománnun
cuoŋománnu	N;GEN(PL)	cuoŋománuid
cuoŋománnu	N;GEN(SG)	cuoŋománu
cuoŋománnu	N;IN+ALL(PL)	cuoŋománuide
cuoŋománnu	N;IN+ALL(SG)	cuoŋománnui
cuoŋománnu	N;NOM(PL)	cuoŋománut
cuoŋománnu	N;NOM(SG)	cuoŋománnu
cuoŋománnu	N;PRP(PL)	cuoŋománuin
cuoŋománnu	N;PRP(SG)	cuoŋománus
deaivat	V;COND;LGSPEC1;NOM(2,DU)	deaialeidde
deaivat	V;COND;LGSPEC1;NOM(2,PL)	deaialeiddet
deaivat	V;COND;LGSPEC1;NOM(2,SG)	deaialit
deaivat	V;COND;LGSPEC1;NOM(3,DU)	deaialeigga
deaivat	V;COND;LGSPEC1;NOM(3,PL)	deaiale
deaivat	V;COND;LGSPEC1;NOM(3,SG)	deaialii
deaivat	V;COND;NOM(1,DU)	deaiašeimme
deaivat	V;COND;NOM(2,DU)	deaiašeidde
deaivat	V;COND;NOM(2,PL)	deaiašeiddet
deaivat	V;COND;NOM(3,DU)	deaiašeigga
deaivat	V;COND;NOM(3,PL)	deaiaše
deaivat	V;COND;NOM(3,SG)	deaiašii
deaivat	V;IMP;NOM(1,DU)	deaivu
deaivat	V;IMP;NOM(2,DU)	deaivi
deaivat	V;IMP;NOM(2,PL)	deaivet
deaivat	V;IMP;NOM(2,SG)	deaia
deaivat	V;IMP;NOM(3,DU)	deaivoska
deaivat	V;IMP;NOM(3,PL)	deaivoset
deaivat	V;POT;NOM(1,PL)	deaiažit
deaivat	V;POT;NOM(1,SG)	deaiažan
deaivat	V;POT;NOM(2,PL)	deaiažehpet
deaivat	V;POT;NOM(2,SG)	deaiažat
deaivat	V;POT;NOM(3,DU)	deaivvažeaba
deaivat	V;PRS;IND;NOM(1,DU)	deaive
deaivat	V;PRS;IND;NOM(2,SG)	deaiat
deaivat	V;PRS;IND;NOM(3,PL)	deaivet
deaivat	V;PST;IND;NOM(1,DU)	deaivvaime
deaivat	V;PST;IND;NOM(1,PL)	deaiaimet
deaivat	V;PST;IND;NOM(1,SG)	deaiven
deaivat	V;PST;IND;NOM(2,SG)	deaivet
deaivat	V;PST;IND;NOM(3,DU)	deaiaiga
deaivat	V;PST;IND;NOM(3,PL)	deaive
dievvat	V;COND;LGSPEC1;NOM(1,SG)	dievalin
dievvat	V;COND;LGSPEC1;NOM(2,PL)	dievaleiddet
dievvat	V;COND;LGSPEC1;NOM(2,SG)	dievalit
dievvat	V;COND;LGSPEC1;NOM(3,PL)	dievale
dievvat	V;COND;LGSPEC1;NOM(3,SG)	dievalii
dievvat	V;COND;NOM(1,PL)	dievašeimmet
dievvat	V;COND;NOM(2,DU)	dievašeidde
dievvat	V;COND;NOM(2,SG)	dievašit
dievvat	V;COND;NOM(3,DU)	dievašeigga
dievvat	V;COND;NOM(3,PL)	dievaše
dievvat	V;COND;NOM(3,SG)	dievašii
dievvat	V;IMP;NOM(1,SG)	dievvon
dievvat	V;IMP;NOM(2,PL)	dievvet
dievvat	V;IMP;NOM(2,SG)	dieva
dievvat	V;IMP;NOM(3,DU)	dievvoska
dievvat	V;IMP;NOM(3,SG)	dievvos
dievvat	V;POT;NOM(1,SG)	dievažan
dievvat	V;POT;NOM(2,DU)	dievažeahppi
dievvat	V;POT;NOM(2,PL)	dievažehpet
dievvat	V;POT;NOM(2,SG)	dievažat
dievvat	V;POT;NOM(3,DU)	dievvvažeaba
dievvat	V;POT;NOM(3,PL)	dievažit
dievvat	V;PRS;IND;NOM(1,DU)	dievve
dievvat	V;PRS;IND;NOM(2,SG)	dievat
dievvat	V;PRS;IND;NOM(3,SG)	dievvá
dievvat	V;PST;IND;NOM(1,PL)	dievaimet
dievvat	V;PST;IND;NOM(1,SG)	dievven
dievvat	V;PST;IND;NOM(2,DU)	dievaide
dievvat	V;PST;IND;NOM(2,PL)	dievaidet
dievvat	V;PST;IND;NOM(3,DU)	dievaiga
dievvat	V;PST;IND;NOM(3,PL)	dievve
dievvat	V;PST;IND;NOM(3,SG)	dievai
dorvu	N;ACC(PL)	dorvuid
dorvu	N;ACC(SG)	dorvu
dorvu	N;COM(PL)	dorvuiguin
dorvu	N;COM(SG)	dorvuin
dorvu	N;FRML(SG)	dorvun
dorvu	N;GEN(PL)	dorvuid
dorvu	N;GEN(SG)	dorvu
dorvu	N;IN+ALL(PL)	dorvuide
dorvu	N;IN+ALL(SG)	dorvui
dorvu	N;NOM(PL)	dorvut
dorvu	N;NOM(SG)	dorvu
dorvu	N;PRP(PL)	dorvuin
dorvu	N;PRP(SG)	dorvus
dorvvastit	V;COND;NOM(1,DU)	dorvvastivččiime
dorvvastit	V;COND;NOM(1,PL)	dorvvastivččiimet
dorvvastit	V;COND;NOM(1,SG)	dorvvastivččen
dorvvastit	V;COND;NOM(2,DU)	dorvvastivččiide
dorvvastit	V;COND;NOM(2,PL)	dorvvastivččiidet
dorvvastit	V;COND;NOM(2,SG)	dorvvastivččet
dorvvastit	V;COND;NOM(3,DU)	dorvvastivččiiga
dorvvastit	V;COND;NOM(3,PL)	dorvvastivčče
dorvvastit	V;COND;NOM(3,SG)	dorvvastivččii
dorvvastit	V;IMP;NOM(1,SG)	dorvvastehkon
dorvvastit	V;IMP;NOM(2,PL)	dorvvastehket
dorvvastit	V;IMP;NOM(2,SG)	dorvvastte
dorvvastit	V;IMP;NOM(3,DU)	dorvvastehkoska
dorvvastit	V;IMP;NOM(3,PL)	dorvvastehkoset
dorvvastit	V;IMP;NOM(3,SG)	dorvvastehkos
dorvvastit	V;POT;NOM(1,DU)	dorvvastežže
dorvvastit	V;POT;NOM(1,SG)	dorvvasteaččan
dorvvastit	V;POT;NOM(2,DU)	dorvvasteažžabeahtti
dorvvastit	V;POT;NOM(2,PL)	dorvvasteažžabehtet
dorvvastit	V;POT;NOM(3,PL)	dorvvastežžet
dorvvastit	V;POT;NOM(3,SG)	dorvvasteš
dorvvastit	V;PRS;IND;NOM(1,DU)	dorvvastetne
dorvvastit	V;PRS;IND;NOM(1,PL)	dorvvastit
dorvvastit	V;PRS;IND;NOM(1,SG)	dorvvasttán
dorvvastit	V;PRS;IND;NOM(2,DU)	dorvvasteahppi
dorvvastit	V;PRS;IND;NOM(3,DU)	dorvvasteaba
dorvvastit	V;PST;IND;NOM(1,DU)	dorvvasteimme
dorvvastit	V;PST;IND;NOM(2,PL)	dorvvasteiddet
dorvvastit	V;PST;IND;NOM(2,SG)	dorvvastit
dorvvastit	V;PST;IND;NOM(3,DU)	dorvvasteigga
dorvvastit	V;PST;IND;NOM(3,PL)	dorvvaste
dorvvastit	V;PST;IND;NOM(3,SG)	dorvvastii
dorvvolaččat	ADJ;ACC(PL)	dorvvolaččadiid
dorvvolaččat	ADJ;ACC(SG)	dorvvolaččada
dorvvolaččat	ADJ;COM(PL)	dorvvolaččadiiguin
dorvvolaččat	ADJ;COM(SG)	dorvvolaččadiin
dorvvolaččat	ADJ;FRML(SG)	dorvvolaččadin
dorvvolaččat	ADJ;GEN(PL)	dorvvolaččadiid
dorvvolaččat	ADJ;GEN(SG)	dorvvolaččada
dorvvolaččat	ADJ;IN+ALL(PL)	dorvvolaččadiidda
dorvvolaččat	ADJ;IN+ALL(SG)	dorvvolaččadii
dorvvolaččat	ADJ;NOM(PL)	dorvvolaččadat
dorvvolaččat	ADJ;NOM(SG)	dorvvolaččat
dorvvolaččat	ADJ;PRP(PL)	dorvvolaččadiin
dorvvolaččat	ADJ;PRP(SG)	dorvvolaččadis
dápmat	V;COND;LGSPEC1;NOM(1,DU)	dápmaleimme
dápmat	V;COND;LGSPEC1;NOM(2,SG)	dápmalit
dápmat	V;COND;LGSPEC1;NOM(3,SG)	dápmalii
dápmat	V;COND;NOM(1,DU)	dápmašeimme
dápmat	V;COND;NOM(2,SG)	dápmašit
dápmat	V;COND;NOM(3,DU)	dápmašeigga
dápmat	V;COND;NOM(3,PL)	dápmaše
dápmat	V;COND;NOM(3,SG)	dápmašii
dápmat	V;IMP;NOM(1,PL)	dápmot
dápmat	V;IMP;NOM(1,SG)	dápmon
dápmat	V;IMP;NOM(2,DU)	dápmi
dápmat	V;IMP;NOM(3,PL)	dápmoset
dápmat	V;POT;NOM(1,DU)	dápmažetne
dápmat	V;POT;NOM(2,DU)	dápmažeahppi
dápmat	V;POT;NOM(2,SG)	dápmažat
dápmat	V;POT;NOM(3,DU)	dápmažeaba
dápmat	V;POT;NOM(3,PL)	dápmažit
dápmat	V;PRS;IND;NOM(1,DU)	dápme
dápmat	V;PRS;IND;NOM(1,PL)	dápmat
dápmat	V;PRS;IND;NOM(2,DU)	dápmabeahtti
dápmat	V;PRS;IND;NOM(2,SG)	dápmat
dápmat	V;PRS;IND;NOM(3,DU)	dápmaba
dápmat	V;PRS;IND;NOM(3,PL)	dápmet
dápmat	V;PRS;IND;NOM(3,SG)	dápmá
dápmat	V;PST;IND;NOM(1,DU)	dápmaime
dápmat	V;PST;IND;NOM(1,PL)	dápmaimet
dápmat	V;PST;IND;NOM(1,SG)	dápmen
dápmat	V;PST;IND;NOM(2,DU)	dápmaide
dápmat	V;PST;IND;NOM(2,PL)	dápmaidet
dápmat	V;PST;IND;NOM(3,DU)	dápmaiga
dápmat	V;PST;IND;NOM(3,SG)	dápmai
fuoikit	V;COND;LGSPEC1;NOM(1,DU)	fuoiáleimme
fuoikit	V;COND;LGSPEC1;NOM(1,PL)	fuoikkáleimmet
fuoikit	V;COND;LGSPEC1;NOM(1,SG)	fuoikkálin
fuoikit	V;COND;LGSPEC1;NOM(2,DU)	fuoikkáleidde
fuoikit	V;COND;LGSPEC1;NOM(2,PL)	fuoikkáleiddet
fuoikit	V;COND;LGSPEC1;NOM(3,PL)	fuoikkále
fuoikit	V;COND;LGSPEC1;NOM(3,SG)	fuoikkálii
fuoikit	V;COND;NOM(1,DU)	fuoikkášeimme
fuoikit	V;COND;NOM(2,PL)	fuoikkášeiddet
fuoikit	V;COND;NOM(2,SG)	fuoikkášit
fuoikit	V;COND;NOM(3,DU)	fuoikkášeigga
fuoikit	V;COND;NOM(3,SG)	fuoikkášii
fuoikit	V;IMP;NOM(1,DU)	fuoiku
fuoikit	V;IMP;NOM(1,PL)	fuoikot
fuoikit	V;IMP;NOM(1,SG)	fuoikon
fuoikit	V;IMP;NOM(2,DU)	fuoiki
fuoikit	V;IMP;NOM(2,PL)	fuoiket
fuoikit	V;IMP;NOM(2,SG)	fuoikke
fuoikit	V;IMP;NOM(3,DU)	fuoikoska
fuoikit	V;POT;NOM(1,PL)	fuoikkežit
fuoikit	V;POT;NOM(1,SG)	fuoikkežan
fuoikit	V;POT;NOM(2,SG)	fuoikkežat
fuoikit	V;POT;NOM(3,DU)	fuoikkežeaba
fuoikit	V;POT;NOM(3,SG)	fuoikkeža
fuoikit	V;PRS;IND;NOM(1,PL)	fuoikit
fuoikit	V;PRS;IND;NOM(1,SG)	fuoikkán
fuoikit	V;PRS;IND;NOM(2,PL)	fuoikibehtet
fuoikit	V;PST;IND;NOM(1,SG)	fuoiken
fuoikit	V;PST;IND;NOM(2,SG)	fuoiket
fuoikit	V;PST;IND;NOM(3,DU)	fuoikkiiga
fuoikit	V;PST;IND;NOM(3,SG)	fuoikkii
geahppán	N;ACC(PL)	geahppámiid
geahppán	N;ACC(SG)	geahppáma
geahppán	N;COM(PL)	geahppámiiguin
geahppán	N;COM(SG)	geahppámiin
geahppán	N;FRML(SG)	geahppán
geahppán	N;GEN(PL)	geahppámiid
geahppán	N;GEN(SG)	geahppáma
geahppán	N;IN+ALL(PL)	geahppámiidda
geahppán	N;IN+ALL(SG)	geahppámii
geahppán	N;NOM(SG)	geahppán
geahppán	N;PRP(PL)	geahppámiin
geahppán	N;PRP(SG)	geahppámis
guoggát	V;COND;LGSPEC1;NOM(1,DU)	guoggáleimme
guoggát	V;COND;LGSPEC1;NOM(2,SG)	guoggálit
guoggát	V;COND;LGSPEC1;NOM(3,DU)	guoggáleigga
guoggát	V;COND;LGSPEC1;NOM(3,PL)	guoggále
guoggát	V;COND;LGSPEC1;NOM(3,SG)	guoggálii
guoggát	V;COND;NOM(1,DU)	guoggášeimme
guoggát	V;COND;NOM(1,SG)	guoggášin
guoggát	V;COND;NOM(2,DU)	guoggášeidde
guoggát	V;COND;NOM(2,PL)	guoggášeiddet
guoggát	V;COND;NOM(3,DU)	guoggášeigga
guoggát	V;COND;NOM(3,SG)	guoggášii
guoggát	V;IMP;NOM(1,DU)	guoggájeadnu
guoggát	V;IMP;NOM(1,SG)	guoggájehkon
guoggát	V;IMP;NOM(2,SG)	guoggá
guoggát	V;IMP;NOM(3,DU)	guoggájehkoska
guoggát	V;IMP;NOM(3,SG)	guoggájehkos
guoggát	V;POT;NOM(1,DU)	guoggážetne
guoggát	V;POT;NOM(2,PL)	guoggážehpet
guoggát	V;POT;NOM(2,SG)	guoggážat
guoggát	V;POT;NOM(3,PL)	guoggážit
guoggát	V;PRS;IND;NOM(1,DU)	guoggájetne
guoggát	V;PRS;IND;NOM(1,PL)	guoggát
guoggát	V;PRS;IND;NOM(1,SG)	guoggán
guoggát	V;PRS;IND;NOM(2,PL)	guoggábehtet
guoggát	V;PRS;IND;NOM(2,SG)	guoggát
guoggát	V;PRS;IND;NOM(3,SG)	guoggá
guoggát	V;PST;IND;NOM(1,DU)	guoggáime
guoggát	V;PST;IND;NOM(1,PL)	guoggáimet
guoggát	V;PST;IND;NOM(1,SG)	guoggájin
guoggát	V;PST;IND;NOM(2,DU)	guoggáide
guoggát	V;PST;IND;NOM(2,SG)	guoggájit
guoggát	V;PST;IND;NOM(3,PL)	guoggájedje
guoktelogigoalmmát	ADJ;ACC(PL)	guoktelogigoalmmádiid
guoktelogigoalmmát	ADJ;ACC(SG)	guoktelogigoalmmáda
guoktelogigoalmmát	ADJ;COM(PL)	guoktelogigoalmmádiiguin
guoktelogigoalmmát	ADJ;COM(SG)	guoktelogigoalmmádiin
guoktelogigoalmmát	ADJ;FRML(SG)	guoktelogigoalmmádin
guoktelogigoalmmát	ADJ;GEN(PL)	guoktelogigoalmmádiid
guoktelogigoalmmát	ADJ;GEN(SG)	guoktelogigoalmmáda
guoktelogigoalmmát	ADJ;IN+ALL(PL)	guoktelogigoalmmádiidda
guoktelogigoalmmát	ADJ;IN+ALL(SG)	guoktelogigoalmmádii
guoktelogigoalmmát	ADJ;NOM(PL)	guoktelogigoalmmádat
guoktelogigoalmmát	ADJ;NOM(SG)	guoktelogigoalmmát
guoktelogigoalmmát	ADJ;PRP(PL)	guoktelogigoalmmádiin
guoktelogigoalmmát	ADJ;PRP(SG)	guoktelogigoalmmádis
guolástit	V;COND;NOM(1,PL)	guolásttášeimmet
guolástit	V;COND;NOM(1,SG)	guolásttášin
guolástit	V;COND;NOM(2,DU)	guolásttášeidde
guolástit	V;COND;NOM(2,SG)	guolásttášit
guolástit	V;COND;NOM(3,DU)	guolástivččiiga
guolástit	V;COND;NOM(3,SG)	guolástivččii
guolástit	V;IMP;NOM(1,DU)	guolástu
guolástit	V;IMP;NOM(1,SG)	guoláston
guolástit	V;IMP;NOM(2,DU)	guolásti
guolástit	V;IMP;NOM(2,PL)	guolástehket
guolástit	V;IMP;NOM(2,SG)	guolástte
guolástit	V;IMP;NOM(3,DU)	guolástoska
guolástit	V;IMP;NOM(3,SG)	guolástos
guolástit	V;POT;NOM(1,DU)	guolásttežetne
guolástit	V;POT;NOM(1,PL)	guolásttežit
guolástit	V;POT;NOM(2,PL)	guolásttežehpet
guolástit	V;POT;NOM(3,DU)	guolásttežeaba
guolástit	V;POT;NOM(3,PL)	guolásttežit
guolástit	V;POT;NOM(3,SG)	guolástteža
guolástit	V;PRS;IND;NOM(1,DU)	guoláste
guolástit	V;PRS;IND;NOM(1,SG)	guolásttán
guolástit	V;PRS;IND;NOM(2,PL)	guolástibehtet
guolástit	V;PRS;IND;NOM(2,SG)	guolásttát
guolástit	V;PRS;IND;NOM(3,PL)	guolástet
guolástit	V;PST;IND;NOM(1,DU)	guolásttiime
guolástit	V;PST;IND;NOM(1,PL)	guolásttiimet
guolástit	V;PST;IND;NOM(1,SG)	guolásten
guolástit	V;PST;IND;NOM(2,DU)	guolásttiide
guolástit	V;PST;IND;NOM(2,PL)	guolásttiidet
guolástit	V;PST;IND;NOM(2,SG)	guolástet
guolástit	V;PST;IND;NOM(3,SG)	guolástii
guvrát	V;COND;LGSPEC1;NOM(1,PL)	guvráleimmet
guvrát	V;COND;LGSPEC1;NOM(1,SG)	guvrálin
guvrát	V;COND;LGSPEC1;NOM(2,DU)	guvráleidde
guvrát	V;COND;LGSPEC1;NOM(3,DU)	guvráleigga
guvrát	V;COND;LGSPEC1;NOM(3,SG)	guvrálii
guvrát	V;COND;NOM(1,PL)	guvrášeimmet
guvrát	V;COND;NOM(1,SG)	guvrášin
guvrát	V;COND;NOM(2,DU)	guvrášeidde
guvrát	V;COND;NOM(2,PL)	guvrášeiddet
guvrát	V;IMP;NOM(1,DU)	guvrájeadnu
guvrát	V;IMP;NOM(2,DU)	guvrájeahkki
guvrát	V;IMP;NOM(2,PL)	guvrájehket
guvrát	V;IMP;NOM(3,PL)	guvrájehkoset
guvrát	V;IMP;NOM(3,SG)	guvrájehkos
guvrát	V;POT;NOM(1,DU)	guv'rážetne
guvrát	V;POT;NOM(1,PL)	guvrážit
guvrát	V;POT;NOM(2,PL)	guvrážehpet
guvrát	V;POT;NOM(2,SG)	guvrážat
guvrát	V;POT;NOM(3,DU)	guvrážeaba
guvrát	V;POT;NOM(3,PL)	guvrážit
guvrát	V;POT;NOM(3,SG)	guvráža
guvrát	V;PRS;IND;NOM(1,DU)	guvrájetne
guvrát	V;PRS;IND;NOM(1,SG)	guvrán
guvrát	V;PRS;IND;NOM(2,PL)	guvrábehtet
guvrát	V;PRS;IND;NOM(2,SG)	guvrát
guvrát	V;PRS;IND;NOM(3,PL)	guvrájit
guvrát	V;PRS;IND;NOM(3,SG)	guvrá
guvrát	V;PST;IND;NOM(2,DU)	guvráide
guvrát	V;PST;IND;NOM(2,SG)	guvrájit
guvrát	V;PST;IND;NOM(3,DU)	guvráiga
guvrát	V;PST;IND;NOM(3,PL)	guvrájedje
guvrát	V;PST;IND;NOM(3,SG)	guvrái
guđat	ADJ;ACC(PL)	guđadiid
guđat	ADJ;ACC(SG)	guđada
guđat	ADJ;COM(PL)	guđadiiguin
guđat	ADJ;COM(SG)	guđadiin
guđat	ADJ;FRML(SG)	guđadin
guđat	ADJ;GEN(PL)	guđadiid
guđat	ADJ;GEN(SG)	guđada
guđat	ADJ;IN+ALL(PL)	guđadiidda
guđat	ADJ;IN+ALL(SG)	guđadii
guđat	ADJ;NOM(PL)	guđadat
guđat	ADJ;NOM(SG)	guđat
guđat	ADJ;PRP(SG)	guđadis
gáisi	N;ACC(PL)	gáiiid
gáisi	N;ACC(SG)	gáii
gáisi	N;COM(PL)	gáiiiguin
gáisi	N;COM(SG)	gáiiin
gáisi	N;FRML(SG)	gáisin
gáisi	N;GEN(PL)	gáiiid
gáisi	N;GEN(SG)	gáii
gáisi	N;IN+ALL(PL)	gáiiide
gáisi	N;IN+ALL(SG)	gáisái
gáisi	N;NOM(PL)	gáiit
gáisi	N;NOM(SG)	gáisi
gáisi	N;PRP(PL)	gáiiin
gáisi	N;PRP(SG)	gáiis
gáranas	N;ACC(PL)	gáranasiid
gáranas	N;ACC(SG)	gáranasa
gáranas	N;COM(PL)	gáranasiiguin
gáranas	N;COM(SG)	gáranasiin
gáranas	N;FRML(SG)	gáranasin
gáranas	N;GEN(PL)	gáranasiid
gáranas	N;GEN(SG)	gáranasa
gáranas	N;IN+ALL(PL)	gáranasiidda
gáranas	N;IN+ALL(SG)	gáranasii
gáranas	N;NOM(PL)	gáranasat
gáranas	N;NOM(SG)	gáranas
gáranas	N;PRP(PL)	gáranasiin
gáranas	N;PRP(SG)	gáranasis
gávrut	V;COND;LGSPEC1;NOM(1,PL)	gávrmmet
gávrut	V;COND;LGSPEC1;NOM(2,PL)	gávrddet
gávrut	V;COND;LGSPEC1;NOM(3,PL)	gávrole
gávrut	V;COND;LGSPEC1;NOM(3,SG)	gávrolii
gávrut	V;COND;NOM(1,PL)	gávrmmet
gávrut	V;COND;NOM(1,SG)	gávrošin
gávrut	V;COND;NOM(2,DU)	gávridde
gávrut	V;COND;NOM(2,PL)	gávrddet
gávrut	V;COND;NOM(3,PL)	gávroše
gávrut	V;COND;NOM(3,SG)	gávrošii
gávrut	V;IMP;NOM(1,DU)	gávru
gávrut	V;IMP;NOM(1,PL)	gávrot
gávrut	V;IMP;NOM(2,SG)	gávrto
gávrut	V;IMP;NOM(3,DU)	gávroska
gávrut	V;IMP;NOM(3,PL)	gávroset
gávrut	V;POT;NOM(1,DU)	gávržetne
gávrut	V;POT;NOM(1,PL)	gávrožit
gávrut	V;POT;NOM(2,DU)	gávržeahppi
gávrut	V;POT;NOM(2,PL)	gávrožehpet
gávrut	V;POT;NOM(2,SG)	gávrožat
gávrut	V;POT;NOM(3,DU)	gávraba
gávrut	V;POT;NOM(3,SG)	gávroža
gávrut	V;PRS;IND;NOM(1,SG)	gávrun
gávrut	V;PRS;IND;NOM(2,DU)	gávrubeahtti
gávrut	V;PRS;IND;NOM(2,SG)	gávrut
gávrut	V;PRS;IND;NOM(3,PL)	gávrot
gávrut	V;PST;IND;NOM(1,DU)	gávruime
gávrut	V;PST;IND;NOM(1,PL)	gávruimet
gávrut	V;PST;IND;NOM(2,DU)	gávruide
gávrut	V;PST;IND;NOM(2,SG)	gávrot
gávrut	V;PST;IND;NOM(3,DU)	gávruiga
gávrut	V;PST;IND;NOM(3,PL)	gávro
jiehtanas	N;ACC(PL)	jiehtanasiid
jiehtanas	N;ACC(SG)	jiehtanasa
jiehtanas	N;COM(PL)	jiehtanasiiguin
jiehtanas	N;FRML(SG)	jiehtanasin
jiehtanas	N;GEN(PL)	jiehtanasiid
jiehtanas	N;GEN(SG)	jiehtanasa
jiehtanas	N;IN+ALL(PL)	jiehtanasiidda
jiehtanas	N;IN+ALL(SG)	jiehtanasii
jiehtanas	N;NOM(PL)	jiehtanasat
jiehtanas	N;NOM(SG)	jiehtanas
jiehtanas	N;PRP(PL)	jiehtanasiin
jiehtanas	N;PRP(SG)	jiehtanasis
jorbbas	ADJ;ACC(PL)	jorbbasiid
jorbbas	ADJ;ACC(SG)	jorbbasa
jorbbas	ADJ;COM(PL)	jorbbasiiguin
jorbbas	ADJ;COM(SG)	jorbbasiin
jorbbas	ADJ;FRML(SG)	jorbbasin
jorbbas	ADJ;GEN(PL)	jorbbasiid
jorbbas	ADJ;GEN(SG)	jorbbasa
jorbbas	ADJ;IN+ALL(PL)	jorbbasiidda
jorbbas	ADJ;IN+ALL(SG)	jorbbasii
jorbbas	ADJ;NOM(PL)	jorbbasat
jorbbas	ADJ;NOM(SG)	jorbbas
jorbbas	ADJ;PRP(PL)	jorbbasiin
jorbbas	ADJ;PRP(SG)	jorbbasis
lasta	N;ACC(PL)	lasaid
lasta	N;ACC(SG)	lasa
lasta	N;COM(PL)	lasaiguin
lasta	N;COM(SG)	lasain
lasta	N;FRML(SG)	lastan
lasta	N;GEN(PL)	lasaid
lasta	N;GEN(SG)	lasa
lasta	N;IN+ALL(PL)	lasaide
lasta	N;IN+ALL(SG)	lastii
lasta	N;NOM(PL)	lasat
lasta	N;NOM(SG)	lasta
lasta	N;PRP(PL)	lasain
lasta	N;PRP(SG)	lasas
loahppat	V;COND;LGSPEC1;NOM(1,DU)	loahpaleimme
loahppat	V;COND;LGSPEC1;NOM(2,DU)	loahpaleidde
loahppat	V;COND;LGSPEC1;NOM(2,SG)	loahpalit
loahppat	V;COND;LGSPEC1;NOM(3,SG)	loahpalii
loahppat	V;COND;NOM(1,PL)	loahpašeimmet
loahppat	V;COND;NOM(1,SG)	loahpašin
loahppat	V;COND;NOM(2,DU)	loahpašeidde
loahppat	V;COND;NOM(2,SG)	loahpašit
loahppat	V;IMP;NOM(1,DU)	loahppu
loahppat	V;IMP;NOM(1,SG)	loahppon
loahppat	V;IMP;NOM(2,DU)	loahppi
loahppat	V;IMP;NOM(3,DU)	loahpposka
loahppat	V;IMP;NOM(3,PL)	loahpposet
loahppat	V;IMP;NOM(3,SG)	loahppos
loahppat	V;POT;NOM(1,DU)	loahpažetne
loahppat	V;POT;NOM(1,PL)	loahpažit
loahppat	V;POT;NOM(1,SG)	loahpažan
loahppat	V;POT;NOM(2,DU)	loahpppi
loahppat	V;POT;NOM(2,PL)	loahpažehpet
loahppat	V;POT;NOM(2,SG)	loahpažat
loahppat	V;POT;NOM(3,PL)	loahpažit
loahppat	V;POT;NOM(3,SG)	loahpaža
loahppat	V;PRS;IND;NOM(1,DU)	loahppe
loahppat	V;PRS;IND;NOM(2,PL)	loahppabehtet
loahppat	V;PRS;IND;NOM(3,PL)	loahppet
loahppat	V;PRS;IND;NOM(3,SG)	loahppá
loahppat	V;PST;IND;NOM(1,SG)	loahppen
loahppat	V;PST;IND;NOM(2,DU)	loahpaide
loahppat	V;PST;IND;NOM(2,PL)	loahpaidet
loahppat	V;PST;IND;NOM(2,SG)	loahppet
loahppat	V;PST;IND;NOM(3,DU)	loahpaiga
lákca	N;ACC(PL)	lákccaid
lákca	N;ACC(SG)	lákcca
lákca	N;COM(PL)	lákccaiguin
lákca	N;COM(SG)	lákccain
lákca	N;FRML(SG)	lákcan
lákca	N;GEN(PL)	lákccaid
lákca	N;GEN(SG)	lákcca
lákca	N;IN+ALL(PL)	lákccaide
lákca	N;IN+ALL(SG)	lákcii
lákca	N;NOM(PL)	lákccat
lákca	N;NOM(SG)	lákca
lákca	N;PRP(PL)	lákccain
lákca	N;PRP(SG)	lákccas
mohkkámus	ADJ;ACC(PL)	mohkkámusaid
mohkkámus	ADJ;ACC(SG)	mohkkámusa
mohkkámus	ADJ;COM(PL)	mohkkámusaiguin
mohkkámus	ADJ;COM(SG)	mohkkámusain
mohkkámus	ADJ;FRML(SG)	mohkkámussan
mohkkámus	ADJ;GEN(PL)	mohkkámusaid
mohkkámus	ADJ;GEN(SG)	mohkkámusa
mohkkámus	ADJ;IN+ALL(PL)	mohkkámusaide
mohkkámus	ADJ;IN+ALL(SG)	mohkkámussii
mohkkámus	ADJ;NOM(PL)	mohkkámusat
mohkkámus	ADJ;NOM(SG)	mohkkámus
mohkkámus	ADJ;PRP(PL)	mohkkámusain
mohkkámus	ADJ;PRP(SG)	mohkkámusas
positiiva	ADJ;ACC(PL)	positiivaid
positiiva	ADJ;ACC(SG)	positiiva
positiiva	ADJ;COM(PL)	positiivaiguin
positiiva	ADJ;COM(SG)	positiivain
positiiva	ADJ;FRML(SG)	positiivan
positiiva	ADJ;GEN(PL)	positiivaid
positiiva	ADJ;GEN(SG)	positiiva
positiiva	ADJ;IN+ALL(PL)	positiivaide
positiiva	ADJ;IN+ALL(SG)	positiivii
positiiva	ADJ;NOM(PL)	positiivat
positiiva	ADJ;NOM(SG)	positiiva
positiiva	ADJ;PRP(PL)	positiivain
positiiva	ADJ;PRP(SG)	positiivas
ruhta	N;ACC(PL)	ruđaid
ruhta	N;ACC(SG)	ruđa
ruhta	N;COM(PL)	ruđaiguin
ruhta	N;COM(SG)	ruđain
ruhta	N;FRML(SG)	ruhtan
ruhta	N;GEN(PL)	ruđaid
ruhta	N;GEN(SG)	ruđa
ruhta	N;IN+ALL(PL)	ruđaide
ruhta	N;NOM(PL)	ruđat
ruhta	N;NOM(SG)	ruhta
ruhta	N;PRP(PL)	ruđain
ruhta	N;PRP(SG)	ruđas
russat	V;COND;LGSPEC1;NOM(1,DU)	rusaleimme
russat	V;COND;LGSPEC1;NOM(1,PL)	rusaleimmet
russat	V;COND;LGSPEC1;NOM(2,DU)	rusaleidde
russat	V;COND;LGSPEC1;NOM(2,SG)	rusalit
russat	V;COND;LGSPEC1;NOM(3,SG)	rusalii
russat	V;COND;NOM(1,DU)	russašeimme
russat	V;COND;NOM(1,PL)	rusašeimmet
russat	V;COND;NOM(1,SG)	rusašin
russat	V;COND;NOM(2,PL)	rusašeiddet
russat	V;COND;NOM(2,SG)	russašit
russat	V;COND;NOM(3,SG)	rusašii
russat	V;IMP;NOM(1,PL)	russot
russat	V;IMP;NOM(1,SG)	russon
russat	V;IMP;NOM(2,SG)	rusa
russat	V;IMP;NOM(3,DU)	rusoska
russat	V;POT;NOM(1,DU)	rusažetne
russat	V;POT;NOM(1,PL)	rusažit
russat	V;POT;NOM(2,DU)	rusažeahppi
russat	V;POT;NOM(3,DU)	russaba
russat	V;PRS;IND;NOM(1,PL)	russat
russat	V;PRS;IND;NOM(1,SG)	rusan
russat	V;PRS;IND;NOM(2,PL)	russabehtet
russat	V;PRS;IND;NOM(2,SG)	rusat
russat	V;PRS;IND;NOM(3,PL)	russet
russat	V;PST;IND;NOM(1,DU)	russaime
russat	V;PST;IND;NOM(1,PL)	rusaimet
russat	V;PST;IND;NOM(1,SG)	russen
russat	V;PST;IND;NOM(2,DU)	rusaide
russat	V;PST;IND;NOM(2,PL)	rusaidet
russat	V;PST;IND;NOM(2,SG)	russet
russat	V;PST;IND;NOM(3,PL)	russe
russat	V;PST;IND;NOM(3,SG)	rusai
ráhkis	ADJ;ACC(PL)	ráhkrásiid
ráhkis	ADJ;ACC(SG)	ráhkrása
ráhkis	ADJ;COM(PL)	ráhkrásiiguin
ráhkis	ADJ;COM(SG)	ráhkrásiin
ráhkis	ADJ;FRML(SG)	ráhkisin
ráhkis	ADJ;GEN(PL)	ráhkrásiid
ráhkis	ADJ;GEN(SG)	ráhkrása
ráhkis	ADJ;IN+ALL(PL)	ráhkrásiidda
ráhkis	ADJ;IN+ALL(SG)	ráhkrásii
ráhkis	ADJ;NOM(PL)	ráhkrásat
ráhkis	ADJ;NOM(SG)	ráhkis
ráhkis	ADJ;PRP(PL)	ráhkrásiin
ráhkis	ADJ;PRP(SG)	ráhkrásis
skeaikit	V;COND;LGSPEC1;NOM(1,DU)	skeaiáleimme
skeaikit	V;COND;LGSPEC1;NOM(1,SG)	skeaikkálin
skeaikit	V;COND;LGSPEC1;NOM(2,DU)	skeaikkáleidde
skeaikit	V;COND;LGSPEC1;NOM(2,PL)	skeaikkáleiddet
skeaikit	V;COND;LGSPEC1;NOM(2,SG)	skeaikkálit
skeaikit	V;COND;LGSPEC1;NOM(3,PL)	skeaikkále
skeaikit	V;COND;NOM(2,DU)	skeaikkášeidde
skeaikit	V;COND;NOM(2,SG)	skeaikkášit
skeaikit	V;COND;NOM(3,DU)	skeaikkášeigga
skeaikit	V;IMP;NOM(1,PL)	skeaikot
skeaikit	V;IMP;NOM(2,DU)	skeaiki
skeaikit	V;IMP;NOM(2,SG)	skeaikke
skeaikit	V;IMP;NOM(3,SG)	skeaikos
skeaikit	V;POT;NOM(1,DU)	skeaikkežetne
skeaikit	V;POT;NOM(1,PL)	skeaikkežit
skeaikit	V;POT;NOM(1,SG)	skeaikkežan
skeaikit	V;POT;NOM(2,DU)	skeaikkežeahppi
skeaikit	V;POT;NOM(2,PL)	skeaikkežehpet
skeaikit	V;POT;NOM(2,SG)	skeaikkežat
skeaikit	V;POT;NOM(3,DU)	skeaikkežeaba
skeaikit	V;POT;NOM(3,PL)	skeaikkežit
skeaikit	V;POT;NOM(3,SG)	skeaikkeža
skeaikit	V;PRS;IND;NOM(1,SG)	skeaikkán
skeaikit	V;PRS;IND;NOM(2,DU)	skeaikibeahtti
skeaikit	V;PRS;IND;NOM(2,PL)	skeaikibehtet
skeaikit	V;PRS;IND;NOM(3,DU)	skeaikiba
skeaikit	V;PRS;IND;NOM(3,PL)	skeaiket
skeaikit	V;PST;IND;NOM(2,DU)	skeaikkiide
skeaikit	V;PST;IND;NOM(2,PL)	skeaikkiidet
skeaikit	V;PST;IND;NOM(2,SG)	skeaiket
skeaikit	V;PST;IND;NOM(3,DU)	skeaikkiiga
skeaikit	V;PST;IND;NOM(3,PL)	skeaike
stoarbma	N;ACC(PL)	stoarpmaid
stoarbma	N;ACC(SG)	stoarpma
stoarbma	N;COM(PL)	stoarpmaiguin
stoarbma	N;COM(SG)	stoarpmain
stoarbma	N;FRML(SG)	stoarbman
stoarbma	N;GEN(PL)	stoarpmaid
stoarbma	N;GEN(SG)	stoarpma
stoarbma	N;IN+ALL(PL)	stoarpmaide
stoarbma	N;IN+ALL(SG)	stoarbmii
stoarbma	N;NOM(PL)	stoarpmat
stoarbma	N;NOM(SG)	stoarbma
stoarbma	N;PRP(PL)	stoarpmain
stoarbma	N;PRP(SG)	stoarpmas
stuorát	ADJ;ACC(PL)	stuorádiid
stuorát	ADJ;ACC(SG)	stuoráda
stuorát	ADJ;COM(PL)	stuorádiiguin
stuorát	ADJ;COM(SG)	stuorádiin
stuorát	ADJ;FRML(SG)	stuorádin
stuorát	ADJ;GEN(PL)	stuorádiid
stuorát	ADJ;GEN(SG)	stuoráda
stuorát	ADJ;IN+ALL(PL)	stuorádiidda
stuorát	ADJ;IN+ALL(SG)	stuorádii
stuorát	ADJ;NOM(PL)	stuorádat
stuorát	ADJ;NOM(SG)	stuorát
stuorát	ADJ;PRP(PL)	stuorádiin
stuorát	ADJ;PRP(SG)	stuorádis
sávvat	V;COND;LGSPEC1;NOM(1,DU)	sávaleimme
sávvat	V;COND;LGSPEC1;NOM(1,PL)	sávaleimmet
sávvat	V;COND;LGSPEC1;NOM(1,SG)	sávalin
sávvat	V;COND;LGSPEC1;NOM(2,SG)	sávalit
sávvat	V;COND;LGSPEC1;NOM(3,DU)	sávaleigga
sávvat	V;COND;NOM(1,PL)	sávašeimmet
sávvat	V;COND;NOM(2,DU)	sávašeidde
sávvat	V;COND;NOM(2,PL)	sávašeiddet
sávvat	V;COND;NOM(2,SG)	sávašit
sávvat	V;COND;NOM(3,PL)	sávaše
sávvat	V;COND;NOM(3,SG)	sávašii
sávvat	V;IMP;NOM(1,PL)	sávvot
sávvat	V;IMP;NOM(1,SG)	sávvon
sávvat	V;IMP;NOM(2,DU)	sáv'vi
sávvat	V;IMP;NOM(2,PL)	sávvet
sávvat	V;IMP;NOM(2,SG)	sáva
sávvat	V;IMP;NOM(3,PL)	sávvoset
sávvat	V;POT;NOM(1,PL)	sávažit
sávvat	V;POT;NOM(1,SG)	sávažan
sávvat	V;POT;NOM(2,SG)	sávažat
sávvat	V;POT;NOM(3,PL)	sávažit
sávvat	V;PRS;IND;NOM(1,DU)	sávve
sávvat	V;PRS;IND;NOM(1,PL)	sávvat
sávvat	V;PRS;IND;NOM(1,SG)	sávan
sávvat	V;PRS;IND;NOM(2,DU)	sávvabeahtti
sávvat	V;PRS;IND;NOM(2,PL)	sávvabehtet
sávvat	V;PRS;IND;NOM(2,SG)	sávat
sávvat	V;PRS;IND;NOM(3,DU)	sávvaba
sávvat	V;PRS;IND;NOM(3,PL)	sávvet
sávvat	V;PST;IND;NOM(2,DU)	sávaide
sávvat	V;PST;IND;NOM(2,PL)	sávaidet
sávvat	V;PST;IND;NOM(2,SG)	sávvet
višuvdna	N;ACC(PL)	višuvnnaid
višuvdna	N;ACC(SG)	višuvnna
višuvdna	N;COM(PL)	višuvnnaiguin
višuvdna	N;COM(SG)	višuvnnain
višuvdna	N;FRML(SG)	višuvdnan
višuvdna	N;GEN(PL)	višuvnnaid
višuvdna	N;GEN(SG)	višuvnna
višuvdna	N;IN+ALL(PL)	višuvnnaide
višuvdna	N;IN+ALL(SG)	višuvdnii
višuvdna	N;NOM(PL)	višuvnnat
višuvdna	N;NOM(SG)	višuvdna
višuvdna	N;PRP(PL)	višuvnnain
višuvdna	N;PRP(SG)	višuvnnas
árgi	ADJ;ACC(PL)	árgid
árgi	ADJ;ACC(SG)	árgi
árgi	ADJ;COM(PL)	árgiguin
árgi	ADJ;COM(SG)	árgin
árgi	ADJ;FRML(SG)	árgin
árgi	ADJ;GEN(PL)	árgid
árgi	ADJ;GEN(SG)	árgi
árgi	ADJ;IN+ALL(PL)	árgide
árgi	ADJ;IN+ALL(SG)	árgi
árgi	ADJ;NOM(PL)	árgit
árgi	ADJ;NOM(SG)	árgi
árgi	ADJ;PRP(PL)	árgin
árgi	ADJ;PRP(SG)	árgis
čalmmeheamos	ADJ;ACC(PL)	čalmmehepmosiid
čalmmeheamos	ADJ;ACC(SG)	čalmmehepmosa
čalmmeheamos	ADJ;COM(PL)	čalmmehepmosiiguin
čalmmeheamos	ADJ;COM(SG)	čalmmehepmosiin
čalmmeheamos	ADJ;FRML(SG)	čalmmeheamosin
čalmmeheamos	ADJ;GEN(PL)	čalmmehepmosiid
čalmmeheamos	ADJ;GEN(SG)	čalmmehepmosa
čalmmeheamos	ADJ;IN+ALL(PL)	čalmmehepmosiidda
čalmmeheamos	ADJ;IN+ALL(SG)	čalmmehepmosii
čalmmeheamos	ADJ;NOM(PL)	čalmmehepmosat
čalmmeheamos	ADJ;NOM(SG)	čalmmeheamos
čalmmeheamos	ADJ;PRP(PL)	čalmmehepmosiin
čalmmeheamos	ADJ;PRP(SG)	čalmmehepmosis
čavgat	ADJ;ACC(PL)	čavgadiid
čavgat	ADJ;ACC(SG)	čavgada
čavgat	ADJ;COM(PL)	čavgadiiguin
čavgat	ADJ;COM(SG)	čavgadiin
čavgat	ADJ;FRML(SG)	čavgadin
čavgat	ADJ;GEN(PL)	čavgadiid
čavgat	ADJ;GEN(SG)	čavgada
čavgat	ADJ;IN+ALL(PL)	čavgadiidda
čavgat	ADJ;IN+ALL(SG)	čavgadii
čavgat	ADJ;NOM(PL)	čavgadat
čavgat	ADJ;NOM(SG)	čavgat
čavgat	ADJ;PRP(PL)	čavgadiin
čavgat	ADJ;PRP(SG)	čavgadis
čierrut	V;COND;LGSPEC1;NOM(1,DU)	čierrimme
čierrut	V;COND;LGSPEC1;NOM(1,SG)	čierrolin
čierrut	V;COND;LGSPEC1;NOM(2,DU)	čierridde
čierrut	V;COND;LGSPEC1;NOM(3,SG)	čierrolii
čierrut	V;COND;NOM(1,DU)	čierrimme
čierrut	V;COND;NOM(1,SG)	čierrošin
čierrut	V;COND;NOM(2,DU)	čierridde
čierrut	V;COND;NOM(2,SG)	čierrošit
čierrut	V;COND;NOM(3,DU)	čierrošeigga
čierrut	V;COND;NOM(3,PL)	čierroše
čierrut	V;COND;NOM(3,SG)	čierrošii
čierrut	V;IMP;NOM(1,DU)	čierru
čierrut	V;IMP;NOM(1,PL)	čierrot
čierrut	V;IMP;NOM(1,SG)	čierron
čierrut	V;IMP;NOM(2,DU)	čierru
čierrut	V;IMP;NOM(2,PL)	čierrot
čierrut	V;IMP;NOM(2,SG)	čierrto
čierrut	V;IMP;NOM(3,DU)	čierroska
čierrut	V;IMP;NOM(3,SG)	čierros
čierrut	V;POT;NOM(2,DU)	čierržeahppi
čierrut	V;POT;NOM(2,PL)	čierrožehpet
čierrut	V;POT;NOM(2,SG)	čierrožat
čierrut	V;POT;NOM(3,DU)	čierraba
čierrut	V;PRS;IND;NOM(1,DU)	čierro
čierrut	V;PRS;IND;NOM(1,PL)	čierrut
čierrut	V;PRS;IND;NOM(2,PL)	čierrubehtet
čierrut	V;PRS;IND;NOM(3,PL)	čierrot
čierrut	V;PST;IND;NOM(1,DU)	čierruime
čierrut	V;PST;IND;NOM(1,SG)	čierron
čierrut	V;PST;IND;NOM(2,PL)	čierruidet
čierrut	V;PST;IND;NOM(2,SG)	čierrot
čierrut	V;PST;IND;NOM(3,SG)	čierrui
čuovgat	ADJ;ACC(PL)	čuovgadiid
čuovgat	ADJ;ACC(SG)	čuovgada
čuovgat	ADJ;COM(PL)	čuovgadiiguin
čuovgat	ADJ;COM(SG)	čuovgadiin
čuovgat	ADJ;FRML(SG)	čuovgadin
čuovgat	ADJ;GEN(PL)	čuovgadiid
čuovgat	ADJ;GEN(SG)	čuovgada
čuovgat	ADJ;IN+ALL(PL)	čuovgadiidda
čuovgat	ADJ;IN+ALL(SG)	čuovgadii
čuovgat	ADJ;NOM(PL)	čuovgadat
čuovgat	ADJ;NOM(SG)	čuovgat
čuovgat	ADJ;PRP(PL)	čuovgadiin
čuovgat	ADJ;PRP(SG)	čuovgadis
čábbáseamos	ADJ;ACC(PL)	čábbásepmosiid
čábbáseamos	ADJ;ACC(SG)	čábbásepmosa
čábbáseamos	ADJ;COM(PL)	čábbásepmosiiguin
čábbáseamos	ADJ;COM(SG)	čábbásepmosiin
čábbáseamos	ADJ;FRML(SG)	čábbáseamosin
čábbáseamos	ADJ;GEN(PL)	čábbásepmosiid
čábbáseamos	ADJ;GEN(SG)	čábbásepmosa
čábbáseamos	ADJ;IN+ALL(PL)	čábbásepmosiidda
čábbáseamos	ADJ;IN+ALL(SG)	čábbásepmosii
čábbáseamos	ADJ;NOM(PL)	čábbásepmosat
čábbáseamos	ADJ;NOM(SG)	čábbáseamos
čábbáseamos	ADJ;PRP(PL)	čábbásepmosiin
čábbáseamos	ADJ;PRP(SG)	čábbásepmosis
čáppat	ADJ;ACC(PL)	čáppadiid
čáppat	ADJ;ACC(SG)	čáppada
čáppat	ADJ;COM(PL)	čáppadiiguin
čáppat	ADJ;FRML(SG)	čáppadin
čáppat	ADJ;GEN(PL)	čáppadiid
čáppat	ADJ;GEN(SG)	čáppada
čáppat	ADJ;IN+ALL(PL)	čáppadiidda
čáppat	ADJ;IN+ALL(SG)	čáppadii
čáppat	ADJ;NOM(PL)	čáppadat
čáppat	ADJ;NOM(SG)	čáppat
čáppat	ADJ;PRP(PL)	čáppadiin
čáppat	ADJ;PRP(SG)	čáppadis
