abstrakt	ADJ;DEF	abstrakt
abstrakt	ADJ;INDF;MASC+FEM;SG	abstrakte
abstrakt	ADJ;INDF;NEUT;SG	abstrakte
abstrakt	ADJ;INDF;PL	abstrakted
afhængig	ADJ;DEF	afhængig
afhængig	ADJ;INDF;MASC+FEM;SG	afhængig
afhængig	ADJ;INDF;NEUT;SG	afhængig
afhængig	ADJ;INDF;PL	afhængigen
aks	N;GEN(INDF;PL)	akse
aks	N;GEN(INDF;SG)	akses
aks	N;NOM(DEF;PL)	akse
aks	N;NOM(DEF;SG)	aks
aks	N;NOM(INDF;PL)	akse
aks	N;NOM(INDF;SG)	aks
almægtig	ADJ;DEF;CMPR	almægtigen
almægtig	ADJ;INDF;MASC+FEM;SG	almægtig
almægtig	ADJ;INDF;NEUT;SG	almægtig
almægtig	ADJ;INDF;PL;CMPR	almægtigen
almægtig	ADJ;INDF;PL;SPRL	almægtigen
anonymisere	V.PTCP;ACT;PRS	anonymisering
anonymisere	V.PTCP;PASS;PST	anonymisered
anonymisere	V;ACT;IND;PST	anonymisered
anonymisere	V;PASS;IND;PST	anonymisered
arbejdsløs	ADJ;DEF	arbejdsløs
arbejdsløs	ADJ;INDF;MASC+FEM;SG	arbejdsløse
arbejdsløs	ADJ;INDF;NEUT;SG	arbejdsløste
arbejdsløs	ADJ;INDF;PL	arbejdsløsen
asyl	N;GEN(INDF;PL)	asyle
asyl	N;GEN(INDF;SG)	asyls
asyl	N;NOM(DEF;PL)	asyle
asyl	N;NOM(DEF;SG)	asyl
asyl	N;NOM(INDF;PL)	asyle
asyl	N;NOM(INDF;SG)	asyl
babylonisk	ADJ;DEF	babylonisk
babylonisk	ADJ;INDF;MASC+FEM;SG	babylonisks
babylonisk	ADJ;INDF;NEUT;SG	babyloniske
babylonisk	ADJ;INDF;PL	babylonisked
bagdør	N;GEN(INDF;PL)	bagdøre
bagdør	N;GEN(INDF;SG)	bagdørs
bagdør	N;NOM(DEF;PL)	bagdøre
bagdør	N;NOM(DEF;SG)	bagdør
bagdør	N;NOM(INDF;PL)	bagdøre
bagdør	N;NOM(INDF;SG)	bagdør
balstyrig	ADJ;DEF	balstyrig
balstyrig	ADJ;INDF;MASC+FEM;SG	balstyrig
balstyrig	ADJ;INDF;NEUT;SG	balstyrig
balstyrig	ADJ;INDF;PL	balstyrigged
beton	N;GEN(INDF;PL)	betons
beton	N;GEN(INDF;SG)	betons
beton	N;NOM(DEF;PL)	betons
beton	N;NOM(DEF;SG)	betons
beton	N;NOM(INDF;PL)	betons
beton	N;NOM(INDF;SG)	beton
billet	N;GEN(INDF;PL)	billets
billet	N;GEN(INDF;SG)	billets
billet	N;NOM(DEF;PL)	billets
billet	N;NOM(DEF;SG)	billets
billet	N;NOM(INDF;PL)	billets
billet	N;NOM(INDF;SG)	billet
bleg	ADJ;DEF;CMPR	blegged
bleg	ADJ;DEF;SPRL	blegged
bleg	ADJ;INDF;MASC+FEM;SG;CMPR	blegged
bleg	ADJ;INDF;PL	blegged
bleg	ADJ;INDF;PL;CMPR	blegged
bombe	N;GEN(INDF;PL)	bomben
bombe	N;GEN(INDF;SG)	bombe
bombe	N;NOM(DEF;PL)	bomben
bombe	N;NOM(DEF;SG)	bombe
bombe	N;NOM(INDF;PL)	bomben
brødflov	ADJ;DEF	brødflov
brødflov	ADJ;INDF;MASC+FEM;SG	brødflove
brødflov	ADJ;INDF;NEUT;SG	brødflov
brødflov	ADJ;INDF;PL	brødfloved
bugspytkirtel	N;GEN(INDF;PL)	bugspytkirteln
bugspytkirtel	N;GEN(INDF;SG)	bugspytkirtel
bugspytkirtel	N;NOM(DEF;PL)	bugspytkirteln
bugspytkirtel	N;NOM(DEF;SG)	bugspytkirtel
bugspytkirtel	N;NOM(INDF;PL)	bugspytkirteln
bugspytkirtel	N;NOM(INDF;SG)	bugspytkirtel
bulgarsk	ADJ;DEF	bulgarsk
bulgarsk	ADJ;INDF;MASC+FEM;SG	bulgarsk
bulgarsk	ADJ;INDF;NEUT;SG	bulgarsk
bulgarsk	ADJ;INDF;PL	bulgarsked
but	ADJ;DEF	but
but	ADJ;INDF;MASC+FEM;SG	but
but	ADJ;INDF;NEUT;SG	but
but	ADJ;INDF;PL	butted
bæver	N;GEN(INDF;PL)	bæver
bæver	N;GEN(INDF;SG)	bævers
bæver	N;NOM(DEF;PL)	bæver
bæver	N;NOM(DEF;SG)	bæver
bæver	N;NOM(INDF;PL)	bæver
bæver	N;NOM(INDF;SG)	bæver
bøvet	ADJ;DEF	bøvet
bøvet	ADJ;INDF;MASC+FEM;SG	bøvet
bøvet	ADJ;INDF;NEUT;SG	bøvet
bøvet	ADJ;INDF;PL	bøvet
chokoladekage	N;GEN(INDF;PL)	chokoladekagen
chokoladekage	N;GEN(INDF;SG)	chokoladekage
chokoladekage	N;NOM(DEF;PL)	chokoladekagen
chokoladekage	N;NOM(DEF;SG)	chokoladekage
chokoladekage	N;NOM(INDF;PL)	chokoladekagen
chokoladekage	N;NOM(INDF;SG)	chokoladekage
cigaretrør	N;GEN(INDF;PL)	cigaretrøre
cigaretrør	N;GEN(INDF;SG)	cigaretrørs
cigaretrør	N;NOM(DEF;PL)	cigaretrøre
cigaretrør	N;NOM(DEF;SG)	cigaretrør
cigaretrør	N;NOM(INDF;PL)	cigaretrøre
cigaretrør	N;NOM(INDF;SG)	cigaretrør
degenerere	V.PTCP;PASS;PST	degenerered
degenerere	V;ACT;IND;PRS	degenerering
degenerere	V;ACT;NFIN	degenerere
degenerere	V;PASS;IND;PRS	degenerering
degenerere	V;PASS;IND;PST	degenerered
delikat	ADJ;DEF	delikat
delikat	ADJ;INDF;MASC+FEM;SG	delikates
delikat	ADJ;INDF;NEUT;SG	delikated
delikat	ADJ;INDF;PL	delikated
demografisk	ADJ;DEF	demografisk
demografisk	ADJ;INDF;MASC+FEM;SG	demografiske
demografisk	ADJ;INDF;NEUT;SG	demografiske
demografisk	ADJ;INDF;PL	demografisked
dodekaeder	N;GEN(INDF;PL)	dodekaeder
dodekaeder	N;GEN(INDF;SG)	dodekaeder
dodekaeder	N;NOM(DEF;PL)	dodekaeder
dodekaeder	N;NOM(DEF;SG)	dodekaeder
dodekaeder	N;NOM(INDF;PL)	dodekaeder
dodekaeder	N;NOM(INDF;SG)	dodekaeder
dyste	V;ACT;IND;PST	dysted
dyste	V;ACT;NFIN	dyste
dyste	V;PASS;IND;PRS	dysting
efficient	ADJ;DEF	efficient
efficient	ADJ;INDF;MASC+FEM;SG	efficients
efficient	ADJ;INDF;NEUT;SG	efficiented
efficient	ADJ;INDF;PL	efficiented
elementær	ADJ;DEF;SPRL	elementæren
elementær	ADJ;INDF;MASC+FEM;SG	elementære
elementær	ADJ;INDF;NEUT;SG;SPRL	elementære
elementær	ADJ;INDF;PL	elementæren
elementær	ADJ;INDF;PL;CMPR	elementæren
enlig	ADJ;DEF	enlig
enlig	ADJ;INDF;MASC+FEM;SG	enlig
enlig	ADJ;INDF;NEUT;SG	enlig
enlig	ADJ;INDF;PL	enligged
erobre	V.PTCP;ACT;PRS	erobring
erobre	V.PTCP;PASS;PST	erobred
erobre	V;ACT;IMP	erobre
erobre	V;ACT;IND;PRS	erobring
erobre	V;PASS;IND;PRS	erobring
eskimoisk	ADJ;DEF	eskimoisk
eskimoisk	ADJ;INDF;MASC+FEM;SG	eskimoisks
eskimoisk	ADJ;INDF;NEUT;SG	eskimoisked
eskimoisk	ADJ;INDF;PL	eskimoisked
etape	N;GEN(INDF;PL)	etapen
etape	N;GEN(INDF;SG)	etapes
etape	N;NOM(DEF;PL)	etapes
etape	N;NOM(DEF;SG)	etape
etape	N;NOM(INDF;PL)	etapes
etape	N;NOM(INDF;SG)	etape
federation	N;GEN(INDF;PL)	federationen
federation	N;GEN(INDF;SG)	federations
federation	N;NOM(DEF;PL)	federationen
federation	N;NOM(DEF;SG)	federation
federation	N;NOM(INDF;PL)	federationen
federation	N;NOM(INDF;SG)	federation
filter	N;GEN(INDF;PL)	filtern
filter	N;GEN(INDF;SG)	filters
filter	N;NOM(DEF;PL)	filters
filter	N;NOM(DEF;SG)	filter
filter	N;NOM(INDF;PL)	filtern
filter	N;NOM(INDF;SG)	filter
finskåret	ADJ;DEF	finskåret
finskåret	ADJ;INDF;MASC+FEM;SG	finskåret
finskåret	ADJ;INDF;NEUT;SG	finskårte
finskåret	ADJ;INDF;PL	finskåret
flink	ADJ;DEF;CMPR	flinked
flink	ADJ;DEF;SPRL	flinked
flink	ADJ;INDF;MASC+FEM;SG;SPRL	flinking
flink	ADJ;INDF;NEUT;SG;SPRL	flinked
flink	ADJ;INDF;PL;CMPR	flinked
flov	ADJ;INDF;MASC+FEM;SG;CMPR	floves
flov	ADJ;INDF;MASC+FEM;SG;SPRL	floved
flov	ADJ;INDF;NEUT;SG	flove
flov	ADJ;INDF;NEUT;SG;SPRL	floved
flov	ADJ;INDF;PL;CMPR	floved
flydende	ADJ;DEF	flydende
flydende	ADJ;INDF;MASC+FEM;SG	flydende
flydende	ADJ;INDF;NEUT;SG	flydende
flydende	ADJ;INDF;PL	flydended
flåde	N;GEN(INDF;PL)	flåden
flåde	N;GEN(INDF;SG)	flåde
flåde	N;NOM(DEF;PL)	flåden
flåde	N;NOM(DEF;SG)	flåde
flåde	N;NOM(INDF;PL)	flåden
flåde	N;NOM(INDF;SG)	flåde
fobi	N;GEN(INDF;PL)	fobien
fobi	N;GEN(INDF;SG)	fobies
fobi	N;NOM(DEF;PL)	fobie
fobi	N;NOM(DEF;SG)	fobi
fobi	N;NOM(INDF;PL)	fobie
fobi	N;NOM(INDF;SG)	fobi
fodkold	ADJ;DEF	fodkold
fodkold	ADJ;INDF;MASC+FEM;SG	fodkold
fodkold	ADJ;INDF;NEUT;SG	fodkold
fodkold	ADJ;INDF;PL	fodkolded
forfængelig	ADJ;DEF;CMPR	forfængelige
forfængelig	ADJ;INDF;MASC+FEM;SG;CMPR	forfængelig
forfængelig	ADJ;INDF;MASC+FEM;SG;SPRL	forfængelig
forfængelig	ADJ;INDF;PL	forfængeligen
forfængelig	ADJ;INDF;PL;SPRL	forfængeligen
forhenværende	ADJ;DEF	forhenværende
forhenværende	ADJ;INDF;MASC+FEM;SG	forhenværende
forhenværende	ADJ;INDF;NEUT;SG	forhenværte
forhenværende	ADJ;INDF;PL	forhenværenden
forsømthed	N;GEN(INDF;SG)	forsømthede
forsømthed	N;NOM(DEF;SG)	forsømthed
forsømthed	N;NOM(INDF;SG)	forsømthed
frigid	ADJ;DEF	frigid
frigid	ADJ;INDF;MASC+FEM;SG	frigid
frigid	ADJ;INDF;NEUT;SG	frigid
frigid	ADJ;INDF;PL	frigided
frikativ	ADJ;DEF	frikativ
frikativ	ADJ;INDF;MASC+FEM;SG	frikative
frikativ	ADJ;INDF;NEUT;SG	frikative
frikativ	ADJ;INDF;PL	frikatived
frisør	N;GEN(INDF;PL)	frisøre
frisør	N;GEN(INDF;SG)	frisørs
frisør	N;NOM(DEF;PL)	frisøre
frisør	N;NOM(DEF;SG)	frisør
frisør	N;NOM(INDF;PL)	frisøre
frisør	N;NOM(INDF;SG)	frisør
fugl	N;GEN(INDF;PL)	fugle
fugl	N;GEN(INDF;SG)	fugls
fugl	N;NOM(DEF;PL)	fugle
fugl	N;NOM(DEF;SG)	fugl
fugl	N;NOM(INDF;PL)	fugle
fugl	N;NOM(INDF;SG)	fugl
fædreland	N;GEN(INDF;PL)	fædreländer
fædreland	N;GEN(INDF;SG)	fædrelände
fædreland	N;NOM(DEF;PL)	fædreländer
fædreland	N;NOM(DEF;SG)	fædreland
fædreland	N;NOM(INDF;PL)	fædreländer
fædreland	N;NOM(INDF;SG)	fædreländ
færdig	ADJ;DEF	færdig
færdig	ADJ;INDF;MASC+FEM;SG	færdig
færdig	ADJ;INDF;NEUT;SG	færdig
færdig	ADJ;INDF;PL	færdigen
gene	N;GEN(INDF;PL)	genen
gene	N;GEN(INDF;SG)	genes
gene	N;NOM(DEF;PL)	genes
gene	N;NOM(DEF;SG)	gene
gene	N;NOM(INDF;PL)	genen
gene	N;NOM(INDF;SG)	gene
gestus	N;GEN(INDF;PL)	gestuse
gestus	N;GEN(INDF;SG)	gestuses
gestus	N;NOM(DEF;PL)	gestuse
gestus	N;NOM(DEF;SG)	gestus
gestus	N;NOM(INDF;PL)	gestuse
gestus	N;NOM(INDF;SG)	gestus
gilde	N;GEN(INDF;PL)	gilden
gilde	N;GEN(INDF;SG)	gilde
gilde	N;NOM(DEF;PL)	gilden
gilde	N;NOM(DEF;SG)	gilde
gilde	N;NOM(INDF;PL)	gilden
gilde	N;NOM(INDF;SG)	gilde
grube	N;GEN(INDF;PL)	gruben
grube	N;GEN(INDF;SG)	grube
grube	N;NOM(DEF;PL)	gruben
grube	N;NOM(DEF;SG)	grube
grube	N;NOM(INDF;PL)	gruben
grube	N;NOM(INDF;SG)	grube
grøn	ADJ;INDF;MASC+FEM;SG	grøn
grøn	ADJ;INDF;PL	grønnen
grøn	ADJ;INDF;PL;CMPR	grønnen
grøn	ADJ;INDF;PL;SPRL	grønnen
gyroskop	N;GEN(INDF;PL)	gyroskope
gyroskop	N;GEN(INDF;SG)	gyroskops
gyroskop	N;NOM(DEF;PL)	gyroskope
gyroskop	N;NOM(DEF;SG)	gyroskop
gyroskop	N;NOM(INDF;PL)	gyroskope
gyroskop	N;NOM(INDF;SG)	gyroskop
haitianer	N;GEN(INDF;PL)	haitianer
haitianer	N;GEN(INDF;SG)	haitianers
haitianer	N;NOM(DEF;PL)	haitianer
haitianer	N;NOM(DEF;SG)	haitianer
haitianer	N;NOM(INDF;PL)	haitianer
haitianer	N;NOM(INDF;SG)	haitianer
handledygtig	ADJ;INDF;MASC+FEM;SG	handledygtig
handledygtig	ADJ;INDF;MASC+FEM;SG;SPRL	handledygtige
handledygtig	ADJ;INDF;NEUT;SG;CMPR	handledygtigt
handledygtig	ADJ;INDF;PL;CMPR	handledygtigen
handledygtig	ADJ;INDF;PL;SPRL	handledygtigen
harve	N;GEN(INDF;PL)	harven
harve	N;GEN(INDF;SG)	harves
harve	N;NOM(DEF;PL)	harven
harve	N;NOM(DEF;SG)	harve
harve	N;NOM(INDF;PL)	harven
harve	N;NOM(INDF;SG)	harve
hedensk	ADJ;DEF	hedensk
hedensk	ADJ;INDF;MASC+FEM;SG	hedensk
hedensk	ADJ;INDF;NEUT;SG	hedensk
hedensk	ADJ;INDF;PL	hedensken
hermafroditisk	ADJ;DEF	hermafroditisk
hermafroditisk	ADJ;INDF;MASC+FEM;SG	hermafroditiske
hermafroditisk	ADJ;INDF;NEUT;SG	hermafroditiske
hermafroditisk	ADJ;INDF;PL	hermafroditisked
heteroseksuel	ADJ;DEF	heteroseksuel
heteroseksuel	ADJ;INDF;MASC+FEM;SG	heteroseksuels
heteroseksuel	ADJ;INDF;NEUT;SG	heteroseksuel
heteroseksuel	ADJ;INDF;PL	heteroseksuelled
hik	N;GEN(INDF;PL)	hiks
hik	N;GEN(INDF;SG)	hiks
hik	N;NOM(DEF;PL)	hiks
hik	N;NOM(DEF;SG)	hik
hik	N;NOM(INDF;PL)	hiks
hik	N;NOM(INDF;SG)	hik
honorær	ADJ;DEF	honorær
honorær	ADJ;INDF;MASC+FEM;SG	honorære
honorær	ADJ;INDF;NEUT;SG	honorær
honorær	ADJ;INDF;PL	honoræred
horisontal	ADJ;DEF	horisontal
horisontal	ADJ;INDF;MASC+FEM;SG	horisontall
horisontal	ADJ;INDF;NEUT;SG	horisontalled
horisontal	ADJ;INDF;PL	horisontalled
huske	V;ACT;IMP	huske
huske	V;ACT;IND;PRS	husking
huske	V;ACT;NFIN	huske
huske	V;PASS;IND;PRS	husking
huske	V;PASS;IND;PST	husked
hveps	N;GEN(INDF;PL)	hvepse
hveps	N;GEN(INDF;SG)	hveps
hveps	N;NOM(DEF;PL)	hvepse
hveps	N;NOM(DEF;SG)	hveps
hveps	N;NOM(INDF;PL)	hvepse
hveps	N;NOM(INDF;SG)	hveps
hvid	ADJ;DEF;CMPR	hvidded
hvid	ADJ;INDF;MASC+FEM;SG;CMPR	hvidded
hvid	ADJ;INDF;PL	hvidded
hvid	ADJ;INDF;PL;CMPR	hvidded
hvid	ADJ;INDF;PL;SPRL	hvidded
hydrofil	ADJ;DEF	hydrofil
hydrofil	ADJ;INDF;MASC+FEM;SG	hydrofiles
hydrofil	ADJ;INDF;NEUT;SG	hydrofil
hydrofil	ADJ;INDF;PL	hydrofiled
hyppig	ADJ;DEF;CMPR	hyppigged
hyppig	ADJ;DEF;SPRL	hyppigged
hyppig	ADJ;INDF;MASC+FEM;SG;CMPR	hyppigs
hyppig	ADJ;INDF;NEUT;SG;CMPR	hyppiged
hyppig	ADJ;INDF;PL;CMPR	hyppigged
idolisere	V.PTCP;ACT;PRS	idolisering
idolisere	V.PTCP;PASS;PST	idolisered
idolisere	V;ACT;IMP	idolisered
idolisere	V;ACT;IND;PST	idolisered
idolisere	V;PASS;IND;PRS	idolisering
immun	ADJ;DEF	immun
immun	ADJ;INDF;MASC+FEM;SG	immun
immun	ADJ;INDF;NEUT;SG	immun
immun	ADJ;INDF;PL	immuned
imposant	ADJ;INDF;MASC+FEM;SG	imposants
imposant	ADJ;INDF;NEUT;SG	imposanted
indtaste	V.PTCP;PASS;PST	indtasted
indtaste	V;ACT;NFIN	indtaste
indtaste	V;PASS;IND;PRS	indtasting
indtaste	V;PASS;IND;PST	indtasted
intelligensprøve	N;GEN(INDF;PL)	intelligensprøven
intelligensprøve	N;GEN(INDF;SG)	intelligensprøve
intelligensprøve	N;NOM(DEF;PL)	intelligensprøven
intelligensprøve	N;NOM(DEF;SG)	intelligensprøve
intelligensprøve	N;NOM(INDF;PL)	intelligensprøven
intelligensprøve	N;NOM(INDF;SG)	intelligensprøve
intelligent	ADJ;DEF	intelligent
intelligent	ADJ;INDF;MASC+FEM;SG	intelligents
intelligent	ADJ;INDF;NEUT;SG	intelligented
intelligent	ADJ;INDF;PL	intelligented
intim	ADJ;DEF	intim
intim	ADJ;DEF;SPRL	intimmed
intim	ADJ;INDF;NEUT;SG;CMPR	intime
intim	ADJ;INDF;NEUT;SG;SPRL	intimmed
intim	ADJ;INDF;PL;CMPR	intimmed
intranet	N;GEN(INDF;PL)	intranets
intranet	N;GEN(INDF;SG)	intranets
intranet	N;NOM(DEF;PL)	intranets
intranet	N;NOM(DEF;SG)	intranets
intranet	N;NOM(INDF;PL)	intranets
intranet	N;NOM(INDF;SG)	intranet
jødisk	ADJ;DEF	jødisk
jødisk	ADJ;INDF;MASC+FEM;SG	jødiske
jødisk	ADJ;INDF;NEUT;SG	jødisk
jødisk	ADJ;INDF;PL	jødisked
kage	N;GEN(INDF;PL)	kagen
kage	N;GEN(INDF;SG)	kages
kage	N;NOM(DEF;PL)	kagen
kage	N;NOM(DEF;SG)	kage
kage	N;NOM(INDF;PL)	kagen
kage	N;NOM(INDF;SG)	kage
kalksten	N;GEN(INDF;PL)	kalksten
kalksten	N;GEN(INDF;SG)	kalkstens
kalksten	N;NOM(DEF;PL)	kalksten
kalksten	N;NOM(DEF;SG)	kalksten
kalksten	N;NOM(INDF;PL)	kalksten
kalksten	N;NOM(INDF;SG)	kalksten
kasket	N;GEN(INDF;PL)	kaskets
kasket	N;GEN(INDF;SG)	kaskets
kasket	N;NOM(DEF;PL)	kaskets
kasket	N;NOM(DEF;SG)	kaskets
kasket	N;NOM(INDF;PL)	kaskets
kasket	N;NOM(INDF;SG)	kasket
kejthåndet	ADJ;DEF	kejthåndet
kejthåndet	ADJ;INDF;MASC+FEM;SG	kejthåndet
kejthåndet	ADJ;INDF;NEUT;SG	kejthåndete
kejthåndet	ADJ;INDF;PL	kejthåndete
kierkegårdsk	ADJ;DEF	kierkegårdsk
kierkegårdsk	ADJ;INDF;MASC+FEM;SG	kierkegårdsk
kierkegårdsk	ADJ;INDF;NEUT;SG	kierkegårdsk
kierkegårdsk	ADJ;INDF;PL	kierkegårdsken
kiosk	N;GEN(INDF;PL)	kioske
kiosk	N;GEN(INDF;SG)	kiosks
kiosk	N;NOM(DEF;PL)	kioske
kiosk	N;NOM(DEF;SG)	kiosk
kiosk	N;NOM(INDF;PL)	kioske
kiosk	N;NOM(INDF;SG)	kiosk
knap	ADJ;DEF	knapp
knap	ADJ;INDF;MASC+FEM;SG	knapped
knap	ADJ;INDF;NEUT;SG	knapped
knap	ADJ;INDF;PL	knapped
knap	N;NOM(INDF;PL)	knappe
kokkepige	N;GEN(INDF;PL)	kokkepigen
kokkepige	N;GEN(INDF;SG)	kokkepige
kokkepige	N;NOM(DEF;PL)	kokkepigen
kokkepige	N;NOM(DEF;SG)	kokkepige
kokkepige	N;NOM(INDF;PL)	kokkepigen
kokkepige	N;NOM(INDF;SG)	kokkepige
konkurrencedygtig	ADJ;INDF;MASC+FEM;SG;CMPR	konkurrencedygtige
konkurrencedygtig	ADJ;INDF;MASC+FEM;SG;SPRL	konkurrencedygtige
konkurrencedygtig	ADJ;INDF;NEUT;SG	konkurrencedygtig
konkurrencedygtig	ADJ;INDF;PL	konkurrencedygtigen
konkurrencedygtig	ADJ;INDF;PL;SPRL	konkurrencedygtigen
kuriøs	ADJ;INDF;MASC+FEM;SG	kuriøse
kuriøs	ADJ;INDF;NEUT;SG	kuriøs
kuriøs	ADJ;INDF;PL	kuriøsed
kvadratisk	ADJ;DEF	kvadratisk
kvadratisk	ADJ;INDF;MASC+FEM;SG	kvadratisks
kvadratisk	ADJ;INDF;NEUT;SG	kvadratiske
kvadratisk	ADJ;INDF;PL	kvadratisked
køn	ADJ;DEF	køn
køn	ADJ;DEF;CMPR	kønnen
køn	ADJ;INDF;MASC+FEM;SG	køn
køn	ADJ;INDF;MASC+FEM;SG;CMPR	køne
køn	ADJ;INDF;PL;SPRL	kønnen
køresyg	ADJ;DEF	køresyg
køresyg	ADJ;INDF;MASC+FEM;SG	køresyg
køresyg	ADJ;INDF;NEUT;SG	køresygte
køresyg	ADJ;INDF;PL	køresygen
labil	ADJ;DEF	labil
labil	ADJ;INDF;MASC+FEM;SG	labille
labil	ADJ;INDF;NEUT;SG	labil
labil	ADJ;INDF;PL	labilled
lesbisk	ADJ;DEF	lesbisk
lesbisk	ADJ;INDF;MASC+FEM;SG	lesbiskes
lesbisk	ADJ;INDF;NEUT;SG	lesbisked
lesbisk	ADJ;INDF;PL	lesbisked
lillebror	N;GEN(INDF;PL)	lillebrore
lillebror	N;GEN(INDF;SG)	lillebrors
lillebror	N;NOM(DEF;PL)	lillebrore
lillebror	N;NOM(DEF;SG)	lillebrors
lillebror	N;NOM(INDF;PL)	lillebrore
lillebror	N;NOM(INDF;SG)	lillebror
lipid	N;GEN(INDF;PL)	lipide
lipid	N;GEN(INDF;SG)	lipids
lipid	N;NOM(DEF;PL)	lipide
lipid	N;NOM(DEF;SG)	lipid
lipid	N;NOM(INDF;PL)	lipide
lipid	N;NOM(INDF;SG)	lipid
lybsk	ADJ;DEF	lybsk
lybsk	ADJ;INDF;MASC+FEM;SG	lybske
lybsk	ADJ;INDF;NEUT;SG	lybsked
lybsk	ADJ;INDF;PL	lybsked
lydpotte	N;GEN(INDF;PL)	lydpotten
lydpotte	N;GEN(INDF;SG)	lydpotte
lydpotte	N;NOM(DEF;PL)	lydpotten
lydpotte	N;NOM(DEF;SG)	lydpotte
lydpotte	N;NOM(INDF;PL)	lydpotten
lydpotte	N;NOM(INDF;SG)	lydpotte
lysten	ADJ;DEF	lysten
lysten	ADJ;INDF;MASC+FEM;SG	lystens
lysten	ADJ;INDF;NEUT;SG	lysten
lysten	ADJ;INDF;PL	lystened
låge	N;GEN(INDF;PL)	lågen
låge	N;GEN(INDF;SG)	låge
låge	N;NOM(DEF;PL)	lågen
låge	N;NOM(DEF;SG)	låge
låge	N;NOM(INDF;PL)	lågen
låge	N;NOM(INDF;SG)	låge
læbe	N;GEN(INDF;PL)	læben
læbe	N;GEN(INDF;SG)	læbe
læbe	N;NOM(DEF;PL)	læben
læbe	N;NOM(DEF;SG)	læbe
læbe	N;NOM(INDF;PL)	læben
læbe	N;NOM(INDF;SG)	læbe
lækkersulten	ADJ;DEF	lækkersulten
lækkersulten	ADJ;INDF;MASC+FEM;SG	lækkersulten
lækkersulten	ADJ;INDF;NEUT;SG	lækkersulten
lækkersulten	ADJ;INDF;PL	lækkersultened
læsehest	N;GEN(INDF;PL)	læseheste
læsehest	N;GEN(INDF;SG)	læseheste
læsehest	N;NOM(DEF;PL)	læseheste
læsehest	N;NOM(DEF;SG)	læsehest
læsehest	N;NOM(INDF;PL)	læseheste
læsehest	N;NOM(INDF;SG)	læsehest
mandlig	ADJ;DEF	mandlig
mandlig	ADJ;INDF;MASC+FEM;SG	mandlig
mandlig	ADJ;INDF;NEUT;SG	mandlig
mandlig	ADJ;INDF;PL	mandligged
manifest	N;GEN(INDF;PL)	manifeste
manifest	N;GEN(INDF;SG)	manifests
manifest	N;NOM(DEF;PL)	manifests
manifest	N;NOM(DEF;SG)	manifests
manifest	N;NOM(INDF;PL)	manifeste
manifest	N;NOM(INDF;SG)	manifest
maniodepressiv	ADJ;DEF	maniodepressive
maniodepressiv	ADJ;INDF;MASC+FEM;SG	maniodepressive
maniodepressiv	ADJ;INDF;NEUT;SG	maniodepressive
maniodepressiv	ADJ;INDF;PL	maniodepressived
mariehøne	N;GEN(INDF;PL)	mariehønen
mariehøne	N;GEN(INDF;SG)	mariehøne
mariehøne	N;NOM(DEF;PL)	mariehønen
mariehøne	N;NOM(DEF;SG)	mariehøne
mariehøne	N;NOM(INDF;PL)	mariehønen
mariehøne	N;NOM(INDF;SG)	mariehøne
megalomani	N;GEN(INDF;PL)	megalomanien
megalomani	N;GEN(INDF;SG)	megalomanies
megalomani	N;NOM(DEF;PL)	megalomanie
megalomani	N;NOM(DEF;SG)	megalomani
megalomani	N;NOM(INDF;PL)	megalomanie
megalomani	N;NOM(INDF;SG)	megalomani
midnat	N;GEN(INDF;PL)	midnatten
midnat	N;GEN(INDF;SG)	midnats
midnat	N;NOM(DEF;PL)	midnate
midnat	N;NOM(DEF;SG)	midnat
midnat	N;NOM(INDF;PL)	midnatte
midnat	N;NOM(INDF;SG)	midnat
millimeter	N;GEN(INDF;PL)	millimeters
millimeter	N;GEN(INDF;SG)	millimeters
millimeter	N;NOM(DEF;PL)	millimeters
millimeter	N;NOM(DEF;SG)	millimeter
millimeter	N;NOM(INDF;PL)	millimeters
millimeter	N;NOM(INDF;SG)	millimeter
mule	N;GEN(INDF;PL)	mules
mule	N;GEN(INDF;SG)	mules
mule	N;NOM(DEF;PL)	mules
mule	N;NOM(DEF;SG)	mule
mule	N;NOM(INDF;PL)	mules
mule	N;NOM(INDF;SG)	mule
musket	N;GEN(INDF;PL)	muskets
musket	N;GEN(INDF;SG)	muskets
musket	N;NOM(DEF;PL)	muskets
musket	N;NOM(DEF;SG)	muskets
musket	N;NOM(INDF;PL)	muskets
musket	N;NOM(INDF;SG)	musket
mytisk	ADJ;DEF	mytisk
mytisk	ADJ;INDF;MASC+FEM;SG	mytisks
mytisk	ADJ;INDF;NEUT;SG	mytisked
mytisk	ADJ;INDF;PL	mytisked
neutron	N;GEN(INDF;PL)	neutrone
neutron	N;GEN(INDF;SG)	neutrons
neutron	N;NOM(DEF;PL)	neutrone
neutron	N;NOM(DEF;SG)	neutrons
neutron	N;NOM(INDF;PL)	neutrone
neutron	N;NOM(INDF;SG)	neutron
nudel	N;GEN(INDF;PL)	nudels
nudel	N;GEN(INDF;SG)	nudels
nudel	N;NOM(DEF;PL)	nudels
nudel	N;NOM(DEF;SG)	nudels
nudel	N;NOM(INDF;PL)	nudels
nudel	N;NOM(INDF;SG)	nudel
nukleon	N;GEN(INDF;PL)	nukleone
nukleon	N;GEN(INDF;SG)	nukleons
nukleon	N;NOM(DEF;PL)	nukleone
nukleon	N;NOM(DEF;SG)	nukleons
nukleon	N;NOM(INDF;PL)	nukleone
nukleon	N;NOM(INDF;SG)	nukleon
nuttet	ADJ;DEF	nuttet
nuttet	ADJ;INDF;MASC+FEM;SG	nuttets
nuttet	ADJ;INDF;NEUT;SG	nutteted
nuttet	ADJ;INDF;PL	nutteted
odder	N;GEN(INDF;PL)	odders
odder	N;GEN(INDF;SG)	odders
odder	N;NOM(DEF;PL)	odders
odder	N;NOM(DEF;SG)	odders
odder	N;NOM(INDF;PL)	odders
odder	N;NOM(INDF;SG)	odder
oldhøjtysk	ADJ;DEF	oldhøjtysk
oldhøjtysk	ADJ;INDF;MASC+FEM;SG	oldhøjtysk
oldhøjtysk	ADJ;INDF;NEUT;SG	oldhøjtysk
oldhøjtysk	ADJ;INDF;PL	oldhøjtysken
omnivor	ADJ;DEF	omnivor
omnivor	ADJ;INDF;MASC+FEM;SG	omnivores
omnivor	ADJ;INDF;NEUT;SG	omnivored
omnivor	ADJ;INDF;PL	omnivored
oplysning	N;GEN(INDF;PL)	oplysningen
oplysning	N;GEN(INDF;SG)	oplysning
oplysning	N;NOM(DEF;PL)	oplysningen
oplysning	N;NOM(DEF;SG)	oplysning
oplysning	N;NOM(INDF;PL)	oplysningen
oplysning	N;NOM(INDF;SG)	oplysning
ordbog	N;GEN(INDF;PL)	ordbogen
ordbog	N;GEN(INDF;SG)	ordbogs
ordbog	N;NOM(DEF;PL)	ordbogs
ordbog	N;NOM(DEF;SG)	ordbog
ordbog	N;NOM(INDF;PL)	ordbogs
ordbog	N;NOM(INDF;SG)	ordbog
ordret	ADJ;DEF	ordret
ordret	ADJ;INDF;MASC+FEM;SG	ordret
ordret	ADJ;INDF;NEUT;SG	ordretted
ordret	ADJ;INDF;PL	ordretted
padde	N;GEN(INDF;PL)	padden
padde	N;GEN(INDF;SG)	paddes
padde	N;NOM(DEF;PL)	padden
padde	N;NOM(DEF;SG)	padde
padde	N;NOM(INDF;PL)	padden
padde	N;NOM(INDF;SG)	padde
panere	V.PTCP;ACT;PRS	panering
panere	V.PTCP;PASS;PST	panered
panere	V;ACT;IND;PST	panered
panere	V;ACT;NFIN	panere
panere	V;PASS;IND;PRS	panering
parallellogram	N;GEN(INDF;PL)	parallellogramme
parallellogram	N;GEN(INDF;SG)	parallellograms
parallellogram	N;NOM(DEF;PL)	parallellograms
parallellogram	N;NOM(DEF;SG)	parallellograms
parallellogram	N;NOM(INDF;PL)	parallellogramme
parallellogram	N;NOM(INDF;SG)	parallellogram
patent	N;GEN(INDF;PL)	patenten
patent	N;GEN(INDF;SG)	patents
patent	N;NOM(DEF;PL)	patents
patent	N;NOM(DEF;SG)	patents
patent	N;NOM(INDF;PL)	patents
patent	N;NOM(INDF;SG)	patent
patetisk	ADJ;DEF	patetisk
patetisk	ADJ;INDF;MASC+FEM;SG	patetisks
patetisk	ADJ;INDF;NEUT;SG	patetisked
patetisk	ADJ;INDF;PL	patetisked
patogen	ADJ;DEF	patogen
patogen	ADJ;INDF;MASC+FEM;SG	patogens
patogen	ADJ;INDF;NEUT;SG	patogen
patogen	ADJ;INDF;PL	patogened
periode	N;GEN(INDF;PL)	perioden
periode	N;GEN(INDF;SG)	periodes
periode	N;NOM(DEF;PL)	perioden
periode	N;NOM(DEF;SG)	periode
periode	N;NOM(INDF;PL)	perioden
periode	N;NOM(INDF;SG)	periode
pinje	N;GEN(INDF;PL)	pinjen
pinje	N;GEN(INDF;SG)	pinje
pinje	N;NOM(DEF;PL)	pinjen
pinje	N;NOM(DEF;SG)	pinje
pinje	N;NOM(INDF;PL)	pinjen
pinje	N;NOM(INDF;SG)	pinje
postalveolær	ADJ;DEF	postalveolær
postalveolær	ADJ;INDF;MASC+FEM;SG	postalveolære
postalveolær	ADJ;INDF;NEUT;SG	postalveolær
produktiv	ADJ;DEF	produktiv
produktiv	ADJ;INDF;MASC+FEM;SG	produktive
produktiv	ADJ;INDF;NEUT;SG	produktive
produktiv	ADJ;INDF;PL	produktived
præposition	N;GEN(INDF;PL)	præpositionen
præposition	N;GEN(INDF;SG)	præpositions
præposition	N;NOM(DEF;PL)	præpositionen
præposition	N;NOM(DEF;SG)	præposition
præposition	N;NOM(INDF;PL)	præpositionen
præposition	N;NOM(INDF;SG)	præposition
pulver	N;GEN(INDF;PL)	pulvers
pulver	N;GEN(INDF;SG)	pulvers
pulver	N;NOM(DEF;PL)	pulvers
pulver	N;NOM(DEF;SG)	pulver
pulver	N;NOM(INDF;PL)	pulvers
pulver	N;NOM(INDF;SG)	pulver
pund	N;GEN(INDF;PL)	punde
pund	N;GEN(INDF;SG)	punds
pund	N;NOM(DEF;PL)	punds
pund	N;NOM(DEF;SG)	punds
pund	N;NOM(INDF;PL)	punds
pund	N;NOM(INDF;SG)	pund
pålidelig	ADJ;DEF;CMPR	pålidelige
pålidelig	ADJ;DEF;SPRL	pålideligen
pålidelig	ADJ;INDF;MASC+FEM;SG	pålidelig
pålidelig	ADJ;INDF;MASC+FEM;SG;SPRL	pålidelig
pålidelig	ADJ;INDF;PL	pålideligen
quarterback	N;GEN(INDF;PL)	quarterbacks
quarterback	N;GEN(INDF;SG)	quarterbacks
quarterback	N;NOM(DEF;PL)	quarterbacks
quarterback	N;NOM(DEF;SG)	quarterbacks
quarterback	N;NOM(INDF;PL)	quarterbacks
quarterback	N;NOM(INDF;SG)	quarterback
rekviem	N;GEN(INDF;PL)	rekviemen
rekviem	N;GEN(INDF;SG)	rekviems
rekviem	N;NOM(DEF;PL)	rekvieme
rekviem	N;NOM(DEF;SG)	rekviem
rekviem	N;NOM(INDF;PL)	rekvieme
rekviem	N;NOM(INDF;SG)	rekviem
ren	ADJ;DEF	ren
ren	ADJ;INDF;MASC+FEM;SG	ren
ren	ADJ;INDF;NEUT;SG;SPRL	rented
ren	ADJ;INDF;PL	renned
ren	ADJ;INDF;PL;SPRL	renned
retfærdig	ADJ;DEF	retfærdig
retfærdig	ADJ;INDF;MASC+FEM;SG	retfærdig
retfærdig	ADJ;INDF;MASC+FEM;SG;CMPR	retfærdige
retfærdig	ADJ;INDF;MASC+FEM;SG;SPRL	retfærdige
retfærdig	ADJ;INDF;NEUT;SG;SPRL	retfærdigte
retroaktiv	ADJ;DEF	retroaktiv
retroaktiv	ADJ;INDF;MASC+FEM;SG	retroaktive
retroaktiv	ADJ;INDF;NEUT;SG	retroaktive
retroaktiv	ADJ;INDF;PL	retroaktived
rigelig	ADJ;DEF	rigelig
rigelig	ADJ;DEF;CMPR	rigeliggen
rigelig	ADJ;DEF;SPRL	rigeliggen
rigelig	ADJ;INDF;MASC+FEM;SG;SPRL	rigelige
rigelig	ADJ;INDF;NEUT;SG	rigelig
rigtig	ADJ;DEF	rigtig
rigtig	ADJ;DEF;CMPR	rigtigged
rigtig	ADJ;INDF;MASC+FEM;SG;SPRL	rigtigt
rigtig	ADJ;INDF;NEUT;SG	rigtig
rigtig	ADJ;INDF;PL;CMPR	rigtigged
røvsyg	ADJ;DEF	røvsyg
røvsyg	ADJ;INDF;MASC+FEM;SG	røvsyg
røvsyg	ADJ;INDF;NEUT;SG	røvsyg
røvsyg	ADJ;INDF;PL	røvsygen
salt	ADJ;DEF;SPRL	salted
salt	ADJ;INDF;MASC+FEM;SG	salts
salt	ADJ;INDF;MASC+FEM;SG;SPRL	salting
salt	ADJ;INDF;NEUT;SG	salt
salt	ADJ;INDF;PL	salted
savne	V.PTCP;ACT;PRS	savning
savne	V.PTCP;PASS;PST	savned
savne	V;ACT;IND;PRS	savning
savne	V;ACT;NFIN	savne
savne	V;PASS;IND;PRS	savning
semifinale	N;GEN(INDF;PL)	semifinalen
semifinale	N;GEN(INDF;SG)	semifinales
semifinale	N;NOM(DEF;PL)	semifinales
semifinale	N;NOM(DEF;SG)	semifinale
semifinale	N;NOM(INDF;PL)	semifinales
semifinale	N;NOM(INDF;SG)	semifinale
sidste	ADJ;DEF	sidste
sidste	ADJ;INDF;MASC+FEM;SG	sidste
sidste	ADJ;INDF;NEUT;SG	sidste
sidste	ADJ;INDF;PL	sidsted
skandale	N;GEN(INDF;PL)	skandalen
skandale	N;GEN(INDF;SG)	skandales
skandale	N;NOM(DEF;PL)	skandalen
skandale	N;NOM(DEF;SG)	skandale
skandale	N;NOM(INDF;PL)	skandalen
skandale	N;NOM(INDF;SG)	skandale
skov	N;GEN(INDF;PL)	skoven
skov	N;GEN(INDF;SG)	skoves
skov	N;NOM(DEF;PL)	skoven
skov	N;NOM(DEF;SG)	skov
skov	N;NOM(INDF;PL)	skove
skov	N;NOM(INDF;SG)	skov
skyldig	ADJ;DEF;CMPR	skyldigged
skyldig	ADJ;INDF;MASC+FEM;SG	skyldig
skyldig	ADJ;INDF;MASC+FEM;SG;SPRL	skyldig
skyldig	ADJ;INDF;NEUT;SG	skyldig
skyldig	ADJ;INDF;PL;SPRL	skyldigging
snakkesalig	ADJ;DEF;SPRL	snakkesaliggen
snakkesalig	ADJ;INDF;MASC+FEM;SG	snakkesalig
snakkesalig	ADJ;INDF;MASC+FEM;SG;CMPR	snakkesalige
snakkesalig	ADJ;INDF;NEUT;SG;CMPR	snakkesaligt
snakkesalig	ADJ;INDF;PL;SPRL	snakkesaligen
snaksom	ADJ;DEF;CMPR	snaksommed
snaksom	ADJ;INDF;MASC+FEM;SG;SPRL	snaksommed
snaksom	ADJ;INDF;NEUT;SG;CMPR	snaksomed
snaksom	ADJ;INDF;PL;CMPR	snaksomed
snaksom	ADJ;INDF;PL;SPRL	snaksomming
statelig	ADJ;DEF	statelig
statelig	ADJ;DEF;SPRL	stateligged
statelig	ADJ;INDF;NEUT;SG;CMPR	stateligten
statelig	ADJ;INDF;PL	stateligged
statelig	ADJ;INDF;PL;SPRL	stateligging
stegepande	N;GEN(INDF;PL)	stegepanden
stegepande	N;GEN(INDF;SG)	stegepande
stegepande	N;NOM(DEF;PL)	stegepanden
stegepande	N;NOM(DEF;SG)	stegepande
stegepande	N;NOM(INDF;PL)	stegepanden
stegepande	N;NOM(INDF;SG)	stegepande
strube	N;GEN(INDF;PL)	struben
strube	N;GEN(INDF;SG)	strubes
strube	N;NOM(DEF;PL)	struben
strube	N;NOM(DEF;SG)	strube
strube	N;NOM(INDF;PL)	struben
strube	N;NOM(INDF;SG)	strube
stupid	ADJ;DEF	stupid
stupid	ADJ;INDF;MASC+FEM;SG	stupid
stupid	ADJ;INDF;NEUT;SG	stupid
stupid	ADJ;INDF;PL	stupided
substituere	V.PTCP;ACT;PRS	substituering
substituere	V.PTCP;PASS;PST	substituered
substituere	V;ACT;IMP	substituered
substituere	V;ACT;IND;PST	substituered
substituere	V;ACT;NFIN	substituere
sund	ADJ;DEF	sund
sund	ADJ;DEF;SPRL	sunded
sund	ADJ;INDF;PL	sunded
sund	ADJ;INDF;PL;CMPR	sunded
sund	ADJ;INDF;PL;SPRL	sunding
sær	ADJ;DEF	sær
sær	ADJ;DEF;CMPR	sære
sær	ADJ;DEF;SPRL	særed
sær	ADJ;INDF;MASC+FEM;SG	sær
sær	ADJ;INDF;PL	særed
tanke	N;GEN(INDF;PL)	tanken
tanke	N;GEN(INDF;SG)	tanke
tanke	N;NOM(DEF;PL)	tanken
tanke	N;NOM(DEF;SG)	tanke
tanke	N;NOM(INDF;PL)	tanken
tanke	N;NOM(INDF;SG)	tanke
tavs	ADJ;INDF;MASC+FEM;SG	tavs
tavs	ADJ;INDF;NEUT;SG	tavs
tavs	ADJ;INDF;NEUT;SG;SPRL	tavsed
tavs	ADJ;INDF;PL;CMPR	tavsed
tavs	ADJ;INDF;PL;SPRL	tavsing
tilbøjelig	ADJ;DEF	tilbøjelig
tilbøjelig	ADJ;INDF;MASC+FEM;SG	tilbøjelig
tilbøjelig	ADJ;INDF;NEUT;SG	tilbøjelig
tilbøjelig	ADJ;INDF;PL	tilbøjelige
traditionel	ADJ;DEF	traditionel
traditionel	ADJ;INDF;MASC+FEM;SG	traditionels
traditionel	ADJ;INDF;NEUT;SG	traditionel
traditionel	ADJ;INDF;PL	traditionelled
trold	N;GEN(INDF;PL)	trolde
trold	N;GEN(INDF;SG)	trolds
trold	N;NOM(DEF;PL)	trolde
trold	N;NOM(DEF;SG)	trold
trold	N;NOM(INDF;PL)	trolde
trold	N;NOM(INDF;SG)	trold
trådløs	ADJ;DEF	trådløs
trådløs	ADJ;INDF;MASC+FEM;SG	trådløse
trådløs	ADJ;INDF;NEUT;SG	trådløste
trådløs	ADJ;INDF;PL	trådløsen
turban	N;GEN(INDF;PL)	turbane
turban	N;GEN(INDF;SG)	turbans
turban	N;NOM(DEF;PL)	turbane
turban	N;NOM(DEF;SG)	turbans
turban	N;NOM(INDF;PL)	turbane
turban	N;NOM(INDF;SG)	turban
tyrker	N;GEN(INDF;PL)	tyrker
tyrker	N;GEN(INDF;SG)	tyrker
tyrker	N;NOM(DEF;PL)	tyrker
tyrker	N;NOM(DEF;SG)	tyrker
tyrker	N;NOM(INDF;PL)	tyrker
tyrker	N;NOM(INDF;SG)	tyrker
tyrkisk	ADJ;DEF	tyrkisk
tyrkisk	ADJ;INDF;MASC+FEM;SG	tyrkisks
tyrkisk	ADJ;INDF;NEUT;SG	tyrkisked
tyrkisk	ADJ;INDF;PL	tyrkisked
tyskertøs	N;GEN(INDF;PL)	tyskertøse
tyskertøs	N;GEN(INDF;SG)	tyskertøse
tyskertøs	N;NOM(DEF;PL)	tyskertøse
tyskertøs	N;NOM(DEF;SG)	tyskertøs
tyskertøs	N;NOM(INDF;PL)	tyskertøse
tyskertøs	N;NOM(INDF;SG)	tyskertøs
tømrer	N;GEN(INDF;PL)	tømrer
tømrer	N;GEN(INDF;SG)	tømrer
tømrer	N;NOM(DEF;PL)	tømrer
tømrer	N;NOM(DEF;SG)	tømrer
tømrer	N;NOM(INDF;PL)	tømrer
tømrer	N;NOM(INDF;SG)	tømrer
udstyre	V.PTCP;ACT;PRS	udstyring
udstyre	V;ACT;IMP	udstyre
udstyre	V;ACT;IND;PRS	udstyring
udstyre	V;ACT;IND;PST	udstyred
udstyre	V;PASS;IND;PRS	udstyring
udtrykt	ADJ;DEF	udtrykt
udtrykt	ADJ;INDF;MASC+FEM;SG	udtrykte
udtrykt	ADJ;INDF;NEUT;SG	udtrykte
udtrykt	ADJ;INDF;PL	udtrykten
ugift	ADJ;DEF	ugift
ugift	ADJ;INDF;MASC+FEM;SG	ugifts
ugift	ADJ;INDF;NEUT;SG	ugifted
ugift	ADJ;INDF;PL	ugifted
uidiomatisk	ADJ;DEF	uidiomatisk
uidiomatisk	ADJ;INDF;MASC+FEM;SG	uidiomatiske
uidiomatisk	ADJ;INDF;NEUT;SG	uidiomatiske
uidiomatisk	ADJ;INDF;PL	uidiomatisked
ungarsk	ADJ;DEF	ungarsk
ungarsk	ADJ;INDF;MASC+FEM;SG	ungarske
ungarsk	ADJ;INDF;NEUT;SG	ungarsk
ungarsk	ADJ;INDF;PL	ungarsked
urgermansk	ADJ;DEF	urgermansk
urgermansk	ADJ;INDF;MASC+FEM;SG	urgermanske
urgermansk	ADJ;INDF;NEUT;SG	urgermansked
urgermansk	ADJ;INDF;PL	urgermansked
uskadt	ADJ;DEF;CMPR	uskadted
uskadt	ADJ;INDF;MASC+FEM;SG;SPRL	uskadte
uskadt	ADJ;INDF;NEUT;SG;SPRL	uskadted
uskadt	ADJ;INDF;PL;CMPR	uskadten
uskadt	ADJ;INDF;PL;SPRL	uskadted
ustemt	ADJ;DEF	ustemt
ustemt	ADJ;INDF;MASC+FEM;SG	ustemt
ustemt	ADJ;INDF;NEUT;SG	ustemted
ustemt	ADJ;INDF;PL	ustemted
utryg	ADJ;DEF	utryg
utryg	ADJ;INDF;MASC+FEM;SG	utryg
utryg	ADJ;INDF;NEUT;SG	utryg
utryg	ADJ;INDF;PL	utrygged
vag	ADJ;INDF;MASC+FEM;SG	vagges
vag	ADJ;INDF;MASC+FEM;SG;SPRL	vagged
vag	ADJ;INDF;NEUT;SG	vag
vag	ADJ;INDF;NEUT;SG;SPRL	vagged
vag	ADJ;INDF;PL;SPRL	vagged
velkendt	ADJ;DEF	velkendt
velkendt	ADJ;INDF;MASC+FEM;SG	velkendt
velkendt	ADJ;INDF;NEUT;SG	velkendte
velkendt	ADJ;INDF;PL	velkendten
velsigne	V.PTCP;PASS;PST	velsigned
velsigne	V;ACT;IMP	velsigned
velsigne	V;ACT;IND;PRS	velsigning
velsigne	V;ACT;IND;PST	velsigned
velsigne	V;PASS;IND;PRS	velsigning
ven	N;GEN(INDF;PL)	vens
ven	N;GEN(INDF;SG)	vens
ven	N;NOM(DEF;PL)	vens
ven	N;NOM(DEF;SG)	ven
ven	N;NOM(INDF;PL)	ven
ven	N;NOM(INDF;SG)	ven
venskabsby	N;GEN(INDF;PL)	venskabsbien
venskabsby	N;GEN(INDF;SG)	venskabsbys
venskabsby	N;NOM(DEF;PL)	venskabsbien
venskabsby	N;NOM(DEF;SG)	venskabsby
venskabsby	N;NOM(INDF;PL)	venskabsbien
venskabsby	N;NOM(INDF;SG)	venskabsby
ventilere	V.PTCP;ACT;PRS	ventilering
ventilere	V;ACT;IND;PRS	ventilering
ventilere	V;ACT;IND;PST	ventilered
ventilere	V;PASS;IND;PRS	ventilering
ventilere	V;PASS;IND;PST	ventilered
vigtig	ADJ;DEF	vigtig
vigtig	ADJ;DEF;CMPR	vigtigging
vigtig	ADJ;INDF;NEUT;SG;CMPR	vigtigt
vigtig	ADJ;INDF;PL;CMPR	vigtigged
virtuel	ADJ;DEF	virtuel
virtuel	ADJ;INDF;MASC+FEM;SG	virtuelle
virtuel	ADJ;INDF;NEUT;SG	virtuelled
virtuel	ADJ;INDF;PL	virtuelled
voldtægt	N;GEN(INDF;PL)	voldtægten
voldtægt	N;GEN(INDF;SG)	voldtægte
voldtægt	N;NOM(DEF;PL)	voldtægte
voldtægt	N;NOM(DEF;SG)	voldtægt
voldtægt	N;NOM(INDF;PL)	voldtægten
voldtægt	N;NOM(INDF;SG)	voldtægt
vred	ADJ;DEF	vred
vred	ADJ;DEF;SPRL	vredded
vred	ADJ;INDF;NEUT;SG	vred
vred	ADJ;INDF;NEUT;SG;SPRL	vredded
vred	ADJ;INDF;PL;SPRL	vredding
vurdering	N;GEN(INDF;PL)	vurderingen
vurdering	N;GEN(INDF;SG)	vurdering
vurdering	N;NOM(DEF;PL)	vurderingen
vurdering	N;NOM(DEF;SG)	vurdering
vurdering	N;NOM(INDF;PL)	vurderingen
vurdering	N;NOM(INDF;SG)	vurdering
vægtfylde	N;GEN(INDF;PL)	vægtfylden
vægtfylde	N;GEN(INDF;SG)	vægtfylde
vægtfylde	N;NOM(DEF;PL)	vægtfylden
vægtfylde	N;NOM(DEF;SG)	vægtfylde
vægtfylde	N;NOM(INDF;PL)	vægtfylden
vægtfylde	N;NOM(INDF;SG)	vægtfylde
værktøj	N;GEN(INDF;PL)	værktøje
værktøj	N;GEN(INDF;SG)	værktøje
værktøj	N;NOM(DEF;PL)	værktøje
værktøj	N;NOM(DEF;SG)	værktøj
værktøj	N;NOM(INDF;PL)	værktøje
værktøj	N;NOM(INDF;SG)	værktøj
vølve	N;GEN(INDF;PL)	vølven
vølve	N;GEN(INDF;SG)	vølve
vølve	N;NOM(DEF;PL)	vølven
vølve	N;NOM(DEF;SG)	vølve
vølve	N;NOM(INDF;PL)	vølven
vølve	N;NOM(INDF;SG)	vølve
ækel	ADJ;DEF	ækel
ækel	ADJ;DEF;SPRL	ækelf
ækel	ADJ;INDF;MASC+FEM;SG	ækel
ækel	ADJ;INDF;PL	ækeln
ækel	ADJ;INDF;PL;CMPR	ækeln
øge	V.PTCP;PASS;PST	øgt
øge	V;ACT;IMP	øge
øge	V;ACT;IND;PRS	øging
øge	V;ACT;NFIN	øge
øge	V;PASS;IND;PST	øgt
økumenisk	ADJ;DEF	økumenisk
økumenisk	ADJ;INDF;MASC+FEM;SG	økumenisk
økumenisk	ADJ;INDF;NEUT;SG	økumenisk
økumenisk	ADJ;INDF;PL	økumenisken
østkyst	N;GEN(INDF;PL)	østkyste
østkyst	N;GEN(INDF;SG)	østkyste
østkyst	N;NOM(DEF;PL)	østkyste
østkyst	N;NOM(DEF;SG)	østkyst
østkyst	N;NOM(INDF;PL)	østkyste
østkyst	N;NOM(INDF;SG)	østkyst
accuracy:0.207