abonder	V.PTCP;PRS	abondering
abonder	V;COND;NOM(1,PL)	abonderen
abonder	V;COND;NOM(1,SG)	abonder
abonder	V;COND;NOM(3,PL)	abonders
abonder	V;IND;FUT;NOM(1,PL)	abonderen
abonder	V;IND;FUT;NOM(1,SG)	abonder
abonder	V;IND;FUT;NOM(3,SG)	abonders
abonder	V;IND;PRS;NOM(1,SG)	abonders
abonder	V;IND;PST;IPFV;NOM(1,SG)	abondere
abonder	V;IND;PST;IPFV;NOM(2,PL)	abondertet
abonder	V;IND;PST;IPFV;NOM(2,SG)	abonderest
abonder	V;IND;PST;IPFV;NOM(3,PL)	abonderten
abonder	V;IND;PST;PFV;NOM(1,SG)	abondere
abonder	V;IND;PST;PFV;NOM(2,PL)	abondertet
abonder	V;IND;PST;PFV;NOM(2,SG)	abondertest
abonder	V;IND;PST;PFV;NOM(3,PL)	abonderten
abonder	V;NFIN	abonder
abonder	V;POS;IMP;NOM(1,PL)	abonderen
abonder	V;SBJV;PST;NOM(2,PL)	abondertet
abonder	V;SBJV;PST;NOM(3,SG)	abonderte
absoudre	V.CVB;PRS	absoudring
absoudre	V;COND;NOM(2,SG)	soudres
absoudre	V;COND;NOM(3,SG)	soudres
absoudre	V;IND;FUT;NOM(1,PL)	soudren
absoudre	V;IND;FUT;NOM(2,SG)	soudrest
absoudre	V;IND;FUT;NOM(3,PL)	soudren
absoudre	V;IND;FUT;NOM(3,SG)	soudres
absoudre	V;IND;PRS;NOM(1,SG)	soudres
absoudre	V;IND;PRS;NOM(2,PL)	soudret ab
absoudre	V;IND;PRS;NOM(3,PL)	soudren
absoudre	V;IND;PRS;NOM(3,SG)	soudres
absoudre	V;IND;PST;IPFV;NOM(1,SG)	soudre
absoudre	V;IND;PST;IPFV;NOM(2,SG)	soudrest
absoudre	V;IND;PST;PFV;NOM(1,PL)	soudren
absoudre	V;IND;PST;PFV;NOM(2,PL)	soudretet ab
absoudre	V;IND;PST;PFV;NOM(2,SG)	soudrest
absoudre	V;IND;PST;PFV;NOM(3,PL)	soudren
absoudre	V;IND;PST;PFV;NOM(3,SG)	soudrete
absoudre	V;SBJV;PRS;NOM(2,SG)	soudrest
absoudre	V;SBJV;PRS;NOM(3,PL)	soudren
adresser	V.PTCP;PRS	adressering
adresser	V.PTCP;PST	adressered
adresser	V;COND;NOM(1,PL)	adresser
adresser	V;COND;NOM(1,SG)	adresser
adresser	V;COND;NOM(2,SG)	adressers
adresser	V;COND;NOM(3,SG)	adressers
adresser	V;IND;FUT;NOM(2,SG)	adresser
adresser	V;IND;PRS;NOM(2,PL)	adresset
adresser	V;IND;PRS;NOM(2,SG)	adressest
adresser	V;IND;PRS;NOM(3,SG)	adressers
adresser	V;IND;PST;IPFV;NOM(1,PL)	adresserten
adresser	V;IND;PST;IPFV;NOM(1,SG)	adressere
adresser	V;IND;PST;IPFV;NOM(2,SG)	adresserst
adresser	V;IND;PST;IPFV;NOM(3,PL)	adresserten
adresser	V;IND;PST;IPFV;NOM(3,SG)	adresserte
adresser	V;IND;PST;PFV;NOM(1,SG)	adressere
adresser	V;POS;IMP;NOM(2,PL)	adressert
adresser	V;POS;IMP;NOM(2,SG)	adressers
adresser	V;SBJV;PRS;NOM(1,PL)	adresser
adresser	V;SBJV;PRS;NOM(3,PL)	adressers
amnistier	V.CVB;PRS	amnistiering
amnistier	V.PTCP;PST	amnistiered
amnistier	V;COND;NOM(1,PL)	amnistieren
amnistier	V;COND;NOM(2,SG)	amnistiers
amnistier	V;COND;NOM(3,SG)	amnistiers
amnistier	V;IND;FUT;NOM(1,SG)	amnistier
amnistier	V;IND;FUT;NOM(2,SG)	amnistiers
amnistier	V;IND;FUT;NOM(3,SG)	amnistiers
amnistier	V;IND;PRS;NOM(2,PL)	amnistiert
amnistier	V;IND;PST;IPFV;NOM(1,SG)	amnistierte
amnistier	V;IND;PST;IPFV;NOM(2,SG)	amnistiertest
amnistier	V;IND;PST;IPFV;NOM(3,PL)	amnistierten
amnistier	V;IND;PST;IPFV;NOM(3,SG)	amnistierte
amnistier	V;IND;PST;PFV;NOM(2,PL)	amnistiertet
amnistier	V;IND;PST;PFV;NOM(2,SG)	amnistiertest
amnistier	V;SBJV;PRS;NOM(2,SG)	amnistieres
amnistier	V;SBJV;PRS;NOM(3,PL)	amnistieren
amnistier	V;SBJV;PST;NOM(1,PL)	amnistierten
amnistier	V;SBJV;PST;NOM(2,SG)	amnistiertest
amnistier	V;SBJV;PST;NOM(3,PL)	amnistierten
anluminer	V.CVB;PRS	anluminering
anluminer	V;COND;NOM(1,PL)	luminern
anluminer	V;COND;NOM(2,PL)	luminert
anluminer	V;COND;NOM(3,SG)	luminers
anluminer	V;IND;FUT;NOM(1,PL)	luminern
anluminer	V;IND;FUT;NOM(1,SG)	luminer
anluminer	V;IND;FUT;NOM(2,PL)	luminert
anluminer	V;IND;PRS;NOM(3,PL)	luminers
anluminer	V;IND;PST;IPFV;NOM(1,PL)	luminerten
anluminer	V;IND;PST;PFV;NOM(1,SG)	luminere
anluminer	V;IND;PST;PFV;NOM(2,SG)	luminertest
anluminer	V;IND;PST;PFV;NOM(3,PL)	luminerten
anluminer	V;POS;IMP;NOM(1,PL)	luminern
anluminer	V;POS;IMP;NOM(2,SG)	luminers
anluminer	V;SBJV;PRS;NOM(1,SG)	luminers
anluminer	V;SBJV;PRS;NOM(2,SG)	luminers
anluminer	V;SBJV;PST;NOM(1,PL)	luminerten
anluminer	V;SBJV;PST;NOM(1,SG)	luminerte
anluminer	V;SBJV;PST;NOM(2,PL)	luminertet an
anluminer	V;SBJV;PST;NOM(3,SG)	luminerte
ardoiser	V.CVB;PRS	ardoisering
ardoiser	V;COND;NOM(1,SG)	ardoiser
ardoiser	V;COND;NOM(2,PL)	ardoiset
ardoiser	V;COND;NOM(2,SG)	ardoisers
ardoiser	V;IND;FUT;NOM(2,PL)	ardoiset
ardoiser	V;IND;FUT;NOM(2,SG)	ardoisers
ardoiser	V;IND;PRS;NOM(2,PL)	ardoiset
ardoiser	V;IND;PRS;NOM(3,PL)	ardoisers
ardoiser	V;IND;PST;IPFV;NOM(1,PL)	ardoiseren
ardoiser	V;IND;PST;IPFV;NOM(2,PL)	ardoisertet
ardoiser	V;IND;PST;IPFV;NOM(3,SG)	ardoisers
ardoiser	V;IND;PST;PFV;NOM(3,PL)	ardoiseren
ardoiser	V;POS;IMP;NOM(2,SG)	ardoisers
ardoiser	V;SBJV;PRS;NOM(1,SG)	ardoisers
ardoiser	V;SBJV;PRS;NOM(2,SG)	ardoisers
ardoiser	V;SBJV;PRS;NOM(3,SG)	ardoisers
ardoiser	V;SBJV;PST;NOM(1,PL)	ardoiserten
ardoiser	V;SBJV;PST;NOM(1,SG)	ardoisere
ardoiser	V;SBJV;PST;NOM(2,PL)	ardoisertet
ardoiser	V;SBJV;PST;NOM(3,SG)	ardoiseres
baptizer	V.PTCP;PST	baptizered
baptizer	V;COND;NOM(1,PL)	baptizer
baptizer	V;COND;NOM(1,SG)	baptizer
baptizer	V;COND;NOM(2,PL)	baptizers
baptizer	V;COND;NOM(2,SG)	baptizers
baptizer	V;COND;NOM(3,PL)	baptizers
baptizer	V;IND;FUT;NOM(1,SG)	baptizer
baptizer	V;IND;FUT;NOM(3,PL)	baptizers
baptizer	V;IND;FUT;NOM(3,SG)	baptizers
baptizer	V;IND;PRS;NOM(1,PL)	baptizer
baptizer	V;IND;PRS;NOM(1,SG)	baptizers
baptizer	V;IND;PRS;NOM(3,SG)	baptizers
baptizer	V;IND;PST;IPFV;NOM(2,SG)	baptizers
baptizer	V;IND;PST;IPFV;NOM(3,SG)	baptizers
baptizer	V;IND;PST;PFV;NOM(2,PL)	baptizertet
baptizer	V;IND;PST;PFV;NOM(3,SG)	baptizers
baptizer	V;POS;IMP;NOM(2,PL)	baptizer
baptizer	V;SBJV;PRS;NOM(2,PL)	baptizers
baptizer	V;SBJV;PRS;NOM(2,SG)	baptizers
baptizer	V;SBJV;PST;NOM(2,PL)	baptizertet
bourser	V.CVB;PRS	boursering
bourser	V.PTCP;PST	boursered
bourser	V;COND;NOM(1,PL)	bourser
bourser	V;COND;NOM(2,SG)	boursers
bourser	V;COND;NOM(3,SG)	boursers
bourser	V;IND;FUT;NOM(2,PL)	bourset
bourser	V;IND;FUT;NOM(2,SG)	boursers
bourser	V;IND;FUT;NOM(3,SG)	boursers
bourser	V;IND;PRS;NOM(1,PL)	bourser
bourser	V;IND;PST;IPFV;NOM(2,SG)	bourserest
bourser	V;IND;PST;IPFV;NOM(3,SG)	bourserte
bourser	V;IND;PST;PFV;NOM(1,SG)	boursere
bourser	V;IND;PST;PFV;NOM(2,SG)	boursertest
bourser	V;IND;PST;PFV;NOM(3,SG)	bourserte
bourser	V;SBJV;PRS;NOM(1,PL)	bourser
bourser	V;SBJV;PRS;NOM(1,SG)	boursers
bourser	V;SBJV;PRS;NOM(3,PL)	boursers
bourser	V;SBJV;PRS;NOM(3,SG)	boursers
bourser	V;SBJV;PST;NOM(2,SG)	bourserest
bourser	V;SBJV;PST;NOM(3,PL)	bourserten
calibrer	V;COND;NOM(1,PL)	calibrer
calibrer	V;COND;NOM(2,PL)	calibrers
calibrer	V;COND;NOM(2,SG)	calibrers
calibrer	V;COND;NOM(3,PL)	calibrers
calibrer	V;COND;NOM(3,SG)	calibrers
calibrer	V;IND;FUT;NOM(1,SG)	calibrer
calibrer	V;IND;FUT;NOM(2,PL)	calibrert
calibrer	V;IND;FUT;NOM(2,SG)	calibrer
calibrer	V;IND;PRS;NOM(2,SG)	calibrers
calibrer	V;IND;PRS;NOM(3,PL)	calibrers
calibrer	V;IND;PST;IPFV;NOM(1,PL)	calibreren
calibrer	V;IND;PST;PFV;NOM(1,PL)	calibreren
calibrer	V;IND;PST;PFV;NOM(3,PL)	calibreren
calibrer	V;IND;PST;PFV;NOM(3,SG)	calibrere
calibrer	V;POS;IMP;NOM(2,PL)	calibrer
calibrer	V;SBJV;PRS;NOM(1,SG)	calibrers
calibrer	V;SBJV;PRS;NOM(2,PL)	calibrers
calibrer	V;SBJV;PRS;NOM(2,SG)	calibrers
calibrer	V;SBJV;PST;NOM(2,PL)	calibrertet
calibrer	V;SBJV;PST;NOM(2,SG)	calibrerest
carencer	V.CVB;PRS	carencering
carencer	V;COND;NOM(1,PL)	carencer
carencer	V;COND;NOM(1,SG)	carencer
carencer	V;IND;FUT;NOM(2,PL)	carencert
carencer	V;IND;PRS;NOM(2,PL)	carencers
carencer	V;IND;PRS;NOM(2,SG)	carencers
carencer	V;IND;PRS;NOM(3,SG)	carencers
carencer	V;IND;PST;IPFV;NOM(2,PL)	carencertet
carencer	V;IND;PST;IPFV;NOM(2,SG)	carencerest
carencer	V;IND;PST;IPFV;NOM(3,PL)	carenceren
carencer	V;IND;PST;IPFV;NOM(3,SG)	carenceres
carencer	V;IND;PST;PFV;NOM(1,SG)	carencere
carencer	V;IND;PST;PFV;NOM(2,PL)	carencertet
carencer	V;IND;PST;PFV;NOM(3,SG)	carenceres
carencer	V;NFIN	carencer
carencer	V;POS;IMP;NOM(2,SG)	carencers
carencer	V;SBJV;PRS;NOM(1,PL)	carencers
carencer	V;SBJV;PST;NOM(1,PL)	carenceren
carencer	V;SBJV;PST;NOM(2,SG)	carencerest
carencer	V;SBJV;PST;NOM(3,SG)	carenceres
conclure	V.CVB;PRS	concluring
conclure	V.PTCP;PRS	concluring
conclure	V.PTCP;PST	conclured
conclure	V;COND;NOM(2,PL)	conclures
conclure	V;COND;NOM(2,SG)	conclures
conclure	V;IND;FUT;NOM(3,PL)	conclures
conclure	V;IND;PRS;NOM(2,PL)	conclures
conclure	V;IND;PRS;NOM(3,PL)	conclures
conclure	V;IND;PST;IPFV;NOM(1,PL)	conclured
conclure	V;IND;PST;IPFV;NOM(2,PL)	conclured
conclure	V;IND;PST;IPFV;NOM(2,SG)	conclures
conclure	V;IND;PST;IPFV;NOM(3,PL)	conclured
conclure	V;IND;PST;IPFV;NOM(3,SG)	conclures
conclure	V;IND;PST;PFV;NOM(1,PL)	conclured
conclure	V;IND;PST;PFV;NOM(2,PL)	concluret
conclure	V;POS;IMP;NOM(2,PL)	conclured
conclure	V;POS;IMP;NOM(2,SG)	conclures
conclure	V;SBJV;PRS;NOM(1,SG)	conclures
conclure	V;SBJV;PRS;NOM(3,SG)	conclures
conclure	V;SBJV;PST;NOM(2,SG)	conclures
congeler	V.PTCP;PST	congelered
congeler	V;COND;NOM(2,PL)	congelert
congeler	V;COND;NOM(3,PL)	congelers
congeler	V;IND;FUT;NOM(1,PL)	congeler
congeler	V;IND;FUT;NOM(2,SG)	congeler
congeler	V;IND;PRS;NOM(1,PL)	congeler
congeler	V;IND;PRS;NOM(3,PL)	congelers
congeler	V;IND;PRS;NOM(3,SG)	congelers
congeler	V;IND;PST;IPFV;NOM(1,PL)	congelerten
congeler	V;IND;PST;IPFV;NOM(1,SG)	congelere
congeler	V;IND;PST;IPFV;NOM(2,PL)	congelertet
congeler	V;IND;PST;IPFV;NOM(2,SG)	congelerest
congeler	V;IND;PST;IPFV;NOM(3,PL)	congelerten
congeler	V;IND;PST;IPFV;NOM(3,SG)	congelerte
congeler	V;IND;PST;PFV;NOM(2,SG)	congelerest
congeler	V;POS;IMP;NOM(2,SG)	congelers
congeler	V;SBJV;PRS;NOM(2,PL)	congeleret
congeler	V;SBJV;PST;NOM(1,PL)	congeleten
congeler	V;SBJV;PST;NOM(1,SG)	congelete
congeler	V;SBJV;PST;NOM(2,SG)	congeletest
deviser	V;COND;NOM(1,SG)	deviser
deviser	V;COND;NOM(2,SG)	devisers
deviser	V;COND;NOM(3,SG)	devisers
deviser	V;IND;FUT;NOM(2,PL)	devisert
deviser	V;IND;FUT;NOM(2,SG)	devisers
deviser	V;IND;PRS;NOM(1,SG)	devisers
deviser	V;IND;PRS;NOM(3,SG)	devisers
deviser	V;IND;PST;IPFV;NOM(2,PL)	devisertet
deviser	V;IND;PST;IPFV;NOM(2,SG)	devisers
deviser	V;IND;PST;IPFV;NOM(3,PL)	deviseren
deviser	V;IND;PST;PFV;NOM(2,PL)	devisertet
deviser	V;IND;PST;PFV;NOM(2,SG)	devisers
deviser	V;IND;PST;PFV;NOM(3,PL)	deviseren
deviser	V;NFIN	deviser
deviser	V;POS;IMP;NOM(1,PL)	deviser
deviser	V;POS;IMP;NOM(2,SG)	devisers
deviser	V;SBJV;PRS;NOM(1,SG)	devisers
deviser	V;SBJV;PST;NOM(1,PL)	deviseren
deviser	V;SBJV;PST;NOM(2,SG)	deviserest
deviser	V;SBJV;PST;NOM(3,SG)	deviseres
décevoir	V.PTCP;PRS	décevoiring
décevoir	V.PTCP;PST	décevoired
décevoir	V;COND;NOM(3,PL)	décevoire
décevoir	V;COND;NOM(3,SG)	décevoirs
décevoir	V;IND;FUT;NOM(3,SG)	décevoirs
décevoir	V;IND;PRS;NOM(1,PL)	décevoire
décevoir	V;IND;PRS;NOM(2,SG)	décevoirs
décevoir	V;IND;PST;IPFV;NOM(1,PL)	décevoiren
décevoir	V;IND;PST;IPFV;NOM(2,SG)	décevoirest
décevoir	V;IND;PST;IPFV;NOM(3,SG)	décevoires
décevoir	V;IND;PST;PFV;NOM(3,SG)	décevoires
décevoir	V;POS;IMP;NOM(2,SG)	décevoirs
décevoir	V;SBJV;PRS;NOM(1,PL)	décevoire
décevoir	V;SBJV;PRS;NOM(2,PL)	décevoiret
décevoir	V;SBJV;PRS;NOM(2,SG)	décevoires
décevoir	V;SBJV;PRS;NOM(3,PL)	décevoire
décevoir	V;SBJV;PST;NOM(1,PL)	décevoiren
décevoir	V;SBJV;PST;NOM(2,SG)	décevoirest
décevoir	V;SBJV;PST;NOM(3,PL)	décevoiren
décevoir	V;SBJV;PST;NOM(3,SG)	décevoires
dégoiser	V.PTCP;PRS	dégoisering
dégoiser	V.PTCP;PST	dégoisered
dégoiser	V;COND;NOM(1,SG)	dégoiser
dégoiser	V;COND;NOM(3,PL)	dégoisers
dégoiser	V;COND;NOM(3,SG)	dégoisers
dégoiser	V;IND;FUT;NOM(1,SG)	dégoiser
dégoiser	V;IND;FUT;NOM(2,PL)	dégoisert
dégoiser	V;IND;PRS;NOM(1,PL)	dégoiser
dégoiser	V;IND;PRS;NOM(2,SG)	dégoisest
dégoiser	V;IND;PRS;NOM(3,SG)	dégoisers
dégoiser	V;IND;PST;IPFV;NOM(1,PL)	dégoiserten
dégoiser	V;IND;PST;IPFV;NOM(1,SG)	dégoisere
dégoiser	V;IND;PST;PFV;NOM(1,PL)	dégoiserten
dégoiser	V;IND;PST;PFV;NOM(2,PL)	dégoisertet
dégoiser	V;IND;PST;PFV;NOM(2,SG)	dégoisertest
dégoiser	V;SBJV;PRS;NOM(1,PL)	dégoiser
dégoiser	V;SBJV;PRS;NOM(2,PL)	dégoiseret
dégoiser	V;SBJV;PRS;NOM(3,SG)	dégoisers
dégoiser	V;SBJV;PST;NOM(1,PL)	dégoiserten
dégoiser	V;SBJV;PST;NOM(2,PL)	dégoisertet
dépoétiser	V.CVB;PRS	dépoétisering
dépoétiser	V.PTCP;PRS	dépoétisering
dépoétiser	V;COND;NOM(1,SG)	dépoétiser
dépoétiser	V;COND;NOM(2,SG)	dépoétisers
dépoétiser	V;COND;NOM(3,SG)	dépoétisers
dépoétiser	V;IND;FUT;NOM(1,PL)	dépoétiser
dépoétiser	V;IND;FUT;NOM(2,PL)	dépoétiset
dépoétiser	V;IND;FUT;NOM(3,PL)	dépoétiser
dépoétiser	V;IND;FUT;NOM(3,SG)	dépoétisers
dépoétiser	V;IND;PST;IPFV;NOM(1,SG)	dépoétiser
dépoétiser	V;IND;PST;IPFV;NOM(3,PL)	dépoétiserten
dépoétiser	V;IND;PST;PFV;NOM(2,PL)	dépoétisertet
dépoétiser	V;IND;PST;PFV;NOM(2,SG)	dépoétisers
dépoétiser	V;IND;PST;PFV;NOM(3,PL)	dépoétiserten
dépoétiser	V;POS;IMP;NOM(2,PL)	dépoétiset
dépoétiser	V;SBJV;PRS;NOM(1,SG)	dépoétisers
dépoétiser	V;SBJV;PRS;NOM(2,PL)	dépoétiser
dépoétiser	V;SBJV;PRS;NOM(3,SG)	dépoétisers
dépoétiser	V;SBJV;PST;NOM(1,SG)	dépoétisere
dépoétiser	V;SBJV;PST;NOM(2,PL)	dépoétisetet
désescalader	V.CVB;PRS	désescaladering
désescalader	V.PTCP;PRS	désescaladering
désescalader	V.PTCP;PST	désescaladered
désescalader	V;COND;NOM(2,PL)	désescaladert
désescalader	V;COND;NOM(3,PL)	désescaladers
désescalader	V;COND;NOM(3,SG)	désescaladers
désescalader	V;IND;FUT;NOM(2,SG)	désescalader
désescalader	V;IND;FUT;NOM(3,SG)	désescaladers
désescalader	V;IND;PRS;NOM(1,PL)	désescalader
désescalader	V;IND;PRS;NOM(1,SG)	désescaladers
désescalader	V;IND;PST;IPFV;NOM(1,PL)	désescaladerten
désescalader	V;IND;PST;IPFV;NOM(2,PL)	désescaladertet
désescalader	V;IND;PST;PFV;NOM(1,SG)	désescaladere
désescalader	V;IND;PST;PFV;NOM(2,PL)	désescaladertet
désescalader	V;IND;PST;PFV;NOM(2,SG)	désescaladertest
désescalader	V;IND;PST;PFV;NOM(3,SG)	désescaladerte
désescalader	V;SBJV;PRS;NOM(1,PL)	désescaladers
désescalader	V;SBJV;PRS;NOM(2,SG)	désescaladers
désescalader	V;SBJV;PRS;NOM(3,SG)	désescaladers
désescalader	V;SBJV;PST;NOM(1,PL)	désescaladerten
embraser	V.CVB;PRS	embrasering
embraser	V.PTCP;PRS	embrasering
embraser	V.PTCP;PST	embrasered
embraser	V;COND;NOM(1,SG)	embraser
embraser	V;COND;NOM(2,PL)	embraser
embraser	V;COND;NOM(3,SG)	embrasers
embraser	V;IND;FUT;NOM(2,SG)	embrasers
embraser	V;IND;FUT;NOM(3,PL)	embrasers
embraser	V;IND;PRS;NOM(1,PL)	embraser
embraser	V;IND;PRS;NOM(2,PL)	embrasers
embraser	V;IND;PRS;NOM(3,PL)	embrasers
embraser	V;IND;PST;IPFV;NOM(3,PL)	embraseren
embraser	V;IND;PST;IPFV;NOM(3,SG)	embrasers
embraser	V;IND;PST;PFV;NOM(2,PL)	embrasertet
embraser	V;POS;IMP;NOM(2,SG)	embrasers
embraser	V;SBJV;PRS;NOM(2,PL)	embrasers
embraser	V;SBJV;PRS;NOM(3,SG)	embrasers
embraser	V;SBJV;PST;NOM(2,PL)	embraseret
embraser	V;SBJV;PST;NOM(3,PL)	embraseren
embraser	V;SBJV;PST;NOM(3,SG)	embraseres
encenser	V.CVB;PRS	encensering
encenser	V.PTCP;PRS	encensering
encenser	V.PTCP;PST	encensered
encenser	V;COND;NOM(2,SG)	encensers
encenser	V;IND;FUT;NOM(1,SG)	encenser
encenser	V;IND;FUT;NOM(2,SG)	encensers
encenser	V;IND;FUT;NOM(3,PL)	encensers
encenser	V;IND;PRS;NOM(1,PL)	encenser
encenser	V;IND;PRS;NOM(1,SG)	encensers
encenser	V;IND;PRS;NOM(3,PL)	encensers
encenser	V;IND;PRS;NOM(3,SG)	encensers
encenser	V;IND;PST;IPFV;NOM(2,PL)	encensertet
encenser	V;IND;PST;IPFV;NOM(3,PL)	encenseren
encenser	V;POS;IMP;NOM(1,PL)	encenser
encenser	V;SBJV;PRS;NOM(1,SG)	encensers
encenser	V;SBJV;PRS;NOM(2,SG)	encensers
encenser	V;SBJV;PRS;NOM(3,PL)	encensers
encenser	V;SBJV;PST;NOM(1,PL)	encenserten
encenser	V;SBJV;PST;NOM(2,SG)	encenserest
encenser	V;SBJV;PST;NOM(3,SG)	encenseres
ensabler	V.CVB;PRS	ensablering
ensabler	V;COND;NOM(1,SG)	ensabler
ensabler	V;IND;FUT;NOM(1,PL)	ensabler
ensabler	V;IND;FUT;NOM(2,SG)	ensablers
ensabler	V;IND;FUT;NOM(3,SG)	ensablers
ensabler	V;IND;PRS;NOM(2,SG)	ensablers
ensabler	V;IND;PRS;NOM(3,PL)	ensablers
ensabler	V;IND;PRS;NOM(3,SG)	ensablers
ensabler	V;IND;PST;IPFV;NOM(1,PL)	ensableren
ensabler	V;IND;PST;IPFV;NOM(1,SG)	ensablere
ensabler	V;IND;PST;IPFV;NOM(3,PL)	ensableren
ensabler	V;IND;PST;IPFV;NOM(3,SG)	ensablerte
ensabler	V;IND;PST;PFV;NOM(1,SG)	ensablere
ensabler	V;IND;PST;PFV;NOM(2,PL)	ensablertet
ensabler	V;IND;PST;PFV;NOM(2,SG)	ensablerest
ensabler	V;IND;PST;PFV;NOM(3,PL)	ensableren
ensabler	V;SBJV;PRS;NOM(1,PL)	ensablers
ensabler	V;SBJV;PRS;NOM(2,SG)	ensablers
ensabler	V;SBJV;PST;NOM(2,PL)	ensablertet
ensabler	V;SBJV;PST;NOM(3,SG)	ensableres
eriger	V.PTCP;PST	erigered
eriger	V;COND;NOM(2,PL)	eriget
eriger	V;COND;NOM(3,PL)	erigern
eriger	V;IND;FUT;NOM(1,SG)	eriger
eriger	V;IND;FUT;NOM(2,SG)	erigtest
eriger	V;IND;FUT;NOM(3,PL)	erigten
eriger	V;IND;PRS;NOM(2,PL)	eriget
eriger	V;IND;PRS;NOM(2,SG)	erigest
eriger	V;IND;PRS;NOM(3,PL)	erigern
eriger	V;IND;PST;IPFV;NOM(2,PL)	erigtet
eriger	V;IND;PST;PFV;NOM(1,PL)	erigten
eriger	V;IND;PST;PFV;NOM(2,PL)	erigtet
eriger	V;IND;PST;PFV;NOM(3,PL)	erigten
eriger	V;IND;PST;PFV;NOM(3,SG)	erigte
eriger	V;POS;IMP;NOM(1,PL)	erigern
eriger	V;POS;IMP;NOM(2,PL)	eriget
eriger	V;POS;IMP;NOM(2,SG)	erigers
eriger	V;SBJV;PRS;NOM(1,SG)	erigere
eriger	V;SBJV;PRS;NOM(2,SG)	erigers
eriger	V;SBJV;PRS;NOM(3,SG)	erigers
farter	V.CVB;PRS	fartering
farter	V;COND;NOM(1,SG)	farter
farter	V;COND;NOM(2,PL)	fartert
farter	V;COND;NOM(2,SG)	farters
farter	V;COND;NOM(3,PL)	farters
farter	V;COND;NOM(3,SG)	farters
farter	V;IND;FUT;NOM(1,SG)	farter
farter	V;IND;FUT;NOM(2,PL)	fartert
farter	V;IND;PRS;NOM(1,PL)	farteren
farter	V;IND;PRS;NOM(1,SG)	farters
farter	V;IND;PRS;NOM(2,SG)	farters
farter	V;IND;PST;IPFV;NOM(3,SG)	farteres
farter	V;IND;PST;PFV;NOM(1,PL)	farteren
farter	V;POS;IMP;NOM(1,PL)	farteren
farter	V;SBJV;PRS;NOM(1,PL)	farters
farter	V;SBJV;PRS;NOM(1,SG)	farters
farter	V;SBJV;PRS;NOM(2,SG)	farters
farter	V;SBJV;PST;NOM(2,PL)	fartertet
farter	V;SBJV;PST;NOM(2,SG)	farterest
farter	V;SBJV;PST;NOM(3,PL)	farterten
fissionner	V.CVB;PRS	fissionnering
fissionner	V.PTCP;PRS	fissionnering
fissionner	V;COND;NOM(1,PL)	fissionner
fissionner	V;IND;FUT;NOM(2,PL)	fissionnert
fissionner	V;IND;FUT;NOM(3,SG)	fissionners
fissionner	V;IND;PRS;NOM(2,PL)	fissionners
fissionner	V;IND;PST;IPFV;NOM(1,PL)	fissionneren
fissionner	V;IND;PST;IPFV;NOM(1,SG)	fissionnere
fissionner	V;IND;PST;IPFV;NOM(2,PL)	fissionnertet
fissionner	V;IND;PST;PFV;NOM(1,PL)	fissionneren
fissionner	V;IND;PST;PFV;NOM(1,SG)	fissionnere
fissionner	V;IND;PST;PFV;NOM(2,SG)	fissionners
fissionner	V;IND;PST;PFV;NOM(3,SG)	fissionners
fissionner	V;POS;IMP;NOM(1,PL)	fissionner
fissionner	V;POS;IMP;NOM(2,SG)	fissionners
fissionner	V;SBJV;PRS;NOM(1,PL)	fissionner
fissionner	V;SBJV;PRS;NOM(1,SG)	fissionners
fissionner	V;SBJV;PRS;NOM(3,PL)	fissionners
fissionner	V;SBJV;PRS;NOM(3,SG)	fissionners
fissionner	V;SBJV;PST;NOM(2,PL)	fissionnertet
grattouiller	V.CVB;PRS	grattouillering
grattouiller	V;COND;NOM(1,PL)	grattouiller
grattouiller	V;COND;NOM(1,SG)	grattouiller
grattouiller	V;COND;NOM(3,PL)	grattouiller
grattouiller	V;COND;NOM(3,SG)	grattouillers
grattouiller	V;IND;FUT;NOM(3,PL)	grattouiller
grattouiller	V;IND;FUT;NOM(3,SG)	grattouillers
grattouiller	V;IND;PRS;NOM(2,SG)	grattouillest
grattouiller	V;IND;PST;IPFV;NOM(1,SG)	grattouillerte
grattouiller	V;IND;PST;PFV;NOM(1,SG)	grattouillere
grattouiller	V;IND;PST;PFV;NOM(2,PL)	grattouillertet
grattouiller	V;IND;PST;PFV;NOM(2,SG)	grattouillertest
grattouiller	V;POS;IMP;NOM(1,PL)	grattouiller
grattouiller	V;POS;IMP;NOM(2,SG)	grattouillers
grattouiller	V;SBJV;PRS;NOM(1,PL)	grattouiller
grattouiller	V;SBJV;PRS;NOM(3,SG)	grattouillers
grattouiller	V;SBJV;PST;NOM(1,PL)	grattouillerten
grattouiller	V;SBJV;PST;NOM(1,SG)	grattouillerte
grattouiller	V;SBJV;PST;NOM(2,PL)	grattouillertet
grattouiller	V;SBJV;PST;NOM(3,SG)	grattouillerte
génuflexionner	V;COND;NOM(1,PL)	génuflexionner
génuflexionner	V;COND;NOM(1,SG)	génuflexionner
génuflexionner	V;IND;FUT;NOM(1,PL)	génuflexionner
génuflexionner	V;IND;FUT;NOM(3,SG)	génuflexionners
génuflexionner	V;IND;PRS;NOM(1,SG)	génuflexionners
génuflexionner	V;IND;PRS;NOM(2,PL)	génuflexionner
génuflexionner	V;IND;PRS;NOM(2,SG)	génuflexionnest
génuflexionner	V;IND;PRS;NOM(3,PL)	génuflexionners
génuflexionner	V;IND;PST;IPFV;NOM(3,PL)	génuflexionnerten
génuflexionner	V;IND;PST;PFV;NOM(1,PL)	génuflexionneren
génuflexionner	V;IND;PST;PFV;NOM(2,PL)	génuflexionnertet
génuflexionner	V;IND;PST;PFV;NOM(3,SG)	génuflexionners
génuflexionner	V;POS;IMP;NOM(1,PL)	génuflexionner
génuflexionner	V;POS;IMP;NOM(2,PL)	génuflexionnert
génuflexionner	V;SBJV;PRS;NOM(1,PL)	génuflexionner
génuflexionner	V;SBJV;PRS;NOM(2,SG)	génuflexionners
génuflexionner	V;SBJV;PST;NOM(1,PL)	génuflexionnerten
génuflexionner	V;SBJV;PST;NOM(2,PL)	génuflexionnertet
génuflexionner	V;SBJV;PST;NOM(3,PL)	génuflexionnerten
génuflexionner	V;SBJV;PST;NOM(3,SG)	génuflexionnere
haitier	V.PTCP;PRS	haitiering
haitier	V.PTCP;PST	haitiered
haitier	V;COND;NOM(2,PL)	haitiert
haitier	V;COND;NOM(3,PL)	haitieren
haitier	V;IND;FUT;NOM(1,SG)	haitier
haitier	V;IND;FUT;NOM(2,PL)	haitiert
haitier	V;IND;PRS;NOM(1,PL)	haitieren
haitier	V;IND;PRS;NOM(2,SG)	haitiers
haitier	V;IND;PST;IPFV;NOM(3,SG)	haitierte
haitier	V;IND;PST;PFV;NOM(1,SG)	haitierte
haitier	V;IND;PST;PFV;NOM(2,SG)	haitiertest
haitier	V;IND;PST;PFV;NOM(3,SG)	haitierte
haitier	V;NFIN	haitier
haitier	V;POS;IMP;NOM(2,PL)	haitiert
haitier	V;SBJV;PRS;NOM(1,SG)	haitiers
haitier	V;SBJV;PRS;NOM(3,SG)	haitiers
haitier	V;SBJV;PST;NOM(1,PL)	haitierten
haitier	V;SBJV;PST;NOM(1,SG)	haitierte
haitier	V;SBJV;PST;NOM(3,PL)	haitierten
haitier	V;SBJV;PST;NOM(3,SG)	haitierte
hyperlier	V.CVB;PRS	hyperliering
hyperlier	V.PTCP;PST	hyperliered
hyperlier	V;COND;NOM(1,PL)	hyperlieren
hyperlier	V;COND;NOM(2,SG)	hyperliers
hyperlier	V;COND;NOM(3,PL)	hyperlieren
hyperlier	V;IND;FUT;NOM(1,SG)	hyperlier
hyperlier	V;IND;FUT;NOM(2,PL)	hyperliert
hyperlier	V;IND;FUT;NOM(3,PL)	hyperlieren
hyperlier	V;IND;PRS;NOM(2,PL)	hyperliert
hyperlier	V;IND;PRS;NOM(2,SG)	hyperliers
hyperlier	V;IND;PST;IPFV;NOM(1,SG)	hyperliere
hyperlier	V;IND;PST;PFV;NOM(1,SG)	hyperliere
hyperlier	V;IND;PST;PFV;NOM(2,SG)	hyperliertest
hyperlier	V;IND;PST;PFV;NOM(3,PL)	hyperlierten
hyperlier	V;NFIN	hyperlier
hyperlier	V;POS;IMP;NOM(2,SG)	hyperliers
hyperlier	V;SBJV;PRS;NOM(2,PL)	hyperlieret
hyperlier	V;SBJV;PRS;NOM(3,PL)	hyperliers
hyperlier	V;SBJV;PST;NOM(1,PL)	hyperlierten
hyperlier	V;SBJV;PST;NOM(3,PL)	hyperlierten
induire	V.CVB;PRS	induiring
induire	V.PTCP;PRS	induiring
induire	V;COND;NOM(1,PL)	induiren
induire	V;COND;NOM(2,SG)	induires
induire	V;IND;FUT;NOM(1,PL)	induiren
induire	V;IND;FUT;NOM(1,SG)	induire
induire	V;IND;FUT;NOM(2,SG)	induires
induire	V;IND;FUT;NOM(3,PL)	induiren
induire	V;IND;PRS;NOM(3,SG)	induires
induire	V;IND;PST;IPFV;NOM(1,PL)	induiren
induire	V;IND;PST;IPFV;NOM(2,PL)	induiret
induire	V;IND;PST;IPFV;NOM(3,SG)	induires
induire	V;IND;PST;PFV;NOM(2,PL)	induiret
induire	V;IND;PST;PFV;NOM(2,SG)	induires
induire	V;POS;IMP;NOM(2,PL)	induiret
induire	V;POS;IMP;NOM(2,SG)	induires
induire	V;SBJV;PRS;NOM(1,PL)	induiren
induire	V;SBJV;PRS;NOM(3,PL)	induiren
induire	V;SBJV;PRS;NOM(3,SG)	induires
induire	V;SBJV;PST;NOM(2,PL)	induiret
lesser	V.PTCP;PST	lessered
lesser	V;COND;NOM(2,PL)	lessert
lesser	V;COND;NOM(2,SG)	lessers
lesser	V;COND;NOM(3,PL)	lessers
lesser	V;COND;NOM(3,SG)	lessers
lesser	V;IND;FUT;NOM(1,PL)	lesser
lesser	V;IND;FUT;NOM(2,PL)	lessert
lesser	V;IND;FUT;NOM(2,SG)	lessers
lesser	V;IND;FUT;NOM(3,PL)	lessers
lesser	V;IND;FUT;NOM(3,SG)	lessers
lesser	V;IND;PRS;NOM(3,PL)	lessers
lesser	V;IND;PRS;NOM(3,SG)	lessers
lesser	V;IND;PST;IPFV;NOM(1,SG)	lessere
lesser	V;IND;PST;IPFV;NOM(3,PL)	lesseren
lesser	V;IND;PST;IPFV;NOM(3,SG)	lesseres
lesser	V;IND;PST;PFV;NOM(2,PL)	lessertet
lesser	V;IND;PST;PFV;NOM(3,SG)	lessers
lesser	V;SBJV;PRS;NOM(2,SG)	lessers
lesser	V;SBJV;PST;NOM(2,SG)	lesserest
lesser	V;SBJV;PST;NOM(3,PL)	lesseren
lyncher	V;COND;NOM(1,SG)	lyncher
lyncher	V;COND;NOM(3,SG)	lynchers
lyncher	V;IND;FUT;NOM(3,SG)	lynchers
lyncher	V;IND;PRS;NOM(1,SG)	lynchers
lyncher	V;IND;PRS;NOM(2,PL)	lynchers
lyncher	V;IND;PRS;NOM(3,PL)	lynchers
lyncher	V;IND;PRS;NOM(3,SG)	lynchers
lyncher	V;IND;PST;IPFV;NOM(1,PL)	lyncherten
lyncher	V;IND;PST;IPFV;NOM(2,PL)	lynchertet
lyncher	V;IND;PST;IPFV;NOM(2,SG)	lynchertest
lyncher	V;IND;PST;IPFV;NOM(3,SG)	lyncherte
lyncher	V;IND;PST;PFV;NOM(1,PL)	lyncherten
lyncher	V;IND;PST;PFV;NOM(2,PL)	lynchertet
lyncher	V;IND;PST;PFV;NOM(2,SG)	lynchertest
lyncher	V;IND;PST;PFV;NOM(3,SG)	lyncherte
lyncher	V;NFIN	lyncher
lyncher	V;POS;IMP;NOM(2,PL)	lynchert
lyncher	V;POS;IMP;NOM(2,SG)	lynchers
lyncher	V;SBJV;PST;NOM(1,PL)	lyncherten
lyncher	V;SBJV;PST;NOM(2,PL)	lynchertet
maillocher	V;COND;NOM(1,SG)	maillocher
maillocher	V;COND;NOM(2,SG)	maillochers
maillocher	V;COND;NOM(3,PL)	maillocher
maillocher	V;IND;FUT;NOM(3,SG)	maillochte
maillocher	V;IND;PST;IPFV;NOM(1,SG)	maillochte
maillocher	V;IND;PST;IPFV;NOM(3,SG)	maillochte
maillocher	V;IND;PST;PFV;NOM(2,SG)	maillochtest
maillocher	V;IND;PST;PFV;NOM(3,PL)	maillochten
maillocher	V;IND;PST;PFV;NOM(3,SG)	maillochte
maillocher	V;NFIN	maillocher
maillocher	V;POS;IMP;NOM(1,PL)	maillocher
maillocher	V;POS;IMP;NOM(2,PL)	maillochet
maillocher	V;POS;IMP;NOM(2,SG)	maillochers
maillocher	V;SBJV;PRS;NOM(1,SG)	maillocher
maillocher	V;SBJV;PRS;NOM(2,PL)	maillocher
maillocher	V;SBJV;PRS;NOM(2,SG)	maillochers
maillocher	V;SBJV;PRS;NOM(3,PL)	maillocher
maillocher	V;SBJV;PST;NOM(1,PL)	maillochten
maillocher	V;SBJV;PST;NOM(2,PL)	maillochtet
maillocher	V;SBJV;PST;NOM(3,SG)	maillochte
mercyer	V.PTCP;PRS	mercyering
mercyer	V.PTCP;PST	mercyered
mercyer	V;IND;FUT;NOM(2,PL)	mercyert
mercyer	V;IND;FUT;NOM(2,SG)	mercyer
mercyer	V;IND;FUT;NOM(3,PL)	mercyers
mercyer	V;IND;FUT;NOM(3,SG)	mercyers
mercyer	V;IND;PRS;NOM(1,SG)	mercyers
mercyer	V;IND;PRS;NOM(2,SG)	mercyers
mercyer	V;IND;PRS;NOM(3,SG)	mercyers
mercyer	V;IND;PST;IPFV;NOM(1,SG)	mercyere
mercyer	V;IND;PST;IPFV;NOM(2,PL)	mercyertet
mercyer	V;IND;PST;PFV;NOM(3,PL)	mercyeren
mercyer	V;IND;PST;PFV;NOM(3,SG)	mercyers
mercyer	V;POS;IMP;NOM(2,SG)	mercyers
mercyer	V;SBJV;PRS;NOM(1,PL)	mercyers
mercyer	V;SBJV;PRS;NOM(2,SG)	mercyers
mercyer	V;SBJV;PRS;NOM(3,PL)	mercyers
mercyer	V;SBJV;PST;NOM(2,SG)	mercyerest
mercyer	V;SBJV;PST;NOM(3,PL)	mercyerten
mercyer	V;SBJV;PST;NOM(3,SG)	mercyerte
mithridatiser	V;COND;NOM(2,PL)	mithridatiset
mithridatiser	V;COND;NOM(2,SG)	mithridatisers
mithridatiser	V;COND;NOM(3,PL)	mithridatisers
mithridatiser	V;COND;NOM(3,SG)	mithridatisers
mithridatiser	V;IND;FUT;NOM(1,PL)	mithridatiser
mithridatiser	V;IND;PRS;NOM(1,SG)	mithridatisers
mithridatiser	V;IND;PST;IPFV;NOM(1,PL)	mithridatiseren
mithridatiser	V;IND;PST;IPFV;NOM(1,SG)	mithridatiser
mithridatiser	V;IND;PST;IPFV;NOM(2,SG)	mithridatisers
mithridatiser	V;IND;PST;IPFV;NOM(3,PL)	mithridatiseren
mithridatiser	V;IND;PST;PFV;NOM(1,SG)	mithridatiser
mithridatiser	V;IND;PST;PFV;NOM(2,PL)	mithridatisetet
mithridatiser	V;IND;PST;PFV;NOM(3,PL)	mithridatiseren
mithridatiser	V;IND;PST;PFV;NOM(3,SG)	mithridatisers
mithridatiser	V;NFIN	mithridatiser
mithridatiser	V;POS;IMP;NOM(2,PL)	mithridatiset
mithridatiser	V;SBJV;PRS;NOM(1,SG)	mithridatisers
mithridatiser	V;SBJV;PRS;NOM(3,SG)	mithridatisers
mithridatiser	V;SBJV;PST;NOM(1,SG)	mithridatisere
mithridatiser	V;SBJV;PST;NOM(2,PL)	mithridatisetet
narrer	V.CVB;PRS	narrering
narrer	V.PTCP;PRS	narrering
narrer	V;COND;NOM(2,SG)	narrers
narrer	V;COND;NOM(3,SG)	narrers
narrer	V;IND;FUT;NOM(1,SG)	narrer
narrer	V;IND;FUT;NOM(3,PL)	narrer
narrer	V;IND;PRS;NOM(1,SG)	narrers
narrer	V;IND;PRS;NOM(2,PL)	narret
narrer	V;IND;PRS;NOM(3,PL)	narrers
narrer	V;IND;PST;IPFV;NOM(3,PL)	narrten
narrer	V;IND;PST;IPFV;NOM(3,SG)	narrte
narrer	V;IND;PST;PFV;NOM(1,PL)	narrten
narrer	V;IND;PST;PFV;NOM(1,SG)	narrte
narrer	V;IND;PST;PFV;NOM(3,PL)	narrten
narrer	V;POS;IMP;NOM(2,PL)	narret
narrer	V;SBJV;PRS;NOM(1,PL)	narrer
narrer	V;SBJV;PRS;NOM(1,SG)	narrers
narrer	V;SBJV;PRS;NOM(2,PL)	narrer
narrer	V;SBJV;PST;NOM(1,PL)	narrten
narrer	V;SBJV;PST;NOM(3,PL)	narrten
parachever	V.PTCP;PST	parachevered
parachever	V;COND;NOM(1,SG)	parachever
parachever	V;COND;NOM(3,SG)	parachevers
parachever	V;IND;FUT;NOM(1,PL)	parachevere
parachever	V;IND;FUT;NOM(3,PL)	parachevers
parachever	V;IND;FUT;NOM(3,SG)	parachevers
parachever	V;IND;PRS;NOM(3,PL)	parachevers
parachever	V;IND;PST;IPFV;NOM(3,PL)	paracheverten
parachever	V;IND;PST;IPFV;NOM(3,SG)	paracheverte
parachever	V;IND;PST;PFV;NOM(1,PL)	paracheverten
parachever	V;IND;PST;PFV;NOM(1,SG)	paracheverte
parachever	V;IND;PST;PFV;NOM(2,PL)	parachevertet
parachever	V;NFIN	parachever
parachever	V;POS;IMP;NOM(2,PL)	parachevert
parachever	V;SBJV;PRS;NOM(1,PL)	parachevers
parachever	V;SBJV;PRS;NOM(2,PL)	paracheveret
parachever	V;SBJV;PRS;NOM(3,SG)	parachevers
parachever	V;SBJV;PST;NOM(2,PL)	parachevertet
parachever	V;SBJV;PST;NOM(2,SG)	parachevertest
parachever	V;SBJV;PST;NOM(3,SG)	paracheverte
rembourser	V.PTCP;PRS	remboursering
rembourser	V;COND;NOM(1,PL)	rembourser
rembourser	V;COND;NOM(1,SG)	rembourser
rembourser	V;COND;NOM(2,SG)	remboursers
rembourser	V;IND;FUT;NOM(1,PL)	rembourser
rembourser	V;IND;FUT;NOM(1,SG)	rembourser
rembourser	V;IND;FUT;NOM(2,PL)	rembourser
rembourser	V;IND;PRS;NOM(2,PL)	remboursers
rembourser	V;IND;PRS;NOM(3,SG)	remboursers
rembourser	V;IND;PST;IPFV;NOM(3,SG)	rembourserte
rembourser	V;IND;PST;PFV;NOM(1,PL)	rembourseren
rembourser	V;IND;PST;PFV;NOM(1,SG)	remboursere
rembourser	V;IND;PST;PFV;NOM(2,SG)	remboursers
rembourser	V;IND;PST;PFV;NOM(3,SG)	rembourserte
rembourser	V;POS;IMP;NOM(2,PL)	rembourser
rembourser	V;SBJV;PRS;NOM(1,PL)	rembourser
rembourser	V;SBJV;PRS;NOM(2,SG)	remboursers
rembourser	V;SBJV;PRS;NOM(3,PL)	remboursers
rembourser	V;SBJV;PRS;NOM(3,SG)	remboursers
rembourser	V;SBJV;PST;NOM(2,SG)	remboursertest
repeter	V.CVB;PRS	repetering
repeter	V.PTCP;PRS	repetering
repeter	V.PTCP;PST	repetered
repeter	V;COND;NOM(1,SG)	repeter
repeter	V;COND;NOM(2,PL)	repetert
repeter	V;COND;NOM(2,SG)	repeters
repeter	V;COND;NOM(3,PL)	repeters
repeter	V;IND;FUT;NOM(1,PL)	repeteren
repeter	V;IND;FUT;NOM(1,SG)	repeter
repeter	V;IND;PRS;NOM(2,SG)	repeters
repeter	V;IND;PRS;NOM(3,SG)	repeters
repeter	V;IND;PST;PFV;NOM(1,SG)	repetere
repeter	V;IND;PST;PFV;NOM(2,PL)	repetertet
repeter	V;IND;PST;PFV;NOM(2,SG)	repeterest
repeter	V;IND;PST;PFV;NOM(3,SG)	repeteres
repeter	V;NFIN	repeter
repeter	V;POS;IMP;NOM(2,SG)	repeters
repeter	V;SBJV;PRS;NOM(1,PL)	repeters
repeter	V;SBJV;PRS;NOM(2,PL)	repeteret
repeter	V;SBJV;PST;NOM(1,PL)	repeterten
reverser	V;COND;NOM(1,PL)	reverser
reverser	V;COND;NOM(2,PL)	reverser
reverser	V;COND;NOM(2,SG)	reversers
reverser	V;IND;FUT;NOM(2,PL)	reverser
reverser	V;IND;FUT;NOM(3,PL)	reversers
reverser	V;IND;FUT;NOM(3,SG)	reversers
reverser	V;IND;PRS;NOM(1,SG)	reversers
reverser	V;IND;PRS;NOM(2,PL)	reversers
reverser	V;IND;PRS;NOM(2,SG)	reversest
reverser	V;IND;PST;IPFV;NOM(2,PL)	reversertet
reverser	V;IND;PST;IPFV;NOM(3,PL)	reverseren
reverser	V;IND;PST;IPFV;NOM(3,SG)	reversers
reverser	V;IND;PST;PFV;NOM(1,PL)	reverseren
reverser	V;IND;PST;PFV;NOM(1,SG)	reversere
reverser	V;NFIN	reverser
reverser	V;POS;IMP;NOM(2,PL)	reverser
reverser	V;SBJV;PRS;NOM(3,PL)	reversers
reverser	V;SBJV;PRS;NOM(3,SG)	reversers
reverser	V;SBJV;PST;NOM(1,PL)	reverserten
reverser	V;SBJV;PST;NOM(3,SG)	reverseres
revisser	V.CVB;PRS	revissering
revisser	V.PTCP;PRS	revissering
revisser	V.PTCP;PST	revissered
revisser	V;COND;NOM(1,PL)	revisser
revisser	V;COND;NOM(2,SG)	revissers
revisser	V;COND;NOM(3,PL)	revissers
revisser	V;IND;PRS;NOM(1,PL)	revisser
revisser	V;IND;PRS;NOM(2,SG)	revissest
revisser	V;IND;PST;IPFV;NOM(1,PL)	revisserten
revisser	V;IND;PST;IPFV;NOM(1,SG)	revissere
revisser	V;IND;PST;IPFV;NOM(2,PL)	revissertet
revisser	V;IND;PST;PFV;NOM(2,PL)	revissertet
revisser	V;IND;PST;PFV;NOM(3,SG)	revisserte
revisser	V;NFIN	revisser
revisser	V;POS;IMP;NOM(1,PL)	revisser
revisser	V;SBJV;PRS;NOM(1,SG)	revissers
revisser	V;SBJV;PST;NOM(1,PL)	revisserten
revisser	V;SBJV;PST;NOM(1,SG)	revissere
revisser	V;SBJV;PST;NOM(2,PL)	revissertet
revisser	V;SBJV;PST;NOM(3,SG)	revisseres
rimailler	V.CVB;PRS	rimaillering
rimailler	V.PTCP;PST	rimaillered
rimailler	V;COND;NOM(1,PL)	rimailler
rimailler	V;COND;NOM(2,PL)	rimaillert
rimailler	V;IND;FUT;NOM(2,SG)	rimailler
rimailler	V;IND;PRS;NOM(1,PL)	rimailler
rimailler	V;IND;PRS;NOM(2,PL)	rimaillers
rimailler	V;IND;PRS;NOM(2,SG)	rimaillest
rimailler	V;IND;PRS;NOM(3,SG)	rimaillers
rimailler	V;IND;PST;IPFV;NOM(1,PL)	rimaillerten
rimailler	V;IND;PST;IPFV;NOM(1,SG)	rimaillere
rimailler	V;IND;PST;PFV;NOM(2,SG)	rimaillertest
rimailler	V;IND;PST;PFV;NOM(3,PL)	rimaillerten
rimailler	V;NFIN	rimailler
rimailler	V;POS;IMP;NOM(2,PL)	rimaillert
rimailler	V;POS;IMP;NOM(2,SG)	rimaillers
rimailler	V;SBJV;PRS;NOM(2,PL)	rimailleret
rimailler	V;SBJV;PRS;NOM(3,PL)	rimaillers
rimailler	V;SBJV;PST;NOM(1,SG)	rimaillerte
rimailler	V;SBJV;PST;NOM(2,PL)	rimaillertet
réouvrir	V.PTCP;PRS	réouvriring
réouvrir	V.PTCP;PST	réouvrired
réouvrir	V;COND;NOM(1,PL)	réouvrire
réouvrir	V;COND;NOM(1,SG)	réouvrir
réouvrir	V;COND;NOM(2,PL)	réouvrirt
réouvrir	V;COND;NOM(3,SG)	réouvrirs
réouvrir	V;IND;FUT;NOM(1,SG)	réouvrir
réouvrir	V;IND;FUT;NOM(3,PL)	réouvrire
réouvrir	V;IND;PRS;NOM(1,PL)	réouvrire
réouvrir	V;IND;PST;IPFV;NOM(2,SG)	réouvrirs
réouvrir	V;IND;PST;IPFV;NOM(3,SG)	réouvrirte
réouvrir	V;IND;PST;PFV;NOM(1,PL)	réouvriren
réouvrir	V;NFIN	réouvrir
réouvrir	V;SBJV;PRS;NOM(1,PL)	réouvrire
réouvrir	V;SBJV;PRS;NOM(1,SG)	réouvrire
réouvrir	V;SBJV;PRS;NOM(2,SG)	réouvrires
réouvrir	V;SBJV;PRS;NOM(3,PL)	réouvrire
réouvrir	V;SBJV;PST;NOM(1,PL)	réouvrirten
réouvrir	V;SBJV;PST;NOM(2,PL)	réouvrirtet
réouvrir	V;SBJV;PST;NOM(3,SG)	réouvrirte
sapurer	V.CVB;PRS	sapurering
sapurer	V.PTCP;PST	sapurered
sapurer	V;COND;NOM(3,PL)	sapurer
sapurer	V;COND;NOM(3,SG)	sapurers
sapurer	V;IND;FUT;NOM(1,SG)	sapurer
sapurer	V;IND;FUT;NOM(2,PL)	sapuret
sapurer	V;IND;FUT;NOM(2,SG)	sapurer
sapurer	V;IND;PRS;NOM(1,SG)	sapurers
sapurer	V;IND;PST;IPFV;NOM(1,PL)	sapurten
sapurer	V;IND;PST;IPFV;NOM(2,PL)	sapurtet
sapurer	V;IND;PST;IPFV;NOM(2,SG)	sapuretest
sapurer	V;IND;PST;PFV;NOM(2,PL)	sapurtet
sapurer	V;IND;PST;PFV;NOM(3,SG)	sapurete
sapurer	V;NFIN	sapurer
sapurer	V;POS;IMP;NOM(2,PL)	sapuret
sapurer	V;SBJV;PRS;NOM(1,PL)	sapurer
sapurer	V;SBJV;PRS;NOM(2,PL)	sapurer
sapurer	V;SBJV;PRS;NOM(3,SG)	sapurers
sapurer	V;SBJV;PST;NOM(2,PL)	sapurtet
sapurer	V;SBJV;PST;NOM(3,SG)	sapurete
satisfaire	V;COND;NOM(1,PL)	satisfairen
satisfaire	V;COND;NOM(1,SG)	satisfaire
satisfaire	V;IND;FUT;NOM(1,SG)	satisfaire
satisfaire	V;IND;FUT;NOM(2,PL)	satisfairet
satisfaire	V;IND;FUT;NOM(3,PL)	satisfairen
satisfaire	V;IND;FUT;NOM(3,SG)	satisfaires
satisfaire	V;IND;PRS;NOM(2,PL)	satisfairet
satisfaire	V;IND;PRS;NOM(2,SG)	satisfairs
satisfaire	V;IND;PRS;NOM(3,SG)	satisfaires
satisfaire	V;IND;PST;IPFV;NOM(1,PL)	satisfairen
satisfaire	V;IND;PST;IPFV;NOM(2,PL)	satisfairet
satisfaire	V;IND;PST;IPFV;NOM(3,PL)	satisfairen
satisfaire	V;IND;PST;IPFV;NOM(3,SG)	satisfaires
satisfaire	V;IND;PST;PFV;NOM(3,SG)	satisfaires
satisfaire	V;POS;IMP;NOM(1,PL)	satisfairen
satisfaire	V;POS;IMP;NOM(2,PL)	satisfairet
satisfaire	V;SBJV;PRS;NOM(1,SG)	satisfaires
satisfaire	V;SBJV;PRS;NOM(3,SG)	satisfaires
satisfaire	V;SBJV;PST;NOM(1,PL)	satisfairen
satisfaire	V;SBJV;PST;NOM(3,PL)	satisfairen
seiner	V.CVB;PRS	seinering
seiner	V.PTCP;PRS	seinering
seiner	V;COND;NOM(1,SG)	seiner
seiner	V;IND;FUT;NOM(2,PL)	seintet
seiner	V;IND;FUT;NOM(3,PL)	seinten
seiner	V;IND;PRS;NOM(1,SG)	seine
seiner	V;IND;PRS;NOM(2,PL)	seint
seiner	V;IND;PRS;NOM(3,SG)	seint
seiner	V;IND;PST;IPFV;NOM(1,SG)	seinte
seiner	V;IND;PST;IPFV;NOM(2,SG)	seintest
seiner	V;IND;PST;IPFV;NOM(3,PL)	seinten
seiner	V;IND;PST;IPFV;NOM(3,SG)	seinte
seiner	V;IND;PST;PFV;NOM(2,SG)	seintest
seiner	V;IND;PST;PFV;NOM(3,SG)	seinte
seiner	V;POS;IMP;NOM(2,PL)	seint
seiner	V;SBJV;PRS;NOM(2,PL)	seiner
seiner	V;SBJV;PRS;NOM(3,PL)	seiner
seiner	V;SBJV;PST;NOM(2,PL)	seintet
seiner	V;SBJV;PST;NOM(2,SG)	seintest
seiner	V;SBJV;PST;NOM(3,SG)	seinte
sevrer	V.CVB;PRS	sevrering
sevrer	V;COND;NOM(1,PL)	sevrer
sevrer	V;COND;NOM(1,SG)	sevrer
sevrer	V;COND;NOM(3,PL)	sevrers
sevrer	V;COND;NOM(3,SG)	sevrers
sevrer	V;IND;FUT;NOM(2,PL)	sevrert
sevrer	V;IND;PRS;NOM(1,SG)	sevrers
sevrer	V;IND;PRS;NOM(2,PL)	sevrert
sevrer	V;IND;PRS;NOM(3,PL)	sevrers
sevrer	V;IND;PRS;NOM(3,SG)	sevrers
sevrer	V;IND;PST;IPFV;NOM(2,SG)	sevrers
sevrer	V;IND;PST;IPFV;NOM(3,SG)	sevrerte
sevrer	V;IND;PST;PFV;NOM(1,PL)	sevreren
sevrer	V;IND;PST;PFV;NOM(3,SG)	sevrerte
sevrer	V;POS;IMP;NOM(2,PL)	sevrert
sevrer	V;SBJV;PRS;NOM(1,PL)	sevrer
sevrer	V;SBJV;PRS;NOM(3,PL)	sevrers
sevrer	V;SBJV;PST;NOM(1,PL)	sevrerten
sevrer	V;SBJV;PST;NOM(2,SG)	sevrertest
sevrer	V;SBJV;PST;NOM(3,PL)	sevrerten
surabonder	V;COND;NOM(1,PL)	surabondere
surabonder	V;COND;NOM(1,SG)	surabonder
surabonder	V;IND;FUT;NOM(1,PL)	surabonderen
surabonder	V;IND;FUT;NOM(2,PL)	surabondert
surabonder	V;IND;FUT;NOM(2,SG)	surabonders
surabonder	V;IND;PRS;NOM(1,PL)	surabonderen
surabonder	V;IND;PRS;NOM(3,PL)	surabonders
surabonder	V;IND;PST;IPFV;NOM(1,PL)	surabonderen
surabonder	V;IND;PST;IPFV;NOM(2,PL)	surabondertet
surabonder	V;IND;PST;PFV;NOM(1,PL)	surabonderen
surabonder	V;IND;PST;PFV;NOM(1,SG)	surabondere
surabonder	V;IND;PST;PFV;NOM(3,PL)	surabonderen
surabonder	V;NFIN	surabonder
surabonder	V;POS;IMP;NOM(1,PL)	surabonderen
surabonder	V;POS;IMP;NOM(2,SG)	surabonders
surabonder	V;SBJV;PRS;NOM(1,PL)	surabonders
surabonder	V;SBJV;PRS;NOM(1,SG)	surabonders
surabonder	V;SBJV;PRS;NOM(3,PL)	surabonders
surabonder	V;SBJV;PST;NOM(1,PL)	surabonderten
surabonder	V;SBJV;PST;NOM(2,PL)	surabondertet
tocquer	V.CVB;PRS	tocquering
tocquer	V.PTCP;PRS	tocquering
tocquer	V;COND;NOM(1,SG)	tocquer
tocquer	V;IND;FUT;NOM(1,PL)	tocquere
tocquer	V;IND;FUT;NOM(1,SG)	tocquer
tocquer	V;IND;FUT;NOM(3,PL)	tocquers
tocquer	V;IND;FUT;NOM(3,SG)	tocquers
tocquer	V;IND;PRS;NOM(3,PL)	tocquers
tocquer	V;IND;PST;IPFV;NOM(1,PL)	tocquerten
tocquer	V;IND;PST;IPFV;NOM(1,SG)	tocquerte
tocquer	V;IND;PST;IPFV;NOM(2,SG)	tocquertest
tocquer	V;IND;PST;IPFV;NOM(3,SG)	tocquerte
tocquer	V;IND;PST;PFV;NOM(1,SG)	tocquere
tocquer	V;IND;PST;PFV;NOM(3,PL)	tocquerten
tocquer	V;SBJV;PRS;NOM(1,PL)	tocquere
tocquer	V;SBJV;PST;NOM(1,PL)	tocquerten
tocquer	V;SBJV;PST;NOM(1,SG)	tocquerte
tocquer	V;SBJV;PST;NOM(2,PL)	tocquertet
tocquer	V;SBJV;PST;NOM(2,SG)	tocquertest
tocquer	V;SBJV;PST;NOM(3,SG)	tocquerte
transmettre	V.PTCP;PST	transmettred
transmettre	V;COND;NOM(3,SG)	transmettres
transmettre	V;IND;FUT;NOM(3,SG)	transmettres
transmettre	V;IND;PRS;NOM(2,SG)	transmettres
transmettre	V;IND;PST;IPFV;NOM(1,PL)	transmettren
transmettre	V;IND;PST;IPFV;NOM(1,SG)	transmettre
transmettre	V;IND;PST;IPFV;NOM(2,SG)	transmettrest
transmettre	V;IND;PST;IPFV;NOM(3,SG)	transmettres
transmettre	V;IND;PST;PFV;NOM(1,PL)	transmettren
transmettre	V;IND;PST;PFV;NOM(3,SG)	transmettres
transmettre	V;POS;IMP;NOM(1,PL)	transmettren
transmettre	V;POS;IMP;NOM(2,PL)	transmettret
transmettre	V;POS;IMP;NOM(2,SG)	transmettres
transmettre	V;SBJV;PRS;NOM(1,PL)	transmettren
transmettre	V;SBJV;PRS;NOM(1,SG)	transmettres
transmettre	V;SBJV;PRS;NOM(2,PL)	transmettret
transmettre	V;SBJV;PRS;NOM(3,SG)	transmettres
transmettre	V;SBJV;PST;NOM(1,PL)	transmettren
transmettre	V;SBJV;PST;NOM(3,PL)	transmettren
transmettre	V;SBJV;PST;NOM(3,SG)	transmettres
vociférer	V.CVB;PRS	vociférering
vociférer	V.PTCP;PST	vociférered
vociférer	V;COND;NOM(1,PL)	vociférer
vociférer	V;COND;NOM(2,SG)	vociférest
vociférer	V;COND;NOM(3,SG)	vociférers
vociférer	V;IND;FUT;NOM(1,PL)	vociférten
vociférer	V;IND;FUT;NOM(2,SG)	vocifértest
vociférer	V;IND;PRS;NOM(1,SG)	vocifére
vociférer	V;IND;PRS;NOM(3,SG)	vociférers
vociférer	V;IND;PST;IPFV;NOM(2,SG)	vocifértest
vociférer	V;IND;PST;IPFV;NOM(3,PL)	vociférten
vociférer	V;IND;PST;PFV;NOM(1,PL)	vociférten
vociférer	V;IND;PST;PFV;NOM(1,SG)	vociférte
vociférer	V;IND;PST;PFV;NOM(2,SG)	vocifértest
vociférer	V;IND;PST;PFV;NOM(3,PL)	vociférten
vociférer	V;POS;IMP;NOM(1,PL)	vociférer
vociférer	V;SBJV;PRS;NOM(2,PL)	vociférer
vociférer	V;SBJV;PST;NOM(1,PL)	vociférten
vociférer	V;SBJV;PST;NOM(3,PL)	vociférten
vociférer	V;SBJV;PST;NOM(3,SG)	vociférte
ébruiter	V;COND;NOM(1,PL)	ébruitern
ébruiter	V;COND;NOM(2,PL)	ébruitet
ébruiter	V;COND;NOM(2,SG)	ébruiters
ébruiter	V;IND;FUT;NOM(1,SG)	ébruiter
ébruiter	V;IND;PRS;NOM(1,SG)	ébruiter
ébruiter	V;IND;PRS;NOM(3,SG)	ébruiters
ébruiter	V;IND;PST;IPFV;NOM(1,SG)	ébruiterte
ébruiter	V;IND;PST;IPFV;NOM(2,PL)	ébruitetet
ébruiter	V;IND;PST;IPFV;NOM(3,PL)	ébruiterten
ébruiter	V;IND;PST;IPFV;NOM(3,SG)	ébruiterte
ébruiter	V;POS;IMP;NOM(2,PL)	ébruitet
ébruiter	V;POS;IMP;NOM(2,SG)	ébruiters
ébruiter	V;SBJV;PRS;NOM(1,PL)	ébruiter
ébruiter	V;SBJV;PRS;NOM(2,PL)	ébruiter
ébruiter	V;SBJV;PRS;NOM(3,PL)	ébruiter
ébruiter	V;SBJV;PRS;NOM(3,SG)	ébruiters
ébruiter	V;SBJV;PST;NOM(1,PL)	ébruiteten
ébruiter	V;SBJV;PST;NOM(2,SG)	ébruitetest
ébruiter	V;SBJV;PST;NOM(3,PL)	ébruiterten
ébruiter	V;SBJV;PST;NOM(3,SG)	ébruitete
accuracy:0.017