Βισάλτης	N;ACC(DU)	Βισάλτης
Βισάλτης	N;ACC(PL)	Βισάλτης
Βισάλτης	N;ACC(SG)	Βισάλτης
Βισάλτης	N;DAT(DU)	Βισάλτης
Βισάλτης	N;DAT(PL)	Βισάλτηςn
Βισάλτης	N;DAT(SG)	Βισάλτης
Βισάλτης	N;GEN(DU)	Βισάλτης
Βισάλτης	N;GEN(PL)	Βισάλτης
Βισάλτης	N;GEN(SG)	Βισάλτηςs
Βισάλτης	N;NOM(DU)	Βισάλτης
Βισάλτης	N;NOM(PL)	Βισάλτης
Βισάλτης	N;NOM(SG)	Βισάλτης
Βισάλτης	N;VOC(DU)	Βισάλτης
Βισάλτης	N;VOC(PL)	Βισάλτης
Βισάλτης	N;VOC(SG)	Βισάλτης
Μασσαλιώτης	N;ACC(DU)	Μασσαλιώτης
Μασσαλιώτης	N;ACC(PL)	Μασσαλιώτης
Μασσαλιώτης	N;ACC(SG)	Μασσαλιώτης
Μασσαλιώτης	N;DAT(DU)	Μασσαλιώτης
Μασσαλιώτης	N;DAT(PL)	Μασσαλιώτηςn
Μασσαλιώτης	N;DAT(SG)	Μασσαλιώτης
Μασσαλιώτης	N;GEN(DU)	Μασσαλιώτης
Μασσαλιώτης	N;GEN(PL)	Μασσαλιώτης
Μασσαλιώτης	N;GEN(SG)	Μασσαλιώτηςs
Μασσαλιώτης	N;NOM(DU)	Μασσαλιώτης
Μασσαλιώτης	N;NOM(PL)	Μασσαλιώτης
Μασσαλιώτης	N;NOM(SG)	Μασσαλιώτης
Μασσαλιώτης	N;VOC(DU)	Μασσαλιώτης
Μασσαλιώτης	N;VOC(PL)	Μασσαλιώτης
Μασσαλιώτης	N;VOC(SG)	Μασσαλιώτης
Μιθριακός	ADJ;ACC(DU;MASC)	Μιθριακός
Μιθριακός	ADJ;ACC(DU;NEUT)	Μιθριακός
Μιθριακός	ADJ;ACC(PL;FEM)	Μιθριακός
Μιθριακός	ADJ;ACC(PL;MASC)	Μιθριακός
Μιθριακός	ADJ;ACC(PL;NEUT)	Μιθριακός
Μιθριακός	ADJ;ACC(SG;FEM)	Μιθριακός
Μιθριακός	ADJ;DAT(DU;FEM)	Μιθριακός
Μιθριακός	ADJ;DAT(DU;MASC)	Μιθριακός
Μιθριακός	ADJ;DAT(PL;MASC)	Μιθριακός
Μιθριακός	ADJ;DAT(SG;FEM)	Μιθριακός
Μιθριακός	ADJ;DAT(SG;MASC)	Μιθριακός
Μιθριακός	ADJ;DAT(SG;NEUT)	Μιθριακός
Μιθριακός	ADJ;GEN(DU;FEM)	Μιθριακός
Μιθριακός	ADJ;GEN(DU;MASC)	Μιθριακός
Μιθριακός	ADJ;GEN(DU;NEUT)	Μιθριακός
Μιθριακός	ADJ;GEN(PL;MASC)	Μιθριακός
Μιθριακός	ADJ;GEN(PL;NEUT)	Μιθριακός
Μιθριακός	ADJ;GEN(SG;FEM)	Μιθριακός
Μιθριακός	ADJ;GEN(SG;MASC)	Μιθριακός
Μιθριακός	ADJ;GEN(SG;NEUT)	Μιθριακός
Μιθριακός	ADJ;NOM(DU;FEM)	Μιθριακός
Μιθριακός	ADJ;NOM(DU;MASC)	Μιθριακός
Μιθριακός	ADJ;NOM(DU;NEUT)	Μιθριακός
Μιθριακός	ADJ;NOM(PL;FEM)	Μιθριακός
Μιθριακός	ADJ;NOM(PL;MASC)	Μιθριακός
Μιθριακός	ADJ;NOM(PL;NEUT)	Μιθριακός
Μιθριακός	ADJ;NOM(SG;FEM)	Μιθριακός
Μιθριακός	ADJ;VOC(DU;MASC)	Μιθριακός
Μιθριακός	ADJ;VOC(PL;FEM)	Μιθριακός
Μιθριακός	ADJ;VOC(PL;NEUT)	Μιθριακός
Μιθριακός	ADJ;VOC(SG;FEM)	Μιθριακός
Μιθριακός	ADJ;VOC(SG;MASC)	Μιθριακός
Μιθριακός	ADJ;VOC(SG;NEUT)	Μιθριακός
αἴγιλος	N;ACC(DU)	αἴγιλος
αἴγιλος	N;ACC(PL)	αἴγιλος
αἴγιλος	N;ACC(SG)	αἴγιλος
αἴγιλος	N;DAT(DU)	αἴγιλος
αἴγιλος	N;DAT(PL)	αἴγιλοςn
αἴγιλος	N;DAT(SG)	αἴγιλος
αἴγιλος	N;GEN(DU)	αἴγιλος
αἴγιλος	N;GEN(PL)	αἴγιλος
αἴγιλος	N;GEN(SG)	αἴγιλος
αἴγιλος	N;NOM(DU)	αἴγιλος
αἴγιλος	N;NOM(PL)	αἴγιλος
αἴγιλος	N;NOM(SG)	αἴγιλος
αἴγιλος	N;VOC(DU)	αἴγιλος
αἴγιλος	N;VOC(PL)	αἴγιλος
αἴγιλος	N;VOC(SG)	αἴγιλος
αὔρα	N;ACC(DU)	αὔρα
αὔρα	N;ACC(PL)	αὔρά
αὔρα	N;ACC(SG)	αὔρα
αὔρα	N;DAT(DU)	αὔρα
αὔρα	N;DAT(PL)	αὔρά
αὔρα	N;DAT(SG)	αὔρα
αὔρα	N;GEN(DU)	αὔρα
αὔρα	N;GEN(PL)	αὔραe
αὔρα	N;GEN(SG)	αὔραs
αὔρα	N;NOM(DU)	αὔρα
αὔρα	N;NOM(PL)	αὔρά
αὔρα	N;NOM(SG)	αὔρα
αὔρα	N;VOC(DU)	αὔρα
αὔρα	N;VOC(PL)	αὔρά
αὔρα	N;VOC(SG)	αὔρα
βραχύτης	N;ACC(DU)	βραχύτης
βραχύτης	N;ACC(PL)	βραχύτης
βραχύτης	N;ACC(SG)	βραχύτης
βραχύτης	N;DAT(DU)	βραχύτης
βραχύτης	N;DAT(PL)	βραχύτηςn
βραχύτης	N;DAT(SG)	βραχύτης
βραχύτης	N;GEN(DU)	βραχύτης
βραχύτης	N;GEN(PL)	βραχύτης
βραχύτης	N;GEN(SG)	βραχύτης
βραχύτης	N;NOM(DU)	βραχύτης
βραχύτης	N;NOM(PL)	βραχύτης
βραχύτης	N;NOM(SG)	βραχύτης
βραχύτης	N;VOC(DU)	βραχύτης
βραχύτης	N;VOC(PL)	βραχύτης
βραχύτης	N;VOC(SG)	βραχύτης
γοεδνός	ADJ;ACC(DU;FEM)	γοεδνός
γοεδνός	ADJ;ACC(DU;NEUT)	γοεδνός
γοεδνός	ADJ;ACC(PL;FEM)	γοεδνός
γοεδνός	ADJ;ACC(PL;NEUT)	γοεδνός
γοεδνός	ADJ;ACC(SG;FEM)	γοεδνός
γοεδνός	ADJ;ACC(SG;NEUT)	γοεδνός
γοεδνός	ADJ;DAT(DU;MASC)	γοεδνός
γοεδνός	ADJ;DAT(DU;NEUT)	γοεδνός
γοεδνός	ADJ;DAT(PL;MASC)	γοεδνός
γοεδνός	ADJ;DAT(SG;FEM)	γοεδνός
γοεδνός	ADJ;DAT(SG;MASC)	γοεδνός
γοεδνός	ADJ;DAT(SG;NEUT)	γοεδνός
γοεδνός	ADJ;GEN(DU;MASC)	γοεδνός
γοεδνός	ADJ;GEN(DU;NEUT)	γοεδνός
γοεδνός	ADJ;GEN(PL;FEM)	γοεδνός
γοεδνός	ADJ;GEN(PL;MASC)	γοεδνός
γοεδνός	ADJ;GEN(SG;FEM)	γοεδνός
γοεδνός	ADJ;GEN(SG;MASC)	γοεδνός
γοεδνός	ADJ;GEN(SG;NEUT)	γοεδνός
γοεδνός	ADJ;NOM(DU;FEM)	γοεδνός
γοεδνός	ADJ;NOM(DU;NEUT)	γοεδνός
γοεδνός	ADJ;NOM(PL;FEM)	γοεδνός
γοεδνός	ADJ;NOM(PL;NEUT)	γοεδνός
γοεδνός	ADJ;NOM(SG;FEM)	γοεδνός
γοεδνός	ADJ;NOM(SG;MASC)	γοεδνός
γοεδνός	ADJ;VOC(DU;FEM)	γοεδνός
γοεδνός	ADJ;VOC(DU;NEUT)	γοεδνός
γοεδνός	ADJ;VOC(PL;FEM)	γοεδνός
γοεδνός	ADJ;VOC(PL;MASC)	γοεδνός
γοεδνός	ADJ;VOC(PL;NEUT)	γοεδνός
γοεδνός	ADJ;VOC(SG;FEM)	γοεδνός
γοεδνός	ADJ;VOC(SG;MASC)	γοεδνός
γοεδνός	ADJ;VOC(SG;NEUT)	γοεδνός
διθυμία	N;ACC(DU)	διθυμία
διθυμία	N;ACC(PL)	διθυμίαe
διθυμία	N;ACC(SG)	διθυμία
διθυμία	N;DAT(DU)	διθυμία
διθυμία	N;DAT(PL)	διθυμίαen
διθυμία	N;DAT(SG)	διθυμία
διθυμία	N;GEN(DU)	διθυμία
διθυμία	N;GEN(PL)	διθυμίαe
διθυμία	N;GEN(SG)	διθυμία
διθυμία	N;NOM(DU)	διθυμία
διθυμία	N;NOM(PL)	διθυμίαe
διθυμία	N;NOM(SG)	διθυμία
διθυμία	N;VOC(DU)	διθυμία
διθυμία	N;VOC(PL)	διθυμίαen
διθυμία	N;VOC(SG)	διθυμία
δορκάς	N;ACC(DU)	δορκάς
δορκάς	N;ACC(PL)	δορκάς
δορκάς	N;ACC(SG)	δορκάς
δορκάς	N;DAT(DU)	δορκάς
δορκάς	N;DAT(PL)	δορκάςn
δορκάς	N;DAT(SG)	δορκάς
δορκάς	N;GEN(DU)	δορκάς
δορκάς	N;GEN(PL)	δορκάς
δορκάς	N;GEN(SG)	δορκάςs
δορκάς	N;NOM(DU)	δορκάς
δορκάς	N;NOM(PL)	δορκάς
δορκάς	N;NOM(SG)	δορκάς
δορκάς	N;VOC(DU)	δορκάς
δορκάς	N;VOC(PL)	δορκάς
δορκάς	N;VOC(SG)	δορκάς
θήρα	N;ACC(DU)	θήρα
θήρα	N;ACC(PL)	θήραe
θήρα	N;ACC(SG)	θήρα
θήρα	N;DAT(DU)	θήρα
θήρα	N;DAT(PL)	θήραen
θήρα	N;DAT(SG)	θήρα
θήρα	N;GEN(DU)	θήραs
θήρα	N;GEN(PL)	θήραe
θήρα	N;GEN(SG)	θήραs
θήρα	N;NOM(DU)	θήρα
θήρα	N;NOM(PL)	θήραe
θήρα	N;NOM(SG)	θήρα
θήρα	N;VOC(DU)	θήρα
θήρα	N;VOC(PL)	θήράς
θήρα	N;VOC(SG)	θήρα
θρεπτικός	ADJ;ACC(DU;FEM)	θρεπτικός
θρεπτικός	ADJ;ACC(DU;MASC)	θρεπτικός
θρεπτικός	ADJ;ACC(DU;NEUT)	θρεπτικός
θρεπτικός	ADJ;ACC(PL;MASC)	θρεπτικός
θρεπτικός	ADJ;ACC(PL;NEUT)	θρεπτικός
θρεπτικός	ADJ;ACC(SG;FEM)	θρεπτικός
θρεπτικός	ADJ;ACC(SG;MASC)	θρεπτικός
θρεπτικός	ADJ;ACC(SG;NEUT)	θρεπτικός
θρεπτικός	ADJ;DAT(DU;FEM)	θρεπτικός
θρεπτικός	ADJ;DAT(DU;NEUT)	θρεπτικός
θρεπτικός	ADJ;DAT(PL;FEM)	θρεπτικός
θρεπτικός	ADJ;DAT(PL;NEUT)	θρεπτικός
θρεπτικός	ADJ;DAT(SG;FEM)	θρεπτικός
θρεπτικός	ADJ;DAT(SG;MASC)	θρεπτικός
θρεπτικός	ADJ;GEN(DU;NEUT)	θρεπτικός
θρεπτικός	ADJ;GEN(PL;MASC)	θρεπτικός
θρεπτικός	ADJ;GEN(PL;NEUT)	θρεπτικός
θρεπτικός	ADJ;GEN(SG;MASC)	θρεπτικός
θρεπτικός	ADJ;GEN(SG;NEUT)	θρεπτικός
θρεπτικός	ADJ;NOM(DU;MASC)	θρεπτικός
θρεπτικός	ADJ;NOM(DU;NEUT)	θρεπτικός
θρεπτικός	ADJ;NOM(PL;MASC)	θρεπτικός
θρεπτικός	ADJ;NOM(SG;NEUT)	θρεπτικός
θρεπτικός	ADJ;VOC(DU;FEM)	θρεπτικός
θρεπτικός	ADJ;VOC(DU;MASC)	θρεπτικός
θρεπτικός	ADJ;VOC(DU;NEUT)	θρεπτικός
θρεπτικός	ADJ;VOC(PL;FEM)	θρεπτικός
θρεπτικός	ADJ;VOC(PL;MASC)	θρεπτικός
θρεπτικός	ADJ;VOC(PL;NEUT)	θρεπτικός
θρεπτικός	ADJ;VOC(SG;FEM)	θρεπτικός
θρεπτικός	ADJ;VOC(SG;MASC)	θρεπτικός
θρεπτικός	ADJ;VOC(SG;NEUT)	θρεπτικός
θυγάτηρ	N;ACC(DU)	θυγάτηρ
θυγάτηρ	N;ACC(PL)	θυγάτηρ
θυγάτηρ	N;ACC(SG)	θυγάτηρ
θυγάτηρ	N;DAT(DU)	θυγάτηρ
θυγάτηρ	N;DAT(PL)	θυγάτηρn
θυγάτηρ	N;DAT(SG)	θυγάτηρ
θυγάτηρ	N;GEN(DU)	θυγάτηρs
θυγάτηρ	N;GEN(PL)	θυγάτηρe
θυγάτηρ	N;GEN(SG)	θυγάτηρs
θυγάτηρ	N;NOM(DU)	θυγάτηρ
θυγάτηρ	N;NOM(PL)	θυγάτηρe
θυγάτηρ	N;NOM(SG)	θυγάτηρ
θυγάτηρ	N;VOC(DU)	θυγάτηρ
θυγάτηρ	N;VOC(PL)	θυγάτηρ
θυγάτηρ	N;VOC(SG)	θυγάτηρ
καδμία	N;ACC(DU)	καδμία
καδμία	N;ACC(PL)	καδμίαe
καδμία	N;ACC(SG)	καδμία
καδμία	N;DAT(DU)	καδμία
καδμία	N;DAT(PL)	καδμίαen
καδμία	N;DAT(SG)	καδμία
καδμία	N;GEN(DU)	καδμία
καδμία	N;GEN(PL)	καδμίαe
καδμία	N;GEN(SG)	καδμία
καδμία	N;NOM(DU)	καδμία
καδμία	N;NOM(PL)	καδμίαe
καδμία	N;NOM(SG)	καδμία
καδμία	N;VOC(DU)	καδμία
καδμία	N;VOC(PL)	καδμίαen
καδμία	N;VOC(SG)	καδμία
κενταύριον	N;ACC(DU)	κενταύριον
κενταύριον	N;ACC(PL)	κενταύριον
κενταύριον	N;ACC(SG)	κενταύριον
κενταύριον	N;DAT(DU)	κενταύριον
κενταύριον	N;DAT(PL)	κενταύριονn
κενταύριον	N;DAT(SG)	κενταύριον
κενταύριον	N;GEN(DU)	κενταύριον
κενταύριον	N;GEN(PL)	κενταύριον
κενταύριον	N;GEN(SG)	κενταύριονs
κενταύριον	N;NOM(DU)	κενταύριον
κενταύριον	N;NOM(PL)	κενταύριον
κενταύριον	N;NOM(SG)	κενταύριον
κενταύριον	N;VOC(DU)	κενταύριον
κενταύριον	N;VOC(PL)	κενταύριον
κενταύριον	N;VOC(SG)	κενταύριον
κενός	ADJ;ACC(DU;FEM)	κενός
κενός	ADJ;ACC(DU;MASC)	κενός
κενός	ADJ;ACC(DU;NEUT)	κενός
κενός	ADJ;ACC(PL;FEM)	κενός
κενός	ADJ;ACC(PL;MASC)	κενός
κενός	ADJ;ACC(PL;NEUT)	κενός
κενός	ADJ;ACC(SG;FEM)	κενός
κενός	ADJ;ACC(SG;MASC)	κενός
κενός	ADJ;ACC(SG;NEUT)	κενός
κενός	ADJ;DAT(DU;FEM)	κενός
κενός	ADJ;DAT(DU;MASC)	κενός
κενός	ADJ;DAT(PL;FEM)	κενός
κενός	ADJ;DAT(PL;MASC)	κενός
κενός	ADJ;DAT(PL;NEUT)	κενός
κενός	ADJ;DAT(SG;MASC)	κενός
κενός	ADJ;DAT(SG;NEUT)	κενός
κενός	ADJ;GEN(DU;FEM)	κενός
κενός	ADJ;GEN(PL;FEM)	κενός
κενός	ADJ;GEN(PL;MASC)	κενός
κενός	ADJ;GEN(SG;NEUT)	κενός
κενός	ADJ;NOM(DU;FEM)	κενός
κενός	ADJ;NOM(DU;MASC)	κενός
κενός	ADJ;NOM(PL;NEUT)	κενός
κενός	ADJ;NOM(SG;FEM)	κενός
κενός	ADJ;NOM(SG;MASC)	κενός
κενός	ADJ;NOM(SG;NEUT)	κενός
κενός	ADJ;VOC(DU;FEM)	κενός
κενός	ADJ;VOC(DU;MASC)	κενός
κενός	ADJ;VOC(DU;NEUT)	κενός
κενός	ADJ;VOC(PL;MASC)	κενός
κενός	ADJ;VOC(PL;NEUT)	κενός
κενός	ADJ;VOC(SG;FEM)	κενός
κενός	ADJ;VOC(SG;MASC)	κενός
κωλόβαθρον	N;ACC(DU)	κωλόβαθρον
κωλόβαθρον	N;ACC(PL)	κωλόβαθρον
κωλόβαθρον	N;ACC(SG)	κωλόβαθρον
κωλόβαθρον	N;DAT(DU)	κωλόβαθρον
κωλόβαθρον	N;DAT(PL)	κωλόβαθρονn
κωλόβαθρον	N;DAT(SG)	κωλόβαθρον
κωλόβαθρον	N;GEN(DU)	κωλόβαθρον
κωλόβαθρον	N;GEN(PL)	κωλόβαθρον
κωλόβαθρον	N;GEN(SG)	κωλόβαθρονs
κωλόβαθρον	N;NOM(DU)	κωλόβαθρον
κωλόβαθρον	N;NOM(PL)	κωλόβαθρον
κωλόβαθρον	N;NOM(SG)	κωλόβαθρον
κωλόβαθρον	N;VOC(DU)	κωλόβαθρον
κωλόβαθρον	N;VOC(PL)	κωλόβαθρον
κωλόβαθρον	N;VOC(SG)	κωλόβαθρον
λειμώνιον	N;ACC(DU)	λειμώνιον
λειμώνιον	N;ACC(PL)	λειμώνιον
λειμώνιον	N;ACC(SG)	λειμώνιον
λειμώνιον	N;DAT(DU)	λειμώνιον
λειμώνιον	N;DAT(PL)	λειμώνιονn
λειμώνιον	N;DAT(SG)	λειμώνιον
λειμώνιον	N;GEN(DU)	λειμώνιον
λειμώνιον	N;GEN(PL)	λειμώνιον
λειμώνιον	N;GEN(SG)	λειμώνιονs
λειμώνιον	N;NOM(DU)	λειμώνιον
λειμώνιον	N;NOM(PL)	λειμώνιον
λειμώνιον	N;NOM(SG)	λειμώνιον
λειμώνιον	N;VOC(DU)	λειμώνιον
λειμώνιον	N;VOC(PL)	λειμώνιον
λειμώνιον	N;VOC(SG)	λειμώνιον
μελῳδία	N;ACC(DU)	μελῳδία
μελῳδία	N;ACC(PL)	μελῳδίαen
μελῳδία	N;ACC(SG)	μελῳδία
μελῳδία	N;DAT(DU)	μελῳδία
μελῳδία	N;DAT(PL)	μελῳδίαen
μελῳδία	N;DAT(SG)	μελῳδία
μελῳδία	N;GEN(DU)	μελῳδία
μελῳδία	N;GEN(PL)	μελῳδίαe
μελῳδία	N;GEN(SG)	μελῳδία
μελῳδία	N;NOM(DU)	μελῳδία
μελῳδία	N;NOM(PL)	μελῳδίαe
μελῳδία	N;NOM(SG)	μελῳδία
μελῳδία	N;VOC(DU)	μελῳδία
μελῳδία	N;VOC(PL)	μελῳδίαen
μελῳδία	N;VOC(SG)	μελῳδία
οἶνος	N;ACC(DU)	οἶνος
οἶνος	N;ACC(PL)	οἶνος
οἶνος	N;ACC(SG)	οἶνος
οἶνος	N;DAT(DU)	οἶνος
οἶνος	N;DAT(PL)	οἶνοςn
οἶνος	N;DAT(SG)	οἶνος
οἶνος	N;GEN(DU)	οἶνος
οἶνος	N;GEN(PL)	οἶνος
οἶνος	N;GEN(SG)	οἶνος
οἶνος	N;NOM(DU)	οἶνος
οἶνος	N;NOM(PL)	οἶνος
οἶνος	N;NOM(SG)	οἶνος
οἶνος	N;VOC(DU)	οἶνος
οἶνος	N;VOC(PL)	οἶνος
οἶνος	N;VOC(SG)	οἶνος
παλίμψηστος	ADJ;ACC(DU;FEM)	παλίμψηστος
παλίμψηστος	ADJ;ACC(DU;NEUT)	παλίμψηστος
παλίμψηστος	ADJ;ACC(PL;MASC)	παλίμψηστος
παλίμψηστος	ADJ;ACC(SG;FEM)	παλίμψηστος
παλίμψηστος	ADJ;ACC(SG;MASC)	παλίμψηστος
παλίμψηστος	ADJ;ACC(SG;NEUT)	παλίμψηστος
παλίμψηστος	ADJ;DAT(DU;FEM)	παλίμψηστος
παλίμψηστος	ADJ;DAT(DU;MASC)	παλίμψηστος
παλίμψηστος	ADJ;DAT(DU;NEUT)	παλίμψηστος
παλίμψηστος	ADJ;DAT(PL;MASC)	παλίμψηστος
παλίμψηστος	ADJ;DAT(PL;NEUT)	παλίμψηστος
παλίμψηστος	ADJ;DAT(SG;MASC)	παλίμψηστος
παλίμψηστος	ADJ;GEN(DU;FEM)	παλίμψηστος
παλίμψηστος	ADJ;GEN(DU;MASC)	παλίμψηστος
παλίμψηστος	ADJ;GEN(DU;NEUT)	παλίμψηστος
παλίμψηστος	ADJ;GEN(PL;FEM)	παλίμψηστος
παλίμψηστος	ADJ;GEN(PL;MASC)	παλίμψηστος
παλίμψηστος	ADJ;GEN(PL;NEUT)	παλίμψηστος
παλίμψηστος	ADJ;GEN(SG;FEM)	παλίμψηστος
παλίμψηστος	ADJ;GEN(SG;MASC)	παλίμψηστος
παλίμψηστος	ADJ;GEN(SG;NEUT)	παλίμψηστος
παλίμψηστος	ADJ;NOM(DU;NEUT)	παλίμψηστος
παλίμψηστος	ADJ;NOM(PL;FEM)	παλίμψηστος
παλίμψηστος	ADJ;NOM(PL;MASC)	παλίμψηστος
παλίμψηστος	ADJ;NOM(PL;NEUT)	παλίμψηστος
παλίμψηστος	ADJ;VOC(DU;FEM)	παλίμψηστος
παλίμψηστος	ADJ;VOC(DU;MASC)	παλίμψηστος
παλίμψηστος	ADJ;VOC(DU;NEUT)	παλίμψηστος
παλίμψηστος	ADJ;VOC(PL;MASC)	παλίμψηστος
παλίμψηστος	ADJ;VOC(PL;NEUT)	παλίμψηστος
παλίμψηστος	ADJ;VOC(SG;FEM)	παλίμψηστος
παλίμψηστος	ADJ;VOC(SG;MASC)	παλίμψηστος
παλίμψηστος	ADJ;VOC(SG;NEUT)	παλίμψηστος
παραλυτικός	ADJ;ACC(DU;FEM)	παραλυτικός
παραλυτικός	ADJ;ACC(DU;MASC)	παραλυτικός
παραλυτικός	ADJ;ACC(DU;NEUT)	παραλυτικός
παραλυτικός	ADJ;ACC(PL;FEM)	παραλυτικός
παραλυτικός	ADJ;ACC(PL;MASC)	παραλυτικός
παραλυτικός	ADJ;ACC(PL;NEUT)	παραλυτικός
παραλυτικός	ADJ;ACC(SG;FEM)	παραλυτικός
παραλυτικός	ADJ;ACC(SG;MASC)	παραλυτικός
παραλυτικός	ADJ;ACC(SG;NEUT)	παραλυτικός
παραλυτικός	ADJ;DAT(DU;FEM)	παραλυτικός
παραλυτικός	ADJ;DAT(DU;MASC)	παραλυτικός
παραλυτικός	ADJ;DAT(DU;NEUT)	παραλυτικός
παραλυτικός	ADJ;DAT(PL;FEM)	παραλυτικός
παραλυτικός	ADJ;DAT(PL;MASC)	παραλυτικός
παραλυτικός	ADJ;DAT(PL;NEUT)	παραλυτικός
παραλυτικός	ADJ;DAT(SG;FEM)	παραλυτικός
παραλυτικός	ADJ;DAT(SG;MASC)	παραλυτικός
παραλυτικός	ADJ;GEN(DU;FEM)	παραλυτικός
παραλυτικός	ADJ;GEN(PL;MASC)	παραλυτικός
παραλυτικός	ADJ;GEN(PL;NEUT)	παραλυτικός
παραλυτικός	ADJ;GEN(SG;FEM)	παραλυτικός
παραλυτικός	ADJ;GEN(SG;MASC)	παραλυτικός
παραλυτικός	ADJ;GEN(SG;NEUT)	παραλυτικός
παραλυτικός	ADJ;NOM(DU;FEM)	παραλυτικός
παραλυτικός	ADJ;NOM(DU;MASC)	παραλυτικός
παραλυτικός	ADJ;NOM(DU;NEUT)	παραλυτικός
παραλυτικός	ADJ;NOM(PL;FEM)	παραλυτικός
παραλυτικός	ADJ;NOM(SG;FEM)	παραλυτικός
παραλυτικός	ADJ;VOC(PL;FEM)	παραλυτικός
παραλυτικός	ADJ;VOC(PL;MASC)	παραλυτικός
παραλυτικός	ADJ;VOC(PL;NEUT)	παραλυτικός
παραλυτικός	ADJ;VOC(SG;FEM)	παραλυτικός
παραλυτικός	ADJ;VOC(SG;MASC)	παραλυτικός
ποτήριον	N;ACC(DU)	ποτήριον
ποτήριον	N;ACC(PL)	ποτήριον
ποτήριον	N;ACC(SG)	ποτήριον
ποτήριον	N;DAT(DU)	ποτήριον
ποτήριον	N;DAT(PL)	ποτήριονn
ποτήριον	N;DAT(SG)	ποτήριον
ποτήριον	N;GEN(DU)	ποτήριον
ποτήριον	N;GEN(PL)	ποτήριον
ποτήριον	N;GEN(SG)	ποτήριον
ποτήριον	N;NOM(DU)	ποτήριον
ποτήριον	N;NOM(PL)	ποτήριον
ποτήριον	N;NOM(SG)	ποτήριον
ποτήριον	N;VOC(DU)	ποτήριον
ποτήριον	N;VOC(PL)	ποτήριον
ποτήριον	N;VOC(SG)	ποτήριον
πτέρνη	N;ACC(DU)	πτέρνη
πτέρνη	N;ACC(PL)	πτέρνηe
πτέρνη	N;ACC(SG)	πτέρνη
πτέρνη	N;DAT(DU)	πτέρνη
πτέρνη	N;DAT(PL)	πτέρνηen
πτέρνη	N;DAT(SG)	πτέρνη
πτέρνη	N;GEN(DU)	πτέρνη
πτέρνη	N;GEN(PL)	πτέρνηe
πτέρνη	N;GEN(SG)	πτέρνη
πτέρνη	N;NOM(DU)	πτέρνη
πτέρνη	N;NOM(PL)	πτέρνηe
πτέρνη	N;NOM(SG)	πτέρνη
πτέρνη	N;VOC(DU)	πτέρνη
πτέρνη	N;VOC(PL)	πτέρνηe
πτέρνη	N;VOC(SG)	πτέρνη
πῆγμα	N;ACC(DU)	πῆγμα
πῆγμα	N;ACC(PL)	πῆγμαen
πῆγμα	N;ACC(SG)	πῆγμα
πῆγμα	N;DAT(DU)	πῆγμα
πῆγμα	N;DAT(PL)	πῆγμαen
πῆγμα	N;DAT(SG)	πῆγμα
πῆγμα	N;GEN(DU)	πῆγμα
πῆγμα	N;GEN(PL)	πῆγμαe
πῆγμα	N;GEN(SG)	πῆγμαs
πῆγμα	N;NOM(DU)	πῆγμα
πῆγμα	N;NOM(PL)	πῆγμαe
πῆγμα	N;NOM(SG)	πῆγμα
πῆγμα	N;VOC(DU)	πῆγμα
πῆγμα	N;VOC(PL)	πῆγμαen
πῆγμα	N;VOC(SG)	πῆγμα
σίραιον	N;ACC(DU)	σίραιον
σίραιον	N;ACC(PL)	σίραιον
σίραιον	N;ACC(SG)	σίραιον
σίραιον	N;DAT(DU)	σίραιον
σίραιον	N;DAT(PL)	σίραιονn
σίραιον	N;DAT(SG)	σίραιον
σίραιον	N;GEN(DU)	σίραιον
σίραιον	N;GEN(PL)	σίραιον
σίραιον	N;GEN(SG)	σίραιονs
σίραιον	N;NOM(DU)	σίραιον
σίραιον	N;NOM(PL)	σίραιον
σίραιον	N;NOM(SG)	σίραιον
σίραιον	N;VOC(DU)	σίραιον
σίραιον	N;VOC(PL)	σίραιον
σίραιον	N;VOC(SG)	σίραιον
σκέπη	N;ACC(DU)	σκέπη
σκέπη	N;ACC(PL)	σκέπηe
σκέπη	N;ACC(SG)	σκέπη
σκέπη	N;DAT(DU)	σκέπη
σκέπη	N;DAT(PL)	σκέπηen
σκέπη	N;DAT(SG)	σκέπη
σκέπη	N;GEN(DU)	σκέπη
σκέπη	N;GEN(PL)	σκέπηe
σκέπη	N;GEN(SG)	σκέπηs
σκέπη	N;NOM(DU)	σκέπη
σκέπη	N;NOM(PL)	σκέπηe
σκέπη	N;NOM(SG)	σκέπη
σκέπη	N;VOC(DU)	σκέπη
σκέπη	N;VOC(PL)	σκέπηe
σκέπη	N;VOC(SG)	σκέπη
σχόλιον	N;ACC(DU)	σχόλιον
σχόλιον	N;ACC(PL)	σχόλιον
σχόλιον	N;ACC(SG)	σχόλιον
σχόλιον	N;DAT(DU)	σχόλιον
σχόλιον	N;DAT(PL)	σχόλιονn
σχόλιον	N;DAT(SG)	σχόλιον
σχόλιον	N;GEN(DU)	σχόλιον
σχόλιον	N;GEN(PL)	σχόλιον
σχόλιον	N;GEN(SG)	σχόλιονs
σχόλιον	N;NOM(DU)	σχόλιον
σχόλιον	N;NOM(PL)	σχόλιον
σχόλιον	N;NOM(SG)	σχόλιον
σχόλιον	N;VOC(DU)	σχόλιον
σχόλιον	N;VOC(PL)	σχόλιον
σχόλιον	N;VOC(SG)	σχόλιον
τακτικός	ADJ;ACC(DU;FEM)	τακτικός
τακτικός	ADJ;ACC(DU;NEUT)	τακτικός
τακτικός	ADJ;ACC(PL;FEM)	τακτικός
τακτικός	ADJ;ACC(SG;FEM)	τακτικός
τακτικός	ADJ;ACC(SG;MASC)	τακτικός
τακτικός	ADJ;ACC(SG;NEUT)	τακτικός
τακτικός	ADJ;DAT(DU;FEM)	τακτικός
τακτικός	ADJ;DAT(DU;MASC)	τακτικός
τακτικός	ADJ;DAT(DU;NEUT)	τακτικός
τακτικός	ADJ;DAT(PL;FEM)	τακτικός
τακτικός	ADJ;DAT(PL;MASC)	τακτικός
τακτικός	ADJ;DAT(PL;NEUT)	τακτικός
τακτικός	ADJ;DAT(SG;FEM)	τακτικός
τακτικός	ADJ;DAT(SG;MASC)	τακτικός
τακτικός	ADJ;GEN(DU;FEM)	τακτικός
τακτικός	ADJ;GEN(PL;MASC)	τακτικός
τακτικός	ADJ;GEN(PL;NEUT)	τακτικός
τακτικός	ADJ;GEN(SG;FEM)	τακτικός
τακτικός	ADJ;GEN(SG;MASC)	τακτικός
τακτικός	ADJ;GEN(SG;NEUT)	τακτικός
τακτικός	ADJ;NOM(DU;FEM)	τακτικός
τακτικός	ADJ;NOM(DU;NEUT)	τακτικός
τακτικός	ADJ;NOM(PL;NEUT)	τακτικός
τακτικός	ADJ;NOM(SG;NEUT)	τακτικός
τακτικός	ADJ;VOC(DU;FEM)	τακτικός
τακτικός	ADJ;VOC(DU;MASC)	τακτικός
τακτικός	ADJ;VOC(DU;NEUT)	τακτικός
τακτικός	ADJ;VOC(PL;FEM)	τακτικός
τακτικός	ADJ;VOC(PL;MASC)	τακτικός
τακτικός	ADJ;VOC(PL;NEUT)	τακτικός
τακτικός	ADJ;VOC(SG;FEM)	τακτικός
τακτικός	ADJ;VOC(SG;MASC)	τακτικός
τακτικός	ADJ;VOC(SG;NEUT)	τακτικός
ταπεινός	ADJ;ACC(DU;FEM)	ταπεινός
ταπεινός	ADJ;ACC(DU;MASC)	ταπεινός
ταπεινός	ADJ;ACC(PL;MASC)	ταπεινός
ταπεινός	ADJ;ACC(PL;NEUT)	ταπεινός
ταπεινός	ADJ;ACC(SG;MASC)	ταπεινός
ταπεινός	ADJ;DAT(DU;FEM)	ταπεινός
ταπεινός	ADJ;DAT(DU;NEUT)	ταπεινός
ταπεινός	ADJ;DAT(PL;FEM)	ταπεινός
ταπεινός	ADJ;DAT(PL;MASC)	ταπεινός
ταπεινός	ADJ;DAT(SG;MASC)	ταπεινός
ταπεινός	ADJ;DAT(SG;NEUT)	ταπεινός
ταπεινός	ADJ;GEN(DU;FEM)	ταπεινός
ταπεινός	ADJ;GEN(DU;MASC)	ταπεινός
ταπεινός	ADJ;GEN(PL;FEM)	ταπεινός
ταπεινός	ADJ;GEN(SG;MASC)	ταπεινός
ταπεινός	ADJ;GEN(SG;NEUT)	ταπεινός
ταπεινός	ADJ;NOM(DU;FEM)	ταπεινός
ταπεινός	ADJ;NOM(DU;MASC)	ταπεινός
ταπεινός	ADJ;NOM(DU;NEUT)	ταπεινός
ταπεινός	ADJ;NOM(PL;FEM)	ταπεινός
ταπεινός	ADJ;NOM(PL;MASC)	ταπεινός
ταπεινός	ADJ;NOM(PL;NEUT)	ταπεινός
ταπεινός	ADJ;NOM(SG;FEM)	ταπεινός
ταπεινός	ADJ;NOM(SG;MASC)	ταπεινός
ταπεινός	ADJ;NOM(SG;NEUT)	ταπεινός
ταπεινός	ADJ;VOC(DU;FEM)	ταπεινός
ταπεινός	ADJ;VOC(DU;NEUT)	ταπεινός
ταπεινός	ADJ;VOC(PL;FEM)	ταπεινός
ταπεινός	ADJ;VOC(PL;MASC)	ταπεινός
ταπεινός	ADJ;VOC(PL;NEUT)	ταπεινός
ταπεινός	ADJ;VOC(SG;FEM)	ταπεινός
ταπεινός	ADJ;VOC(SG;MASC)	ταπεινός
ταπεινός	ADJ;VOC(SG;NEUT)	ταπεινός
ἀμέλεια	N;ACC(DU)	ἀμέλεια
ἀμέλεια	N;ACC(PL)	ἀμέλειαn
ἀμέλεια	N;ACC(SG)	ἀμέλεια
ἀμέλεια	N;DAT(DU)	ἀμέλεια
ἀμέλεια	N;DAT(PL)	ἀμέλειαn
ἀμέλεια	N;DAT(SG)	ἀμέλεια
ἀμέλεια	N;GEN(DU)	ἀμέλεια
ἀμέλεια	N;GEN(PL)	ἀμέλειαe
ἀμέλεια	N;GEN(SG)	ἀμέλεια
ἀμέλεια	N;NOM(DU)	ἀμέλεια
ἀμέλεια	N;NOM(PL)	ἀμέλεια
ἀμέλεια	N;NOM(SG)	ἀμέλεια
ἀμέλεια	N;VOC(DU)	ἀμέλεια
ἀμέλεια	N;VOC(PL)	ἀμέλειαn
ἀμέλεια	N;VOC(SG)	ἀμέλεια
ἀμβλυωπία	N;ACC(DU)	ἀμβλυωπία
ἀμβλυωπία	N;ACC(PL)	ἀμβλυωπίαe
ἀμβλυωπία	N;ACC(SG)	ἀμβλυωπία
ἀμβλυωπία	N;DAT(DU)	ἀμβλυωπία
ἀμβλυωπία	N;DAT(PL)	ἀμβλυωπίαen
ἀμβλυωπία	N;DAT(SG)	ἀμβλυωπία
ἀμβλυωπία	N;GEN(DU)	ἀμβλυωπία
ἀμβλυωπία	N;GEN(PL)	ἀμβλυωπίαe
ἀμβλυωπία	N;GEN(SG)	ἀμβλυωπίαs
ἀμβλυωπία	N;NOM(DU)	ἀμβλυωπία
ἀμβλυωπία	N;NOM(PL)	ἀμβλυωπίαe
ἀμβλυωπία	N;NOM(SG)	ἀμβλυωπία
ἀμβλυωπία	N;VOC(DU)	ἀμβλυωπία
ἀμβλυωπία	N;VOC(PL)	ἀμβλυωπίαen
ἀμβλυωπία	N;VOC(SG)	ἀμβλυωπία
ἀναστροφή	N;ACC(DU)	ἀναστροφή
ἀναστροφή	N;ACC(PL)	ἀναστροφήe
ἀναστροφή	N;ACC(SG)	ἀναστροφή
ἀναστροφή	N;DAT(DU)	ἀναστροφή
ἀναστροφή	N;DAT(PL)	ἀναστροφήen
ἀναστροφή	N;DAT(SG)	ἀναστροφή
ἀναστροφή	N;GEN(DU)	ἀναστροφή
ἀναστροφή	N;GEN(PL)	ἀναστροφήe
ἀναστροφή	N;GEN(SG)	ἀναστροφή
ἀναστροφή	N;NOM(DU)	ἀναστροφή
ἀναστροφή	N;NOM(PL)	ἀναστροφήe
ἀναστροφή	N;NOM(SG)	ἀναστροφή
ἀναστροφή	N;VOC(DU)	ἀναστροφή
ἀναστροφή	N;VOC(PL)	ἀναστροφήe
ἀναστροφή	N;VOC(SG)	ἀναστροφή
ἀντιστοιχία	N;ACC(DU)	ἀντιστοιχία
ἀντιστοιχία	N;ACC(PL)	ἀντιστοιχίαen
ἀντιστοιχία	N;ACC(SG)	ἀντιστοιχία
ἀντιστοιχία	N;DAT(DU)	ἀντιστοιχία
ἀντιστοιχία	N;DAT(PL)	ἀντιστοιχίαen
ἀντιστοιχία	N;DAT(SG)	ἀντιστοιχία
ἀντιστοιχία	N;GEN(DU)	ἀντιστοιχία
ἀντιστοιχία	N;GEN(PL)	ἀντιστοιχίαe
ἀντιστοιχία	N;GEN(SG)	ἀντιστοιχία
ἀντιστοιχία	N;NOM(DU)	ἀντιστοιχία
ἀντιστοιχία	N;NOM(PL)	ἀντιστοιχίαe
ἀντιστοιχία	N;NOM(SG)	ἀντιστοιχία
ἀντιστοιχία	N;VOC(DU)	ἀντιστοιχία
ἀντιστοιχία	N;VOC(PL)	ἀντιστοιχίαen
ἀντιστοιχία	N;VOC(SG)	ἀντιστοιχία
ἀξίνη	N;ACC(DU)	ἀξίνη
ἀξίνη	N;ACC(PL)	ἀξίνηe
ἀξίνη	N;ACC(SG)	ἀξίνη
ἀξίνη	N;DAT(DU)	ἀξίνη
ἀξίνη	N;DAT(PL)	ἀξίνηen
ἀξίνη	N;DAT(SG)	ἀξίνη
ἀξίνη	N;GEN(DU)	ἀξίνη
ἀξίνη	N;GEN(PL)	ἀξίνηe
ἀξίνη	N;GEN(SG)	ἀξίνηs
ἀξίνη	N;NOM(DU)	ἀξίνη
ἀξίνη	N;NOM(PL)	ἀξίνηe
ἀξίνη	N;NOM(SG)	ἀξίνη
ἀξίνη	N;VOC(DU)	ἀξίνη
ἀξίνη	N;VOC(PL)	ἀξίνηe
ἀξίνη	N;VOC(SG)	ἀξίνη
ἀρχισυνάγωγος	N;ACC(DU)	ἀρχισυνάγωγος
ἀρχισυνάγωγος	N;ACC(PL)	ἀρχισυνάγωγος
ἀρχισυνάγωγος	N;ACC(SG)	ἀρχισυνάγωγος
ἀρχισυνάγωγος	N;DAT(DU)	ἀρχισυνάγωγος
ἀρχισυνάγωγος	N;DAT(PL)	ἀρχισυνάγωγοςn
ἀρχισυνάγωγος	N;DAT(SG)	ἀρχισυνάγωγος
ἀρχισυνάγωγος	N;GEN(DU)	ἀρχισυνάγωγος
ἀρχισυνάγωγος	N;GEN(PL)	ἀρχισυνάγωγος
ἀρχισυνάγωγος	N;GEN(SG)	ἀρχισυνάγωγος
ἀρχισυνάγωγος	N;NOM(DU)	ἀρχισυνάγωγος
ἀρχισυνάγωγος	N;NOM(PL)	ἀρχισυνάγωγος
ἀρχισυνάγωγος	N;NOM(SG)	ἀρχισυνάγωγος
ἀρχισυνάγωγος	N;VOC(DU)	ἀρχισυνάγωγος
ἀρχισυνάγωγος	N;VOC(PL)	ἀρχισυνάγωγος
ἀρχισυνάγωγος	N;VOC(SG)	ἀρχισυνάγωγος
ἄφωνος	ADJ;ACC(PL;FEM)	ἄφωνος
ἄφωνος	ADJ;ACC(PL;MASC)	ἄφωνος
ἄφωνος	ADJ;ACC(PL;NEUT)	ἄφωνος
ἄφωνος	ADJ;ACC(SG;FEM)	ἄφωνος
ἄφωνος	ADJ;ACC(SG;NEUT)	ἄφωνος
ἄφωνος	ADJ;DAT(DU;FEM)	ἄφωνος
ἄφωνος	ADJ;DAT(DU;MASC)	ἄφωνος
ἄφωνος	ADJ;DAT(DU;NEUT)	ἄφωνος
ἄφωνος	ADJ;DAT(PL;FEM)	ἄφωνος
ἄφωνος	ADJ;DAT(PL;MASC)	ἄφωνος
ἄφωνος	ADJ;DAT(PL;NEUT)	ἄφωνος
ἄφωνος	ADJ;DAT(SG;FEM)	ἄφωνος
ἄφωνος	ADJ;DAT(SG;MASC)	ἄφωνος
ἄφωνος	ADJ;DAT(SG;NEUT)	ἄφωνος
ἄφωνος	ADJ;GEN(DU;FEM)	ἄφωνος
ἄφωνος	ADJ;GEN(PL;FEM)	ἄφωνος
ἄφωνος	ADJ;GEN(PL;MASC)	ἄφωνος
ἄφωνος	ADJ;GEN(PL;NEUT)	ἄφωνος
ἄφωνος	ADJ;GEN(SG;FEM)	ἄφωνος
ἄφωνος	ADJ;GEN(SG;MASC)	ἄφωνος
ἄφωνος	ADJ;NOM(DU;MASC)	ἄφωνος
ἄφωνος	ADJ;NOM(PL;FEM)	ἄφωνος
ἄφωνος	ADJ;NOM(PL;MASC)	ἄφωνος
ἄφωνος	ADJ;NOM(PL;NEUT)	ἄφωνος
ἄφωνος	ADJ;NOM(SG;FEM)	ἄφωνος
ἄφωνος	ADJ;NOM(SG;MASC)	ἄφωνος
ἄφωνος	ADJ;VOC(DU;FEM)	ἄφωνος
ἄφωνος	ADJ;VOC(DU;MASC)	ἄφωνος
ἄφωνος	ADJ;VOC(DU;NEUT)	ἄφωνος
ἄφωνος	ADJ;VOC(PL;MASC)	ἄφωνος
ἄφωνος	ADJ;VOC(PL;NEUT)	ἄφωνος
ἄφωνος	ADJ;VOC(SG;MASC)	ἄφωνος
ἄφωνος	ADJ;VOC(SG;NEUT)	ἄφωνος
Ἀβδηρίτης	N;ACC(DU)	Ἀβδηρίτης
Ἀβδηρίτης	N;ACC(PL)	Ἀβδηρίτης
Ἀβδηρίτης	N;ACC(SG)	Ἀβδηρίτης
Ἀβδηρίτης	N;DAT(DU)	Ἀβδηρίτης
Ἀβδηρίτης	N;DAT(PL)	Ἀβδηρίτηςn
Ἀβδηρίτης	N;DAT(SG)	Ἀβδηρίτης
Ἀβδηρίτης	N;GEN(DU)	Ἀβδηρίτης
Ἀβδηρίτης	N;GEN(PL)	Ἀβδηρίτης
Ἀβδηρίτης	N;GEN(SG)	Ἀβδηρίτηςs
Ἀβδηρίτης	N;NOM(DU)	Ἀβδηρίτης
Ἀβδηρίτης	N;NOM(PL)	Ἀβδηρίτης
Ἀβδηρίτης	N;NOM(SG)	Ἀβδηρίτης
Ἀβδηρίτης	N;VOC(DU)	Ἀβδηρίτης
Ἀβδηρίτης	N;VOC(PL)	Ἀβδηρίτης
Ἀβδηρίτης	N;VOC(SG)	Ἀβδηρίτης
Ἀσεάτης	N;ACC(DU)	Ἀσεάτης
Ἀσεάτης	N;ACC(PL)	Ἀσεάτης
Ἀσεάτης	N;ACC(SG)	Ἀσεάτης
Ἀσεάτης	N;DAT(DU)	Ἀσεάτης
Ἀσεάτης	N;DAT(PL)	Ἀσεάτηςn
Ἀσεάτης	N;DAT(SG)	Ἀσεάτης
Ἀσεάτης	N;GEN(PL)	Ἀσεάτης
Ἀσεάτης	N;GEN(SG)	Ἀσεάτης
Ἀσεάτης	N;NOM(DU)	Ἀσεάτης
Ἀσεάτης	N;NOM(PL)	Ἀσεάτης
Ἀσεάτης	N;NOM(SG)	Ἀσεάτης
Ἀσεάτης	N;VOC(DU)	Ἀσεάτης
Ἀσεάτης	N;VOC(PL)	Ἀσεάτης
Ἀσεάτης	N;VOC(SG)	Ἀσεάτης
ἐμπρακτικός	ADJ;ACC(DU;FEM)	ἐμπρακτικός
ἐμπρακτικός	ADJ;ACC(DU;MASC)	ἐμπρακτικός
ἐμπρακτικός	ADJ;ACC(DU;NEUT)	ἐμπρακτικός
ἐμπρακτικός	ADJ;ACC(PL;FEM)	ἐμπρακτικός
ἐμπρακτικός	ADJ;ACC(PL;MASC)	ἐμπρακτικός
ἐμπρακτικός	ADJ;ACC(PL;NEUT)	ἐμπρακτικός
ἐμπρακτικός	ADJ;ACC(SG;FEM)	ἐμπρακτικός
ἐμπρακτικός	ADJ;ACC(SG;MASC)	ἐμπρακτικός
ἐμπρακτικός	ADJ;DAT(DU;MASC)	ἐμπρακτικός
ἐμπρακτικός	ADJ;DAT(DU;NEUT)	ἐμπρακτικός
ἐμπρακτικός	ADJ;DAT(SG;FEM)	ἐμπρακτικός
ἐμπρακτικός	ADJ;DAT(SG;MASC)	ἐμπρακτικός
ἐμπρακτικός	ADJ;DAT(SG;NEUT)	ἐμπρακτικός
ἐμπρακτικός	ADJ;GEN(DU;FEM)	ἐμπρακτικός
ἐμπρακτικός	ADJ;GEN(DU;MASC)	ἐμπρακτικός
ἐμπρακτικός	ADJ;GEN(DU;NEUT)	ἐμπρακτικός
ἐμπρακτικός	ADJ;GEN(PL;FEM)	ἐμπρακτικός
ἐμπρακτικός	ADJ;GEN(PL;MASC)	ἐμπρακτικός
ἐμπρακτικός	ADJ;GEN(SG;MASC)	ἐμπρακτικός
ἐμπρακτικός	ADJ;GEN(SG;NEUT)	ἐμπρακτικός
ἐμπρακτικός	ADJ;NOM(DU;FEM)	ἐμπρακτικός
ἐμπρακτικός	ADJ;NOM(DU;MASC)	ἐμπρακτικός
ἐμπρακτικός	ADJ;NOM(PL;FEM)	ἐμπρακτικός
ἐμπρακτικός	ADJ;NOM(PL;MASC)	ἐμπρακτικός
ἐμπρακτικός	ADJ;NOM(PL;NEUT)	ἐμπρακτικός
ἐμπρακτικός	ADJ;NOM(SG;FEM)	ἐμπρακτικός
ἐμπρακτικός	ADJ;VOC(DU;FEM)	ἐμπρακτικός
ἐμπρακτικός	ADJ;VOC(DU;MASC)	ἐμπρακτικός
ἐμπρακτικός	ADJ;VOC(DU;NEUT)	ἐμπρακτικός
ἐμπρακτικός	ADJ;VOC(PL;MASC)	ἐμπρακτικός
ἐμπρακτικός	ADJ;VOC(PL;NEUT)	ἐμπρακτικός
ἐμπρακτικός	ADJ;VOC(SG;MASC)	ἐμπρακτικός
ἐμπρακτικός	ADJ;VOC(SG;NEUT)	ἐμπρακτικός
ἐξομολογητικός	ADJ;ACC(DU;MASC)	ἐξομολογητικός
ἐξομολογητικός	ADJ;ACC(DU;NEUT)	ἐξομολογητικός
ἐξομολογητικός	ADJ;ACC(PL;MASC)	ἐξομολογητικός
ἐξομολογητικός	ADJ;ACC(PL;NEUT)	ἐξομολογητικός
ἐξομολογητικός	ADJ;ACC(SG;FEM)	ἐξομολογητικός
ἐξομολογητικός	ADJ;ACC(SG;MASC)	ἐξομολογητικός
ἐξομολογητικός	ADJ;DAT(DU;MASC)	ἐξομολογητικός
ἐξομολογητικός	ADJ;DAT(DU;NEUT)	ἐξομολογητικός
ἐξομολογητικός	ADJ;DAT(PL;FEM)	ἐξομολογητικός
ἐξομολογητικός	ADJ;DAT(PL;MASC)	ἐξομολογητικός
ἐξομολογητικός	ADJ;DAT(PL;NEUT)	ἐξομολογητικός
ἐξομολογητικός	ADJ;DAT(SG;FEM)	ἐξομολογητικός
ἐξομολογητικός	ADJ;DAT(SG;MASC)	ἐξομολογητικός
ἐξομολογητικός	ADJ;DAT(SG;NEUT)	ἐξομολογητικός
ἐξομολογητικός	ADJ;GEN(DU;MASC)	ἐξομολογητικός
ἐξομολογητικός	ADJ;GEN(DU;NEUT)	ἐξομολογητικός
ἐξομολογητικός	ADJ;GEN(PL;MASC)	ἐξομολογητικός
ἐξομολογητικός	ADJ;GEN(PL;NEUT)	ἐξομολογητικός
ἐξομολογητικός	ADJ;GEN(SG;FEM)	ἐξομολογητικός
ἐξομολογητικός	ADJ;GEN(SG;MASC)	ἐξομολογητικός
ἐξομολογητικός	ADJ;NOM(DU;FEM)	ἐξομολογητικός
ἐξομολογητικός	ADJ;NOM(DU;MASC)	ἐξομολογητικός
ἐξομολογητικός	ADJ;NOM(DU;NEUT)	ἐξομολογητικός
ἐξομολογητικός	ADJ;NOM(PL;FEM)	ἐξομολογητικός
ἐξομολογητικός	ADJ;NOM(PL;NEUT)	ἐξομολογητικός
ἐξομολογητικός	ADJ;NOM(SG;NEUT)	ἐξομολογητικός
ἐξομολογητικός	ADJ;VOC(DU;FEM)	ἐξομολογητικός
ἐξομολογητικός	ADJ;VOC(DU;MASC)	ἐξομολογητικός
ἐξομολογητικός	ADJ;VOC(PL;FEM)	ἐξομολογητικός
ἐξομολογητικός	ADJ;VOC(PL;MASC)	ἐξομολογητικός
ἐξομολογητικός	ADJ;VOC(SG;FEM)	ἐξομολογητικός
ἐξομολογητικός	ADJ;VOC(SG;MASC)	ἐξομολογητικός
ἐξομολογητικός	ADJ;VOC(SG;NEUT)	ἐξομολογητικός
Ἑλληνικός	ADJ;ACC(DU;FEM)	Ἑλληνικός
Ἑλληνικός	ADJ;ACC(DU;NEUT)	Ἑλληνικός
Ἑλληνικός	ADJ;ACC(PL;FEM)	Ἑλληνικός
Ἑλληνικός	ADJ;ACC(PL;MASC)	Ἑλληνικός
Ἑλληνικός	ADJ;ACC(SG;MASC)	Ἑλληνικός
Ἑλληνικός	ADJ;ACC(SG;NEUT)	Ἑλληνικός
Ἑλληνικός	ADJ;DAT(DU;FEM)	Ἑλληνικός
Ἑλληνικός	ADJ;DAT(DU;MASC)	Ἑλληνικός
Ἑλληνικός	ADJ;DAT(DU;NEUT)	Ἑλληνικός
Ἑλληνικός	ADJ;DAT(PL;FEM)	Ἑλληνικός
Ἑλληνικός	ADJ;DAT(SG;NEUT)	Ἑλληνικός
Ἑλληνικός	ADJ;GEN(DU;FEM)	Ἑλληνικός
Ἑλληνικός	ADJ;GEN(DU;MASC)	Ἑλληνικός
Ἑλληνικός	ADJ;GEN(DU;NEUT)	Ἑλληνικός
Ἑλληνικός	ADJ;GEN(PL;FEM)	Ἑλληνικός
Ἑλληνικός	ADJ;GEN(PL;MASC)	Ἑλληνικός
Ἑλληνικός	ADJ;GEN(PL;NEUT)	Ἑλληνικός
Ἑλληνικός	ADJ;GEN(SG;MASC)	Ἑλληνικός
Ἑλληνικός	ADJ;GEN(SG;NEUT)	Ἑλληνικός
Ἑλληνικός	ADJ;NOM(DU;FEM)	Ἑλληνικός
Ἑλληνικός	ADJ;NOM(DU;MASC)	Ἑλληνικός
Ἑλληνικός	ADJ;NOM(DU;NEUT)	Ἑλληνικός
Ἑλληνικός	ADJ;NOM(PL;FEM)	Ἑλληνικός
Ἑλληνικός	ADJ;NOM(PL;MASC)	Ἑλληνικός
Ἑλληνικός	ADJ;NOM(PL;NEUT)	Ἑλληνικός
Ἑλληνικός	ADJ;NOM(SG;FEM)	Ἑλληνικός
Ἑλληνικός	ADJ;NOM(SG;MASC)	Ἑλληνικός
Ἑλληνικός	ADJ;NOM(SG;NEUT)	Ἑλληνικός
Ἑλληνικός	ADJ;VOC(DU;FEM)	Ἑλληνικός
Ἑλληνικός	ADJ;VOC(DU;MASC)	Ἑλληνικός
Ἑλληνικός	ADJ;VOC(DU;NEUT)	Ἑλληνικός
Ἑλληνικός	ADJ;VOC(PL;NEUT)	Ἑλληνικός
Ἑλληνικός	ADJ;VOC(SG;FEM)	Ἑλληνικός
Ἔλυμος	N;ACC(DU)	Ἔλυμος
Ἔλυμος	N;ACC(PL)	Ἔλυμος
Ἔλυμος	N;ACC(SG)	Ἔλυμος
Ἔλυμος	N;DAT(DU)	Ἔλυμος
Ἔλυμος	N;DAT(PL)	Ἔλυμοςn
Ἔλυμος	N;DAT(SG)	Ἔλυμος
Ἔλυμος	N;GEN(DU)	Ἔλυμος
Ἔλυμος	N;GEN(PL)	Ἔλυμος
Ἔλυμος	N;GEN(SG)	Ἔλυμος
Ἔλυμος	N;NOM(DU)	Ἔλυμος
Ἔλυμος	N;NOM(PL)	Ἔλυμος
Ἔλυμος	N;NOM(SG)	Ἔλυμος
Ἔλυμος	N;VOC(DU)	Ἔλυμος
Ἔλυμος	N;VOC(PL)	Ἔλυμος
Ἔλυμος	N;VOC(SG)	Ἔλυμος
ἡστικός	ADJ;ACC(DU;MASC)	ἡστικός
ἡστικός	ADJ;ACC(PL;FEM)	ἡστικός
ἡστικός	ADJ;ACC(PL;NEUT)	ἡστικός
ἡστικός	ADJ;ACC(SG;FEM)	ἡστικός
ἡστικός	ADJ;ACC(SG;MASC)	ἡστικός
ἡστικός	ADJ;ACC(SG;NEUT)	ἡστικός
ἡστικός	ADJ;DAT(DU;FEM)	ἡστικός
ἡστικός	ADJ;DAT(DU;MASC)	ἡστικός
ἡστικός	ADJ;DAT(DU;NEUT)	ἡστικός
ἡστικός	ADJ;DAT(PL;FEM)	ἡστικός
ἡστικός	ADJ;DAT(PL;MASC)	ἡστικός
ἡστικός	ADJ;DAT(PL;NEUT)	ἡστικός
ἡστικός	ADJ;DAT(SG;FEM)	ἡστικός
ἡστικός	ADJ;DAT(SG;NEUT)	ἡστικός
ἡστικός	ADJ;GEN(DU;MASC)	ἡστικός
ἡστικός	ADJ;GEN(DU;NEUT)	ἡστικός
ἡστικός	ADJ;GEN(PL;FEM)	ἡστικός
ἡστικός	ADJ;GEN(PL;NEUT)	ἡστικός
ἡστικός	ADJ;GEN(SG;MASC)	ἡστικός
ἡστικός	ADJ;NOM(DU;FEM)	ἡστικός
ἡστικός	ADJ;NOM(DU;MASC)	ἡστικός
ἡστικός	ADJ;NOM(DU;NEUT)	ἡστικός
ἡστικός	ADJ;NOM(PL;FEM)	ἡστικός
ἡστικός	ADJ;NOM(PL;MASC)	ἡστικός
ἡστικός	ADJ;NOM(PL;NEUT)	ἡστικός
ἡστικός	ADJ;NOM(SG;FEM)	ἡστικός
ἡστικός	ADJ;NOM(SG;NEUT)	ἡστικός
ἡστικός	ADJ;VOC(DU;MASC)	ἡστικός
ἡστικός	ADJ;VOC(DU;NEUT)	ἡστικός
ἡστικός	ADJ;VOC(PL;MASC)	ἡστικός
ἡστικός	ADJ;VOC(PL;NEUT)	ἡστικός
ἡστικός	ADJ;VOC(SG;MASC)	ἡστικός
ἡστικός	ADJ;VOC(SG;NEUT)	ἡστικός
Ἠπειρώτης	N;ACC(DU)	Ἠπειρώτης
Ἠπειρώτης	N;ACC(PL)	Ἠπειρώτης
Ἠπειρώτης	N;ACC(SG)	Ἠπειρώτης
Ἠπειρώτης	N;DAT(DU)	Ἠπειρώτης
Ἠπειρώτης	N;DAT(PL)	Ἠπειρώτηςn
Ἠπειρώτης	N;DAT(SG)	Ἠπειρώτης
Ἠπειρώτης	N;GEN(DU)	Ἠπειρώτης
Ἠπειρώτης	N;GEN(PL)	Ἠπειρώτης
Ἠπειρώτης	N;GEN(SG)	Ἠπειρώτηςs
Ἠπειρώτης	N;NOM(DU)	Ἠπειρώτης
Ἠπειρώτης	N;NOM(PL)	Ἠπειρώτης
Ἠπειρώτης	N;NOM(SG)	Ἠπειρώτης
Ἠπειρώτης	N;VOC(DU)	Ἠπειρώτης
Ἠπειρώτης	N;VOC(PL)	Ἠπειρώτης
Ἠπειρώτης	N;VOC(SG)	Ἠπειρώτης
ὀνοματοποιία	N;ACC(DU)	ὀνοματοποιία
ὀνοματοποιία	N;ACC(PL)	ὀνοματοποιίαe
ὀνοματοποιία	N;ACC(SG)	ὀνοματοποιία
ὀνοματοποιία	N;DAT(DU)	ὀνοματοποιία
ὀνοματοποιία	N;DAT(PL)	ὀνοματοποιίαen
ὀνοματοποιία	N;DAT(SG)	ὀνοματοποιία
ὀνοματοποιία	N;GEN(DU)	ὀνοματοποιία
ὀνοματοποιία	N;GEN(PL)	ὀνοματοποιίαe
ὀνοματοποιία	N;GEN(SG)	ὀνοματοποιία
ὀνοματοποιία	N;NOM(DU)	ὀνοματοποιία
ὀνοματοποιία	N;NOM(PL)	ὀνοματοποιίαe
ὀνοματοποιία	N;NOM(SG)	ὀνοματοποιία
ὀνοματοποιία	N;VOC(DU)	ὀνοματοποιία
ὀνοματοποιία	N;VOC(PL)	ὀνοματοποιίαen
ὀνοματοποιία	N;VOC(SG)	ὀνοματοποιία
ὀστοῦν	N;ACC(DU)	ὀστοῦν
ὀστοῦν	N;ACC(PL)	ὀστοῦνe
ὀστοῦν	N;ACC(SG)	ὀστοῦν
ὀστοῦν	N;DAT(DU)	ὀστοῦν
ὀστοῦν	N;DAT(PL)	ὀστοῦνn
ὀστοῦν	N;DAT(SG)	ὀστοῦν
ὀστοῦν	N;GEN(DU)	ὀστοῦν
ὀστοῦν	N;GEN(PL)	ὀστοῦνe
ὀστοῦν	N;GEN(SG)	ὀστοῦνs
ὀστοῦν	N;NOM(DU)	ὀστοῦν
ὀστοῦν	N;NOM(PL)	ὀστοῦνe
ὀστοῦν	N;NOM(SG)	ὀστοῦν
ὀστοῦν	N;VOC(DU)	ὀστοῦν
ὀστοῦν	N;VOC(PL)	ὀστοῦνe
ὀστοῦν	N;VOC(SG)	ὀστοῦν
ὁμόγραφος	ADJ;ACC(DU;FEM)	ὁμόγραφος
ὁμόγραφος	ADJ;ACC(DU;NEUT)	ὁμόγραφος
ὁμόγραφος	ADJ;ACC(PL;MASC)	ὁμόγραφος
ὁμόγραφος	ADJ;ACC(PL;NEUT)	ὁμόγραφος
ὁμόγραφος	ADJ;ACC(SG;MASC)	ὁμόγραφος
ὁμόγραφος	ADJ;ACC(SG;NEUT)	ὁμόγραφος
ὁμόγραφος	ADJ;DAT(DU;FEM)	ὁμόγραφος
ὁμόγραφος	ADJ;DAT(DU;MASC)	ὁμόγραφος
ὁμόγραφος	ADJ;DAT(DU;NEUT)	ὁμόγραφος
ὁμόγραφος	ADJ;DAT(PL;FEM)	ὁμόγραφος
ὁμόγραφος	ADJ;DAT(PL;MASC)	ὁμόγραφος
ὁμόγραφος	ADJ;DAT(PL;NEUT)	ὁμόγραφος
ὁμόγραφος	ADJ;DAT(SG;FEM)	ὁμόγραφος
ὁμόγραφος	ADJ;DAT(SG;MASC)	ὁμόγραφος
ὁμόγραφος	ADJ;GEN(DU;MASC)	ὁμόγραφος
ὁμόγραφος	ADJ;GEN(DU;NEUT)	ὁμόγραφος
ὁμόγραφος	ADJ;GEN(PL;FEM)	ὁμόγραφος
ὁμόγραφος	ADJ;GEN(PL;NEUT)	ὁμόγραφος
ὁμόγραφος	ADJ;GEN(SG;FEM)	ὁμόγραφος
ὁμόγραφος	ADJ;GEN(SG;NEUT)	ὁμόγραφος
ὁμόγραφος	ADJ;NOM(DU;FEM)	ὁμόγραφος
ὁμόγραφος	ADJ;NOM(DU;MASC)	ὁμόγραφος
ὁμόγραφος	ADJ;NOM(DU;NEUT)	ὁμόγραφος
ὁμόγραφος	ADJ;NOM(PL;MASC)	ὁμόγραφος
ὁμόγραφος	ADJ;NOM(SG;NEUT)	ὁμόγραφος
ὁμόγραφος	ADJ;VOC(DU;FEM)	ὁμόγραφος
ὁμόγραφος	ADJ;VOC(DU;MASC)	ὁμόγραφος
ὁμόγραφος	ADJ;VOC(DU;NEUT)	ὁμόγραφος
ὁμόγραφος	ADJ;VOC(PL;FEM)	ὁμόγραφος
ὁμόγραφος	ADJ;VOC(PL;MASC)	ὁμόγραφος
ὁμόγραφος	ADJ;VOC(PL;NEUT)	ὁμόγραφος
ὁμόγραφος	ADJ;VOC(SG;FEM)	ὁμόγραφος
ὁμόγραφος	ADJ;VOC(SG;MASC)	ὁμόγραφος
ὅμιλος	N;ACC(DU)	ὅμιλος
ὅμιλος	N;ACC(PL)	ὅμιλος
ὅμιλος	N;ACC(SG)	ὅμιλος
ὅμιλος	N;DAT(DU)	ὅμιλος
ὅμιλος	N;DAT(PL)	ὅμιλοςn
ὅμιλος	N;DAT(SG)	ὅμιλος
ὅμιλος	N;GEN(DU)	ὅμιλος
ὅμιλος	N;GEN(PL)	ὅμιλος
ὅμιλος	N;GEN(SG)	ὅμιλος
ὅμιλος	N;NOM(DU)	ὅμιλος
ὅμιλος	N;NOM(PL)	ὅμιλος
ὅμιλος	N;NOM(SG)	ὅμιλος
ὅμιλος	N;VOC(DU)	ὅμιλος
ὅμιλος	N;VOC(PL)	ὅμιλος
ὅμιλος	N;VOC(SG)	ὅμιλος
ῥάδιξ	N;ACC(DU)	ῥάδιξ
ῥάδιξ	N;ACC(PL)	ῥάδιξe
ῥάδιξ	N;ACC(SG)	ῥάδιξ
ῥάδιξ	N;DAT(DU)	ῥάδιξ
ῥάδιξ	N;DAT(PL)	ῥάδιξen
ῥάδιξ	N;DAT(SG)	ῥάδιξ
ῥάδιξ	N;GEN(DU)	ῥάδιξs
ῥάδιξ	N;GEN(PL)	ῥάδιξe
ῥάδιξ	N;GEN(SG)	ῥάδιξs
ῥάδιξ	N;NOM(DU)	ῥάδιξ
ῥάδιξ	N;NOM(PL)	ῥάδιξe
ῥάδιξ	N;NOM(SG)	ῥάδιξ
ῥάδιξ	N;VOC(DU)	ῥάδιξ
ῥάδιξ	N;VOC(PL)	ῥάδιξe
ῥάδιξ	N;VOC(SG)	ῥάδιξ
ῥητίνη	N;ACC(DU)	ῥητίνη
ῥητίνη	N;ACC(PL)	ῥητίνηe
ῥητίνη	N;ACC(SG)	ῥητίνη
ῥητίνη	N;DAT(DU)	ῥητίνη
ῥητίνη	N;DAT(PL)	ῥητίνηen
ῥητίνη	N;DAT(SG)	ῥητίνη
ῥητίνη	N;GEN(DU)	ῥητίνη
ῥητίνη	N;GEN(PL)	ῥητίνηe
ῥητίνη	N;GEN(SG)	ῥητίνηs
ῥητίνη	N;NOM(DU)	ῥητίνη
ῥητίνη	N;NOM(PL)	ῥητίνηe
ῥητίνη	N;NOM(SG)	ῥητίνη
ῥητίνη	N;VOC(DU)	ῥητίνη
ῥητίνη	N;VOC(PL)	ῥητίνηe
ῥητίνη	N;VOC(SG)	ῥητίνη
accuracy:0.026