blaŋt	V;IMP;NEG;TR;ABS(2,SG);ERG(3,SG)	blaŋts
blaŋt	V;PRS;NEG;REFL;ABS(1,SG)	blaŋte
blaŋt	V;PRS;NEG;REFL;ABS(2,SG)	blaŋts
blaŋt	V;PRS;NEG;TR;ABS(1,EXCL,DU);ERG(3,SG)	blaŋts
blaŋt	V;PRS;NEG;TR;ABS(1,INCL,DU);ERG(3,DU)	blaŋte
blaŋt	V;PRS;NEG;TR;ABS(3,DU);ERG(1,INCL,DU)	blaŋte
blaŋt	V;PRS;NEG;TR;ABS(3,PL);ERG(1,EXCL,DU)	blaŋten
blaŋt	V;PRS;NEG;TR;ABS(3,PL);ERG(3,DU)	blaŋten
blaŋt	V;PRS;NEG;TR;ABS(3,SG);ERG(1,SG)	blaŋts
blaŋt	V;PRS;POS;TR;ABS(1,EXCL,DU);ERG(3,DU)	blaŋten
blaŋt	V;PRS;POS;TR;ABS(1,SG);ERG(2,SG,FORM)	blaŋts
blaŋt	V;PRS;POS;TR;ABS(3,DU);ERG(1,SG)	blaŋte
blaŋt	V;PRS;POS;TR;ABS(3,PL);ERG(3,SG)	blaŋts
blaŋt	V;PRS;POS;TR;ABS(3,SG);ERG(3,SG)	blaŋts
blaŋt	V;PST;NEG;TR;ABS(1,EXCL,PL);ERG(2,DU)	blaŋtet
blaŋt	V;PST;NEG;TR;ABS(2,DU);ERG(3,SG)	blaŋtest
blaŋt	V;PST;POS;TR;ABS(1,EXCL,DU);ERG(2,SG,FORM)	blaŋtest
blaŋt	V;PST;POS;TR;ABS(2,PL);ERG(1,EXCL,DU)	blaŋtet
blaŋt	V;PST;POS;TR;ABS(3,DU);ERG(3,DU)	blaŋten
blaŋt	V;PST;POS;TR;ABS(3,SG);ERG(2,DU)	blaŋtest
bɛnt	V;IMP;NEG;TR;ABS(2,DU);ERG(3,PL)	bɛnts
bɛnt	V;IMP;NEG;TR;ABS(2,PL);ERG(1,EXCL,DU)	bɛnts
bɛnt	V;IMP;POS;TR;ABS(2,DU);ERG(3,DU)	bɛnts
bɛnt	V;IMP;POS;TR;ABS(2,PL);ERG(1,EXCL,PL)	bɛnts
bɛnt	V;PRS;NEG;TR;ABS(1,EXCL,DU);ERG(3,DU)	bɛnts
bɛnt	V;PRS;NEG;TR;ABS(1,EXCL,PL);ERG(2,DU)	bɛnts
bɛnt	V;PRS;NEG;TR;ABS(1,INCL,PL);ERG(3,PL)	bɛnts
bɛnt	V;PRS;NEG;TR;ABS(2,SG);ERG(1,EXCL,PL)	bɛnts
bɛnt	V;PRS;NEG;TR;ABS(2,SG);ERG(3,SG)	bɛnts
bɛnt	V;PRS;NEG;TR;ABS(3,SG);ERG(1,INCL,DU)	bɛnts
bɛnt	V;PRS;POS;TR;ABS(3,SG);ERG(1,SG)	bɛnts
bɛnt	V;PRS;POS;TR;ABS(3,SG);ERG(2,SG,FORM)	bɛnts
bɛnt	V;PST;NEG;TR;ABS(3,DU);ERG(2,DU)	bɛnted
bɛnt	V;PST;NEG;TR;ABS(3,SG);ERG(1,INCL,DU)	bɛnte
bɛnt	V;PST;NEG;TR;ABS(3,SG);ERG(2,SG,FORM)	bɛntest
bɛnt	V;PST;POS;TR;ABS(1,EXCL,DU);ERG(2,PL)	bɛntet
bɛnt	V;PST;POS;TR;ABS(1,INCL,DU);ERG(3,SG)	bɛnte
bɛnt	V;PST;POS;TR;ABS(1,INCL,PL);ERG(3,DU)	bɛnted
bɛnt	V;PST;POS;TR;ABS(2,PL);ERG(1,EXCL,PL)	bɛntet
bɛnt	V;PST;POS;TR;ABS(3,SG);ERG(1,INCL,PL)	bɛnte
bʰlept	V;IMP;NEG;TR;ABS(2,SG);ERG(1,EXCL,PL)	bʰlepts
bʰlept	V;IMP;NEG;TR;ABS(2,SG);ERG(3,DU)	bʰlepts
bʰlept	V;PRS;NEG;TR;ABS(2,PL);ERG(3,PL)	bʰlepts
bʰlept	V;PRS;NEG;TR;ABS(3,DU);ERG(1,EXCL,PL)	bʰlepts
bʰlept	V;PRS;NEG;TR;ABS(3,PL);ERG(3,PL)	bʰlepts
bʰlept	V;PRS;NEG;TR;ABS(3,SG);ERG(2,DU)	bʰlepts
bʰlept	V;PRS;POS;TR;ABS(1,EXCL,DU);ERG(2,SG,FORM)	bʰlepts
bʰlept	V;PRS;POS;TR;ABS(1,EXCL,DU);ERG(3,DU)	bʰlepts
bʰlept	V;PRS;POS;TR;ABS(2,DU);ERG(3,PL)	bʰlepts
bʰlept	V;PRS;POS;TR;ABS(3,DU);ERG(1,EXCL,DU)	bʰlepts
bʰlept	V;PRS;POS;TR;ABS(3,PL);ERG(1,INCL,DU)	bʰlepts
bʰlept	V;PST;NEG;TR;ABS(1,EXCL,DU);ERG(3,SG)	bʰlepte
bʰlept	V;PST;NEG;TR;ABS(2,PL);ERG(3,PL)	bʰleptet
bʰlept	V;PST;NEG;TR;ABS(3,DU);ERG(1,EXCL,PL)	bʰlepten
bʰlept	V;PST;NEG;TR;ABS(3,PL);ERG(1,INCL,PL)	bʰlepten
bʰlept	V;PST;POS;TR;ABS(1,EXCL,PL);ERG(2,DU)	bʰlepted
bʰlept	V;PST;POS;TR;ABS(1,EXCL,PL);ERG(3,PL)	bʰlepten
bʰlept	V;PST;POS;TR;ABS(1,SG);ERG(3,SG)	bʰlepte
bʰlept	V;PST;POS;TR;ABS(2,PL);ERG(3,SG)	bʰleptest
bʰlept	V;PST;POS;TR;ABS(2,SG);ERG(3,PL)	bʰleptest
deŋt	V;IMP;POS;TR;ABS(2,DU);ERG(1,EXCL,DU)	deŋtest
deŋt	V;PRS;NEG;TR;ABS(1,EXCL,DU);ERG(2,SG,FORM)	deŋts
deŋt	V;PRS;NEG;TR;ABS(2,PL);ERG(1,EXCL,DU)	deŋtest
deŋt	V;PRS;NEG;TR;ABS(3,SG);ERG(1,SG)	deŋts
deŋt	V;PRS;POS;TR;ABS(1,EXCL,DU);ERG(3,SG)	deŋts
deŋt	V;PRS;POS;TR;ABS(1,EXCL,PL);ERG(2,PL)	deŋtet
deŋt	V;PRS;POS;TR;ABS(1,EXCL,PL);ERG(3,SG)	deŋts
deŋt	V;PRS;POS;TR;ABS(1,SG);ERG(2,SG,FORM)	deŋts
deŋt	V;PRS;POS;TR;ABS(2,SG);ERG(1,SG)	deŋts
deŋt	V;PRS;POS;TR;ABS(3,PL);ERG(2,DU)	deŋts
deŋt	V;PRS;POS;TR;ABS(3,SG);ERG(1,INCL,DU)	deŋts
deŋt	V;PRS;POS;TR;ABS(3,SG);ERG(3,PL)	deŋts
deŋt	V;PST;NEG;TR;ABS(3,DU);ERG(1,EXCL,PL)	deŋten
deŋt	V;PST;NEG;TR;ABS(3,PL);ERG(1,INCL,DU)	deŋten
deŋt	V;PST;NEG;TR;ABS(3,SG);ERG(3,DU)	deŋte
deŋt	V;PST;POS;TR;ABS(1,EXCL,DU);ERG(3,PL)	deŋten
deŋt	V;PST;POS;TR;ABS(3,DU);ERG(2,PL)	deŋtet
deŋt	V;PST;POS;TR;ABS(3,PL);ERG(1,EXCL,DU)	deŋten
deŋt	V;PST;POS;TR;ABS(3,PL);ERG(3,PL)	deŋten
deŋt	V;PST;POS;TR;ABS(3,SG);ERG(1,EXCL,PL)	deŋte
duŋt	V;IMP;POS;TR;ABS(2,DU);ERG(1,SG)	duŋts
duŋt	V;PRS;NEG;TR;ABS(3,DU);ERG(1,EXCL,PL)	duŋte
duŋt	V;PRS;NEG;TR;ABS(3,PL);ERG(2,PL)	duŋts
duŋt	V;PRS;NEG;TR;ABS(3,PL);ERG(3,DU)	duŋts
duŋt	V;PRS;NEG;TR;ABS(3,SG);ERG(2,SG,FORM)	duŋts
duŋt	V;PRS;POS;TR;ABS(1,EXCL,DU);ERG(3,PL)	duŋten
duŋt	V;PRS;POS;TR;ABS(1,EXCL,PL);ERG(2,DU)	duŋtest
duŋt	V;PRS;POS;TR;ABS(1,INCL,DU);ERG(3,DU)	duŋte
duŋt	V;PRS;POS;TR;ABS(2,DU);ERG(1,SG)	duŋts
duŋt	V;PRS;POS;TR;ABS(3,DU);ERG(1,SG)	duŋts
duŋt	V;PST;NEG;TR;ABS(1,EXCL,DU);ERG(3,PL)	duŋten
duŋt	V;PST;NEG;TR;ABS(1,SG);ERG(2,DU)	duŋtest
duŋt	V;PST;NEG;TR;ABS(1,SG);ERG(3,PL)	duŋte
duŋt	V;PST;NEG;TR;ABS(2,PL);ERG(3,SG)	duŋtest
duŋt	V;PST;NEG;TR;ABS(2,SG);ERG(3,SG)	duŋtest
duŋt	V;PST;NEG;TR;ABS(3,DU);ERG(3,PL)	duŋten
duŋt	V;PST;NEG;TR;ABS(3,DU);ERG(3,SG)	duŋte
duŋt	V;PST;POS;TR;ABS(1,SG);ERG(2,DU)	duŋtest
duŋt	V;PST;POS;TR;ABS(2,PL);ERG(3,SG)	duŋtest
duŋt	V;PST;POS;TR;ABS(3,SG);ERG(1,SG)	duŋte
gup	V;IMP;NEG;REFL;ABS(2,DU)	gup
gup	V;IMP;NEG;TR;ABS(2,DU);ERG(1,EXCL,DU)	gups
gup	V;IMP;POS;TR;ABS(2,DU);ERG(3,SG)	gups
gup	V;PRS;NEG;REFL;ABS(2,PL)	gups
gup	V;PRS;NEG;REFL;ABS(3,DU)	gups
gup	V;PRS;NEG;TR;ABS(1,EXCL,DU);ERG(2,SG,FORM)	gups
gup	V;PRS;NEG;TR;ABS(3,PL);ERG(2,DU)	gups
gup	V;PRS;NEG;TR;ABS(3,PL);ERG(3,PL)	gups
gup	V;PRS;POS;TR;ABS(2,PL);ERG(1,EXCL,PL)	gups
gup	V;PRS;POS;TR;ABS(3,DU);ERG(1,EXCL,DU)	gups
gup	V;PST;NEG;REFL;ABS(2,SG)	gups
gup	V;PST;NEG;TR;ABS(1,EXCL,PL);ERG(3,DU)	gupped
gup	V;PST;NEG;TR;ABS(2,PL);ERG(1,EXCL,PL)	gupped
gup	V;PST;NEG;TR;ABS(2,SG);ERG(1,EXCL,PL)	gupped
gup	V;PST;NEG;TR;ABS(3,DU);ERG(1,INCL,PL)	gupped
gup	V;PST;POS;REFL;ABS(1,SG)	gupped
gup	V;PST;POS;TR;ABS(1,SG);ERG(3,DU)	gupped
gup	V;PST;POS;TR;ABS(3,DU);ERG(3,DU)	gupped
gup	V;PST;POS;TR;ABS(3,SG);ERG(2,DU)	gupped
gup	V;PST;POS;TR;ABS(3,SG);ERG(3,SG)	gupped
gʰlaŋ	V;IMP;NEG;INTR;ABS(2,PL)	gʰlaŋt
gʰlaŋ	V;IMP;POS;INTR;ABS(2,DU)	gʰlaŋs
gʰlaŋ	V;IMP;POS;INTR;ABS(2,SG)	gʰlaŋs
gʰlaŋ	V;NFIN;POS;INTR	gʰlaŋed
gʰlaŋ	V;PRS;NEG;INTR;ABS(3,DU)	gʰlaŋs
gʰlaŋ	V;PRS;NEG;INTR;ABS(3,PL)	gʰlaŋe
gʰlaŋ	V;PRS;NEG;INTR;ABS(3,SG)	gʰlaŋs
gʰlaŋ	V;PRS;POS;INTR;ABS(1,EXCL,PL)	gʰlaŋe
gʰlaŋ	V;PRS;POS;INTR;ABS(1,SG)	gʰlaŋes
gʰlaŋ	V;PRS;POS;INTR;ABS(2,DU)	gʰlaŋs
gʰlaŋ	V;PRS;POS;INTR;ABS(2,SG)	gʰlaŋs
gʰlaŋ	V;PRS;POS;INTR;ABS(3,PL)	gʰlaŋen
gʰlaŋ	V;PST;NEG;INTR;ABS(1,EXCL,PL)	gʰlaŋten
gʰlaŋ	V;PST;NEG;INTR;ABS(1,INCL,PL)	gʰlaŋten
gʰlaŋ	V;PST;NEG;INTR;ABS(1,SG)	gʰlaŋe
gʰlaŋ	V;PST;NEG;INTR;ABS(2,PL)	gʰlaŋtet
gʰlaŋ	V;PST;POS;INTR;ABS(1,EXCL,DU)	gʰlaŋe
gʰlaŋ	V;PST;POS;INTR;ABS(1,INCL,PL)	gʰlaŋten
gʰlaŋ	V;PST;POS;INTR;ABS(2,DU)	gʰlaŋtet
gʰlaŋ	V;PST;POS;INTR;ABS(3,DU)	gʰlaŋten
gʰum	V;IMP;POS;TR;ABS(2,DU);ERG(1,EXCL,DU)	gʰums
gʰum	V;PRS;NEG;TR;ABS(1,EXCL,DU);ERG(3,DU)	gʰums
gʰum	V;PRS;NEG;TR;ABS(1,INCL,PL);ERG(3,PL)	gʰums
gʰum	V;PRS;NEG;TR;ABS(2,DU);ERG(1,SG)	gʰums
gʰum	V;PRS;NEG;TR;ABS(2,SG);ERG(1,EXCL,PL)	gʰums
gʰum	V;PRS;NEG;TR;ABS(3,DU);ERG(3,PL)	gʰums
gʰum	V;PRS;NEG;TR;ABS(3,PL);ERG(2,DU)	gʰums
gʰum	V;PRS;POS;TR;ABS(1,EXCL,PL);ERG(2,SG,FORM)	gʰums
gʰum	V;PRS;POS;TR;ABS(1,EXCL,PL);ERG(3,SG)	gʰums
gʰum	V;PRS;POS;TR;ABS(2,DU);ERG(3,DU)	gʰums
gʰum	V;PRS;POS;TR;ABS(3,PL);ERG(1,INCL,PL)	gʰums
gʰum	V;PRS;POS;TR;ABS(3,SG);ERG(1,INCL,PL)	gʰums
gʰum	V;PRS;POS;TR;ABS(3,SG);ERG(2,PL)	gʰums
gʰum	V;PST;NEG;TR;ABS(1,INCL,DU);ERG(3,SG)	gʰumte
gʰum	V;PST;NEG;TR;ABS(2,PL);ERG(1,EXCL,DU)	gʰumtet
gʰum	V;PST;NEG;TR;ABS(3,SG);ERG(2,PL)	gʰumtest
gʰum	V;PST;POS;TR;ABS(1,SG);ERG(2,DU)	gʰumtest
gʰum	V;PST;POS;TR;ABS(3,PL);ERG(1,EXCL,PL)	gʰumten
gʰum	V;PST;POS;TR;ABS(3,SG);ERG(1,INCL,PL)	gʰumte
gʰum	V;PST;POS;TR;ABS(3,SG);ERG(2,SG,FORM)	gʰums
jokt	V;IMP;NEG;TR;ABS(2,PL);ERG(3,PL)	joktet
jokt	V;IMP;NEG;TR;ABS(2,SG);ERG(1,EXCL,DU)	joktest
jokt	V;IMP;POS;TR;ABS(2,SG);ERG(1,EXCL,PL)	joktest
jokt	V;NFIN;POS;TR	jokted
jokt	V;PRS;NEG;TR;ABS(1,EXCL,DU);ERG(2,DU)	jokts
jokt	V;PRS;NEG;TR;ABS(1,INCL,DU);ERG(3,PL)	jokte
jokt	V;PRS;NEG;TR;ABS(1,INCL,DU);ERG(3,SG)	jokts
jokt	V;PRS;NEG;TR;ABS(1,SG);ERG(3,DU)	jokts
jokt	V;PRS;NEG;TR;ABS(2,SG);ERG(3,DU)	jokts
jokt	V;PRS;NEG;TR;ABS(3,DU);ERG(3,PL)	jokts
jokt	V;PRS;NEG;TR;ABS(3,PL);ERG(2,SG,FORM)	jokts
jokt	V;PRS;POS;TR;ABS(2,PL);ERG(1,EXCL,PL)	joktest
jokt	V;PRS;POS;TR;ABS(2,SG);ERG(3,DU)	jokts
jokt	V;PRS;POS;TR;ABS(3,DU);ERG(2,SG,FORM)	jokts
jokt	V;PRS;POS;TR;ABS(3,PL);ERG(1,EXCL,DU)	jokte
jokt	V;PRS;POS;TR;ABS(3,SG);ERG(1,INCL,DU)	jokts
jokt	V;PST;NEG;TR;ABS(1,EXCL,PL);ERG(2,DU)	joktet
jokt	V;PST;NEG;TR;ABS(3,SG);ERG(1,EXCL,PL)	jokte
jokt	V;PST;POS;TR;ABS(1,EXCL,PL);ERG(3,SG)	jokte
jokt	V;PST;POS;TR;ABS(2,PL);ERG(3,SG)	joktest
kik	V;PRS;NEG;REFL;ABS(3,PL)	kiks
kik	V;PRS;NEG;TR;ABS(1,EXCL,PL);ERG(3,DU)	kiks
kik	V;PRS;NEG;TR;ABS(2,PL);ERG(1,EXCL,DU)	kiks
kik	V;PRS;NEG;TR;ABS(2,SG);ERG(3,SG)	kiks
kik	V;PRS;NEG;TR;ABS(3,SG);ERG(2,PL)	kiks
kik	V;PRS;NEG;TR;ABS(3,SG);ERG(3,PL)	kiks
kik	V;PRS;POS;TR;ABS(1,EXCL,DU);ERG(3,DU)	kiks
kik	V;PRS;POS;TR;ABS(1,EXCL,PL);ERG(2,PL)	kiks
kik	V;PRS;POS;TR;ABS(3,PL);ERG(2,DU)	kiks
kik	V;PST;NEG;REFL;ABS(2,PL)	kiktet
kik	V;PST;NEG;TR;ABS(1,SG);ERG(2,DU)	kiktest
kik	V;PST;NEG;TR;ABS(1,SG);ERG(3,DU)	kikte
kik	V;PST;NEG;TR;ABS(2,SG);ERG(1,EXCL,PL)	kiktest
kik	V;PST;POS;TR;ABS(1,EXCL,DU);ERG(2,PL)	kikted
kik	V;PST;POS;TR;ABS(1,EXCL,PL);ERG(2,PL)	kiktet
kik	V;PST;POS;TR;ABS(1,INCL,DU);ERG(3,DU)	kikte
kik	V;PST;POS;TR;ABS(1,SG);ERG(3,DU)	kikte
kik	V;PST;POS;TR;ABS(2,SG);ERG(1,EXCL,DU)	kiktest
kik	V;PST;POS;TR;ABS(3,DU);ERG(3,SG)	kikte
kik	V;PST;POS;TR;ABS(3,SG);ERG(3,PL)	kikte
kopt	V;IMP;NEG;TR;ABS(2,SG);ERG(1,EXCL,DU)	kopts
kopt	V;IMP;NEG;TR;ABS(2,SG);ERG(1,EXCL,PL)	kopts
kopt	V;IMP;POS;TR;ABS(2,PL);ERG(1,EXCL,DU)	koptest
kopt	V;IMP;POS;TR;ABS(2,SG);ERG(1,SG)	kopts
kopt	V;IMP;POS;TR;ABS(2,SG);ERG(3,DU)	kopts
kopt	V;PRS;NEG;TR;ABS(1,EXCL,DU);ERG(3,DU)	kopts
kopt	V;PRS;NEG;TR;ABS(1,EXCL,PL);ERG(2,SG,FORM)	kopts
kopt	V;PRS;NEG;TR;ABS(1,INCL,PL);ERG(3,DU)	kopts
kopt	V;PRS;POS;TR;ABS(1,EXCL,DU);ERG(2,PL)	koptet
kopt	V;PRS;POS;TR;ABS(1,EXCL,DU);ERG(2,SG,FORM)	kopts
kopt	V;PRS;POS;TR;ABS(1,EXCL,PL);ERG(3,DU)	kopts
kopt	V;PRS;POS;TR;ABS(1,INCL,DU);ERG(3,SG)	kopts
kopt	V;PRS;POS;TR;ABS(1,SG);ERG(2,PL)	kopts
kopt	V;PRS;POS;TR;ABS(1,SG);ERG(3,SG)	kopts
kopt	V;PST;NEG;TR;ABS(1,SG);ERG(2,PL)	koptest
kopt	V;PST;NEG;TR;ABS(2,SG);ERG(1,EXCL,DU)	koptest
kopt	V;PST;POS;TR;ABS(1,EXCL,PL);ERG(3,DU)	kopten
kopt	V;PST;POS;TR;ABS(1,SG);ERG(3,SG)	kopte
kopt	V;PST;POS;TR;ABS(2,DU);ERG(3,SG)	koptest
kopt	V;PST;POS;TR;ABS(3,DU);ERG(2,SG,FORM)	koptest
kott	V;IMP;NEG;TR;ABS(2,DU);ERG(1,EXCL,PL)	kottest
kott	V;PRS;NEG;TR;ABS(1,INCL,PL);ERG(3,SG)	kotte
kott	V;PRS;NEG;TR;ABS(3,SG);ERG(3,SG)	kotts
kott	V;PRS;POS;TR;ABS(1,EXCL,DU);ERG(2,PL)	kottet
kott	V;PRS;POS;TR;ABS(1,EXCL,PL);ERG(3,DU)	kotten
kott	V;PRS;POS;TR;ABS(2,SG);ERG(1,SG)	kottest
kott	V;PRS;POS;TR;ABS(3,PL);ERG(3,DU)	kotten
kott	V;PRS;POS;TR;ABS(3,SG);ERG(3,PL)	kotte
kott	V;PST;NEG;TR;ABS(1,EXCL,DU);ERG(2,DU)	kottete
kott	V;PST;NEG;TR;ABS(1,EXCL,DU);ERG(3,DU)	kotten
kott	V;PST;NEG;TR;ABS(2,DU);ERG(1,EXCL,PL)	kottetet
kott	V;PST;NEG;TR;ABS(2,SG);ERG(1,EXCL,PL)	kottest
kott	V;PST;NEG;TR;ABS(3,DU);ERG(2,DU)	kottete
kott	V;PST;NEG;TR;ABS(3,SG);ERG(2,DU)	kottest
kott	V;PST;POS;TR;ABS(1,EXCL,DU);ERG(2,SG,FORM)	kottest
kott	V;PST;POS;TR;ABS(1,EXCL,PL);ERG(2,DU)	kottet
kott	V;PST;POS;TR;ABS(1,INCL,DU);ERG(3,SG)	kotte
kott	V;PST;POS;TR;ABS(1,SG);ERG(2,PL)	kottest
kott	V;PST;POS;TR;ABS(2,DU);ERG(1,EXCL,DU)	kottet
kott	V;PST;POS;TR;ABS(3,SG);ERG(1,EXCL,DU)	kotte
kʰe	V;PRS;NEG;TR;ABS(1,INCL,DU);ERG(3,SG)	kʰes
kʰe	V;PRS;NEG;TR;ABS(2,PL);ERG(3,PL)	kʰes
kʰe	V;PRS;NEG;TR;ABS(2,SG);ERG(3,DU)	kʰes
kʰe	V;PRS;NEG;TR;ABS(3,DU);ERG(1,INCL,DU)	kʰes
kʰe	V;PRS;NEG;TR;ABS(3,DU);ERG(3,PL)	kʰes
kʰe	V;PRS;NEG;TR;ABS(3,PL);ERG(1,INCL,PL)	kʰes
kʰe	V;PRS;POS;TR;ABS(1,EXCL,DU);ERG(2,DU)	kʰes
kʰe	V;PRS;POS;TR;ABS(1,INCL,DU);ERG(3,SG)	kʰes
kʰe	V;PRS;POS;TR;ABS(3,PL);ERG(1,SG)	kʰes
kʰe	V;PRS;POS;TR;ABS(3,SG);ERG(3,SG)	kʰes
kʰe	V;PST;NEG;TR;ABS(2,DU);ERG(1,EXCL,PL)	kʰet
kʰe	V;PST;NEG;TR;ABS(3,PL);ERG(1,INCL,PL)	kʰen
kʰe	V;PST;NEG;TR;ABS(3,SG);ERG(3,SG)	kʰes
kʰe	V;PST;POS;INTR;ABS(2,SG)	kʰes
kʰe	V;PST;POS;TR;ABS(1,EXCL,PL);ERG(2,PL)	kʰet
kʰe	V;PST;POS;TR;ABS(1,EXCL,PL);ERG(3,PL)	kʰen
kʰe	V;PST;POS;TR;ABS(1,INCL,PL);ERG(3,PL)	kʰen
kʰe	V;PST;POS;TR;ABS(1,SG);ERG(3,DU)	kʰes
kʰe	V;PST;POS;TR;ABS(2,PL);ERG(3,DU)	kʰest
kʰe	V;PST;POS;TR;ABS(3,SG);ERG(1,EXCL,DU)	kʰes
kʰipt	V;IMP;NEG;TR;ABS(2,SG);ERG(1,EXCL,DU)	kʰipts
kʰipt	V;IMP;NEG;TR;ABS(2,SG);ERG(3,PL)	kʰipts
kʰipt	V;PRS;NEG;TR;ABS(1,EXCL,PL);ERG(2,DU)	kʰipts
kʰipt	V;PRS;NEG;TR;ABS(2,PL);ERG(3,SG)	kʰipts
kʰipt	V;PRS;NEG;TR;ABS(2,SG);ERG(3,DU)	kʰipts
kʰipt	V;PRS;NEG;TR;ABS(2,SG);ERG(3,PL)	kʰipts
kʰipt	V;PRS;NEG;TR;ABS(3,PL);ERG(1,EXCL,PL)	kʰipts
kʰipt	V;PRS;NEG;TR;ABS(3,SG);ERG(1,SG)	kʰipts
kʰipt	V;PRS;POS;TR;ABS(1,EXCL,DU);ERG(3,DU)	kʰipts
kʰipt	V;PRS;POS;TR;ABS(1,INCL,DU);ERG(3,DU)	kʰipts
kʰipt	V;PRS;POS;TR;ABS(2,DU);ERG(1,EXCL,PL)	kʰipts
kʰipt	V;PRS;POS;TR;ABS(2,PL);ERG(3,SG)	kʰipts
kʰipt	V;PRS;POS;TR;ABS(3,DU);ERG(1,INCL,PL)	kʰipts
kʰipt	V;PRS;POS;TR;ABS(3,SG);ERG(1,SG)	kʰipts
kʰipt	V;PRS;POS;TR;ABS(3,SG);ERG(2,DU)	kʰipts
kʰipt	V;PST;NEG;TR;ABS(1,EXCL,DU);ERG(2,SG,FORM)	kʰiptes
kʰipt	V;PST;NEG;TR;ABS(3,SG);ERG(2,PL)	kʰiptes
kʰipt	V;PST;POS;TR;ABS(3,DU);ERG(2,DU)	kʰipted
kʰipt	V;PST;POS;TR;ABS(3,PL);ERG(1,EXCL,PL)	kʰipten
kʰipt	V;PST;POS;TR;ABS(3,PL);ERG(3,DU)	kʰipten
kʰok	V;IMP;NEG;TR;ABS(2,DU);ERG(1,SG)	kʰoks
kʰok	V;PRS;NEG;TR;ABS(1,EXCL,PL);ERG(3,PL)	kʰoks
kʰok	V;PRS;NEG;TR;ABS(2,PL);ERG(3,SG)	kʰoks
kʰok	V;PRS;NEG;TR;ABS(3,SG);ERG(1,EXCL,PL)	kʰoks
kʰok	V;PRS;POS;TR;ABS(1,EXCL,DU);ERG(3,SG)	kʰoks
kʰok	V;PRS;POS;TR;ABS(1,INCL,PL);ERG(3,PL)	kʰoks
kʰok	V;PRS;POS;TR;ABS(2,DU);ERG(3,DU)	kʰoks
kʰok	V;PRS;POS;TR;ABS(3,DU);ERG(2,SG,FORM)	kʰoks
kʰok	V;PRS;POS;TR;ABS(3,DU);ERG(3,PL)	kʰoks
kʰok	V;PRS;POS;TR;ABS(3,PL);ERG(2,PL)	kʰoks
kʰok	V;PST;NEG;TR;ABS(1,EXCL,DU);ERG(3,DU)	kʰoken
kʰok	V;PST;NEG;TR;ABS(1,EXCL,DU);ERG(3,PL)	kʰoken
kʰok	V;PST;NEG;TR;ABS(2,SG);ERG(1,EXCL,DU)	kʰokes
kʰok	V;PST;NEG;TR;ABS(3,PL);ERG(3,SG)	kʰokte
kʰok	V;PST;NEG;TR;ABS(3,SG);ERG(2,SG,FORM)	kʰoktest
kʰok	V;PST;POS;TR;ABS(1,INCL,PL);ERG(3,SG)	kʰokte
kʰok	V;PST;POS;TR;ABS(1,SG);ERG(3,PL)	kʰoke
kʰok	V;PST;POS;TR;ABS(2,DU);ERG(3,PL)	kʰokted
kʰok	V;PST;POS;TR;ABS(3,DU);ERG(1,INCL,DU)	kʰoken
kʰok	V;PST;POS;TR;ABS(3,DU);ERG(2,SG,FORM)	kʰoktest
kʰop	V;IMP;NEG;REFL;ABS(2,PL)	kʰopt
kʰop	V;IMP;POS;TR;ABS(2,DU);ERG(3,PL)	kʰops
kʰop	V;IMP;POS;TR;ABS(2,PL);ERG(1,EXCL,DU)	kʰops
kʰop	V;IMP;POS;TR;ABS(2,PL);ERG(3,PL)	kʰops
kʰop	V;PRS;NEG;REFL;ABS(2,DU)	kʰops
kʰop	V;PRS;NEG;TR;ABS(1,SG);ERG(3,DU)	kʰops
kʰop	V;PRS;NEG;TR;ABS(2,SG);ERG(3,SG)	kʰops
kʰop	V;PRS;NEG;TR;ABS(3,DU);ERG(1,INCL,DU)	kʰops
kʰop	V;PRS;NEG;TR;ABS(3,SG);ERG(3,DU)	kʰops
kʰop	V;PRS;POS;REFL;ABS(1,INCL,DU)	kʰops
kʰop	V;PRS;POS;TR;ABS(1,INCL,PL);ERG(3,SG)	kʰops
kʰop	V;PRS;POS;TR;ABS(2,DU);ERG(3,DU)	kʰops
kʰop	V;PRS;POS;TR;ABS(2,SG);ERG(3,PL)	kʰops
kʰop	V;PRS;POS;TR;ABS(2,SG);ERG(3,SG)	kʰops
kʰop	V;PRS;POS;TR;ABS(3,PL);ERG(3,SG)	kʰops
kʰop	V;PST;NEG;TR;ABS(3,PL);ERG(3,PL)	kʰopten
kʰop	V;PST;NEG;TR;ABS(3,SG);ERG(2,PL)	kʰoptest
kʰop	V;PST;POS;TR;ABS(2,SG);ERG(3,SG)	kʰops
kʰop	V;PST;POS;TR;ABS(3,PL);ERG(1,INCL,DU)	kʰoped
kʰop	V;PST;POS;TR;ABS(3,SG);ERG(2,PL)	kʰops
kʰoŋt	V;IMP;NEG;TR;ABS(2,PL);ERG(1,SG)	kʰoŋtes
kʰoŋt	V;IMP;POS;TR;ABS(2,DU);ERG(3,SG)	kʰoŋts
kʰoŋt	V;PRS;NEG;TR;ABS(1,EXCL,DU);ERG(2,PL)	kʰoŋtes
kʰoŋt	V;PRS;NEG;TR;ABS(1,EXCL,PL);ERG(3,SG)	kʰoŋts
kʰoŋt	V;PRS;NEG;TR;ABS(1,SG);ERG(2,SG,FORM)	kʰoŋts
kʰoŋt	V;PRS;NEG;TR;ABS(1,SG);ERG(3,SG)	kʰoŋts
kʰoŋt	V;PRS;NEG;TR;ABS(2,PL);ERG(1,EXCL,PL)	kʰoŋtest
kʰoŋt	V;PRS;NEG;TR;ABS(2,SG);ERG(1,EXCL,PL)	kʰoŋts
kʰoŋt	V;PRS;NEG;TR;ABS(3,DU);ERG(1,EXCL,DU)	kʰoŋts
kʰoŋt	V;PRS;POS;TR;ABS(3,DU);ERG(1,EXCL,PL)	kʰoŋten
kʰoŋt	V;PRS;POS;TR;ABS(3,DU);ERG(1,INCL,DU)	kʰoŋte
kʰoŋt	V;PST;NEG;TR;ABS(2,DU);ERG(1,EXCL,PL)	kʰoŋtet
kʰoŋt	V;PST;NEG;TR;ABS(2,PL);ERG(3,SG)	kʰoŋtest
kʰoŋt	V;PST;NEG;TR;ABS(2,SG);ERG(1,EXCL,DU)	kʰoŋtest
kʰoŋt	V;PST;NEG;TR;ABS(3,PL);ERG(1,INCL,PL)	kʰoŋten
kʰoŋt	V;PST;NEG;TR;ABS(3,SG);ERG(1,SG)	kʰoŋte
kʰoŋt	V;PST;POS;TR;ABS(1,SG);ERG(3,PL)	kʰoŋte
kʰoŋt	V;PST;POS;TR;ABS(1,SG);ERG(3,SG)	kʰoŋte
kʰoŋt	V;PST;POS;TR;ABS(3,DU);ERG(1,EXCL,DU)	kʰoŋten
kʰoŋt	V;PST;POS;TR;ABS(3,SG);ERG(1,INCL,PL)	kʰoŋte
kʰunt	V;IMP;NEG;REFL;ABS(2,PL)	kʰunts
kʰunt	V;IMP;POS;TR;ABS(2,DU);ERG(1,EXCL,DU)	kʰunts
kʰunt	V;PRS;NEG;TR;ABS(1,INCL,PL);ERG(3,PL)	kʰunts
kʰunt	V;PRS;NEG;TR;ABS(2,PL);ERG(1,SG)	kʰunts
kʰunt	V;PRS;NEG;TR;ABS(3,PL);ERG(1,INCL,DU)	kʰunts
kʰunt	V;PRS;POS;TR;ABS(1,EXCL,DU);ERG(3,DU)	kʰunts
kʰunt	V;PRS;POS;TR;ABS(1,EXCL,PL);ERG(2,PL)	kʰunts
kʰunt	V;PRS;POS;TR;ABS(1,EXCL,PL);ERG(2,SG,FORM)	kʰunts
kʰunt	V;PRS;POS;TR;ABS(2,PL);ERG(3,PL)	kʰunts
kʰunt	V;PRS;POS;TR;ABS(2,SG);ERG(1,SG)	kʰunts
kʰunt	V;PST;NEG;REFL;ABS(2,SG)	kʰuntest
kʰunt	V;PST;NEG;TR;ABS(1,EXCL,PL);ERG(2,DU)	kʰunted
kʰunt	V;PST;NEG;TR;ABS(1,SG);ERG(3,SG)	kʰunte
kʰunt	V;PST;NEG;TR;ABS(2,PL);ERG(3,DU)	kʰunted
kʰunt	V;PST;NEG;TR;ABS(2,PL);ERG(3,PL)	kʰuntet
kʰunt	V;PST;NEG;TR;ABS(3,PL);ERG(1,SG)	kʰunte
kʰunt	V;PST;NEG;TR;ABS(3,SG);ERG(3,DU)	kʰunted
kʰunt	V;PST;POS;REFL;ABS(1,EXCL,PL)	kʰunted
kʰunt	V;PST;POS;TR;ABS(1,INCL,PL);ERG(3,DU)	kʰunted
kʰunt	V;PST;POS;TR;ABS(3,PL);ERG(1,SG)	kʰunte
kʰɛl	V;IMP;NEG;TR;ABS(2,DU);ERG(1,EXCL,DU)	kʰɛls
kʰɛl	V;IMP;POS;TR;ABS(2,PL);ERG(1,EXCL,PL)	kʰɛlest
kʰɛl	V;PRS;NEG;TR;ABS(1,EXCL,PL);ERG(2,DU)	kʰɛls
kʰɛl	V;PRS;NEG;TR;ABS(2,SG);ERG(1,EXCL,PL)	kʰɛls
kʰɛl	V;PRS;NEG;TR;ABS(3,PL);ERG(2,SG,FORM)	kʰɛls
kʰɛl	V;PRS;NEG;TR;ABS(3,SG);ERG(1,SG)	kʰɛls
kʰɛl	V;PRS;POS;TR;ABS(1,EXCL,DU);ERG(2,DU)	kʰɛls
kʰɛl	V;PRS;POS;TR;ABS(1,EXCL,PL);ERG(2,PL)	kʰɛls
kʰɛl	V;PRS;POS;TR;ABS(3,DU);ERG(2,SG,FORM)	kʰɛls
kʰɛl	V;PRS;POS;TR;ABS(3,DU);ERG(3,PL)	kʰɛls
kʰɛl	V;PRS;POS;TR;ABS(3,SG);ERG(3,SG)	kʰɛls
kʰɛl	V;PST;NEG;TR;ABS(2,DU);ERG(1,EXCL,PL)	kʰɛltet
kʰɛl	V;PST;NEG;TR;ABS(3,DU);ERG(3,PL)	kʰɛlten
kʰɛl	V;PST;NEG;TR;ABS(3,PL);ERG(3,PL)	kʰɛlten
kʰɛl	V;PST;POS;TR;ABS(1,INCL,DU);ERG(3,DU)	kʰɛlen
kʰɛl	V;PST;POS;TR;ABS(1,INCL,DU);ERG(3,SG)	kʰɛlte
kʰɛl	V;PST;POS;TR;ABS(2,PL);ERG(3,PL)	kʰɛltet
kʰɛl	V;PST;POS;TR;ABS(3,PL);ERG(1,INCL,DU)	kʰɛlten
kʰɛl	V;PST;POS;TR;ABS(3,PL);ERG(2,PL)	kʰɛltet
kʰɛl	V;PST;POS;TR;ABS(3,SG);ERG(1,EXCL,PL)	kʰɛlte
nott	V;IMP;POS;TR;ABS(2,DU);ERG(3,DU)	notts
nott	V;IMP;POS;TR;ABS(2,PL);ERG(1,EXCL,DU)	nottest
nott	V;PRS;NEG;TR;ABS(2,SG);ERG(1,EXCL,PL)	notts
nott	V;PRS;NEG;TR;ABS(3,DU);ERG(2,DU)	notts
nott	V;PRS;NEG;TR;ABS(3,DU);ERG(2,SG,FORM)	notts
nott	V;PRS;NEG;TR;ABS(3,DU);ERG(3,SG)	notts
nott	V;PRS;POS;TR;ABS(1,EXCL,DU);ERG(3,SG)	notts
nott	V;PRS;POS;TR;ABS(1,SG);ERG(3,DU)	notts
nott	V;PRS;POS;TR;ABS(3,SG);ERG(1,EXCL,PL)	notts
nott	V;PRS;POS;TR;ABS(3,SG);ERG(2,SG,FORM)	notts
nott	V;PRS;POS;TR;ABS(3,SG);ERG(3,DU)	notts
nott	V;PST;NEG;TR;ABS(1,INCL,DU);ERG(3,SG)	notte
nott	V;PST;NEG;TR;ABS(3,SG);ERG(1,INCL,PL)	notted
nott	V;PST;NEG;TR;ABS(3,SG);ERG(3,DU)	notted
nott	V;PST;POS;TR;ABS(1,EXCL,DU);ERG(2,DU)	notted
nott	V;PST;POS;TR;ABS(1,EXCL,PL);ERG(3,PL)	notten
nott	V;PST;POS;TR;ABS(1,INCL,PL);ERG(3,PL)	notten
nott	V;PST;POS;TR;ABS(1,SG);ERG(2,SG,FORM)	nottest
nott	V;PST;POS;TR;ABS(3,DU);ERG(1,EXCL,DU)	notten
nott	V;PST;POS;TR;ABS(3,DU);ERG(1,SG)	notte
nu	V;IMP;NEG;INTR;ABS(2,SG)	nus
nu	V;PRS;NEG;INTR;ABS(1,EXCL,PL)	nue
nu	V;PRS;NEG;INTR;ABS(1,INCL,DU)	nus
nu	V;PRS;NEG;INTR;ABS(1,INCL,PL)	nue
nu	V;PRS;NEG;INTR;ABS(1,SG)	nus
nu	V;PRS;NEG;INTR;ABS(3,PL)	nus
nu	V;PRS;NEG;INTR;ABS(3,SG)	nus
nu	V;PRS;POS;INTR;ABS(1,EXCL,PL)	nue
nu	V;PRS;POS;INTR;ABS(1,INCL,DU)	nus
nu	V;PRS;POS;INTR;ABS(2,PL)	nus
nu	V;PRS;POS;INTR;ABS(3,DU)	nus
nu	V;PRS;POS;INTR;ABS(3,SG)	nus
nu	V;PST;NEG;INTR;ABS(1,EXCL,DU)	nue
nu	V;PST;NEG;INTR;ABS(1,INCL,PL)	nue
nu	V;PST;NEG;INTR;ABS(2,SG)	nus
nu	V;PST;NEG;INTR;ABS(3,DU)	nue
nu	V;PST;POS;INTR;ABS(1,INCL,PL)	nued
nu	V;PST;POS;INTR;ABS(3,DU)	nue
nu	V;PST;POS;INTR;ABS(3,PL)	nue
nu	V;PST;POS;INTR;ABS(3,SG)	nues
nuk	V;IMP;POS;REFL;ABS(2,DU)	nuks
nuk	V;IMP;POS;TR;ABS(2,DU);ERG(1,EXCL,DU)	nuks
nuk	V;IMP;POS;TR;ABS(2,DU);ERG(1,SG)	nuks
nuk	V;PRS;NEG;REFL;ABS(2,SG)	nuks
nuk	V;PRS;NEG;TR;ABS(1,EXCL,PL);ERG(3,PL)	nuks
nuk	V;PRS;POS;TR;ABS(2,DU);ERG(1,EXCL,DU)	nuks
nuk	V;PRS;POS;TR;ABS(2,PL);ERG(1,EXCL,PL)	nuks
nuk	V;PRS;POS;TR;ABS(2,SG);ERG(1,EXCL,DU)	nuks
nuk	V;PRS;POS;TR;ABS(3,DU);ERG(1,EXCL,PL)	nuks
nuk	V;PST;NEG;REFL;ABS(1,INCL,DU)	nukte
nuk	V;PST;NEG;TR;ABS(1,EXCL,DU);ERG(2,PL)	nukted
nuk	V;PST;NEG;TR;ABS(1,EXCL,DU);ERG(3,PL)	nukte
nuk	V;PST;NEG;TR;ABS(1,SG);ERG(3,DU)	nukte
nuk	V;PST;NEG;TR;ABS(2,SG);ERG(3,PL)	nuktest
nuk	V;PST;NEG;TR;ABS(3,DU);ERG(1,EXCL,PL)	nukte
nuk	V;PST;POS;REFL;ABS(1,EXCL,PL)	nukten
nuk	V;PST;POS;TR;ABS(1,EXCL,DU);ERG(2,DU)	nukted
nuk	V;PST;POS;TR;ABS(3,DU);ERG(3,PL)	nukten
nuk	V;PST;POS;TR;ABS(3,PL);ERG(3,DU)	nukte
nuk	V;PST;POS;TR;ABS(3,SG);ERG(1,SG)	nukte
nɛl	V;IMP;NEG;TR;ABS(2,PL);ERG(1,EXCL,PL)	nɛlest
nɛl	V;IMP;POS;TR;ABS(2,SG);ERG(1,SG)	nɛls
nɛl	V;IMP;POS;TR;ABS(2,SG);ERG(3,SG)	nɛls
nɛl	V;PRS;NEG;TR;ABS(2,SG);ERG(3,DU)	nɛls
nɛl	V;PRS;NEG;TR;ABS(2,SG);ERG(3,PL)	nɛls
nɛl	V;PRS;POS;TR;ABS(1,INCL,PL);ERG(3,SG)	nɛls
nɛl	V;PRS;POS;TR;ABS(2,SG);ERG(1,EXCL,DU)	nɛls
nɛl	V;PRS;POS;TR;ABS(3,DU);ERG(1,EXCL,PL)	nɛls
nɛl	V;PRS;POS;TR;ABS(3,PL);ERG(3,SG)	nɛls
nɛl	V;PST;NEG;INTR;ABS(1,SG)	nɛle
nɛl	V;PST;NEG;TR;ABS(1,INCL,DU);ERG(3,PL)	nɛlten
nɛl	V;PST;NEG;TR;ABS(1,INCL,DU);ERG(3,SG)	nɛlte
nɛl	V;PST;NEG;TR;ABS(1,INCL,PL);ERG(3,SG)	nɛlte
nɛl	V;PST;NEG;TR;ABS(2,PL);ERG(1,EXCL,PL)	nɛltet
nɛl	V;PST;NEG;TR;ABS(3,PL);ERG(2,DU)	nɛltet
nɛl	V;PST;NEG;TR;ABS(3,SG);ERG(1,INCL,DU)	nɛlte
nɛl	V;PST;NEG;TR;ABS(3,SG);ERG(1,INCL,PL)	nɛlte
nɛl	V;PST;NEG;TR;ABS(3,SG);ERG(3,SG)	nɛlte
nɛl	V;PST;POS;TR;ABS(1,EXCL,PL);ERG(3,PL)	nɛlten
nɛl	V;PST;POS;TR;ABS(3,PL);ERG(2,SG,FORM)	nɛltest
paŋ	V;IMP;NEG;INTR;ABS(2,PL)	paŋt
paŋ	V;PRS;NEG;INTR;ABS(1,EXCL,PL)	paŋe
paŋ	V;PRS;NEG;INTR;ABS(1,INCL,DU)	paŋe
paŋ	V;PRS;NEG;INTR;ABS(1,INCL,PL)	paŋe
paŋ	V;PRS;NEG;INTR;ABS(1,SG)	paŋes
paŋ	V;PRS;NEG;INTR;ABS(2,PL)	paŋs
paŋ	V;PRS;NEG;INTR;ABS(3,DU)	paŋs
paŋ	V;PRS;NEG;INTR;ABS(3,SG)	paŋs
paŋ	V;PRS;POS;INTR;ABS(1,EXCL,DU)	paŋe
paŋ	V;PRS;POS;INTR;ABS(1,INCL,DU)	paŋe
paŋ	V;PRS;POS;INTR;ABS(1,SG)	paŋes
paŋ	V;PRS;POS;INTR;ABS(3,DU)	paŋs
paŋ	V;PST;NEG;INTR;ABS(2,PL)	paŋtet
paŋ	V;PST;NEG;INTR;ABS(3,DU)	paŋen
paŋ	V;PST;NEG;INTR;ABS(3,PL)	paŋen
paŋ	V;PST;POS;INTR;ABS(2,DU)	paŋted
paŋ	V;PST;POS;INTR;ABS(2,PL)	paŋtet
paŋ	V;PST;POS;INTR;ABS(2,SG)	paŋtest
paŋ	V;PST;POS;INTR;ABS(3,DU)	paŋen
paŋ	V;PST;POS;INTR;ABS(3,PL)	paŋen
pʰaŋt	V;IMP;NEG;TR;ABS(2,PL);ERG(3,SG)	pʰaŋts
pʰaŋt	V;IMP;NEG;TR;ABS(2,SG);ERG(1,SG)	pʰaŋts
pʰaŋt	V;PRS;NEG;TR;ABS(1,EXCL,PL);ERG(2,PL)	pʰaŋtes
pʰaŋt	V;PRS;NEG;TR;ABS(1,INCL,PL);ERG(3,SG)	pʰaŋts
pʰaŋt	V;PRS;NEG;TR;ABS(3,SG);ERG(1,EXCL,PL)	pʰaŋts
pʰaŋt	V;PRS;NEG;TR;ABS(3,SG);ERG(2,SG,FORM)	pʰaŋts
pʰaŋt	V;PRS;POS;TR;ABS(1,EXCL,PL);ERG(3,SG)	pʰaŋts
pʰaŋt	V;PRS;POS;TR;ABS(2,DU);ERG(1,EXCL,DU)	pʰaŋtest
pʰaŋt	V;PRS;POS;TR;ABS(2,PL);ERG(1,EXCL,PL)	pʰaŋtest
pʰaŋt	V;PRS;POS;TR;ABS(3,PL);ERG(2,DU)	pʰaŋts
pʰaŋt	V;PRS;POS;TR;ABS(3,SG);ERG(1,INCL,PL)	pʰaŋts
pʰaŋt	V;PRS;POS;TR;ABS(3,SG);ERG(2,SG,FORM)	pʰaŋts
pʰaŋt	V;PRS;POS;TR;ABS(3,SG);ERG(3,DU)	pʰaŋts
pʰaŋt	V;PST;NEG;TR;ABS(1,EXCL,PL);ERG(3,SG)	pʰaŋte
pʰaŋt	V;PST;NEG;TR;ABS(1,SG);ERG(3,DU)	pʰaŋte
pʰaŋt	V;PST;NEG;TR;ABS(3,DU);ERG(2,DU)	pʰaŋtet
pʰaŋt	V;PST;NEG;TR;ABS(3,PL);ERG(2,DU)	pʰaŋtet
pʰaŋt	V;PST;POS;TR;ABS(2,SG);ERG(3,SG)	pʰaŋtest
pʰaŋt	V;PST;POS;TR;ABS(3,PL);ERG(2,DU)	pʰaŋtet
pʰaŋt	V;PST;POS;TR;ABS(3,SG);ERG(1,INCL,PL)	pʰaŋte
pʰer	V;IMP;NEG;TR;ABS(2,PL);ERG(3,PL)	pʰers
pʰer	V;IMP;POS;INTR;ABS(2,DU)	pʰers
pʰer	V;IMP;POS;TR;ABS(2,PL);ERG(3,PL)	pʰers
pʰer	V;PRS;NEG;INTR;ABS(3,SG)	pʰers
pʰer	V;PRS;NEG;TR;ABS(1,EXCL,PL);ERG(3,SG)	pʰers
pʰer	V;PRS;NEG;TR;ABS(3,SG);ERG(2,DU)	pʰers
pʰer	V;PRS;NEG;TR;ABS(3,SG);ERG(2,PL)	pʰers
pʰer	V;PRS;POS;TR;ABS(1,EXCL,DU);ERG(3,SG)	pʰers
pʰer	V;PRS;POS;TR;ABS(1,SG);ERG(2,PL)	pʰers
pʰer	V;PST;NEG;TR;ABS(2,DU);ERG(1,EXCL,DU)	pʰered
pʰer	V;PST;NEG;TR;ABS(2,DU);ERG(3,SG)	pʰers
pʰer	V;PST;NEG;TR;ABS(3,PL);ERG(1,SG)	pʰeres
pʰer	V;PST;NEG;TR;ABS(3,PL);ERG(3,SG)	pʰers
pʰer	V;PST;NEG;TR;ABS(3,SG);ERG(3,SG)	pʰers
pʰer	V;PST;POS;INTR;ABS(3,DU)	pʰered
pʰer	V;PST;POS;TR;ABS(1,INCL,PL);ERG(3,PL)	pʰered
pʰer	V;PST;POS;TR;ABS(3,DU);ERG(2,PL)	pʰertet
pʰer	V;PST;POS;TR;ABS(3,PL);ERG(1,SG)	pʰeres
pʰer	V;PST;POS;TR;ABS(3,PL);ERG(3,PL)	pʰered
pʰer	V;PST;POS;TR;ABS(3,SG);ERG(1,SG)	pʰers
pʰrɛpt	V;IMP;NEG;TR;ABS(2,PL);ERG(3,SG)	pʰrɛpts
pʰrɛpt	V;IMP;POS;TR;ABS(2,DU);ERG(1,EXCL,PL)	pʰrɛptest
pʰrɛpt	V;PRS;NEG;TR;ABS(1,EXCL,PL);ERG(2,PL)	pʰrɛptet
pʰrɛpt	V;PRS;NEG;TR;ABS(1,INCL,DU);ERG(3,SG)	pʰrɛpts
pʰrɛpt	V;PRS;NEG;TR;ABS(2,PL);ERG(1,EXCL,PL)	pʰrɛptest
pʰrɛpt	V;PRS;NEG;TR;ABS(2,PL);ERG(3,SG)	pʰrɛpts
pʰrɛpt	V;PRS;NEG;TR;ABS(3,DU);ERG(2,DU)	pʰrɛpts
pʰrɛpt	V;PRS;NEG;TR;ABS(3,PL);ERG(2,PL)	pʰrɛpts
pʰrɛpt	V;PRS;NEG;TR;ABS(3,SG);ERG(1,EXCL,DU)	pʰrɛpts
pʰrɛpt	V;PRS;NEG;TR;ABS(3,SG);ERG(2,PL)	pʰrɛpts
pʰrɛpt	V;PRS;POS;TR;ABS(1,EXCL,PL);ERG(3,DU)	pʰrɛpts
pʰrɛpt	V;PRS;POS;TR;ABS(1,INCL,DU);ERG(3,SG)	pʰrɛpts
pʰrɛpt	V;PRS;POS;TR;ABS(2,DU);ERG(3,DU)	pʰrɛpts
pʰrɛpt	V;PRS;POS;TR;ABS(2,PL);ERG(1,SG)	pʰrɛpts
pʰrɛpt	V;PRS;POS;TR;ABS(2,PL);ERG(3,SG)	pʰrɛpts
pʰrɛpt	V;PRS;POS;TR;ABS(3,DU);ERG(1,EXCL,PL)	pʰrɛpts
pʰrɛpt	V;PRS;POS;TR;ABS(3,DU);ERG(1,SG)	pʰrɛpts
pʰrɛpt	V;PST;NEG;TR;ABS(2,DU);ERG(3,SG)	pʰrɛptest
pʰrɛpt	V;PST;POS;TR;ABS(3,PL);ERG(2,SG,FORM)	pʰrɛptest
pʰrɛpt	V;PST;POS;TR;ABS(3,SG);ERG(3,DU)	pʰrɛpte
pʰɛm	V;IMP;NEG;INTR;ABS(2,PL)	pʰɛmt
pʰɛm	V;IMP;POS;INTR;ABS(2,SG)	pʰɛms
pʰɛm	V;PRS;NEG;INTR;ABS(1,EXCL,DU)	pʰɛme
pʰɛm	V;PRS;NEG;INTR;ABS(1,EXCL,PL)	pʰɛme
pʰɛm	V;PRS;NEG;INTR;ABS(1,SG)	pʰɛms
pʰɛm	V;PRS;NEG;INTR;ABS(2,DU)	pʰɛms
pʰɛm	V;PRS;NEG;INTR;ABS(2,SG)	pʰɛms
pʰɛm	V;PRS;POS;INTR;ABS(1,EXCL,PL)	pʰɛme
pʰɛm	V;PRS;POS;INTR;ABS(2,DU)	pʰɛms
pʰɛm	V;PST;NEG;INTR;ABS(1,EXCL,PL)	pʰɛmten
pʰɛm	V;PST;NEG;INTR;ABS(1,SG)	pʰɛme
pʰɛm	V;PST;NEG;INTR;ABS(2,DU)	pʰɛmtest
pʰɛm	V;PST;NEG;INTR;ABS(2,PL)	pʰɛmtet
pʰɛm	V;PST;NEG;INTR;ABS(3,DU)	pʰɛmte
pʰɛm	V;PST;NEG;INTR;ABS(3,PL)	pʰɛmten
pʰɛm	V;PST;NEG;INTR;ABS(3,SG)	pʰɛmte
pʰɛm	V;PST;POS;INTR;ABS(1,INCL,DU)	pʰɛmed
pʰɛm	V;PST;POS;INTR;ABS(2,DU)	pʰɛmtest
pʰɛm	V;PST;POS;INTR;ABS(2,SG)	pʰɛmtest
pʰɛm	V;PST;POS;INTR;ABS(3,SG)	pʰɛmte
rekt	V;IMP;NEG;TR;ABS(2,DU);ERG(1,EXCL,DU)	rektest
rekt	V;IMP;NEG;TR;ABS(2,SG);ERG(3,SG)	rekts
rekt	V;IMP;POS;TR;ABS(2,PL);ERG(3,SG)	rekts
rekt	V;IMP;POS;TR;ABS(2,SG);ERG(3,SG)	rekts
rekt	V;PRS;NEG;TR;ABS(1,EXCL,PL);ERG(3,PL)	rekten
rekt	V;PRS;NEG;TR;ABS(2,DU);ERG(1,EXCL,PL)	rekts
rekt	V;PRS;NEG;TR;ABS(3,DU);ERG(1,INCL,PL)	rekte
rekt	V;PRS;NEG;TR;ABS(3,PL);ERG(1,EXCL,PL)	rekte
rekt	V;PRS;POS;TR;ABS(1,EXCL,DU);ERG(3,PL)	rekten
rekt	V;PRS;POS;TR;ABS(2,DU);ERG(3,PL)	rekts
rekt	V;PRS;POS;TR;ABS(3,SG);ERG(2,DU)	rekts
rekt	V;PST;NEG;TR;ABS(3,DU);ERG(3,SG)	rekte
rekt	V;PST;NEG;TR;ABS(3,PL);ERG(1,INCL,DU)	rekten
rekt	V;PST;NEG;TR;ABS(3,PL);ERG(2,PL)	rektet
rekt	V;PST;NEG;TR;ABS(3,PL);ERG(3,DU)	rekten
rekt	V;PST;NEG;TR;ABS(3,PL);ERG(3,SG)	rekte
rekt	V;PST;NEG;TR;ABS(3,SG);ERG(2,SG,FORM)	rektest
rekt	V;PST;POS;TR;ABS(1,SG);ERG(2,PL)	rektest
rekt	V;PST;POS;TR;ABS(2,SG);ERG(1,EXCL,DU)	rektest
rekt	V;PST;POS;TR;ABS(2,SG);ERG(1,EXCL,PL)	rektest
reŋt	V;IMP;NEG;TR;ABS(2,SG);ERG(3,DU)	reŋts
reŋt	V;IMP;POS;TR;ABS(2,PL);ERG(3,DU)	reŋts
reŋt	V;PRS;NEG;TR;ABS(1,EXCL,DU);ERG(3,PL)	reŋten
reŋt	V;PRS;NEG;TR;ABS(2,DU);ERG(1,EXCL,DU)	reŋts
reŋt	V;PRS;NEG;TR;ABS(2,DU);ERG(1,SG)	reŋts
reŋt	V;PRS;NEG;TR;ABS(3,DU);ERG(1,INCL,PL)	reŋte
reŋt	V;PRS;NEG;TR;ABS(3,DU);ERG(2,SG,FORM)	reŋts
reŋt	V;PRS;POS;TR;ABS(1,EXCL,DU);ERG(2,PL)	reŋtet
reŋt	V;PRS;POS;TR;ABS(3,DU);ERG(1,EXCL,DU)	reŋte
reŋt	V;PRS;POS;TR;ABS(3,DU);ERG(1,INCL,PL)	reŋten
reŋt	V;PRS;POS;TR;ABS(3,DU);ERG(1,SG)	reŋts
reŋt	V;PRS;POS;TR;ABS(3,PL);ERG(1,SG)	reŋte
reŋt	V;PST;NEG;TR;ABS(3,DU);ERG(1,EXCL,PL)	reŋten
reŋt	V;PST;NEG;TR;ABS(3,DU);ERG(2,PL)	reŋtet
reŋt	V;PST;NEG;TR;ABS(3,DU);ERG(3,SG)	reŋte
reŋt	V;PST;NEG;TR;ABS(3,SG);ERG(1,SG)	reŋte
reŋt	V;PST;POS;TR;ABS(1,EXCL,PL);ERG(2,PL)	reŋtet
reŋt	V;PST;POS;TR;ABS(1,SG);ERG(3,SG)	reŋte
reŋt	V;PST;POS;TR;ABS(3,DU);ERG(2,SG,FORM)	reŋtest
reŋt	V;PST;POS;TR;ABS(3,SG);ERG(1,EXCL,DU)	reŋte
ritt	V;IMP;NEG;TR;ABS(2,DU);ERG(1,SG)	rittest
ritt	V;IMP;NEG;TR;ABS(2,SG);ERG(1,SG)	ritts
ritt	V;IMP;POS;TR;ABS(2,DU);ERG(3,SG)	ritts
ritt	V;PRS;NEG;TR;ABS(1,EXCL,DU);ERG(3,DU)	ritten
ritt	V;PRS;NEG;TR;ABS(2,PL);ERG(1,EXCL,PL)	rittet
ritt	V;PRS;NEG;TR;ABS(3,PL);ERG(2,PL)	rittet
ritt	V;PRS;POS;TR;ABS(1,EXCL,PL);ERG(2,PL)	rittet
ritt	V;PRS;POS;TR;ABS(1,SG);ERG(3,SG)	ritte
ritt	V;PRS;POS;TR;ABS(2,PL);ERG(3,SG)	ritts
ritt	V;PRS;POS;TR;ABS(2,SG);ERG(3,DU)	ritts
ritt	V;PRS;POS;TR;ABS(3,PL);ERG(2,SG,FORM)	ritts
ritt	V;PST;NEG;TR;ABS(1,INCL,DU);ERG(3,PL)	ritten
ritt	V;PST;NEG;TR;ABS(1,INCL,PL);ERG(3,PL)	ritten
ritt	V;PST;NEG;TR;ABS(1,SG);ERG(3,PL)	ritte
ritt	V;PST;NEG;TR;ABS(2,SG);ERG(1,EXCL,DU)	rittest
ritt	V;PST;NEG;TR;ABS(2,SG);ERG(3,SG)	rittest
ritt	V;PST;POS;TR;ABS(2,DU);ERG(3,SG)	rittest
ritt	V;PST;POS;TR;ABS(2,PL);ERG(1,EXCL,PL)	rittetet
ritt	V;PST;POS;TR;ABS(3,DU);ERG(1,EXCL,DU)	ritten
ritt	V;PST;POS;TR;ABS(3,SG);ERG(1,EXCL,PL)	ritte
rol	V;IMP;NEG;TR;ABS(2,PL);ERG(3,DU)	rols
rol	V;IMP;NEG;TR;ABS(2,SG);ERG(3,DU)	rols
rol	V;IMP;POS;TR;ABS(2,DU);ERG(1,EXCL,DU)	rols
rol	V;PRS;NEG;TR;ABS(1,EXCL,DU);ERG(3,SG)	rols
rol	V;PRS;NEG;TR;ABS(1,SG);ERG(3,DU)	rols
rol	V;PRS;NEG;TR;ABS(2,DU);ERG(1,EXCL,PL)	rols
rol	V;PRS;POS;TR;ABS(1,INCL,DU);ERG(3,DU)	rols
rol	V;PRS;POS;TR;ABS(2,SG);ERG(1,EXCL,DU)	rols
rol	V;PRS;POS;TR;ABS(3,DU);ERG(3,PL)	rols
rol	V;PST;NEG;TR;ABS(1,EXCL,DU);ERG(2,SG,FORM)	rolled
rol	V;PST;NEG;TR;ABS(1,EXCL,DU);ERG(3,PL)	rollen
rol	V;PST;NEG;TR;ABS(1,SG);ERG(3,PL)	rolte
rol	V;PST;NEG;TR;ABS(2,SG);ERG(1,EXCL,PL)	roltest
rol	V;PST;NEG;TR;ABS(2,SG);ERG(3,SG)	roltest
rol	V;PST;NEG;TR;ABS(3,PL);ERG(1,INCL,PL)	rolten
rol	V;PST;NEG;TR;ABS(3,PL);ERG(3,DU)	rolten
rol	V;PST;NEG;TR;ABS(3,SG);ERG(2,SG,FORM)	roltest
rol	V;PST;POS;TR;ABS(1,SG);ERG(2,PL)	roltest
rol	V;PST;POS;TR;ABS(3,DU);ERG(1,INCL,DU)	rollen
rol	V;PST;POS;TR;ABS(3,SG);ERG(2,PL)	roltest
rot	V;IMP;POS;TR;ABS(2,SG);ERG(1,EXCL,PL)	rots
rot	V;PRS;NEG;TR;ABS(1,SG);ERG(2,DU)	rots
rot	V;PRS;NEG;TR;ABS(2,DU);ERG(1,EXCL,DU)	rots
rot	V;PRS;NEG;TR;ABS(2,DU);ERG(3,DU)	rots
rot	V;PRS;NEG;TR;ABS(2,DU);ERG(3,PL)	rots
rot	V;PRS;NEG;TR;ABS(3,SG);ERG(2,PL)	rots
rot	V;PRS;POS;TR;ABS(2,PL);ERG(1,EXCL,PL)	rots
rot	V;PRS;POS;TR;ABS(3,DU);ERG(3,SG)	rots
rot	V;PST;NEG;TR;ABS(1,EXCL,PL);ERG(3,PL)	rotten
rot	V;PST;NEG;TR;ABS(2,PL);ERG(1,EXCL,DU)	rottet
rot	V;PST;NEG;TR;ABS(2,PL);ERG(3,SG)	rottest
rot	V;PST;NEG;TR;ABS(3,PL);ERG(3,DU)	rotten
rot	V;PST;POS;TR;ABS(1,EXCL,DU);ERG(2,DU)	rotted
rot	V;PST;POS;TR;ABS(1,EXCL,DU);ERG(3,PL)	rotten
rot	V;PST;POS;TR;ABS(1,EXCL,DU);ERG(3,SG)	rotte
rot	V;PST;POS;TR;ABS(1,INCL,PL);ERG(3,DU)	rotten
rot	V;PST;POS;TR;ABS(2,DU);ERG(3,PL)	rottet
rot	V;PST;POS;TR;ABS(2,SG);ERG(1,EXCL,PL)	rottest
rot	V;PST;POS;TR;ABS(3,PL);ERG(3,DU)	rotten
rot	V;PST;POS;TR;ABS(3,SG);ERG(1,INCL,PL)	rotte
set	V;IMP;NEG;TR;ABS(2,DU);ERG(1,EXCL,DU)	sets
set	V;IMP;POS;TR;ABS(2,SG);ERG(3,DU)	sets
set	V;IMP;POS;TR;ABS(2,SG);ERG(3,SG)	sets
set	V;PRS;NEG;TR;ABS(1,INCL,DU);ERG(3,SG)	sets
set	V;PRS;NEG;TR;ABS(2,DU);ERG(3,DU)	sets
set	V;PRS;NEG;TR;ABS(2,SG);ERG(3,PL)	sets
set	V;PRS;NEG;TR;ABS(3,PL);ERG(2,DU)	sets
set	V;PRS;POS;TR;ABS(1,EXCL,PL);ERG(2,SG,FORM)	sets
set	V;PRS;POS;TR;ABS(1,INCL,DU);ERG(3,SG)	sets
set	V;PRS;POS;TR;ABS(1,SG);ERG(2,SG,FORM)	sets
set	V;PST;NEG;TR;ABS(1,EXCL,PL);ERG(2,SG,FORM)	sets
set	V;PST;NEG;TR;ABS(1,INCL,DU);ERG(3,DU)	setten
set	V;PST;POS;TR;ABS(1,INCL,DU);ERG(3,PL)	setten
set	V;PST;POS;TR;ABS(2,PL);ERG(3,SG)	sets
set	V;PST;POS;TR;ABS(2,SG);ERG(3,SG)	sets
set	V;PST;POS;TR;ABS(3,DU);ERG(1,EXCL,PL)	setten
set	V;PST;POS;TR;ABS(3,DU);ERG(3,DU)	setten
set	V;PST;POS;TR;ABS(3,PL);ERG(1,EXCL,DU)	setten
set	V;PST;POS;TR;ABS(3,PL);ERG(1,INCL,DU)	setten
set	V;PST;POS;TR;ABS(3,PL);ERG(2,PL)	setted
sit	V;IMP;NEG;TR;ABS(2,PL);ERG(3,PL)	sits
sit	V;IMP;POS;TR;ABS(2,PL);ERG(3,PL)	sits
sit	V;PRS;NEG;TR;ABS(1,EXCL,DU);ERG(2,SG,FORM)	sits
sit	V;PRS;NEG;TR;ABS(1,EXCL,DU);ERG(3,DU)	sits
sit	V;PRS;NEG;TR;ABS(2,DU);ERG(3,SG)	sits
sit	V;PRS;NEG;TR;ABS(2,PL);ERG(1,EXCL,PL)	sits
sit	V;PRS;NEG;TR;ABS(3,DU);ERG(1,EXCL,DU)	sits
sit	V;PRS;NEG;TR;ABS(3,DU);ERG(3,DU)	sits
sit	V;PRS;NEG;TR;ABS(3,SG);ERG(1,INCL,DU)	sits
sit	V;PRS;POS;TR;ABS(1,EXCL,PL);ERG(2,PL)	sits
sit	V;PRS;POS;TR;ABS(2,SG);ERG(3,SG)	sits
sit	V;PST;NEG;TR;ABS(1,EXCL,DU);ERG(2,SG,FORM)	sits
sit	V;PST;NEG;TR;ABS(1,EXCL,PL);ERG(3,PL)	sitten
sit	V;PST;NEG;TR;ABS(2,DU);ERG(1,EXCL,DU)	sitted
sit	V;PST;NEG;TR;ABS(2,DU);ERG(3,DU)	sitted
sit	V;PST;NEG;TR;ABS(2,PL);ERG(3,SG)	sittest
sit	V;PST;NEG;TR;ABS(3,DU);ERG(1,EXCL,DU)	sitten
sit	V;PST;NEG;TR;ABS(3,DU);ERG(1,EXCL,PL)	sitten
sit	V;PST;NEG;TR;ABS(3,PL);ERG(3,SG)	sitte
sit	V;PST;POS;TR;ABS(2,PL);ERG(3,SG)	sits
tɛm	V;PRS;NEG;TR;ABS(1,EXCL,PL);ERG(2,SG,FORM)	tɛms
tɛm	V;PRS;NEG;TR;ABS(2,DU);ERG(1,EXCL,DU)	tɛms
tɛm	V;PRS;NEG;TR;ABS(2,DU);ERG(3,PL)	tɛms
tɛm	V;PRS;NEG;TR;ABS(2,PL);ERG(1,EXCL,DU)	tɛmes
tɛm	V;PRS;NEG;TR;ABS(2,PL);ERG(3,SG)	tɛms
tɛm	V;PRS;NEG;TR;ABS(3,DU);ERG(1,INCL,PL)	tɛms
tɛm	V;PRS;NEG;TR;ABS(3,PL);ERG(1,INCL,DU)	tɛms
tɛm	V;PRS;POS;TR;ABS(1,EXCL,PL);ERG(2,DU)	tɛms
tɛm	V;PRS;POS;TR;ABS(1,EXCL,PL);ERG(3,DU)	tɛms
tɛm	V;PRS;POS;TR;ABS(2,PL);ERG(1,SG)	tɛms
tɛm	V;PRS;POS;TR;ABS(2,PL);ERG(3,PL)	tɛms
tɛm	V;PRS;POS;TR;ABS(2,SG);ERG(3,PL)	tɛms
tɛm	V;PRS;POS;TR;ABS(3,DU);ERG(3,DU)	tɛms
tɛm	V;PST;NEG;TR;ABS(3,DU);ERG(3,PL)	tɛmten
tɛm	V;PST;NEG;TR;ABS(3,PL);ERG(2,SG,FORM)	tɛmtest
tɛm	V;PST;POS;TR;ABS(1,EXCL,DU);ERG(2,PL)	tɛmtet
tɛm	V;PST;POS;TR;ABS(1,INCL,DU);ERG(3,DU)	tɛmed
tɛm	V;PST;POS;TR;ABS(1,INCL,PL);ERG(3,DU)	tɛmte
tɛm	V;PST;POS;TR;ABS(3,DU);ERG(1,INCL,DU)	tɛmed
tɛm	V;PST;POS;TR;ABS(3,DU);ERG(2,PL)	tɛmtet
tʰint	V;IMP;NEG;TR;ABS(2,DU);ERG(1,EXCL,DU)	tʰints
tʰint	V;IMP;NEG;TR;ABS(2,DU);ERG(3,DU)	tʰints
tʰint	V;IMP;NEG;TR;ABS(2,PL);ERG(3,DU)	tʰints
tʰint	V;IMP;NEG;TR;ABS(2,SG);ERG(3,PL)	tʰints
tʰint	V;IMP;NEG;TR;ABS(2,SG);ERG(3,SG)	tʰints
tʰint	V;PRS;NEG;TR;ABS(1,SG);ERG(3,DU)	tʰints
tʰint	V;PRS;NEG;TR;ABS(1,SG);ERG(3,SG)	tʰints
tʰint	V;PRS;NEG;TR;ABS(3,DU);ERG(1,INCL,PL)	tʰints
tʰint	V;PRS;NEG;TR;ABS(3,DU);ERG(2,DU)	tʰints
tʰint	V;PRS;NEG;TR;ABS(3,PL);ERG(3,SG)	tʰints
tʰint	V;PRS;NEG;TR;ABS(3,SG);ERG(3,DU)	tʰints
tʰint	V;PRS;POS;TR;ABS(1,EXCL,PL);ERG(3,SG)	tʰints
tʰint	V;PRS;POS;TR;ABS(1,INCL,PL);ERG(3,SG)	tʰints
tʰint	V;PRS;POS;TR;ABS(1,SG);ERG(3,SG)	tʰints
tʰint	V;PST;NEG;TR;ABS(3,DU);ERG(2,PL)	tʰinted
tʰint	V;PST;NEG;TR;ABS(3,PL);ERG(2,DU)	tʰinted
tʰint	V;PST;POS;TR;ABS(1,EXCL,DU);ERG(2,DU)	tʰinted
tʰint	V;PST;POS;TR;ABS(3,DU);ERG(1,EXCL,DU)	tʰinted
tʰint	V;PST;POS;TR;ABS(3,DU);ERG(2,SG,FORM)	tʰintest
tʰint	V;PST;POS;TR;ABS(3,PL);ERG(3,SG)	tʰintes
tʰol	V;IMP;NEG;TR;ABS(2,PL);ERG(1,EXCL,DU)	tʰoles
tʰol	V;IMP;NEG;TR;ABS(2,SG);ERG(3,PL)	tʰols
tʰol	V;PRS;NEG;TR;ABS(1,EXCL,DU);ERG(3,PL)	tʰols
tʰol	V;PRS;NEG;TR;ABS(1,SG);ERG(3,SG)	tʰols
tʰol	V;PRS;NEG;TR;ABS(2,DU);ERG(1,EXCL,DU)	tʰols
tʰol	V;PRS;POS;TR;ABS(1,EXCL,DU);ERG(3,SG)	tʰols
tʰol	V;PRS;POS;TR;ABS(1,INCL,DU);ERG(3,DU)	tʰols
tʰol	V;PRS;POS;TR;ABS(1,INCL,DU);ERG(3,PL)	tʰols
tʰol	V;PRS;POS;TR;ABS(1,SG);ERG(3,PL)	tʰols
tʰol	V;PRS;POS;TR;ABS(3,DU);ERG(3,SG)	tʰols
tʰol	V;PRS;POS;TR;ABS(3,PL);ERG(2,DU)	tʰols
tʰol	V;PST;NEG;TR;ABS(1,EXCL,DU);ERG(3,PL)	tʰolen
tʰol	V;PST;NEG;TR;ABS(2,PL);ERG(1,EXCL,DU)	tʰolted
tʰol	V;PST;NEG;TR;ABS(3,DU);ERG(1,INCL,DU)	tʰole
tʰol	V;PST;NEG;TR;ABS(3,SG);ERG(2,PL)	tʰoltest
tʰol	V;PST;POS;TR;ABS(1,EXCL,PL);ERG(2,DU)	tʰoled
tʰol	V;PST;POS;TR;ABS(1,INCL,PL);ERG(3,DU)	tʰolen
tʰol	V;PST;POS;TR;ABS(2,PL);ERG(3,SG)	tʰols
tʰol	V;PST;POS;TR;ABS(3,DU);ERG(1,INCL,PL)	tʰolen
tʰol	V;PST;POS;TR;ABS(3,DU);ERG(1,SG)	tʰols
tʰɛpt	V;IMP;POS;TR;ABS(2,SG);ERG(3,DU)	tʰɛpts
tʰɛpt	V;PRS;NEG;TR;ABS(1,EXCL,PL);ERG(2,PL)	tʰɛpts
tʰɛpt	V;PRS;NEG;TR;ABS(3,DU);ERG(1,INCL,PL)	tʰɛpts
tʰɛpt	V;PRS;NEG;TR;ABS(3,SG);ERG(1,INCL,DU)	tʰɛpts
tʰɛpt	V;PRS;POS;TR;ABS(1,EXCL,PL);ERG(3,SG)	tʰɛpts
tʰɛpt	V;PRS;POS;TR;ABS(2,DU);ERG(1,SG)	tʰɛpts
tʰɛpt	V;PRS;POS;TR;ABS(2,PL);ERG(3,SG)	tʰɛpts
tʰɛpt	V;PRS;POS;TR;ABS(3,DU);ERG(1,INCL,PL)	tʰɛpts
tʰɛpt	V;PRS;POS;TR;ABS(3,SG);ERG(1,EXCL,PL)	tʰɛpts
tʰɛpt	V;PRS;POS;TR;ABS(3,SG);ERG(1,INCL,DU)	tʰɛpts
tʰɛpt	V;PST;NEG;TR;ABS(1,EXCL,DU);ERG(3,PL)	tʰɛpten
tʰɛpt	V;PST;NEG;TR;ABS(1,INCL,DU);ERG(3,SG)	tʰɛpte
tʰɛpt	V;PST;NEG;TR;ABS(3,PL);ERG(2,SG,FORM)	tʰɛptest
tʰɛpt	V;PST;POS;TR;ABS(1,EXCL,DU);ERG(3,SG)	tʰɛpte
tʰɛpt	V;PST;POS;TR;ABS(1,SG);ERG(3,DU)	tʰɛpte
tʰɛpt	V;PST;POS;TR;ABS(2,PL);ERG(3,PL)	tʰɛptet
tʰɛpt	V;PST;POS;TR;ABS(3,DU);ERG(3,DU)	tʰɛpten
tʰɛpt	V;PST;POS;TR;ABS(3,PL);ERG(1,EXCL,DU)	tʰɛpten
tʰɛpt	V;PST;POS;TR;ABS(3,PL);ERG(2,SG,FORM)	tʰɛptest
tʰɛpt	V;PST;POS;TR;ABS(3,SG);ERG(1,EXCL,PL)	tʰɛpte
wɛn	V;IMP;NEG;INTR;ABS(2,SG)	wɛns
wɛn	V;IMP;POS;INTR;ABS(2,DU)	wɛns
wɛn	V;NFIN;POS;INTR	wɛn
wɛn	V;PRS;NEG;INTR;ABS(1,EXCL,DU)	wɛne
wɛn	V;PRS;NEG;INTR;ABS(1,EXCL,PL)	wɛne
wɛn	V;PRS;NEG;INTR;ABS(1,INCL,DU)	wɛne
wɛn	V;PRS;NEG;INTR;ABS(2,SG)	wɛns
wɛn	V;PRS;NEG;INTR;ABS(3,DU)	wɛns
wɛn	V;PRS;POS;INTR;ABS(1,EXCL,PL)	wɛne
wɛn	V;PRS;POS;INTR;ABS(1,INCL,PL)	wɛne
wɛn	V;PRS;POS;INTR;ABS(3,DU)	wɛns
wɛn	V;PRS;POS;INTR;ABS(3,PL)	wɛns
wɛn	V;PST;NEG;INTR;ABS(1,INCL,DU)	wɛne
wɛn	V;PST;NEG;INTR;ABS(2,SG)	wɛns
wɛn	V;PST;POS;INTR;ABS(1,INCL,DU)	wɛne
wɛn	V;PST;POS;INTR;ABS(1,SG)	wɛne
wɛn	V;PST;POS;INTR;ABS(2,PL)	wɛntet
wɛn	V;PST;POS;INTR;ABS(2,SG)	wɛns
wɛn	V;PST;POS;INTR;ABS(3,DU)	wɛnten
wɛn	V;PST;POS;INTR;ABS(3,SG)	wɛnte
ɦip	V;IMP;NEG;TR;ABS(2,DU);ERG(1,EXCL,DU)	ɦips
ɦip	V;IMP;POS;TR;ABS(2,DU);ERG(3,SG)	ɦips
ɦip	V;PRS;NEG;TR;ABS(1,SG);ERG(2,SG,FORM)	ɦips
ɦip	V;PRS;NEG;TR;ABS(3,SG);ERG(1,EXCL,DU)	ɦips
ɦip	V;PRS;NEG;TR;ABS(3,SG);ERG(2,DU)	ɦips
ɦip	V;PRS;NEG;TR;ABS(3,SG);ERG(3,SG)	ɦips
ɦip	V;PRS;POS;TR;ABS(1,EXCL,DU);ERG(2,DU)	ɦips
ɦip	V;PRS;POS;TR;ABS(1,EXCL,PL);ERG(2,DU)	ɦips
ɦip	V;PRS;POS;TR;ABS(2,DU);ERG(1,SG)	ɦips
ɦip	V;PST;NEG;TR;ABS(1,INCL,PL);ERG(3,SG)	ɦipte
ɦip	V;PST;NEG;TR;ABS(1,SG);ERG(3,DU)	ɦipte
ɦip	V;PST;NEG;TR;ABS(2,SG);ERG(3,PL)	ɦiptest
ɦip	V;PST;NEG;TR;ABS(3,DU);ERG(3,DU)	ɦipte
ɦip	V;PST;NEG;TR;ABS(3,PL);ERG(3,DU)	ɦipten
ɦip	V;PST;NEG;TR;ABS(3,SG);ERG(1,EXCL,DU)	ɦipte
ɦip	V;PST;NEG;TR;ABS(3,SG);ERG(2,DU)	ɦiptest
ɦip	V;PST;POS;TR;ABS(1,EXCL,DU);ERG(3,PL)	ɦipten
ɦip	V;PST;POS;TR;ABS(1,EXCL,PL);ERG(2,DU)	ɦipted
ɦip	V;PST;POS;TR;ABS(1,EXCL,PL);ERG(3,DU)	ɦipten
ɦip	V;PST;POS;TR;ABS(3,DU);ERG(2,PL)	ɦiptet
ɦont	V;IMP;POS;TR;ABS(2,SG);ERG(3,SG)	ɦonts
ɦont	V;PRS;NEG;TR;ABS(1,EXCL,DU);ERG(2,DU)	ɦonts
ɦont	V;PRS;NEG;TR;ABS(1,SG);ERG(2,DU)	ɦonts
ɦont	V;PRS;NEG;TR;ABS(2,SG);ERG(3,SG)	ɦonts
ɦont	V;PRS;NEG;TR;ABS(3,DU);ERG(1,EXCL,DU)	ɦonts
ɦont	V;PRS;NEG;TR;ABS(3,DU);ERG(1,INCL,DU)	ɦonts
ɦont	V;PRS;NEG;TR;ABS(3,DU);ERG(2,SG,FORM)	ɦonts
ɦont	V;PRS;NEG;TR;ABS(3,SG);ERG(1,SG)	ɦonts
ɦont	V;PRS;POS;TR;ABS(1,EXCL,PL);ERG(2,DU)	ɦonts
ɦont	V;PRS;POS;TR;ABS(2,PL);ERG(1,EXCL,DU)	ɦontest
ɦont	V;PRS;POS;TR;ABS(2,PL);ERG(3,DU)	ɦonts
ɦont	V;PRS;POS;TR;ABS(2,SG);ERG(1,EXCL,PL)	ɦonts
ɦont	V;PRS;POS;TR;ABS(2,SG);ERG(3,DU)	ɦonts
ɦont	V;PRS;POS;TR;ABS(3,PL);ERG(2,DU)	ɦonts
ɦont	V;PST;NEG;TR;ABS(2,PL);ERG(3,PL)	ɦontet
ɦont	V;PST;NEG;TR;ABS(2,SG);ERG(1,EXCL,PL)	ɦontest
ɦont	V;PST;NEG;TR;ABS(3,DU);ERG(1,EXCL,PL)	ɦonted
ɦont	V;PST;POS;TR;ABS(2,SG);ERG(1,EXCL,DU)	ɦontest
ɦont	V;PST;POS;TR;ABS(3,PL);ERG(2,PL)	ɦonted
ɦont	V;PST;POS;TR;ABS(3,SG);ERG(3,SG)	ɦontes
ɦɛm	V;IMP;NEG;TR;ABS(2,PL);ERG(1,EXCL,DU)	ɦɛmes
ɦɛm	V;IMP;NEG;TR;ABS(2,SG);ERG(3,SG)	ɦɛms
ɦɛm	V;IMP;POS;TR;ABS(2,PL);ERG(3,SG)	ɦɛms
ɦɛm	V;PRS;NEG;TR;ABS(1,EXCL,DU);ERG(3,DU)	ɦɛms
ɦɛm	V;PRS;NEG;TR;ABS(1,SG);ERG(2,SG,FORM)	ɦɛms
ɦɛm	V;PRS;NEG;TR;ABS(2,DU);ERG(1,EXCL,PL)	ɦɛms
ɦɛm	V;PRS;NEG;TR;ABS(3,DU);ERG(1,EXCL,DU)	ɦɛms
ɦɛm	V;PRS;NEG;TR;ABS(3,DU);ERG(1,EXCL,PL)	ɦɛms
ɦɛm	V;PRS;NEG;TR;ABS(3,DU);ERG(1,INCL,DU)	ɦɛms
ɦɛm	V;PRS;NEG;TR;ABS(3,SG);ERG(2,SG,FORM)	ɦɛms
ɦɛm	V;PRS;POS;TR;ABS(1,SG);ERG(2,PL)	ɦɛms
ɦɛm	V;PRS;POS;TR;ABS(2,PL);ERG(3,DU)	ɦɛms
ɦɛm	V;PST;NEG;TR;ABS(1,INCL,PL);ERG(3,PL)	ɦɛmten
ɦɛm	V;PST;NEG;TR;ABS(1,SG);ERG(3,DU)	ɦɛmte
ɦɛm	V;PST;NEG;TR;ABS(3,DU);ERG(1,INCL,DU)	ɦɛmte
ɦɛm	V;PST;NEG;TR;ABS(3,SG);ERG(1,EXCL,DU)	ɦɛmte
ɦɛm	V;PST;POS;TR;ABS(1,EXCL,PL);ERG(2,DU)	ɦɛmted
ɦɛm	V;PST;POS;TR;ABS(1,INCL,DU);ERG(3,SG)	ɦɛmte
ɦɛm	V;PST;POS;TR;ABS(2,PL);ERG(1,EXCL,PL)	ɦɛmtet
ɦɛm	V;PST;POS;TR;ABS(3,DU);ERG(2,PL)	ɦɛmtet
ʔi	V;IMP;NEG;INTR;ABS(2,PL)	ʔis
ʔi	V;IMP;NEG;INTR;ABS(2,SG)	ʔis
ʔi	V;IMP;POS;INTR;ABS(2,DU)	ʔis
ʔi	V;IMP;POS;INTR;ABS(2,SG)	ʔis
ʔi	V;NFIN;POS;INTR	ʔi
ʔi	V;PRS;NEG;INTR;ABS(1,EXCL,PL)	ʔie
ʔi	V;PRS;NEG;INTR;ABS(1,INCL,DU)	ʔis
ʔi	V;PRS;NEG;INTR;ABS(1,INCL,PL)	ʔie
ʔi	V;PRS;NEG;INTR;ABS(2,SG)	ʔis
ʔi	V;PRS;NEG;INTR;ABS(3,PL)	ʔis
ʔi	V;PRS;POS;INTR;ABS(1,EXCL,PL)	ʔie
ʔi	V;PRS;POS;INTR;ABS(1,INCL,DU)	ʔie
ʔi	V;PRS;POS;INTR;ABS(2,PL)	ʔis
ʔi	V;PRS;POS;INTR;ABS(2,SG)	ʔis
ʔi	V;PRS;POS;INTR;ABS(3,PL)	ʔies
ʔi	V;PST;NEG;INTR;ABS(1,EXCL,PL)	ʔie
ʔi	V;PST;NEG;INTR;ABS(3,SG)	ʔies
ʔi	V;PST;POS;INTR;ABS(1,EXCL,PL)	ʔie
ʔi	V;PST;POS;INTR;ABS(1,SG)	ʔies
ʔi	V;PST;POS;INTR;ABS(2,DU)	ʔies
ʔok	V;IMP;NEG;INTR;ABS(2,SG)	ʔoks
ʔok	V;NFIN;POS;INTR	ʔoked
ʔok	V;PRS;NEG;INTR;ABS(1,INCL,PL)	ʔoke
ʔok	V;PRS;NEG;INTR;ABS(2,DU)	ʔoks
ʔok	V;PRS;NEG;INTR;ABS(2,PL)	ʔoks
ʔok	V;PRS;NEG;INTR;ABS(2,SG)	ʔoks
ʔok	V;PRS;NEG;INTR;ABS(3,DU)	ʔoks
ʔok	V;PRS;POS;INTR;ABS(1,INCL,DU)	ʔoke
ʔok	V;PRS;POS;INTR;ABS(1,INCL,PL)	ʔoken
ʔok	V;PRS;POS;INTR;ABS(2,DU)	ʔoks
ʔok	V;PRS;POS;INTR;ABS(3,PL)	ʔoks
ʔok	V;PRS;POS;INTR;ABS(3,SG)	ʔoks
ʔok	V;PST;NEG;INTR;ABS(1,INCL,PL)	ʔoken
ʔok	V;PST;NEG;INTR;ABS(2,DU)	ʔoktest
ʔok	V;PST;NEG;INTR;ABS(2,PL)	ʔoktet
ʔok	V;PST;POS;INTR;ABS(1,EXCL,DU)	ʔoken
ʔok	V;PST;POS;INTR;ABS(1,SG)	ʔoke
ʔok	V;PST;POS;INTR;ABS(2,PL)	ʔoktet
ʔok	V;PST;POS;INTR;ABS(3,DU)	ʔoken
ʔok	V;PST;POS;INTR;ABS(3,SG)	ʔokte
ʔont	V;IMP;NEG;TR;ABS(2,PL);ERG(1,EXCL,PL)	ʔonts
ʔont	V;IMP;POS;TR;ABS(2,DU);ERG(1,EXCL,PL)	ʔonts
ʔont	V;IMP;POS;TR;ABS(2,PL);ERG(3,SG)	ʔonts
ʔont	V;IMP;POS;TR;ABS(2,SG);ERG(3,SG)	ʔonts
ʔont	V;PRS;NEG;TR;ABS(2,SG);ERG(3,SG)	ʔonts
ʔont	V;PRS;NEG;TR;ABS(3,DU);ERG(1,EXCL,PL)	ʔonts
ʔont	V;PRS;NEG;TR;ABS(3,DU);ERG(2,DU)	ʔonts
ʔont	V;PRS;NEG;TR;ABS(3,PL);ERG(3,DU)	ʔonts
ʔont	V;PRS;NEG;TR;ABS(3,SG);ERG(3,SG)	ʔonts
ʔont	V;PRS;POS;TR;ABS(1,EXCL,DU);ERG(2,DU)	ʔonts
ʔont	V;PRS;POS;TR;ABS(1,EXCL,PL);ERG(2,PL)	ʔonts
ʔont	V;PRS;POS;TR;ABS(1,SG);ERG(2,PL)	ʔonts
ʔont	V;PRS;POS;TR;ABS(1,SG);ERG(3,DU)	ʔonts
ʔont	V;PRS;POS;TR;ABS(3,DU);ERG(3,SG)	ʔonts
ʔont	V;PRS;POS;TR;ABS(3,PL);ERG(1,EXCL,DU)	ʔonts
ʔont	V;PST;NEG;TR;ABS(1,EXCL,PL);ERG(2,DU)	ʔonted
ʔont	V;PST;NEG;TR;ABS(1,SG);ERG(2,PL)	ʔontest
ʔont	V;PST;NEG;TR;ABS(3,DU);ERG(2,PL)	ʔonted
ʔont	V;PST;POS;TR;ABS(2,SG);ERG(3,SG)	ʔonts
ʔont	V;PST;POS;TR;ABS(3,PL);ERG(2,SG,FORM)	ʔonts
ʦik	V;IMP;NEG;INTR;ABS(2,PL)	ʦikt
ʦik	V;NFIN;POS;INTR	ʦiked
ʦik	V;PRS;NEG;INTR;ABS(1,EXCL,PL)	ʦike
ʦik	V;PRS;NEG;INTR;ABS(1,SG)	ʦiks
ʦik	V;PRS;NEG;INTR;ABS(2,DU)	ʦiks
ʦik	V;PRS;NEG;INTR;ABS(2,SG)	ʦiks
ʦik	V;PRS;NEG;INTR;ABS(3,DU)	ʦiks
ʦik	V;PRS;POS;INTR;ABS(1,EXCL,DU)	ʦike
ʦik	V;PRS;POS;INTR;ABS(1,EXCL,PL)	ʦike
ʦik	V;PRS;POS;INTR;ABS(1,INCL,PL)	ʦike
ʦik	V;PRS;POS;INTR;ABS(2,SG)	ʦiks
ʦik	V;PRS;POS;INTR;ABS(3,DU)	ʦiks
ʦik	V;PRS;POS;INTR;ABS(3,SG)	ʦiks
ʦik	V;PST;NEG;INTR;ABS(1,EXCL,DU)	ʦike
ʦik	V;PST;NEG;INTR;ABS(1,INCL,DU)	ʦike
ʦik	V;PST;NEG;INTR;ABS(1,INCL,PL)	ʦikten
ʦik	V;PST;NEG;INTR;ABS(2,PL)	ʦiktet
ʦik	V;PST;NEG;INTR;ABS(2,SG)	ʦiktest
ʦik	V;PST;POS;INTR;ABS(1,EXCL,PL)	ʦiken
ʦik	V;PST;POS;INTR;ABS(3,PL)	ʦiken
ʦir	V;IMP;NEG;TR;ABS(2,PL);ERG(3,DU)	ʦirs
ʦir	V;PRS;NEG;REFL;ABS(1,EXCL,DU)	ʦirs
ʦir	V;PRS;NEG;REFL;ABS(1,EXCL,PL)	ʦire
ʦir	V;PRS;NEG;REFL;ABS(1,INCL,DU)	ʦirs
ʦir	V;PRS;NEG;TR;ABS(1,EXCL,DU);ERG(2,PL)	ʦirs
ʦir	V;PRS;NEG;TR;ABS(3,PL);ERG(3,DU)	ʦirs
ʦir	V;PRS;POS;TR;ABS(1,EXCL,DU);ERG(2,PL)	ʦirs
ʦir	V;PRS;POS;TR;ABS(2,DU);ERG(1,EXCL,DU)	ʦirs
ʦir	V;PRS;POS;TR;ABS(2,SG);ERG(1,EXCL,DU)	ʦirs
ʦir	V;PRS;POS;TR;ABS(3,DU);ERG(1,INCL,PL)	ʦirs
ʦir	V;PRS;POS;TR;ABS(3,SG);ERG(1,EXCL,PL)	ʦirs
ʦir	V;PRS;POS;TR;ABS(3,SG);ERG(3,PL)	ʦirs
ʦir	V;PST;NEG;TR;ABS(2,DU);ERG(3,PL)	ʦirtet
ʦir	V;PST;NEG;TR;ABS(3,DU);ERG(3,DU)	ʦirten
ʦir	V;PST;NEG;TR;ABS(3,PL);ERG(3,DU)	ʦirten
ʦir	V;PST;POS;TR;ABS(1,EXCL,DU);ERG(3,SG)	ʦires
ʦir	V;PST;POS;TR;ABS(1,INCL,PL);ERG(3,DU)	ʦire
ʦir	V;PST;POS;TR;ABS(1,SG);ERG(2,PL)	ʦires
ʦir	V;PST;POS;TR;ABS(1,SG);ERG(3,PL)	ʦire
ʦir	V;PST;POS;TR;ABS(3,PL);ERG(1,EXCL,PL)	ʦiren
ʦʰop	V;IMP;NEG;TR;ABS(2,DU);ERG(3,SG)	ʦʰops
ʦʰop	V;PRS;NEG;TR;ABS(1,EXCL,DU);ERG(3,SG)	ʦʰops
ʦʰop	V;PRS;NEG;TR;ABS(2,DU);ERG(1,EXCL,DU)	ʦʰops
ʦʰop	V;PRS;NEG;TR;ABS(2,PL);ERG(1,EXCL,PL)	ʦʰops
ʦʰop	V;PRS;NEG;TR;ABS(3,DU);ERG(2,SG,FORM)	ʦʰops
ʦʰop	V;PRS;NEG;TR;ABS(3,DU);ERG(3,PL)	ʦʰops
ʦʰop	V;PRS;POS;TR;ABS(1,EXCL,PL);ERG(2,DU)	ʦʰops
ʦʰop	V;PRS;POS;TR;ABS(1,EXCL,PL);ERG(2,PL)	ʦʰops
ʦʰop	V;PRS;POS;TR;ABS(1,INCL,PL);ERG(3,PL)	ʦʰops
ʦʰop	V;PRS;POS;TR;ABS(3,DU);ERG(3,PL)	ʦʰops
ʦʰop	V;PRS;POS;TR;ABS(3,PL);ERG(1,INCL,PL)	ʦʰops
ʦʰop	V;PRS;POS;TR;ABS(3,SG);ERG(1,INCL,PL)	ʦʰops
ʦʰop	V;PRS;POS;TR;ABS(3,SG);ERG(3,SG)	ʦʰops
ʦʰop	V;PST;NEG;TR;ABS(1,EXCL,DU);ERG(2,SG,FORM)	ʦʰoptest
ʦʰop	V;PST;NEG;TR;ABS(3,DU);ERG(1,INCL,DU)	ʦʰope
ʦʰop	V;PST;NEG;TR;ABS(3,DU);ERG(3,PL)	ʦʰopten
ʦʰop	V;PST;NEG;TR;ABS(3,PL);ERG(1,SG)	ʦʰopte
ʦʰop	V;PST;POS;TR;ABS(1,EXCL,PL);ERG(3,PL)	ʦʰopen
ʦʰop	V;PST;POS;TR;ABS(1,SG);ERG(2,PL)	ʦʰoptest
ʦʰop	V;PST;POS;TR;ABS(3,PL);ERG(3,SG)	ʦʰops
ʦʰɛtt	V;IMP;NEG;REFL;ABS(2,PL)	ʦʰɛttet
ʦʰɛtt	V;IMP;POS;TR;ABS(2,PL);ERG(1,EXCL,PL)	ʦʰɛttest
ʦʰɛtt	V;IMP;POS;TR;ABS(2,PL);ERG(1,SG)	ʦʰɛttest
ʦʰɛtt	V;PRS;NEG;TR;ABS(1,EXCL,PL);ERG(3,SG)	ʦʰɛtte
ʦʰɛtt	V;PRS;POS;TR;ABS(1,EXCL,PL);ERG(3,DU)	ʦʰɛtten
ʦʰɛtt	V;PRS;POS;TR;ABS(1,INCL,PL);ERG(3,PL)	ʦʰɛtten
ʦʰɛtt	V;PRS;POS;TR;ABS(2,DU);ERG(1,EXCL,PL)	ʦʰɛttest
ʦʰɛtt	V;PRS;POS;TR;ABS(2,SG);ERG(3,DU)	ʦʰɛtts
ʦʰɛtt	V;PRS;POS;TR;ABS(3,DU);ERG(2,PL)	ʦʰɛtts
ʦʰɛtt	V;PRS;POS;TR;ABS(3,PL);ERG(3,PL)	ʦʰɛtten
ʦʰɛtt	V;PST;NEG;TR;ABS(1,INCL,PL);ERG(3,PL)	ʦʰɛtten
ʦʰɛtt	V;PST;NEG;TR;ABS(3,SG);ERG(3,DU)	ʦʰɛtte
ʦʰɛtt	V;PST;POS;REFL;ABS(1,EXCL,PL)	ʦʰɛtten
ʦʰɛtt	V;PST;POS;TR;ABS(1,EXCL,DU);ERG(2,PL)	ʦʰɛttet
ʦʰɛtt	V;PST;POS;TR;ABS(1,EXCL,PL);ERG(2,SG,FORM)	ʦʰɛttest
ʦʰɛtt	V;PST;POS;TR;ABS(1,SG);ERG(2,PL)	ʦʰɛttest
ʦʰɛtt	V;PST;POS;TR;ABS(2,PL);ERG(3,PL)	ʦʰɛttet
ʦʰɛtt	V;PST;POS;TR;ABS(3,DU);ERG(3,PL)	ʦʰɛtten
ʦʰɛtt	V;PST;POS;TR;ABS(3,PL);ERG(1,EXCL,DU)	ʦʰɛtten
ʦʰɛtt	V;PST;POS;TR;ABS(3,PL);ERG(1,INCL,PL)	ʦʰɛtten
accuracy:0.0