adiníłdíín	V;IND;PFV;NOM(1,GRPL)	adiníłdííne
adiníłdíín	V;IND;PFV;NOM(1,PL)	adiníłdíínen
adiníłdíín	V;IND;PFV;NOM(1,SG)	adiníłdíín
adiníłdíín	V;IND;PFV;NOM(2,GRPL)	adiníłdíínt
adiníłdíín	V;IND;PFV;NOM(2,PL)	adiníłdíínt
adiníłdíín	V;IND;PFV;NOM(2,SG)	adiníłdííns
adiníłdíín	V;IND;PFV;NOM(3,GRPL)	adiníłdíín
adiníłdíín	V;IND;PFV;NOM(3,PL)	adiníłdíínen
adiníłdíín	V;IND;PFV;NOM(3,SG)	adiníłdííns
adiníłdíín	V;IND;PFV;NOM(4,GRPL)	adiníłdííne
adiníłdíín	V;IND;PFV;NOM(4,PL)	adiníłdííne
adiníłdíín	V;IND;PFV;NOM(4,SG)	adiníłdíín
aheełtʼé	V;IND;PFV;NOM(1,GRPL)	aheełtʼé
aheełtʼé	V;IND;PFV;NOM(1,PL)	aheełtʼén
aheełtʼé	V;IND;PFV;NOM(1,SG)	aheełtʼé
aheełtʼé	V;IND;PFV;NOM(2,GRPL)	aheełtʼét
aheełtʼé	V;IND;PFV;NOM(2,PL)	aheełtʼét
aheełtʼé	V;IND;PFV;NOM(2,SG)	aheełtʼés
aheełtʼé	V;IND;PFV;NOM(3,GRPL)	aheełtʼés
aheełtʼé	V;IND;PFV;NOM(3,PL)	aheełtʼén
aheełtʼé	V;IND;PFV;NOM(3,SG)	aheełtʼés
aheełtʼé	V;IND;PFV;NOM(4,GRPL)	aheełtʼé
aheełtʼé	V;IND;PFV;NOM(4,PL)	aheełtʼée
aheełtʼé	V;IND;PFV;NOM(4,SG)	aheełtʼé
diłhił	V;IND;PFV;NOM(1,GRPL)	diłhiłe
diłhił	V;IND;PFV;NOM(1,PL)	diłhiłen
diłhił	V;IND;PFV;NOM(1,SG)	diłhiłe
diłhił	V;IND;PFV;NOM(2,GRPL)	diłhiłt
diłhił	V;IND;PFV;NOM(2,PL)	diłhiłt
diłhił	V;IND;PFV;NOM(2,SG)	diłhił
diłhił	V;IND;PFV;NOM(3,GRPL)	diłhiłe
diłhił	V;IND;PFV;NOM(3,PL)	diłhiłen
diłhił	V;IND;PFV;NOM(3,SG)	diłhił
diłhił	V;IND;PFV;NOM(4,GRPL)	diłhiłe
diłhił	V;IND;PFV;NOM(4,PL)	diłhiłe
diłhił	V;IND;PFV;NOM(4,SG)	diłhił
diʼil	V;IND;PFV;NOM(1,GRPL)	diʼile
diʼil	V;IND;PFV;NOM(1,PL)	diʼile
diʼil	V;IND;PFV;NOM(1,SG)	diʼil
diʼil	V;IND;PFV;NOM(2,GRPL)	diʼils
diʼil	V;IND;PFV;NOM(2,PL)	diʼile
diʼil	V;IND;PFV;NOM(2,SG)	diʼil
diʼil	V;IND;PFV;NOM(3,GRPL)	diʼils
diʼil	V;IND;PFV;NOM(3,PL)	diʼile
diʼil	V;IND;PFV;NOM(3,SG)	diʼils
diʼil	V;IND;PFV;NOM(4,GRPL)	diʼile
diʼil	V;IND;PFV;NOM(4,PL)	diʼile
diʼil	V;IND;PFV;NOM(4,SG)	diʼils
hashké	V;IND;IPFV;NOM(1,GRPL)	hashké
hashké	V;IND;IPFV;NOM(1,PL)	hashkén
hashké	V;IND;IPFV;NOM(1,SG)	hashké
hashké	V;IND;IPFV;NOM(2,GRPL)	hashkés
hashké	V;IND;IPFV;NOM(2,PL)	hashkét
hashké	V;IND;IPFV;NOM(2,SG)	hashké
hashké	V;IND;IPFV;NOM(3,GRPL)	hashkés
hashké	V;IND;IPFV;NOM(3,PL)	hashkée
hashké	V;IND;IPFV;NOM(3,SG)	hashkés
hashké	V;IND;IPFV;NOM(4,GRPL)	hashkée
hashké	V;IND;IPFV;NOM(4,PL)	hashkée
hashké	V;IND;IPFV;NOM(4,SG)	hashké
hashké	V;IND;PFV;NOM(1,GRPL)	hashké
hashké	V;IND;PFV;NOM(1,PL)	hashkén
hashké	V;IND;PFV;NOM(1,SG)	hashké
hashké	V;IND;PFV;NOM(2,GRPL)	hashkés
hashké	V;IND;PFV;NOM(2,PL)	hashkét
hashké	V;IND;PFV;NOM(2,SG)	hashkés
hashké	V;IND;PFV;NOM(3,GRPL)	hashkés
hashké	V;IND;PFV;NOM(3,PL)	hashkén
hashké	V;IND;PFV;NOM(3,SG)	hashkés
hashké	V;IND;PFV;NOM(4,GRPL)	hashkée
hashké	V;IND;PFV;NOM(4,PL)	hashkée
hashké	V;IND;PFV;NOM(4,SG)	hashké
iildlóósh	V;IND;IPFV;NOM(1,GRPL)	iildlóóshe
iildlóósh	V;IND;IPFV;NOM(2,GRPL)	iildlóóshes
iildlóósh	V;IND;IPFV;NOM(2,PL)	iildlóóshet
iildlóósh	V;IND;IPFV;NOM(2,SG)	iildlóósh
iildlóósh	V;IND;IPFV;NOM(3,PL)	iildlóóshen
iildlóósh	V;IND;IPFV;NOM(3,SG)	iildlóóshes
iildlóósh	V;IND;IPFV;NOM(4,GRPL)	iildlóóshe
iildlóósh	V;IND;IPFV;NOM(4,PL)	iildlóóshe
iildlóósh	V;IND;PFV;NOM(1,GRPL)	iildlóóshe
iildlóósh	V;IND;PFV;NOM(1,SG)	iildlóóshe
iildlóósh	V;IND;PFV;NOM(2,GRPL)	iildlóóshes
iildlóósh	V;IND;PFV;NOM(2,PL)	iildlóóshet
iildlóósh	V;IND;PFV;NOM(3,GRPL)	iildlóóshes
iildlóósh	V;IND;PFV;NOM(3,PL)	iildlóóshen
iildlóósh	V;IND;PFV;NOM(3,SG)	iildlóóshes
iildlóósh	V;IND;PFV;NOM(4,PL)	iildlóóshe
iildlóósh	V;IND;PFV;NOM(4,SG)	iildlóóshes
iildlóósh	V;IND;PROSP;NOM(1,PL)	iildlóóshen
iildlóósh	V;IND;PROSP;NOM(1,SG)	iildlóóshe
iildlóósh	V;IND;PROSP;NOM(2,SG)	iildlóóshs
iildlóósh	V;IND;PROSP;NOM(3,PL)	iildlóóshen
iildlóósh	V;IND;PROSP;NOM(4,PL)	iildlóóshe
iizǫ́ǫ́s	V;IND;IPFV;NOM(1,GRPL)	iizǫ́ǫ́s
iizǫ́ǫ́s	V;IND;IPFV;NOM(1,PL)	iizǫ́ǫ́se
iizǫ́ǫ́s	V;IND;IPFV;NOM(1,SG)	iizǫ́ǫ́s
iizǫ́ǫ́s	V;IND;IPFV;NOM(2,GRPL)	iizǫ́ǫ́st
iizǫ́ǫ́s	V;IND;IPFV;NOM(3,GRPL)	iizǫ́ǫ́s
iizǫ́ǫ́s	V;IND;IPFV;NOM(3,SG)	iizǫ́ǫ́s
iizǫ́ǫ́s	V;IND;IPFV;NOM(4,GRPL)	iizǫ́ǫ́s
iizǫ́ǫ́s	V;IND;IPFV;NOM(4,PL)	iizǫ́ǫ́se
iizǫ́ǫ́s	V;IND;PFV;NOM(1,SG)	iizǫ́ǫ́s
iizǫ́ǫ́s	V;IND;PFV;NOM(2,GRPL)	iizǫ́ǫ́st
iizǫ́ǫ́s	V;IND;PFV;NOM(2,SG)	iizǫ́ǫ́s
iizǫ́ǫ́s	V;IND;PFV;NOM(3,GRPL)	iizǫ́ǫ́s
iizǫ́ǫ́s	V;IND;PFV;NOM(3,SG)	iizǫ́ǫ́s
iizǫ́ǫ́s	V;IND;PFV;NOM(4,GRPL)	iizǫ́ǫ́s
iizǫ́ǫ́s	V;IND;PFV;NOM(4,SG)	iizǫ́ǫ́s
iizǫ́ǫ́s	V;IND;PROSP;NOM(1,PL)	iizǫ́ǫ́s
iizǫ́ǫ́s	V;IND;PROSP;NOM(1,SG)	iizǫ́ǫ́s
iizǫ́ǫ́s	V;IND;PROSP;NOM(2,GRPL)	iizǫ́ǫ́st
iizǫ́ǫ́s	V;IND;PROSP;NOM(3,GRPL)	iizǫ́ǫ́s
iizǫ́ǫ́s	V;IND;PROSP;NOM(3,SG)	iizǫ́ǫ́s
iizǫ́ǫ́s	V;IND;PROSP;NOM(4,GRPL)	iizǫ́ǫ́s
iizǫ́ǫ́s	V;IND;PROSP;NOM(4,PL)	iizǫ́ǫ́s
iizǫ́ǫ́s	V;IND;PROSP;NOM(4,SG)	iizǫ́ǫ́s
naadá	V;IND;IPFV;NOM(1,GRPL)	naadáe
naadá	V;IND;IPFV;NOM(2,GRPL)	naadát
naadá	V;IND;IPFV;NOM(2,SG)	naadá
naadá	V;IND;IPFV;NOM(3,GRPL)	naadáe
naadá	V;IND;IPFV;NOM(4,SG)	naadá
naadá	V;IND;PFV;NOM(1,PL)	naadáen
naadá	V;IND;PFV;NOM(2,GRPL)	naadát
naadá	V;IND;PFV;NOM(2,PL)	naadát
naadá	V;IND;PFV;NOM(2,SG)	naadás
naadá	V;IND;PFV;NOM(3,GRPL)	naadáe
naadá	V;IND;PFV;NOM(3,PL)	naadáen
naadá	V;IND;PFV;NOM(3,SG)	naadás
naadá	V;IND;PFV;NOM(4,GRPL)	naadáe
naadá	V;IND;PFV;NOM(4,PL)	naadáe
naadá	V;IND;PFV;NOM(4,SG)	naadá
naadá	V;IND;PROSP;NOM(1,GRPL)	naadáe
naadá	V;IND;PROSP;NOM(1,PL)	naadáen
naadá	V;IND;PROSP;NOM(2,GRPL)	naadát
naadá	V;IND;PROSP;NOM(2,SG)	naadást
naadá	V;IND;PROSP;NOM(3,GRPL)	naadás
naadá	V;IND;PROSP;NOM(3,SG)	naadás
naadá	V;IND;PROSP;NOM(4,GRPL)	naadáe
naadá	V;IND;PROSP;NOM(4,PL)	naadáe
naaljooł	V;IND;IPFV;NOM(1,GRPL)	naaljoołe
naaljooł	V;IND;IPFV;NOM(1,PL)	naaljoołen
naaljooł	V;IND;IPFV;NOM(1,SG)	naaljoołe
naaljooł	V;IND;IPFV;NOM(2,GRPL)	naaljoołet
naaljooł	V;IND;IPFV;NOM(2,PL)	naaljoołet
naaljooł	V;IND;IPFV;NOM(3,GRPL)	naaljoołe
naaljooł	V;IND;IPFV;NOM(3,SG)	naaljooł
naaljooł	V;IND;IPFV;NOM(4,GRPL)	naaljoołe
naaljooł	V;IND;IPFV;NOM(4,PL)	naaljoołe
naaljooł	V;IND;PFV;NOM(1,GRPL)	naaljoołe
naaljooł	V;IND;PFV;NOM(1,SG)	naaljoołe
naaljooł	V;IND;PFV;NOM(2,GRPL)	naaljoołt
naaljooł	V;IND;PFV;NOM(2,PL)	naaljoołet
naaljooł	V;IND;PFV;NOM(3,GRPL)	naaljoołe
naaljooł	V;IND;PFV;NOM(3,PL)	naaljoołen
naaljooł	V;IND;PFV;NOM(4,PL)	naaljoołe
naaljooł	V;IND;PFV;NOM(4,SG)	naaljoołe
naaljooł	V;IND;PROSP;NOM(1,GRPL)	naaljoołe
naaljooł	V;IND;PROSP;NOM(2,PL)	naaljoołt
naaljooł	V;IND;PROSP;NOM(3,PL)	naaljoołen
naaljooł	V;IND;PROSP;NOM(3,SG)	naaljoołs
naaljooł	V;IND;PROSP;NOM(4,GRPL)	naaljoołe
naaljooł	V;IND;PROSP;NOM(4,PL)	naaljoołe
naamaas	V;IND;IPFV;NOM(1,GRPL)	naamaase
naamaas	V;IND;IPFV;NOM(1,PL)	naamaasen
naamaas	V;IND;IPFV;NOM(1,SG)	naamaase
naamaas	V;IND;IPFV;NOM(2,PL)	naamaast
naamaas	V;IND;IPFV;NOM(3,PL)	naamaasen
naamaas	V;IND;IPFV;NOM(3,SG)	naamaas
naamaas	V;IND;IPFV;NOM(4,GRPL)	naamaase
naamaas	V;IND;IPFV;NOM(4,PL)	naamaase
naamaas	V;IND;IPFV;NOM(4,SG)	naamaas
naamaas	V;IND;PFV;NOM(1,PL)	naamaasen
naamaas	V;IND;PFV;NOM(1,SG)	naamaase
naamaas	V;IND;PFV;NOM(2,GRPL)	naamaast
naamaas	V;IND;PFV;NOM(3,GRPL)	naamaase
naamaas	V;IND;PFV;NOM(3,PL)	naamaasen
naamaas	V;IND;PFV;NOM(3,SG)	naamaase
naamaas	V;IND;PFV;NOM(4,GRPL)	naamaase
naamaas	V;IND;PROSP;NOM(1,PL)	naamaasen
naamaas	V;IND;PROSP;NOM(1,SG)	naamaase
naamaas	V;IND;PROSP;NOM(2,SG)	naamaass
naamaas	V;IND;PROSP;NOM(3,SG)	naamaast
naamaas	V;IND;PROSP;NOM(4,PL)	naamaase
naamaas	V;IND;PROSP;NOM(4,SG)	naamaase
naataz	V;IND;IPFV;NOM(1,GRPL)	naataze
naataz	V;IND;IPFV;NOM(1,SG)	naataze
naataz	V;IND;IPFV;NOM(2,GRPL)	naatazes
naataz	V;IND;IPFV;NOM(2,PL)	naataze
naataz	V;IND;IPFV;NOM(2,SG)	naataz
naataz	V;IND;IPFV;NOM(3,GRPL)	naataze
naataz	V;IND;IPFV;NOM(3,PL)	naataze
naataz	V;IND;IPFV;NOM(3,SG)	naatazes
naataz	V;IND;IPFV;NOM(4,PL)	naataze
naataz	V;IND;IPFV;NOM(4,SG)	naatazes
naataz	V;IND;PFV;NOM(1,SG)	naataze
naataz	V;IND;PFV;NOM(2,GRPL)	naatazes
naataz	V;IND;PFV;NOM(2,PL)	naataze
naataz	V;IND;PFV;NOM(2,SG)	naatazes
naataz	V;IND;PFV;NOM(3,GRPL)	naatazes
naataz	V;IND;PFV;NOM(3,PL)	naataze
naataz	V;IND;PFV;NOM(3,SG)	naatazes
naataz	V;IND;PROSP;NOM(1,GRPL)	naataze
naataz	V;IND;PROSP;NOM(2,GRPL)	naatazt
naataz	V;IND;PROSP;NOM(3,PL)	naatazen
naataz	V;IND;PROSP;NOM(3,SG)	naatazs
naataz	V;IND;PROSP;NOM(4,GRPL)	naataze
naataz	V;IND;PROSP;NOM(4,SG)	naatazes
neitłeeh	V;IND;IPFV;NOM(1,GRPL)	neitłeehe
neitłeeh	V;IND;IPFV;NOM(1,PL)	neitłeehen
neitłeeh	V;IND;IPFV;NOM(1,SG)	neitłeeh
neitłeeh	V;IND;IPFV;NOM(2,GRPL)	neitłeeht
neitłeeh	V;IND;IPFV;NOM(2,PL)	neitłeeht
neitłeeh	V;IND;IPFV;NOM(3,GRPL)	neitłeehe
neitłeeh	V;IND;IPFV;NOM(3,SG)	neitłeeh
neitłeeh	V;IND;IPFV;NOM(4,GRPL)	neitłeehe
neitłeeh	V;IND;IPFV;NOM(4,PL)	neitłeehe
neitłeeh	V;IND;IPFV;NOM(4,SG)	neitłeeh
neitłeeh	V;IND;PFV;NOM(1,PL)	neitłeehen
neitłeeh	V;IND;PFV;NOM(2,GRPL)	neitłeeht
neitłeeh	V;IND;PFV;NOM(2,SG)	neitłeeh
neitłeeh	V;IND;PFV;NOM(3,GRPL)	neitłeehe
neitłeeh	V;IND;PFV;NOM(4,SG)	neitłeeh
neitłeeh	V;IND;PROSP;NOM(1,GRPL)	neitłeehe
neitłeeh	V;IND;PROSP;NOM(1,PL)	neitłeehen
neitłeeh	V;IND;PROSP;NOM(2,PL)	neitłeeht
neitłeeh	V;IND;PROSP;NOM(2,SG)	neitłeehs
neitłeeh	V;IND;PROSP;NOM(3,GRPL)	neitłeehe
neitłeeh	V;IND;PROSP;NOM(4,GRPL)	neitłeehe
neitłeeh	V;IND;PROSP;NOM(4,PL)	neitłeehe
neitłeeh	V;IND;PROSP;NOM(4,SG)	neitłeehs
neiłbąąs	V;IND;IPFV;NOM(1,GRPL)	neiłbąąse
neiłbąąs	V;IND;IPFV;NOM(3,GRPL)	neiłbąąse
neiłbąąs	V;IND;IPFV;NOM(3,PL)	neiłbąąse
neiłbąąs	V;IND;IPFV;NOM(4,PL)	neiłbąąse
neiłbąąs	V;IND;PFV;NOM(1,GRPL)	neiłbąąse
neiłbąąs	V;IND;PFV;NOM(1,PL)	neiłbąąsen
neiłbąąs	V;IND;PFV;NOM(1,SG)	neiłbąąse
neiłbąąs	V;IND;PFV;NOM(2,GRPL)	neiłbąąst
neiłbąąs	V;IND;PFV;NOM(2,PL)	neiłbąąst
neiłbąąs	V;IND;PFV;NOM(2,SG)	neiłbąąs
neiłbąąs	V;IND;PFV;NOM(3,GRPL)	neiłbąąse
neiłbąąs	V;IND;PFV;NOM(3,PL)	neiłbąąsen
neiłbąąs	V;IND;PFV;NOM(3,SG)	neiłbąąs
neiłbąąs	V;IND;PFV;NOM(4,GRPL)	neiłbąąse
neiłbąąs	V;IND;PFV;NOM(4,SG)	neiłbąąs
neiłbąąs	V;IND;PROSP;NOM(1,PL)	neiłbąąsen
neiłbąąs	V;IND;PROSP;NOM(2,GRPL)	neiłbąąst
neiłbąąs	V;IND;PROSP;NOM(2,PL)	neiłbąąst
neiłbąąs	V;IND;PROSP;NOM(3,PL)	neiłbąąse
neiłbąąs	V;IND;PROSP;NOM(3,SG)	neiłbąąss
neiłbąąs	V;IND;PROSP;NOM(4,GRPL)	neiłbąąse
neiłbąąs	V;IND;PROSP;NOM(4,PL)	neiłbąąse
neiłbąąs	V;IND;PROSP;NOM(4,SG)	neiłbąąss
neiłgizh	V;IND;IPFV;NOM(2,GRPL)	neiłgizht
neiłgizh	V;IND;IPFV;NOM(2,PL)	neiłgizht
neiłgizh	V;IND;IPFV;NOM(3,PL)	neiłgizhen
neiłgizh	V;IND;IPFV;NOM(3,SG)	neiłgizh
neiłgizh	V;IND;IPFV;NOM(4,GRPL)	neiłgizhe
neiłgizh	V;IND;IPFV;NOM(4,SG)	neiłgizh
neiłgizh	V;IND;PFV;NOM(1,PL)	neiłgizhen
neiłgizh	V;IND;PFV;NOM(1,SG)	neiłgizhe
neiłgizh	V;IND;PFV;NOM(2,GRPL)	neiłgizht
neiłgizh	V;IND;PFV;NOM(2,PL)	neiłgizht
neiłgizh	V;IND;PFV;NOM(2,SG)	neiłgizhest
neiłgizh	V;IND;PFV;NOM(3,GRPL)	neiłgizhe
neiłgizh	V;IND;PFV;NOM(3,SG)	neiłgizhe
neiłgizh	V;IND;PFV;NOM(4,SG)	neiłgizhe
neiłgizh	V;IND;PROSP;NOM(1,GRPL)	neiłgizhen
neiłgizh	V;IND;PROSP;NOM(1,PL)	neiłgizhen
neiłgizh	V;IND;PROSP;NOM(2,GRPL)	neiłgizht
neiłgizh	V;IND;PROSP;NOM(2,PL)	neiłgizht
neiłgizh	V;IND;PROSP;NOM(2,SG)	neiłgizhst
neiłgizh	V;IND;PROSP;NOM(3,GRPL)	neiłgizhen
neiłgizh	V;IND;PROSP;NOM(3,SG)	neiłgizht
neiłgizh	V;IND;PROSP;NOM(4,GRPL)	neiłgizhe
neiłgizh	V;IND;PROSP;NOM(4,SG)	neiłgizhe
neiłmaas	V;IND;IPFV;NOM(1,SG)	neiłmaase
neiłmaas	V;IND;IPFV;NOM(2,GRPL)	neiłmaast
neiłmaas	V;IND;IPFV;NOM(2,SG)	neiłmaas
neiłmaas	V;IND;IPFV;NOM(3,GRPL)	neiłmaase
neiłmaas	V;IND;IPFV;NOM(3,PL)	neiłmaasen
neiłmaas	V;IND;IPFV;NOM(3,SG)	neiłmaas
neiłmaas	V;IND;IPFV;NOM(4,PL)	neiłmaase
neiłmaas	V;IND;IPFV;NOM(4,SG)	neiłmaas
neiłmaas	V;IND;PFV;NOM(1,PL)	neiłmaasen
neiłmaas	V;IND;PFV;NOM(2,GRPL)	neiłmaast
neiłmaas	V;IND;PFV;NOM(2,PL)	neiłmaast
neiłmaas	V;IND;PFV;NOM(2,SG)	neiłmaas
neiłmaas	V;IND;PFV;NOM(3,GRPL)	neiłmaase
neiłmaas	V;IND;PFV;NOM(3,PL)	neiłmaasen
neiłmaas	V;IND;PFV;NOM(3,SG)	neiłmaase
neiłmaas	V;IND;PFV;NOM(4,GRPL)	neiłmaase
neiłmaas	V;IND;PROSP;NOM(1,GRPL)	neiłmaase
neiłmaas	V;IND;PROSP;NOM(1,PL)	neiłmaasen
neiłmaas	V;IND;PROSP;NOM(2,GRPL)	neiłmaast
neiłmaas	V;IND;PROSP;NOM(2,SG)	neiłmaast
neiłmaas	V;IND;PROSP;NOM(3,GRPL)	neiłmaase
neiłmaas	V;IND;PROSP;NOM(3,SG)	neiłmaase
neiłmaas	V;IND;PROSP;NOM(4,SG)	neiłmaase
neiłtseed	V;IND;IPFV;NOM(1,GRPL)	neiłtseede
neiłtseed	V;IND;IPFV;NOM(1,PL)	neiłtseede
neiłtseed	V;IND;IPFV;NOM(2,GRPL)	neiłtseed
neiłtseed	V;IND;IPFV;NOM(2,PL)	neiłtseedet
neiłtseed	V;IND;IPFV;NOM(4,PL)	neiłtseede
neiłtseed	V;IND;IPFV;NOM(4,SG)	neiłtseed
neiłtseed	V;IND;PFV;NOM(1,GRPL)	neiłtseede
neiłtseed	V;IND;PFV;NOM(1,PL)	neiłtseede
neiłtseed	V;IND;PFV;NOM(1,SG)	neiłtseed
neiłtseed	V;IND;PFV;NOM(2,GRPL)	neiłtseeds
neiłtseed	V;IND;PFV;NOM(3,GRPL)	neiłtseeds
neiłtseed	V;IND;PFV;NOM(3,PL)	neiłtseeds
neiłtseed	V;IND;PFV;NOM(3,SG)	neiłtseeds
neiłtseed	V;IND;PFV;NOM(4,GRPL)	neiłtseede
neiłtseed	V;IND;PFV;NOM(4,PL)	neiłtseede
neiłtseed	V;IND;PROSP;NOM(1,GRPL)	neiłtseede
neiłtseed	V;IND;PROSP;NOM(1,PL)	neiłtseeden
neiłtseed	V;IND;PROSP;NOM(1,SG)	neiłtseede
neiłtseed	V;IND;PROSP;NOM(2,GRPL)	neiłtseeds
neiłtseed	V;IND;PROSP;NOM(2,SG)	neiłtseeds
neiłtseed	V;IND;PROSP;NOM(3,PL)	neiłtseeds
neiłtseed	V;IND;PROSP;NOM(3,SG)	neiłtseeds
neiłtseed	V;IND;PROSP;NOM(4,SG)	neiłtseeds
neiłtʼiʼ	V;IND;IPFV;NOM(1,GRPL)	neiłtʼiʼe
neiłtʼiʼ	V;IND;IPFV;NOM(1,PL)	neiłtʼiʼe
neiłtʼiʼ	V;IND;IPFV;NOM(2,GRPL)	neiłtʼiʼ
neiłtʼiʼ	V;IND;IPFV;NOM(3,GRPL)	neiłtʼiʼ
neiłtʼiʼ	V;IND;IPFV;NOM(3,PL)	neiłtʼiʼe
neiłtʼiʼ	V;IND;IPFV;NOM(3,SG)	neiłtʼiʼ
neiłtʼiʼ	V;IND;IPFV;NOM(4,PL)	neiłtʼiʼe
neiłtʼiʼ	V;IND;PFV;NOM(1,GRPL)	neiłtʼiʼe
neiłtʼiʼ	V;IND;PFV;NOM(1,SG)	neiłtʼiʼ
neiłtʼiʼ	V;IND;PFV;NOM(2,GRPL)	neiłtʼiʼt
neiłtʼiʼ	V;IND;PFV;NOM(2,PL)	neiłtʼiʼt
neiłtʼiʼ	V;IND;PFV;NOM(2,SG)	neiłtʼiʼs
neiłtʼiʼ	V;IND;PFV;NOM(3,SG)	neiłtʼiʼs
neiłtʼiʼ	V;IND;PFV;NOM(4,PL)	neiłtʼiʼe
neiłtʼiʼ	V;IND;PFV;NOM(4,SG)	neiłtʼiʼ
neiłtʼiʼ	V;IND;PROSP;NOM(1,GRPL)	neiłtʼiʼe
neiłtʼiʼ	V;IND;PROSP;NOM(1,PL)	neiłtʼiʼe
neiłtʼiʼ	V;IND;PROSP;NOM(1,SG)	neiłtʼiʼe
neiłtʼiʼ	V;IND;PROSP;NOM(2,PL)	neiłtʼiʼt
neiłtʼiʼ	V;IND;PROSP;NOM(2,SG)	neiłtʼiʼs
neiłtʼiʼ	V;IND;PROSP;NOM(3,PL)	neiłtʼiʼe
neiłtʼiʼ	V;IND;PROSP;NOM(4,PL)	neiłtʼiʼe
neiłtʼiʼ	V;IND;PROSP;NOM(4,SG)	neiłtʼiʼs
neiʼeesh	V;IND;IPFV;NOM(1,PL)	neiʼeeshe
neiʼeesh	V;IND;IPFV;NOM(1,SG)	neiʼeeshe
neiʼeesh	V;IND;IPFV;NOM(2,GRPL)	neiʼeeshes
neiʼeesh	V;IND;IPFV;NOM(2,PL)	neiʼeeshes
neiʼeesh	V;IND;IPFV;NOM(2,SG)	neiʼeeshes
neiʼeesh	V;IND;IPFV;NOM(3,PL)	neiʼeeshe
neiʼeesh	V;IND;IPFV;NOM(4,SG)	neiʼeeshes
neiʼeesh	V;IND;PFV;NOM(1,PL)	neiʼeeshe
neiʼeesh	V;IND;PFV;NOM(1,SG)	neiʼeeshe
neiʼeesh	V;IND;PFV;NOM(2,GRPL)	neiʼeeshes
neiʼeesh	V;IND;PFV;NOM(2,PL)	neiʼeeshes
neiʼeesh	V;IND;PFV;NOM(2,SG)	neiʼeeshes
neiʼeesh	V;IND;PFV;NOM(3,GRPL)	neiʼeeshes
neiʼeesh	V;IND;PFV;NOM(4,GRPL)	neiʼeeshe
neiʼeesh	V;IND;PROSP;NOM(1,GRPL)	neiʼeeshe
neiʼeesh	V;IND;PROSP;NOM(1,SG)	neiʼeeshe
neiʼeesh	V;IND;PROSP;NOM(2,GRPL)	neiʼeesht
neiʼeesh	V;IND;PROSP;NOM(2,SG)	neiʼeeshes
neiʼeesh	V;IND;PROSP;NOM(3,GRPL)	neiʼeeshes
neiʼeesh	V;IND;PROSP;NOM(3,PL)	neiʼeeshe
neiʼeesh	V;IND;PROSP;NOM(4,GRPL)	neiʼeeshe
neiʼeesh	V;IND;PROSP;NOM(4,PL)	neiʼeeshe
neiʼeesh	V;IND;PROSP;NOM(4,SG)	neiʼeeshes
noodǫ́ǫ́z	V;IND;PFV;NOM(1,GRPL)	noodǫ́ǫ́ze
noodǫ́ǫ́z	V;IND;PFV;NOM(1,PL)	noodǫ́ǫ́ze
noodǫ́ǫ́z	V;IND;PFV;NOM(1,SG)	noodǫ́ǫ́ze
noodǫ́ǫ́z	V;IND;PFV;NOM(2,GRPL)	noodǫ́ǫ́z
noodǫ́ǫ́z	V;IND;PFV;NOM(2,PL)	noodǫ́ǫ́zet
noodǫ́ǫ́z	V;IND;PFV;NOM(2,SG)	noodǫ́ǫ́z
noodǫ́ǫ́z	V;IND;PFV;NOM(3,GRPL)	noodǫ́ǫ́ze
noodǫ́ǫ́z	V;IND;PFV;NOM(3,PL)	noodǫ́ǫ́ze
noodǫ́ǫ́z	V;IND;PFV;NOM(3,SG)	noodǫ́ǫ́z
noodǫ́ǫ́z	V;IND;PFV;NOM(4,GRPL)	noodǫ́ǫ́ze
noodǫ́ǫ́z	V;IND;PFV;NOM(4,PL)	noodǫ́ǫ́ze
noodǫ́ǫ́z	V;IND;PFV;NOM(4,SG)	noodǫ́ǫ́z
yichʼid	V;IND;IPFV;NOM(1,GRPL)	yichʼide
yichʼid	V;IND;IPFV;NOM(1,SG)	yichʼid
yichʼid	V;IND;IPFV;NOM(2,GRPL)	yichʼides
yichʼid	V;IND;IPFV;NOM(2,PL)	yichʼidet
yichʼid	V;IND;IPFV;NOM(3,GRPL)	yichʼide
yichʼid	V;IND;IPFV;NOM(3,PL)	yichʼide
yichʼid	V;IND;IPFV;NOM(3,SG)	yichʼids
yichʼid	V;IND;IPFV;NOM(4,GRPL)	yichʼide
yichʼid	V;IND;IPFV;NOM(4,SG)	yichʼid
yichʼid	V;IND;PFV;NOM(1,SG)	yichʼide
yichʼid	V;IND;PFV;NOM(2,GRPL)	yichʼides
yichʼid	V;IND;PFV;NOM(2,PL)	yichʼidet
yichʼid	V;IND;PFV;NOM(2,SG)	yichʼid
yichʼid	V;IND;PFV;NOM(3,GRPL)	yichʼide
yichʼid	V;IND;PFV;NOM(3,SG)	yichʼids
yichʼid	V;IND;PFV;NOM(4,PL)	yichʼide
yichʼid	V;IND;PROSP;NOM(1,GRPL)	yichʼide
yichʼid	V;IND;PROSP;NOM(1,PL)	yichʼide
yichʼid	V;IND;PROSP;NOM(2,PL)	yichʼidt
yichʼid	V;IND;PROSP;NOM(2,SG)	yichʼids
yichʼid	V;IND;PROSP;NOM(3,GRPL)	yichʼids
yichʼid	V;IND;PROSP;NOM(3,SG)	yichʼids
yichʼid	V;IND;PROSP;NOM(4,PL)	yichʼide
yidiitsʼį́į́h	V;IND;IPFV;NOM(1,GRPL)	yidiitsʼį́į́he
yidiitsʼį́į́h	V;IND;IPFV;NOM(1,PL)	yidiitsʼį́į́he
yidiitsʼį́į́h	V;IND;IPFV;NOM(1,SG)	yidiitsʼį́į́he
yidiitsʼį́į́h	V;IND;IPFV;NOM(2,PL)	yidiitsʼį́į́ht
yidiitsʼį́į́h	V;IND;IPFV;NOM(2,SG)	yidiitsʼį́į́h
yidiitsʼį́į́h	V;IND;IPFV;NOM(3,SG)	yidiitsʼį́į́hs
yidiitsʼį́į́h	V;IND;IPFV;NOM(4,GRPL)	yidiitsʼį́į́he
yidiitsʼį́į́h	V;IND;PFV;NOM(1,GRPL)	yidiitsʼį́į́he
yidiitsʼį́į́h	V;IND;PFV;NOM(1,PL)	yidiitsʼį́į́he
yidiitsʼį́į́h	V;IND;PFV;NOM(1,SG)	yidiitsʼį́į́he
yidiitsʼį́į́h	V;IND;PFV;NOM(2,PL)	yidiitsʼį́į́ht
yidiitsʼį́į́h	V;IND;PFV;NOM(2,SG)	yidiitsʼį́į́hs
yidiitsʼį́į́h	V;IND;PFV;NOM(3,GRPL)	yidiitsʼį́į́he
yidiitsʼį́į́h	V;IND;PFV;NOM(3,SG)	yidiitsʼį́į́hs
yidiitsʼį́į́h	V;IND;PFV;NOM(4,GRPL)	yidiitsʼį́į́he
yidiitsʼį́į́h	V;IND;PFV;NOM(4,PL)	yidiitsʼį́į́he
yidiitsʼį́į́h	V;IND;PFV;NOM(4,SG)	yidiitsʼį́į́hs
yidiitsʼį́į́h	V;IND;PROSP;NOM(1,GRPL)	yidiitsʼį́į́he
yidiitsʼį́į́h	V;IND;PROSP;NOM(1,SG)	yidiitsʼį́į́he
yidiitsʼį́į́h	V;IND;PROSP;NOM(2,GRPL)	yidiitsʼį́į́ht
yidiitsʼį́į́h	V;IND;PROSP;NOM(2,PL)	yidiitsʼį́į́ht
yidiitsʼį́į́h	V;IND;PROSP;NOM(3,GRPL)	yidiitsʼį́į́he
yidiitsʼį́į́h	V;IND;PROSP;NOM(4,GRPL)	yidiitsʼį́į́he
yigeeh	V;IND;IPFV;NOM(1,GRPL)	yigeehe
yigeeh	V;IND;IPFV;NOM(1,SG)	yigeeh
yigeeh	V;IND;IPFV;NOM(2,GRPL)	yigeehes
yigeeh	V;IND;IPFV;NOM(2,SG)	yigeeh
yigeeh	V;IND;IPFV;NOM(3,GRPL)	yigeehe
yigeeh	V;IND;IPFV;NOM(3,PL)	yigeehe
yigeeh	V;IND;IPFV;NOM(3,SG)	yigeeh
yigeeh	V;IND;IPFV;NOM(4,GRPL)	yigeehe
yigeeh	V;IND;IPFV;NOM(4,SG)	yigeeh
yigeeh	V;IND;PFV;NOM(1,GRPL)	yigeehe
yigeeh	V;IND;PFV;NOM(1,PL)	yigeehen
yigeeh	V;IND;PFV;NOM(2,GRPL)	yigeehes
yigeeh	V;IND;PFV;NOM(2,PL)	yigeehet
yigeeh	V;IND;PFV;NOM(3,PL)	yigeehen
yigeeh	V;IND;PFV;NOM(3,SG)	yigeeh
yigeeh	V;IND;PROSP;NOM(1,SG)	yigeehe
yigeeh	V;IND;PROSP;NOM(2,GRPL)	yigeeht
yigeeh	V;IND;PROSP;NOM(3,GRPL)	yigeehe
yigeeh	V;IND;PROSP;NOM(3,PL)	yigeehe
yigeeh	V;IND;PROSP;NOM(4,GRPL)	yigeehe
yigeeh	V;IND;PROSP;NOM(4,PL)	yigeehe
yigeeh	V;IND;PROSP;NOM(4,SG)	yigeehs
yighááh	V;IND;IPFV;NOM(1,GRPL)	yighááhe
yighááh	V;IND;IPFV;NOM(1,SG)	yighááhe
yighááh	V;IND;IPFV;NOM(2,GRPL)	yighááht
yighááh	V;IND;IPFV;NOM(2,PL)	yighááht
yighááh	V;IND;IPFV;NOM(2,SG)	yighááh
yighááh	V;IND;IPFV;NOM(3,PL)	yighááhe
yighááh	V;IND;IPFV;NOM(3,SG)	yighááh
yighááh	V;IND;IPFV;NOM(4,GRPL)	yighááhe
yighááh	V;IND;IPFV;NOM(4,PL)	yighááhe
yighááh	V;IND;PFV;NOM(1,GRPL)	yighááhe
yighááh	V;IND;PFV;NOM(1,PL)	yighááhe
yighááh	V;IND;PFV;NOM(1,SG)	yighááhe
yighááh	V;IND;PFV;NOM(2,GRPL)	yighááht
yighááh	V;IND;PFV;NOM(3,GRPL)	yighááhe
yighááh	V;IND;PFV;NOM(4,GRPL)	yighááhe
yighááh	V;IND;PFV;NOM(4,SG)	yighááh
yighááh	V;IND;PROSP;NOM(1,GRPL)	yighááhe
yighááh	V;IND;PROSP;NOM(1,PL)	yighááhe
yighááh	V;IND;PROSP;NOM(2,GRPL)	yighááht
yighááh	V;IND;PROSP;NOM(3,PL)	yighááhe
yighááh	V;IND;PROSP;NOM(3,SG)	yighááhs
yighááh	V;IND;PROSP;NOM(4,PL)	yighááhe
yighááh	V;IND;PROSP;NOM(4,SG)	yighááhs
yigoh	V;IND;PFV;NOM(1,GRPL)	yigohe
yigoh	V;IND;PFV;NOM(1,PL)	yigohen
yigoh	V;IND;PFV;NOM(1,SG)	yigohe
yigoh	V;IND;PFV;NOM(2,GRPL)	yigohes
yigoh	V;IND;PFV;NOM(2,PL)	yigohet
yigoh	V;IND;PFV;NOM(2,SG)	yigohes
yigoh	V;IND;PFV;NOM(3,GRPL)	yigohes
yigoh	V;IND;PFV;NOM(3,PL)	yigohen
yigoh	V;IND;PFV;NOM(3,SG)	yigohs
yigoh	V;IND;PFV;NOM(4,GRPL)	yigohe
yigoh	V;IND;PFV;NOM(4,PL)	yigohe
yigoh	V;IND;PFV;NOM(4,SG)	yigoh
yijeeh	V;IND;IPFV;NOM(1,GRPL)	yijeehe
yijeeh	V;IND;IPFV;NOM(1,PL)	yijeehen
yijeeh	V;IND;IPFV;NOM(1,SG)	yijeeh
yijeeh	V;IND;IPFV;NOM(2,GRPL)	yijeehes
yijeeh	V;IND;IPFV;NOM(2,PL)	yijeehet
yijeeh	V;IND;IPFV;NOM(3,PL)	yijeehe
yijeeh	V;IND;IPFV;NOM(3,SG)	yijeeh
yijeeh	V;IND;IPFV;NOM(4,PL)	yijeehe
yijeeh	V;IND;IPFV;NOM(4,SG)	yijeeh
yijeeh	V;IND;PFV;NOM(1,PL)	yijeehen
yijeeh	V;IND;PFV;NOM(1,SG)	yijeehe
yijeeh	V;IND;PFV;NOM(2,GRPL)	yijeehes
yijeeh	V;IND;PFV;NOM(2,PL)	yijeehet
yijeeh	V;IND;PFV;NOM(3,PL)	yijeehen
yijeeh	V;IND;PFV;NOM(3,SG)	yijeeh
yijeeh	V;IND;PFV;NOM(4,SG)	yijeeh
yijeeh	V;IND;PROSP;NOM(1,GRPL)	yijeehe
yijeeh	V;IND;PROSP;NOM(1,PL)	yijeehen
yijeeh	V;IND;PROSP;NOM(1,SG)	yijeehe
yijeeh	V;IND;PROSP;NOM(2,GRPL)	yijeeht
yijeeh	V;IND;PROSP;NOM(2,SG)	yijeehs
yijeeh	V;IND;PROSP;NOM(4,GRPL)	yijeehe
yijeeh	V;IND;PROSP;NOM(4,PL)	yijeehe
yijį́į́ł	V;IND;PFV;NOM(1,GRPL)	yijį́į́łe
yijį́į́ł	V;IND;PFV;NOM(1,PL)	yijį́į́łe
yijį́į́ł	V;IND;PFV;NOM(1,SG)	yijį́į́łe
yijį́į́ł	V;IND;PFV;NOM(2,GRPL)	yijį́į́łt
yijį́į́ł	V;IND;PFV;NOM(2,PL)	yijį́į́łt
yijį́į́ł	V;IND;PFV;NOM(2,SG)	yijį́į́łs
yijį́į́ł	V;IND;PFV;NOM(3,GRPL)	yijį́į́łe
yijį́į́ł	V;IND;PFV;NOM(3,PL)	yijį́į́łe
yijį́į́ł	V;IND;PFV;NOM(3,SG)	yijį́į́łs
yijį́į́ł	V;IND;PFV;NOM(4,GRPL)	yijį́į́łe
yijį́į́ł	V;IND;PFV;NOM(4,PL)	yijį́į́łe
yijį́į́ł	V;IND;PFV;NOM(4,SG)	yijį́į́ł
yiltłʼééł	V;IND;PFV;NOM(1,GRPL)	yiltłʼééłe
yiltłʼééł	V;IND;PFV;NOM(1,PL)	yiltłʼééłe
yiltłʼééł	V;IND;PFV;NOM(1,SG)	yiltłʼééł
yiltłʼééł	V;IND;PFV;NOM(2,GRPL)	yiltłʼééłt
yiltłʼééł	V;IND;PFV;NOM(2,PL)	yiltłʼééłt
yiltłʼééł	V;IND;PFV;NOM(2,SG)	yiltłʼééłs
yiltłʼééł	V;IND;PFV;NOM(3,GRPL)	yiltłʼééł
yiltłʼééł	V;IND;PFV;NOM(3,PL)	yiltłʼééłe
yiltłʼééł	V;IND;PFV;NOM(3,SG)	yiltłʼééł
yiltłʼééł	V;IND;PFV;NOM(4,GRPL)	yiltłʼééł
yiltłʼééł	V;IND;PFV;NOM(4,PL)	yiltłʼééłe
yiltłʼééł	V;IND;PFV;NOM(4,SG)	yiltłʼééł
yilʼaah	V;IND;IPFV;NOM(1,PL)	yilʼaahe
yilʼaah	V;IND;IPFV;NOM(1,SG)	yilʼaah
yilʼaah	V;IND;IPFV;NOM(2,GRPL)	yilʼaahes
yilʼaah	V;IND;IPFV;NOM(2,PL)	yilʼaahe
yilʼaah	V;IND;IPFV;NOM(2,SG)	yilʼaah
yilʼaah	V;IND;IPFV;NOM(3,GRPL)	yilʼaahe
yilʼaah	V;IND;IPFV;NOM(3,PL)	yilʼaahe
yilʼaah	V;IND;IPFV;NOM(4,GRPL)	yilʼaahe
yilʼaah	V;IND;IPFV;NOM(4,PL)	yilʼaahe
yilʼaah	V;IND;IPFV;NOM(4,SG)	yilʼaah
yilʼaah	V;IND;PFV;NOM(1,GRPL)	yilʼaahe
yilʼaah	V;IND;PFV;NOM(1,PL)	yilʼaahe
yilʼaah	V;IND;PFV;NOM(2,GRPL)	yilʼaahes
yilʼaah	V;IND;PFV;NOM(2,PL)	yilʼaahe
yilʼaah	V;IND;PFV;NOM(2,SG)	yilʼaah
yilʼaah	V;IND;PFV;NOM(3,GRPL)	yilʼaahe
yilʼaah	V;IND;PFV;NOM(3,PL)	yilʼaahe
yilʼaah	V;IND;PFV;NOM(4,SG)	yilʼaah
yilʼaah	V;IND;PROSP;NOM(1,SG)	yilʼaahe
yilʼaah	V;IND;PROSP;NOM(2,PL)	yilʼaaht
yilʼaah	V;IND;PROSP;NOM(3,GRPL)	yilʼaahe
yilʼaah	V;IND;PROSP;NOM(4,PL)	yilʼaahe
yishood	V;IND;IPFV;NOM(1,GRPL)	yishoode
yishood	V;IND;IPFV;NOM(1,PL)	yishooden
yishood	V;IND;IPFV;NOM(1,SG)	yishood
yishood	V;IND;IPFV;NOM(2,GRPL)	yishoods
yishood	V;IND;IPFV;NOM(2,PL)	yishoodet
yishood	V;IND;IPFV;NOM(2,SG)	yishood
yishood	V;IND;IPFV;NOM(3,GRPL)	yishoods
yishood	V;IND;IPFV;NOM(3,PL)	yishoods
yishood	V;IND;IPFV;NOM(3,SG)	yishoods
yishood	V;IND;IPFV;NOM(4,GRPL)	yishoode
yishood	V;IND;IPFV;NOM(4,PL)	yishoode
yishood	V;IND;IPFV;NOM(4,SG)	yishood
yishood	V;IND;PFV;NOM(1,GRPL)	yishoode
yishood	V;IND;PFV;NOM(1,PL)	yishooden
yishood	V;IND;PFV;NOM(1,SG)	yishood
yishood	V;IND;PFV;NOM(2,GRPL)	yishoods
yishood	V;IND;PFV;NOM(2,PL)	yishoodet
yishood	V;IND;PFV;NOM(2,SG)	yishood
yishood	V;IND;PFV;NOM(3,GRPL)	yishoods
yishood	V;IND;PFV;NOM(3,PL)	yishoods
yishood	V;IND;PFV;NOM(3,SG)	yishoods
yishood	V;IND;PFV;NOM(4,GRPL)	yishoods
yishood	V;IND;PFV;NOM(4,PL)	yishoode
yishood	V;IND;PFV;NOM(4,SG)	yishoods
yishóósh	V;IND;IPFV;NOM(1,GRPL)	yishóóshe
yishóósh	V;IND;IPFV;NOM(1,PL)	yishóóshen
yishóósh	V;IND;IPFV;NOM(1,SG)	yishóóshe
yishóósh	V;IND;IPFV;NOM(2,GRPL)	yishóóshes
yishóósh	V;IND;IPFV;NOM(2,PL)	yishóóshet
yishóósh	V;IND;IPFV;NOM(2,SG)	yishóósh
yishóósh	V;IND;IPFV;NOM(3,GRPL)	yishóóshes
yishóósh	V;IND;IPFV;NOM(3,PL)	yishóóshe
yishóósh	V;IND;IPFV;NOM(3,SG)	yishóóshes
yishóósh	V;IND;IPFV;NOM(4,GRPL)	yishóóshe
yishóósh	V;IND;IPFV;NOM(4,PL)	yishóóshe
yishóósh	V;IND;IPFV;NOM(4,SG)	yishóósh
yishóósh	V;IND;PFV;NOM(1,GRPL)	yishóóshe
yishóósh	V;IND;PFV;NOM(1,PL)	yishóóshen
yishóósh	V;IND;PFV;NOM(1,SG)	yishóóshe
yishóósh	V;IND;PFV;NOM(2,GRPL)	yishóósht
yishóósh	V;IND;PFV;NOM(2,PL)	yishóóshet
yishóósh	V;IND;PFV;NOM(2,SG)	yishóóshes
yishóósh	V;IND;PFV;NOM(3,GRPL)	yishóóshes
yishóósh	V;IND;PFV;NOM(3,PL)	yishóóshen
yishóósh	V;IND;PFV;NOM(3,SG)	yishóóshes
yishóósh	V;IND;PFV;NOM(4,GRPL)	yishóóshe
yishóósh	V;IND;PFV;NOM(4,PL)	yishóóshe
yishóósh	V;IND;PFV;NOM(4,SG)	yishóóshes
yitłeeh	V;IND;IPFV;NOM(1,GRPL)	yitłeehe
yitłeeh	V;IND;IPFV;NOM(1,PL)	yitłeehen
yitłeeh	V;IND;IPFV;NOM(1,SG)	yitłeeh
yitłeeh	V;IND;IPFV;NOM(2,GRPL)	yitłeeht
yitłeeh	V;IND;IPFV;NOM(2,PL)	yitłeehet
yitłeeh	V;IND;IPFV;NOM(2,SG)	yitłeeh
yitłeeh	V;IND;IPFV;NOM(3,GRPL)	yitłeehe
yitłeeh	V;IND;IPFV;NOM(3,PL)	yitłeehe
yitłeeh	V;IND;IPFV;NOM(3,SG)	yitłeeh
yitłeeh	V;IND;IPFV;NOM(4,GRPL)	yitłeehe
yitłeeh	V;IND;IPFV;NOM(4,PL)	yitłeehe
yitłeeh	V;IND;IPFV;NOM(4,SG)	yitłeeh
yitłeeh	V;IND;PFV;NOM(1,GRPL)	yitłeehe
yitłeeh	V;IND;PFV;NOM(1,PL)	yitłeehen
yitłeeh	V;IND;PFV;NOM(1,SG)	yitłeehe
yitłeeh	V;IND;PFV;NOM(2,GRPL)	yitłeeht
yitłeeh	V;IND;PFV;NOM(2,PL)	yitłeehet
yitłeeh	V;IND;PFV;NOM(2,SG)	yitłeeh
yitłeeh	V;IND;PFV;NOM(3,GRPL)	yitłeehe
yitłeeh	V;IND;PFV;NOM(3,PL)	yitłeehen
yitłeeh	V;IND;PFV;NOM(3,SG)	yitłeeh
yitłeeh	V;IND;PFV;NOM(4,GRPL)	yitłeehe
yitłeeh	V;IND;PFV;NOM(4,PL)	yitłeehe
yitłeeh	V;IND;PFV;NOM(4,SG)	yitłeeh
yiyiitsʼǫs	V;IND;IPFV;NOM(1,GRPL)	yiyiitsʼǫs
yiyiitsʼǫs	V;IND;IPFV;NOM(1,PL)	yiyiitsʼǫse
yiyiitsʼǫs	V;IND;IPFV;NOM(2,GRPL)	yiyiitsʼǫst
yiyiitsʼǫs	V;IND;IPFV;NOM(2,SG)	yiyiitsʼǫs
yiyiitsʼǫs	V;IND;IPFV;NOM(3,PL)	yiyiitsʼǫse
yiyiitsʼǫs	V;IND;IPFV;NOM(4,SG)	yiyiitsʼǫs
yiyiitsʼǫs	V;IND;PFV;NOM(2,GRPL)	yiyiitsʼǫst
yiyiitsʼǫs	V;IND;PFV;NOM(2,PL)	yiyiitsʼǫst
yiyiitsʼǫs	V;IND;PFV;NOM(2,SG)	yiyiitsʼǫs
yiyiitsʼǫs	V;IND;PFV;NOM(3,GRPL)	yiyiitsʼǫs
yiyiitsʼǫs	V;IND;PFV;NOM(3,PL)	yiyiitsʼǫse
yiyiitsʼǫs	V;IND;PFV;NOM(3,SG)	yiyiitsʼǫs
yiyiitsʼǫs	V;IND;PFV;NOM(4,GRPL)	yiyiitsʼǫs
yiyiitsʼǫs	V;IND;PFV;NOM(4,PL)	yiyiitsʼǫse
yiyiitsʼǫs	V;IND;PFV;NOM(4,SG)	yiyiitsʼǫs
yiyiitsʼǫs	V;IND;PROSP;NOM(1,GRPL)	yiyiitsʼǫs
yiyiitsʼǫs	V;IND;PROSP;NOM(1,SG)	yiyiitsʼǫs
yiyiitsʼǫs	V;IND;PROSP;NOM(2,PL)	yiyiitsʼǫst
yiyiitsʼǫs	V;IND;PROSP;NOM(2,SG)	yiyiitsʼǫss
yiyiitsʼǫs	V;IND;PROSP;NOM(3,GRPL)	yiyiitsʼǫs
yiyiitsʼǫs	V;IND;PROSP;NOM(3,PL)	yiyiitsʼǫs
yiyiitsʼǫs	V;IND;PROSP;NOM(4,GRPL)	yiyiitsʼǫs
yiyiitsʼǫs	V;IND;PROSP;NOM(4,SG)	yiyiitsʼǫs
yiyiiłtsééh	V;IND;IPFV;NOM(1,GRPL)	yiyiiłtsééhe
yiyiiłtsééh	V;IND;IPFV;NOM(1,PL)	yiyiiłtsééhen
yiyiiłtsééh	V;IND;IPFV;NOM(1,SG)	yiyiiłtsééh
yiyiiłtsééh	V;IND;IPFV;NOM(2,GRPL)	yiyiiłtsééht
yiyiiłtsééh	V;IND;IPFV;NOM(2,SG)	yiyiiłtsééh
yiyiiłtsééh	V;IND;IPFV;NOM(3,GRPL)	yiyiiłtsééhe
yiyiiłtsééh	V;IND;IPFV;NOM(3,PL)	yiyiiłtsééhe
yiyiiłtsééh	V;IND;IPFV;NOM(3,SG)	yiyiiłtsééh
yiyiiłtsééh	V;IND;IPFV;NOM(4,GRPL)	yiyiiłtsééh
yiyiiłtsééh	V;IND;IPFV;NOM(4,SG)	yiyiiłtsééh
yiyiiłtsééh	V;IND;PFV;NOM(1,PL)	yiyiiłtsééhen
yiyiiłtsééh	V;IND;PFV;NOM(1,SG)	yiyiiłtsééh
yiyiiłtsééh	V;IND;PFV;NOM(2,PL)	yiyiiłtsééht
yiyiiłtsééh	V;IND;PFV;NOM(2,SG)	yiyiiłtsééh
yiyiiłtsééh	V;IND;PFV;NOM(3,SG)	yiyiiłtsééh
yiyiiłtsééh	V;IND;PFV;NOM(4,GRPL)	yiyiiłtsééhe
yiyiiłtsééh	V;IND;PFV;NOM(4,PL)	yiyiiłtsééhe
yiyiiłtsééh	V;IND;PFV;NOM(4,SG)	yiyiiłtsééh
yiyiiłtsééh	V;IND;PROSP;NOM(1,GRPL)	yiyiiłtsééhe
yiyiiłtsééh	V;IND;PROSP;NOM(1,SG)	yiyiiłtsééhe
yiyiiłtsééh	V;IND;PROSP;NOM(2,GRPL)	yiyiiłtsééht
yiyiiłtsééh	V;IND;PROSP;NOM(2,PL)	yiyiiłtsééht
yiyiiłtsééh	V;IND;PROSP;NOM(4,GRPL)	yiyiiłtsééh
yiyiiłtsóóh	V;IND;IPFV;NOM(1,GRPL)	yiyiiłtsóóhe
yiyiiłtsóóh	V;IND;IPFV;NOM(1,PL)	yiyiiłtsóóhen
yiyiiłtsóóh	V;IND;IPFV;NOM(1,SG)	yiyiiłtsóóh
yiyiiłtsóóh	V;IND;IPFV;NOM(2,GRPL)	yiyiiłtsóóht
yiyiiłtsóóh	V;IND;IPFV;NOM(2,PL)	yiyiiłtsóóht
yiyiiłtsóóh	V;IND;IPFV;NOM(2,SG)	yiyiiłtsóóh
yiyiiłtsóóh	V;IND;IPFV;NOM(3,GRPL)	yiyiiłtsóóhe
yiyiiłtsóóh	V;IND;IPFV;NOM(3,PL)	yiyiiłtsóóhe
yiyiiłtsóóh	V;IND;IPFV;NOM(3,SG)	yiyiiłtsóóh
yiyiiłtsóóh	V;IND;IPFV;NOM(4,GRPL)	yiyiiłtsóóhe
yiyiiłtsóóh	V;IND;IPFV;NOM(4,PL)	yiyiiłtsóóhe
yiyiiłtsóóh	V;IND;IPFV;NOM(4,SG)	yiyiiłtsóóh
yiyiiłtsóóh	V;IND;PFV;NOM(1,GRPL)	yiyiiłtsóóhe
yiyiiłtsóóh	V;IND;PFV;NOM(1,PL)	yiyiiłtsóóhen
yiyiiłtsóóh	V;IND;PFV;NOM(1,SG)	yiyiiłtsóóhe
yiyiiłtsóóh	V;IND;PFV;NOM(2,GRPL)	yiyiiłtsóóht
yiyiiłtsóóh	V;IND;PFV;NOM(2,PL)	yiyiiłtsóóht
yiyiiłtsóóh	V;IND;PFV;NOM(2,SG)	yiyiiłtsóóhs
yiyiiłtsóóh	V;IND;PFV;NOM(3,GRPL)	yiyiiłtsóóhe
yiyiiłtsóóh	V;IND;PFV;NOM(3,PL)	yiyiiłtsóóhen
yiyiiłtsóóh	V;IND;PFV;NOM(3,SG)	yiyiiłtsóóhs
yiyiiłtsóóh	V;IND;PFV;NOM(4,GRPL)	yiyiiłtsóóhe
yiyiiłtsóóh	V;IND;PFV;NOM(4,PL)	yiyiiłtsóóhe
yiyiiłtsóóh	V;IND;PFV;NOM(4,SG)	yiyiiłtsóóh
yiłchʼal	V;IND;IPFV;NOM(1,GRPL)	yiłchʼale
yiłchʼal	V;IND;IPFV;NOM(2,PL)	yiłchʼalt
yiłchʼal	V;IND;IPFV;NOM(2,SG)	yiłchʼal
yiłchʼal	V;IND;IPFV;NOM(3,SG)	yiłchʼals
yiłchʼal	V;IND;IPFV;NOM(4,GRPL)	yiłchʼale
yiłchʼal	V;IND;IPFV;NOM(4,SG)	yiłchʼal
yiłchʼal	V;IND;PFV;NOM(1,GRPL)	yiłchʼale
yiłchʼal	V;IND;PFV;NOM(1,SG)	yiłchʼal
yiłchʼal	V;IND;PFV;NOM(2,GRPL)	yiłchʼalt
yiłchʼal	V;IND;PFV;NOM(2,PL)	yiłchʼalt
yiłchʼal	V;IND;PFV;NOM(2,SG)	yiłchʼals
yiłchʼal	V;IND;PFV;NOM(3,PL)	yiłchʼale
yiłchʼal	V;IND;PFV;NOM(3,SG)	yiłchʼals
yiłchʼal	V;IND;PFV;NOM(4,GRPL)	yiłchʼale
yiłchʼal	V;IND;PFV;NOM(4,PL)	yiłchʼale
yiłchʼal	V;IND;PFV;NOM(4,SG)	yiłchʼals
yiłchʼal	V;IND;PROSP;NOM(1,SG)	yiłchʼale
yiłchʼal	V;IND;PROSP;NOM(3,GRPL)	yiłchʼals
yiłchʼal	V;IND;PROSP;NOM(3,PL)	yiłchʼale
yiłchʼal	V;IND;PROSP;NOM(3,SG)	yiłchʼals
yiłchʼal	V;IND;PROSP;NOM(4,GRPL)	yiłchʼale
yiłchʼal	V;IND;PROSP;NOM(4,PL)	yiłchʼale
yiłchʼal	V;IND;PROSP;NOM(4,SG)	yiłchʼals
yiłdin	V;IND;IPFV;NOM(1,GRPL)	yiłdinnen
yiłdin	V;IND;IPFV;NOM(1,PL)	yiłdinnen
yiłdin	V;IND;IPFV;NOM(1,SG)	yiłdin
yiłdin	V;IND;IPFV;NOM(2,GRPL)	yiłdiet
yiłdin	V;IND;IPFV;NOM(2,PL)	yiłditt
yiłdin	V;IND;IPFV;NOM(2,SG)	yiłdiest
yiłdin	V;IND;IPFV;NOM(3,GRPL)	yiłdinnen
yiłdin	V;IND;IPFV;NOM(3,PL)	yiłdinnen
yiłdin	V;IND;IPFV;NOM(3,SG)	yiłdin
yiłdin	V;IND;IPFV;NOM(4,GRPL)	yiłdin
yiłdin	V;IND;IPFV;NOM(4,PL)	yiłdinnen
yiłdin	V;IND;IPFV;NOM(4,SG)	yiłdin
yiłdin	V;IND;PFV;NOM(1,GRPL)	yiłdinnen
yiłdin	V;IND;PFV;NOM(1,PL)	yiłdinnen
yiłdin	V;IND;PFV;NOM(1,SG)	yiłdin
yiłdin	V;IND;PFV;NOM(2,GRPL)	yiłdint
yiłdin	V;IND;PFV;NOM(2,PL)	yiłditt
yiłdin	V;IND;PFV;NOM(2,SG)	yiłdiest
yiłdin	V;IND;PFV;NOM(3,GRPL)	yiłdinnen
yiłdin	V;IND;PFV;NOM(3,SG)	yiłdin
yiłdin	V;IND;PFV;NOM(4,GRPL)	yiłdin
yiłdin	V;IND;PFV;NOM(4,PL)	yiłdinnen
yiłdin	V;IND;PFV;NOM(4,SG)	yiłdin
yiłhaał	V;IND;IPFV;NOM(1,GRPL)	yiłhaałe
yiłhaał	V;IND;IPFV;NOM(1,PL)	yiłhaałen
yiłhaał	V;IND;IPFV;NOM(1,SG)	yiłhaałe
yiłhaał	V;IND;IPFV;NOM(2,GRPL)	yiłhaałt
yiłhaał	V;IND;IPFV;NOM(2,PL)	yiłhaałt
yiłhaał	V;IND;IPFV;NOM(2,SG)	yiłhaał
yiłhaał	V;IND;IPFV;NOM(3,GRPL)	yiłhaałe
yiłhaał	V;IND;IPFV;NOM(3,PL)	yiłhaałen
yiłhaał	V;IND;IPFV;NOM(3,SG)	yiłhaał
yiłhaał	V;IND;IPFV;NOM(4,GRPL)	yiłhaałe
yiłhaał	V;IND;IPFV;NOM(4,PL)	yiłhaałe
yiłhaał	V;IND;IPFV;NOM(4,SG)	yiłhaał
yiłhaał	V;IND;PFV;NOM(1,GRPL)	yiłhaałe
yiłhaał	V;IND;PFV;NOM(1,PL)	yiłhaałen
yiłhaał	V;IND;PFV;NOM(1,SG)	yiłhaałe
yiłhaał	V;IND;PFV;NOM(2,GRPL)	yiłhaałt
yiłhaał	V;IND;PFV;NOM(2,PL)	yiłhaałt
yiłhaał	V;IND;PFV;NOM(2,SG)	yiłhaał
yiłhaał	V;IND;PFV;NOM(3,GRPL)	yiłhaałe
yiłhaał	V;IND;PFV;NOM(3,PL)	yiłhaałen
yiłhaał	V;IND;PFV;NOM(3,SG)	yiłhaałs
yiłhaał	V;IND;PFV;NOM(4,GRPL)	yiłhaałe
yiłhaał	V;IND;PFV;NOM(4,PL)	yiłhaałe
yiłhaał	V;IND;PFV;NOM(4,SG)	yiłhaałe
yiłnaad	V;IND;IPFV;NOM(1,GRPL)	yiłnaade
yiłnaad	V;IND;IPFV;NOM(1,PL)	yiłnaaden
yiłnaad	V;IND;IPFV;NOM(1,SG)	yiłnaad
yiłnaad	V;IND;IPFV;NOM(2,SG)	yiłnaad
yiłnaad	V;IND;IPFV;NOM(3,PL)	yiłnaaden
yiłnaad	V;IND;IPFV;NOM(4,GRPL)	yiłnaade
yiłnaad	V;IND;IPFV;NOM(4,PL)	yiłnaade
yiłnaad	V;IND;IPFV;NOM(4,SG)	yiłnaad
yiłnaad	V;IND;PFV;NOM(1,GRPL)	yiłnaade
yiłnaad	V;IND;PFV;NOM(1,PL)	yiłnaaden
yiłnaad	V;IND;PFV;NOM(1,SG)	yiłnaade
yiłnaad	V;IND;PFV;NOM(2,SG)	yiłnaad
yiłnaad	V;IND;PFV;NOM(3,GRPL)	yiłnaade
yiłnaad	V;IND;PFV;NOM(3,SG)	yiłnaads
yiłnaad	V;IND;PFV;NOM(4,GRPL)	yiłnaade
yiłnaad	V;IND;PFV;NOM(4,PL)	yiłnaade
yiłnaad	V;IND;PFV;NOM(4,SG)	yiłnaad
yiłnaad	V;IND;PROSP;NOM(1,PL)	yiłnaaden
yiłnaad	V;IND;PROSP;NOM(1,SG)	yiłnaade
yiłnaad	V;IND;PROSP;NOM(2,PL)	yiłnaadt
yiłnaad	V;IND;PROSP;NOM(3,GRPL)	yiłnaade
yiłnaad	V;IND;PROSP;NOM(4,SG)	yiłnaads
yiłneʼ	V;IND;IPFV;NOM(1,GRPL)	yiłneʼ
yiłneʼ	V;IND;IPFV;NOM(1,PL)	yiłnen
yiłneʼ	V;IND;IPFV;NOM(1,SG)	yiłne
yiłneʼ	V;IND;IPFV;NOM(2,GRPL)	yiłnet
yiłneʼ	V;IND;IPFV;NOM(2,PL)	yiłnet
yiłneʼ	V;IND;IPFV;NOM(2,SG)	yiłne
yiłneʼ	V;IND;IPFV;NOM(3,GRPL)	yiłneʼ
yiłneʼ	V;IND;IPFV;NOM(3,PL)	yiłneʼ
yiłneʼ	V;IND;IPFV;NOM(3,SG)	yiłne
yiłneʼ	V;IND;IPFV;NOM(4,GRPL)	yiłne
yiłneʼ	V;IND;IPFV;NOM(4,PL)	yiłnen
yiłneʼ	V;IND;IPFV;NOM(4,SG)	yiłne
yiłneʼ	V;IND;PFV;NOM(1,GRPL)	yiłneʼ
yiłneʼ	V;IND;PFV;NOM(1,PL)	yiłneʼn
yiłneʼ	V;IND;PFV;NOM(1,SG)	yiłne
yiłneʼ	V;IND;PFV;NOM(2,GRPL)	yiłnet
yiłneʼ	V;IND;PFV;NOM(2,PL)	yiłnet
yiłneʼ	V;IND;PFV;NOM(2,SG)	yiłnest
yiłneʼ	V;IND;PFV;NOM(3,GRPL)	yiłneʼ
yiłneʼ	V;IND;PFV;NOM(3,PL)	yiłneʼ
yiłneʼ	V;IND;PFV;NOM(3,SG)	yiłne
yiłneʼ	V;IND;PFV;NOM(4,GRPL)	yiłneʼ
yiłneʼ	V;IND;PFV;NOM(4,PL)	yiłneʼ
yiłneʼ	V;IND;PFV;NOM(4,SG)	yiłne
yiłtin	V;IND;IPFV;NOM(1,GRPL)	yiłtinnen
yiłtin	V;IND;IPFV;NOM(1,PL)	yiłtinnen
yiłtin	V;IND;IPFV;NOM(1,SG)	yiłtin
yiłtin	V;IND;IPFV;NOM(2,GRPL)	yiłtint
yiłtin	V;IND;IPFV;NOM(2,PL)	yiłtint
yiłtin	V;IND;IPFV;NOM(2,SG)	yiłtin
yiłtin	V;IND;IPFV;NOM(3,GRPL)	yiłtinnen
yiłtin	V;IND;IPFV;NOM(3,PL)	yiłtinnen
yiłtin	V;IND;IPFV;NOM(3,SG)	yiłtin
yiłtin	V;IND;IPFV;NOM(4,GRPL)	yiłtin
yiłtin	V;IND;IPFV;NOM(4,PL)	yiłtinnen
yiłtin	V;IND;IPFV;NOM(4,SG)	yiłtin
yiłtin	V;IND;PFV;NOM(1,GRPL)	yiłtinnen
yiłtin	V;IND;PFV;NOM(1,PL)	yiłtinnen
yiłtin	V;IND;PFV;NOM(1,SG)	yiłtin
yiłtin	V;IND;PFV;NOM(2,GRPL)	yiłtint
yiłtin	V;IND;PFV;NOM(2,PL)	yiłtint
yiłtin	V;IND;PFV;NOM(2,SG)	yiłtiest
yiłtin	V;IND;PFV;NOM(3,GRPL)	yiłtinnen
yiłtin	V;IND;PFV;NOM(3,PL)	yiłtinnen
yiłtin	V;IND;PFV;NOM(3,SG)	yiłtin
yiłtin	V;IND;PFV;NOM(4,GRPL)	yiłtinnen
yiłtin	V;IND;PFV;NOM(4,PL)	yiłtinnen
yiłtin	V;IND;PFV;NOM(4,SG)	yiłtin
yiłtsʼééh	V;IND;IPFV;NOM(1,GRPL)	yiłtsʼééhe
yiłtsʼééh	V;IND;IPFV;NOM(1,PL)	yiłtsʼééhen
yiłtsʼééh	V;IND;IPFV;NOM(1,SG)	yiłtsʼééh
yiłtsʼééh	V;IND;IPFV;NOM(2,GRPL)	yiłtsʼééht
yiłtsʼééh	V;IND;IPFV;NOM(2,PL)	yiłtsʼééht
yiłtsʼééh	V;IND;IPFV;NOM(2,SG)	yiłtsʼééh
yiłtsʼééh	V;IND;IPFV;NOM(3,GRPL)	yiłtsʼééhe
yiłtsʼééh	V;IND;IPFV;NOM(3,PL)	yiłtsʼééhen
yiłtsʼééh	V;IND;IPFV;NOM(3,SG)	yiłtsʼééh
yiłtsʼééh	V;IND;IPFV;NOM(4,GRPL)	yiłtsʼééhe
yiłtsʼééh	V;IND;IPFV;NOM(4,PL)	yiłtsʼééhe
yiłtsʼééh	V;IND;IPFV;NOM(4,SG)	yiłtsʼééh
yiłtsʼééh	V;IND;PFV;NOM(1,GRPL)	yiłtsʼééhe
yiłtsʼééh	V;IND;PFV;NOM(1,PL)	yiłtsʼééhen
yiłtsʼééh	V;IND;PFV;NOM(1,SG)	yiłtsʼééhe
yiłtsʼééh	V;IND;PFV;NOM(2,GRPL)	yiłtsʼééht
yiłtsʼééh	V;IND;PFV;NOM(2,PL)	yiłtsʼééht
yiłtsʼééh	V;IND;PFV;NOM(2,SG)	yiłtsʼééh
yiłtsʼééh	V;IND;PFV;NOM(3,GRPL)	yiłtsʼééhe
yiłtsʼééh	V;IND;PFV;NOM(3,PL)	yiłtsʼééhen
yiłtsʼééh	V;IND;PFV;NOM(3,SG)	yiłtsʼééh
yiłtsʼééh	V;IND;PFV;NOM(4,GRPL)	yiłtsʼééhe
yiłtsʼééh	V;IND;PFV;NOM(4,PL)	yiłtsʼééhe
yiłtsʼééh	V;IND;PFV;NOM(4,SG)	yiłtsʼééh
yiłtʼees	V;IND;IPFV;NOM(1,GRPL)	yiłtʼees
yiłtʼees	V;IND;IPFV;NOM(1,PL)	yiłtʼees
yiłtʼees	V;IND;IPFV;NOM(1,SG)	yiłtʼees
yiłtʼees	V;IND;IPFV;NOM(2,GRPL)	yiłtʼees
yiłtʼees	V;IND;IPFV;NOM(2,PL)	yiłtʼees
yiłtʼees	V;IND;IPFV;NOM(3,GRPL)	yiłtʼees
yiłtʼees	V;IND;IPFV;NOM(4,SG)	yiłtʼees
yiłtʼees	V;IND;PFV;NOM(1,PL)	yiłtʼees
yiłtʼees	V;IND;PFV;NOM(2,GRPL)	yiłtʼees
yiłtʼees	V;IND;PFV;NOM(2,PL)	yiłtʼeest
yiłtʼees	V;IND;PFV;NOM(3,GRPL)	yiłtʼees
yiłtʼees	V;IND;PFV;NOM(3,PL)	yiłtʼees
yiłtʼees	V;IND;PFV;NOM(3,SG)	yiłtʼees
yiłtʼees	V;IND;PROSP;NOM(1,PL)	yiłtʼees
yiłtʼees	V;IND;PROSP;NOM(2,GRPL)	yiłtʼees
yiłtʼees	V;IND;PROSP;NOM(2,PL)	yiłtʼeest
yiłtʼees	V;IND;PROSP;NOM(2,SG)	yiłtʼees
yiłtʼees	V;IND;PROSP;NOM(3,GRPL)	yiłtʼees
yiłtʼees	V;IND;PROSP;NOM(3,PL)	yiłtʼees
yiłtʼees	V;IND;PROSP;NOM(3,SG)	yiłtʼees
yiłtʼees	V;IND;PROSP;NOM(4,PL)	yiłtʼees
yiłtʼees	V;IND;PROSP;NOM(4,SG)	yiłtʼees
yootʼááł	V;IND;PFV;NOM(1,GRPL)	yootʼááłe
yootʼááł	V;IND;PFV;NOM(1,PL)	yootʼááłe
yootʼááł	V;IND;PFV;NOM(1,SG)	yootʼááł
yootʼááł	V;IND;PFV;NOM(2,GRPL)	yootʼááłt
yootʼááł	V;IND;PFV;NOM(2,PL)	yootʼááłt
yootʼááł	V;IND;PFV;NOM(2,SG)	yootʼááł
yootʼááł	V;IND;PFV;NOM(3,GRPL)	yootʼááłe
yootʼááł	V;IND;PFV;NOM(3,PL)	yootʼááłe
yootʼááł	V;IND;PFV;NOM(3,SG)	yootʼááłs
yootʼááł	V;IND;PFV;NOM(4,GRPL)	yootʼááłe
yootʼááł	V;IND;PFV;NOM(4,PL)	yootʼááłe
yootʼááł	V;IND;PFV;NOM(4,SG)	yootʼááł
yooznah	V;IND;IPFV;NOM(2,SG)	yooznah
yooznah	V;IND;IPFV;NOM(4,GRPL)	yooznahe
yooznah	V;IND;ITER;NOM(1,GRPL)	yooznahe
yooznah	V;IND;ITER;NOM(1,PL)	yooznahe
yooznah	V;IND;ITER;NOM(1,SG)	yooznah
yooznah	V;IND;ITER;NOM(2,PL)	yooznaht
yooznah	V;IND;ITER;NOM(3,PL)	yooznahe
yooznah	V;IND;ITER;NOM(4,PL)	yooznahe
yooznah	V;IND;ITER;NOM(4,SG)	yooznah
yooznah	V;IND;PFV;NOM(2,PL)	yooznahet
yooznah	V;IND;PFV;NOM(3,PL)	yooznahe
yooznah	V;IND;PFV;NOM(3,SG)	yooznahes
yooznah	V;IND;PROSP;NOM(1,GRPL)	yooznahe
yooznah	V;IND;PROSP;NOM(2,GRPL)	yooznaht
yooznah	V;IND;PROSP;NOM(2,SG)	yooznahs
yooznah	V;IND;PROSP;NOM(3,GRPL)	yooznahes
yooznah	V;IND;PROSP;NOM(3,SG)	yooznahs
yooznah	V;IND;PROSP;NOM(4,GRPL)	yooznahe
yooznah	V;IND;PROSP;NOM(4,SG)	yooznahs
yooznah	V;OPT;NOM(3,GRPL)	yooznahes
yooznah	V;OPT;NOM(3,SG)	yooznahs
yooznah	V;OPT;NOM(4,GRPL)	yooznahe
yooznah	V;OPT;NOM(4,SG)	yooznahs
yoozǫ́ǫ́s	V;IND;PFV;NOM(1,GRPL)	yoozǫ́ǫ́s
yoozǫ́ǫ́s	V;IND;PFV;NOM(1,PL)	yoozǫ́ǫ́se
yoozǫ́ǫ́s	V;IND;PFV;NOM(1,SG)	yoozǫ́ǫ́s
yoozǫ́ǫ́s	V;IND;PFV;NOM(2,GRPL)	yoozǫ́ǫ́st
yoozǫ́ǫ́s	V;IND;PFV;NOM(2,PL)	yoozǫ́ǫ́st
yoozǫ́ǫ́s	V;IND;PFV;NOM(2,SG)	yoozǫ́ǫ́s
yoozǫ́ǫ́s	V;IND;PFV;NOM(3,GRPL)	yoozǫ́ǫ́s
yoozǫ́ǫ́s	V;IND;PFV;NOM(3,PL)	yoozǫ́ǫ́se
yoozǫ́ǫ́s	V;IND;PFV;NOM(3,SG)	yoozǫ́ǫ́s
yoozǫ́ǫ́s	V;IND;PFV;NOM(4,GRPL)	yoozǫ́ǫ́s
yoozǫ́ǫ́s	V;IND;PFV;NOM(4,PL)	yoozǫ́ǫ́se
yoozǫ́ǫ́s	V;IND;PFV;NOM(4,SG)	yoozǫ́ǫ́s
yoołbąs	V;IND;PFV;NOM(1,GRPL)	yoołbąse
yoołbąs	V;IND;PFV;NOM(1,PL)	yoołbąsen
yoołbąs	V;IND;PFV;NOM(1,SG)	yoołbąse
yoołbąs	V;IND;PFV;NOM(2,GRPL)	yoołbąst
yoołbąs	V;IND;PFV;NOM(2,PL)	yoołbąst
yoołbąs	V;IND;PFV;NOM(2,SG)	yoołbąs
yoołbąs	V;IND;PFV;NOM(3,GRPL)	yoołbąse
yoołbąs	V;IND;PFV;NOM(3,PL)	yoołbąse
yoołbąs	V;IND;PFV;NOM(3,SG)	yoołbąs
yoołbąs	V;IND;PFV;NOM(4,GRPL)	yoołbąse
yoołbąs	V;IND;PFV;NOM(4,PL)	yoołbąse
yoołbąs	V;IND;PFV;NOM(4,SG)	yoołbąs
yoołtʼah	V;IND;PFV;NOM(1,GRPL)	yoołtʼahe
yoołtʼah	V;IND;PFV;NOM(1,PL)	yoołtʼahe
yoołtʼah	V;IND;PFV;NOM(1,SG)	yoołtʼahe
yoołtʼah	V;IND;PFV;NOM(2,GRPL)	yoołtʼahes
yoołtʼah	V;IND;PFV;NOM(2,PL)	yoołtʼahe
yoołtʼah	V;IND;PFV;NOM(2,SG)	yoołtʼah
yoołtʼah	V;IND;PFV;NOM(3,GRPL)	yoołtʼahe
yoołtʼah	V;IND;PFV;NOM(3,PL)	yoołtʼahe
yoołtʼah	V;IND;PFV;NOM(3,SG)	yoołtʼahs
yoołtʼah	V;IND;PFV;NOM(4,GRPL)	yoołtʼahe
yoołtʼah	V;IND;PFV;NOM(4,PL)	yoołtʼahe
yoołtʼah	V;IND;PFV;NOM(4,SG)	yoołtʼah
yólgę́ę́zh	V;IND;PFV;NOM(1,GRPL)	yólgę́ę́zhe
yólgę́ę́zh	V;IND;PFV;NOM(1,PL)	yólgę́ę́zhen
yólgę́ę́zh	V;IND;PFV;NOM(1,SG)	yólgę́ę́zhe
yólgę́ę́zh	V;IND;PFV;NOM(2,GRPL)	yólgę́ę́zht
yólgę́ę́zh	V;IND;PFV;NOM(2,PL)	yólgę́ę́zht
yólgę́ę́zh	V;IND;PFV;NOM(2,SG)	yólgę́ę́zhst
yólgę́ę́zh	V;IND;PFV;NOM(3,GRPL)	yólgę́ę́zhe
yólgę́ę́zh	V;IND;PFV;NOM(3,PL)	yólgę́ę́zhen
yólgę́ę́zh	V;IND;PFV;NOM(3,SG)	yólgę́ę́zhe
yólgę́ę́zh	V;IND;PFV;NOM(4,GRPL)	yólgę́ę́zhe
yólgę́ę́zh	V;IND;PFV;NOM(4,PL)	yólgę́ę́zhe
yólgę́ę́zh	V;IND;PFV;NOM(4,SG)	yólgę́ę́zhe
łitsxo	V;IND;PFV;NOM(1,GRPL)	łitsxoe
łitsxo	V;IND;PFV;NOM(1,PL)	łitsxoe
łitsxo	V;IND;PFV;NOM(1,SG)	łitsxo
łitsxo	V;IND;PFV;NOM(2,GRPL)	łitsxot
łitsxo	V;IND;PFV;NOM(2,PL)	łitsxot
łitsxo	V;IND;PFV;NOM(2,SG)	łitsxos
łitsxo	V;IND;PFV;NOM(3,GRPL)	łitsxoe
łitsxo	V;IND;PFV;NOM(3,PL)	łitsxoe
łitsxo	V;IND;PFV;NOM(3,SG)	łitsxos
łitsxo	V;IND;PFV;NOM(4,GRPL)	łitsxoe
łitsxo	V;IND;PFV;NOM(4,PL)	łitsxoe
łitsxo	V;IND;PFV;NOM(4,SG)	łitsxos
łíidilchí	V;IND;IPFV;NOM(1,GRPL)	łíidilchí
łíidilchí	V;IND;IPFV;NOM(1,PL)	łíidilchíe
łíidilchí	V;IND;IPFV;NOM(1,SG)	łíidilchí
łíidilchí	V;IND;IPFV;NOM(2,GRPL)	łíidilchít
łíidilchí	V;IND;IPFV;NOM(2,PL)	łíidilchít
łíidilchí	V;IND;IPFV;NOM(2,SG)	łíidilchí
łíidilchí	V;IND;IPFV;NOM(3,GRPL)	łíidilchí
łíidilchí	V;IND;IPFV;NOM(3,PL)	łíidilchíe
łíidilchí	V;IND;IPFV;NOM(3,SG)	łíidilchí
łíidilchí	V;IND;IPFV;NOM(4,GRPL)	łíidilchí
łíidilchí	V;IND;IPFV;NOM(4,PL)	łíidilchíe
łíidilchí	V;IND;IPFV;NOM(4,SG)	łíidilchí
łíidilchí	V;IND;PFV;NOM(1,GRPL)	łíidilchí
łíidilchí	V;IND;PFV;NOM(1,PL)	łíidilchín
łíidilchí	V;IND;PFV;NOM(1,SG)	łíidilchí
łíidilchí	V;IND;PFV;NOM(2,GRPL)	łíidilchít
łíidilchí	V;IND;PFV;NOM(2,PL)	łíidilchít
łíidilchí	V;IND;PFV;NOM(2,SG)	łíidilchíst
łíidilchí	V;IND;PFV;NOM(3,GRPL)	łíidilchí
łíidilchí	V;IND;PFV;NOM(3,PL)	łíidilchíe
łíidilchí	V;IND;PFV;NOM(3,SG)	łíidilchí
łíidilchí	V;IND;PFV;NOM(4,GRPL)	łíidilchíe
łíidilchí	V;IND;PFV;NOM(4,PL)	łíidilchíe
łíidilchí	V;IND;PFV;NOM(4,SG)	łíidilchí
accuracy:0.025