abstrákta	ADJ;ACC(PL)	abstrákten
abstrákta	ADJ;ACC(SG)	abstrákta
abstrákta	ADJ;COM(PL)	abstrákten
abstrákta	ADJ;COM(SG)	abstrákta
abstrákta	ADJ;FRML(SG)	abstrákta
abstrákta	ADJ;GEN(PL)	abstrákten
abstrákta	ADJ;GEN(SG)	abstráktas
abstrákta	ADJ;IN+ALL(PL)	strákten ab
abstrákta	ADJ;IN+ALL(SG)	abstrákta
abstrákta	ADJ;NOM(PL)	abstrákten
abstrákta	ADJ;NOM(SG)	abstrákta
abstrákta	ADJ;PRP(PL)	abstrákten
abstrákta	ADJ;PRP(SG)	abstráktas
almmáskit	V;COND;NOM(1,DU)	almmáskit
almmáskit	V;COND;NOM(1,PL)	almmáskits
almmáskit	V;COND;NOM(1,SG)	almmáskit
almmáskit	V;COND;NOM(2,DU)	almmáskit
almmáskit	V;COND;NOM(2,PL)	almmáskittet
almmáskit	V;COND;NOM(3,DU)	almmáskits
almmáskit	V;COND;NOM(3,SG)	almmáskits
almmáskit	V;IMP;NOM(1,PL)	almmáskitten
almmáskit	V;IMP;NOM(2,DU)	almmáskit
almmáskit	V;IMP;NOM(2,SG)	almmáskit
almmáskit	V;IMP;NOM(3,PL)	almmáskitten
almmáskit	V;IMP;NOM(3,SG)	almmáskit
almmáskit	V;POT;NOM(1,DU)	almmáskitte
almmáskit	V;POT;NOM(1,PL)	almmáskitten
almmáskit	V;POT;NOM(2,DU)	almmáskittest
almmáskit	V;POT;NOM(2,PL)	almmáskittet
almmáskit	V;POT;NOM(2,SG)	almmáskits
almmáskit	V;POT;NOM(3,PL)	almmáskitten
almmáskit	V;POT;NOM(3,SG)	almmáskits
almmáskit	V;PRS;IND;NOM(1,DU)	almmáskite
almmáskit	V;PRS;IND;NOM(1,PL)	almmáskitten
almmáskit	V;PRS;IND;NOM(1,SG)	almmáskits
almmáskit	V;PRS;IND;NOM(2,DU)	almmáskits
almmáskit	V;PRS;IND;NOM(2,PL)	almmáskitt
almmáskit	V;PRS;IND;NOM(2,SG)	almmáskits
almmáskit	V;PRS;IND;NOM(3,DU)	almmáskits
almmáskit	V;PRS;IND;NOM(3,SG)	almmáskits
almmáskit	V;PST;IND;NOM(1,DU)	almmáskitten
almmáskit	V;PST;IND;NOM(1,SG)	almmáskitte
almmáskit	V;PST;IND;NOM(2,DU)	almmáskittet
almmáskit	V;PST;IND;NOM(3,DU)	almmáskitten
almmáskit	V;PST;IND;NOM(3,PL)	almmáskitten
amas	ADJ;ACC(PL)	amase
amas	ADJ;ACC(SG)	amas
amas	ADJ;COM(PL)	amase
amas	ADJ;COM(SG)	amas
amas	ADJ;FRML(SG)	amas
amas	ADJ;GEN(PL)	amase
amas	ADJ;GEN(SG)	amases
amas	ADJ;IN+ALL(PL)	amasen
amas	ADJ;IN+ALL(SG)	amas
amas	ADJ;NOM(PL)	amase
amas	ADJ;NOM(SG)	amas
amas	ADJ;PRP(PL)	amasen
amas	ADJ;PRP(SG)	amases
atoma	N;ACC(PL)	atomae
atoma	N;ACC(SG)	atoma
atoma	N;COM(PL)	atomae
atoma	N;COM(SG)	atoma
atoma	N;FRML(SG)	atoma
atoma	N;GEN(PL)	atomae
atoma	N;GEN(SG)	atomas
atoma	N;IN+ALL(PL)	atomae
atoma	N;IN+ALL(SG)	atoma
atoma	N;NOM(PL)	atomae
atoma	N;NOM(SG)	atoma
atoma	N;PRP(PL)	atomae
atoma	N;PRP(SG)	atomas
bieđgát	V;COND;LGSPEC1;NOM(1,PL)	bieđgáte
bieđgát	V;COND;LGSPEC1;NOM(1,SG)	bieđgát
bieđgát	V;COND;LGSPEC1;NOM(2,DU)	bieđgát
bieđgát	V;COND;LGSPEC1;NOM(2,SG)	bieđgáts
bieđgát	V;COND;LGSPEC1;NOM(3,DU)	bieđgát
bieđgát	V;COND;LGSPEC1;NOM(3,PL)	bieđgáte
bieđgát	V;COND;LGSPEC1;NOM(3,SG)	bieđgáts
bieđgát	V;COND;NOM(1,DU)	bieđgát
bieđgát	V;COND;NOM(1,PL)	bieđgáte
bieđgát	V;COND;NOM(2,PL)	bieđgátt
bieđgát	V;COND;NOM(2,SG)	bieđgáts
bieđgát	V;IMP;NOM(1,SG)	bieđgát
bieđgát	V;IMP;NOM(2,DU)	bieđgát
bieđgát	V;IMP;NOM(2,PL)	bieđgátt
bieđgát	V;IMP;NOM(2,SG)	bieđgát
bieđgát	V;IMP;NOM(3,DU)	bieđgát
bieđgát	V;POT;NOM(1,DU)	bieđgáte
bieđgát	V;POT;NOM(1,PL)	bieđgáten
bieđgát	V;POT;NOM(1,SG)	bieđgáte
bieđgát	V;POT;NOM(2,DU)	bieđgátst
bieđgát	V;POT;NOM(2,PL)	bieđgáttet
bieđgát	V;POT;NOM(3,DU)	bieđgáte
bieđgát	V;PRS;IND;NOM(1,DU)	bieđgáte
bieđgát	V;PRS;IND;NOM(1,PL)	bieđgáte
bieđgát	V;PRS;IND;NOM(1,SG)	bieđgáte
bieđgát	V;PRS;IND;NOM(2,DU)	bieđgátst
bieđgát	V;PRS;IND;NOM(2,PL)	bieđgátt
bieđgát	V;PRS;IND;NOM(3,PL)	bieđgáte
bieđgát	V;PST;IND;NOM(1,PL)	bieđgáten
bieđgát	V;PST;IND;NOM(1,SG)	bieđgáte
bieđgát	V;PST;IND;NOM(2,PL)	bieđgáttet
bieđgát	V;PST;IND;NOM(3,PL)	bieđgáten
buddet	V;COND;LGSPEC1;NOM(1,DU)	buddete
buddet	V;COND;LGSPEC1;NOM(1,SG)	buddets
buddet	V;COND;LGSPEC1;NOM(2,PL)	buddets
buddet	V;COND;LGSPEC1;NOM(2,SG)	buddets
buddet	V;COND;LGSPEC1;NOM(3,DU)	buddets
buddet	V;COND;LGSPEC1;NOM(3,PL)	buddets
buddet	V;COND;LGSPEC1;NOM(3,SG)	buddets
buddet	V;COND;NOM(1,PL)	buddete
buddet	V;COND;NOM(1,SG)	buddet
buddet	V;COND;NOM(2,DU)	buddet
buddet	V;COND;NOM(2,SG)	buddets
buddet	V;COND;NOM(3,DU)	buddets
buddet	V;COND;NOM(3,PL)	buddets
buddet	V;IMP;NOM(1,PL)	buddeten
buddet	V;IMP;NOM(1,SG)	buddet
buddet	V;IMP;NOM(2,PL)	buddett
buddet	V;IMP;NOM(2,SG)	buddet
buddet	V;IMP;NOM(3,PL)	buddets
buddet	V;POT;NOM(2,DU)	buddetest
buddet	V;POT;NOM(2,PL)	buddetet
buddet	V;POT;NOM(2,SG)	buddets
buddet	V;POT;NOM(3,DU)	buddets
buddet	V;PRS;IND;NOM(1,PL)	buddets
buddet	V;PRS;IND;NOM(1,SG)	buddets
buddet	V;PRS;IND;NOM(2,DU)	buddets
buddet	V;PRS;IND;NOM(2,PL)	buddets
buddet	V;PRS;IND;NOM(3,PL)	buddets
buddet	V;PST;IND;NOM(1,DU)	buddeten
buddet	V;PST;IND;NOM(1,SG)	buddete
buddet	V;PST;IND;NOM(3,DU)	buddeten
buddet	V;PST;IND;NOM(3,PL)	buddeten
báistit	V;COND;LGSPEC1;NOM(1,PL)	báistiten
báistit	V;COND;LGSPEC1;NOM(1,SG)	báistit
báistit	V;COND;LGSPEC1;NOM(2,DU)	báistit
báistit	V;COND;LGSPEC1;NOM(2,PL)	báistitt
báistit	V;COND;LGSPEC1;NOM(2,SG)	báistits
báistit	V;COND;LGSPEC1;NOM(3,DU)	báistit
báistit	V;COND;LGSPEC1;NOM(3,PL)	báistiten
báistit	V;COND;LGSPEC1;NOM(3,SG)	báistits
báistit	V;COND;NOM(1,DU)	báistit
báistit	V;COND;NOM(1,SG)	báistit
báistit	V;COND;NOM(2,DU)	báistit
báistit	V;COND;NOM(3,DU)	báistits
báistit	V;COND;NOM(3,PL)	báistiten
báistit	V;COND;NOM(3,SG)	báistits
báistit	V;IMP;NOM(1,DU)	báistit
báistit	V;IMP;NOM(1,PL)	báistiten
báistit	V;IMP;NOM(2,PL)	báistitt
báistit	V;POT;NOM(1,SG)	báistite
báistit	V;POT;NOM(2,PL)	báistittet
báistit	V;POT;NOM(3,DU)	báistite
báistit	V;POT;NOM(3,PL)	báistiten
báistit	V;POT;NOM(3,SG)	báistites
báistit	V;PRS;IND;NOM(1,DU)	báistite
báistit	V;PRS;IND;NOM(2,PL)	báistitt
báistit	V;PRS;IND;NOM(3,SG)	báistits
báistit	V;PST;IND;NOM(1,DU)	báistiten
báistit	V;PST;IND;NOM(1,PL)	báistitten
báistit	V;PST;IND;NOM(1,SG)	báistite
báistit	V;PST;IND;NOM(2,PL)	báistittet
báistit	V;PST;IND;NOM(3,DU)	báistitten
báistit	V;PST;IND;NOM(3,PL)	báistitten
báistit	V;PST;IND;NOM(3,SG)	báistitte
bálgán	N;ACC(PL)	bálgáne
bálgán	N;ACC(SG)	bálgán
bálgán	N;COM(PL)	bálgáne
bálgán	N;COM(SG)	bálgán
bálgán	N;FRML(SG)	bálgán
bálgán	N;GEN(PL)	bálgáne
bálgán	N;GEN(SG)	bálgáns
bálgán	N;IN+ALL(PL)	bálgánen
bálgán	N;IN+ALL(SG)	bálgán
bálgán	N;NOM(SG)	bálgán
bálgán	N;PRP(PL)	bálgáne
bálgán	N;PRP(SG)	bálgáns
báralaš	ADJ;ACC(PL)	báralaše
báralaš	ADJ;ACC(SG)	báralaš
báralaš	ADJ;COM(PL)	báralaše
báralaš	ADJ;COM(SG)	báralaš
báralaš	ADJ;FRML(SG)	báralaš
báralaš	ADJ;GEN(PL)	báralaše
báralaš	ADJ;GEN(SG)	báralašes
báralaš	ADJ;IN+ALL(PL)	báralašen
báralaš	ADJ;IN+ALL(SG)	báralaš
báralaš	ADJ;NOM(PL)	báralaše
báralaš	ADJ;NOM(SG)	báralaš
báralaš	ADJ;PRP(PL)	báralašen
báralaš	ADJ;PRP(SG)	báralašes
bárdnat	V;COND;LGSPEC1;NOM(1,DU)	bárdnate
bárdnat	V;COND;LGSPEC1;NOM(1,PL)	bárdnaten
bárdnat	V;COND;LGSPEC1;NOM(2,DU)	bárdnat
bárdnat	V;COND;LGSPEC1;NOM(2,PL)	bárdnatt
bárdnat	V;COND;LGSPEC1;NOM(2,SG)	bárdnats
bárdnat	V;COND;LGSPEC1;NOM(3,DU)	bárdnate
bárdnat	V;COND;LGSPEC1;NOM(3,SG)	bárdnats
bárdnat	V;COND;NOM(1,DU)	bárdnate
bárdnat	V;COND;NOM(1,PL)	bárdnaten
bárdnat	V;COND;NOM(2,DU)	bárdnat
bárdnat	V;COND;NOM(2,SG)	bárdnats
bárdnat	V;IMP;NOM(1,SG)	bárdnat
bárdnat	V;IMP;NOM(2,DU)	bárdnat
bárdnat	V;IMP;NOM(2,SG)	bárdnat
bárdnat	V;IMP;NOM(3,DU)	bárdnat
bárdnat	V;IMP;NOM(3,PL)	bárdnaten
bárdnat	V;IMP;NOM(3,SG)	bárdnat
bárdnat	V;POT;NOM(1,DU)	bárdnate
bárdnat	V;POT;NOM(1,PL)	bárdnaten
bárdnat	V;POT;NOM(2,PL)	bárdnattet
bárdnat	V;POT;NOM(3,DU)	bárdnate
bárdnat	V;POT;NOM(3,SG)	bárdnates
bárdnat	V;PRS;IND;NOM(1,DU)	bárdnate
bárdnat	V;PRS;IND;NOM(1,PL)	bárdnaten
bárdnat	V;PRS;IND;NOM(1,SG)	bárdnate
bárdnat	V;PRS;IND;NOM(2,PL)	bárdnatt
bárdnat	V;PRS;IND;NOM(3,DU)	bárdnats
bárdnat	V;PRS;IND;NOM(3,SG)	bárdnats
bárdnat	V;PST;IND;NOM(1,DU)	bárdnaten
bárdnat	V;PST;IND;NOM(2,DU)	bárdnattet
bárdnat	V;PST;IND;NOM(3,PL)	bárdnaten
bárdnat	V;PST;IND;NOM(3,SG)	bárdnate
ceggoseamos	ADJ;ACC(PL)	ceggoseamose
ceggoseamos	ADJ;ACC(SG)	ceggoseamos
ceggoseamos	ADJ;COM(PL)	ceggoseamose
ceggoseamos	ADJ;COM(SG)	ceggoseamos
ceggoseamos	ADJ;FRML(SG)	ceggoseamos
ceggoseamos	ADJ;GEN(PL)	ceggoseamose
ceggoseamos	ADJ;GEN(SG)	ceggoseamoses
ceggoseamos	ADJ;IN+ALL(PL)	ceggoseamosen
ceggoseamos	ADJ;IN+ALL(SG)	ceggoseamos
ceggoseamos	ADJ;NOM(PL)	ceggoseamose
ceggoseamos	ADJ;NOM(SG)	ceggoseamos
ceggoseamos	ADJ;PRP(PL)	ceggoseamosen
ceggoseamos	ADJ;PRP(SG)	ceggoseamoses
cuoŋománnu	N;ACC(PL)	cuoŋománnen
cuoŋománnu	N;ACC(SG)	cuoŋománnu
cuoŋománnu	N;COM(PL)	cuoŋománnen
cuoŋománnu	N;COM(SG)	cuoŋománnu
cuoŋománnu	N;FRML(SG)	cuoŋománnu
cuoŋománnu	N;GEN(PL)	cuoŋománnen
cuoŋománnu	N;GEN(SG)	cuoŋománnus
cuoŋománnu	N;IN+ALL(PL)	cuoŋománnen
cuoŋománnu	N;IN+ALL(SG)	cuoŋománnu
cuoŋománnu	N;NOM(PL)	cuoŋománnen
cuoŋománnu	N;NOM(SG)	cuoŋománnu
cuoŋománnu	N;PRP(PL)	cuoŋománnue
cuoŋománnu	N;PRP(SG)	cuoŋománnus
deaivat	V;COND;LGSPEC1;NOM(2,DU)	deaivat
deaivat	V;COND;LGSPEC1;NOM(2,PL)	deaivatet
deaivat	V;COND;LGSPEC1;NOM(2,SG)	deaivats
deaivat	V;COND;LGSPEC1;NOM(3,DU)	deaivates
deaivat	V;COND;LGSPEC1;NOM(3,PL)	deaivate
deaivat	V;COND;LGSPEC1;NOM(3,SG)	deaivates
deaivat	V;COND;NOM(1,DU)	deaivate
deaivat	V;COND;NOM(2,DU)	deaivat
deaivat	V;COND;NOM(2,PL)	deaivatt
deaivat	V;COND;NOM(3,DU)	deaivates
deaivat	V;COND;NOM(3,PL)	deaivate
deaivat	V;COND;NOM(3,SG)	deaivats
deaivat	V;IMP;NOM(1,DU)	deaivat
deaivat	V;IMP;NOM(2,DU)	deaivat
deaivat	V;IMP;NOM(2,PL)	deaivatt
deaivat	V;IMP;NOM(2,SG)	deaivat
deaivat	V;IMP;NOM(3,DU)	deaivat
deaivat	V;IMP;NOM(3,PL)	deaivate
deaivat	V;POT;NOM(1,PL)	deaivaten
deaivat	V;POT;NOM(1,SG)	deaivate
deaivat	V;POT;NOM(2,PL)	deaivatet
deaivat	V;POT;NOM(2,SG)	deaivates
deaivat	V;POT;NOM(3,DU)	deaivates
deaivat	V;PRS;IND;NOM(1,DU)	deaivate
deaivat	V;PRS;IND;NOM(2,SG)	deaivats
deaivat	V;PRS;IND;NOM(3,PL)	deaivates
deaivat	V;PST;IND;NOM(1,DU)	deaivated
deaivat	V;PST;IND;NOM(1,PL)	deaivaten
deaivat	V;PST;IND;NOM(1,SG)	deaivate
deaivat	V;PST;IND;NOM(2,SG)	deaivates
deaivat	V;PST;IND;NOM(3,DU)	deaivated
deaivat	V;PST;IND;NOM(3,PL)	deaivaten
dievvat	V;COND;LGSPEC1;NOM(1,SG)	dievvat
dievvat	V;COND;LGSPEC1;NOM(2,PL)	dievvatt
dievvat	V;COND;LGSPEC1;NOM(2,SG)	dievvats
dievvat	V;COND;LGSPEC1;NOM(3,PL)	dievvate
dievvat	V;COND;LGSPEC1;NOM(3,SG)	dievvats
dievvat	V;COND;NOM(1,PL)	dievvate
dievvat	V;COND;NOM(2,DU)	dievvat
dievvat	V;COND;NOM(2,SG)	dievvats
dievvat	V;COND;NOM(3,DU)	dievvats
dievvat	V;COND;NOM(3,PL)	dievvate
dievvat	V;COND;NOM(3,SG)	dievvats
dievvat	V;IMP;NOM(1,SG)	dievvat
dievvat	V;IMP;NOM(2,PL)	dievvatt
dievvat	V;IMP;NOM(2,SG)	dievvat
dievvat	V;IMP;NOM(3,DU)	dievvat
dievvat	V;IMP;NOM(3,SG)	dievvat
dievvat	V;POT;NOM(1,SG)	dievvate
dievvat	V;POT;NOM(2,DU)	dievvattest
dievvat	V;POT;NOM(2,PL)	dievvattet
dievvat	V;POT;NOM(2,SG)	dievvats
dievvat	V;POT;NOM(3,DU)	dievvates
dievvat	V;POT;NOM(3,PL)	dievvaten
dievvat	V;PRS;IND;NOM(1,DU)	dievvate
dievvat	V;PRS;IND;NOM(2,SG)	dievvats
dievvat	V;PRS;IND;NOM(3,SG)	dievvats
dievvat	V;PST;IND;NOM(1,PL)	dievvatten
dievvat	V;PST;IND;NOM(1,SG)	dievvate
dievvat	V;PST;IND;NOM(2,DU)	dievvattet
dievvat	V;PST;IND;NOM(2,PL)	dievvattet
dievvat	V;PST;IND;NOM(3,DU)	dievvatten
dievvat	V;PST;IND;NOM(3,PL)	dievvatten
dievvat	V;PST;IND;NOM(3,SG)	dievvatte
dorvu	N;ACC(PL)	dorvue
dorvu	N;ACC(SG)	dorvu
dorvu	N;COM(PL)	dorvue
dorvu	N;COM(SG)	dorvu
dorvu	N;FRML(SG)	dorvu
dorvu	N;GEN(PL)	dorvue
dorvu	N;GEN(SG)	dorvus
dorvu	N;IN+ALL(PL)	dorvue
dorvu	N;IN+ALL(SG)	dorvu
dorvu	N;NOM(PL)	dorvue
dorvu	N;NOM(SG)	dorvu
dorvu	N;PRP(PL)	dorvue
dorvu	N;PRP(SG)	dorvus
dorvvastit	V;COND;NOM(1,DU)	dorvvastit
dorvvastit	V;COND;NOM(1,PL)	dorvvastiten
dorvvastit	V;COND;NOM(1,SG)	dorvvastit
dorvvastit	V;COND;NOM(2,DU)	dorvvastit
dorvvastit	V;COND;NOM(2,PL)	dorvvastittet
dorvvastit	V;COND;NOM(2,SG)	dorvvastits
dorvvastit	V;COND;NOM(3,DU)	dorvvastits
dorvvastit	V;COND;NOM(3,PL)	dorvvastite
dorvvastit	V;COND;NOM(3,SG)	dorvvastits
dorvvastit	V;IMP;NOM(1,SG)	dorvvastit
dorvvastit	V;IMP;NOM(2,PL)	dorvvastittet
dorvvastit	V;IMP;NOM(2,SG)	dorvvastit
dorvvastit	V;IMP;NOM(3,DU)	dorvvastit
dorvvastit	V;IMP;NOM(3,PL)	dorvvastiten
dorvvastit	V;IMP;NOM(3,SG)	dorvvastit
dorvvastit	V;POT;NOM(1,DU)	dorvvastite
dorvvastit	V;POT;NOM(1,SG)	dorvvastite
dorvvastit	V;POT;NOM(2,DU)	dorvvastittest
dorvvastit	V;POT;NOM(2,PL)	dorvvastittet
dorvvastit	V;POT;NOM(3,PL)	dorvvastitten
dorvvastit	V;POT;NOM(3,SG)	dorvvastits
dorvvastit	V;PRS;IND;NOM(1,DU)	dorvvastite
dorvvastit	V;PRS;IND;NOM(1,PL)	dorvvastiten
dorvvastit	V;PRS;IND;NOM(1,SG)	dorvvastite
dorvvastit	V;PRS;IND;NOM(2,DU)	dorvvastits
dorvvastit	V;PRS;IND;NOM(3,DU)	dorvvastits
dorvvastit	V;PST;IND;NOM(1,DU)	dorvvastitten
dorvvastit	V;PST;IND;NOM(2,PL)	dorvvastittet
dorvvastit	V;PST;IND;NOM(2,SG)	dorvvastittest
dorvvastit	V;PST;IND;NOM(3,DU)	dorvvastitten
dorvvastit	V;PST;IND;NOM(3,PL)	dorvvastitten
dorvvastit	V;PST;IND;NOM(3,SG)	dorvvastitte
dorvvolaččat	ADJ;ACC(PL)	dorvvolaččate
dorvvolaččat	ADJ;ACC(SG)	dorvvolaččat
dorvvolaččat	ADJ;COM(PL)	dorvvolaččate
dorvvolaččat	ADJ;COM(SG)	dorvvolaččat
dorvvolaččat	ADJ;FRML(SG)	dorvvolaččat
dorvvolaččat	ADJ;GEN(PL)	dorvvolaččate
dorvvolaččat	ADJ;GEN(SG)	dorvvolaččats
dorvvolaččat	ADJ;IN+ALL(PL)	dorvvolaččaten
dorvvolaččat	ADJ;IN+ALL(SG)	dorvvolaččat
dorvvolaččat	ADJ;NOM(PL)	dorvvolaččate
dorvvolaččat	ADJ;NOM(SG)	dorvvolaččat
dorvvolaččat	ADJ;PRP(PL)	dorvvolaččate
dorvvolaččat	ADJ;PRP(SG)	dorvvolaččats
dápmat	V;COND;LGSPEC1;NOM(1,DU)	dápmate
dápmat	V;COND;LGSPEC1;NOM(2,SG)	dápmats
dápmat	V;COND;LGSPEC1;NOM(3,SG)	dápmat
dápmat	V;COND;NOM(1,DU)	dápmate
dápmat	V;COND;NOM(2,SG)	dápmats
dápmat	V;COND;NOM(3,DU)	dápmat
dápmat	V;COND;NOM(3,PL)	dápmäten
dápmat	V;COND;NOM(3,SG)	dápmats
dápmat	V;IMP;NOM(1,PL)	dápmaten
dápmat	V;IMP;NOM(1,SG)	dápmat
dápmat	V;IMP;NOM(2,DU)	dápmat
dápmat	V;IMP;NOM(3,PL)	dápmaten
dápmat	V;POT;NOM(1,DU)	dápmate
dápmat	V;POT;NOM(2,DU)	dápmattest
dápmat	V;POT;NOM(2,SG)	dápmats
dápmat	V;POT;NOM(3,DU)	dápmate
dápmat	V;POT;NOM(3,PL)	dápmaten
dápmat	V;PRS;IND;NOM(1,DU)	dápmate
dápmat	V;PRS;IND;NOM(1,PL)	dápmaten
dápmat	V;PRS;IND;NOM(2,DU)	dápmatt
dápmat	V;PRS;IND;NOM(2,SG)	dápmats
dápmat	V;PRS;IND;NOM(3,DU)	dápmats
dápmat	V;PRS;IND;NOM(3,PL)	dápmaten
dápmat	V;PRS;IND;NOM(3,SG)	dápmats
dápmat	V;PST;IND;NOM(1,DU)	dápmäten
dápmat	V;PST;IND;NOM(1,PL)	dápmäten
dápmat	V;PST;IND;NOM(1,SG)	dápmate
dápmat	V;PST;IND;NOM(2,DU)	dápmattet
dápmat	V;PST;IND;NOM(2,PL)	dápmattet
dápmat	V;PST;IND;NOM(3,DU)	dápmäten
dápmat	V;PST;IND;NOM(3,SG)	dápmäte
fuoikit	V;COND;LGSPEC1;NOM(1,DU)	fuoikit
fuoikit	V;COND;LGSPEC1;NOM(1,PL)	fuoikiten
fuoikit	V;COND;LGSPEC1;NOM(1,SG)	fuoikits
fuoikit	V;COND;LGSPEC1;NOM(2,DU)	fuoikits
fuoikit	V;COND;LGSPEC1;NOM(2,PL)	fuoikittet
fuoikit	V;COND;LGSPEC1;NOM(3,PL)	fuoikits
fuoikit	V;COND;LGSPEC1;NOM(3,SG)	fuoikits
fuoikit	V;COND;NOM(1,DU)	fuoikit
fuoikit	V;COND;NOM(2,PL)	fuoikittet
fuoikit	V;COND;NOM(2,SG)	fuoikits
fuoikit	V;COND;NOM(3,DU)	fuoikits
fuoikit	V;COND;NOM(3,SG)	fuoikits
fuoikit	V;IMP;NOM(1,DU)	fuoikit
fuoikit	V;IMP;NOM(1,PL)	fuoikiten
fuoikit	V;IMP;NOM(1,SG)	fuoikit
fuoikit	V;IMP;NOM(2,DU)	fuoikit
fuoikit	V;IMP;NOM(2,PL)	fuoikittet
fuoikit	V;IMP;NOM(2,SG)	fuoikit
fuoikit	V;IMP;NOM(3,DU)	fuoikit
fuoikit	V;POT;NOM(1,PL)	fuoikitten
fuoikit	V;POT;NOM(1,SG)	fuoikits
fuoikit	V;POT;NOM(2,SG)	fuoikits
fuoikit	V;POT;NOM(3,DU)	fuoikits
fuoikit	V;POT;NOM(3,SG)	fuoikits
fuoikit	V;PRS;IND;NOM(1,PL)	fuoikits
fuoikit	V;PRS;IND;NOM(1,SG)	fuoikits
fuoikit	V;PRS;IND;NOM(2,PL)	fuoikittet
fuoikit	V;PST;IND;NOM(1,SG)	fuoikite
fuoikit	V;PST;IND;NOM(2,SG)	fuoikittest
fuoikit	V;PST;IND;NOM(3,DU)	fuoikitten
fuoikit	V;PST;IND;NOM(3,SG)	fuoikitte
geahppán	N;ACC(PL)	geahppáne
geahppán	N;ACC(SG)	geahppán
geahppán	N;COM(PL)	geahppáne
geahppán	N;COM(SG)	geahppán
geahppán	N;FRML(SG)	geahppán
geahppán	N;GEN(PL)	geahppáne
geahppán	N;GEN(SG)	geahppáns
geahppán	N;IN+ALL(PL)	geahppánen
geahppán	N;IN+ALL(SG)	geahppán
geahppán	N;NOM(SG)	geahppán
geahppán	N;PRP(PL)	geahppánen
geahppán	N;PRP(SG)	geahppáns
guoggát	V;COND;LGSPEC1;NOM(1,DU)	guoggát
guoggát	V;COND;LGSPEC1;NOM(2,SG)	guoggáts
guoggát	V;COND;LGSPEC1;NOM(3,DU)	guoggáts
guoggát	V;COND;LGSPEC1;NOM(3,PL)	guoggáte
guoggát	V;COND;LGSPEC1;NOM(3,SG)	guoggáts
guoggát	V;COND;NOM(1,DU)	guoggát
guoggát	V;COND;NOM(1,SG)	guoggát
guoggát	V;COND;NOM(2,DU)	guoggát
guoggát	V;COND;NOM(2,PL)	guoggátt
guoggát	V;COND;NOM(3,DU)	guoggáts
guoggát	V;COND;NOM(3,SG)	guoggáts
guoggát	V;IMP;NOM(1,DU)	guoggát
guoggát	V;IMP;NOM(1,SG)	guoggát
guoggát	V;IMP;NOM(2,SG)	guoggát
guoggát	V;IMP;NOM(3,DU)	guoggát
guoggát	V;IMP;NOM(3,SG)	guoggát
guoggát	V;POT;NOM(1,DU)	guoggáte
guoggát	V;POT;NOM(2,PL)	guoggáttet
guoggát	V;POT;NOM(2,SG)	guoggáts
guoggát	V;POT;NOM(3,PL)	guoggáten
guoggát	V;PRS;IND;NOM(1,DU)	guoggáte
guoggát	V;PRS;IND;NOM(1,PL)	guoggáte
guoggát	V;PRS;IND;NOM(1,SG)	guoggáte
guoggát	V;PRS;IND;NOM(2,PL)	guoggátt
guoggát	V;PRS;IND;NOM(2,SG)	guoggáts
guoggát	V;PRS;IND;NOM(3,SG)	guoggáts
guoggát	V;PST;IND;NOM(1,DU)	guoggáten
guoggát	V;PST;IND;NOM(1,PL)	guoggáten
guoggát	V;PST;IND;NOM(1,SG)	guoggáte
guoggát	V;PST;IND;NOM(2,DU)	guoggáttet
guoggát	V;PST;IND;NOM(2,SG)	guoggáts
guoggát	V;PST;IND;NOM(3,PL)	guoggáten
guoktelogigoalmmát	ADJ;ACC(PL)	guoktelogigoalmmáte
guoktelogigoalmmát	ADJ;ACC(SG)	guoktelogigoalmmát
guoktelogigoalmmát	ADJ;COM(PL)	guoktelogigoalmmáte
guoktelogigoalmmát	ADJ;COM(SG)	guoktelogigoalmmát
guoktelogigoalmmát	ADJ;FRML(SG)	guoktelogigoalmmát
guoktelogigoalmmát	ADJ;GEN(PL)	guoktelogigoalmmáte
guoktelogigoalmmát	ADJ;GEN(SG)	guoktelogigoalmmáts
guoktelogigoalmmát	ADJ;IN+ALL(PL)	guoktelogigoalmmáten
guoktelogigoalmmát	ADJ;IN+ALL(SG)	guoktelogigoalmmát
guoktelogigoalmmát	ADJ;NOM(PL)	guoktelogigoalmmáte
guoktelogigoalmmát	ADJ;NOM(SG)	guoktelogigoalmmát
guoktelogigoalmmát	ADJ;PRP(PL)	guoktelogigoalmmáte
guoktelogigoalmmát	ADJ;PRP(SG)	guoktelogigoalmmáts
guolástit	V;COND;NOM(1,PL)	guolástiten
guolástit	V;COND;NOM(1,SG)	guolástit
guolástit	V;COND;NOM(2,DU)	guolástit
guolástit	V;COND;NOM(2,SG)	guolástits
guolástit	V;COND;NOM(3,DU)	guolástits
guolástit	V;COND;NOM(3,SG)	guolástits
guolástit	V;IMP;NOM(1,DU)	guolástit
guolástit	V;IMP;NOM(1,SG)	guolástit
guolástit	V;IMP;NOM(2,DU)	guolástit
guolástit	V;IMP;NOM(2,PL)	guolástitt
guolástit	V;IMP;NOM(2,SG)	guolástit
guolástit	V;IMP;NOM(3,DU)	guolástit
guolástit	V;IMP;NOM(3,SG)	guolástit
guolástit	V;POT;NOM(1,DU)	guolástite
guolástit	V;POT;NOM(1,PL)	guolástiten
guolástit	V;POT;NOM(2,PL)	guolástittet
guolástit	V;POT;NOM(3,DU)	guolástite
guolástit	V;POT;NOM(3,PL)	guolástiten
guolástit	V;POT;NOM(3,SG)	guolástits
guolástit	V;PRS;IND;NOM(1,DU)	guolástite
guolástit	V;PRS;IND;NOM(1,SG)	guolástite
guolástit	V;PRS;IND;NOM(2,PL)	guolástitt
guolástit	V;PRS;IND;NOM(2,SG)	guolástits
guolástit	V;PRS;IND;NOM(3,PL)	guolástits
guolástit	V;PST;IND;NOM(1,DU)	guolástiten
guolástit	V;PST;IND;NOM(1,PL)	guolástiten
guolástit	V;PST;IND;NOM(1,SG)	guolástite
guolástit	V;PST;IND;NOM(2,DU)	guolástittet
guolástit	V;PST;IND;NOM(2,PL)	guolástittet
guolástit	V;PST;IND;NOM(2,SG)	guolástitest
guolástit	V;PST;IND;NOM(3,SG)	guolástite
guvrát	V;COND;LGSPEC1;NOM(1,PL)	guvráte
guvrát	V;COND;LGSPEC1;NOM(1,SG)	guvráte
guvrát	V;COND;LGSPEC1;NOM(2,DU)	guvráts
guvrát	V;COND;LGSPEC1;NOM(3,DU)	guvráts
guvrát	V;COND;LGSPEC1;NOM(3,SG)	guvráts
guvrát	V;COND;NOM(1,PL)	guvráte
guvrát	V;COND;NOM(1,SG)	guvrát
guvrát	V;COND;NOM(2,DU)	guvrát
guvrát	V;COND;NOM(2,PL)	guvrátt
guvrát	V;IMP;NOM(1,DU)	guvrát
guvrát	V;IMP;NOM(2,DU)	guvrát
guvrát	V;IMP;NOM(2,PL)	guvrátt
guvrát	V;IMP;NOM(3,PL)	guvráte
guvrát	V;IMP;NOM(3,SG)	guvrát
guvrát	V;POT;NOM(1,DU)	guvráte
guvrát	V;POT;NOM(1,PL)	guvráten
guvrát	V;POT;NOM(2,PL)	guvráttet
guvrát	V;POT;NOM(2,SG)	guvráts
guvrát	V;POT;NOM(3,DU)	guvráte
guvrát	V;POT;NOM(3,PL)	guvráten
guvrát	V;POT;NOM(3,SG)	guvrátes
guvrát	V;PRS;IND;NOM(1,DU)	guvráte
guvrát	V;PRS;IND;NOM(1,SG)	guvráte
guvrát	V;PRS;IND;NOM(2,PL)	guvrátt
guvrát	V;PRS;IND;NOM(2,SG)	guvráts
guvrát	V;PRS;IND;NOM(3,PL)	guvráte
guvrát	V;PRS;IND;NOM(3,SG)	guvráts
guvrát	V;PST;IND;NOM(2,DU)	guvráttet
guvrát	V;PST;IND;NOM(2,SG)	guvrátest
guvrát	V;PST;IND;NOM(3,DU)	guvráten
guvrát	V;PST;IND;NOM(3,PL)	guvráten
guvrát	V;PST;IND;NOM(3,SG)	guvrátes
guđat	ADJ;ACC(PL)	guđate
guđat	ADJ;ACC(SG)	guđat
guđat	ADJ;COM(PL)	guđate
guđat	ADJ;COM(SG)	guđat
guđat	ADJ;FRML(SG)	guđat
guđat	ADJ;GEN(PL)	guđaten
guđat	ADJ;GEN(SG)	guđats
guđat	ADJ;IN+ALL(PL)	guđaten
guđat	ADJ;IN+ALL(SG)	guđat
guđat	ADJ;NOM(PL)	guđate
guđat	ADJ;NOM(SG)	guđat
guđat	ADJ;PRP(SG)	guđats
gáisi	N;ACC(PL)	gáisie
gáisi	N;ACC(SG)	gáisi
gáisi	N;COM(PL)	gáisie
gáisi	N;COM(SG)	gáisi
gáisi	N;FRML(SG)	gáisi
gáisi	N;GEN(PL)	gáisie
gáisi	N;GEN(SG)	gáisies
gáisi	N;IN+ALL(PL)	gáisien
gáisi	N;IN+ALL(SG)	gáisi
gáisi	N;NOM(PL)	gáisie
gáisi	N;NOM(SG)	gáisi
gáisi	N;PRP(PL)	gáisien
gáisi	N;PRP(SG)	gáisies
gáranas	N;ACC(PL)	gáranase
gáranas	N;ACC(SG)	gáranas
gáranas	N;COM(PL)	gáranase
gáranas	N;COM(SG)	gáranas
gáranas	N;FRML(SG)	gáranas
gáranas	N;GEN(PL)	gáranase
gáranas	N;GEN(SG)	gáranases
gáranas	N;IN+ALL(PL)	gáranasen
gáranas	N;IN+ALL(SG)	gáranas
gáranas	N;NOM(PL)	gáranase
gáranas	N;NOM(SG)	gáranas
gáranas	N;PRP(PL)	gáranase
gáranas	N;PRP(SG)	gáranases
gávrut	V;COND;LGSPEC1;NOM(1,PL)	gávruten
gávrut	V;COND;LGSPEC1;NOM(2,PL)	gávrutt
gávrut	V;COND;LGSPEC1;NOM(3,PL)	gávruten
gávrut	V;COND;LGSPEC1;NOM(3,SG)	gávrut
gávrut	V;COND;NOM(1,PL)	gávruten
gávrut	V;COND;NOM(1,SG)	gávrut
gávrut	V;COND;NOM(2,DU)	gávrut
gávrut	V;COND;NOM(2,PL)	gávrutt
gávrut	V;COND;NOM(3,PL)	gávruten
gávrut	V;COND;NOM(3,SG)	gávruts
gávrut	V;IMP;NOM(1,DU)	gávrut
gávrut	V;IMP;NOM(1,PL)	gávruten
gávrut	V;IMP;NOM(2,SG)	gávrut
gávrut	V;IMP;NOM(3,DU)	gávrut
gávrut	V;IMP;NOM(3,PL)	gávruten
gávrut	V;POT;NOM(1,DU)	gávrute
gávrut	V;POT;NOM(1,PL)	gávruten
gávrut	V;POT;NOM(2,DU)	gávrutest
gávrut	V;POT;NOM(2,PL)	gávruttet
gávrut	V;POT;NOM(2,SG)	gávrutest
gávrut	V;POT;NOM(3,DU)	gávrute
gávrut	V;POT;NOM(3,SG)	gávrutes
gávrut	V;PRS;IND;NOM(1,SG)	gávrute
gávrut	V;PRS;IND;NOM(2,DU)	gávrutst
gávrut	V;PRS;IND;NOM(2,SG)	gávrutst
gávrut	V;PRS;IND;NOM(3,PL)	gávruten
gávrut	V;PST;IND;NOM(1,DU)	gávruten
gávrut	V;PST;IND;NOM(1,PL)	gávruten
gávrut	V;PST;IND;NOM(2,DU)	gávruttet
gávrut	V;PST;IND;NOM(2,SG)	gávruttest
gávrut	V;PST;IND;NOM(3,DU)	gávruten
gávrut	V;PST;IND;NOM(3,PL)	gávruten
jiehtanas	N;ACC(PL)	jiehtanase
jiehtanas	N;ACC(SG)	jiehtanas
jiehtanas	N;COM(PL)	jiehtanase
jiehtanas	N;FRML(SG)	jiehtanas
jiehtanas	N;GEN(PL)	jiehtanase
jiehtanas	N;GEN(SG)	jiehtanases
jiehtanas	N;IN+ALL(PL)	jiehtanasen
jiehtanas	N;IN+ALL(SG)	jiehtanas
jiehtanas	N;NOM(PL)	jiehtanase
jiehtanas	N;NOM(SG)	jiehtanas
jiehtanas	N;PRP(PL)	jiehtanase
jiehtanas	N;PRP(SG)	jiehtanases
jorbbas	ADJ;ACC(PL)	jorbbase
jorbbas	ADJ;ACC(SG)	jorbbas
jorbbas	ADJ;COM(PL)	jorbbäser
jorbbas	ADJ;COM(SG)	jorbbas
jorbbas	ADJ;FRML(SG)	jorbbases
jorbbas	ADJ;GEN(PL)	jorbbäser
jorbbas	ADJ;GEN(SG)	jorbbases
jorbbas	ADJ;IN+ALL(PL)	jorbbasen
jorbbas	ADJ;IN+ALL(SG)	jorbbas
jorbbas	ADJ;NOM(PL)	jorbbase
jorbbas	ADJ;NOM(SG)	jorbbas
jorbbas	ADJ;PRP(PL)	jorbbasen
jorbbas	ADJ;PRP(SG)	jorbbases
lasta	N;ACC(PL)	lastae
lasta	N;ACC(SG)	lasta
lasta	N;COM(PL)	lastae
lasta	N;COM(SG)	lasta
lasta	N;FRML(SG)	lasta
lasta	N;GEN(PL)	lastae
lasta	N;GEN(SG)	lastas
lasta	N;IN+ALL(PL)	lastae
lasta	N;IN+ALL(SG)	lasta
lasta	N;NOM(PL)	lastae
lasta	N;NOM(SG)	lasta
lasta	N;PRP(PL)	lastae
lasta	N;PRP(SG)	lastas
loahppat	V;COND;LGSPEC1;NOM(1,DU)	loahppat
loahppat	V;COND;LGSPEC1;NOM(2,DU)	loahppat
loahppat	V;COND;LGSPEC1;NOM(2,SG)	loahppats
loahppat	V;COND;LGSPEC1;NOM(3,SG)	loahppats
loahppat	V;COND;NOM(1,PL)	loahppate
loahppat	V;COND;NOM(1,SG)	loahppat
loahppat	V;COND;NOM(2,DU)	loahppat
loahppat	V;COND;NOM(2,SG)	loahppats
loahppat	V;IMP;NOM(1,DU)	loahppat
loahppat	V;IMP;NOM(1,SG)	loahppat
loahppat	V;IMP;NOM(2,DU)	loahppat
loahppat	V;IMP;NOM(3,DU)	loahppat
loahppat	V;IMP;NOM(3,PL)	loahppate
loahppat	V;IMP;NOM(3,SG)	loahppat
loahppat	V;POT;NOM(1,DU)	loahppate
loahppat	V;POT;NOM(1,PL)	loahppatten
loahppat	V;POT;NOM(1,SG)	loahppate
loahppat	V;POT;NOM(2,DU)	loahppattes
loahppat	V;POT;NOM(2,PL)	loahppattet
loahppat	V;POT;NOM(2,SG)	loahppats
loahppat	V;POT;NOM(3,PL)	loahppatten
loahppat	V;POT;NOM(3,SG)	loahppats
loahppat	V;PRS;IND;NOM(1,DU)	loahppate
loahppat	V;PRS;IND;NOM(2,PL)	loahppatt
loahppat	V;PRS;IND;NOM(3,PL)	loahppats
loahppat	V;PRS;IND;NOM(3,SG)	loahppats
loahppat	V;PST;IND;NOM(1,SG)	loahppate
loahppat	V;PST;IND;NOM(2,DU)	loahppatted
loahppat	V;PST;IND;NOM(2,PL)	loahppattet
loahppat	V;PST;IND;NOM(2,SG)	loahppattest
loahppat	V;PST;IND;NOM(3,DU)	loahppatten
lákca	N;ACC(PL)	lákcen
lákca	N;ACC(SG)	lákca
lákca	N;COM(PL)	lákcen
lákca	N;COM(SG)	lákca
lákca	N;FRML(SG)	lákca
lákca	N;GEN(PL)	lákcae
lákca	N;GEN(SG)	lákcas
lákca	N;IN+ALL(PL)	lákcen
lákca	N;IN+ALL(SG)	lákca
lákca	N;NOM(PL)	lákcen
lákca	N;NOM(SG)	lákca
lákca	N;PRP(PL)	lákcae
lákca	N;PRP(SG)	lákcas
mohkkámus	ADJ;ACC(PL)	mohkkámuse
mohkkámus	ADJ;ACC(SG)	mohkkámus
mohkkámus	ADJ;COM(PL)	mohkkámuse
mohkkámus	ADJ;COM(SG)	mohkkámus
mohkkámus	ADJ;FRML(SG)	mohkkámus
mohkkámus	ADJ;GEN(PL)	mohkkámuse
mohkkámus	ADJ;GEN(SG)	mohkkámuses
mohkkámus	ADJ;IN+ALL(PL)	mohkkámusen
mohkkámus	ADJ;IN+ALL(SG)	mohkkámus
mohkkámus	ADJ;NOM(PL)	mohkkámuse
mohkkámus	ADJ;NOM(SG)	mohkkámus
mohkkámus	ADJ;PRP(PL)	mohkkámusen
mohkkámus	ADJ;PRP(SG)	mohkkámuses
positiiva	ADJ;ACC(PL)	positiiven
positiiva	ADJ;ACC(SG)	positiiva
positiiva	ADJ;COM(PL)	positiiven
positiiva	ADJ;COM(SG)	positiiva
positiiva	ADJ;FRML(SG)	positiiva
positiiva	ADJ;GEN(PL)	positiiven
positiiva	ADJ;GEN(SG)	positiivas
positiiva	ADJ;IN+ALL(PL)	positiiven
positiiva	ADJ;IN+ALL(SG)	positiiva
positiiva	ADJ;NOM(PL)	positiiven
positiiva	ADJ;NOM(SG)	positiiva
positiiva	ADJ;PRP(PL)	positiiven
positiiva	ADJ;PRP(SG)	positiivas
ruhta	N;ACC(PL)	ruhten
ruhta	N;ACC(SG)	ruhta
ruhta	N;COM(PL)	ruhten
ruhta	N;COM(SG)	ruhta
ruhta	N;FRML(SG)	ruhta
ruhta	N;GEN(PL)	ruhten
ruhta	N;GEN(SG)	ruhtas
ruhta	N;IN+ALL(PL)	ruhten
ruhta	N;NOM(PL)	ruhten
ruhta	N;NOM(SG)	ruhta
ruhta	N;PRP(PL)	ruhten
ruhta	N;PRP(SG)	ruhtas
russat	V;COND;LGSPEC1;NOM(1,DU)	russat
russat	V;COND;LGSPEC1;NOM(1,PL)	russate
russat	V;COND;LGSPEC1;NOM(2,DU)	russat
russat	V;COND;LGSPEC1;NOM(2,SG)	russats
russat	V;COND;LGSPEC1;NOM(3,SG)	russats
russat	V;COND;NOM(1,DU)	russat
russat	V;COND;NOM(1,PL)	russate
russat	V;COND;NOM(1,SG)	russat
russat	V;COND;NOM(2,PL)	russatt
russat	V;COND;NOM(2,SG)	russat
russat	V;COND;NOM(3,SG)	russats
russat	V;IMP;NOM(1,PL)	russaten
russat	V;IMP;NOM(1,SG)	russat
russat	V;IMP;NOM(2,SG)	russat
russat	V;IMP;NOM(3,DU)	russat
russat	V;POT;NOM(1,DU)	russate
russat	V;POT;NOM(1,PL)	russaten
russat	V;POT;NOM(2,DU)	russattest
russat	V;POT;NOM(3,DU)	russates
russat	V;PRS;IND;NOM(1,PL)	russate
russat	V;PRS;IND;NOM(1,SG)	russate
russat	V;PRS;IND;NOM(2,PL)	russatt
russat	V;PRS;IND;NOM(2,SG)	russats
russat	V;PRS;IND;NOM(3,PL)	russate
russat	V;PST;IND;NOM(1,DU)	russaten
russat	V;PST;IND;NOM(1,PL)	russaten
russat	V;PST;IND;NOM(1,SG)	russate
russat	V;PST;IND;NOM(2,DU)	russattet
russat	V;PST;IND;NOM(2,PL)	russattet
russat	V;PST;IND;NOM(2,SG)	russattest
russat	V;PST;IND;NOM(3,PL)	russaten
russat	V;PST;IND;NOM(3,SG)	russates
ráhkis	ADJ;ACC(PL)	ráhkise
ráhkis	ADJ;ACC(SG)	ráhkis
ráhkis	ADJ;COM(PL)	ráhkise
ráhkis	ADJ;COM(SG)	ráhkis
ráhkis	ADJ;FRML(SG)	ráhkis
ráhkis	ADJ;GEN(PL)	ráhkise
ráhkis	ADJ;GEN(SG)	ráhkisses
ráhkis	ADJ;IN+ALL(PL)	ráhkisen
ráhkis	ADJ;IN+ALL(SG)	ráhkis
ráhkis	ADJ;NOM(PL)	ráhkise
ráhkis	ADJ;NOM(SG)	ráhkis
ráhkis	ADJ;PRP(PL)	ráhkise
ráhkis	ADJ;PRP(SG)	ráhkisses
skeaikit	V;COND;LGSPEC1;NOM(1,DU)	skeaikit
skeaikit	V;COND;LGSPEC1;NOM(1,SG)	skeaikits
skeaikit	V;COND;LGSPEC1;NOM(2,DU)	skeaikits
skeaikit	V;COND;LGSPEC1;NOM(2,PL)	skeaikittet
skeaikit	V;COND;LGSPEC1;NOM(2,SG)	skeaikits
skeaikit	V;COND;LGSPEC1;NOM(3,PL)	skeaikits
skeaikit	V;COND;NOM(2,DU)	skeaikits
skeaikit	V;COND;NOM(2,SG)	skeaikits
skeaikit	V;COND;NOM(3,DU)	skeaikits
skeaikit	V;IMP;NOM(1,PL)	skeaikitten
skeaikit	V;IMP;NOM(2,DU)	skeaikit
skeaikit	V;IMP;NOM(2,SG)	skeaikit
skeaikit	V;IMP;NOM(3,SG)	skeaikit
skeaikit	V;POT;NOM(1,DU)	skeaikits
skeaikit	V;POT;NOM(1,PL)	skeaikitten
skeaikit	V;POT;NOM(1,SG)	skeaikits
skeaikit	V;POT;NOM(2,DU)	skeaikits
skeaikit	V;POT;NOM(2,PL)	skeaikittet
skeaikit	V;POT;NOM(2,SG)	skeaikits
skeaikit	V;POT;NOM(3,DU)	skeaikits
skeaikit	V;POT;NOM(3,PL)	skeaikitten
skeaikit	V;POT;NOM(3,SG)	skeaikits
skeaikit	V;PRS;IND;NOM(1,SG)	skeaikits
skeaikit	V;PRS;IND;NOM(2,DU)	skeaikits
skeaikit	V;PRS;IND;NOM(2,PL)	skeaikittet
skeaikit	V;PRS;IND;NOM(3,DU)	skeaikits
skeaikit	V;PRS;IND;NOM(3,PL)	skeaikits
skeaikit	V;PST;IND;NOM(2,DU)	skeaikittet
skeaikit	V;PST;IND;NOM(2,PL)	skeaikittet
skeaikit	V;PST;IND;NOM(2,SG)	skeaikittest
skeaikit	V;PST;IND;NOM(3,DU)	skeaikitten
skeaikit	V;PST;IND;NOM(3,PL)	skeaikitten
stoarbma	N;ACC(PL)	stoarbmae
stoarbma	N;ACC(SG)	stoarbma
stoarbma	N;COM(PL)	stoarbmae
stoarbma	N;COM(SG)	stoarbma
stoarbma	N;FRML(SG)	stoarbma
stoarbma	N;GEN(PL)	stoarbmae
stoarbma	N;GEN(SG)	stoarbmas
stoarbma	N;IN+ALL(PL)	stoarbmae
stoarbma	N;IN+ALL(SG)	stoarbma
stoarbma	N;NOM(PL)	stoarbmae
stoarbma	N;NOM(SG)	stoarbma
stoarbma	N;PRP(PL)	stoarbmae
stoarbma	N;PRP(SG)	stoarbmas
stuorát	ADJ;ACC(PL)	stuoráte
stuorát	ADJ;ACC(SG)	stuorát
stuorát	ADJ;COM(PL)	stuoráte
stuorát	ADJ;COM(SG)	stuorát
stuorát	ADJ;FRML(SG)	stuorát
stuorát	ADJ;GEN(PL)	stuoráte
stuorát	ADJ;GEN(SG)	stuoráts
stuorát	ADJ;IN+ALL(PL)	stuoráten
stuorát	ADJ;IN+ALL(SG)	stuorát
stuorát	ADJ;NOM(PL)	stuoráte
stuorát	ADJ;NOM(SG)	stuorát
stuorát	ADJ;PRP(PL)	stuoráten
stuorát	ADJ;PRP(SG)	stuoráts
sávvat	V;COND;LGSPEC1;NOM(1,DU)	sávvat
sávvat	V;COND;LGSPEC1;NOM(1,PL)	sávvaten
sávvat	V;COND;LGSPEC1;NOM(1,SG)	sávvat
sávvat	V;COND;LGSPEC1;NOM(2,SG)	sávvat
sávvat	V;COND;LGSPEC1;NOM(3,DU)	sávvat
sávvat	V;COND;NOM(1,PL)	sávvaten
sávvat	V;COND;NOM(2,DU)	sávvat
sávvat	V;COND;NOM(2,PL)	sávvatt
sávvat	V;COND;NOM(2,SG)	sávvat
sávvat	V;COND;NOM(3,PL)	sávvate
sávvat	V;COND;NOM(3,SG)	sávvats
sávvat	V;IMP;NOM(1,PL)	sávvaten
sávvat	V;IMP;NOM(1,SG)	sávvat
sávvat	V;IMP;NOM(2,DU)	sávvat
sávvat	V;IMP;NOM(2,PL)	sávvatt
sávvat	V;IMP;NOM(2,SG)	sávvat
sávvat	V;IMP;NOM(3,PL)	sávvaten
sávvat	V;POT;NOM(1,PL)	sávvaten
sávvat	V;POT;NOM(1,SG)	sávvate
sávvat	V;POT;NOM(2,SG)	sávvatest
sávvat	V;POT;NOM(3,PL)	sávvaten
sávvat	V;PRS;IND;NOM(1,DU)	sávvate
sávvat	V;PRS;IND;NOM(1,PL)	sávvaten
sávvat	V;PRS;IND;NOM(1,SG)	sávvate
sávvat	V;PRS;IND;NOM(2,DU)	sávvatst
sávvat	V;PRS;IND;NOM(2,PL)	sávvatt
sávvat	V;PRS;IND;NOM(2,SG)	sávvats
sávvat	V;PRS;IND;NOM(3,DU)	sávvats
sávvat	V;PRS;IND;NOM(3,PL)	sávvate
sávvat	V;PST;IND;NOM(2,DU)	sávvatet
sávvat	V;PST;IND;NOM(2,PL)	sávvattet
sávvat	V;PST;IND;NOM(2,SG)	sávvatest
višuvdna	N;ACC(PL)	višuvdnae
višuvdna	N;ACC(SG)	višuvdna
višuvdna	N;COM(PL)	višuvdnae
višuvdna	N;COM(SG)	višuvdna
višuvdna	N;FRML(SG)	višuvdna
višuvdna	N;GEN(PL)	višuvdnas
višuvdna	N;GEN(SG)	višuvdnas
višuvdna	N;IN+ALL(PL)	višuvdnae
višuvdna	N;IN+ALL(SG)	višuvdna
višuvdna	N;NOM(PL)	višuvdnas
višuvdna	N;NOM(SG)	višuvdna
višuvdna	N;PRP(PL)	višuvdnae
višuvdna	N;PRP(SG)	višuvdnas
árgi	ADJ;ACC(PL)	árgie
árgi	ADJ;ACC(SG)	árgi
árgi	ADJ;COM(PL)	árgen
árgi	ADJ;COM(SG)	árgi
árgi	ADJ;FRML(SG)	árgi
árgi	ADJ;GEN(PL)	árgien
árgi	ADJ;GEN(SG)	árgis
árgi	ADJ;IN+ALL(PL)	árgien
árgi	ADJ;IN+ALL(SG)	árgi
árgi	ADJ;NOM(PL)	árgie
árgi	ADJ;NOM(SG)	árgi
árgi	ADJ;PRP(PL)	árgien
árgi	ADJ;PRP(SG)	árgis
čalmmeheamos	ADJ;ACC(PL)	čalmmeheamose
čalmmeheamos	ADJ;ACC(SG)	čalmmeheamos
čalmmeheamos	ADJ;COM(PL)	čalmmeheamose
čalmmeheamos	ADJ;COM(SG)	čalmmeheamos
čalmmeheamos	ADJ;FRML(SG)	čalmmeheamos
čalmmeheamos	ADJ;GEN(PL)	čalmmeheamosen
čalmmeheamos	ADJ;GEN(SG)	čalmmeheamoses
čalmmeheamos	ADJ;IN+ALL(PL)	čalmmeheamosen
čalmmeheamos	ADJ;IN+ALL(SG)	čalmmeheamos
čalmmeheamos	ADJ;NOM(PL)	čalmmeheamose
čalmmeheamos	ADJ;NOM(SG)	čalmmeheamos
čalmmeheamos	ADJ;PRP(PL)	čalmmeheamosen
čalmmeheamos	ADJ;PRP(SG)	čalmmeheamoses
čavgat	ADJ;ACC(PL)	čavgäte
čavgat	ADJ;ACC(SG)	čavgat
čavgat	ADJ;COM(PL)	čavgate
čavgat	ADJ;COM(SG)	čavgat
čavgat	ADJ;FRML(SG)	čavgat
čavgat	ADJ;GEN(PL)	čavgate
čavgat	ADJ;GEN(SG)	čavgats
čavgat	ADJ;IN+ALL(PL)	čavgaten
čavgat	ADJ;IN+ALL(SG)	čavgat
čavgat	ADJ;NOM(PL)	čavgate
čavgat	ADJ;NOM(SG)	čavgat
čavgat	ADJ;PRP(PL)	čavgate
čavgat	ADJ;PRP(SG)	čavgats
čierrut	V;COND;LGSPEC1;NOM(1,DU)	čierrute
čierrut	V;COND;LGSPEC1;NOM(1,SG)	čierrute
čierrut	V;COND;LGSPEC1;NOM(2,DU)	čierrut
čierrut	V;COND;LGSPEC1;NOM(3,SG)	čierruts
čierrut	V;COND;NOM(1,DU)	čierrute
čierrut	V;COND;NOM(1,SG)	čierrute
čierrut	V;COND;NOM(2,DU)	čierrut
čierrut	V;COND;NOM(2,SG)	čierruts
čierrut	V;COND;NOM(3,DU)	čierrute
čierrut	V;COND;NOM(3,PL)	čierruten
čierrut	V;COND;NOM(3,SG)	čierruts
čierrut	V;IMP;NOM(1,DU)	čierrut
čierrut	V;IMP;NOM(1,PL)	čierruten
čierrut	V;IMP;NOM(1,SG)	čierrut
čierrut	V;IMP;NOM(2,DU)	čierrut
čierrut	V;IMP;NOM(2,PL)	čierrutt
čierrut	V;IMP;NOM(2,SG)	čierrut
čierrut	V;IMP;NOM(3,DU)	čierrut
čierrut	V;IMP;NOM(3,SG)	čierrut
čierrut	V;POT;NOM(2,DU)	čierrutest
čierrut	V;POT;NOM(2,PL)	čierrutet
čierrut	V;POT;NOM(2,SG)	čierrutest
čierrut	V;POT;NOM(3,DU)	čierrute
čierrut	V;PRS;IND;NOM(1,DU)	čierrute
čierrut	V;PRS;IND;NOM(1,PL)	čierruten
čierrut	V;PRS;IND;NOM(2,PL)	čierruttet
čierrut	V;PRS;IND;NOM(3,PL)	čierruten
čierrut	V;PST;IND;NOM(1,DU)	čierruten
čierrut	V;PST;IND;NOM(1,SG)	čierrute
čierrut	V;PST;IND;NOM(2,PL)	čierrutet
čierrut	V;PST;IND;NOM(2,SG)	čierrutest
čierrut	V;PST;IND;NOM(3,SG)	čierrutes
čuovgat	ADJ;ACC(PL)	čuovgate
čuovgat	ADJ;ACC(SG)	čuovgat
čuovgat	ADJ;COM(PL)	čuovgate
čuovgat	ADJ;COM(SG)	čuovgat
čuovgat	ADJ;FRML(SG)	čuovgats
čuovgat	ADJ;GEN(PL)	čuovgate
čuovgat	ADJ;GEN(SG)	čuovgats
čuovgat	ADJ;IN+ALL(PL)	čuovgaten
čuovgat	ADJ;IN+ALL(SG)	čuovgat
čuovgat	ADJ;NOM(PL)	čuovgate
čuovgat	ADJ;NOM(SG)	čuovgat
čuovgat	ADJ;PRP(PL)	čuovgate
čuovgat	ADJ;PRP(SG)	čuovgats
čábbáseamos	ADJ;ACC(PL)	čábbáseamose
čábbáseamos	ADJ;ACC(SG)	čábbáseamos
čábbáseamos	ADJ;COM(PL)	čábbáseamose
čábbáseamos	ADJ;COM(SG)	čábbáseamos
čábbáseamos	ADJ;FRML(SG)	čábbáseamos
čábbáseamos	ADJ;GEN(PL)	čábbáseamose
čábbáseamos	ADJ;GEN(SG)	čábbáseamoses
čábbáseamos	ADJ;IN+ALL(PL)	čábbáseamosen
čábbáseamos	ADJ;IN+ALL(SG)	čábbáseamos
čábbáseamos	ADJ;NOM(PL)	čábbáseamose
čábbáseamos	ADJ;NOM(SG)	čábbáseamos
čábbáseamos	ADJ;PRP(PL)	čábbáseamosen
čábbáseamos	ADJ;PRP(SG)	čábbáseamoses
čáppat	ADJ;ACC(PL)	čáppate
čáppat	ADJ;ACC(SG)	čáppat
čáppat	ADJ;COM(PL)	čáppate
čáppat	ADJ;FRML(SG)	čáppat
čáppat	ADJ;GEN(PL)	čáppate
čáppat	ADJ;GEN(SG)	čáppats
čáppat	ADJ;IN+ALL(PL)	čáppaten
čáppat	ADJ;IN+ALL(SG)	čáppat
čáppat	ADJ;NOM(PL)	čáppate
čáppat	ADJ;NOM(SG)	čáppat
čáppat	ADJ;PRP(PL)	čáppate
čáppat	ADJ;PRP(SG)	čáppats
accuracy:0.035