ta²t’i	V;IPFV;PRS;NOM(1,SG)	dí tat’i
ta²t’i	V;IPFV;PRS;NOM(2,SG)	gí tat’i
ta²t’i	V;IPFV;PRS;NOM(3,SG)	tat’i
ta²t’i	V;IPFV;PST;NOM(1,SG)	ndí tat’i
ta²t’i	V;IPFV;PST;NOM(2,SG)	ngí tat’i
ta²t’i	V;IPFV;PST;NOM(3,SG)	mí tat’i
ta²t’i	V;PFV;NOM(2,SG)	gá tat’i
ta²t’i	V;PFV;NOM(3,SG)	bi tat’i
ta²t’i	V;PRF;PRS;NOM(3,SG)	xa tat’i
ta²t’i	V;PRF;PST;NOM(2)	xkí tat’i
ta²t’i	V;IRR;NOM(1,SG)	ga tat’i
ta²t’i	V;IRR;NOM(2,SG)	gi tat’i
ta²t’i	V;IRR;NOM(3,SG)	da tat’i
fụ¹²ts’i	V;IPFV;PRS;NOM(1,SG)	dí fụts’i
fụ¹²ts’i	V;IPFV;PRS;NOM(2,SG)	gí fụts’i
fụ¹²ts’i	V;IPFV;PST;NOM(1,SG)	ndí fụts’i
fụ¹²ts’i	V;PFV;NOM(1,SG)	dá fụts’i
fụ¹²ts’i	V;PFV;NOM(2,SG)	gá fụts’i
fụ¹²ts’i	V;PRF;PRS;NOM(2,SG)	xká fụts’i
fụ¹²ts’i	V;PRF;PRS;NOM(3,SG)	xa fụts’i
fụ¹²ts’i	V;PRF;PST;NOM(1)	stí fụts’i
fụ¹²ts’i	V;PRF;PST;NOM(2)	xkí fụts’i
fụ¹²ts’i	V;PRF;PST;NOM(3)	xki fụts’i
fụ¹²ts’i	V;IRR;NOM(1,SG)	ga fụts’i
fụ¹²ts’i	V;IRR;NOM(2,SG)	gi fụts’i
fụ¹²ts’i	V;IRR;NOM(3,SG)	da fụts’i
yo²ho	V;IPFV;PRS;NOM(3,SG)	yoho
yo²ho	V;IPFV;PST;NOM(3,SG)	mí yoho
yo²ho	V;PRF;PRS;NOM(3,SG)	xa yoho
yo²ho	V;PRF;PST;NOM(3)	xki yoho
yo²ho	V;IRR;NOM(3,SG)	da yoho
nhui²xni	V;IPFV;PRS;NOM(3,SG)	nhuixni
nhui²xni	V;PFV;NOM(3,SG)	bi nhuixni
ñobri	V;IPFV;PRS;NOM(1,SG)	dí ñobri
ñobri	V;IPFV;PRS;NOM(2,SG)	gí ñobri
ñobri	V;IPFV;PRS;NOM(3,SG)	ñobri
ñobri	V;IPFV;PST;NOM(1,SG)	ndí ñobri
ñobri	V;IPFV;PST;NOM(2,SG)	ngí ñobri
ñobri	V;IPFV;PST;NOM(3,SG)	mí ñobri
ñobri	V;PRF;PRS;NOM(2,SG)	xká ñobri
ñobri	V;PRF;PRS;NOM(3,SG)	xa ñobri
ñobri	V;PRF;PST;NOM(1)	stí ñobri
ñobri	V;IRR;NOM(1,SG)	ga ñobri
ñobri	V;IRR;NOM(2,SG)	gi ñobri
tsi²s-te	V;IPFV;PRS;NOM(1,SG)	dí tsiste
tsi²s-te	V;IPFV;PRS;NOM(2,SG)	gí tsiste
tsi²s-te	V;IPFV;PRS;NOM(3,SG)	tsiste
tsi²s-te	V;IPFV;PST;NOM(1,SG)	ndí tsiste
tsi²s-te	V;PFV;NOM(1,SG)	dá tsiste
tsi²s-te	V;PRF;PRS;NOM(1,SG)	stá tsiste
tsi²s-te	V;PRF;PRS;NOM(2,SG)	xká tsiste
tsi²s-te	V;PRF;PRS;NOM(3,SG)	xa tsiste
tsi²s-te	V;PRF;PST;NOM(1)	stí tsiste
tsi²s-te	V;IRR;NOM(2,SG)	gi tsiste
ʔba²ni	V;IPFV;PRS;NOM(2,SG)	gí ʔbani
ʔba²ni	V;IPFV;PST;NOM(2,SG)	ngí ʔbani
ʔba²ni	V;PFV;NOM(1,SG)	dá ʔbani
ʔba²ni	V;PFV;NOM(2,SG)	gá ʔbani
ʔba²ni	V;PFV;NOM(3,SG)	bi ʔbani
ʔba²ni	V;PRF;PRS;NOM(2,SG)	xká ʔbani
ʔba²ni	V;PRF;PST;NOM(1)	stí ʔbani
ʔba²ni	V;PRF;PST;NOM(2)	xkí ʔbani
ʔba²ni	V;IRR;NOM(3,SG)	da ʔbani
ue²n-ga²hai	V;IPFV;PRS;NOM(1,SG)	dí uengahai
ue²n-ga²hai	V;IPFV;PRS;NOM(2,SG)	gí uengahai
ue²n-ga²hai	V;IPFV;PRS;NOM(3,SG)	uengahai
ue²n-ga²hai	V;IPFV;PST;NOM(1,SG)	ndí uengahai
ue²n-ga²hai	V;IPFV;PST;NOM(2,SG)	ngí uengahai
ue²n-ga²hai	V;PFV;NOM(1,SG)	dá uengahai
ue²n-ga²hai	V;PFV;NOM(2,SG)	gá uengahai
ue²n-ga²hai	V;PFV;NOM(3,SG)	bi uengahai
ue²n-ga²hai	V;PRF;PRS;NOM(1,SG)	stá uengahai
ue²n-ga²hai	V;PRF;PRS;NOM(2,SG)	xká uengahai
ue²n-ga²hai	V;PRF;PRS;NOM(3,SG)	xa uengahai
ue²n-ga²hai	V;IRR;NOM(1,SG)	ga uengahai
ue²n-ga²hai	V;IRR;NOM(2,SG)	gi uengahai
ue²n-ga²hai	V;IRR;NOM(3,SG)	da uengahai
yụnt’i	V;IPFV;PRS;NOM(1,SG)	dí yụnt’i
yụnt’i	V;IPFV;PRS;NOM(2,SG)	gí yụnt’i
yụnt’i	V;IPFV;PRS;NOM(3,SG)	yụnt’i
yụnt’i	V;IPFV;PST;NOM(1,SG)	ndí yụnt’i
yụnt’i	V;IPFV;PST;NOM(2,SG)	ngí yụnt’i
yụnt’i	V;PFV;NOM(2,SG)	gá yụnt’i
yụnt’i	V;PFV;NOM(3,SG)	bi yụnt’i
yụnt’i	V;PRF;PRS;NOM(1,SG)	stá yụnt’i
yụnt’i	V;PRF;PRS;NOM(2,SG)	xká yụnt’i
yụnt’i	V;PRF;PST;NOM(1)	stí yụnt’i
yụnt’i	V;PRF;PST;NOM(2)	xkí yụnt’i
yụnt’i	V;IRR;NOM(2,SG)	gi yụnt’i
yụnt’i	V;IRR;NOM(3,SG)	da yụnt’i
ua²-nt’ä¹²hä	V;IPFV;PRS;NOM(1,SG)	dí uant’ähä
ua²-nt’ä¹²hä	V;IPFV;PRS;NOM(2,SG)	gí uant’ähä
ua²-nt’ä¹²hä	V;IPFV;PRS;NOM(3,SG)	uant’ähä
ua²-nt’ä¹²hä	V;IPFV;PST;NOM(1,SG)	ndí uant’ähä
ua²-nt’ä¹²hä	V;IPFV;PST;NOM(2,SG)	ngí uant’ähä
ua²-nt’ä¹²hä	V;IPFV;PST;NOM(3,SG)	mí uant’ähä
ua²-nt’ä¹²hä	V;PFV;NOM(3,SG)	bi uant’ähä
ua²-nt’ä¹²hä	V;PRF;PRS;NOM(1,SG)	stá uant’ähä
ua²-nt’ä¹²hä	V;PRF;PST;NOM(1)	stí uant’ähä
ua²-nt’ä¹²hä	V;PRF;PST;NOM(2)	xkí uant’ähä
ua²-nt’ä¹²hä	V;PRF;PST;NOM(3)	xki uant’ähä
ua²-nt’ä¹²hä	V;IRR;NOM(2,SG)	gi uant’ähä
k’ụ²ts’i	V;PFV;NOM(3,SG)	bi k’ụts’i
k’ụ²ts’i	V;PRF;PRS;NOM(3,SG)	xa k’ụts’i
k’ụ²ts’i	V;IRR;NOM(3,SG)	da k’ụts’i
ẹni	V;IPFV;PRS;NOM(1,SG)	dí ʔẹni
ẹni	V;IPFV;PRS;NOM(2,SG)	gí ʔẹni
ẹni	V;IPFV;PRS;NOM(3,SG)	ʔẹni
ẹni	V;IPFV;PST;NOM(1,SG)	ndí ʔẹni
ẹni	V;IPFV;PST;NOM(3,SG)	mí ʔẹni
ẹni	V;PFV;NOM(1,SG)	dá ʔẹni
ẹni	V;PFV;NOM(2,SG)	gá ʔẹni
ẹni	V;PRF;PRS;NOM(1,SG)	stá ʔẹni
ẹni	V;PRF;PRS;NOM(2,SG)	xká ʔyẹni
ẹni	V;PRF;PRS;NOM(3,SG)	xa ʔyẹni
ẹni	V;PRF;PST;NOM(1)	stí ʔẹni
ẹni	V;PRF;PST;NOM(3)	xki ʔyẹni
ẹni	V;IRR;NOM(1,SG)	ga ʔẹni
hant-hyä	V;IPFV;PRS;NOM(1,SG)	dí hanthyä
hant-hyä	V;IPFV;PRS;NOM(2,SG)	gí hanthyä
hant-hyä	V;IPFV;PRS;NOM(3,SG)	hanthyä
hant-hyä	V;IPFV;PST;NOM(1,SG)	ndí hanthyä
hant-hyä	V;PFV;NOM(1,SG)	dá hanthyä
hant-hyä	V;PFV;NOM(2,SG)	gá hanthyä
hant-hyä	V;PFV;NOM(3,SG)	bi hyanthyä
hant-hyä	V;PRF;PRS;NOM(1,SG)	stá hanthyä
hant-hyä	V;PRF;PRS;NOM(2,SG)	xká hanthyä
hant-hyä	V;PRF;PST;NOM(1)	stí hanthyä
hant-hyä	V;PRF;PST;NOM(2)	xkí hanthyä
hant-hyä	V;IRR;NOM(1,SG)	ga hanthyä
hant-hyä	V;IRR;NOM(3,SG)	da hanthyä
po²ngi	V;IPFV;PRS;NOM(3,SG)	pongi
po²ngi	V;IPFV;PST;NOM(3,SG)	mí pongi
po²ngi	V;PFV;NOM(3,SG)	bi pongi
po²ngi	V;PRF;PST;NOM(3)	xki pongi
hembi	V;IPFV;PRS;NOM(3,SG)	hëmbi
hembi	V;IPFV;PST;NOM(3,SG)	mí hëmbi
hembi	V;PRF;PRS;NOM(3,SG)	xa hñëmbi
hembi	V;PRF;PST;NOM(3)	xki hñëmbi
hembi	V;IRR;NOM(3,SG)	da hñëmbi
ʔna²ni	V;IPFV;PRS;NOM(3,SG)	ʔnani
ʔna²ni	V;IPFV;PST;NOM(3,SG)	mí ʔnani
ʔna²ni	V;PFV;NOM(3,SG)	bi ʔnani
ʔna²ni	V;PRF;PRS;NOM(3,SG)	xa ʔnani
ʔna²ni	V;PRF;PST;NOM(3)	xki ʔnani
ʔna²ni	V;IRR;NOM(3,SG)	da ʔnani
mpo¹²nt’i	V;IPFV;PRS;NOM(1,SG)	dí mpont’i
mpo¹²nt’i	V;IPFV;PRS;NOM(2,SG)	gí mpont’i
mpo¹²nt’i	V;IPFV;PRS;NOM(3,SG)	mpont’i
mpo¹²nt’i	V;IPFV;PST;NOM(1,SG)	ndí mpont’i
mpo¹²nt’i	V;IPFV;PST;NOM(2,SG)	ngí mpont’i
mpo¹²nt’i	V;PFV;NOM(1,SG)	dá mpont’i
mpo¹²nt’i	V;PFV;NOM(2,SG)	gá mpont’i
mpo¹²nt’i	V;PFV;NOM(3,SG)	bi mpont’i
mpo¹²nt’i	V;PRF;PRS;NOM(2,SG)	xká mpont’i
mpo¹²nt’i	V;PRF;PRS;NOM(3,SG)	xa mpont’i
mpo¹²nt’i	V;PRF;PST;NOM(2)	xkí mpont’i
mpo¹²nt’i	V;PRF;PST;NOM(3)	xki mpont’i
mpo¹²nt’i	V;IRR;NOM(1,SG)	ga mpont’i
mpo¹²nt’i	V;IRR;NOM(2,SG)	gi mpont’i
hẹ²ka²-ndäpo	V;IPFV;PRS;NOM(2,SG)	gí hẹkandäpo
hẹ²ka²-ndäpo	V;IPFV;PST;NOM(1,SG)	ndí hẹkandäpo
hẹ²ka²-ndäpo	V;IPFV;PST;NOM(3,SG)	mí hẹkandäpo
hẹ²ka²-ndäpo	V;PFV;NOM(1,SG)	dá hẹkandäpo
hẹ²ka²-ndäpo	V;PFV;NOM(2,SG)	gá hyẹkandäpo
hẹ²ka²-ndäpo	V;PRF;PRS;NOM(2,SG)	xká hyẹkandäpo
hẹ²ka²-ndäpo	V;PRF;PRS;NOM(3,SG)	xa hyẹkandäpo
hẹ²ka²-ndäpo	V;PRF;PST;NOM(1)	stí hẹkandäpo
hẹ²ka²-ndäpo	V;PRF;PST;NOM(3)	xki hyẹkandäpo
hẹ²ka²-ndäpo	V;IRR;NOM(2,SG)	gi hyẹkandäpo
hẹ²ka²-ndäpo	V;IRR;NOM(3,SG)	da hyẹkandäpo
ntoʔmi	V;IPFV;PRS;NOM(3,SG)	ntoʔmi
ntoʔmi	V;IPFV;PST;NOM(1,SG)	ndí ntoʔmi
ntoʔmi	V;IPFV;PST;NOM(2,SG)	ngí ntoʔmi
ntoʔmi	V;PFV;NOM(1,SG)	dá ntoʔmi
ntoʔmi	V;PRF;PRS;NOM(1,SG)	stá ntoʔmi
ntoʔmi	V;PRF;PRS;NOM(2,SG)	xká ntoʔmi
ntoʔmi	V;PRF;PST;NOM(1)	stí ntoʔmi
ntoʔmi	V;PRF;PST;NOM(3)	xki ntoʔmi
ntoʔmi	V;IRR;NOM(1,SG)	ga ntoʔmi
po²gi	V;IPFV;PRS;NOM(1,SG)	dí pogi
po²gi	V;IPFV;PRS;NOM(3,SG)	pogi
po²gi	V;IPFV;PST;NOM(1,SG)	ndí pogi
po²gi	V;IPFV;PST;NOM(2,SG)	ngí pogi
po²gi	V;IPFV;PST;NOM(3,SG)	mí pogi
po²gi	V;PFV;NOM(1,SG)	dá pogi
po²gi	V;PFV;NOM(2,SG)	gá pogi
po²gi	V;PRF;PRS;NOM(2,SG)	xká pogi
po²gi	V;PRF;PRS;NOM(3,SG)	xa pogi
po²gi	V;PRF;PST;NOM(1)	stí pogi
po²gi	V;PRF;PST;NOM(3)	xki pogi
po²gi	V;IRR;NOM(1,SG)	ga pogi
po²ʔtsi	V;IPFV;PRS;NOM(2,SG)	gí poʔtsi
po²ʔtsi	V;IPFV;PRS;NOM(3,SG)	poʔtsi
po²ʔtsi	V;IPFV;PST;NOM(1,SG)	ndí poʔtsi
po²ʔtsi	V;PRF;PST;NOM(1)	stí poʔtsi
po²ʔtsi	V;PRF;PST;NOM(2)	xkí poʔtsi
po²ʔtsi	V;IRR;NOM(1,SG)	ga poʔtsi
po²ʔtsi	V;IRR;NOM(2,SG)	gi poʔtsi
tsụ²ti	V;IPFV;PRS;NOM(1,SG)	dí tsụti
tsụ²ti	V;IPFV;PST;NOM(2,SG)	ngí tsụti
tsụ²ti	V;IPFV;PST;NOM(3,SG)	mí tsụti
tsụ²ti	V;PFV;NOM(2,SG)	gá tsụti
tsụ²ti	V;PFV;NOM(3,SG)	bi tsụti
tsụ²ti	V;PRF;PRS;NOM(1,SG)	stá tsụti
tsụ²ti	V;PRF;PRS;NOM(2,SG)	xká tsụti
tsụ²ti	V;PRF;PRS;NOM(3,SG)	xa tsụti
tsụ²ti	V;PRF;PST;NOM(2)	xkí tsụti
tsụ²ti	V;PRF;PST;NOM(3)	xki tsụti
tsụ²ti	V;IRR;NOM(1,SG)	ga tsụti
nguent’i	V;IPFV;PRS;NOM(3,SG)	nguent’i
nguent’i	V;IPFV;PST;NOM(1,SG)	ndí nguent’i
nguent’i	V;IPFV;PST;NOM(2,SG)	ngí nguent’i
nguent’i	V;PFV;NOM(2,SG)	gá nguent’i
nguent’i	V;PFV;NOM(3,SG)	bi nguent’i
nguent’i	V;PRF;PRS;NOM(1,SG)	stá nguent’i
nguent’i	V;PRF;PRS;NOM(3,SG)	xa nguent’i
nguent’i	V;PRF;PST;NOM(1)	stí nguent’i
nguent’i	V;PRF;PST;NOM(2)	xkí nguent’i
nguent’i	V;PRF;PST;NOM(3)	xki nguent’i
nguent’i	V;IRR;NOM(1,SG)	ga nguent’i
nguent’i	V;IRR;NOM(2,SG)	gi nguent’i
nguent’i	V;IRR;NOM(3,SG)	da nguent’i
hu²di	V;IPFV;PRS;NOM(2,SG)	gí hüdi
hu²di	V;IPFV;PST;NOM(1,SG)	ndí hüdi
hu²di	V;IPFV;PST;NOM(2,SG)	ngí hüdi
hu²di	V;IPFV;PST;NOM(3,SG)	mí hüdi
hu²di	V;PFV;NOM(1,SG)	dá hüdi
hu²di	V;PFV;NOM(2,SG)	gá hñüdi
hu²di	V;PFV;NOM(3,SG)	bi hñüdi
hu²di	V;PRF;PRS;NOM(3,SG)	xa hñüdi
hu²di	V;PRF;PST;NOM(1)	stí hüdi
hu²di	V;PRF;PST;NOM(3)	xki hñüdi
hu²di	V;IRR;NOM(2,SG)	gi hñüdi
hu²di	V;IRR;NOM(3,SG)	da hñüdi
fani	V;IPFV;PRS;NOM(2,SG)	gí fani
fani	V;IPFV;PRS;NOM(3,SG)	fani
fani	V;IPFV;PST;NOM(2,SG)	ngí fani
fani	V;IPFV;PST;NOM(3,SG)	mí fani
fani	V;PFV;NOM(1,SG)	dá fani
fani	V;PFV;NOM(2,SG)	gá fani
fani	V;PRF;PRS;NOM(1,SG)	stá fani
fani	V;PRF;PRS;NOM(3,SG)	xa fani
fani	V;PRF;PST;NOM(1)	stí fani
fani	V;PRF;PST;NOM(3)	xki fani
fani	V;IRR;NOM(1,SG)	ga fani
fani	V;IRR;NOM(2,SG)	gi fani
fani	V;IRR;NOM(3,SG)	da fani
ja¹²-ʔbẹgo	V;IPFV;PRS;NOM(1,SG)	dí jaʔbẹgo
ja¹²-ʔbẹgo	V;IPFV;PRS;NOM(2,SG)	gí jaʔbẹgo
ja¹²-ʔbẹgo	V;IPFV;PRS;NOM(3,SG)	jaʔbẹgo
ja¹²-ʔbẹgo	V;IPFV;PST;NOM(1,SG)	ndí jaʔbẹgo
ja¹²-ʔbẹgo	V;IPFV;PST;NOM(2,SG)	ngí jaʔbẹgo
ja¹²-ʔbẹgo	V;IPFV;PST;NOM(3,SG)	mí jaʔbẹgo
ja¹²-ʔbẹgo	V;PFV;NOM(2,SG)	gá jaʔbẹgo
ja¹²-ʔbẹgo	V;PRF;PRS;NOM(1,SG)	stá jaʔbẹgo
ja¹²-ʔbẹgo	V;PRF;PRS;NOM(2,SG)	xká jaʔbẹgo
ja¹²-ʔbẹgo	V;PRF;PRS;NOM(3,SG)	xa jaʔbẹgo
ja¹²-ʔbẹgo	V;PRF;PST;NOM(1)	stí jaʔbẹgo
ja¹²-ʔbẹgo	V;PRF;PST;NOM(2)	xkí jaʔbẹgo
ja¹²-ʔbẹgo	V;PRF;PST;NOM(3)	xki jaʔbẹgo
ja¹²-ʔbẹgo	V;IRR;NOM(1,SG)	ga jaʔbẹgo
ʔbẹ¹²pi	V;IPFV;PRS;NOM(3,SG)	ʔbẹpi
ʔbẹ¹²pi	V;IPFV;PST;NOM(2,SG)	ngí ʔbẹpi
ʔbẹ¹²pi	V;IPFV;PST;NOM(3,SG)	mí ʔbẹpi
ʔbẹ¹²pi	V;PFV;NOM(1,SG)	dá ʔbẹpi
ʔbẹ¹²pi	V;PRF;PRS;NOM(1,SG)	stá ʔbẹpi
ʔbẹ¹²pi	V;PRF;PRS;NOM(3,SG)	xa ʔbẹpi
ʔbẹ¹²pi	V;PRF;PST;NOM(1)	stí ʔbẹpi
ʔbẹ¹²pi	V;PRF;PST;NOM(2)	xkí ʔbẹpi
ʔbẹ¹²pi	V;PRF;PST;NOM(3)	xki ʔbẹpi
ʔbẹ¹²pi	V;IRR;NOM(1,SG)	ga ʔbẹpi
ʔbẹ¹²pi	V;IRR;NOM(3,SG)	da ʔbẹpi
ja¹-²mäsu	V;IPFV;PRS;NOM(1,SG)	dí jamäsu
ja¹-²mäsu	V;IPFV;PRS;NOM(2,SG)	gí jamäsu
ja¹-²mäsu	V;IPFV;PST;NOM(1,SG)	ndí jamäsu
ja¹-²mäsu	V;IPFV;PST;NOM(2,SG)	ngí jamäsu
ja¹-²mäsu	V;PFV;NOM(3,SG)	bi jamäsu
ja¹-²mäsu	V;PRF;PRS;NOM(1,SG)	stá jamäsu
ja¹-²mäsu	V;PRF;PST;NOM(1)	stí jamäsu
ja¹-²mäsu	V;PRF;PST;NOM(2)	xkí jamäsu
ja¹-²mäsu	V;IRR;NOM(1,SG)	ga jamäsu
ja¹-²mäsu	V;IRR;NOM(3,SG)	da jamäsu
kä²t’i	V;IPFV;PRS;NOM(1,SG)	dí kät’i
kä²t’i	V;IPFV;PRS;NOM(3,SG)	kät’i
kä²t’i	V;IPFV;PST;NOM(1,SG)	ndí kät’i
kä²t’i	V;IPFV;PST;NOM(2,SG)	ngí kät’i
kä²t’i	V;IPFV;PST;NOM(3,SG)	mí kät’i
kä²t’i	V;PFV;NOM(2,SG)	gá kät’i
kä²t’i	V;PRF;PRS;NOM(1,SG)	stá kät’i
kä²t’i	V;PRF;PRS;NOM(2,SG)	xká kät’i
kä²t’i	V;PRF;PST;NOM(1)	stí kät’i
kä²t’i	V;PRF;PST;NOM(2)	xkí kät’i
kä²t’i	V;PRF;PST;NOM(3)	xki kät’i
kä²t’i	V;IRR;NOM(1,SG)	ga kät’i
kä²t’i	V;IRR;NOM(2,SG)	gi kät’i
tu¹²ti	V;IPFV;PRS;NOM(2,SG)	gí tuti
tu¹²ti	V;IPFV;PRS;NOM(3,SG)	tuti
tu¹²ti	V;IPFV;PST;NOM(1,SG)	ndí tuti
tu¹²ti	V;IPFV;PST;NOM(2,SG)	ngí tuti
tu¹²ti	V;IPFV;PST;NOM(3,SG)	mí tuti
tu¹²ti	V;PFV;NOM(2,SG)	gá tuti
tu¹²ti	V;PRF;PRS;NOM(3,SG)	xa tuti
tu¹²ti	V;PRF;PST;NOM(1)	stí tuti
tu¹²ti	V;PRF;PST;NOM(3)	xki tuti
tu¹²ti	V;IRR;NOM(1,SG)	ga tuti
tu¹²ti	V;IRR;NOM(3,SG)	da tuti
u²ʔtsi	V;IPFV;PRS;NOM(1,SG)	dí ʔuʔtsi
u²ʔtsi	V;IPFV;PRS;NOM(3,SG)	ʔuʔtsi
u²ʔtsi	V;IPFV;PST;NOM(2,SG)	ngí ʔuʔtsi
u²ʔtsi	V;PRF;PST;NOM(1)	stí ʔuʔtsi
u²ʔtsi	V;PRF;PST;NOM(2)	xkí ʔñutsi
u²ʔtsi	V;PRF;PST;NOM(3)	xki ʔñutsi
u²ʔtsi	V;IRR;NOM(1,SG)	ga ʔuʔtsi
u²ʔtsi	V;IRR;NOM(2,SG)	gi ʔuʔtsi
ʔmi¹²fi	V;IPFV;PRS;NOM(3,SG)	ʔmifi
ʔmi¹²fi	V;IPFV;PST;NOM(3,SG)	mí ʔmifi
ʔmi¹²fi	V;PFV;NOM(3,SG)	bi ʔmifi
ʔmi¹²fi	V;IRR;NOM(3,SG)	da ʔmifi
hẹ²n-za	V;IPFV;PRS;NOM(1,SG)	dí hẹnza
hẹ²n-za	V;IPFV;PST;NOM(2,SG)	ngí hẹnza
hẹ²n-za	V;IPFV;PST;NOM(3,SG)	mí hẹnza
hẹ²n-za	V;PFV;NOM(1,SG)	dá hẹnza
hẹ²n-za	V;PFV;NOM(2,SG)	gá hyẹnza
hẹ²n-za	V;PRF;PRS;NOM(2,SG)	xká hyẹnza
hẹ²n-za	V;PRF;PRS;NOM(3,SG)	xa hyẹnza
hẹ²n-za	V;PRF;PST;NOM(2)	xkí hyẹnza
hẹ²n-za	V;PRF;PST;NOM(3)	xki hyẹnza
ts’i	V;IPFV;PRS;NOM(1,SG)	dí ts’i
ts’i	V;IPFV;PRS;NOM(2,SG)	gí ts’i
ts’i	V;PFV;NOM(1,SG)	dá ts’i
ts’i	V;PFV;NOM(2,SG)	gá ts’i
ts’i	V;PFV;NOM(3,SG)	bi ts’i
ts’i	V;PRF;PRS;NOM(1,SG)	stá ts’i
ts’i	V;PRF;PRS;NOM(2,SG)	xká ts’i
ts’i	V;PRF;PST;NOM(1)	stí ts’i
ts’i	V;PRF;PST;NOM(2)	xkí ts’i
ts’i	V;PRF;PST;NOM(3)	xki ts’i
ts’i	V;IRR;NOM(2,SG)	gi ts’i
ts’i	V;IRR;NOM(3,SG)	da ts’i
tsogi	V;IPFV;PRS;NOM(2,SG)	gí tsogi
tsogi	V;IPFV;PRS;NOM(3,SG)	tsogi
tsogi	V;IPFV;PST;NOM(2,SG)	ngí tsogi
tsogi	V;PFV;NOM(1,SG)	dá tsogi
tsogi	V;PFV;NOM(3,SG)	bi tsogi
tsogi	V;PRF;PRS;NOM(1,SG)	stá tsogi
tsogi	V;PRF;PRS;NOM(3,SG)	xa tsogi
tsogi	V;PRF;PST;NOM(2)	xkí tsogi
tsogi	V;PRF;PST;NOM(3)	xki tsogi
tsogi	V;IRR;NOM(3,SG)	da tsogi
k’ụ²ʔti	V;IPFV;PRS;NOM(1,SG)	dí k’ụʔti
k’ụ²ʔti	V;IPFV;PRS;NOM(3,SG)	k’ụʔti
k’ụ²ʔti	V;IPFV;PST;NOM(1,SG)	ndí k’ụʔti
k’ụ²ʔti	V;IPFV;PST;NOM(2,SG)	ngí k’ụʔti
k’ụ²ʔti	V;PFV;NOM(2,SG)	gá k’ụʔti
k’ụ²ʔti	V;PRF;PRS;NOM(1,SG)	stá k’ụʔti
k’ụ²ʔti	V;PRF;PST;NOM(1)	stí k’ụʔti
k’ụ²ʔti	V;PRF;PST;NOM(2)	xkí k’ụʔti
k’ụ²ʔti	V;IRR;NOM(2,SG)	gi k’ụʔti
k’ụ²ʔti	V;IRR;NOM(3,SG)	da k’ụʔti
pu²ra	V;IPFV;PST;NOM(2,SG)	ngí pura
pu²ra	V;IPFV;PST;NOM(3,SG)	mí pura
pu²ra	V;PFV;NOM(2,SG)	gá pura
pu²ra	V;PFV;NOM(3,SG)	bi pura
pu²ra	V;PRF;PRS;NOM(1,SG)	stá pura
pu²ra	V;PRF;PRS;NOM(2,SG)	xká pura
pu²ra	V;PRF;PRS;NOM(3,SG)	xa pura
pu²ra	V;PRF;PST;NOM(1)	stí pura
pu²ra	V;PRF;PST;NOM(2)	xkí pura
pu²ra	V;IRR;NOM(1,SG)	ga pura
pu²ra	V;IRR;NOM(2,SG)	gi pura
ʔñu²n-the	V;IPFV;PRS;NOM(2,SG)	gí ʔñunthe
ʔñu²n-the	V;IPFV;PST;NOM(1,SG)	ndí ʔñunthe
ʔñu²n-the	V;IPFV;PST;NOM(2,SG)	ngí ʔñunthe
ʔñu²n-the	V;IPFV;PST;NOM(3,SG)	mí ʔñunthe
ʔñu²n-the	V;PFV;NOM(1,SG)	dá ʔñunthe
ʔñu²n-the	V;PRF;PRS;NOM(1,SG)	stá ʔñunthe
ʔñu²n-the	V;PRF;PRS;NOM(3,SG)	xa ʔñunthe
ʔñu²n-the	V;PRF;PST;NOM(1)	stí ʔñunthe
ʔñu²n-the	V;PRF;PST;NOM(2)	xkí ʔñunthe
ʔñu²n-the	V;PRF;PST;NOM(3)	xki ʔñunthe
ʔñu²n-the	V;IRR;NOM(1,SG)	ga ʔñunthe
ʔñu²n-the	V;IRR;NOM(2,SG)	gi ʔñunthe
mämbi	V;IPFV;PST;NOM(1,SG)	ndí mämbi
mämbi	V;IPFV;PST;NOM(2,SG)	ngí mämbi
mämbi	V;IPFV;PST;NOM(3,SG)	mí mämbi
mämbi	V;PFV;NOM(1,SG)	dá mämbi
mämbi	V;PFV;NOM(2,SG)	gá mämbi
mämbi	V;PFV;NOM(3,SG)	bi mämbi
mämbi	V;PRF;PRS;NOM(3,SG)	xa mämbi
mämbi	V;PRF;PST;NOM(3)	xki mämbi
oki	V;IPFV;PRS;NOM(1,SG)	dí ʔoki
oki	V;IPFV;PRS;NOM(2,SG)	gí ʔoki
oki	V;IPFV;PRS;NOM(3,SG)	oki
oki	V;IPFV;PST;NOM(1,SG)	ndí ʔoki
oki	V;IPFV;PST;NOM(3,SG)	mí ʔoki
oki	V;PFV;NOM(1,SG)	dá ʔoki
oki	V;PFV;NOM(3,SG)	bi ʔyoki
oki	V;PRF;PRS;NOM(1,SG)	stá ʔoki
oki	V;PRF;PRS;NOM(3,SG)	xa ʔyoki
oki	V;PRF;PST;NOM(1)	stí ʔoki
oki	V;PRF;PST;NOM(2)	xkí ʔyoki
oki	V;PRF;PST;NOM(3)	xki ʔyoki
oki	V;IRR;NOM(1,SG)	ga ʔoki
oki	V;IRR;NOM(2,SG)	gi ʔyoki
oki	V;IRR;NOM(3,SG)	da ʔyoki
nkät’i	V;IPFV;PRS;NOM(2,SG)	gí nkät’i
nkät’i	V;IPFV;PST;NOM(1,SG)	ndí nkät’i
nkät’i	V;IPFV;PST;NOM(2,SG)	ngí nkät’i
nkät’i	V;IPFV;PST;NOM(3,SG)	mí nkät’i
nkät’i	V;PFV;NOM(1,SG)	dá nkät’i
nkät’i	V;PFV;NOM(3,SG)	bi nkät’i
nkät’i	V;PRF;PRS;NOM(1,SG)	stá nkät’i
nkät’i	V;PRF;PRS;NOM(2,SG)	xká nkät’i
nkät’i	V;PRF;PRS;NOM(3,SG)	xa nkät’i
nkät’i	V;PRF;PST;NOM(1)	stí nkät’i
nkät’i	V;PRF;PST;NOM(2)	xkí nkät’i
nkät’i	V;IRR;NOM(2,SG)	gi nkät’i
e²k’ua¹²-mba	V;IPFV;PRS;NOM(2,SG)	gí ʔëk’uamba
e²k’ua¹²-mba	V;IPFV;PST;NOM(3,SG)	mí ʔëk’uamba
e²k’ua¹²-mba	V;PFV;NOM(1,SG)	dá ʔëk’uamba
e²k’ua¹²-mba	V;PFV;NOM(3,SG)	bi ʔñëk’uamba
e²k’ua¹²-mba	V;PRF;PRS;NOM(2,SG)	xká ʔñëk’uamba
e²k’ua¹²-mba	V;PRF;PST;NOM(1)	stí ʔëk’uamba
e²k’ua¹²-mba	V;PRF;PST;NOM(2)	xkí ʔñëk’uamba
e²k’ua¹²-mba	V;PRF;PST;NOM(3)	xki ʔñëk’uamba
e²k’ua¹²-mba	V;IRR;NOM(1,SG)	ga ʔëk’uamba
e²k’ua¹²-mba	V;IRR;NOM(3,SG)	da ʔëk’uamba
po¹²n-tho	V;IPFV;PRS;NOM(3,SG)	pontho
po¹²n-tho	V;IPFV;PST;NOM(1,SG)	ndí pontho
po¹²n-tho	V;IPFV;PST;NOM(2,SG)	ngí pontho
po¹²n-tho	V;IPFV;PST;NOM(3,SG)	mí pontho
po¹²n-tho	V;PFV;NOM(1,SG)	dá pontho
po¹²n-tho	V;PFV;NOM(2,SG)	gá pontho
po¹²n-tho	V;PFV;NOM(3,SG)	bi pontho
po¹²n-tho	V;PRF;PRS;NOM(3,SG)	xa pontho
po¹²n-tho	V;PRF;PST;NOM(3)	xki pontho
po¹²n-tho	V;IRR;NOM(2,SG)	gi pontho
po¹²n-tho	V;IRR;NOM(3,SG)	da pontho
po²ho	V;IPFV;PRS;NOM(2,SG)	gí poho
po²ho	V;IPFV;PRS;NOM(3,SG)	poho
po²ho	V;IPFV;PST;NOM(2,SG)	ngí poho
po²ho	V;IPFV;PST;NOM(3,SG)	mí poho
po²ho	V;PFV;NOM(1,SG)	dá poho
po²ho	V;PFV;NOM(2,SG)	gá poho
po²ho	V;PFV;NOM(3,SG)	bi poho
po²ho	V;PRF;PRS;NOM(1,SG)	stá poho
po²ho	V;PRF;PRS;NOM(2,SG)	xká poho
po²ho	V;PRF;PRS;NOM(3,SG)	xa poho
po²ho	V;PRF;PST;NOM(3)	xki poho
po²ho	V;IRR;NOM(1,SG)	ga poho
fụi	V;IPFV;PRS;NOM(1,SG)	dí fụi
fụi	V;IPFV;PRS;NOM(2,SG)	gí fụi
fụi	V;IPFV;PRS;NOM(3,SG)	fụi
fụi	V;IPFV;PST;NOM(2,SG)	ngí fụi
fụi	V;PFV;NOM(3,SG)	bi fụi
fụi	V;PRF;PRS;NOM(2,SG)	xká fụi
fụi	V;PRF;PRS;NOM(3,SG)	xa fụi
fụi	V;PRF;PST;NOM(3)	xki fụi
ʔui²	V;IPFV;PRS;NOM(2,SG)	gí ʔui
ʔui²	V;IPFV;PST;NOM(1,SG)	ndí ʔui
ʔui²	V;IPFV;PST;NOM(2,SG)	ngí ʔui
ʔui²	V;IPFV;PST;NOM(3,SG)	mí ʔui
ʔui²	V;PRF;PRS;NOM(1,SG)	stá ʔui
ʔui²	V;PRF;PRS;NOM(2,SG)	xká ʔui
ʔui²	V;PRF;PST;NOM(2)	xkí ʔui
ʔui²	V;PRF;PST;NOM(3)	xki ʔui
ʔui²	V;IRR;NOM(1,SG)	ga ʔui
ʔui²	V;IRR;NOM(3,SG)	da ʔui
po²-the	V;PFV;NOM(3,SG)	bi pothe
po²-the	V;PRF;PRS;NOM(3,SG)	xa pothe
po²-the	V;PRF;PST;NOM(3)	xki pothe
po²-the	V;IRR;NOM(3,SG)	da pothe
ʔyo²-mxu²di	V;IPFV;PRS;NOM(1,SG)	dí ʔyomxudi
ʔyo²-mxu²di	V;IPFV;PRS;NOM(2,SG)	gí ʔyomxudi
ʔyo²-mxu²di	V;IPFV;PRS;NOM(3,SG)	ʔyomxudi
ʔyo²-mxu²di	V;IPFV;PST;NOM(1,SG)	ndí ʔyomxudi
ʔyo²-mxu²di	V;IPFV;PST;NOM(3,SG)	mí ʔyomxudi
ʔyo²-mxu²di	V;PFV;NOM(1,SG)	dá ʔyomxudi
ʔyo²-mxu²di	V;PRF;PRS;NOM(1,SG)	stá ʔyomxudi
ʔyo²-mxu²di	V;PRF;PRS;NOM(2,SG)	xká ʔyomxudi
ʔyo²-mxu²di	V;PRF;PRS;NOM(3,SG)	xa ʔyomxudi
ʔyo²-mxu²di	V;PRF;PST;NOM(1)	stí ʔyomxudi
ʔyo²-mxu²di	V;PRF;PST;NOM(2)	xkí ʔyomxudi
ʔyo²-mxu²di	V;PRF;PST;NOM(3)	xki ʔyomxudi
ʔyo²-mxu²di	V;IRR;NOM(3,SG)	da ʔyomxudi
tsẹ²ʔmi	V;IPFV;PRS;NOM(1,SG)	dí tsẹʔmi
tsẹ²ʔmi	V;IPFV;PRS;NOM(3,SG)	tsẹʔmi
tsẹ²ʔmi	V;IPFV;PST;NOM(1,SG)	ndí tsẹʔmi
tsẹ²ʔmi	V;IPFV;PST;NOM(2,SG)	ngí tsẹʔmi
tsẹ²ʔmi	V;IPFV;PST;NOM(3,SG)	mí tsẹʔmi
tsẹ²ʔmi	V;PFV;NOM(2,SG)	gá tsẹʔmi
tsẹ²ʔmi	V;PFV;NOM(3,SG)	bi tsẹʔmi
tsẹ²ʔmi	V;PRF;PRS;NOM(1,SG)	stá tsẹʔmi
tsẹ²ʔmi	V;PRF;PST;NOM(1)	stí tsẹʔmi
tsẹ²ʔmi	V;PRF;PST;NOM(2)	xkí tsẹʔmi
tsẹ²ʔmi	V;PRF;PST;NOM(3)	xki tsẹʔmi
tsẹ²ʔmi	V;IRR;NOM(2,SG)	gi tsẹʔmi
tsọ¹²họ	V;IPFV;PRS;NOM(1,SG)	dí tsọhọ
tsọ¹²họ	V;IPFV;PRS;NOM(3,SG)	tsọhọ
tsọ¹²họ	V;PFV;NOM(1,SG)	dá tsọhọ
tsọ¹²họ	V;PFV;NOM(2,SG)	gá tsọhọ
tsọ¹²họ	V;PFV;NOM(3,SG)	bi tsọhọ
tsọ¹²họ	V;PRF;PRS;NOM(1,SG)	stá tsọhọ
tsọ¹²họ	V;PRF;PRS;NOM(2,SG)	xká tsọhọ
tsọ¹²họ	V;PRF;PST;NOM(1)	stí tsọhọ
tsọ¹²họ	V;PRF;PST;NOM(2)	xkí tsọhọ
tsọ¹²họ	V;PRF;PST;NOM(3)	xki tsọhọ
tsọ¹²họ	V;IRR;NOM(3,SG)	da tsọhọ
xats’i	V;IPFV;PRS;NOM(1,SG)	dí xats’i
xats’i	V;IPFV;PRS;NOM(2,SG)	gí xats’i
xats’i	V;IPFV;PRS;NOM(3,SG)	xats’i
xats’i	V;IPFV;PST;NOM(2,SG)	ngí xats’i
xats’i	V;IPFV;PST;NOM(3,SG)	mí xats’i
xats’i	V;PFV;NOM(1,SG)	dá xats’i
xats’i	V;PFV;NOM(2,SG)	gá xats’i
xats’i	V;PFV;NOM(3,SG)	bi xats’i
xats’i	V;PRF;PRS;NOM(1,SG)	stá xats’i
xats’i	V;PRF;PRS;NOM(3,SG)	xa xats’i
xats’i	V;PRF;PST;NOM(1)	stí xats’i
xats’i	V;PRF;PST;NOM(2)	xkí xats’i
xats’i	V;PRF;PST;NOM(3)	xki xats’i
xats’i	V;IRR;NOM(1,SG)	ga xats’i
xats’i	V;IRR;NOM(2,SG)	gi xats’i
xats’i	V;IRR;NOM(3,SG)	da xats’i
jondi	V;IPFV;PRS;NOM(1,SG)	dí jondi
jondi	V;IPFV;PRS;NOM(2,SG)	gí jondi
jondi	V;IPFV;PST;NOM(1,SG)	ndí jondi
jondi	V;PFV;NOM(2,SG)	gá jondi
jondi	V;PFV;NOM(3,SG)	bi jondi
jondi	V;PRF;PRS;NOM(1,SG)	stá jondi
jondi	V;PRF;PRS;NOM(2,SG)	xká jondi
jondi	V;PRF;PST;NOM(1)	stí jondi
jondi	V;PRF;PST;NOM(2)	xkí jondi
jondi	V;IRR;NOM(1,SG)	ga jondi
jondi	V;IRR;NOM(2,SG)	gi jondi
jondi	V;IRR;NOM(3,SG)	da jondi
xai	V;IPFV;PST;NOM(3,SG)	mí xai
xai	V;PFV;NOM(1,SG)	dá xai
xai	V;PFV;NOM(2,SG)	gá xai
xai	V;PRF;PRS;NOM(3,SG)	xa xai
xai	V;PRF;PST;NOM(1)	stí xai
xai	V;PRF;PST;NOM(2)	xkí xai
xai	V;PRF;PST;NOM(3)	xki xai
pụ²ngi	V;IPFV;PST;NOM(3,SG)	mí pụngi
pụ²ngi	V;PFV;NOM(3,SG)	bi pụngi
pụ²ngi	V;PRF;PST;NOM(3)	xki pụngi
pụ²ngi	V;IRR;NOM(3,SG)	da pụngi
ʔbọnt’e	V;IPFV;PST;NOM(3,SG)	mí ʔbọnt’e
ʔbọnt’e	V;IRR;NOM(3,SG)	da ʔbọnt’e
hñä²mbä²-nt’ẹi	V;IPFV;PRS;NOM(1,SG)	dí hñämbänt’ẹi
hñä²mbä²-nt’ẹi	V;IPFV;PRS;NOM(3,SG)	hñämbänt’ẹi
hñä²mbä²-nt’ẹi	V;IPFV;PST;NOM(1,SG)	ndí hñämbänt’ẹi
hñä²mbä²-nt’ẹi	V;IPFV;PST;NOM(2,SG)	ngí hñämbänt’ẹi
hñä²mbä²-nt’ẹi	V;PFV;NOM(2,SG)	gá hñämbänt’ẹi
hñä²mbä²-nt’ẹi	V;PFV;NOM(3,SG)	bi hñämbänt’ẹi
hñä²mbä²-nt’ẹi	V;PRF;PRS;NOM(1,SG)	stá hñämbänt’ẹi
hñä²mbä²-nt’ẹi	V;PRF;PRS;NOM(2,SG)	xká hñämbänt’ẹi
hñä²mbä²-nt’ẹi	V;PRF;PRS;NOM(3,SG)	xa hñämbänt’ẹi
hñä²mbä²-nt’ẹi	V;PRF;PST;NOM(1)	stí hñämbänt’ẹi
hñä²mbä²-nt’ẹi	V;PRF;PST;NOM(2)	xkí hñämbänt’ẹi
hñä²mbä²-nt’ẹi	V;PRF;PST;NOM(3)	xki hñämbänt’ẹi
hñä²mbä²-nt’ẹi	V;IRR;NOM(2,SG)	gi hñämbänt’ẹi
thihni	V;IPFV;PRS;NOM(3,SG)	thihni
thihni	V;IPFV;PST;NOM(3,SG)	mí thihni
thihni	V;PRF;PST;NOM(3)	xki thihni
thihni	V;IRR;NOM(3,SG)	da thihni
ʔra	V;IPFV;PRS;NOM(1,SG)	dí ʔra
ʔra	V;IPFV;PST;NOM(2,SG)	ngí ʔra
ʔra	V;IPFV;PST;NOM(3,SG)	mí ʔra
ʔra	V;PRF;PRS;NOM(2,SG)	xká ʔra
ʔra	V;PRF;PRS;NOM(3,SG)	xa ʔra
ʔra	V;PRF;PST;NOM(1)	stí ʔra
ʔra	V;PRF;PST;NOM(2)	xkí ʔra
ʔra	V;PRF;PST;NOM(3)	xki ʔra
ʔra	V;IRR;NOM(1,SG)	ga ʔra
ʔra	V;IRR;NOM(2,SG)	gi ʔra
pọ²ni	V;IPFV;PRS;NOM(2,SG)	gí pọni
pọ²ni	V;IPFV;PRS;NOM(3,SG)	pọni
pọ²ni	V;PFV;NOM(2,SG)	gá pọni
pọ²ni	V;PFV;NOM(3,SG)	bi pọni
pọ²ni	V;PRF;PRS;NOM(1,SG)	stá pọni
pọ²ni	V;PRF;PST;NOM(2)	xkí pọni
pọ²ni	V;IRR;NOM(1,SG)	ga pọni
bu²hla	V;IPFV;PRS;NOM(2,SG)	gí buhla
bu²hla	V;IPFV;PRS;NOM(3,SG)	buhla
bu²hla	V;IPFV;PST;NOM(1,SG)	ndí buhla
bu²hla	V;IPFV;PST;NOM(2,SG)	ngí buhla
bu²hla	V;IPFV;PST;NOM(3,SG)	mí buhla
bu²hla	V;PFV;NOM(2,SG)	gá buhla
bu²hla	V;PFV;NOM(3,SG)	bi buhla
bu²hla	V;PRF;PRS;NOM(1,SG)	stá buhla
bu²hla	V;PRF;PST;NOM(1)	stí buhla
bu²hla	V;PRF;PST;NOM(2)	xkí buhla
bu²hla	V;PRF;PST;NOM(3)	xki buhla
bu²hla	V;IRR;NOM(1,SG)	ga buhla
bu²hla	V;IRR;NOM(2,SG)	gi buhla
bu²hla	V;IRR;NOM(3,SG)	da buhla
nxụ	V;IPFV;PRS;NOM(1,SG)	dí nxụ
nxụ	V;IPFV;PRS;NOM(2,SG)	gí nxụ
nxụ	V;IPFV;PRS;NOM(3,SG)	nxụ
nxụ	V;PFV;NOM(1,SG)	dá nxụ
nxụ	V;PFV;NOM(2,SG)	gá nxụ
nxụ	V;PFV;NOM(3,SG)	bi nxụ
nxụ	V;PRF;PRS;NOM(1,SG)	stá nxụ
nxụ	V;PRF;PRS;NOM(2,SG)	xká nxụ
nxụ	V;PRF;PRS;NOM(3,SG)	xa nxụ
nxụ	V;PRF;PST;NOM(2)	xkí nxụ
nxụ	V;PRF;PST;NOM(3)	xki nxụ
tsa¹²ni	V;IPFV;PRS;NOM(3,SG)	tsani
tsa¹²ni	V;IPFV;PST;NOM(2,SG)	ngí tsani
tsa¹²ni	V;PFV;NOM(1,SG)	dá tsani
tsa¹²ni	V;PRF;PRS;NOM(2,SG)	xká tsani
tsa¹²ni	V;PRF;PST;NOM(1)	stí tsani
tsa¹²ni	V;PRF;PST;NOM(3)	xki tsani
tsa¹²ni	V;IRR;NOM(2,SG)	gi tsani
tsa¹²ni	V;IRR;NOM(3,SG)	da tsani
tsa¹²ni	V;IPFV;PRS;NOM(1,SG)	dí tsani
tsa¹²ni	V;IPFV;PRS;NOM(2,SG)	gí tsani
tsa¹²ni	V;IPFV;PRS;NOM(3,SG)	tsani
tsa¹²ni	V;IPFV;PST;NOM(2,SG)	ngí tsani
tsa¹²ni	V;PFV;NOM(2,SG)	gá tsani
tsa¹²ni	V;PRF;PST;NOM(1)	stí tsani
tsa¹²ni	V;PRF;PST;NOM(2)	xkí tsani
tsa¹²ni	V;IRR;NOM(1,SG)	ga tsani
tsa¹²ni	V;IRR;NOM(3,SG)	da tsani
nts’angi	V;IPFV;PRS;NOM(1,SG)	dí nts’angi
nts’angi	V;IPFV;PRS;NOM(3,SG)	nts’angi
nts’angi	V;IPFV;PST;NOM(1,SG)	ndí nts’angi
nts’angi	V;IPFV;PST;NOM(2,SG)	ngí nts’angi
nts’angi	V;PFV;NOM(1,SG)	dá nts’angi
nts’angi	V;PFV;NOM(2,SG)	gá nts’angi
nts’angi	V;PFV;NOM(3,SG)	bi nts’angi
nts’angi	V;PRF;PRS;NOM(2,SG)	xká nts’angi
nts’angi	V;PRF;PRS;NOM(3,SG)	xa nts’angi
nts’angi	V;PRF;PST;NOM(1)	stí nts’angi
nts’angi	V;PRF;PST;NOM(3)	xki nts’angi
nts’angi	V;IRR;NOM(1,SG)	ga nts’angi
nts’angi	V;IRR;NOM(3,SG)	da nts’angi
nts’angi	V;IPFV;PRS;NOM(2,SG)	gí nts’angi
nts’angi	V;IPFV;PRS;NOM(3,SG)	nts’angi
nts’angi	V;IPFV;PST;NOM(1,SG)	ndí nts’angi
nts’angi	V;IPFV;PST;NOM(3,SG)	mí nts’angi
nts’angi	V;PFV;NOM(3,SG)	bi nts’angi
nts’angi	V;PRF;PRS;NOM(3,SG)	xa nts’angi
nts’angi	V;PRF;PST;NOM(1)	stí nts’angi
nts’angi	V;PRF;PST;NOM(2)	xkí nts’angi
nts’angi	V;PRF;PST;NOM(3)	xki nts’angi
nts’angi	V;IRR;NOM(1,SG)	ga nts’angi
nts’angi	V;IRR;NOM(3,SG)	da nts’angi
u¹²t’i	V;IPFV;PRS;NOM(1,SG)	dí ʔut’i
u¹²t’i	V;IPFV;PRS;NOM(2,SG)	gí ʔut’i
u¹²t’i	V;IPFV;PST;NOM(1,SG)	ndí ʔut’i
u¹²t’i	V;IPFV;PST;NOM(2,SG)	ngí ʔut’i
u¹²t’i	V;IPFV;PST;NOM(3,SG)	mí ʔut’i
u¹²t’i	V;PFV;NOM(2,SG)	gá ʔut’i
u¹²t’i	V;PRF;PRS;NOM(1,SG)	stá ʔut’i
u¹²t’i	V;PRF;PRS;NOM(2,SG)	xká ʔñut’i
u¹²t’i	V;PRF;PRS;NOM(3,SG)	xa ʔñut’i
u¹²t’i	V;PRF;PST;NOM(3)	xki ʔñut’i
u¹²t’i	V;IRR;NOM(1,SG)	ga ʔut’i
u¹²t’i	V;IRR;NOM(3,SG)	da ʔñut’i
bo¹²st’i	V;IPFV;PRS;NOM(1,SG)	dí bost’i
bo¹²st’i	V;IPFV;PRS;NOM(2,SG)	gí bost’i
bo¹²st’i	V;IPFV;PRS;NOM(3,SG)	bost’i
bo¹²st’i	V;IPFV;PST;NOM(1,SG)	ndí bost’i
bo¹²st’i	V;IPFV;PST;NOM(2,SG)	ngí bost’i
bo¹²st’i	V;IPFV;PST;NOM(3,SG)	mí bost’i
bo¹²st’i	V;PFV;NOM(2,SG)	gá bost’i
bo¹²st’i	V;PFV;NOM(3,SG)	bi bost’i
bo¹²st’i	V;PRF;PST;NOM(1)	stí bost’i
bo¹²st’i	V;PRF;PST;NOM(2)	xkí bost’i
bo¹²st’i	V;IRR;NOM(3,SG)	da bost’i
nkä¹²xi	V;IPFV;PRS;NOM(3,SG)	nkäxi
nkä¹²xi	V;PFV;NOM(3,SG)	bi nkäxi
nkä¹²xi	V;PRF;PRS;NOM(3,SG)	xa nkäxi
nde²he	V;IPFV;PRS;NOM(1,SG)	dí ndehe
nde²he	V;IPFV;PRS;NOM(2,SG)	gí ndehe
nde²he	V;IPFV;PST;NOM(1,SG)	ndí ndehe
nde²he	V;IPFV;PST;NOM(2,SG)	ngí ndehe
nde²he	V;IPFV;PST;NOM(3,SG)	mí ndehe
nde²he	V;PFV;NOM(3,SG)	bi ndehe
nde²he	V;PRF;PRS;NOM(1,SG)	stá ndehe
nde²he	V;PRF;PRS;NOM(2,SG)	xká ndehe
nde²he	V;PRF;PST;NOM(1)	stí ndehe
nde²he	V;PRF;PST;NOM(2)	xkí ndehe
pist’i	V;IPFV;PRS;NOM(2,SG)	gí pist’i
pist’i	V;IPFV;PRS;NOM(3,SG)	pist’i
pist’i	V;IPFV;PST;NOM(2,SG)	ngí pist’i
pist’i	V;IPFV;PST;NOM(3,SG)	mí pist’i
pist’i	V;PRF;PRS;NOM(1,SG)	stá pist’i
pist’i	V;PRF;PRS;NOM(2,SG)	xká pist’i
pist’i	V;PRF;PST;NOM(1)	stí pist’i
pist’i	V;PRF;PST;NOM(3)	xki pist’i
pist’i	V;IRR;NOM(1,SG)	ga pist’i
nọ¹²ge	V;IPFV;PRS;NOM(3,SG)	nọge
nọ¹²ge	V;IPFV;PST;NOM(3,SG)	mí nọge
nọ¹²ge	V;PRF;PST;NOM(3)	xki nọge
nọ¹²ge	V;IRR;NOM(3,SG)	da nọge
ʔñani	V;IPFV;PRS;NOM(1,SG)	dí ʔñani
ʔñani	V;IPFV;PRS;NOM(2,SG)	gí ʔñani
ʔñani	V;IPFV;PST;NOM(1,SG)	ndí ʔñani
ʔñani	V;IPFV;PST;NOM(2,SG)	ngí ʔñani
ʔñani	V;IPFV;PST;NOM(3,SG)	mí ʔñani
ʔñani	V;PFV;NOM(1,SG)	dá ʔñani
ʔñani	V;PFV;NOM(2,SG)	gá ʔñani
ʔñani	V;PFV;NOM(3,SG)	bi ʔñani
ʔñani	V;PRF;PRS;NOM(1,SG)	stá ʔñani
ʔñani	V;PRF;PRS;NOM(3,SG)	xa ʔñani
ʔñani	V;IRR;NOM(1,SG)	ga ʔñani
ʔñani	V;IRR;NOM(2,SG)	gi ʔñani
ʔñani	V;IRR;NOM(3,SG)	da ʔñani
e²he	V;IPFV;PRS;NOM(1,SG)	dí ʔëhe
e²he	V;IPFV;PRS;NOM(2,SG)	gí ʔëhe
e²he	V;IPFV;PST;NOM(1,SG)	ndí ʔëhe
e²he	V;IPFV;PST;NOM(2,SG)	ngí ʔëhe
e²he	V;IPFV;PST;NOM(3,SG)	mí ʔëhe
e²he	V;PFV;NOM(2,SG)	gá ʔëhe
e²he	V;PFV;NOM(3,SG)	bi ʔñëhe
e²he	V;PRF;PRS;NOM(3,SG)	xa ʔñëhe
e²he	V;PRF;PST;NOM(1)	stí ʔëhe
e²he	V;PRF;PST;NOM(3)	xki ʔñëhe
e²he	V;IRR;NOM(2,SG)	gi ʔëhe
e²he	V;IRR;NOM(3,SG)	da ʔëhe
ụ¹²ts’i	V;IPFV;PRS;NOM(1,SG)	dí ʔụts’i
ụ¹²ts’i	V;IPFV;PRS;NOM(2,SG)	gí ʔụts’i
ụ¹²ts’i	V;IPFV;PRS;NOM(3,SG)	ʔụts’i
ụ¹²ts’i	V;IPFV;PST;NOM(1,SG)	ndí ʔụts’i
ụ¹²ts’i	V;IPFV;PST;NOM(2,SG)	ngí ʔụts’i
ụ¹²ts’i	V;IPFV;PST;NOM(3,SG)	mí ʔụts’i
ụ¹²ts’i	V;PFV;NOM(2,SG)	gá ʔụts’i
ụ¹²ts’i	V;PFV;NOM(3,SG)	bi ʔyụts’i
ụ¹²ts’i	V;PRF;PRS;NOM(2,SG)	xká ʔyụts’i
ụ¹²ts’i	V;PRF;PST;NOM(1)	stí ʔụts’i
ụ¹²ts’i	V;PRF;PST;NOM(2)	xkí ʔyụts’i
ụ¹²ts’i	V;PRF;PST;NOM(3)	xki ʔyụts’i
ụ¹²ts’i	V;IRR;NOM(1,SG)	ga ʔụts’i
ụ¹²ts’i	V;IRR;NOM(2,SG)	gi ʔyụts’i
ụ¹²ts’i	V;IRR;NOM(3,SG)	da ʔyụts’i
dä¹²nts’i	V;IPFV;PRS;NOM(1,SG)	dí dänts’i
dä¹²nts’i	V;IPFV;PRS;NOM(2,SG)	gí dänts’i
dä¹²nts’i	V;IPFV;PRS;NOM(3,SG)	dänts’i
dä¹²nts’i	V;IPFV;PST;NOM(1,SG)	ndí dänts’i
dä¹²nts’i	V;IPFV;PST;NOM(2,SG)	ngí dänts’i
dä¹²nts’i	V;PFV;NOM(1,SG)	dá dänts’i
dä¹²nts’i	V;PFV;NOM(3,SG)	bi dänts’i
dä¹²nts’i	V;PRF;PRS;NOM(2,SG)	xká dänts’i
dä¹²nts’i	V;PRF;PRS;NOM(3,SG)	xa dänts’i
dä¹²nts’i	V;PRF;PST;NOM(1)	stí dänts’i
dä¹²nts’i	V;IRR;NOM(1,SG)	ga dänts’i
dä¹²nts’i	V;IRR;NOM(3,SG)	da dänts’i
me²ʔmi	V;IPFV;PRS;NOM(1,SG)	dí meʔmi
me²ʔmi	V;IPFV;PRS;NOM(3,SG)	meʔmi
me²ʔmi	V;IPFV;PST;NOM(2,SG)	ngí meʔmi
me²ʔmi	V;IPFV;PST;NOM(3,SG)	mí meʔmi
me²ʔmi	V;PFV;NOM(1,SG)	dá meʔmi
me²ʔmi	V;PRF;PRS;NOM(2,SG)	xká meʔmi
me²ʔmi	V;PRF;PST;NOM(1)	stí meʔmi
me²ʔmi	V;PRF;PST;NOM(2)	xkí meʔmi
me²ʔmi	V;PRF;PST;NOM(3)	xki meʔmi
me²ʔmi	V;IRR;NOM(3,SG)	da meʔmi
tsa²-te	V;IPFV;PRS;NOM(1,SG)	dí tsate
tsa²-te	V;IPFV;PRS;NOM(2,SG)	gí tsate
tsa²-te	V;IPFV;PST;NOM(2,SG)	ngí tsate
tsa²-te	V;IPFV;PST;NOM(3,SG)	mí tsate
tsa²-te	V;PFV;NOM(1,SG)	dá tsate
tsa²-te	V;PFV;NOM(2,SG)	gá tsate
tsa²-te	V;PFV;NOM(3,SG)	bi tsate
tsa²-te	V;PRF;PRS;NOM(2,SG)	xká tsate
tsa²-te	V;PRF;PRS;NOM(3,SG)	xa tsate
tsa²-te	V;PRF;PST;NOM(2)	xkí tsate
tsa²-te	V;PRF;PST;NOM(3)	xki tsate
tsa²-te	V;IRR;NOM(2,SG)	gi tsate
no²tsi	V;IPFV;PRS;NOM(3,SG)	notsi
no²tsi	V;IPFV;PST;NOM(3,SG)	mí notsi
no²tsi	V;PFV;NOM(3,SG)	bi notsi
no²tsi	V;PRF;PST;NOM(3)	xki notsi
jo²ʔo	V;IPFV;PRS;NOM(1,SG)	dí joʔo
jo²ʔo	V;IPFV;PRS;NOM(3,SG)	joʔo
jo²ʔo	V;IPFV;PST;NOM(1,SG)	ndí joʔo
jo²ʔo	V;IPFV;PST;NOM(2,SG)	ngí joʔo
jo²ʔo	V;IPFV;PST;NOM(3,SG)	mí joʔo
jo²ʔo	V;PRF;PRS;NOM(1,SG)	stá joʔo
jo²ʔo	V;PRF;PRS;NOM(2,SG)	xká joʔo
jo²ʔo	V;PRF;PRS;NOM(3,SG)	xa joʔo
jo²ʔo	V;PRF;PST;NOM(1)	stí joʔo
jo²ʔo	V;PRF;PST;NOM(3)	xki joʔo
jo²ʔo	V;IRR;NOM(1,SG)	ga joʔo
jo²ʔo	V;IRR;NOM(2,SG)	gi joʔo
jo²ʔo	V;IRR;NOM(3,SG)	da joʔo
ts’i²ʔti	V;IPFV;PRS;NOM(1,SG)	dí ts’iʔti
ts’i²ʔti	V;IPFV;PRS;NOM(2,SG)	gí ts’iʔti
ts’i²ʔti	V;IPFV;PRS;NOM(3,SG)	ts’iʔti
ts’i²ʔti	V;IPFV;PST;NOM(2,SG)	ngí ts’iʔti
ts’i²ʔti	V;PFV;NOM(1,SG)	dá ts’iʔti
ts’i²ʔti	V;PFV;NOM(2,SG)	gá ts’iʔti
ts’i²ʔti	V;PFV;NOM(3,SG)	bi ts’iʔti
ts’i²ʔti	V;PRF;PRS;NOM(2,SG)	xká ts’iʔti
ts’i²ʔti	V;PRF;PST;NOM(1)	stí ts’iʔti
ts’i²ʔti	V;IRR;NOM(1,SG)	ga ts’iʔti
ts’i²ʔti	V;IRR;NOM(2,SG)	gi ts’iʔti
tsa	V;IPFV;PRS;NOM(1,SG)	dí tsa
tsa	V;IPFV;PRS;NOM(2,SG)	gí tsa
tsa	V;IPFV;PST;NOM(1,SG)	ndí tsa
tsa	V;IPFV;PST;NOM(3,SG)	mí tsa
tsa	V;PFV;NOM(2,SG)	gá tsa
tsa	V;PFV;NOM(3,SG)	bi tsa
tsa	V;PRF;PRS;NOM(2,SG)	xká tsa
tsa	V;PRF;PRS;NOM(3,SG)	xa tsa
tsa	V;PRF;PST;NOM(1)	stí tsa
tsa	V;PRF;PST;NOM(2)	xkí tsa
tsa	V;PRF;PST;NOM(3)	xki tsa
tsa	V;IRR;NOM(2,SG)	gi tsa
tsa	V;IRR;NOM(3,SG)	da tsa
poʔtsi	V;IPFV;PRS;NOM(3,SG)	poʔtsi
poʔtsi	V;IPFV;PST;NOM(3,SG)	mí poʔtsi
poʔtsi	V;PFV;NOM(3,SG)	bi poʔtsi
poʔtsi	V;PRF;PRS;NOM(3,SG)	xa poʔtsi
poʔtsi	V;PRF;PST;NOM(3)	xki poʔtsi
poʔtsi	V;IRR;NOM(3,SG)	da poʔtsi
a²ki	V;IPFV;PRS;NOM(1,SG)	dí ʔaki
a²ki	V;IPFV;PRS;NOM(2,SG)	gí ʔaki
a²ki	V;IPFV;PST;NOM(1,SG)	ndí ʔaki
a²ki	V;IPFV;PST;NOM(2,SG)	ngí ʔaki
a²ki	V;IPFV;PST;NOM(3,SG)	mí ʔaki
a²ki	V;PFV;NOM(2,SG)	gá ʔñaki
a²ki	V;PRF;PRS;NOM(1,SG)	stá ʔaki
a²ki	V;PRF;PRS;NOM(2,SG)	xká ʔyaki
a²ki	V;PRF;PRS;NOM(3,SG)	xa ʔyaki
a²ki	V;PRF;PST;NOM(1)	stí ʔaki
a²ki	V;PRF;PST;NOM(3)	xki ʔyaki
a²ki	V;IRR;NOM(3,SG)	da ʔñaki
te¹²ge	V;IPFV;PRS;NOM(1,SG)	dí tege
te¹²ge	V;IPFV;PRS;NOM(2,SG)	gí tege
te¹²ge	V;IPFV;PRS;NOM(3,SG)	tege
te¹²ge	V;IPFV;PST;NOM(3,SG)	mí tege
te¹²ge	V;PFV;NOM(2,SG)	gá tege
te¹²ge	V;PFV;NOM(3,SG)	bi tege
te¹²ge	V;PRF;PRS;NOM(1,SG)	stá tege
te¹²ge	V;PRF;PRS;NOM(2,SG)	xká tege
te¹²ge	V;PRF;PRS;NOM(3,SG)	xa tege
te¹²ge	V;PRF;PST;NOM(2)	xkí tege
te¹²ge	V;PRF;PST;NOM(3)	xki tege
te¹²ge	V;IRR;NOM(2,SG)	gi tege
tụ²ʔtsi	V;IPFV;PRS;NOM(2,SG)	gí tụʔtsi
tụ²ʔtsi	V;IPFV;PRS;NOM(3,SG)	tụʔtsi
tụ²ʔtsi	V;IPFV;PST;NOM(1,SG)	ndí tụʔtsi
tụ²ʔtsi	V;IPFV;PST;NOM(2,SG)	ngí tụʔtsi
tụ²ʔtsi	V;PRF;PRS;NOM(1,SG)	stá tụʔtsi
tụ²ʔtsi	V;PRF;PRS;NOM(3,SG)	xa tụʔtsi
tụ²ʔtsi	V;PRF;PST;NOM(1)	stí tụʔtsi
tụ²ʔtsi	V;PRF;PST;NOM(2)	xkí tụʔtsi
tụ²ʔtsi	V;PRF;PST;NOM(3)	xki tụʔtsi
tụ²ʔtsi	V;IRR;NOM(2,SG)	gi tụʔtsi
tụ²ʔtsi	V;IRR;NOM(3,SG)	da tụʔtsi
ndo	V;PFV;NOM(3,SG)	bi ndo
ndo	V;PRF;PRS;NOM(3,SG)	xa ndo
ndo	V;IRR;NOM(3,SG)	da ndo
ʔuä²i	V;PFV;NOM(3,SG)	bi ʔuäi
ʔuä²i	V;IRR;NOM(3,SG)	da ʔuäi
hño¹²-sko	V;IPFV;PRS;NOM(3,SG)	hñosko
hño¹²-sko	V;IPFV;PST;NOM(3,SG)	mí hñosko
hño¹²-sko	V;PFV;NOM(3,SG)	bi hñosko
hño¹²-sko	V;PRF;PST;NOM(3)	xki hñosko
hño¹²-sko	V;IRR;NOM(3,SG)	da hñosko
ʔbẹt’i	V;IPFV;PST;NOM(1,SG)	ndí ʔbẹt’i
ʔbẹt’i	V;IPFV;PST;NOM(2,SG)	ngí ʔbẹt’i
ʔbẹt’i	V;PRF;PST;NOM(1)	stí ʔbẹt’i
ʔbẹt’i	V;PRF;PST;NOM(3)	xki ʔbẹt’i
ʔbẹt’i	V;IRR;NOM(2,SG)	gi ʔbẹt’i
ʔbẹt’i	V;IRR;NOM(3,SG)	da ʔbẹt’i
ñä²-sẹ	V;IPFV;PRS;NOM(1,SG)	dí ñäsẹ
ñä²-sẹ	V;IPFV;PRS;NOM(3,SG)	ñäsẹ
ñä²-sẹ	V;IPFV;PST;NOM(3,SG)	mí ñäsẹ
ñä²-sẹ	V;PFV;NOM(1,SG)	dá ñäsẹ
ñä²-sẹ	V;PFV;NOM(2,SG)	gá ñäsẹ
ñä²-sẹ	V;PFV;NOM(3,SG)	bi ñäsẹ
ñä²-sẹ	V;PRF;PRS;NOM(1,SG)	stá ñäsẹ
ñä²-sẹ	V;PRF;PRS;NOM(3,SG)	xa ñäsẹ
ñä²-sẹ	V;PRF;PST;NOM(1)	stí ñäsẹ
ñä²-sẹ	V;PRF;PST;NOM(2)	xkí ñäsẹ
ñä²-sẹ	V;PRF;PST;NOM(3)	xki ñäsẹ
ñä²-sẹ	V;IRR;NOM(2,SG)	gi ñäsẹ
ñä²-sẹ	V;IRR;NOM(3,SG)	da ñäsẹ
koʔtsi	V;IPFV;PRS;NOM(2,SG)	gí koʔtsi
koʔtsi	V;IPFV;PST;NOM(1,SG)	ndí koʔtsi
koʔtsi	V;IPFV;PST;NOM(3,SG)	mí koʔtsi
koʔtsi	V;PFV;NOM(2,SG)	gá koʔtsi
koʔtsi	V;PFV;NOM(3,SG)	bi koʔtsi
koʔtsi	V;PRF;PRS;NOM(1,SG)	stá koʔtsi
koʔtsi	V;PRF;PRS;NOM(2,SG)	xká koʔtsi
koʔtsi	V;PRF;PRS;NOM(3,SG)	xa koʔtsi
koʔtsi	V;PRF;PST;NOM(1)	stí koʔtsi
ụ²-ngu	V;IPFV;PRS;NOM(2,SG)	gí ʔụngu
ụ²-ngu	V;IPFV;PRS;NOM(3,SG)	ʔụngu
ụ²-ngu	V;IPFV;PST;NOM(1,SG)	ndí ʔụngu
ụ²-ngu	V;IPFV;PST;NOM(3,SG)	mí ʔụngu
ụ²-ngu	V;PFV;NOM(1,SG)	dá ʔụngu
ụ²-ngu	V;PFV;NOM(2,SG)	gá ʔụngu
ụ²-ngu	V;PFV;NOM(3,SG)	bi ʔyụngu
ụ²-ngu	V;PRF;PRS;NOM(1,SG)	stá ʔụngu
ụ²-ngu	V;PRF;PRS;NOM(2,SG)	xká ʔyụngu
ụ²-ngu	V;PRF;PST;NOM(2)	xkí ʔyụngu
ụ²-ngu	V;PRF;PST;NOM(3)	xki ʔyụngu
ụ²-ngu	V;IRR;NOM(1,SG)	ga ʔụngu
ụ²-ngu	V;IRR;NOM(2,SG)	gi ʔyụngu
ụ²-ngu	V;IRR;NOM(3,SG)	da ʔñụngu
tho²gi	V;IPFV;PRS;NOM(1,SG)	dí thogi
tho²gi	V;IPFV;PRS;NOM(2,SG)	gí thogi
tho²gi	V;IPFV;PRS;NOM(3,SG)	thogi
tho²gi	V;IPFV;PST;NOM(2,SG)	ngí thogi
tho²gi	V;IPFV;PST;NOM(3,SG)	mí thogi
tho²gi	V;PFV;NOM(2,SG)	gá thogi
tho²gi	V;PRF;PRS;NOM(1,SG)	stá thogi
tho²gi	V;PRF;PRS;NOM(2,SG)	xká thogi
tho²gi	V;PRF;PST;NOM(3)	xki thogi
tho²gi	V;IRR;NOM(2,SG)	gi thogi
tho²gi	V;IRR;NOM(3,SG)	da thogi
ñä²-mä²ñho	V;IPFV;PRS;NOM(1,SG)	dí ñämäñho
ñä²-mä²ñho	V;IPFV;PRS;NOM(3,SG)	ñämäñho
ñä²-mä²ñho	V;IPFV;PST;NOM(1,SG)	ndí ñämäñho
ñä²-mä²ñho	V;IPFV;PST;NOM(2,SG)	ngí ñämäñho
ñä²-mä²ñho	V;IPFV;PST;NOM(3,SG)	mí ñämäñho
ñä²-mä²ñho	V;PFV;NOM(1,SG)	dá ñämäñho
ñä²-mä²ñho	V;PFV;NOM(2,SG)	gá ñämäñho
ñä²-mä²ñho	V;PRF;PRS;NOM(2,SG)	xká ñämäñho
ñä²-mä²ñho	V;PRF;PRS;NOM(3,SG)	xa ñämäñho
ñä²-mä²ñho	V;PRF;PST;NOM(1)	stí ñämäñho
ñä²-mä²ñho	V;IRR;NOM(2,SG)	gi ñämäñho
ñä²-mä²ñho	V;IRR;NOM(3,SG)	da ñämäñho
ndoʔspi-ñä	V;IPFV;PRS;NOM(1,SG)	dí ndoʔspiñä
ndoʔspi-ñä	V;IPFV;PRS;NOM(2,SG)	gí ndoʔspiñä
ndoʔspi-ñä	V;IPFV;PST;NOM(2,SG)	ngí ndoʔspiñä
ndoʔspi-ñä	V;IPFV;PST;NOM(3,SG)	mí ndoʔspiñä
ndoʔspi-ñä	V;PFV;NOM(1,SG)	dá ndoʔspiñä
ndoʔspi-ñä	V;PFV;NOM(3,SG)	bi ndoʔspiñä
ndoʔspi-ñä	V;PRF;PRS;NOM(2,SG)	xká ndoʔspiñä
ndoʔspi-ñä	V;PRF;PRS;NOM(3,SG)	xa ndoʔspiñä
ndoʔspi-ñä	V;PRF;PST;NOM(1)	stí ndoʔspiñä
ndoʔspi-ñä	V;IRR;NOM(1,SG)	ga ndoʔspiñä
ndoʔspi-ñä	V;IRR;NOM(2,SG)	gi ndoʔspiñä
ndoʔspi-ñä	V;IRR;NOM(3,SG)	da ndoʔspiñä
ọ²t’a²-bu¹²hla	V;IPFV;PRS;NOM(2,SG)	gí ʔọt’abuhla
ọ²t’a²-bu¹²hla	V;IPFV;PST;NOM(1,SG)	ndí ʔọt’abuhla
ọ²t’a²-bu¹²hla	V;PFV;NOM(1,SG)	dá ʔọt’abuhla
ọ²t’a²-bu¹²hla	V;PRF;PRS;NOM(1,SG)	stá ʔọt’abuhla
ọ²t’a²-bu¹²hla	V;PRF;PST;NOM(1)	stí ʔọt’abuhla
ọ²t’a²-bu¹²hla	V;PRF;PST;NOM(3)	xki ʔyọt’abuhla
ọ²t’a²-bu¹²hla	V;IRR;NOM(1,SG)	ga ʔọt’abuhla
ọ²t’a²-bu¹²hla	V;IRR;NOM(2,SG)	gi ʔọt’abuhla
ọ²t’a²-bu¹²hla	V;IRR;NOM(3,SG)	da ʔọt’abuhla
ẹi	V;IPFV;PRS;NOM(1,SG)	dí ʔẹi
ẹi	V;IPFV;PRS;NOM(2,SG)	gí ʔẹi
ẹi	V;IPFV;PST;NOM(2,SG)	ngí ʔẹi
ẹi	V;IPFV;PST;NOM(3,SG)	mí ʔẹi
ẹi	V;PFV;NOM(2,SG)	gá ʔẹi
ẹi	V;PRF;PRS;NOM(2,SG)	xká ʔyẹi
ẹi	V;PRF;PRS;NOM(3,SG)	xa ʔyẹi
ẹi	V;PRF;PST;NOM(1)	stí ʔẹi
hua²n-t’ä¹²hä	V;IPFV;PRS;NOM(1,SG)	dí huant’ähä
hua²n-t’ä¹²hä	V;IPFV;PRS;NOM(3,SG)	huant’ähä
hua²n-t’ä¹²hä	V;IPFV;PST;NOM(1,SG)	ndí huant’ähä
hua²n-t’ä¹²hä	V;PFV;NOM(2,SG)	gá huant’ähä
hua²n-t’ä¹²hä	V;PFV;NOM(3,SG)	bi huant’ähä
hua²n-t’ä¹²hä	V;PRF;PRS;NOM(2,SG)	xká huant’ähä
hua²n-t’ä¹²hä	V;PRF;PST;NOM(1)	stí huant’ähä
hua²n-t’ä¹²hä	V;PRF;PST;NOM(2)	xkí huant’ähä
hua²n-t’ä¹²hä	V;IRR;NOM(1,SG)	ga huant’ähä
hua²n-t’ä¹²hä	V;IRR;NOM(3,SG)	da huant’ähä
ndu²pä-te	V;IPFV;PRS;NOM(2,SG)	gí ndupäte
ndu²pä-te	V;IPFV;PST;NOM(2,SG)	ngí ndupäte
ndu²pä-te	V;PFV;NOM(2,SG)	gá ndupäte
ndu²pä-te	V;PFV;NOM(3,SG)	bi ndupäte
ndu²pä-te	V;PRF;PRS;NOM(2,SG)	xká ndupäte
ndu²pä-te	V;PRF;PRS;NOM(3,SG)	xa ndupäte
ndu²pä-te	V;PRF;PST;NOM(2)	xkí ndupäte
ndu²pä-te	V;IRR;NOM(1,SG)	ga ndupäte
ndu²pä-te	V;IRR;NOM(2,SG)	gi ndupäte
foti	V;IPFV;PRS;NOM(2,SG)	gí foti
foti	V;IPFV;PRS;NOM(3,SG)	foti
foti	V;IPFV;PST;NOM(1,SG)	ndí foti
foti	V;IPFV;PST;NOM(3,SG)	mí foti
foti	V;PFV;NOM(1,SG)	dá foti
foti	V;PFV;NOM(2,SG)	gá foti
foti	V;PFV;NOM(3,SG)	bi foti
foti	V;PRF;PRS;NOM(1,SG)	stá foti
foti	V;PRF;PST;NOM(1)	stí foti
foti	V;PRF;PST;NOM(2)	xkí foti
foti	V;IRR;NOM(1,SG)	ga foti
foti	V;IRR;NOM(2,SG)	gi foti
foti	V;IRR;NOM(3,SG)	da foti
ʔro²t’i	V;IPFV;PRS;NOM(3,SG)	ʔrot’i
ʔro²t’i	V;PFV;NOM(3,SG)	bi ʔrot’i
ʔro²t’i	V;PRF;PRS;NOM(3,SG)	xa ʔrot’i
ʔro²t’i	V;PRF;PST;NOM(3)	xki ʔrot’i
niti	V;IPFV;PRS;NOM(3,SG)	niti
niti	V;IPFV;PST;NOM(3,SG)	mí niti
niti	V;PFV;NOM(3,SG)	bi niti
niti	V;PRF;PRS;NOM(3,SG)	xa niti
niti	V;PRF;PST;NOM(3)	xki niti
accuracy:0.855