Βισάλτης	N;ACC(DU)	Βῐσᾰ́λτω
Βισάλτης	N;ACC(PL)	Βῐσᾰ́λταις
Βισάλτης	N;ACC(SG)	Βῐσᾰ́λτην
Βισάλτης	N;DAT(DU)	Βῐσᾰ́λταιν
Βισάλτης	N;DAT(PL)	Βῐσᾰ́λταις
Βισάλτης	N;DAT(SG)	Βῐσᾰ́λτῳ
Βισάλτης	N;GEN(DU)	Βῐσᾰ́λταιν
Βισάλτης	N;GEN(PL)	Βῐσᾰ́λταις
Βισάλτης	N;GEN(SG)	Βῐσᾰ́λτου
Βισάλτης	N;NOM(DU)	Βῐσᾰ́λτω
Βισάλτης	N;NOM(PL)	Βῐσᾰ́λται
Βισάλτης	N;NOM(SG)	Βῐσᾰ́λτᾰ
Βισάλτης	N;VOC(DU)	Βῐσᾰ́λτω
Βισάλτης	N;VOC(PL)	Βῐσᾰ́λται
Βισάλτης	N;VOC(SG)	Βῐσᾰ́λτη
Μασσαλιώτης	N;ACC(DU)	Μᾰσσᾰλῐ́τω
Μασσαλιώτης	N;ACC(PL)	Μᾰσσᾰλῐώταις
Μασσαλιώτης	N;ACC(SG)	Μασσαλιώτην
Μασσαλιώτης	N;DAT(DU)	Μᾰσσαλιώταιν
Μασσαλιώτης	N;DAT(PL)	Μᾰσσᾰλῐώταις
Μασσαλιώτης	N;DAT(SG)	Μᾰσσᾰλῐ́τῳ
Μασσαλιώτης	N;GEN(DU)	Μᾰσσᾰλῐώτοιν
Μασσαλιώτης	N;GEN(PL)	Μᾰσσᾰλῐώτους
Μασσαλιώτης	N;GEN(SG)	Μᾰσσᾰλῐώτου
Μασσαλιώτης	N;NOM(DU)	Μᾰσσᾰλῐ́τω
Μασσαλιώτης	N;NOM(PL)	Μᾰσσᾰλῐ́ται
Μασσαλιώτης	N;NOM(SG)	Μασσαλιώτης
Μασσαλιώτης	N;VOC(DU)	Μᾰσσᾰλῐ́τω
Μασσαλιώτης	N;VOC(PL)	Μασσαλιώται
Μασσαλιώτης	N;VOC(SG)	Μασσαλιώτη
Μιθριακός	ADJ;ACC(DU;MASC)	Μιθριακώ
Μιθριακός	ADJ;ACC(DU;NEUT)	Μιθριακώ
Μιθριακός	ADJ;ACC(PL;FEM)	Μιθριακαί
Μιθριακός	ADJ;ACC(PL;MASC)	Μιθριακούς
Μιθριακός	ADJ;ACC(PL;NEUT)	Μιθριακᾰ́
Μιθριακός	ADJ;ACC(SG;FEM)	Μιθριακήν
Μιθριακός	ADJ;DAT(DU;FEM)	Μιθριακαῖν
Μιθριακός	ADJ;DAT(DU;MASC)	Μιθριακοῖν
Μιθριακός	ADJ;DAT(PL;MASC)	Μιθριακοῖς
Μιθριακός	ADJ;DAT(SG;FEM)	Μιθριᾱκῇ
Μιθριακός	ADJ;DAT(SG;MASC)	Μιθριᾱκῷ
Μιθριακός	ADJ;DAT(SG;NEUT)	Μιθριᾱκῷ
Μιθριακός	ADJ;GEN(DU;FEM)	Μιθριακαῖν
Μιθριακός	ADJ;GEN(DU;MASC)	Μιθριακοῖν
Μιθριακός	ADJ;GEN(DU;NEUT)	Μιθριακοῖν
Μιθριακός	ADJ;GEN(PL;MASC)	Μιθριακοῖς
Μιθριακός	ADJ;GEN(PL;NEUT)	Μιθριακοῖς
Μιθριακός	ADJ;GEN(SG;FEM)	Μιθριακῆς
Μιθριακός	ADJ;GEN(SG;MASC)	Μιθριακῆς
Μιθριακός	ADJ;GEN(SG;NEUT)	Μιθριακοῦ
Μιθριακός	ADJ;NOM(DU;FEM)	Μιθριακᾱ́
Μιθριακός	ADJ;NOM(DU;MASC)	Μιθριακώ
Μιθριακός	ADJ;NOM(DU;NEUT)	Μιθριακώ
Μιθριακός	ADJ;NOM(PL;FEM)	Μιθριακαί
Μιθριακός	ADJ;NOM(PL;MASC)	Μιθριακοί
Μιθριακός	ADJ;NOM(PL;NEUT)	Μιθριακᾰ́
Μιθριακός	ADJ;NOM(SG;FEM)	Μιθριακή
Μιθριακός	ADJ;VOC(DU;MASC)	Μιθριακώ
Μιθριακός	ADJ;VOC(PL;FEM)	Μιθριακαί
Μιθριακός	ADJ;VOC(PL;NEUT)	Μιθριακᾰ́
Μιθριακός	ADJ;VOC(SG;FEM)	Μιθριακή
Μιθριακός	ADJ;VOC(SG;MASC)	Μιθριακόν
Μιθριακός	ADJ;VOC(SG;NEUT)	Μιθριακόν
αἴγιλος	N;ACC(DU)	αἰγῐ́λω
αἴγιλος	N;ACC(PL)	αἰγῐ́λους
αἴγιλος	N;ACC(SG)	αἴγιλον
αἴγιλος	N;DAT(DU)	αἰγίλοιν
αἴγιλος	N;DAT(PL)	αἰγῐ́λοις
αἴγιλος	N;DAT(SG)	αἰγῐ́λῳ
αἴγιλος	N;GEN(DU)	αἰγῐ́λοιν
αἴγιλος	N;GEN(PL)	αἰγῐ́λους
αἴγιλος	N;GEN(SG)	αἰγῐ́λου
αἴγιλος	N;NOM(DU)	αἴγιλω
αἴγιλος	N;NOM(PL)	αἴγιλοι
αἴγιλος	N;NOM(SG)	αἴγιλος
αἴγιλος	N;VOC(DU)	αἴγιλω
αἴγιλος	N;VOC(PL)	αἴγιλοι
αἴγιλος	N;VOC(SG)	αἴγιλε
αὔρα	N;ACC(DU)	αὐρᾱ
αὔρα	N;ACC(PL)	αὐρᾱς
αὔρα	N;ACC(SG)	αὐρᾱ
αὔρα	N;DAT(DU)	αὐραῖν
αὔρα	N;DAT(PL)	αὐραῖς
αὔρα	N;DAT(SG)	αὐρῐ́ῳ
αὔρα	N;GEN(DU)	αὐρᾱν
αὔρα	N;GEN(PL)	αὐρῶν
αὔρα	N;GEN(SG)	αὐρῆς
αὔρα	N;NOM(DU)	αὐρᾱ
αὔρα	N;NOM(PL)	αὐρᾰ
αὔρα	N;NOM(SG)	αὐρᾰ
αὔρα	N;VOC(DU)	αὐρᾱ
αὔρα	N;VOC(PL)	αὐρᾱς
αὔρα	N;VOC(SG)	αὐρᾰ
βραχύτης	N;ACC(DU)	βρᾰχῠ́τᾱ
βραχύτης	N;ACC(PL)	βρᾰχῠ́ταις
βραχύτης	N;ACC(SG)	βρᾰχῠ́τᾱ
βραχύτης	N;DAT(DU)	βρᾰχῠταῖν
βραχύτης	N;DAT(PL)	βρᾰχῠ́ταις
βραχύτης	N;DAT(SG)	βρᾰχῠ́τῳ
βραχύτης	N;GEN(DU)	βρᾰχῠταῖν
βραχύτης	N;GEN(PL)	βρᾰχῠτῶν
βραχύτης	N;GEN(SG)	βρᾰχῠτῆς
βραχύτης	N;NOM(DU)	βρᾰχῠ́τᾱ
βραχύτης	N;NOM(PL)	βρᾰχῠ́ται
βραχύτης	N;NOM(SG)	βρᾰχῠ́της
βραχύτης	N;VOC(DU)	βρᾰχῠ́τᾱ
βραχύτης	N;VOC(PL)	βρᾰχῠ́ται
βραχύτης	N;VOC(SG)	βραχύτης
γοεδνός	ADJ;ACC(DU;FEM)	γοεδνᾱ́
γοεδνός	ADJ;ACC(DU;NEUT)	γοεδνώ
γοεδνός	ADJ;ACC(PL;FEM)	γοεδναί
γοεδνός	ADJ;ACC(PL;NEUT)	γοεδνᾰ́
γοεδνός	ADJ;ACC(SG;FEM)	γοεδνήν
γοεδνός	ADJ;ACC(SG;NEUT)	γοεδνόν
γοεδνός	ADJ;DAT(DU;MASC)	γοεδνοῖν
γοεδνός	ADJ;DAT(DU;NEUT)	γοεδνοῖν
γοεδνός	ADJ;DAT(PL;MASC)	γοεδνοῖς
γοεδνός	ADJ;DAT(SG;FEM)	γοεδνῇ
γοεδνός	ADJ;DAT(SG;MASC)	γοεδνῷ
γοεδνός	ADJ;DAT(SG;NEUT)	γοεδνῷ
γοεδνός	ADJ;GEN(DU;MASC)	γοεδνοῖν
γοεδνός	ADJ;GEN(DU;NEUT)	γοεδνοῖν
γοεδνός	ADJ;GEN(PL;FEM)	γοεδνῶν
γοεδνός	ADJ;GEN(PL;MASC)	γοεδνοῖς
γοεδνός	ADJ;GEN(SG;FEM)	γοεδνῆς
γοεδνός	ADJ;GEN(SG;MASC)	γοεδνοῦ
γοεδνός	ADJ;GEN(SG;NEUT)	γοεδνοῦ
γοεδνός	ADJ;NOM(DU;FEM)	γοεδνᾱ́
γοεδνός	ADJ;NOM(DU;NEUT)	γοεδνώ
γοεδνός	ADJ;NOM(PL;FEM)	γοεδναί
γοεδνός	ADJ;NOM(PL;NEUT)	γοεδνᾰ́
γοεδνός	ADJ;NOM(SG;FEM)	γοεδνή
γοεδνός	ADJ;NOM(SG;MASC)	γοεδνός
γοεδνός	ADJ;VOC(DU;FEM)	γοεδνᾱ́
γοεδνός	ADJ;VOC(DU;NEUT)	γοεδνώ
γοεδνός	ADJ;VOC(PL;FEM)	γοεδναί
γοεδνός	ADJ;VOC(PL;MASC)	γοεδνοί
γοεδνός	ADJ;VOC(PL;NEUT)	γοεδνᾰ́
γοεδνός	ADJ;VOC(SG;FEM)	γοεδνή
γοεδνός	ADJ;VOC(SG;MASC)	γοεδνέ
γοεδνός	ADJ;VOC(SG;NEUT)	γοεδνόν
διθυμία	N;ACC(DU)	δῐθῡμῐ́ᾱ
διθυμία	N;ACC(PL)	δῐθῡμῐ́ᾱς
διθυμία	N;ACC(SG)	δῐθῡμῐ́ᾱν
διθυμία	N;DAT(DU)	δῐθῡμῐ́αιν
διθυμία	N;DAT(PL)	δῐθῡμῐ́αις
διθυμία	N;DAT(SG)	δῐθῡμῐ́ᾳ
διθυμία	N;GEN(DU)	δῐθῡμῐ́αιν
διθυμία	N;GEN(PL)	δῐθῡμῐ́αις
διθυμία	N;GEN(SG)	δῐθῡμῐ́ᾱς
διθυμία	N;NOM(DU)	δῐθῡμῐ́ᾱ
διθυμία	N;NOM(PL)	δῐθῡμῐ́αι
διθυμία	N;NOM(SG)	δῐθῡμῐ́ᾱ
διθυμία	N;VOC(DU)	δῐθῡμῐ́ᾱ
διθυμία	N;VOC(PL)	δῐθῡμῐ́αι
διθυμία	N;VOC(SG)	δῐθῡμῐ́ᾱ
δορκάς	N;ACC(DU)	δορκᾱ́
δορκάς	N;ACC(PL)	δορκᾰ́ς
δορκάς	N;ACC(SG)	δορκᾰ́ς
δορκάς	N;DAT(DU)	δορκαῖν
δορκάς	N;DAT(PL)	δορκᾰ́δοις
δορκάς	N;DAT(SG)	δορκᾰ́ῳ
δορκάς	N;GEN(DU)	δορκᾰ́δοιν
δορκάς	N;GEN(PL)	δορκᾰ́σῶν
δορκάς	N;GEN(SG)	δορκᾰ́ς
δορκάς	N;NOM(DU)	δορκᾱ́
δορκάς	N;NOM(PL)	δορκᾰ́ς
δορκάς	N;NOM(SG)	δορκᾰ́ς
δορκάς	N;VOC(DU)	δορκᾱ́
δορκάς	N;VOC(PL)	δορκᾰ́δες
δορκάς	N;VOC(SG)	δορκᾰ́
θήρα	N;ACC(DU)	θήρᾱ
θήρα	N;ACC(PL)	θήρᾱς
θήρα	N;ACC(SG)	θήρᾱ
θήρα	N;DAT(DU)	θηραῖν
θήρα	N;DAT(PL)	θηραῖς
θήρα	N;DAT(SG)	θήρῳ
θήρα	N;GEN(DU)	θηρῶν
θήρα	N;GEN(PL)	θηρῶν
θήρα	N;GEN(SG)	θηρῆς
θήρα	N;NOM(DU)	θήρᾱ
θήρα	N;NOM(PL)	θήρᾰς
θήρα	N;NOM(SG)	θήρᾰ
θήρα	N;VOC(DU)	θήρᾱ
θήρα	N;VOC(PL)	θήρᾱς
θήρα	N;VOC(SG)	θήρᾰ
θρεπτικός	ADJ;ACC(DU;FEM)	θρεπτικᾱ́
θρεπτικός	ADJ;ACC(DU;MASC)	θρεπτικώ
θρεπτικός	ADJ;ACC(DU;NEUT)	θρεπτικώ
θρεπτικός	ADJ;ACC(PL;MASC)	θρεπτικούς
θρεπτικός	ADJ;ACC(PL;NEUT)	θρεπτικᾰ́
θρεπτικός	ADJ;ACC(SG;FEM)	θρεπτικήν
θρεπτικός	ADJ;ACC(SG;MASC)	θρεπτικόν
θρεπτικός	ADJ;ACC(SG;NEUT)	θρεπτικόν
θρεπτικός	ADJ;DAT(DU;FEM)	θρεπτικαῖν
θρεπτικός	ADJ;DAT(DU;NEUT)	θρεπτικοῖν
θρεπτικός	ADJ;DAT(PL;FEM)	θρεπτικαῖς
θρεπτικός	ADJ;DAT(PL;NEUT)	θρεπτικοῖς
θρεπτικός	ADJ;DAT(SG;FEM)	θρεπτικῇ
θρεπτικός	ADJ;DAT(SG;MASC)	θρεπτικῷ
θρεπτικός	ADJ;GEN(DU;NEUT)	θρεπτικοῖν
θρεπτικός	ADJ;GEN(PL;MASC)	θρεπτικοῖς
θρεπτικός	ADJ;GEN(PL;NEUT)	θρεπτικοῖς
θρεπτικός	ADJ;GEN(SG;MASC)	θρεπτικῆς
θρεπτικός	ADJ;GEN(SG;NEUT)	θρεπτικῆς
θρεπτικός	ADJ;NOM(DU;MASC)	θρεπτικώ
θρεπτικός	ADJ;NOM(DU;NEUT)	θρεπτικώ
θρεπτικός	ADJ;NOM(PL;MASC)	θρεπτικοί
θρεπτικός	ADJ;NOM(SG;NEUT)	θρεπτικόν
θρεπτικός	ADJ;VOC(DU;FEM)	θρεπτικᾱ́
θρεπτικός	ADJ;VOC(DU;MASC)	θρεπτικώ
θρεπτικός	ADJ;VOC(DU;NEUT)	θρεπτικώ
θρεπτικός	ADJ;VOC(PL;FEM)	θρεπτικαί
θρεπτικός	ADJ;VOC(PL;MASC)	θρεπτικοί
θρεπτικός	ADJ;VOC(PL;NEUT)	θρεπτικᾰ́
θρεπτικός	ADJ;VOC(SG;FEM)	θρεπτική
θρεπτικός	ADJ;VOC(SG;MASC)	θρεπτικέ
θρεπτικός	ADJ;VOC(SG;NEUT)	θρεπτικόν
θυγάτηρ	N;ACC(DU)	θῠγᾰ́τηρ
θυγάτηρ	N;ACC(PL)	θῠγᾰ́τηρων
θυγάτηρ	N;ACC(SG)	θῠγᾰ́τηρ
θυγάτηρ	N;DAT(DU)	θῠγᾰτῐ́δοιν
θυγάτηρ	N;DAT(PL)	θῠγᾰτῐ́ροις
θυγάτηρ	N;DAT(SG)	θῠγᾰ́τηρῐ
θυγάτηρ	N;GEN(DU)	θῠγᾰτῆροιν
θυγάτηρ	N;GEN(PL)	θῠγᾰτῶν
θυγάτηρ	N;GEN(SG)	θῠγᾰτῆρω
θυγάτηρ	N;NOM(DU)	θῠγᾰ́τηρ
θυγάτηρ	N;NOM(PL)	θῠγᾰ́τηρες
θυγάτηρ	N;NOM(SG)	θῠγᾰ́τηρ
θυγάτηρ	N;VOC(DU)	θῠγᾰ́τηρ
θυγάτηρ	N;VOC(PL)	θῠγᾰ́τηρες
θυγάτηρ	N;VOC(SG)	θῠγᾰ́τηρ
καδμία	N;ACC(DU)	κᾰδμῐ́ᾱ
καδμία	N;ACC(PL)	κᾰδμῐ́ᾱς
καδμία	N;ACC(SG)	κᾰδμῐ́ᾱν
καδμία	N;DAT(DU)	κᾰδμῐ́αιν
καδμία	N;DAT(PL)	κᾰδμῐ́αις
καδμία	N;DAT(SG)	κᾰδμῐ́ᾳ
καδμία	N;GEN(DU)	κᾰδμῐ́αιν
καδμία	N;GEN(PL)	κᾰδμῐ́αις
καδμία	N;GEN(SG)	κᾰδμῐ́ᾱς
καδμία	N;NOM(DU)	κᾰδμῐ́ᾱ
καδμία	N;NOM(PL)	κᾰδμῐ́ᾱς
καδμία	N;NOM(SG)	κᾰδμῐ́ᾱ
καδμία	N;VOC(DU)	κᾰδμῐ́ᾱ
καδμία	N;VOC(PL)	κᾰδμῐ́αι
καδμία	N;VOC(SG)	κᾰδμῐ́ᾱ
κενταύριον	N;ACC(DU)	κεντᾰύρῐω
κενταύριον	N;ACC(PL)	κενταύριοις
κενταύριον	N;ACC(SG)	κενταύριον
κενταύριον	N;DAT(DU)	κενταυρίοιν
κενταύριον	N;DAT(PL)	κενταυρίοις
κενταύριον	N;DAT(SG)	κενταυρῐ́ῳ
κενταύριον	N;GEN(DU)	κενταυρίοιν
κενταύριον	N;GEN(PL)	κενταυρίους
κενταύριον	N;GEN(SG)	κεντᾰυρῐ́ου
κενταύριον	N;NOM(DU)	κενταύριω
κενταύριον	N;NOM(PL)	κενταύριοι
κενταύριον	N;NOM(SG)	κενταύριον
κενταύριον	N;VOC(DU)	κεντᾰύρῐω
κενταύριον	N;VOC(PL)	κενταύριοι
κενταύριον	N;VOC(SG)	κενταύριε
κενός	ADJ;ACC(DU;FEM)	κενᾱ́
κενός	ADJ;ACC(DU;MASC)	κενώ
κενός	ADJ;ACC(DU;NEUT)	κενώ
κενός	ADJ;ACC(PL;FEM)	κεναί
κενός	ADJ;ACC(PL;MASC)	κενούς
κενός	ADJ;ACC(PL;NEUT)	κενᾰ́
κενός	ADJ;ACC(SG;FEM)	κενήν
κενός	ADJ;ACC(SG;MASC)	κενόν
κενός	ADJ;ACC(SG;NEUT)	κενόν
κενός	ADJ;DAT(DU;FEM)	κεναῖν
κενός	ADJ;DAT(DU;MASC)	κενοῖν
κενός	ADJ;DAT(PL;FEM)	κεναῖς
κενός	ADJ;DAT(PL;MASC)	κενοῖς
κενός	ADJ;DAT(PL;NEUT)	κενοῖς
κενός	ADJ;DAT(SG;MASC)	κενῷ
κενός	ADJ;DAT(SG;NEUT)	κενῷ
κενός	ADJ;GEN(DU;FEM)	κεναῖν
κενός	ADJ;GEN(PL;FEM)	κεναῖς
κενός	ADJ;GEN(PL;MASC)	κενοῖς
κενός	ADJ;GEN(SG;NEUT)	κενοῦ
κενός	ADJ;NOM(DU;FEM)	κενᾱ́
κενός	ADJ;NOM(DU;MASC)	κενώ
κενός	ADJ;NOM(PL;NEUT)	κενᾰ́
κενός	ADJ;NOM(SG;FEM)	κενή
κενός	ADJ;NOM(SG;MASC)	κενός
κενός	ADJ;NOM(SG;NEUT)	κενόν
κενός	ADJ;VOC(DU;FEM)	κενᾱ́
κενός	ADJ;VOC(DU;MASC)	κενώ
κενός	ADJ;VOC(DU;NEUT)	κενώ
κενός	ADJ;VOC(PL;MASC)	κενοί
κενός	ADJ;VOC(PL;NEUT)	κενᾰ́
κενός	ADJ;VOC(SG;FEM)	κενή
κενός	ADJ;VOC(SG;MASC)	κενέ
κωλόβαθρον	N;ACC(DU)	κωλόβαθρω
κωλόβαθρον	N;ACC(PL)	κωλοβᾰ́θροις
κωλόβαθρον	N;ACC(SG)	κωλόβαθρον
κωλόβαθρον	N;DAT(DU)	κωλοβάθροιν
κωλόβαθρον	N;DAT(PL)	κωλοβᾰ́θροις
κωλόβαθρον	N;DAT(SG)	κωλοβᾰ́θρῳ
κωλόβαθρον	N;GEN(DU)	κωλοβᾰ́θροιν
κωλόβαθρον	N;GEN(PL)	κωλοβᾰ́θρους
κωλόβαθρον	N;GEN(SG)	κωλοβᾰ́θρου
κωλόβαθρον	N;NOM(DU)	κωλόβαθρω
κωλόβαθρον	N;NOM(PL)	κωλοβᾰ́θροι
κωλόβαθρον	N;NOM(SG)	κωλόβαθρος
κωλόβαθρον	N;VOC(DU)	κωλόβαθρω
κωλόβαθρον	N;VOC(PL)	κωλοβᾰ́θροι
κωλόβαθρον	N;VOC(SG)	κωλόβαθρε
λειμώνιον	N;ACC(DU)	λειμώνῐω
λειμώνιον	N;ACC(PL)	λειμώνῐοις
λειμώνιον	N;ACC(SG)	λειμώνῐον
λειμώνιον	N;DAT(DU)	λειμώνῐοιν
λειμώνιον	N;DAT(PL)	λειμώνῐοις
λειμώνιον	N;DAT(SG)	λειμώνῐῳ
λειμώνιον	N;GEN(DU)	λειμωνῐ́οιν
λειμώνιον	N;GEN(PL)	λειμωνῐ́ους
λειμώνιον	N;GEN(SG)	λειμώνῐου
λειμώνιον	N;NOM(DU)	λειμώνῐω
λειμώνιον	N;NOM(PL)	λειμώνῐοι
λειμώνιον	N;NOM(SG)	λειμώνῐος
λειμώνιον	N;VOC(DU)	λειμώνῐω
λειμώνιον	N;VOC(PL)	λειμώνῐοι
λειμώνιον	N;VOC(SG)	λειμώνῐε
μελῳδία	N;ACC(DU)	μελῳδῐ́ᾱ
μελῳδία	N;ACC(PL)	μελῳδῐ́ᾱς
μελῳδία	N;ACC(SG)	μελῳδῐ́ᾱν
μελῳδία	N;DAT(DU)	μελογδῐ́αιν
μελῳδία	N;DAT(PL)	μελῳδῐ́αις
μελῳδία	N;DAT(SG)	μελῳδῐῷ
μελῳδία	N;GEN(DU)	μελογδῐ́αιν
μελῳδία	N;GEN(PL)	μελῳδῐῶν
μελῳδία	N;GEN(SG)	μελῳδῐ́ᾱς
μελῳδία	N;NOM(DU)	μελῳδῐ́ᾱ
μελῳδία	N;NOM(PL)	μελῳδῐ́αι
μελῳδία	N;NOM(SG)	μελῳδῐ́ᾱ
μελῳδία	N;VOC(DU)	μελῳδῐ́ᾱ
μελῳδία	N;VOC(PL)	μελῳδῐ́αι
μελῳδία	N;VOC(SG)	μελῳδῐ́ᾱ
οἶνος	N;ACC(DU)	οἶνω
οἶνος	N;ACC(PL)	οἶνοις
οἶνος	N;ACC(SG)	οἶνον
οἶνος	N;DAT(DU)	οἶνοιν
οἶνος	N;DAT(PL)	οἶνοις
οἶνος	N;DAT(SG)	οἶνῳ
οἶνος	N;GEN(DU)	οἶνοιν
οἶνος	N;GEN(PL)	οἶνους
οἶνος	N;GEN(SG)	οἶνου
οἶνος	N;NOM(DU)	οἶνω
οἶνος	N;NOM(PL)	οἶνοι
οἶνος	N;NOM(SG)	οἶνος
οἶνος	N;VOC(DU)	οἶνω
οἶνος	N;VOC(PL)	οἶνοι
οἶνος	N;VOC(SG)	οἶνε
παλίμψηστος	ADJ;ACC(DU;FEM)	παλίμψηστω
παλίμψηστος	ADJ;ACC(DU;NEUT)	παλίμψηστω
παλίμψηστος	ADJ;ACC(PL;MASC)	παλίμψηστους
παλίμψηστος	ADJ;ACC(SG;FEM)	παλίμψηστον
παλίμψηστος	ADJ;ACC(SG;MASC)	παλίμψηστον
παλίμψηστος	ADJ;ACC(SG;NEUT)	παλίμψηστον
παλίμψηστος	ADJ;DAT(DU;FEM)	παλιμψήστοιν
παλίμψηστος	ADJ;DAT(DU;MASC)	παλιμψήστοιν
παλίμψηστος	ADJ;DAT(DU;NEUT)	παλιμψήστοιν
παλίμψηστος	ADJ;DAT(PL;MASC)	παλιμψήστοις
παλίμψηστος	ADJ;DAT(PL;NEUT)	παλιμψήστοις
παλίμψηστος	ADJ;DAT(SG;MASC)	παλιμψήστῳ
παλίμψηστος	ADJ;GEN(DU;FEM)	παλιμψήστοιν
παλίμψηστος	ADJ;GEN(DU;MASC)	παλιμψήστοιν
παλίμψηστος	ADJ;GEN(DU;NEUT)	παλιμψήστοιν
παλίμψηστος	ADJ;GEN(PL;FEM)	παλιμψήστους
παλίμψηστος	ADJ;GEN(PL;MASC)	παλιμψήστους
παλίμψηστος	ADJ;GEN(PL;NEUT)	παλιμψήστους
παλίμψηστος	ADJ;GEN(SG;FEM)	παλιμψήστου
παλίμψηστος	ADJ;GEN(SG;MASC)	παλιμψήστου
παλίμψηστος	ADJ;GEN(SG;NEUT)	παλιμψήστου
παλίμψηστος	ADJ;NOM(DU;NEUT)	παλίμψηστω
παλίμψηστος	ADJ;NOM(PL;FEM)	παλίμψηστα
παλίμψηστος	ADJ;NOM(PL;MASC)	παλίμψηστοι
παλίμψηστος	ADJ;NOM(PL;NEUT)	παλίμψηστα
παλίμψηστος	ADJ;VOC(DU;FEM)	παλίμψηστω
παλίμψηστος	ADJ;VOC(DU;MASC)	παλίμψηστω
παλίμψηστος	ADJ;VOC(DU;NEUT)	παλίμψηστω
παλίμψηστος	ADJ;VOC(PL;MASC)	παλίμψηστοι
παλίμψηστος	ADJ;VOC(PL;NEUT)	παλίμψηστα
παλίμψηστος	ADJ;VOC(SG;FEM)	παλίμψηστε
παλίμψηστος	ADJ;VOC(SG;MASC)	παλίμψηστε
παλίμψηστος	ADJ;VOC(SG;NEUT)	παλίμψηστον
παραλυτικός	ADJ;ACC(DU;FEM)	παραλυτικᾱ́
παραλυτικός	ADJ;ACC(DU;MASC)	παραλυτικώ
παραλυτικός	ADJ;ACC(DU;NEUT)	παραλυτικώ
παραλυτικός	ADJ;ACC(PL;FEM)	παραλυτικαί
παραλυτικός	ADJ;ACC(PL;MASC)	παραλυτικούς
παραλυτικός	ADJ;ACC(PL;NEUT)	παραλυτικᾰ́
παραλυτικός	ADJ;ACC(SG;FEM)	παραλυτικήν
παραλυτικός	ADJ;ACC(SG;MASC)	παραλυτικόν
παραλυτικός	ADJ;ACC(SG;NEUT)	παραλυτικόν
παραλυτικός	ADJ;DAT(DU;FEM)	παραλυτικαῖν
παραλυτικός	ADJ;DAT(DU;MASC)	παραλυτικοῖν
παραλυτικός	ADJ;DAT(DU;NEUT)	παραλυτικοῖν
παραλυτικός	ADJ;DAT(PL;FEM)	παραλυτικαῖς
παραλυτικός	ADJ;DAT(PL;MASC)	παραλυτικοῖς
παραλυτικός	ADJ;DAT(PL;NEUT)	παραλυτικοῖς
παραλυτικός	ADJ;DAT(SG;FEM)	παραλυτικῇ
παραλυτικός	ADJ;DAT(SG;MASC)	παραλυτικῷ
παραλυτικός	ADJ;GEN(DU;FEM)	παραλυτικαῖν
παραλυτικός	ADJ;GEN(PL;MASC)	παραλυτικοῖς
παραλυτικός	ADJ;GEN(PL;NEUT)	παραλυτικοῖς
παραλυτικός	ADJ;GEN(SG;FEM)	παραλυτικῆς
παραλυτικός	ADJ;GEN(SG;MASC)	παραλυτικῆς
παραλυτικός	ADJ;GEN(SG;NEUT)	παραλυτικῆς
παραλυτικός	ADJ;NOM(DU;FEM)	παραλυτικᾱ́
παραλυτικός	ADJ;NOM(DU;MASC)	παραλυτικώ
παραλυτικός	ADJ;NOM(DU;NEUT)	παραλυτικώ
παραλυτικός	ADJ;NOM(PL;FEM)	παραλυτικαί
παραλυτικός	ADJ;NOM(SG;FEM)	παραλυτική
παραλυτικός	ADJ;VOC(PL;FEM)	παραλυτικαί
παραλυτικός	ADJ;VOC(PL;MASC)	παραλυτικοί
παραλυτικός	ADJ;VOC(PL;NEUT)	παραλυτικᾰ́
παραλυτικός	ADJ;VOC(SG;FEM)	παραλυτική
παραλυτικός	ADJ;VOC(SG;MASC)	παραλυτικέ
ποτήριον	N;ACC(DU)	ποτηρῐ́ω
ποτήριον	N;ACC(PL)	ποτήρῐοις
ποτήριον	N;ACC(SG)	ποτήρῐον
ποτήριον	N;DAT(DU)	ποτηρῐ́οιν
ποτήριον	N;DAT(PL)	ποτηρῐ́οις
ποτήριον	N;DAT(SG)	ποτηρῐ́ῳ
ποτήριον	N;GEN(DU)	ποτηρῐ́οιν
ποτήριον	N;GEN(PL)	ποτηρῐ́ους
ποτήριον	N;GEN(SG)	ποτηρῐ́ου
ποτήριον	N;NOM(DU)	ποτήρῐω
ποτήριον	N;NOM(PL)	ποτήρῐοι
ποτήριον	N;NOM(SG)	ποτήρῐος
ποτήριον	N;VOC(DU)	ποτήρῐω
ποτήριον	N;VOC(PL)	ποτήρῐοι
ποτήριον	N;VOC(SG)	ποτήρῐε
πτέρνη	N;ACC(DU)	πτέρνω
πτέρνη	N;ACC(PL)	πτέρναις
πτέρνη	N;ACC(SG)	πτέρνην
πτέρνη	N;DAT(DU)	πτέρναιν
πτέρνη	N;DAT(PL)	πτέρναις
πτέρνη	N;DAT(SG)	πτέρνῳ
πτέρνη	N;GEN(DU)	πτέρναιν
πτέρνη	N;GEN(PL)	πτέρναις
πτέρνη	N;GEN(SG)	πτέρνης
πτέρνη	N;NOM(DU)	πτέρνω
πτέρνη	N;NOM(PL)	πτέρναι
πτέρνη	N;NOM(SG)	πτέρνη
πτέρνη	N;VOC(DU)	πτέρνω
πτέρνη	N;VOC(PL)	πτέρναι
πτέρνη	N;VOC(SG)	πτέρνη
πῆγμα	N;ACC(DU)	πῆγμᾰ
πῆγμα	N;ACC(PL)	πῆγμᾰτᾰ
πῆγμα	N;ACC(SG)	πῆγμᾰτᾰ
πῆγμα	N;DAT(DU)	πῆγματοιν
πῆγμα	N;DAT(PL)	πῆγμᾰτῐ(ν)
πῆγμα	N;DAT(SG)	πῆγμᾰτῐ
πῆγμα	N;GEN(DU)	πῆγμᾰτοιν
πῆγμα	N;GEN(PL)	πῆγμᾰτῶν
πῆγμα	N;GEN(SG)	πῆγμᾰτῆς
πῆγμα	N;NOM(DU)	πῆγμᾰ
πῆγμα	N;NOM(PL)	πῆγμᾰτᾰ
πῆγμα	N;NOM(SG)	πῆγμᾰ
πῆγμα	N;VOC(DU)	πῆγμᾰ
πῆγμα	N;VOC(PL)	πῆγμᾰτᾰ
πῆγμα	N;VOC(SG)	πῆγμᾰ
σίραιον	N;ACC(DU)	σῐρᾰ́ᾱ
σίραιον	N;ACC(PL)	σῐρᾰ́ᾱς
σίραιον	N;ACC(SG)	σῐρᾰ́ον
σίραιον	N;DAT(DU)	σιραίοιν
σίραιον	N;DAT(PL)	σῐρᾰ́οις
σίραιον	N;DAT(SG)	σῐρᾰ́ῳ
σίραιον	N;GEN(DU)	σῐρᾰ́οιν
σίραιον	N;GEN(PL)	σῐρᾰ́ους
σίραιον	N;GEN(SG)	σῐρᾰ́ῳ
σίραιον	N;NOM(DU)	σῐρᾰ́ω
σίραιον	N;NOM(PL)	σῐρᾰ́οι
σίραιον	N;NOM(SG)	σῐρᾰ́ᾰ
σίραιον	N;VOC(DU)	σῐρᾰ́ω
σίραιον	N;VOC(PL)	σῐρᾰ́οι
σίραιον	N;VOC(SG)	σῐρᾰ́ον
σκέπη	N;ACC(DU)	σκέπᾱ
σκέπη	N;ACC(PL)	σκέπαις
σκέπη	N;ACC(SG)	σκέπην
σκέπη	N;DAT(DU)	σκεπαῖν
σκέπη	N;DAT(PL)	σκέπαις
σκέπη	N;DAT(SG)	σκέπῳ
σκέπη	N;GEN(DU)	σκέπαιν
σκέπη	N;GEN(PL)	σκέπαις
σκέπη	N;GEN(SG)	σκέπης
σκέπη	N;NOM(DU)	σκέπᾱ
σκέπη	N;NOM(PL)	σκέπαι
σκέπη	N;NOM(SG)	σκέπη
σκέπη	N;VOC(DU)	σκέπᾱ
σκέπη	N;VOC(PL)	σκέπαι
σκέπη	N;VOC(SG)	σκέπη
σχόλιον	N;ACC(DU)	σχόλῐω
σχόλιον	N;ACC(PL)	σχολῐ́οις
σχόλιον	N;ACC(SG)	σχόλῐον
σχόλιον	N;DAT(DU)	σχολίοιν
σχόλιον	N;DAT(PL)	σχολίοις
σχόλιον	N;DAT(SG)	σχολῐ́ῳ
σχόλιον	N;GEN(DU)	σχολίοιν
σχόλιον	N;GEN(PL)	σχολίους
σχόλιον	N;GEN(SG)	σχολῐ́ου
σχόλιον	N;NOM(DU)	σχόλῐω
σχόλιον	N;NOM(PL)	σχόλῐοι
σχόλιον	N;NOM(SG)	σχόλῐος
σχόλιον	N;VOC(DU)	σχόλῐω
σχόλιον	N;VOC(PL)	σχόλῐοι
σχόλιον	N;VOC(SG)	σχόλῐε
τακτικός	ADJ;ACC(DU;FEM)	τακτικᾱ́
τακτικός	ADJ;ACC(DU;NEUT)	τακτικώ
τακτικός	ADJ;ACC(PL;FEM)	τακτικαί
τακτικός	ADJ;ACC(SG;FEM)	τακτικήν
τακτικός	ADJ;ACC(SG;MASC)	τακτικόν
τακτικός	ADJ;ACC(SG;NEUT)	τακτικόν
τακτικός	ADJ;DAT(DU;FEM)	τακτικαῖν
τακτικός	ADJ;DAT(DU;MASC)	τακτικοῖν
τακτικός	ADJ;DAT(DU;NEUT)	τακτικοῖν
τακτικός	ADJ;DAT(PL;FEM)	τακτικαῖς
τακτικός	ADJ;DAT(PL;MASC)	τακτικοῖς
τακτικός	ADJ;DAT(PL;NEUT)	τακτικοῖς
τακτικός	ADJ;DAT(SG;FEM)	τακτικῇ
τακτικός	ADJ;DAT(SG;MASC)	τακτικῷ
τακτικός	ADJ;GEN(DU;FEM)	τακτικαῖν
τακτικός	ADJ;GEN(PL;MASC)	τακτικοῖς
τακτικός	ADJ;GEN(PL;NEUT)	τακτικοῖς
τακτικός	ADJ;GEN(SG;FEM)	τακτικῆς
τακτικός	ADJ;GEN(SG;MASC)	τακτικῆς
τακτικός	ADJ;GEN(SG;NEUT)	τακτικῆς
τακτικός	ADJ;NOM(DU;FEM)	τακτικᾱ́
τακτικός	ADJ;NOM(DU;NEUT)	τακτικώ
τακτικός	ADJ;NOM(PL;NEUT)	τακτικᾰ́
τακτικός	ADJ;NOM(SG;NEUT)	τακτικόν
τακτικός	ADJ;VOC(DU;FEM)	τακτικᾱ́
τακτικός	ADJ;VOC(DU;MASC)	τακτικώ
τακτικός	ADJ;VOC(DU;NEUT)	τακτικώ
τακτικός	ADJ;VOC(PL;FEM)	τακτικαί
τακτικός	ADJ;VOC(PL;MASC)	τακτικοί
τακτικός	ADJ;VOC(PL;NEUT)	τακτικᾰ́
τακτικός	ADJ;VOC(SG;FEM)	τακτική
τακτικός	ADJ;VOC(SG;MASC)	τακτικέ
τακτικός	ADJ;VOC(SG;NEUT)	τακτικόν
ταπεινός	ADJ;ACC(DU;FEM)	ταπεινᾱ́
ταπεινός	ADJ;ACC(DU;MASC)	ταπεινώ
ταπεινός	ADJ;ACC(PL;MASC)	ταπεινούς
ταπεινός	ADJ;ACC(PL;NEUT)	ταπεινᾰ́
ταπεινός	ADJ;ACC(SG;MASC)	ταπεινόν
ταπεινός	ADJ;DAT(DU;FEM)	ταπειναῖν
ταπεινός	ADJ;DAT(DU;NEUT)	ταπεινοῖν
ταπεινός	ADJ;DAT(PL;FEM)	ταπειναῖς
ταπεινός	ADJ;DAT(PL;MASC)	ταπεινοῖς
ταπεινός	ADJ;DAT(SG;MASC)	ταπεινῷ
ταπεινός	ADJ;DAT(SG;NEUT)	ταπεινῷ
ταπεινός	ADJ;GEN(DU;FEM)	ταπειναῖν
ταπεινός	ADJ;GEN(DU;MASC)	ταπεινοῖν
ταπεινός	ADJ;GEN(PL;FEM)	ταπεινῶν
ταπεινός	ADJ;GEN(SG;MASC)	ταπεινοῦ
ταπεινός	ADJ;GEN(SG;NEUT)	ταπεινοῦ
ταπεινός	ADJ;NOM(DU;FEM)	ταπεινᾱ́
ταπεινός	ADJ;NOM(DU;MASC)	ταπεινώ
ταπεινός	ADJ;NOM(DU;NEUT)	ταπεινώ
ταπεινός	ADJ;NOM(PL;FEM)	ταπειναί
ταπεινός	ADJ;NOM(PL;MASC)	ταπεινοί
ταπεινός	ADJ;NOM(PL;NEUT)	ταπεινᾰ́
ταπεινός	ADJ;NOM(SG;FEM)	ταπεινή
ταπεινός	ADJ;NOM(SG;MASC)	ταπεινός
ταπεινός	ADJ;NOM(SG;NEUT)	ταπεινόν
ταπεινός	ADJ;VOC(DU;FEM)	ταπεινᾱ́
ταπεινός	ADJ;VOC(DU;NEUT)	ταπεινώ
ταπεινός	ADJ;VOC(PL;FEM)	ταπειναί
ταπεινός	ADJ;VOC(PL;MASC)	ταπεινοί
ταπεινός	ADJ;VOC(PL;NEUT)	ταπεινᾰ́
ταπεινός	ADJ;VOC(SG;FEM)	ταπεινή
ταπεινός	ADJ;VOC(SG;MASC)	ταπεινέ
ταπεινός	ADJ;VOC(SG;NEUT)	ταπεινόν
ἀμέλεια	N;ACC(DU)	ἀμελείᾱ
ἀμέλεια	N;ACC(PL)	ἀμελείᾱς
ἀμέλεια	N;ACC(SG)	ἀμελείᾱ
ἀμέλεια	N;DAT(DU)	ἀμελείαιν
ἀμέλεια	N;DAT(PL)	ἀμελείαις
ἀμέλεια	N;DAT(SG)	ἀμελείᾳ
ἀμέλεια	N;GEN(DU)	ἀμελείαιν
ἀμέλεια	N;GEN(PL)	ἀμελείᾱς
ἀμέλεια	N;GEN(SG)	ἀμελείᾱς
ἀμέλεια	N;NOM(DU)	ἀμελείᾱ
ἀμέλεια	N;NOM(PL)	ἀμελείαι
ἀμέλεια	N;NOM(SG)	ἀμελείᾱ
ἀμέλεια	N;VOC(DU)	ἀμελείᾱ
ἀμέλεια	N;VOC(PL)	ἀμελείαι
ἀμέλεια	N;VOC(SG)	ἀμελείᾱ
ἀμβλυωπία	N;ACC(DU)	ἀμβλῠωπῐ́ᾱ
ἀμβλυωπία	N;ACC(PL)	ἀμβλῠωπῐ́ᾱς
ἀμβλυωπία	N;ACC(SG)	ἀμβλῠωπῐ́ᾱν
ἀμβλυωπία	N;DAT(DU)	ἀμβλῠωπῐ́αιν
ἀμβλυωπία	N;DAT(PL)	ἀμβλῠωπῐ́αις
ἀμβλυωπία	N;DAT(SG)	ἀμβλῠωπῐ́ᾳ
ἀμβλυωπία	N;GEN(DU)	ἀμβλῠωπῐ́αιν
ἀμβλυωπία	N;GEN(PL)	ἀμβλῠωπῐ́αις
ἀμβλυωπία	N;GEN(SG)	ἀμβλῠωπῐ́ᾱς
ἀμβλυωπία	N;NOM(DU)	ἀμβλῠωπῐ́ᾱ
ἀμβλυωπία	N;NOM(PL)	ἀμβλῠωπῐ́αι
ἀμβλυωπία	N;NOM(SG)	ἀμβλῠωπῐ́ᾱ
ἀμβλυωπία	N;VOC(DU)	ἀμβλῠωπῐ́ᾱ
ἀμβλυωπία	N;VOC(PL)	ἀμβλῠωπῐ́αι
ἀμβλυωπία	N;VOC(SG)	ἀμβλῠωπῐ́ᾱ
ἀναστροφή	N;ACC(DU)	ἀναστροφώ
ἀναστροφή	N;ACC(PL)	ἀναστροφαί
ἀναστροφή	N;ACC(SG)	ἀναστροφήν
ἀναστροφή	N;DAT(DU)	ἀναστροφαῖν
ἀναστροφή	N;DAT(PL)	ἀναστροφαῖς
ἀναστροφή	N;DAT(SG)	ἀναστροφῷ
ἀναστροφή	N;GEN(DU)	ἀναστροφαῖν
ἀναστροφή	N;GEN(PL)	ἀναστροφαῖς
ἀναστροφή	N;GEN(SG)	ἀναστροφῆς
ἀναστροφή	N;NOM(DU)	ἀναστροφώ
ἀναστροφή	N;NOM(PL)	ἀναστροφαί
ἀναστροφή	N;NOM(SG)	ἀναστροφή
ἀναστροφή	N;VOC(DU)	ἀναστροφώ
ἀναστροφή	N;VOC(PL)	ἀναστροφαί
ἀναστροφή	N;VOC(SG)	ἀναστροφή
ἀντιστοιχία	N;ACC(DU)	ἀντῐστοιχῐ́ᾱ
ἀντιστοιχία	N;ACC(PL)	ἀντῐστοιχῐ́ᾱς
ἀντιστοιχία	N;ACC(SG)	ἀντῐστοιχῐ́ᾱ
ἀντιστοιχία	N;DAT(DU)	ἀντῐστοιχῐ́αιν
ἀντιστοιχία	N;DAT(PL)	ἀντῐστοιχῐ́αις
ἀντιστοιχία	N;DAT(SG)	ἀντῐστοιχῐ́ᾳ
ἀντιστοιχία	N;GEN(DU)	ἀντῐστοιχῐ́αιν
ἀντιστοιχία	N;GEN(PL)	ἀντῐστοιχῐ́αις
ἀντιστοιχία	N;GEN(SG)	ἀντῐστοιχῐ́ᾱς
ἀντιστοιχία	N;NOM(DU)	ἀντῐστοιχῐ́ᾱ
ἀντιστοιχία	N;NOM(PL)	ἀντῐστοιχῐ́αι
ἀντιστοιχία	N;NOM(SG)	ἀντῐστοιχῐ́ᾱ
ἀντιστοιχία	N;VOC(DU)	ἀντῐστοιχῐ́ᾱ
ἀντιστοιχία	N;VOC(PL)	ἀντῐστοιχῐ́αι
ἀντιστοιχία	N;VOC(SG)	ἀντῐστοιχῐ́ᾱ
ἀξίνη	N;ACC(DU)	ἀξῐ́νᾱ
ἀξίνη	N;ACC(PL)	ἀξῐ́νᾱς
ἀξίνη	N;ACC(SG)	ἀξῐ́νᾱ
ἀξίνη	N;DAT(DU)	ἀξῐ́ναιν
ἀξίνη	N;DAT(PL)	ἀξῐ́ναις
ἀξίνη	N;DAT(SG)	ἀξῐ́νῳ
ἀξίνη	N;GEN(DU)	ἀξῐ́ναιν
ἀξίνη	N;GEN(PL)	ἀξῐ́ναις
ἀξίνη	N;GEN(SG)	ἀξῐ́νῳ
ἀξίνη	N;NOM(DU)	ἀξῐ́νᾱ
ἀξίνη	N;NOM(PL)	ἀξῐ́ναι
ἀξίνη	N;NOM(SG)	ἀξῐ́νη
ἀξίνη	N;VOC(DU)	ἀξῐ́νᾱ
ἀξίνη	N;VOC(PL)	ἀξῐ́ναι
ἀξίνη	N;VOC(SG)	ἀξῐ́νη
ἀρχισυνάγωγος	N;ACC(DU)	ἀρχισυνάγωγω
ἀρχισυνάγωγος	N;ACC(PL)	ἀρχισυνάγωγοι
ἀρχισυνάγωγος	N;ACC(SG)	ἀρχισυνάγωγον
ἀρχισυνάγωγος	N;DAT(DU)	ἀρχισυναγώγοιν
ἀρχισυνάγωγος	N;DAT(PL)	ἀρχισυναγώγοις
ἀρχισυνάγωγος	N;DAT(SG)	ἀρχισυναγώγῳ
ἀρχισυνάγωγος	N;GEN(DU)	ἀρχισυναγώγοιν
ἀρχισυνάγωγος	N;GEN(PL)	ἀρχισυναγώγους
ἀρχισυνάγωγος	N;GEN(SG)	ἀρχισυναγώγου
ἀρχισυνάγωγος	N;NOM(DU)	ἀρχισυνάγωγω
ἀρχισυνάγωγος	N;NOM(PL)	ἀρχισυνάγωγοι
ἀρχισυνάγωγος	N;NOM(SG)	ἀρχισυνάγωγος
ἀρχισυνάγωγος	N;VOC(DU)	ἀρχισυνάγωγω
ἀρχισυνάγωγος	N;VOC(PL)	ἀρχισυνάγωγοι
ἀρχισυνάγωγος	N;VOC(SG)	ἀρχισυνάγωγε
ἄφωνος	ADJ;ACC(PL;FEM)	ἀφώνους
ἄφωνος	ADJ;ACC(PL;MASC)	ἀφώνους
ἄφωνος	ADJ;ACC(PL;NEUT)	ἄφωνα
ἄφωνος	ADJ;ACC(SG;FEM)	ἄφωνον
ἄφωνος	ADJ;ACC(SG;NEUT)	ἄφωνον
ἄφωνος	ADJ;DAT(DU;FEM)	ἀφώνοιν
ἄφωνος	ADJ;DAT(DU;MASC)	ἀφώνοιν
ἄφωνος	ADJ;DAT(DU;NEUT)	ἀφώνοιν
ἄφωνος	ADJ;DAT(PL;FEM)	ἀφώνοις
ἄφωνος	ADJ;DAT(PL;MASC)	ἀφώνοις
ἄφωνος	ADJ;DAT(PL;NEUT)	ἀφώνοις
ἄφωνος	ADJ;DAT(SG;FEM)	ἀφώνῳ
ἄφωνος	ADJ;DAT(SG;MASC)	ἀφώνῳ
ἄφωνος	ADJ;DAT(SG;NEUT)	ἀφώνῳ
ἄφωνος	ADJ;GEN(DU;FEM)	ἀφώνοιν
ἄφωνος	ADJ;GEN(PL;FEM)	ἀφώνους
ἄφωνος	ADJ;GEN(PL;MASC)	ἀφώνους
ἄφωνος	ADJ;GEN(PL;NEUT)	ἀφώνους
ἄφωνος	ADJ;GEN(SG;FEM)	ἄφωνου
ἄφωνος	ADJ;GEN(SG;MASC)	ἀφώνου
ἄφωνος	ADJ;NOM(DU;MASC)	ἄφωνω
ἄφωνος	ADJ;NOM(PL;FEM)	ἄφωνα
ἄφωνος	ADJ;NOM(PL;MASC)	ἄφωνοι
ἄφωνος	ADJ;NOM(PL;NEUT)	ἄφωνα
ἄφωνος	ADJ;NOM(SG;FEM)	ἄφωνος
ἄφωνος	ADJ;NOM(SG;MASC)	ἄφωνος
ἄφωνος	ADJ;VOC(DU;FEM)	ἄφωνω
ἄφωνος	ADJ;VOC(DU;MASC)	ἄφωνω
ἄφωνος	ADJ;VOC(DU;NEUT)	ἄφωνω
ἄφωνος	ADJ;VOC(PL;MASC)	ἄφωνοι
ἄφωνος	ADJ;VOC(PL;NEUT)	ἄφωνα
ἄφωνος	ADJ;VOC(SG;MASC)	ἄφωνε
ἄφωνος	ADJ;VOC(SG;NEUT)	ἄφωνον
Ἀβδηρίτης	N;ACC(DU)	Ἀβδηρῐ́τᾱ
Ἀβδηρίτης	N;ACC(PL)	Ἀβδηρῐ́ταις
Ἀβδηρίτης	N;ACC(SG)	Ἀβδηρῐ́τᾱ
Ἀβδηρίτης	N;DAT(DU)	Ἀβδηρῐ́ταιν
Ἀβδηρίτης	N;DAT(PL)	Ἀβδηρῐ́ταις
Ἀβδηρίτης	N;DAT(SG)	Ἀβδηρῐ́τῳ
Ἀβδηρίτης	N;GEN(DU)	Ἀβδηρῐ́ταιν
Ἀβδηρίτης	N;GEN(PL)	Ἀβδηρῐ́ταις
Ἀβδηρίτης	N;GEN(SG)	Ἀβδηρῐ́τῳ
Ἀβδηρίτης	N;NOM(DU)	Ἀβδηρῐ́τᾱ
Ἀβδηρίτης	N;NOM(PL)	Ἀβδηρῐ́ται
Ἀβδηρίτης	N;NOM(SG)	Ἀβδηρῐ́της
Ἀβδηρίτης	N;VOC(DU)	Ἀβδηρῑ́τᾱ
Ἀβδηρίτης	N;VOC(PL)	Ἀβδηρῐ́ται
Ἀβδηρίτης	N;VOC(SG)	Ἀβδηρῐ́τᾱ
Ἀσεάτης	N;ACC(DU)	Ἀσεᾱ́τᾱ
Ἀσεάτης	N;ACC(PL)	Ἀσεᾱ́ταις
Ἀσεάτης	N;ACC(SG)	Ἀσεᾱ́την
Ἀσεάτης	N;DAT(DU)	Ἀσεᾱ́ταιν
Ἀσεάτης	N;DAT(PL)	Ἀσεᾱ́ταις
Ἀσεάτης	N;DAT(SG)	Ἀσεᾱ́τῳ
Ἀσεάτης	N;GEN(PL)	Ἀσεᾱ́ταις
Ἀσεάτης	N;GEN(SG)	Ἀσεᾱ́του
Ἀσεάτης	N;NOM(DU)	Ἀσεᾱ́τᾱ
Ἀσεάτης	N;NOM(PL)	Ἀσεᾱ́ται
Ἀσεάτης	N;NOM(SG)	Ἀσεᾱ́της
Ἀσεάτης	N;VOC(DU)	Ἀσεᾱ́τᾱ
Ἀσεάτης	N;VOC(PL)	Ἀσεᾱ́ται
Ἀσεάτης	N;VOC(SG)	Ἀσεᾱ́τη
ἐμπρακτικός	ADJ;ACC(DU;FEM)	ἐμπρακτικᾱ́
ἐμπρακτικός	ADJ;ACC(DU;MASC)	ἐμπρακτικώ
ἐμπρακτικός	ADJ;ACC(DU;NEUT)	ἐμπρακτικώ
ἐμπρακτικός	ADJ;ACC(PL;FEM)	ἐμπρακτικαί
ἐμπρακτικός	ADJ;ACC(PL;MASC)	ἐμπρακτικούς
ἐμπρακτικός	ADJ;ACC(PL;NEUT)	ἐμπρακτικᾰ́
ἐμπρακτικός	ADJ;ACC(SG;FEM)	ἐμπρακτικήν
ἐμπρακτικός	ADJ;ACC(SG;MASC)	ἐμπρακτικόν
ἐμπρακτικός	ADJ;DAT(DU;MASC)	ἐμπρακτικοῖν
ἐμπρακτικός	ADJ;DAT(DU;NEUT)	ἐμπρακτικοῖν
ἐμπρακτικός	ADJ;DAT(SG;FEM)	ἐμπρακτικῇ
ἐμπρακτικός	ADJ;DAT(SG;MASC)	ἐμπρακτικῷ
ἐμπρακτικός	ADJ;DAT(SG;NEUT)	ἐμπρακτικῷ
ἐμπρακτικός	ADJ;GEN(DU;FEM)	ἐμπρακτικαῖν
ἐμπρακτικός	ADJ;GEN(DU;MASC)	ἐμπρακτικοῖν
ἐμπρακτικός	ADJ;GEN(DU;NEUT)	ἐμπρακτικοῖν
ἐμπρακτικός	ADJ;GEN(PL;FEM)	ἐμπρακτικῶν
ἐμπρακτικός	ADJ;GEN(PL;MASC)	ἐμπρακτικοῖς
ἐμπρακτικός	ADJ;GEN(SG;MASC)	ἐμπρακτικῆς
ἐμπρακτικός	ADJ;GEN(SG;NEUT)	ἐμπρακτικῆς
ἐμπρακτικός	ADJ;NOM(DU;FEM)	ἐμπρακτικᾱ́
ἐμπρακτικός	ADJ;NOM(DU;MASC)	ἐμπρακτικώ
ἐμπρακτικός	ADJ;NOM(PL;FEM)	ἐμπρακτικαί
ἐμπρακτικός	ADJ;NOM(PL;MASC)	ἐμπρακτικοί
ἐμπρακτικός	ADJ;NOM(PL;NEUT)	ἐμπρακτικᾰ́
ἐμπρακτικός	ADJ;NOM(SG;FEM)	ἐμπρακτική
ἐμπρακτικός	ADJ;VOC(DU;FEM)	ἐμπρακτικᾱ́
ἐμπρακτικός	ADJ;VOC(DU;MASC)	ἐμπρακτικώ
ἐμπρακτικός	ADJ;VOC(DU;NEUT)	ἐμπρακτικώ
ἐμπρακτικός	ADJ;VOC(PL;MASC)	ἐμπρακτικοί
ἐμπρακτικός	ADJ;VOC(PL;NEUT)	ἐμπρακτικᾰ́
ἐμπρακτικός	ADJ;VOC(SG;MASC)	ἐμπρακτικέ
ἐμπρακτικός	ADJ;VOC(SG;NEUT)	ἐμπρακτικόν
ἐξομολογητικός	ADJ;ACC(DU;MASC)	ἐξομολογητῐκώ
ἐξομολογητικός	ADJ;ACC(DU;NEUT)	ἐξομολογητῐκώ
ἐξομολογητικός	ADJ;ACC(PL;MASC)	ἐξομολογητῐκούς
ἐξομολογητικός	ADJ;ACC(PL;NEUT)	ἐξομολογητῐκᾰ́
ἐξομολογητικός	ADJ;ACC(SG;FEM)	ἐξομολογητῐκήν
ἐξομολογητικός	ADJ;ACC(SG;MASC)	ἐξομολογητῐκόν
ἐξομολογητικός	ADJ;DAT(DU;MASC)	ἐξομολογητῐκοῖν
ἐξομολογητικός	ADJ;DAT(DU;NEUT)	ἐξομολογητῐκοῖν
ἐξομολογητικός	ADJ;DAT(PL;FEM)	ἐξομολογητῐκαῖς
ἐξομολογητικός	ADJ;DAT(PL;MASC)	ἐξομολογητῐκοῖς
ἐξομολογητικός	ADJ;DAT(PL;NEUT)	ἐξομολογητῐκοῖς
ἐξομολογητικός	ADJ;DAT(SG;FEM)	ἐξομολογητῐκῇ
ἐξομολογητικός	ADJ;DAT(SG;MASC)	ἐξομολογητῐκῷ
ἐξομολογητικός	ADJ;DAT(SG;NEUT)	ἐξομολογητῐκῷ
ἐξομολογητικός	ADJ;GEN(DU;MASC)	ἐξομολογητῐκοῖν
ἐξομολογητικός	ADJ;GEN(DU;NEUT)	ἐξομολογητῐκοῖν
ἐξομολογητικός	ADJ;GEN(PL;MASC)	ἐξομολογητῐκῶν
ἐξομολογητικός	ADJ;GEN(PL;NEUT)	ἐξομολογητῐκοῖς
ἐξομολογητικός	ADJ;GEN(SG;FEM)	ἐξομολογητῐκῆς
ἐξομολογητικός	ADJ;GEN(SG;MASC)	ἐξομολογητῐκῆς
ἐξομολογητικός	ADJ;NOM(DU;FEM)	ἐξομολογητῐκᾱ́
ἐξομολογητικός	ADJ;NOM(DU;MASC)	ἐξομολογητῐκώ
ἐξομολογητικός	ADJ;NOM(DU;NEUT)	ἐξομολογητῐκώ
ἐξομολογητικός	ADJ;NOM(PL;FEM)	ἐξομολογητῐκαί
ἐξομολογητικός	ADJ;NOM(PL;NEUT)	ἐξομολογητῐκᾰ́
ἐξομολογητικός	ADJ;NOM(SG;NEUT)	ἐξομολογητῐκόν
ἐξομολογητικός	ADJ;VOC(DU;FEM)	ἐξομολογητῐκᾱ́
ἐξομολογητικός	ADJ;VOC(DU;MASC)	ἐξομολογητῐκώ
ἐξομολογητικός	ADJ;VOC(PL;FEM)	ἐξομολογητῐκαί
ἐξομολογητικός	ADJ;VOC(PL;MASC)	ἐξομολογητῐκοί
ἐξομολογητικός	ADJ;VOC(SG;FEM)	ἐξομολογητική
ἐξομολογητικός	ADJ;VOC(SG;MASC)	ἐξομολογητικέ
ἐξομολογητικός	ADJ;VOC(SG;NEUT)	ἐξομολογητῐκόν
Ἑλληνικός	ADJ;ACC(DU;FEM)	Ἑλληνικᾱ́
Ἑλληνικός	ADJ;ACC(DU;NEUT)	Ἑλληνικώ
Ἑλληνικός	ADJ;ACC(PL;FEM)	Ἑλληνικαί
Ἑλληνικός	ADJ;ACC(PL;MASC)	Ἑλληνικούς
Ἑλληνικός	ADJ;ACC(SG;MASC)	Ἑλληνικόν
Ἑλληνικός	ADJ;ACC(SG;NEUT)	Ἑλληνικόν
Ἑλληνικός	ADJ;DAT(DU;FEM)	Ἑλληνικαῖν
Ἑλληνικός	ADJ;DAT(DU;MASC)	Ἑλληνικοῖν
Ἑλληνικός	ADJ;DAT(DU;NEUT)	Ἑλληνικοῖν
Ἑλληνικός	ADJ;DAT(PL;FEM)	Ἑλληνικαῖς
Ἑλληνικός	ADJ;DAT(SG;NEUT)	Ἑλληνικῷ
Ἑλληνικός	ADJ;GEN(DU;FEM)	Ἑλληνικαῖν
Ἑλληνικός	ADJ;GEN(DU;MASC)	Ἑλληνικοῖν
Ἑλληνικός	ADJ;GEN(DU;NEUT)	Ἑλληνικοῖν
Ἑλληνικός	ADJ;GEN(PL;FEM)	Ἑλληνικῶν
Ἑλληνικός	ADJ;GEN(PL;MASC)	Ἑλληνικοῖς
Ἑλληνικός	ADJ;GEN(PL;NEUT)	Ἑλληνικοῖς
Ἑλληνικός	ADJ;GEN(SG;MASC)	Ἑλληνικῆς
Ἑλληνικός	ADJ;GEN(SG;NEUT)	Ἑλληνικοῦ
Ἑλληνικός	ADJ;NOM(DU;FEM)	Ἑλληνικᾱ́
Ἑλληνικός	ADJ;NOM(DU;MASC)	Ἑλληνικώ
Ἑλληνικός	ADJ;NOM(DU;NEUT)	Ἑλληνικώ
Ἑλληνικός	ADJ;NOM(PL;FEM)	Ἑλληνικαί
Ἑλληνικός	ADJ;NOM(PL;MASC)	Ἑλληνικοί
Ἑλληνικός	ADJ;NOM(PL;NEUT)	Ἑλληνικᾰ́
Ἑλληνικός	ADJ;NOM(SG;FEM)	Ἑλληνική
Ἑλληνικός	ADJ;NOM(SG;MASC)	Ἑλληνικός
Ἑλληνικός	ADJ;NOM(SG;NEUT)	Ἑλληνικόν
Ἑλληνικός	ADJ;VOC(DU;FEM)	Ἑλληνικᾱ́
Ἑλληνικός	ADJ;VOC(DU;MASC)	Ἑλληνικώ
Ἑλληνικός	ADJ;VOC(DU;NEUT)	Ἑλληνικώ
Ἑλληνικός	ADJ;VOC(PL;NEUT)	Ἑλληνικᾰ́
Ἑλληνικός	ADJ;VOC(SG;FEM)	Ἑλληνική
Ἔλυμος	N;ACC(DU)	Ἔλυμω
Ἔλυμος	N;ACC(PL)	Ἔλυμοι
Ἔλυμος	N;ACC(SG)	Ἔλυμον
Ἔλυμος	N;DAT(DU)	Ἔλυμοιν
Ἔλυμος	N;DAT(PL)	Ἔλυμοις
Ἔλυμος	N;DAT(SG)	Ἔλυμῳ
Ἔλυμος	N;GEN(DU)	Ἔλυμοιν
Ἔλυμος	N;GEN(PL)	Ἔλυμους
Ἔλυμος	N;GEN(SG)	Ἔλυμου
Ἔλυμος	N;NOM(DU)	Ἔλυμω
Ἔλυμος	N;NOM(PL)	Ἔλυμοι
Ἔλυμος	N;NOM(SG)	Ἔλυμος
Ἔλυμος	N;VOC(DU)	Ἔλυμω
Ἔλυμος	N;VOC(PL)	Ἔλυμοι
Ἔλυμος	N;VOC(SG)	Ἔλυμε
ἡστικός	ADJ;ACC(DU;MASC)	ἡστικώ
ἡστικός	ADJ;ACC(PL;FEM)	ἡστικαί
ἡστικός	ADJ;ACC(PL;NEUT)	ἡστικᾰ́
ἡστικός	ADJ;ACC(SG;FEM)	ἡστικήν
ἡστικός	ADJ;ACC(SG;MASC)	ἡστικόν
ἡστικός	ADJ;ACC(SG;NEUT)	ἡστικόν
ἡστικός	ADJ;DAT(DU;FEM)	ἡστικαῖν
ἡστικός	ADJ;DAT(DU;MASC)	ἡστικοῖν
ἡστικός	ADJ;DAT(DU;NEUT)	ἡστικοῖν
ἡστικός	ADJ;DAT(PL;FEM)	ἡστικαῖς
ἡστικός	ADJ;DAT(PL;MASC)	ἡστικοῖς
ἡστικός	ADJ;DAT(PL;NEUT)	ἡστικοῖς
ἡστικός	ADJ;DAT(SG;FEM)	ἡστικῇ
ἡστικός	ADJ;DAT(SG;NEUT)	ἡστικῷ
ἡστικός	ADJ;GEN(DU;MASC)	ἡστικοῖν
ἡστικός	ADJ;GEN(DU;NEUT)	ἡστικοῖν
ἡστικός	ADJ;GEN(PL;FEM)	ἡστικῶν
ἡστικός	ADJ;GEN(PL;NEUT)	ἡστικοῖς
ἡστικός	ADJ;GEN(SG;MASC)	ἡστικοῦ
ἡστικός	ADJ;NOM(DU;FEM)	ἡστικᾱ́
ἡστικός	ADJ;NOM(DU;MASC)	ἡστικώ
ἡστικός	ADJ;NOM(DU;NEUT)	ἡστικώ
ἡστικός	ADJ;NOM(PL;FEM)	ἡστικαί
ἡστικός	ADJ;NOM(PL;MASC)	ἡστικοί
ἡστικός	ADJ;NOM(PL;NEUT)	ἡστικᾰ́
ἡστικός	ADJ;NOM(SG;FEM)	ἡστική
ἡστικός	ADJ;NOM(SG;NEUT)	ἡστικόν
ἡστικός	ADJ;VOC(DU;MASC)	ἡστικώ
ἡστικός	ADJ;VOC(DU;NEUT)	ἡστικώ
ἡστικός	ADJ;VOC(PL;MASC)	ἡστικοί
ἡστικός	ADJ;VOC(PL;NEUT)	ἡστικᾰ́
ἡστικός	ADJ;VOC(SG;MASC)	ἡστικέ
ἡστικός	ADJ;VOC(SG;NEUT)	ἡστικόν
Ἠπειρώτης	N;ACC(DU)	Ἠπειρώτω
Ἠπειρώτης	N;ACC(PL)	Ἠπειρώταις
Ἠπειρώτης	N;ACC(SG)	Ἠπειρώτην
Ἠπειρώτης	N;DAT(DU)	Ἠπειρώταιν
Ἠπειρώτης	N;DAT(PL)	Ἠπειρώταις
Ἠπειρώτης	N;DAT(SG)	Ἠπειρώτῳ
Ἠπειρώτης	N;GEN(DU)	Ἠπειρώταιν
Ἠπειρώτης	N;GEN(PL)	Ἠπειρώταις
Ἠπειρώτης	N;GEN(SG)	Ἠπειρώτου
Ἠπειρώτης	N;NOM(DU)	Ἠπειρώτω
Ἠπειρώτης	N;NOM(PL)	Ἠπειρώται
Ἠπειρώτης	N;NOM(SG)	Ἠπειρώτης
Ἠπειρώτης	N;VOC(DU)	Ἠπειρώτω
Ἠπειρώτης	N;VOC(PL)	Ἠπειρώται
Ἠπειρώτης	N;VOC(SG)	Ἠπειρώτη
ὀνοματοποιία	N;ACC(DU)	ὀνοματοποιῐ́ᾱ
ὀνοματοποιία	N;ACC(PL)	ὀνοματοποιῐ́ᾱς
ὀνοματοποιία	N;ACC(SG)	ὀνοματοποιῐ́ᾱ
ὀνοματοποιία	N;DAT(DU)	ὀνοματοποιῐ́αιν
ὀνοματοποιία	N;DAT(PL)	ὀνοματοποιῐ́αις
ὀνοματοποιία	N;DAT(SG)	ὀνοματοποιῐ́ᾳ
ὀνοματοποιία	N;GEN(DU)	ὀνοματοποιῐ́αιν
ὀνοματοποιία	N;GEN(PL)	ὀνοματοποιῐ́αις
ὀνοματοποιία	N;GEN(SG)	ὀνοματοποιῐ́ᾱς
ὀνοματοποιία	N;NOM(DU)	ὀνοματοποιῐ́ᾱ
ὀνοματοποιία	N;NOM(PL)	ὀνοματοποιῐ́αι
ὀνοματοποιία	N;NOM(SG)	ὀνοματοποιῐ́ᾱ
ὀνοματοποιία	N;VOC(DU)	ὀνοματοποιῐ́ᾱ
ὀνοματοποιία	N;VOC(PL)	ὀνοματοποιῐ́αι
ὀνοματοποιία	N;VOC(SG)	ὀνοματοποιῐ́ᾱ
ὀστοῦν	N;ACC(DU)	ὀστοῦν
ὀστοῦν	N;ACC(PL)	ὀστοῦν
ὀστοῦν	N;ACC(SG)	ὀστοῦν
ὀστοῦν	N;DAT(DU)	ὀστοῖνοιν
ὀστοῦν	N;DAT(PL)	ὀστοῖσῐ(ν)
ὀστοῦν	N;DAT(SG)	ὀστοῦν
ὀστοῦν	N;GEN(DU)	ὀστοῖνοιν
ὀστοῦν	N;GEN(PL)	ὀστοῦντῶν
ὀστοῦν	N;GEN(SG)	ὀστοῦν
ὀστοῦν	N;NOM(DU)	ὀστοῖν
ὀστοῦν	N;NOM(PL)	ὀστοῦν
ὀστοῦν	N;NOM(SG)	ὀστοῦν
ὀστοῦν	N;VOC(DU)	ὀστοῖν
ὀστοῦν	N;VOC(PL)	ὀστοῦν
ὀστοῦν	N;VOC(SG)	ὀστοῦν
ὁμόγραφος	ADJ;ACC(DU;FEM)	ὁμόγραφω
ὁμόγραφος	ADJ;ACC(DU;NEUT)	ὁμόγραφω
ὁμόγραφος	ADJ;ACC(PL;MASC)	ὁμόγραφους
ὁμόγραφος	ADJ;ACC(PL;NEUT)	ὁμόγραφα
ὁμόγραφος	ADJ;ACC(SG;MASC)	ὁμόγραφον
ὁμόγραφος	ADJ;ACC(SG;NEUT)	ὁμόγραφον
ὁμόγραφος	ADJ;DAT(DU;FEM)	ὁμογράφοιν
ὁμόγραφος	ADJ;DAT(DU;MASC)	ὁμογράφοιν
ὁμόγραφος	ADJ;DAT(DU;NEUT)	ὁμογράφοιν
ὁμόγραφος	ADJ;DAT(PL;FEM)	ὁμογράφοις
ὁμόγραφος	ADJ;DAT(PL;MASC)	ὁμογράφοις
ὁμόγραφος	ADJ;DAT(PL;NEUT)	ὁμογράφοις
ὁμόγραφος	ADJ;DAT(SG;FEM)	ὁμογρᾰ́φῳ
ὁμόγραφος	ADJ;DAT(SG;MASC)	ὁμογράφῳ
ὁμόγραφος	ADJ;GEN(DU;MASC)	ὁμογράφοιν
ὁμόγραφος	ADJ;GEN(DU;NEUT)	ὁμογράφοιν
ὁμόγραφος	ADJ;GEN(PL;FEM)	ὁμογράφους
ὁμόγραφος	ADJ;GEN(PL;NEUT)	ὁμογράφους
ὁμόγραφος	ADJ;GEN(SG;FEM)	ὁμογράφου
ὁμόγραφος	ADJ;GEN(SG;NEUT)	ὁμογράφου
ὁμόγραφος	ADJ;NOM(DU;FEM)	ὁμόγραφω
ὁμόγραφος	ADJ;NOM(DU;MASC)	ὁμόγραφω
ὁμόγραφος	ADJ;NOM(DU;NEUT)	ὁμόγραφω
ὁμόγραφος	ADJ;NOM(PL;MASC)	ὁμόγραφοι
ὁμόγραφος	ADJ;NOM(SG;NEUT)	ὁμόγραφον
ὁμόγραφος	ADJ;VOC(DU;FEM)	ὁμόγραφω
ὁμόγραφος	ADJ;VOC(DU;MASC)	ὁμόγραφω
ὁμόγραφος	ADJ;VOC(DU;NEUT)	ὁμόγραφω
ὁμόγραφος	ADJ;VOC(PL;FEM)	ὁμόγραφα
ὁμόγραφος	ADJ;VOC(PL;MASC)	ὁμόγραφοι
ὁμόγραφος	ADJ;VOC(PL;NEUT)	ὁμόγραφα
ὁμόγραφος	ADJ;VOC(SG;FEM)	ὁμόγραφε
ὁμόγραφος	ADJ;VOC(SG;MASC)	ὁμόγραφε
ὅμιλος	N;ACC(DU)	ὅμῐ́λω
ὅμιλος	N;ACC(PL)	ὅμῐ́λους
ὅμιλος	N;ACC(SG)	ὅμίλου
ὅμιλος	N;DAT(DU)	ὅμίλοιν
ὅμιλος	N;DAT(PL)	ὅμίλοις
ὅμιλος	N;DAT(SG)	ὅμῐ́λῳ
ὅμιλος	N;GEN(DU)	ὅμίλοιν
ὅμιλος	N;GEN(PL)	ὅμίλους
ὅμιλος	N;GEN(SG)	ὅμῐ́λου
ὅμιλος	N;NOM(DU)	ὅμῐ́λω
ὅμιλος	N;NOM(PL)	ὅμῐ́λοι
ὅμιλος	N;NOM(SG)	ὅμῐ́λος
ὅμιλος	N;VOC(DU)	ὅμῐ́λω
ὅμιλος	N;VOC(PL)	ὅμίλοι
ὅμιλος	N;VOC(SG)	ὅμίλε
ῥάδιξ	N;ACC(DU)	ῥᾰ́δῐκε
ῥάδιξ	N;ACC(PL)	ῥᾰ́δῐκες
ῥάδιξ	N;ACC(SG)	ῥᾰ́δῐκε
ῥάδιξ	N;DAT(DU)	ῥᾰδῐκοῖν
ῥάδιξ	N;DAT(PL)	ῥᾰδῐκοῖς
ῥάδιξ	N;DAT(SG)	ῥᾰδῐ́κῳ
ῥάδιξ	N;GEN(DU)	ῥᾰδῐκοῖν
ῥάδιξ	N;GEN(PL)	ῥᾰδῐκοῖς
ῥάδιξ	N;GEN(SG)	ῥᾰδῐκῆς
ῥάδιξ	N;NOM(DU)	ῥᾰ́δῐκε
ῥάδιξ	N;NOM(PL)	ῥᾰ́δῐκες
ῥάδιξ	N;NOM(SG)	ῥᾰ́δῐκε
ῥάδιξ	N;VOC(DU)	ῥᾰ́δῐκε
ῥάδιξ	N;VOC(PL)	ῥᾰ́δῐκες
ῥάδιξ	N;VOC(SG)	ῥᾰ́δῐκε
ῥητίνη	N;ACC(DU)	ῥητῐ́νᾱ
ῥητίνη	N;ACC(PL)	ῥητῐ́νᾱς
ῥητίνη	N;ACC(SG)	ῥητῐ́νᾱ
ῥητίνη	N;DAT(DU)	ῥητῐ́ναιν
ῥητίνη	N;DAT(PL)	ῥητῐ́ναις
ῥητίνη	N;DAT(SG)	ῥητῐ́νῳ
ῥητίνη	N;GEN(DU)	ῥητῐ́ναιν
ῥητίνη	N;GEN(PL)	ῥητῐ́νῶν
ῥητίνη	N;GEN(SG)	ῥητῐ́νῳ
ῥητίνη	N;NOM(DU)	ῥητῐ́νᾱ
ῥητίνη	N;NOM(PL)	ῥητῐ́ναι
ῥητίνη	N;NOM(SG)	ῥητῐ́νη
ῥητίνη	N;VOC(DU)	ῥητῐ́νᾱ
ῥητίνη	N;VOC(PL)	ῥητῐ́ναι
ῥητίνη	N;VOC(SG)	ῥητῐ́νᾱ
accuracy:0.497