òjc	N;NOM(PL)	òjcan
òjc	N;DAT(PL)	òjciti
òjc	N;VOC(SG)	òjc
òjc	N;INS(PL)	òjciidda
òjc	N;ESS(SG)	òjcʌ
òjc	N;DAT(SG)	òjcʌ
òjc	N;GEN(SG)	òjc
òjc	N;ESS(PL)	òjcich
òjc	N;GEN(PL)	òjc
òjc	N;INS(SG)	òjcą́
òjc	N;INS(SG)	òjcą́
òjc	N;ACC(PL)	òjci
òjc	N;ACC(SG)	òjc
òjc	N;NOM(SG)	òjc
òjc	N;VOC(PL)	òjci
strumiannik	N;NOM(PL)	strumianniki
strumiannik	N;DAT(PL)	strumianniktiki
strumiannik	N;VOC(SG)	strumiannik
strumiannik	N;INS(PL)	strumiannikami
strumiannik	N;ESS(SG)	strumianniki
strumiannik	N;DAT(SG)	strumianniki
strumiannik	N;GEN(SG)	strumiannika
strumiannik	N;ESS(PL)	strumiannikachi
strumiannik	N;GEN(PL)	strumianniki
strumiannik	N;INS(SG)	strumianniki
strumiannik	N;ACC(PL)	strumianniki
strumiannik	N;ACC(SG)	strumiannika
strumiannik	N;NOM(SG)	strumiannik
strumiannik	N;VOC(PL)	strumianniki
lëstopadnik	N;NOM(PL)	lëstopadniki
lëstopadnik	N;DAT(PL)	lëstopadnikom
lëstopadnik	N;VOC(SG)	lëstopadnik
lëstopadnik	N;INS(PL)	lëstopadnikami
lëstopadnik	N;ESS(SG)	lëstopadniku
lëstopadnik	N;DAT(SG)	lëstopadniki
lëstopadnik	N;GEN(SG)	lëstopadnika
lëstopadnik	N;ESS(PL)	lëstopadnikachi
lëstopadnik	N;GEN(PL)	lëstopadniki
lëstopadnik	N;INS(SG)	lëstopadniki
lëstopadnik	N;ACC(PL)	lëstopadniki
lëstopadnik	N;ACC(SG)	lëstopadnika
lëstopadnik	N;NOM(SG)	lëstopadnik
lëstopadnik	N;VOC(PL)	lëstopadniki
wtórk	N;NOM(PL)	wtórki
wtórk	N;DAT(PL)	wtórkiti
wtórk	N;VOC(SG)	wtórk
wtórk	N;INS(PL)	wtórkami
wtórk	N;ESS(SG)	wtórki
wtórk	N;DAT(SG)	wtórkʌ
wtórk	N;GEN(SG)	wtórka
wtórk	N;ESS(PL)	wtórkich
wtórk	N;GEN(PL)	wtórki
wtórk	N;INS(SG)	wtórki
wtórk	N;ACC(PL)	wtórki
wtórk	N;ACC(SG)	wtórka
wtórk	N;NOM(SG)	wtórk
wtórk	N;VOC(PL)	wtórki
niedzela	N;NOM(PL)	niedzelat
niedzela	N;DAT(PL)	niedzelamu
niedzela	N;VOC(SG)	niedzela
niedzela	N;INS(PL)	nidzelami
niedzela	N;ESS(SG)	niedzela
niedzela	N;DAT(SG)	niedzelʌ
niedzela	N;GEN(SG)	niedzela
niedzela	N;ESS(PL)	nidzelach
niedzela	N;GEN(PL)	nidzelaid
niedzela	N;INS(SG)	niedzelą́
niedzela	N;ACC(PL)	niedzelach
niedzela	N;ACC(SG)	niedzela
niedzela	N;NOM(SG)	niedzela
niedzela	N;VOC(PL)	niedzelat
lëpinc	N;NOM(PL)	lëpinciti
lëpinc	N;DAT(PL)	lëpinciti
lëpinc	N;VOC(SG)	lëpinc
lëpinc	N;INS(PL)	lëpinciidda
lëpinc	N;ESS(SG)	lëpincu
lëpinc	N;DAT(SG)	lëpincʌ
lëpinc	N;GEN(SG)	lëpinca
lëpinc	N;ESS(PL)	lëpincichi
lëpinc	N;GEN(PL)	lëpinchi
lëpinc	N;INS(SG)	lëpinci
lëpinc	N;ACC(PL)	lëpinciid
lëpinc	N;ACC(SG)	lëpinca
lëpinc	N;NOM(SG)	lëpinc
lëpinc	N;VOC(PL)	lëpinci
strzoda	N;NOM(PL)	strzodat
strzoda	N;DAT(PL)	strzodomu
strzoda	N;VOC(SG)	strzoda
strzoda	N;INS(PL)	strzodami
strzoda	N;ESS(SG)	strzodi
strzoda	N;DAT(SG)	strzodi
strzoda	N;GEN(SG)	strzody
strzoda	N;ESS(PL)	strzodach
strzoda	N;GEN(PL)	strzod
strzoda	N;INS(SG)	strzodą
strzoda	N;ACC(PL)	strzodaid
strzoda	N;ACC(SG)	strzoda
strzoda	N;NOM(SG)	strzoda
strzoda	N;VOC(PL)	strzodat
rënk	N;NOM(PL)	rënkat
rënk	N;DAT(PL)	rënktiki
rënk	N;VOC(SG)	rënk
rënk	N;INS(PL)	rënkimi
rënk	N;ESS(SG)	rënki
rënk	N;DAT(SG)	rënkʌ
rënk	N;GEN(SG)	rënka
rënk	N;ESS(PL)	rënkiti
rënk	N;GEN(PL)	rënki
rënk	N;INS(SG)	rënki
rënk	N;ACC(PL)	rënki
rënk	N;ACC(SG)	rënka
rënk	N;NOM(SG)	rënk
rënk	N;VOC(PL)	rënki
sobòta	N;NOM(PL)	sobotat
sobòta	N;DAT(PL)	sobotatnu
sobòta	N;VOC(SG)	sobota
sobòta	N;INS(PL)	sobotaid
sobòta	N;ESS(SG)	sobotan
sobòta	N;DAT(SG)	sobòtʌ
sobòta	N;GEN(SG)	sobota
sobòta	N;ESS(PL)	sobotachi
sobòta	N;GEN(PL)	sobotaid
sobòta	N;INS(SG)	sobotami
sobòta	N;ACC(PL)	sobotaid
sobòta	N;ACC(SG)	sobota
sobòta	N;NOM(SG)	sobòta
sobòta	N;VOC(PL)	sobotat
môj	N;NOM(PL)	môjni
môj	N;DAT(PL)	môjidunu
môj	N;VOC(SG)	môj
môj	N;INS(PL)	môjimi
môj	N;ESS(SG)	môji
môj	N;DAT(SG)	môjʌ
môj	N;GEN(SG)	môjge
môj	N;ESS(PL)	mojiti
môj	N;GEN(PL)	môji
môj	N;INS(SG)	môji
môj	N;ACC(PL)	môjni
môj	N;ACC(SG)	môj
môj	N;NOM(SG)	môj
môj	N;VOC(PL)	môjni
rodzôcz	N;NOM(PL)	rodzocze
rodzôcz	N;DAT(PL)	rodzoczom
rodzôcz	N;VOC(SG)	rodzocz
rodzôcz	N;INS(PL)	rodzoczami
rodzôcz	N;ESS(SG)	rodzoczu
rodzôcz	N;DAT(SG)	rodzoczu
rodzôcz	N;GEN(SG)	rodzocza
rodzôcz	N;ESS(PL)	rodzoczach
rodzôcz	N;GEN(PL)	rodzoczi
rodzôcz	N;INS(SG)	rodzoczem
rodzôcz	N;ACC(PL)	rodzocze
rodzôcz	N;ACC(SG)	rodzocza
rodzôcz	N;NOM(SG)	rodzôcz
rodzôcz	N;VOC(PL)	rodzocze
serce	N;NOM(PL)	sercet
serce	N;DAT(PL)	serceniddunu
serce	N;VOC(SG)	serce
serce	N;INS(PL)	serceniiddi
serce	N;ESS(SG)	serce
serce	N;ESS(SG)	serce
serce	N;DAT(SG)	serce
serce	N;GEN(SG)	serce
serce	N;ESS(PL)	serceniid
serce	N;GEN(PL)	sercen
serce	N;GEN(PL)	sercen
serce	N;INS(SG)	sercemi
serce	N;INS(SG)	sercemi
serce	N;ACC(PL)	sercen
serce	N;ACC(SG)	serce
serce	N;NOM(SG)	serce
serce	N;VOC(PL)	sercet
stolem	N;NOM(PL)	stolemat
stolem	N;DAT(PL)	stolemunu
stolem	N;VOC(SG)	stolem
stolem	N;INS(PL)	stolemami
stolem	N;ESS(SG)	stolemi
stolem	N;DAT(SG)	stolemʌ
stolem	N;GEN(SG)	stolems
stolem	N;ESS(PL)	stolemah
stolem	N;GEN(PL)	stolemi
stolem	N;INS(SG)	stolemimi
stolem	N;ACC(PL)	stolemi
stolem	N;ACC(SG)	stolema
stolem	N;NOM(SG)	stolem
stolem	N;VOC(PL)	stolemi
nazéwôcz	N;NOM(PL)	nazéwocze
nazéwôcz	N;DAT(PL)	nazéwoczom
nazéwôcz	N;VOC(SG)	nazéwocz
nazéwôcz	N;INS(PL)	nazéwoczami
nazéwôcz	N;ESS(SG)	nazéwoczu
nazéwôcz	N;DAT(SG)	nazéwoczʌ
nazéwôcz	N;GEN(SG)	nazéwocza
nazéwôcz	N;ESS(PL)	nazéwoczach
nazéwôcz	N;GEN(PL)	nazéwoczi
nazéwôcz	N;INS(SG)	nazéwoczem
nazéwôcz	N;ACC(PL)	nazéwocziid
nazéwôcz	N;ACC(SG)	nazéwocz
nazéwôcz	N;NOM(SG)	nazéwôcz
nazéwôcz	N;VOC(PL)	nazéwocze
pòniedzôłk	N;NOM(PL)	pòniedzołki
pòniedzôłk	N;DAT(PL)	pòniedzołkom
pòniedzôłk	N;VOC(SG)	pòniedzołk
pòniedzôłk	N;INS(PL)	pòniedzołkami
pòniedzôłk	N;ESS(SG)	pòniedzołku
pòniedzôłk	N;DAT(SG)	pòniedzołkʌ
pòniedzôłk	N;GEN(SG)	pòniedzołka
pòniedzôłk	N;ESS(PL)	pòniedzołkach
pòniedzôłk	N;GEN(PL)	pòniedzołków
pòniedzôłk	N;INS(SG)	pòniedzołki
pòniedzôłk	N;ACC(PL)	pòniedzołki
pòniedzôłk	N;ACC(SG)	pòniedzołka
pòniedzôłk	N;NOM(SG)	pòniedzôłk
pòniedzôłk	N;VOC(PL)	pòniedzołki
stëcznik	N;NOM(PL)	stëczniki
stëcznik	N;DAT(PL)	stëcznikom
stëcznik	N;VOC(SG)	stëcznik
stëcznik	N;INS(PL)	stëcznikami
stëcznik	N;ESS(SG)	stëczniku
stëcznik	N;DAT(SG)	stëczniki
stëcznik	N;GEN(SG)	stëcznika
stëcznik	N;ESS(PL)	stëcznikach
stëcznik	N;GEN(PL)	stëczników
stëcznik	N;INS(SG)	stëczniki
stëcznik	N;ACC(PL)	stëczniki
stëcznik	N;ACC(SG)	stëcznik
stëcznik	N;NOM(SG)	stëcznik
stëcznik	N;VOC(PL)	stëczniki
winowôcz	N;NOM(PL)	winowocze
winowôcz	N;DAT(PL)	winowôczom
winowôcz	N;VOC(SG)	winowôcz
winowôcz	N;INS(PL)	winowoczami
winowôcz	N;ESS(SG)	winowoczu
winowôcz	N;DAT(SG)	winowôczu
winowôcz	N;GEN(SG)	winowocza
winowôcz	N;ESS(PL)	winowoczach
winowôcz	N;GEN(PL)	winowoczy
winowôcz	N;INS(SG)	winowôczem
winowôcz	N;ACC(PL)	winowocze
winowôcz	N;ACC(SG)	winowocza
winowôcz	N;NOM(SG)	winowôcz
winowôcz	N;VOC(PL)	winowocze
tidzéń	N;NOM(PL)	tidzeń
tidzéń	N;DAT(PL)	tidzeńom
tidzéń	N;VOC(SG)	tidzéń
tidzéń	N;INS(PL)	tidzeńami
tidzéń	N;ESS(SG)	tidzeń
tidzéń	N;DAT(SG)	tidzéń
tidzéń	N;GEN(SG)	tidzéń
tidzéń	N;ESS(PL)	tidzeńach
tidzéń	N;GEN(PL)	tidzéń
tidzéń	N;INS(SG)	tidzéńmi
tidzéń	N;ACC(PL)	tidzéń
tidzéń	N;ACC(SG)	tidzéń
tidzéń	N;NOM(SG)	tidzéń
tidzéń	N;VOC(PL)	tidzéń
czerwińc	N;NOM(PL)	czerwińce
czerwińc	N;DAT(PL)	czerwińcom
czerwińc	N;VOC(SG)	czerwińcu
czerwińc	N;INS(PL)	czerwińcami
czerwińc	N;ESS(SG)	czerwińcu
czerwińc	N;DAT(SG)	czerwińcu
czerwińc	N;GEN(SG)	czerwińca
czerwińc	N;ESS(PL)	czerwińcach
czerwińc	N;GEN(PL)	czerwińców
czerwińc	N;INS(SG)	czerwińcem
czerwińc	N;ACC(PL)	czerwińce
czerwińc	N;ACC(SG)	czerwińca
czerwińc	N;NOM(SG)	czerwińc
czerwińc	N;VOC(PL)	czerwińce
kóń	N;NOM(PL)	kóń
kóń	N;DAT(PL)	kóńmu
kóń	N;VOC(SG)	kóń
kóń	N;INS(PL)	końmi
kóń	N;ESS(SG)	kóńce
kóń	N;DAT(SG)	kóń
kóń	N;GEN(SG)	kóń
kóń	N;ESS(PL)	kóńch
kóń	N;GEN(PL)	kóń
kóń	N;INS(SG)	kóńem
kóń	N;ACC(PL)	kóńci
kóń	N;ACC(SG)	kóń
kóń	N;NOM(SG)	kóń
kóń	N;VOC(PL)	kóń
Jastra	N;VOC(PL)	Jastrat
Jastra	N;ESS(PL)	Jastrachi
Jastra	N;DAT(PL)	Jastrani
Jastra	N;GEN(PL)	Jastraid
Jastra	N;ACC(PL)	Jastran
Jastra	N;ACC(PL)	Jastran
Jastra	N;NOM(PL)	Jastrat
gromicznik	N;NOM(PL)	gromiczniki
gromicznik	N;DAT(PL)	gromicznikom
gromicznik	N;VOC(SG)	gromicznik
gromicznik	N;INS(PL)	gromicznikami
gromicznik	N;ESS(SG)	gromiczniku
gromicznik	N;DAT(SG)	gromiczniki
gromicznik	N;GEN(SG)	gromicznika
gromicznik	N;ESS(PL)	gromicznikach
gromicznik	N;GEN(PL)	gromiczników
gromicznik	N;INS(SG)	gromiczniki
gromicznik	N;ACC(PL)	gromiczniki
gromicznik	N;ACC(SG)	gromicznika
gromicznik	N;NOM(SG)	gromicznik
gromicznik	N;VOC(PL)	gromiczniki
narzãdzôcz	N;NOM(PL)	narzãdzocze
narzãdzôcz	N;DAT(PL)	narzãdzôczom
narzãdzôcz	N;VOC(SG)	narzãdzôcz
narzãdzôcz	N;INS(PL)	narzãdzoczami
narzãdzôcz	N;ESS(SG)	narzãdzoczu
narzãdzôcz	N;DAT(SG)	narzãdzôczu
narzãdzôcz	N;GEN(SG)	narzãdzocza
narzãdzôcz	N;ESS(PL)	narzãdzoczach
narzãdzôcz	N;GEN(PL)	narzãdzoczi
narzãdzôcz	N;INS(SG)	narzãdzoczem
narzãdzôcz	N;ACC(PL)	narzãdzôcze
narzãdzôcz	N;ACC(SG)	narzãdzôcz
narzãdzôcz	N;NOM(SG)	narzãdzôcz
narzãdzôcz	N;VOC(PL)	narzãdzocze
séwnik	N;NOM(PL)	séwniki
séwnik	N;DAT(PL)	séwniktiki
séwnik	N;VOC(SG)	séwnik
séwnik	N;INS(PL)	séwniki
séwnik	N;ESS(SG)	séwniki
séwnik	N;DAT(SG)	séwniki
séwnik	N;GEN(SG)	séwnika
séwnik	N;ESS(PL)	séwniki
séwnik	N;GEN(PL)	séwniki
séwnik	N;INS(SG)	séwniki
séwnik	N;ACC(PL)	séwniki
séwnik	N;ACC(SG)	séwnik
séwnik	N;NOM(SG)	séwnik
séwnik	N;VOC(PL)	séwniki
piątk	N;NOM(PL)	piątkat
piątk	N;DAT(PL)	piątkom
piątk	N;VOC(SG)	piątku
piątk	N;INS(PL)	piątkami
piątk	N;ESS(SG)	piątku
piątk	N;DAT(SG)	piątkʌ
piątk	N;GEN(SG)	piątka
piątk	N;ESS(PL)	piątkach
piątk	N;GEN(PL)	piątki
piątk	N;INS(SG)	piątki
piątk	N;ACC(PL)	piątki
piątk	N;ACC(SG)	piątka
piątk	N;NOM(SG)	piątk
piątk	N;VOC(PL)	piątki
rujan	N;NOM(PL)	rujani
rujan	N;DAT(PL)	rujaniddunu
rujan	N;VOC(SG)	rujan
rujan	N;INS(PL)	rujaniidda
rujan	N;ESS(SG)	rujani
rujan	N;DAT(SG)	rujani
rujan	N;GEN(SG)	rujans
rujan	N;ESS(PL)	rujanichʌnu
rujan	N;GEN(PL)	rujani
rujan	N;INS(SG)	rujani
rujan	N;ACC(PL)	rujani
rujan	N;ACC(SG)	rujan
rujan	N;NOM(SG)	rujan
rujan	N;VOC(PL)	rujani
gòdnik	N;NOM(PL)	gòdniki
gòdnik	N;DAT(PL)	gòdniktiki
gòdnik	N;VOC(SG)	gòdnik
gòdnik	N;INS(PL)	gòdnikami
gòdnik	N;ESS(SG)	gòdniki
gòdnik	N;DAT(SG)	gòdniki
gòdnik	N;GEN(SG)	gòdnika
gòdnik	N;ESS(PL)	gòdniki
gòdnik	N;GEN(PL)	gòdniki
gòdnik	N;INS(SG)	gòdniki
gòdnik	N;ACC(PL)	gòdniki
gòdnik	N;ACC(SG)	gòdnik
gòdnik	N;NOM(SG)	gòdnik
gòdnik	N;VOC(PL)	gòdniki
dôwôcz	N;NOM(PL)	dôwocze
dôwôcz	N;DAT(PL)	dôwoczom
dôwôcz	N;VOC(SG)	dôwôcz
dôwôcz	N;INS(PL)	dôwoczami
dôwôcz	N;ESS(SG)	dôwoczu
dôwôcz	N;DAT(SG)	dôwôczu
dôwôcz	N;GEN(SG)	dôwocza
dôwôcz	N;ESS(PL)	dôwoczach
dôwôcz	N;GEN(PL)	dôwoczi
dôwôcz	N;INS(SG)	dôwoczem
dôwôcz	N;ACC(PL)	dôwocziid
dôwôcz	N;ACC(SG)	dôwôcz
dôwôcz	N;NOM(SG)	dôwôcz
dôwôcz	N;VOC(PL)	dôwôcze
môlnik	N;NOM(PL)	môlniki
môlnik	N;DAT(PL)	môlniktiki
môlnik	N;VOC(SG)	môlnik
môlnik	N;INS(PL)	môlnikami
môlnik	N;ESS(SG)	môlniki
môlnik	N;DAT(SG)	môlniki
môlnik	N;GEN(SG)	môlnika
môlnik	N;ESS(PL)	môlnikachi
môlnik	N;GEN(PL)	môlniki
môlnik	N;INS(SG)	môlniki
môlnik	N;ACC(PL)	môlniki
môlnik	N;ACC(SG)	môlnika
môlnik	N;NOM(SG)	môlnik
môlnik	N;VOC(PL)	môlniki
pùjk	N;NOM(PL)	pùjkan
pùjk	N;DAT(PL)	pùjktiki
pùjk	N;VOC(SG)	pùjk
pùjk	N;INS(PL)	pùjkimi
pùjk	N;ESS(SG)	pùjkʌ
pùjk	N;DAT(SG)	pùjkʌ
pùjk	N;GEN(SG)	pùjksîj
pùjk	N;ESS(PL)	pùjkichi
pùjk	N;GEN(PL)	pùjki
pùjk	N;INS(SG)	pùjki
pùjk	N;ACC(PL)	pùjki
pùjk	N;ACC(SG)	pùjka
pùjk	N;NOM(SG)	pùjk
pùjk	N;VOC(PL)	pùjki
wòłiwôcz	N;NOM(PL)	wòłiwocze
wòłiwôcz	N;DAT(PL)	wòłiwoczom
wòłiwôcz	N;VOC(SG)	wòłiwocz
wòłiwôcz	N;INS(PL)	wòłiwoczami
wòłiwôcz	N;ESS(SG)	wòłiwoczu
wòłiwôcz	N;DAT(SG)	wòłiwoczu
wòłiwôcz	N;GEN(SG)	wòłiwocza
wòłiwôcz	N;ESS(PL)	wòłiwoczach
wòłiwôcz	N;GEN(PL)	wòłiwoczi
wòłiwôcz	N;INS(SG)	wòłiwoczem
wòłiwôcz	N;ACC(PL)	wòłiwocze
wòłiwôcz	N;ACC(SG)	wòłiwocza
wòłiwôcz	N;NOM(SG)	wòłiwôcz
wòłiwôcz	N;VOC(PL)	wòłiwocze
Jastrë	N;VOC(PL)	Jastrët
Jastrë	N;ESS(PL)	Jastrëchin
Jastrë	N;DAT(PL)	Jastrëmiti
Jastrë	N;GEN(PL)	Jastrëid
Jastrë	N;ACC(PL)	Jastrën
Jastrë	N;ACC(PL)	Jastrën
Jastrë	N;NOM(PL)	Jastrët
latawiskò	N;NOM(PL)	latawiskon
latawiskò	N;DAT(PL)	latawiskonu
latawiskò	N;VOC(SG)	latawisko
latawiskò	N;INS(PL)	latawiskomiti
latawiskò	N;ESS(SG)	latawiskon
latawiskò	N;DAT(SG)	latawiskoʼ
latawiskò	N;GEN(SG)	latawisko
latawiskò	N;ESS(PL)	latawiskoni
latawiskò	N;GEN(PL)	latawisko
latawiskò	N;INS(SG)	latawiskon
latawiskò	N;ACC(PL)	latawiskon
latawiskò	N;ACC(SG)	latawisko
latawiskò	N;NOM(SG)	latawiskò
latawiskò	N;VOC(PL)	latawiskon
czwôrtk	N;NOM(PL)	czwôrtkat
czwôrtk	N;DAT(PL)	czwôrtkiti
czwôrtk	N;VOC(SG)	czwôrtk
czwôrtk	N;INS(PL)	czwôrtkami
czwôrtk	N;ESS(SG)	czwôrtku
czwôrtk	N;DAT(SG)	czwôrtkʌ
czwôrtk	N;GEN(SG)	czwôrtka
czwôrtk	N;ESS(PL)	czwôrtkich
czwôrtk	N;GEN(PL)	czwôrtki
czwôrtk	N;INS(SG)	czwôrtki
czwôrtk	N;ACC(PL)	czwôrtki
czwôrtk	N;ACC(SG)	czwôrtka
czwôrtk	N;NOM(SG)	czwôrtk
czwôrtk	N;VOC(PL)	czwôrtki
zélnik	N;NOM(PL)	zélniki
zélnik	N;DAT(PL)	zélniktiki
zélnik	N;VOC(SG)	zélnik
zélnik	N;INS(PL)	zélnikami
zélnik	N;ESS(SG)	zélniki
zélnik	N;DAT(SG)	zélniki
zélnik	N;GEN(SG)	zélnika
zélnik	N;ESS(PL)	zélnikachi
zélnik	N;GEN(PL)	zélniki
zélnik	N;INS(SG)	zélniki
zélnik	N;ACC(PL)	zélniki
zélnik	N;ACC(SG)	zélnika
zélnik	N;NOM(SG)	zélnik
zélnik	N;VOC(PL)	zélniki
łżëkwiôt	N;NOM(PL)	łżëkwiôd
łżëkwiôt	N;DAT(PL)	łżëkwiôdutunu
łżëkwiôt	N;VOC(SG)	łżëkwiôd
łżëkwiôt	N;INS(PL)	łżëkwiôdami
łżëkwiôt	N;ESS(SG)	łżëkwiôd
łżëkwiôt	N;DAT(SG)	łżëkwiôdʌ
łżëkwiôt	N;GEN(SG)	łżëkwiôd
łżëkwiôt	N;ESS(PL)	łżëkwiôdani
łżëkwiôt	N;GEN(PL)	łżëkwiôd
łżëkwiôt	N;INS(SG)	łżëkwiôdi
łżëkwiôt	N;ACC(PL)	łżëkwiôd
łżëkwiôt	N;ACC(SG)	łżëkwiôt
łżëkwiôt	N;NOM(SG)	łżëkwiôt
łżëkwiôt	N;VOC(PL)	łżëkwiôd
kòt	N;NOM(PL)	kòtnu
kòt	N;DAT(PL)	kòshtʌkʌ
kòt	N;VOC(SG)	kòt
kòt	N;INS(PL)	koɔ̂nni
kòt	N;ESS(SG)	kòtʌ
kòt	N;DAT(SG)	kòtʌ
kòt	N;DAT(SG)	kòtʌ
kòt	N;GEN(SG)	kòt
kòt	N;ESS(PL)	kòtni
kòt	N;GEN(PL)	koɔ̂nni
kòt	N;INS(SG)	kòti
kòt	N;ACC(PL)	kòtnu
kòt	N;ACC(SG)	kòt
kòt	N;NOM(SG)	kòt
kòt	N;VOC(PL)	kòtnu
accuracy:0.14145383104125736