adiníłdíín	V;IND;PFV;NOM(1,GRPL)	adadiildin
adiníłdíín	V;IND;PFV;NOM(1,PL)	adiildin
adiníłdíín	V;IND;PFV;NOM(1,SG)	adínísdin
adiníłdíín	V;IND;PFV;NOM(2,GRPL)	daʼnóołdin
adiníłdíín	V;IND;PFV;NOM(2,PL)	adínóołdin
adiníłdíín	V;IND;PFV;NOM(2,SG)	adíníłdin
adiníłdíín	V;IND;PFV;NOM(3,GRPL)	adadíníłdin
adiníłdíín	V;IND;PFV;NOM(3,PL)	adiníłdiin
adiníłdíín	V;IND;PFV;NOM(3,SG)	adiníłdiin
adiníłdíín	V;IND;PFV;NOM(4,GRPL)	daʼjííłdin
adiníłdíín	V;IND;PFV;NOM(4,PL)	ajííníłdin
adiníłdíín	V;IND;PFV;NOM(4,SG)	ajííníłdin
aheełtʼé	V;IND;PFV;NOM(1,GRPL)	adahiiltʼé
aheełtʼé	V;IND;PFV;NOM(1,PL)	ahiiltʼé
aheełtʼé	V;IND;PFV;NOM(1,SG)	ahééłtʼé
aheełtʼé	V;IND;PFV;NOM(2,GRPL)	adahoołtʼé
aheełtʼé	V;IND;PFV;NOM(2,PL)	ahoołtʼé
aheełtʼé	V;IND;PFV;NOM(2,SG)	ahíníłtʼé
aheełtʼé	V;IND;PFV;NOM(3,GRPL)	adaheełtʼé
aheełtʼé	V;IND;PFV;NOM(3,PL)	aheełtʼé
aheełtʼé	V;IND;PFV;NOM(3,SG)	aheełtʼé
aheełtʼé	V;IND;PFV;NOM(4,GRPL)	adajííłtʼé
aheełtʼé	V;IND;PFV;NOM(4,PL)	ahííłtʼé
aheełtʼé	V;IND;PFV;NOM(4,SG)	ajííłtʼé
diłhił	V;IND;PFV;NOM(1,GRPL)	dadiilghil
diłhił	V;IND;PFV;NOM(1,PL)	diilghil
diłhił	V;IND;PFV;NOM(1,SG)	dííłhił
diłhił	V;IND;PFV;NOM(2,GRPL)	dadoołhil
diłhił	V;IND;PFV;NOM(2,PL)	doołhil
diłhił	V;IND;PFV;NOM(2,SG)	dííłhil
diłhił	V;IND;PFV;NOM(3,GRPL)	dadiłhil
diłhił	V;IND;PFV;NOM(3,PL)	diłhił
diłhił	V;IND;PFV;NOM(3,SG)	diłhił
diłhił	V;IND;PFV;NOM(4,GRPL)	dazhdiłhil
diłhił	V;IND;PFV;NOM(4,PL)	jííłhil
diłhił	V;IND;PFV;NOM(4,SG)	jííłhil
diʼil	V;IND;PFV;NOM(1,GRPL)	dadiitʼil
diʼil	V;IND;PFV;NOM(1,PL)	diitʼil
diʼil	V;IND;PFV;NOM(1,SG)	dííʼil
diʼil	V;IND;PFV;NOM(2,GRPL)	dadooʼil
diʼil	V;IND;PFV;NOM(2,PL)	dooʼil
diʼil	V;IND;PFV;NOM(2,SG)	dííʼil
diʼil	V;IND;PFV;NOM(3,GRPL)	dadiʼil
diʼil	V;IND;PFV;NOM(3,PL)	diʼil
diʼil	V;IND;PFV;NOM(3,SG)	diʼil
diʼil	V;IND;PFV;NOM(4,GRPL)	dazhdiʼil
diʼil	V;IND;PFV;NOM(4,PL)	jííʼil
diʼil	V;IND;PFV;NOM(4,SG)	jííʼil
hashké	V;IND;IPFV;NOM(1,GRPL)	deiilzhké
hashké	V;IND;IPFV;NOM(1,PL)	hoshiiké
hashké	V;IND;IPFV;NOM(1,SG)	hashishké
hashké	V;IND;IPFV;NOM(2,GRPL)	dahohshké
hashké	V;IND;IPFV;NOM(2,PL)	hohshké
hashké	V;IND;IPFV;NOM(2,SG)	hanishké
hashké	V;IND;IPFV;NOM(3,GRPL)	dahashké
hashké	V;IND;IPFV;NOM(3,PL)	hashké
hashké	V;IND;IPFV;NOM(3,SG)	hashké
hashké	V;IND;IPFV;NOM(4,GRPL)	dahojishké
hashké	V;IND;IPFV;NOM(4,PL)	hojishké
hashké	V;IND;IPFV;NOM(4,SG)	hojishké
hashké	V;IND;PFV;NOM(1,GRPL)	dahoshiiką́
hashké	V;IND;PFV;NOM(1,PL)	hoshiiką́
hashké	V;IND;PFV;NOM(1,SG)	hoshíníshką́
hashké	V;IND;PFV;NOM(2,GRPL)	dahoshooshką́
hashké	V;IND;PFV;NOM(2,PL)	hoshooshką́
hashké	V;IND;PFV;NOM(2,SG)	hoshíníshką́
hashké	V;IND;PFV;NOM(3,GRPL)	dahoshkee
hashké	V;IND;PFV;NOM(3,PL)	hoshkee
hashké	V;IND;PFV;NOM(3,SG)	hayííshką́ą́ʼ
hashké	V;IND;PFV;NOM(4,GRPL)	dahojishką́
hashké	V;IND;PFV;NOM(4,PL)	hojííshką́
hashké	V;IND;PFV;NOM(4,SG)	hojííshką́
iildlóósh	V;IND;IPFV;NOM(1,GRPL)	adeiildlóósh
iildlóósh	V;IND;IPFV;NOM(2,GRPL)	adaałdlóósh
iildlóósh	V;IND;IPFV;NOM(2,PL)	oołdlóósh
iildlóósh	V;IND;IPFV;NOM(2,SG)	anildlóósh
iildlóósh	V;IND;IPFV;NOM(3,PL)	iildlóósh
iildlóósh	V;IND;IPFV;NOM(3,SG)	iildlóósh
iildlóósh	V;IND;IPFV;NOM(4,GRPL)	adajildlóósh
iildlóósh	V;IND;IPFV;NOM(4,PL)	ajildlóósh
iildlóósh	V;IND;PFV;NOM(1,GRPL)	adashiildloozh
iildlóósh	V;IND;PFV;NOM(1,SG)	ííshdloozh
iildlóósh	V;IND;PFV;NOM(2,GRPL)	adashoołdloozh
iildlóósh	V;IND;PFV;NOM(2,PL)	oołdloozh
iildlóósh	V;IND;PFV;NOM(3,GRPL)	adaashdloozh
iildlóósh	V;IND;PFV;NOM(3,PL)	ayííldloozh
iildlóósh	V;IND;PFV;NOM(3,SG)	ííldloozh
iildlóósh	V;IND;PFV;NOM(4,PL)	ajííldloozh
iildlóósh	V;IND;PFV;NOM(4,SG)	ajííldloozh
iildlóósh	V;IND;PROSP;NOM(1,PL)	adiildlosh
iildlóósh	V;IND;PROSP;NOM(1,SG)	adeeshdlosh
iildlóósh	V;IND;PROSP;NOM(2,SG)	adííldlosh
iildlóósh	V;IND;PROSP;NOM(3,PL)	adooldlosh
iildlóósh	V;IND;PROSP;NOM(4,PL)	azhdooldlosh
iizǫ́ǫ́s	V;IND;IPFV;NOM(1,GRPL)	adeiilzǫ́ǫ́s
iizǫ́ǫ́s	V;IND;IPFV;NOM(1,PL)	iilzǫ́ǫ́s
iizǫ́ǫ́s	V;IND;IPFV;NOM(1,SG)	iisǫ́ǫ́s
iizǫ́ǫ́s	V;IND;IPFV;NOM(2,GRPL)	adaahsǫ́ǫ́s
iizǫ́ǫ́s	V;IND;IPFV;NOM(3,GRPL)	adaazǫ́ǫ́s
iizǫ́ǫ́s	V;IND;IPFV;NOM(3,SG)	iizǫ́ǫ́s
iizǫ́ǫ́s	V;IND;IPFV;NOM(4,GRPL)	adajizǫ́ǫ́s
iizǫ́ǫ́s	V;IND;IPFV;NOM(4,PL)	ajizǫ́ǫ́s
iizǫ́ǫ́s	V;IND;PFV;NOM(1,SG)	asézǫ́ǫ́z
iizǫ́ǫ́s	V;IND;PFV;NOM(2,GRPL)	adasoozǫ́ǫ́z
iizǫ́ǫ́s	V;IND;PFV;NOM(2,SG)	íínízǫ́ǫ́z
iizǫ́ǫ́s	V;IND;PFV;NOM(3,GRPL)	adaazǫ́ǫ́z
iizǫ́ǫ́s	V;IND;PFV;NOM(3,SG)	íízǫ́ǫ́z
iizǫ́ǫ́s	V;IND;PFV;NOM(4,GRPL)	adajizǫ́ǫ́z
iizǫ́ǫ́s	V;IND;PFV;NOM(4,SG)	ajíízǫ́ǫ́z
iizǫ́ǫ́s	V;IND;PROSP;NOM(1,PL)	adiilzǫ́ǫ́z
iizǫ́ǫ́s	V;IND;PROSP;NOM(1,SG)	adeesǫ́ǫ́z
iizǫ́ǫ́s	V;IND;PROSP;NOM(2,GRPL)	adadoohsǫ́ǫ́z
iizǫ́ǫ́s	V;IND;PROSP;NOM(3,GRPL)	adadoozǫǫł
iizǫ́ǫ́s	V;IND;PROSP;NOM(3,SG)	adoozǫǫł
iizǫ́ǫ́s	V;IND;PROSP;NOM(4,GRPL)	adazhdoozǫǫł
iizǫ́ǫ́s	V;IND;PROSP;NOM(4,PL)	azhdoozǫǫł
iizǫ́ǫ́s	V;IND;PROSP;NOM(4,SG)	azhdoozǫǫł
naadá	V;IND;IPFV;NOM(1,GRPL)	nidasiidá
naadá	V;IND;IPFV;NOM(2,GRPL)	nidaahdá
naadá	V;IND;IPFV;NOM(2,SG)	nanidá
naadá	V;IND;IPFV;NOM(3,GRPL)	nidaadá
naadá	V;IND;IPFV;NOM(4,SG)	nijidá
naadá	V;IND;PFV;NOM(1,PL)	nisiidaaʼ
naadá	V;IND;PFV;NOM(2,GRPL)	nidasoodaaʼ
naadá	V;IND;PFV;NOM(2,PL)	nisoodaaʼ
naadá	V;IND;PFV;NOM(2,SG)	nisínídą́ą́ʼ
naadá	V;IND;PFV;NOM(3,GRPL)	nidaazdą́
naadá	V;IND;PFV;NOM(3,PL)	naasdaaʼ
naadá	V;IND;PFV;NOM(3,SG)	naazdą́ą́ʼ
naadá	V;IND;PFV;NOM(4,GRPL)	nidajizdaaʼ
naadá	V;IND;PFV;NOM(4,PL)	nijizdaaʼ
naadá	V;IND;PFV;NOM(4,SG)	nijizdaaʼ
naadá	V;IND;PROSP;NOM(1,GRPL)	ndadiidaał
naadá	V;IND;PROSP;NOM(1,PL)	ndiidaał
naadá	V;IND;PROSP;NOM(2,GRPL)	ndadoohdaał
naadá	V;IND;PROSP;NOM(2,SG)	ndíídaał
naadá	V;IND;PROSP;NOM(3,GRPL)	ndadoodaał
naadá	V;IND;PROSP;NOM(3,SG)	ndoodaał
naadá	V;IND;PROSP;NOM(4,GRPL)	ndazhdoodaał
naadá	V;IND;PROSP;NOM(4,PL)	nizhdoodaał
naaljooł	V;IND;IPFV;NOM(1,GRPL)	nidasiiljooł
naaljooł	V;IND;IPFV;NOM(1,PL)	niiljooł
naaljooł	V;IND;IPFV;NOM(1,SG)	naashjooł
naaljooł	V;IND;IPFV;NOM(2,GRPL)	nidaałjooł
naaljooł	V;IND;IPFV;NOM(2,PL)	naałjooł
naaljooł	V;IND;IPFV;NOM(3,GRPL)	nidaaljooł
naaljooł	V;IND;IPFV;NOM(3,SG)	naaljooł
naaljooł	V;IND;IPFV;NOM(4,GRPL)	nidajiljooł
naaljooł	V;IND;IPFV;NOM(4,PL)	nijiljooł
naaljooł	V;IND;PFV;NOM(1,GRPL)	nidasiiljool
naaljooł	V;IND;PFV;NOM(1,SG)	niséljool
naaljooł	V;IND;PFV;NOM(2,GRPL)	nidasoołjool
naaljooł	V;IND;PFV;NOM(2,PL)	nisoołjool
naaljooł	V;IND;PFV;NOM(3,GRPL)	nidaasjool
naaljooł	V;IND;PFV;NOM(3,PL)	naasjool
naaljooł	V;IND;PFV;NOM(4,PL)	nijisjool
naaljooł	V;IND;PFV;NOM(4,SG)	nijisjool
naaljooł	V;IND;PROSP;NOM(1,GRPL)	ndadiiljoł
naaljooł	V;IND;PROSP;NOM(2,PL)	ndoołjoł
naaljooł	V;IND;PROSP;NOM(3,PL)	ndooljoł
naaljooł	V;IND;PROSP;NOM(3,SG)	ndooljoł
naaljooł	V;IND;PROSP;NOM(4,GRPL)	ndazhdooljoł
naaljooł	V;IND;PROSP;NOM(4,PL)	nizhdooljoł
naamaas	V;IND;IPFV;NOM(1,GRPL)	nidaahmaas
naamaas	V;IND;IPFV;NOM(1,PL)	niimaas
naamaas	V;IND;IPFV;NOM(1,SG)	naasmaas
naamaas	V;IND;IPFV;NOM(2,PL)	naahmaas
naamaas	V;IND;IPFV;NOM(3,PL)	naamaas
naamaas	V;IND;IPFV;NOM(3,SG)	naamaas
naamaas	V;IND;IPFV;NOM(4,GRPL)	nidajimaas
naamaas	V;IND;IPFV;NOM(4,PL)	nijimaas
naamaas	V;IND;IPFV;NOM(4,SG)	nijimaas
naamaas	V;IND;PFV;NOM(1,PL)	nisiimaaz
naamaas	V;IND;PFV;NOM(1,SG)	nisémaaz
naamaas	V;IND;PFV;NOM(2,GRPL)	nidasoomaaz
naamaas	V;IND;PFV;NOM(3,GRPL)	nidaazmaaz
naamaas	V;IND;PFV;NOM(3,PL)	naazmááz
naamaas	V;IND;PFV;NOM(3,SG)	naazmááz
naamaas	V;IND;PFV;NOM(4,GRPL)	nidajizmaaz
naamaas	V;IND;PROSP;NOM(1,PL)	ndiimas
naamaas	V;IND;PROSP;NOM(1,SG)	ndeeshmas
naamaas	V;IND;PROSP;NOM(2,SG)	ndíímas
naamaas	V;IND;PROSP;NOM(3,SG)	ndoomas
naamaas	V;IND;PROSP;NOM(4,PL)	nizhdoomas
naamaas	V;IND;PROSP;NOM(4,SG)	nizhdoomas
naataz	V;IND;IPFV;NOM(1,GRPL)	nideiitaz
naataz	V;IND;IPFV;NOM(1,SG)	nishtaz
naataz	V;IND;IPFV;NOM(2,GRPL)	nidaahtaz
naataz	V;IND;IPFV;NOM(2,PL)	naahtaz
naataz	V;IND;IPFV;NOM(2,SG)	ninitaz
naataz	V;IND;IPFV;NOM(3,GRPL)	nidaataz
naataz	V;IND;IPFV;NOM(3,PL)	naataz
naataz	V;IND;IPFV;NOM(3,SG)	naataz
naataz	V;IND;IPFV;NOM(4,PL)	nijitaz
naataz	V;IND;IPFV;NOM(4,SG)	nijitaz
naataz	V;IND;PFV;NOM(1,SG)	nisétaz
naataz	V;IND;PFV;NOM(2,GRPL)	nidasootaz
naataz	V;IND;PFV;NOM(2,PL)	nisootaz
naataz	V;IND;PFV;NOM(2,SG)	nisínítaz
naataz	V;IND;PFV;NOM(3,GRPL)	nidaaztaz
naataz	V;IND;PFV;NOM(3,PL)	naaztaz
naataz	V;IND;PFV;NOM(3,SG)	naaztaz
naataz	V;IND;PROSP;NOM(1,GRPL)	ndadiitas
naataz	V;IND;PROSP;NOM(2,GRPL)	ndadoohtas
naataz	V;IND;PROSP;NOM(3,PL)	ndootas
naataz	V;IND;PROSP;NOM(3,SG)	ndootas
naataz	V;IND;PROSP;NOM(4,GRPL)	ndazhdootas
naataz	V;IND;PROSP;NOM(4,SG)	nizhdootas
neitłeeh	V;IND;IPFV;NOM(1,GRPL)	ndeiitłeeh
neitłeeh	V;IND;IPFV;NOM(1,PL)	niitłeeh
neitłeeh	V;IND;IPFV;NOM(1,SG)	naashtłeeh
neitłeeh	V;IND;IPFV;NOM(2,GRPL)	ndaahtłeeh
neitłeeh	V;IND;IPFV;NOM(2,PL)	naahtłeeh
neitłeeh	V;IND;IPFV;NOM(3,GRPL)	ndeitłeeh
neitłeeh	V;IND;IPFV;NOM(3,SG)	neitłeeh
neitłeeh	V;IND;IPFV;NOM(4,GRPL)	nidajitłeeh
neitłeeh	V;IND;IPFV;NOM(4,PL)	nijitłeeh
neitłeeh	V;IND;IPFV;NOM(4,SG)	nijitłeeh
neitłeeh	V;IND;PFV;NOM(1,PL)	nisiitłį́
neitłeeh	V;IND;PFV;NOM(2,GRPL)	nidasootłį́
neitłeeh	V;IND;PFV;NOM(2,SG)	nisínítłį́
neitłeeh	V;IND;PFV;NOM(3,GRPL)	nidaaztłį́
neitłeeh	V;IND;PFV;NOM(4,SG)	nijiztłį́
neitłeeh	V;IND;PROSP;NOM(1,GRPL)	ndadiitłį́į́ł
neitłeeh	V;IND;PROSP;NOM(1,PL)	ndiitłį́į́ł
neitłeeh	V;IND;PROSP;NOM(2,PL)	ndoohtłį́į́ł
neitłeeh	V;IND;PROSP;NOM(2,SG)	ndíítłį́į́ł
neitłeeh	V;IND;PROSP;NOM(3,GRPL)	ndeidootłį́į́ł
neitłeeh	V;IND;PROSP;NOM(4,GRPL)	ndazhdootłį́į́ł
neitłeeh	V;IND;PROSP;NOM(4,PL)	nizhdootłah
neitłeeh	V;IND;PROSP;NOM(4,SG)	nizhdootłį́į́ł
neiłbąąs	V;IND;IPFV;NOM(1,GRPL)	ndeiilbąąs
neiłbąąs	V;IND;IPFV;NOM(3,GRPL)	ndeiłbąąs
neiłbąąs	V;IND;IPFV;NOM(3,PL)	neiłbąąs
neiłbąąs	V;IND;IPFV;NOM(4,PL)	nijiłbąąs
neiłbąąs	V;IND;PFV;NOM(1,GRPL)	nidasiilbą́ą́z
neiłbąąs	V;IND;PFV;NOM(1,PL)	nisiilbą́ą́z
neiłbąąs	V;IND;PFV;NOM(1,SG)	niséłbą́ą́z
neiłbąąs	V;IND;PFV;NOM(2,GRPL)	ndasoołbą́ą́z
neiłbąąs	V;IND;PFV;NOM(2,PL)	nisoołbą́ą́z
neiłbąąs	V;IND;PFV;NOM(2,SG)	nisíníłbą́ą́z
neiłbąąs	V;IND;PFV;NOM(3,GRPL)	ndeisbą́ą́z
neiłbąąs	V;IND;PFV;NOM(3,PL)	neisbą́ą́z
neiłbąąs	V;IND;PFV;NOM(3,SG)	neisbą́ą́z
neiłbąąs	V;IND;PFV;NOM(4,GRPL)	nidajisbą́ą́z
neiłbąąs	V;IND;PFV;NOM(4,SG)	nijisbą́ą́z
neiłbąąs	V;IND;PROSP;NOM(1,PL)	ndiilbą́ą́z
neiłbąąs	V;IND;PROSP;NOM(2,GRPL)	ndadoołbą́ą́z
neiłbąąs	V;IND;PROSP;NOM(2,PL)	ndoołbą́ą́z
neiłbąąs	V;IND;PROSP;NOM(3,PL)	neidoołbą́ą́z
neiłbąąs	V;IND;PROSP;NOM(3,SG)	neidoołbą́ą́z
neiłbąąs	V;IND;PROSP;NOM(4,GRPL)	ndazhdoołbą́ą́z
neiłbąąs	V;IND;PROSP;NOM(4,PL)	nizhdoołbą́ą́z
neiłbąąs	V;IND;PROSP;NOM(4,SG)	nizhdoołbą́ą́z
neiłgizh	V;IND;IPFV;NOM(2,GRPL)	ndaałgizh
neiłgizh	V;IND;IPFV;NOM(2,PL)	naałgizh
neiłgizh	V;IND;IPFV;NOM(3,PL)	neiłgizh
neiłgizh	V;IND;IPFV;NOM(3,SG)	neiłgizh
neiłgizh	V;IND;IPFV;NOM(4,GRPL)	ndajiłgizh
neiłgizh	V;IND;IPFV;NOM(4,SG)	nijiłgizh
neiłgizh	V;IND;PFV;NOM(1,PL)	nishiilgizh
neiłgizh	V;IND;PFV;NOM(1,SG)	nishéłgizh
neiłgizh	V;IND;PFV;NOM(2,GRPL)	ndashoołgizh
neiłgizh	V;IND;PFV;NOM(2,PL)	nishoołgizh
neiłgizh	V;IND;PFV;NOM(2,SG)	nishíníłgizh
neiłgizh	V;IND;PFV;NOM(3,GRPL)	ndeishgizh
neiłgizh	V;IND;PFV;NOM(3,SG)	neishgizh
neiłgizh	V;IND;PFV;NOM(4,SG)	nijishgizh
neiłgizh	V;IND;PROSP;NOM(1,GRPL)	ndadiilgish
neiłgizh	V;IND;PROSP;NOM(1,PL)	ndiilgish
neiłgizh	V;IND;PROSP;NOM(2,GRPL)	ndadoołgish
neiłgizh	V;IND;PROSP;NOM(2,PL)	ndoołgish
neiłgizh	V;IND;PROSP;NOM(2,SG)	ndííłgish
neiłgizh	V;IND;PROSP;NOM(3,GRPL)	ndeidoołgish
neiłgizh	V;IND;PROSP;NOM(3,SG)	neidoołgish
neiłgizh	V;IND;PROSP;NOM(4,GRPL)	ndazhdoołgish
neiłgizh	V;IND;PROSP;NOM(4,SG)	nizhdoołgish
neiłmaas	V;IND;IPFV;NOM(1,SG)	neismaas
neiłmaas	V;IND;IPFV;NOM(2,GRPL)	ndaałmaas
neiłmaas	V;IND;IPFV;NOM(2,SG)	naniłmaas
neiłmaas	V;IND;IPFV;NOM(3,GRPL)	ndeiłmaas
neiłmaas	V;IND;IPFV;NOM(3,PL)	neiłmaas
neiłmaas	V;IND;IPFV;NOM(3,SG)	neiłmaas
neiłmaas	V;IND;IPFV;NOM(4,PL)	nijiłmaas
neiłmaas	V;IND;IPFV;NOM(4,SG)	nijiłmaas
neiłmaas	V;IND;PFV;NOM(1,PL)	nisiilmaaz
neiłmaas	V;IND;PFV;NOM(2,GRPL)	ndasoołmaaz
neiłmaas	V;IND;PFV;NOM(2,PL)	nisoołmaaz
neiłmaas	V;IND;PFV;NOM(2,SG)	nisíníłmaaz
neiłmaas	V;IND;PFV;NOM(3,GRPL)	ndeismaaz
neiłmaas	V;IND;PFV;NOM(3,PL)	neismaaz
neiłmaas	V;IND;PFV;NOM(3,SG)	neismaaz
neiłmaas	V;IND;PFV;NOM(4,GRPL)	nidajismaaz
neiłmaas	V;IND;PROSP;NOM(1,GRPL)	ndadiilmas
neiłmaas	V;IND;PROSP;NOM(1,PL)	ndiilmas
neiłmaas	V;IND;PROSP;NOM(2,GRPL)	ndadoołmas
neiłmaas	V;IND;PROSP;NOM(2,SG)	ndííłmas
neiłmaas	V;IND;PROSP;NOM(3,GRPL)	ndeidoołmas
neiłmaas	V;IND;PROSP;NOM(3,SG)	neidoołmas
neiłmaas	V;IND;PROSP;NOM(4,SG)	nizhdoołmas
neiłtseed	V;IND;IPFV;NOM(1,GRPL)	ndeiiltseed
neiłtseed	V;IND;IPFV;NOM(1,PL)	neiiltseed
neiłtseed	V;IND;IPFV;NOM(2,GRPL)	ndaałtseed
neiłtseed	V;IND;IPFV;NOM(2,PL)	naałtseed
neiłtseed	V;IND;IPFV;NOM(4,PL)	nijiłtseed
neiłtseed	V;IND;IPFV;NOM(4,SG)	nijiłtseed
neiłtseed	V;IND;PFV;NOM(1,GRPL)	nidasiiltsid
neiłtseed	V;IND;PFV;NOM(1,PL)	nisiiltsid
neiłtseed	V;IND;PFV;NOM(1,SG)	niséłtsééd
neiłtseed	V;IND;PFV;NOM(2,GRPL)	nidasoołtsid
neiłtseed	V;IND;PFV;NOM(3,GRPL)	ndeistsid
neiłtseed	V;IND;PFV;NOM(3,PL)	neistsid
neiłtseed	V;IND;PFV;NOM(3,SG)	neistsid
neiłtseed	V;IND;PFV;NOM(4,GRPL)	nidajistsid
neiłtseed	V;IND;PFV;NOM(4,PL)	nijistsid
neiłtseed	V;IND;PROSP;NOM(1,GRPL)	ndadiiltsił
neiłtseed	V;IND;PROSP;NOM(1,PL)	ndiiltsił
neiłtseed	V;IND;PROSP;NOM(1,SG)	ndeeshtsił
neiłtseed	V;IND;PROSP;NOM(2,GRPL)	ndadoołtsił
neiłtseed	V;IND;PROSP;NOM(2,SG)	ndííłtsił
neiłtseed	V;IND;PROSP;NOM(3,PL)	neidoołtsił
neiłtseed	V;IND;PROSP;NOM(3,SG)	neidoołtsił
neiłtseed	V;IND;PROSP;NOM(4,SG)	nizhdoołtsił
neiłtʼiʼ	V;IND;IPFV;NOM(1,GRPL)	ndeiiltʼiʼ
neiłtʼiʼ	V;IND;IPFV;NOM(1,PL)	neiiltʼiʼ
neiłtʼiʼ	V;IND;IPFV;NOM(2,GRPL)	ndaałtʼiʼ
neiłtʼiʼ	V;IND;IPFV;NOM(3,GRPL)	ndeiłtʼiʼ
neiłtʼiʼ	V;IND;IPFV;NOM(3,PL)	neiłtʼiʼ
neiłtʼiʼ	V;IND;IPFV;NOM(3,SG)	neiłtʼiʼ
neiłtʼiʼ	V;IND;IPFV;NOM(4,PL)	nijiłtʼiʼ
neiłtʼiʼ	V;IND;PFV;NOM(1,GRPL)	nidasiiltʼiʼ
neiłtʼiʼ	V;IND;PFV;NOM(1,SG)	niséłtʼiʼ
neiłtʼiʼ	V;IND;PFV;NOM(2,GRPL)	ndasoołtʼiʼ
neiłtʼiʼ	V;IND;PFV;NOM(2,PL)	nisoołtʼiʼ
neiłtʼiʼ	V;IND;PFV;NOM(2,SG)	nisíníłtʼiʼ
neiłtʼiʼ	V;IND;PFV;NOM(3,SG)	neistʼiʼ
neiłtʼiʼ	V;IND;PFV;NOM(4,PL)	nijistʼiʼ
neiłtʼiʼ	V;IND;PFV;NOM(4,SG)	nijistʼiʼ
neiłtʼiʼ	V;IND;PROSP;NOM(1,GRPL)	ndadiiltʼił
neiłtʼiʼ	V;IND;PROSP;NOM(1,PL)	ndiiltʼił
neiłtʼiʼ	V;IND;PROSP;NOM(1,SG)	ndeeshtʼił
neiłtʼiʼ	V;IND;PROSP;NOM(2,PL)	ndoołtʼił
neiłtʼiʼ	V;IND;PROSP;NOM(2,SG)	ndííłtʼił
neiłtʼiʼ	V;IND;PROSP;NOM(3,PL)	neidoołtʼił
neiłtʼiʼ	V;IND;PROSP;NOM(4,PL)	nizhdoołtʼił
neiłtʼiʼ	V;IND;PROSP;NOM(4,SG)	nizhdoołtʼił
neiʼeesh	V;IND;IPFV;NOM(1,PL)	neiitʼeesh
neiʼeesh	V;IND;IPFV;NOM(1,SG)	naashʼeesh
neiʼeesh	V;IND;IPFV;NOM(2,GRPL)	ndaahʼeesh
neiʼeesh	V;IND;IPFV;NOM(2,PL)	naahʼeesh
neiʼeesh	V;IND;IPFV;NOM(2,SG)	naniʼeesh
neiʼeesh	V;IND;IPFV;NOM(3,PL)	neiʼeesh
neiʼeesh	V;IND;IPFV;NOM(4,SG)	nijiʼeesh
neiʼeesh	V;IND;PFV;NOM(1,PL)	nishiitʼéézh
neiʼeesh	V;IND;PFV;NOM(1,SG)	nishéʼéézh
neiʼeesh	V;IND;PFV;NOM(2,GRPL)	nidashooʼéézh
neiʼeesh	V;IND;PFV;NOM(2,PL)	nishooʼéézh
neiʼeesh	V;IND;PFV;NOM(2,SG)	nishíníʼéézh
neiʼeesh	V;IND;PFV;NOM(3,GRPL)	nidaazhʼéézh
neiʼeesh	V;IND;PFV;NOM(4,GRPL)	nidajizhʼéézh
neiʼeesh	V;IND;PROSP;NOM(1,GRPL)	ndadiitʼish
neiʼeesh	V;IND;PROSP;NOM(1,SG)	ndeeshʼish
neiʼeesh	V;IND;PROSP;NOM(2,GRPL)	ndadoohʼish
neiʼeesh	V;IND;PROSP;NOM(2,SG)	ndííʼish
neiʼeesh	V;IND;PROSP;NOM(3,GRPL)	ndeidooʼish
neiʼeesh	V;IND;PROSP;NOM(3,PL)	neidooʼish
neiʼeesh	V;IND;PROSP;NOM(4,GRPL)	ndazhdooʼish
neiʼeesh	V;IND;PROSP;NOM(4,PL)	nizhdooʼish
neiʼeesh	V;IND;PROSP;NOM(4,SG)	nizhdooʼish
noodǫ́ǫ́z	V;IND;PFV;NOM(1,GRPL)	nidasiidǫ́ǫ́z
noodǫ́ǫ́z	V;IND;PFV;NOM(1,PL)	niidǫ́ǫ́z
noodǫ́ǫ́z	V;IND;PFV;NOM(1,SG)	nisédǫ́ǫ́z
noodǫ́ǫ́z	V;IND;PFV;NOM(2,GRPL)	nidasoodǫ́ǫ́z
noodǫ́ǫ́z	V;IND;PFV;NOM(2,PL)	noohdǫ́ǫ́z
noodǫ́ǫ́z	V;IND;PFV;NOM(2,SG)	nisínídǫ́ǫ́z
noodǫ́ǫ́z	V;IND;PFV;NOM(3,GRPL)	nidaadǫ́ǫ́z
noodǫ́ǫ́z	V;IND;PFV;NOM(3,PL)	noodǫ́ǫ́z
noodǫ́ǫ́z	V;IND;PFV;NOM(3,SG)	noodǫ́ǫ́z
noodǫ́ǫ́z	V;IND;PFV;NOM(4,GRPL)	nidajizdǫ́ǫ́z
noodǫ́ǫ́z	V;IND;PFV;NOM(4,PL)	nijizdǫ́ǫ́z
noodǫ́ǫ́z	V;IND;PFV;NOM(4,SG)	nijizdǫ́ǫ́z
yichʼid	V;IND;IPFV;NOM(1,GRPL)	deiichʼid
yichʼid	V;IND;IPFV;NOM(1,SG)	yishchʼid
yichʼid	V;IND;IPFV;NOM(2,GRPL)	daahchʼid
yichʼid	V;IND;IPFV;NOM(2,PL)	wohchʼid
yichʼid	V;IND;IPFV;NOM(3,GRPL)	deichʼid
yichʼid	V;IND;IPFV;NOM(3,PL)	yichʼid
yichʼid	V;IND;IPFV;NOM(3,SG)	yichʼid
yichʼid	V;IND;IPFV;NOM(4,GRPL)	dajichʼid
yichʼid	V;IND;IPFV;NOM(4,SG)	jichʼid
yichʼid	V;IND;PFV;NOM(1,SG)	yíchʼid
yichʼid	V;IND;PFV;NOM(2,GRPL)	dashoochʼid
yichʼid	V;IND;PFV;NOM(2,PL)	woochʼid
yichʼid	V;IND;PFV;NOM(2,SG)	yíchʼid
yichʼid	V;IND;PFV;NOM(3,GRPL)	dayííchʼid
yichʼid	V;IND;PFV;NOM(3,SG)	yiyííchʼid
yichʼid	V;IND;PFV;NOM(4,PL)	jííchʼid
yichʼid	V;IND;PROSP;NOM(1,GRPL)	dadiichʼił
yichʼid	V;IND;PROSP;NOM(1,PL)	diichʼił
yichʼid	V;IND;PROSP;NOM(2,PL)	doohchʼił
yichʼid	V;IND;PROSP;NOM(2,SG)	dííchʼił
yichʼid	V;IND;PROSP;NOM(3,GRPL)	deidoochʼił
yichʼid	V;IND;PROSP;NOM(3,SG)	yidoochʼił
yichʼid	V;IND;PROSP;NOM(4,PL)	jidoochʼił
yidiitsʼį́į́h	V;IND;IPFV;NOM(1,GRPL)	dadiitsʼį́į́h
yidiitsʼį́į́h	V;IND;IPFV;NOM(1,PL)	diitsʼį́į́h
yidiitsʼį́į́h	V;IND;IPFV;NOM(1,SG)	dishtsʼį́į́h
yidiitsʼį́į́h	V;IND;IPFV;NOM(2,PL)	doohtsʼį́į́h
yidiitsʼį́į́h	V;IND;IPFV;NOM(2,SG)	diitsʼį́į́h
yidiitsʼį́į́h	V;IND;IPFV;NOM(3,SG)	yidiitsʼį́į́h
yidiitsʼį́į́h	V;IND;IPFV;NOM(4,GRPL)	dazhdiitsʼį́į́h
yidiitsʼį́į́h	V;IND;PFV;NOM(1,GRPL)	dadiitsʼį́į́ʼ
yidiitsʼį́į́h	V;IND;PFV;NOM(1,PL)	diitsʼį́į́ʼ
yidiitsʼį́į́h	V;IND;PFV;NOM(1,SG)	díítsʼį́į́ʼ
yidiitsʼį́į́h	V;IND;PFV;NOM(2,PL)	doohtsʼį́į́ʼ
yidiitsʼį́į́h	V;IND;PFV;NOM(2,SG)	díítsʼį́į́ʼ
yidiitsʼį́į́h	V;IND;PFV;NOM(3,GRPL)	dadiitsʼį́į́ʼ
yidiitsʼį́į́h	V;IND;PFV;NOM(3,SG)	yidiitsʼį́į́ʼ
yidiitsʼį́į́h	V;IND;PFV;NOM(4,GRPL)	dazhdiitsʼį́į́ʼ
yidiitsʼį́į́h	V;IND;PFV;NOM(4,PL)	jíítsʼį́į́ʼ
yidiitsʼį́į́h	V;IND;PFV;NOM(4,SG)	jíítsʼį́į́ʼ
yidiitsʼį́į́h	V;IND;PROSP;NOM(1,GRPL)	dadidiitsʼįh
yidiitsʼį́į́h	V;IND;PROSP;NOM(1,SG)	deeshtsʼįh
yidiitsʼį́į́h	V;IND;PROSP;NOM(2,GRPL)	dadidoohtsʼįh
yidiitsʼį́į́h	V;IND;PROSP;NOM(2,PL)	didoohtsʼįh
yidiitsʼį́į́h	V;IND;PROSP;NOM(3,GRPL)	dadididootsʼįh
yidiitsʼį́į́h	V;IND;PROSP;NOM(4,GRPL)	dazhdidootsʼįh
yigeeh	V;IND;IPFV;NOM(1,GRPL)	deiigeeh
yigeeh	V;IND;IPFV;NOM(1,SG)	yishgeeh
yigeeh	V;IND;IPFV;NOM(2,GRPL)	daahgeeh
yigeeh	V;IND;IPFV;NOM(2,SG)	nigeeh
yigeeh	V;IND;IPFV;NOM(3,GRPL)	deigeeh
yigeeh	V;IND;IPFV;NOM(3,PL)	yigeeh
yigeeh	V;IND;IPFV;NOM(3,SG)	yigeeh
yigeeh	V;IND;IPFV;NOM(4,GRPL)	dajigeeh
yigeeh	V;IND;IPFV;NOM(4,SG)	jigeeh
yigeeh	V;IND;PFV;NOM(1,GRPL)	dasiigį́
yigeeh	V;IND;PFV;NOM(1,PL)	yiigį́
yigeeh	V;IND;PFV;NOM(2,GRPL)	dasoogį́
yigeeh	V;IND;PFV;NOM(2,PL)	woogį́
yigeeh	V;IND;PFV;NOM(3,PL)	yiyíígį́
yigeeh	V;IND;PFV;NOM(3,SG)	yiyíígį́
yigeeh	V;IND;PROSP;NOM(1,SG)	deeshgoh
yigeeh	V;IND;PROSP;NOM(2,GRPL)	dadoohgah
yigeeh	V;IND;PROSP;NOM(3,GRPL)	deidoogoh
yigeeh	V;IND;PROSP;NOM(3,PL)	yidoogoh
yigeeh	V;IND;PROSP;NOM(4,GRPL)	dazhdoogoh
yigeeh	V;IND;PROSP;NOM(4,PL)	jidoogoh
yigeeh	V;IND;PROSP;NOM(4,SG)	jidoogoh
yighááh	V;IND;IPFV;NOM(1,GRPL)	deiigááh
yighááh	V;IND;IPFV;NOM(1,SG)	yishghááh
yighááh	V;IND;IPFV;NOM(2,GRPL)	daahghááh
yighááh	V;IND;IPFV;NOM(2,PL)	wohhááh
yighááh	V;IND;IPFV;NOM(2,SG)	nighááh
yighááh	V;IND;IPFV;NOM(3,PL)	yighááh
yighááh	V;IND;IPFV;NOM(3,SG)	yighááh
yighááh	V;IND;IPFV;NOM(4,GRPL)	dajighááh
yighááh	V;IND;IPFV;NOM(4,PL)	jighááh
yighááh	V;IND;PFV;NOM(1,GRPL)	dasiigááʼ
yighááh	V;IND;PFV;NOM(1,PL)	yiigááʼ
yighááh	V;IND;PFV;NOM(1,SG)	yíghááʼ
yighááh	V;IND;PFV;NOM(2,GRPL)	dasooghaʼ
yighááh	V;IND;PFV;NOM(3,GRPL)	dayííghááʼ
yighááh	V;IND;PFV;NOM(4,GRPL)	dajííghááʼ
yighááh	V;IND;PFV;NOM(4,SG)	jííghááʼ
yighááh	V;IND;PROSP;NOM(1,GRPL)	dadiigah
yighááh	V;IND;PROSP;NOM(1,PL)	diigah
yighááh	V;IND;PROSP;NOM(2,GRPL)	dadoohgah
yighááh	V;IND;PROSP;NOM(3,PL)	yidoogah
yighááh	V;IND;PROSP;NOM(3,SG)	yidoogah
yighááh	V;IND;PROSP;NOM(4,PL)	jidoogah
yighááh	V;IND;PROSP;NOM(4,SG)	jidoogah
yigoh	V;IND;PFV;NOM(1,GRPL)	dasiigoh
yigoh	V;IND;PFV;NOM(1,PL)	yiigoh
yigoh	V;IND;PFV;NOM(1,SG)	yígoh
yigoh	V;IND;PFV;NOM(2,GRPL)	dasoogoh
yigoh	V;IND;PFV;NOM(2,PL)	woogoh
yigoh	V;IND;PFV;NOM(2,SG)	yígoh
yigoh	V;IND;PFV;NOM(3,GRPL)	dayíígoh
yigoh	V;IND;PFV;NOM(3,PL)	yiyíígoh
yigoh	V;IND;PFV;NOM(3,SG)	yiyíígoh
yigoh	V;IND;PFV;NOM(4,GRPL)	dajígoh
yigoh	V;IND;PFV;NOM(4,PL)	jíígoh
yigoh	V;IND;PFV;NOM(4,SG)	jíígoh
yijeeh	V;IND;IPFV;NOM(1,GRPL)	deiijeeh
yijeeh	V;IND;IPFV;NOM(1,PL)	yiijeeh
yijeeh	V;IND;IPFV;NOM(1,SG)	yishjeeh
yijeeh	V;IND;IPFV;NOM(2,GRPL)	daahjeeh
yijeeh	V;IND;IPFV;NOM(2,PL)	wohjeeh
yijeeh	V;IND;IPFV;NOM(3,PL)	yijeeh
yijeeh	V;IND;IPFV;NOM(3,SG)	yijeeh
yijeeh	V;IND;IPFV;NOM(4,PL)	jijeeh
yijeeh	V;IND;IPFV;NOM(4,SG)	jijeeh
yijeeh	V;IND;PFV;NOM(1,PL)	yiijį́
yijeeh	V;IND;PFV;NOM(1,SG)	yíjééʼ
yijeeh	V;IND;PFV;NOM(2,GRPL)	dasoojį́
yijeeh	V;IND;PFV;NOM(2,PL)	woojį́
yijeeh	V;IND;PFV;NOM(3,PL)	yijį́
yijeeh	V;IND;PFV;NOM(3,SG)	yiyííjį́
yijeeh	V;IND;PFV;NOM(4,SG)	joojį́
yijeeh	V;IND;PROSP;NOM(1,GRPL)	dadiijah
yijeeh	V;IND;PROSP;NOM(1,PL)	diijah
yijeeh	V;IND;PROSP;NOM(1,SG)	deeshjah
yijeeh	V;IND;PROSP;NOM(2,GRPL)	dadoohjah
yijeeh	V;IND;PROSP;NOM(2,SG)	dííjah
yijeeh	V;IND;PROSP;NOM(4,GRPL)	dazhdoojih
yijeeh	V;IND;PROSP;NOM(4,PL)	jidoojih
yijį́į́ł	V;IND;PFV;NOM(1,GRPL)	deiijį́į́ł
yijį́į́ł	V;IND;PFV;NOM(1,PL)	yiijį́į́ł
yijį́į́ł	V;IND;PFV;NOM(1,SG)	yíjį́į́ł
yijį́į́ł	V;IND;PFV;NOM(2,GRPL)	daoojį́į́ł
yijį́į́ł	V;IND;PFV;NOM(2,PL)	woojį́į́ł
yijį́į́ł	V;IND;PFV;NOM(2,SG)	yíjį́į́ł
yijį́į́ł	V;IND;PFV;NOM(3,GRPL)	dayííjį́į́ł
yijį́į́ł	V;IND;PFV;NOM(3,PL)	yijį́į́ł
yijį́į́ł	V;IND;PFV;NOM(3,SG)	yijį́į́ł
yijį́į́ł	V;IND;PFV;NOM(4,GRPL)	dajíjį́į́ł
yijį́į́ł	V;IND;PFV;NOM(4,PL)	jííjį́į́ł
yijį́į́ł	V;IND;PFV;NOM(4,SG)	jííjį́į́ł
yiltłʼééł	V;IND;PFV;NOM(1,GRPL)	dasiiltłʼééł
yiltłʼééł	V;IND;PFV;NOM(1,PL)	yiiltłʼééł
yiltłʼééł	V;IND;PFV;NOM(1,SG)	yíltłʼééł
yiltłʼééł	V;IND;PFV;NOM(2,GRPL)	daoołtłʼééł
yiltłʼééł	V;IND;PFV;NOM(2,PL)	wołtłʼééł
yiltłʼééł	V;IND;PFV;NOM(2,SG)	yíltłʼééł
yiltłʼééł	V;IND;PFV;NOM(3,GRPL)	dayííltłʼééł
yiltłʼééł	V;IND;PFV;NOM(3,PL)	yiltłʼééł
yiltłʼééł	V;IND;PFV;NOM(3,SG)	yiltłʼééł
yiltłʼééł	V;IND;PFV;NOM(4,GRPL)	dajíltłʼééł
yiltłʼééł	V;IND;PFV;NOM(4,PL)	jooltłʼééł
yiltłʼééł	V;IND;PFV;NOM(4,SG)	jooltłʼééł
yilʼaah	V;IND;IPFV;NOM(1,PL)	yiilʼaah
yilʼaah	V;IND;IPFV;NOM(1,SG)	yishʼaah
yilʼaah	V;IND;IPFV;NOM(2,GRPL)	daałʼaah
yilʼaah	V;IND;IPFV;NOM(2,PL)	wołʼaah
yilʼaah	V;IND;IPFV;NOM(2,SG)	nilʼaah
yilʼaah	V;IND;IPFV;NOM(3,GRPL)	deilʼaah
yilʼaah	V;IND;IPFV;NOM(3,PL)	yilʼaah
yilʼaah	V;IND;IPFV;NOM(4,GRPL)	dajilʼaah
yilʼaah	V;IND;IPFV;NOM(4,PL)	jilʼaah
yilʼaah	V;IND;IPFV;NOM(4,SG)	jilʼaah
yilʼaah	V;IND;PFV;NOM(1,GRPL)	dasiilʼą́
yilʼaah	V;IND;PFV;NOM(1,PL)	yiilʼą́
yilʼaah	V;IND;PFV;NOM(2,GRPL)	dasoołʼą́
yilʼaah	V;IND;PFV;NOM(2,PL)	woołʼą́
yilʼaah	V;IND;PFV;NOM(2,SG)	yínílʼą́
yilʼaah	V;IND;PFV;NOM(3,GRPL)	dayíílʼą́
yilʼaah	V;IND;PFV;NOM(3,PL)	yiyíílʼą́
yilʼaah	V;IND;PFV;NOM(4,SG)	joolʼą́
yilʼaah	V;IND;PROSP;NOM(1,SG)	deeshʼah
yilʼaah	V;IND;PROSP;NOM(2,PL)	doołʼah
yilʼaah	V;IND;PROSP;NOM(3,GRPL)	deidoolʼah
yilʼaah	V;IND;PROSP;NOM(4,PL)	jidoolʼah
yishood	V;IND;IPFV;NOM(1,GRPL)	deiilzhood
yishood	V;IND;IPFV;NOM(1,PL)	yiilzhood
yishood	V;IND;IPFV;NOM(1,SG)	yishood
yishood	V;IND;IPFV;NOM(2,GRPL)	daahshood
yishood	V;IND;IPFV;NOM(2,PL)	wohshood
yishood	V;IND;IPFV;NOM(2,SG)	nishood
yishood	V;IND;IPFV;NOM(3,GRPL)	deishood
yishood	V;IND;IPFV;NOM(3,PL)	yishood
yishood	V;IND;IPFV;NOM(3,SG)	yishood
yishood	V;IND;IPFV;NOM(4,GRPL)	dajishood
yishood	V;IND;IPFV;NOM(4,PL)	jishood
yishood	V;IND;IPFV;NOM(4,SG)	jishood
yishood	V;IND;PFV;NOM(1,GRPL)	deiilzhóód
yishood	V;IND;PFV;NOM(1,PL)	yiilzhóód
yishood	V;IND;PFV;NOM(1,SG)	yíníshóód
yishood	V;IND;PFV;NOM(2,GRPL)	daooshóód
yishood	V;IND;PFV;NOM(2,PL)	wooshóód
yishood	V;IND;PFV;NOM(2,SG)	yíníshóód
yishood	V;IND;PFV;NOM(3,GRPL)	dayííshóód
yishood	V;IND;PFV;NOM(3,PL)	yiyííshóód
yishood	V;IND;PFV;NOM(3,SG)	yiyííshóód
yishood	V;IND;PFV;NOM(4,GRPL)	dajííshóód
yishood	V;IND;PFV;NOM(4,PL)	jííshóód
yishood	V;IND;PFV;NOM(4,SG)	jííshóód
yishóósh	V;IND;IPFV;NOM(1,GRPL)	deiilzhóósh
yishóósh	V;IND;IPFV;NOM(1,PL)	yiilzhóósh
yishóósh	V;IND;IPFV;NOM(1,SG)	yishóósh
yishóósh	V;IND;IPFV;NOM(2,GRPL)	daahshóósh
yishóósh	V;IND;IPFV;NOM(2,PL)	wohshóósh
yishóósh	V;IND;IPFV;NOM(2,SG)	nishóósh
yishóósh	V;IND;IPFV;NOM(3,GRPL)	deishóósh
yishóósh	V;IND;IPFV;NOM(3,PL)	yishóósh
yishóósh	V;IND;IPFV;NOM(3,SG)	yishóósh
yishóósh	V;IND;IPFV;NOM(4,GRPL)	dajishóósh
yishóósh	V;IND;IPFV;NOM(4,PL)	jishóósh
yishóósh	V;IND;IPFV;NOM(4,SG)	jishóósh
yishóósh	V;IND;PFV;NOM(1,GRPL)	dashiilzhoozh
yishóósh	V;IND;PFV;NOM(1,PL)	yiilzhoozh
yishóósh	V;IND;PFV;NOM(1,SG)	yíníshoozh
yishóósh	V;IND;PFV;NOM(2,GRPL)	dashooshozh
yishóósh	V;IND;PFV;NOM(2,PL)	wooshozh
yishóósh	V;IND;PFV;NOM(2,SG)	yíníshoozh
yishóósh	V;IND;PFV;NOM(3,GRPL)	dayííshoozh
yishóósh	V;IND;PFV;NOM(3,PL)	yishoozh
yishóósh	V;IND;PFV;NOM(3,SG)	yiyííshoozh
yishóósh	V;IND;PFV;NOM(4,GRPL)	dajííshoozh
yishóósh	V;IND;PFV;NOM(4,PL)	jííshoozh
yishóósh	V;IND;PFV;NOM(4,SG)	jííshoozh
yitłeeh	V;IND;IPFV;NOM(1,GRPL)	deiitłeeh
yitłeeh	V;IND;IPFV;NOM(1,PL)	yiitłeeh
yitłeeh	V;IND;IPFV;NOM(1,SG)	yishtłeeh
yitłeeh	V;IND;IPFV;NOM(2,GRPL)	daahtłeeh
yitłeeh	V;IND;IPFV;NOM(2,PL)	wohtłeeh
yitłeeh	V;IND;IPFV;NOM(2,SG)	nitłeeh
yitłeeh	V;IND;IPFV;NOM(3,GRPL)	deitłeeh
yitłeeh	V;IND;IPFV;NOM(3,PL)	yitłeeh
yitłeeh	V;IND;IPFV;NOM(3,SG)	yitłeeh
yitłeeh	V;IND;IPFV;NOM(4,GRPL)	dajitłeeh
yitłeeh	V;IND;IPFV;NOM(4,PL)	jitłeeh
yitłeeh	V;IND;IPFV;NOM(4,SG)	jitłeeh
yitłeeh	V;IND;PFV;NOM(1,GRPL)	dasiitłį́
yitłeeh	V;IND;PFV;NOM(1,PL)	yiitłį́
yitłeeh	V;IND;PFV;NOM(1,SG)	yítłį́
yitłeeh	V;IND;PFV;NOM(2,GRPL)	dasootłį́
yitłeeh	V;IND;PFV;NOM(2,PL)	wootłį́
yitłeeh	V;IND;PFV;NOM(2,SG)	yítłį́
yitłeeh	V;IND;PFV;NOM(3,GRPL)	dayíítłį́
yitłeeh	V;IND;PFV;NOM(3,PL)	yiyíítłį́
yitłeeh	V;IND;PFV;NOM(3,SG)	yiyíítłį́
yitłeeh	V;IND;PFV;NOM(4,GRPL)	dajítłį́
yitłeeh	V;IND;PFV;NOM(4,PL)	jíítłį́
yitłeeh	V;IND;PFV;NOM(4,SG)	jíítłį́
yiyiitsʼǫs	V;IND;IPFV;NOM(1,GRPL)	deiitsʼǫs
yiyiitsʼǫs	V;IND;IPFV;NOM(1,PL)	yiitsʼǫs
yiyiitsʼǫs	V;IND;IPFV;NOM(2,GRPL)	daahtsʼǫs
yiyiitsʼǫs	V;IND;IPFV;NOM(2,SG)	niitsʼǫs
yiyiitsʼǫs	V;IND;IPFV;NOM(3,PL)	yiyiitsʼǫs
yiyiitsʼǫs	V;IND;IPFV;NOM(4,SG)	jiitsʼǫs
yiyiitsʼǫs	V;IND;PFV;NOM(2,GRPL)	dasootsʼǫ́z
yiyiitsʼǫs	V;IND;PFV;NOM(2,PL)	wootsʼǫ́z
yiyiitsʼǫs	V;IND;PFV;NOM(2,SG)	yínítsʼǫ́z
yiyiitsʼǫs	V;IND;PFV;NOM(3,GRPL)	dayiitsʼǫ́z
yiyiitsʼǫs	V;IND;PFV;NOM(3,PL)	yiyiitsʼǫ́z
yiyiitsʼǫs	V;IND;PFV;NOM(3,SG)	yiyiitsʼǫ́z
yiyiitsʼǫs	V;IND;PFV;NOM(4,GRPL)	dajiitsʼǫ́z
yiyiitsʼǫs	V;IND;PFV;NOM(4,PL)	jiitsʼǫ́z
yiyiitsʼǫs	V;IND;PFV;NOM(4,SG)	jiitsʼǫ́z
yiyiitsʼǫs	V;IND;PROSP;NOM(1,GRPL)	dadiitsʼǫł
yiyiitsʼǫs	V;IND;PROSP;NOM(1,SG)	deeshtsʼǫł
yiyiitsʼǫs	V;IND;PROSP;NOM(2,PL)	doohtsʼǫł
yiyiitsʼǫs	V;IND;PROSP;NOM(2,SG)	díítsʼǫł
yiyiitsʼǫs	V;IND;PROSP;NOM(3,GRPL)	deidootsʼǫł
yiyiitsʼǫs	V;IND;PROSP;NOM(3,PL)	yidootsʼǫł
yiyiitsʼǫs	V;IND;PROSP;NOM(4,GRPL)	dazhdootsʼǫł
yiyiitsʼǫs	V;IND;PROSP;NOM(4,SG)	jidootsʼǫł
yiyiiłtsééh	V;IND;IPFV;NOM(1,GRPL)	deiiltsééh
yiyiiłtsééh	V;IND;IPFV;NOM(1,PL)	yiiltsééh
yiyiiłtsééh	V;IND;IPFV;NOM(1,SG)	yishtsééh
yiyiiłtsééh	V;IND;IPFV;NOM(2,GRPL)	daałtsééh
yiyiiłtsééh	V;IND;IPFV;NOM(2,SG)	niiłtsééh
yiyiiłtsééh	V;IND;IPFV;NOM(3,GRPL)	deiyiiłtsééh
yiyiiłtsééh	V;IND;IPFV;NOM(3,PL)	yiyiiłtsééh
yiyiiłtsééh	V;IND;IPFV;NOM(3,SG)	yiyiiłtsééh
yiyiiłtsééh	V;IND;IPFV;NOM(4,GRPL)	dajiiłtsééh
yiyiiłtsééh	V;IND;IPFV;NOM(4,SG)	jiiłtsééh
yiyiiłtsééh	V;IND;PFV;NOM(1,PL)	yiiltsiʼ
yiyiiłtsééh	V;IND;PFV;NOM(1,SG)	yishtsiʼ
yiyiiłtsééh	V;IND;PFV;NOM(2,PL)	woołtsiʼ
yiyiiłtsééh	V;IND;PFV;NOM(2,SG)	yíníłtsiʼ
yiyiiłtsééh	V;IND;PFV;NOM(3,SG)	yiyiiłtsiʼ
yiyiiłtsééh	V;IND;PFV;NOM(4,GRPL)	dajiiłtsiʼ
yiyiiłtsééh	V;IND;PFV;NOM(4,PL)	jiiłtsiʼ
yiyiiłtsééh	V;IND;PFV;NOM(4,SG)	jiiłtsiʼ
yiyiiłtsééh	V;IND;PROSP;NOM(1,GRPL)	dadiiltsih
yiyiiłtsééh	V;IND;PROSP;NOM(1,SG)	deeshtsih
yiyiiłtsééh	V;IND;PROSP;NOM(2,GRPL)	dadoołtsih
yiyiiłtsééh	V;IND;PROSP;NOM(2,PL)	doołtsih
yiyiiłtsééh	V;IND;PROSP;NOM(4,GRPL)	dazhdoołtsih
yiyiiłtsóóh	V;IND;IPFV;NOM(1,GRPL)	deiiltsóóh
yiyiiłtsóóh	V;IND;IPFV;NOM(1,PL)	yiiltsóóh
yiyiiłtsóóh	V;IND;IPFV;NOM(1,SG)	yishtsóóh
yiyiiłtsóóh	V;IND;IPFV;NOM(2,GRPL)	daałtsóóh
yiyiiłtsóóh	V;IND;IPFV;NOM(2,PL)	wołtsóóh
yiyiiłtsóóh	V;IND;IPFV;NOM(2,SG)	niiłtsóóh
yiyiiłtsóóh	V;IND;IPFV;NOM(3,GRPL)	deiyiiłtsóóh
yiyiiłtsóóh	V;IND;IPFV;NOM(3,PL)	yiyiiłtsóóh
yiyiiłtsóóh	V;IND;IPFV;NOM(3,SG)	yiyiiłtsóóh
yiyiiłtsóóh	V;IND;IPFV;NOM(4,GRPL)	dajiiłtsóóh
yiyiiłtsóóh	V;IND;IPFV;NOM(4,PL)	jiiłtsóóh
yiyiiłtsóóh	V;IND;IPFV;NOM(4,SG)	jiiłtsóóh
yiyiiłtsóóh	V;IND;PFV;NOM(1,GRPL)	deiiltsoii
yiyiiłtsóóh	V;IND;PFV;NOM(1,PL)	yiiltsoii
yiyiiłtsóóh	V;IND;PFV;NOM(1,SG)	yishtsoii
yiyiiłtsóóh	V;IND;PFV;NOM(2,GRPL)	dasoołtsoii
yiyiiłtsóóh	V;IND;PFV;NOM(2,PL)	woołtsoii
yiyiiłtsóóh	V;IND;PFV;NOM(2,SG)	yíníłtsoʼ
yiyiiłtsóóh	V;IND;PFV;NOM(3,GRPL)	deiyiiłtsoii
yiyiiłtsóóh	V;IND;PFV;NOM(3,PL)	yiyiiłtsoii
yiyiiłtsóóh	V;IND;PFV;NOM(3,SG)	yiyiiłtsoii
yiyiiłtsóóh	V;IND;PFV;NOM(4,GRPL)	dajiiłtsoii
yiyiiłtsóóh	V;IND;PFV;NOM(4,PL)	jiiłtsoii
yiyiiłtsóóh	V;IND;PFV;NOM(4,SG)	jiiłtsoii
yiłchʼal	V;IND;IPFV;NOM(1,GRPL)	deiilchʼal
yiłchʼal	V;IND;IPFV;NOM(2,PL)	wołchʼal
yiłchʼal	V;IND;IPFV;NOM(2,SG)	niłchʼal
yiłchʼal	V;IND;IPFV;NOM(3,SG)	yiłchʼal
yiłchʼal	V;IND;IPFV;NOM(4,GRPL)	dajiłchʼal
yiłchʼal	V;IND;IPFV;NOM(4,SG)	jiłchʼal
yiłchʼal	V;IND;PFV;NOM(1,GRPL)	deiilchʼal
yiłchʼal	V;IND;PFV;NOM(1,SG)	yíłchʼal
yiłchʼal	V;IND;PFV;NOM(2,GRPL)	daoołchʼal
yiłchʼal	V;IND;PFV;NOM(2,PL)	woołchʼal
yiłchʼal	V;IND;PFV;NOM(2,SG)	yíníłchʼal
yiłchʼal	V;IND;PFV;NOM(3,PL)	yiyííłchʼal
yiłchʼal	V;IND;PFV;NOM(3,SG)	yiyííłchʼal
yiłchʼal	V;IND;PFV;NOM(4,GRPL)	dajííłchʼal
yiłchʼal	V;IND;PFV;NOM(4,PL)	jííłchʼal
yiłchʼal	V;IND;PFV;NOM(4,SG)	jííłchʼal
yiłchʼal	V;IND;PROSP;NOM(1,SG)	deeshchʼał
yiłchʼal	V;IND;PROSP;NOM(3,GRPL)	deidoołchʼał
yiłchʼal	V;IND;PROSP;NOM(3,PL)	yidoołchʼał
yiłchʼal	V;IND;PROSP;NOM(3,SG)	yidoołchʼał
yiłchʼal	V;IND;PROSP;NOM(4,GRPL)	dazhdoołchʼał
yiłchʼal	V;IND;PROSP;NOM(4,PL)	jidoołchʼał
yiłchʼal	V;IND;PROSP;NOM(4,SG)	jidoołchʼał
yiłdin	V;IND;IPFV;NOM(1,GRPL)	deiildin
yiłdin	V;IND;IPFV;NOM(1,PL)	yiildin
yiłdin	V;IND;IPFV;NOM(1,SG)	yishdin
yiłdin	V;IND;IPFV;NOM(2,GRPL)	daałdin
yiłdin	V;IND;IPFV;NOM(2,PL)	wołdin
yiłdin	V;IND;IPFV;NOM(2,SG)	niłdin
yiłdin	V;IND;IPFV;NOM(3,GRPL)	deiłdin
yiłdin	V;IND;IPFV;NOM(3,PL)	yiłdin
yiłdin	V;IND;IPFV;NOM(3,SG)	yiłdin
yiłdin	V;IND;IPFV;NOM(4,GRPL)	dajiłdin
yiłdin	V;IND;IPFV;NOM(4,PL)	jiłdin
yiłdin	V;IND;IPFV;NOM(4,SG)	jiłdin
yiłdin	V;IND;PFV;NOM(1,GRPL)	dasiildin
yiłdin	V;IND;PFV;NOM(1,PL)	yiildin
yiłdin	V;IND;PFV;NOM(1,SG)	yíłdin
yiłdin	V;IND;PFV;NOM(2,GRPL)	daoołdin
yiłdin	V;IND;PFV;NOM(2,PL)	woołdin
yiłdin	V;IND;PFV;NOM(2,SG)	yíłdin
yiłdin	V;IND;PFV;NOM(3,GRPL)	dayííłdin
yiłdin	V;IND;PFV;NOM(3,SG)	yiyííłdin
yiłdin	V;IND;PFV;NOM(4,GRPL)	dajííłdin
yiłdin	V;IND;PFV;NOM(4,PL)	jííłdin
yiłdin	V;IND;PFV;NOM(4,SG)	jííłdin
yiłhaał	V;IND;IPFV;NOM(1,GRPL)	deiilghaał
yiłhaał	V;IND;IPFV;NOM(1,PL)	yiilghaał
yiłhaał	V;IND;IPFV;NOM(1,SG)	yishhaał
yiłhaał	V;IND;IPFV;NOM(2,GRPL)	daałhaał
yiłhaał	V;IND;IPFV;NOM(2,PL)	wołhaał
yiłhaał	V;IND;IPFV;NOM(2,SG)	niłhaał
yiłhaał	V;IND;IPFV;NOM(3,GRPL)	deiłhaał
yiłhaał	V;IND;IPFV;NOM(3,PL)	yiłhaał
yiłhaał	V;IND;IPFV;NOM(3,SG)	yiłhaał
yiłhaał	V;IND;IPFV;NOM(4,GRPL)	dajiłhaał
yiłhaał	V;IND;IPFV;NOM(4,PL)	jiłhaał
yiłhaał	V;IND;IPFV;NOM(4,SG)	jiłhaał
yiłhaał	V;IND;PFV;NOM(1,GRPL)	dasiilghal
yiłhaał	V;IND;PFV;NOM(1,PL)	yiilghaal
yiłhaał	V;IND;PFV;NOM(1,SG)	yíłhaal
yiłhaał	V;IND;PFV;NOM(2,GRPL)	daoołhaal
yiłhaał	V;IND;PFV;NOM(2,PL)	woołhaal
yiłhaał	V;IND;PFV;NOM(2,SG)	yíłhaal
yiłhaał	V;IND;PFV;NOM(3,GRPL)	dayííłhaal
yiłhaał	V;IND;PFV;NOM(3,PL)	yiyííłhaal
yiłhaał	V;IND;PFV;NOM(3,SG)	yiyííłhaal
yiłhaał	V;IND;PFV;NOM(4,GRPL)	dajííłhaal
yiłhaał	V;IND;PFV;NOM(4,PL)	jííłhaal
yiłhaał	V;IND;PFV;NOM(4,SG)	jííłhaal
yiłnaad	V;IND;IPFV;NOM(1,GRPL)	deiilnaad
yiłnaad	V;IND;IPFV;NOM(1,PL)	yiilnaad
yiłnaad	V;IND;IPFV;NOM(1,SG)	yishnaad
yiłnaad	V;IND;IPFV;NOM(2,SG)	niłnaad
yiłnaad	V;IND;IPFV;NOM(3,PL)	yiłnaad
yiłnaad	V;IND;IPFV;NOM(4,GRPL)	dajiłnaad
yiłnaad	V;IND;IPFV;NOM(4,PL)	jiłnaad
yiłnaad	V;IND;IPFV;NOM(4,SG)	jiłnaad
yiłnaad	V;IND;PFV;NOM(1,GRPL)	dasiilnáád
yiłnaad	V;IND;PFV;NOM(1,PL)	yiilnáád
yiłnaad	V;IND;PFV;NOM(1,SG)	yíłnáád
yiłnaad	V;IND;PFV;NOM(2,SG)	yíníłnáád
yiłnaad	V;IND;PFV;NOM(3,GRPL)	dayííłnáád
yiłnaad	V;IND;PFV;NOM(3,SG)	yiyííłnáád
yiłnaad	V;IND;PFV;NOM(4,GRPL)	dajííłnáád
yiłnaad	V;IND;PFV;NOM(4,PL)	jííłnáád
yiłnaad	V;IND;PFV;NOM(4,SG)	jííłnáád
yiłnaad	V;IND;PROSP;NOM(1,PL)	diilnał
yiłnaad	V;IND;PROSP;NOM(1,SG)	deeshnał
yiłnaad	V;IND;PROSP;NOM(2,PL)	doołnał
yiłnaad	V;IND;PROSP;NOM(3,GRPL)	deidoołnał
yiłnaad	V;IND;PROSP;NOM(4,SG)	jidoołnał
yiłneʼ	V;IND;IPFV;NOM(1,GRPL)	deiilneʼ
yiłneʼ	V;IND;IPFV;NOM(1,PL)	yiilneʼ
yiłneʼ	V;IND;IPFV;NOM(1,SG)	yishneʼ
yiłneʼ	V;IND;IPFV;NOM(2,GRPL)	daałneʼ
yiłneʼ	V;IND;IPFV;NOM(2,PL)	wołneʼ
yiłneʼ	V;IND;IPFV;NOM(2,SG)	niłneʼ
yiłneʼ	V;IND;IPFV;NOM(3,GRPL)	deiłneʼ
yiłneʼ	V;IND;IPFV;NOM(3,PL)	yiłneʼ
yiłneʼ	V;IND;IPFV;NOM(3,SG)	yiłneʼ
yiłneʼ	V;IND;IPFV;NOM(4,GRPL)	dajiłneʼ
yiłneʼ	V;IND;IPFV;NOM(4,PL)	jiłneʼ
yiłneʼ	V;IND;IPFV;NOM(4,SG)	jiłneʼ
yiłneʼ	V;IND;PFV;NOM(1,GRPL)	deiilneʼ
yiłneʼ	V;IND;PFV;NOM(1,PL)	yiilneʼ
yiłneʼ	V;IND;PFV;NOM(1,SG)	yíłneʼ
yiłneʼ	V;IND;PFV;NOM(2,GRPL)	daoołneʼ
yiłneʼ	V;IND;PFV;NOM(2,PL)	woołneʼ
yiłneʼ	V;IND;PFV;NOM(2,SG)	yíníłneʼ
yiłneʼ	V;IND;PFV;NOM(3,GRPL)	dayííłneʼ
yiłneʼ	V;IND;PFV;NOM(3,PL)	yiyííłneʼ
yiłneʼ	V;IND;PFV;NOM(3,SG)	yiyííłneʼ
yiłneʼ	V;IND;PFV;NOM(4,GRPL)	dajííłneʼ
yiłneʼ	V;IND;PFV;NOM(4,PL)	jííłneʼ
yiłneʼ	V;IND;PFV;NOM(4,SG)	jííłneʼ
yiłtin	V;IND;IPFV;NOM(1,GRPL)	deiiltin
yiłtin	V;IND;IPFV;NOM(1,PL)	yiiltin
yiłtin	V;IND;IPFV;NOM(1,SG)	yishtin
yiłtin	V;IND;IPFV;NOM(2,GRPL)	daałtin
yiłtin	V;IND;IPFV;NOM(2,PL)	wołtin
yiłtin	V;IND;IPFV;NOM(2,SG)	niłtin
yiłtin	V;IND;IPFV;NOM(3,GRPL)	deiłtin
yiłtin	V;IND;IPFV;NOM(3,PL)	yiłtin
yiłtin	V;IND;IPFV;NOM(3,SG)	yiłtin
yiłtin	V;IND;IPFV;NOM(4,GRPL)	dajiłtin
yiłtin	V;IND;IPFV;NOM(4,PL)	jiłtin
yiłtin	V;IND;IPFV;NOM(4,SG)	jiłtin
yiłtin	V;IND;PFV;NOM(1,GRPL)	deiiltin
yiłtin	V;IND;PFV;NOM(1,PL)	yiiltin
yiłtin	V;IND;PFV;NOM(1,SG)	yíłtin
yiłtin	V;IND;PFV;NOM(2,GRPL)	daoołtin
yiłtin	V;IND;PFV;NOM(2,PL)	woołtin
yiłtin	V;IND;PFV;NOM(2,SG)	yíłtin
yiłtin	V;IND;PFV;NOM(3,GRPL)	dayííłtin
yiłtin	V;IND;PFV;NOM(3,PL)	yiyííłtin
yiłtin	V;IND;PFV;NOM(3,SG)	yiyííłtin
yiłtin	V;IND;PFV;NOM(4,GRPL)	dajííłtin
yiłtin	V;IND;PFV;NOM(4,PL)	jííłtin
yiłtin	V;IND;PFV;NOM(4,SG)	jííłtin
yiłtsʼééh	V;IND;IPFV;NOM(1,GRPL)	deiiltsʼééh
yiłtsʼééh	V;IND;IPFV;NOM(1,PL)	yiiltsʼééh
yiłtsʼééh	V;IND;IPFV;NOM(1,SG)	yishtsʼééh
yiłtsʼééh	V;IND;IPFV;NOM(2,GRPL)	daałtsʼééh
yiłtsʼééh	V;IND;IPFV;NOM(2,PL)	wołtsʼééh
yiłtsʼééh	V;IND;IPFV;NOM(2,SG)	niłtsʼééh
yiłtsʼééh	V;IND;IPFV;NOM(3,GRPL)	deiłtsʼééh
yiłtsʼééh	V;IND;IPFV;NOM(3,PL)	yiłtsʼééh
yiłtsʼééh	V;IND;IPFV;NOM(3,SG)	yiłtsʼééh
yiłtsʼééh	V;IND;IPFV;NOM(4,GRPL)	dajiłtsʼééh
yiłtsʼééh	V;IND;IPFV;NOM(4,PL)	jiłtsʼééh
yiłtsʼééh	V;IND;IPFV;NOM(4,SG)	jiłtsʼééh
yiłtsʼééh	V;IND;PFV;NOM(1,GRPL)	dasiiltsʼiʼ
yiłtsʼééh	V;IND;PFV;NOM(1,PL)	yiiltsʼiʼ
yiłtsʼééh	V;IND;PFV;NOM(1,SG)	yíłtsʼiʼ
yiłtsʼééh	V;IND;PFV;NOM(2,GRPL)	dasoołtsʼiʼ
yiłtsʼééh	V;IND;PFV;NOM(2,PL)	woołtsʼiʼ
yiłtsʼééh	V;IND;PFV;NOM(2,SG)	yíłtsʼiʼ
yiłtsʼééh	V;IND;PFV;NOM(3,GRPL)	dayííłtsʼiʼ
yiłtsʼééh	V;IND;PFV;NOM(3,PL)	yiyííłtsʼiʼ
yiłtsʼééh	V;IND;PFV;NOM(3,SG)	yiyííłtsʼiʼ
yiłtsʼééh	V;IND;PFV;NOM(4,GRPL)	dajííłtsʼiʼ
yiłtsʼééh	V;IND;PFV;NOM(4,PL)	jííłtsʼiʼ
yiłtsʼééh	V;IND;PFV;NOM(4,SG)	jííłtsʼiʼ
yiłtʼees	V;IND;IPFV;NOM(1,GRPL)	deiiltʼees
yiłtʼees	V;IND;IPFV;NOM(1,PL)	yiiltʼees
yiłtʼees	V;IND;IPFV;NOM(1,SG)	yistʼees
yiłtʼees	V;IND;IPFV;NOM(2,GRPL)	daałtʼees
yiłtʼees	V;IND;IPFV;NOM(2,PL)	wołtʼees
yiłtʼees	V;IND;IPFV;NOM(3,GRPL)	deiłtʼees
yiłtʼees	V;IND;IPFV;NOM(4,SG)	jiłtʼees
yiłtʼees	V;IND;PFV;NOM(1,PL)	yiiltʼiz
yiłtʼees	V;IND;PFV;NOM(2,GRPL)	daoołtʼiz
yiłtʼees	V;IND;PFV;NOM(2,PL)	woołtʼiz
yiłtʼees	V;IND;PFV;NOM(3,GRPL)	dayííłtʼiz
yiłtʼees	V;IND;PFV;NOM(3,PL)	yiyííłtʼiz
yiłtʼees	V;IND;PFV;NOM(3,SG)	yiyííłtʼiz
yiłtʼees	V;IND;PROSP;NOM(1,PL)	diiltʼis
yiłtʼees	V;IND;PROSP;NOM(2,GRPL)	dadoołtʼis
yiłtʼees	V;IND;PROSP;NOM(2,PL)	doołtʼis
yiłtʼees	V;IND;PROSP;NOM(2,SG)	dííłtʼis
yiłtʼees	V;IND;PROSP;NOM(3,GRPL)	deidoołtʼis
yiłtʼees	V;IND;PROSP;NOM(3,PL)	yidoołtʼis
yiłtʼees	V;IND;PROSP;NOM(3,SG)	yidoołtʼis
yiłtʼees	V;IND;PROSP;NOM(4,PL)	jidoołtʼis
yiłtʼees	V;IND;PROSP;NOM(4,SG)	jidoołtʼis
yootʼááł	V;IND;PFV;NOM(1,GRPL)	deíníitʼááł
yootʼááł	V;IND;PFV;NOM(1,PL)	yiitʼááł
yootʼááł	V;IND;PFV;NOM(1,SG)	yishtʼááł
yootʼááł	V;IND;PFV;NOM(2,GRPL)	daootʼááł
yootʼááł	V;IND;PFV;NOM(2,PL)	wootʼááł
yootʼááł	V;IND;PFV;NOM(2,SG)	yítʼááł
yootʼááł	V;IND;PFV;NOM(3,GRPL)	deítʼááł
yootʼááł	V;IND;PFV;NOM(3,PL)	yootʼááł
yootʼááł	V;IND;PFV;NOM(3,SG)	yootʼááł
yootʼááł	V;IND;PFV;NOM(4,GRPL)	dajítʼááł
yootʼááł	V;IND;PFV;NOM(4,PL)	jootʼááł
yootʼááł	V;IND;PFV;NOM(4,SG)	jootʼááł
yooznah	V;IND;IPFV;NOM(2,SG)	nooznah
yooznah	V;IND;IPFV;NOM(4,GRPL)	dajooznah
yooznah	V;IND;ITER;NOM(1,GRPL)	deíníiznah
yooznah	V;IND;ITER;NOM(1,PL)	yiilznah
yooznah	V;IND;ITER;NOM(1,SG)	yisnah
yooznah	V;IND;ITER;NOM(2,PL)	wooznah
yooznah	V;IND;ITER;NOM(3,PL)	yooznah
yooznah	V;IND;ITER;NOM(4,PL)	jooznah
yooznah	V;IND;ITER;NOM(4,SG)	jooznah
yooznah	V;IND;PFV;NOM(2,PL)	wooznah
yooznah	V;IND;PFV;NOM(3,PL)	yooznah
yooznah	V;IND;PFV;NOM(3,SG)	yooznah
yooznah	V;IND;PROSP;NOM(1,GRPL)	dadiilznah
yooznah	V;IND;PROSP;NOM(2,GRPL)	dadoohnah
yooznah	V;IND;PROSP;NOM(2,SG)	dííznah
yooznah	V;IND;PROSP;NOM(3,GRPL)	deidooznah
yooznah	V;IND;PROSP;NOM(3,SG)	yooznah
yooznah	V;IND;PROSP;NOM(4,GRPL)	dazhdooznah
yooznah	V;IND;PROSP;NOM(4,SG)	jidooznah
yooznah	V;OPT;NOM(3,GRPL)	deíznah
yooznah	V;OPT;NOM(3,SG)	yooznah
yooznah	V;OPT;NOM(4,GRPL)	dajooznah
yooznah	V;OPT;NOM(4,SG)	jooznah
yoozǫ́ǫ́s	V;IND;PFV;NOM(1,GRPL)	deíníizǫ́ǫ́z
yoozǫ́ǫ́s	V;IND;PFV;NOM(1,PL)	yiidǫ́ǫ́z
yoozǫ́ǫ́s	V;IND;PFV;NOM(1,SG)	yisǫ́ǫ́z
yoozǫ́ǫ́s	V;IND;PFV;NOM(2,GRPL)	daoozǫ́ǫ́z
yoozǫ́ǫ́s	V;IND;PFV;NOM(2,PL)	woozǫ́ǫ́z
yoozǫ́ǫ́s	V;IND;PFV;NOM(2,SG)	yízǫ́ǫ́z
yoozǫ́ǫ́s	V;IND;PFV;NOM(3,GRPL)	deízǫ́ǫ́z
yoozǫ́ǫ́s	V;IND;PFV;NOM(3,PL)	yoozǫ́ǫ́z
yoozǫ́ǫ́s	V;IND;PFV;NOM(3,SG)	yoozǫ́ǫ́z
yoozǫ́ǫ́s	V;IND;PFV;NOM(4,GRPL)	dajízǫ́ǫ́z
yoozǫ́ǫ́s	V;IND;PFV;NOM(4,PL)	joozǫ́ǫ́z
yoozǫ́ǫ́s	V;IND;PFV;NOM(4,SG)	joozǫ́ǫ́z
yoołbąs	V;IND;PFV;NOM(1,GRPL)	deíníilbąz
yoołbąs	V;IND;PFV;NOM(1,PL)	yiilbąs
yoołbąs	V;IND;PFV;NOM(1,SG)	yíłbąs
yoołbąs	V;IND;PFV;NOM(2,GRPL)	daoołbąs
yoołbąs	V;IND;PFV;NOM(2,PL)	woołbąs
yoołbąs	V;IND;PFV;NOM(2,SG)	yíłbą́z
yoołbąs	V;IND;PFV;NOM(3,GRPL)	deíłbąz
yoołbąs	V;IND;PFV;NOM(3,PL)	yoołbąs
yoołbąs	V;IND;PFV;NOM(3,SG)	yoołbąs
yoołbąs	V;IND;PFV;NOM(4,GRPL)	dajííłbąz
yoołbąs	V;IND;PFV;NOM(4,PL)	joołbąs
yoołbąs	V;IND;PFV;NOM(4,SG)	joołbąs
yoołtʼah	V;IND;PFV;NOM(1,GRPL)	deíníiltʼah
yoołtʼah	V;IND;PFV;NOM(1,PL)	yiiltʼah
yoołtʼah	V;IND;PFV;NOM(1,SG)	yishtʼah
yoołtʼah	V;IND;PFV;NOM(2,GRPL)	daoołtʼah
yoołtʼah	V;IND;PFV;NOM(2,PL)	wołtʼah
yoołtʼah	V;IND;PFV;NOM(2,SG)	yíłtʼah
yoołtʼah	V;IND;PFV;NOM(3,GRPL)	deíłtʼah
yoołtʼah	V;IND;PFV;NOM(3,PL)	yoołtʼah
yoołtʼah	V;IND;PFV;NOM(3,SG)	yoołtʼah
yoołtʼah	V;IND;PFV;NOM(4,GRPL)	dajoołtʼah
yoołtʼah	V;IND;PFV;NOM(4,PL)	joołtʼah
yoołtʼah	V;IND;PFV;NOM(4,SG)	joołtʼah
yólgę́ę́zh	V;IND;PFV;NOM(1,GRPL)	deíníilgę́ę́zh
yólgę́ę́zh	V;IND;PFV;NOM(1,PL)	yiilgę́ę́zh
yólgę́ę́zh	V;IND;PFV;NOM(1,SG)	yíníshgę́ę́zh
yólgę́ę́zh	V;IND;PFV;NOM(2,GRPL)	daoołgę́ę́zh
yólgę́ę́zh	V;IND;PFV;NOM(2,PL)	woołgę́ę́zh
yólgę́ę́zh	V;IND;PFV;NOM(2,SG)	yínílgę́ę́zh
yólgę́ę́zh	V;IND;PFV;NOM(3,GRPL)	deílgę́ę́zh
yólgę́ę́zh	V;IND;PFV;NOM(3,PL)	yólgę́ę́zh
yólgę́ę́zh	V;IND;PFV;NOM(3,SG)	yólgę́ę́zh
yólgę́ę́zh	V;IND;PFV;NOM(4,GRPL)	dajílgę́ę́zh
yólgę́ę́zh	V;IND;PFV;NOM(4,PL)	jíílgę́ę́zh
yólgę́ę́zh	V;IND;PFV;NOM(4,SG)	jíílgę́ę́zh
łitsxo	V;IND;PFV;NOM(1,GRPL)	deiitsxo
łitsxo	V;IND;PFV;NOM(1,PL)	łiniitsxo
łitsxo	V;IND;PFV;NOM(1,SG)	łistsxo
łitsxo	V;IND;PFV;NOM(2,GRPL)	dałinohtsxo
łitsxo	V;IND;PFV;NOM(2,PL)	łisootsxo
łitsxo	V;IND;PFV;NOM(2,SG)	łinítsxo
łitsxo	V;IND;PFV;NOM(3,GRPL)	dałitsxo
łitsxo	V;IND;PFV;NOM(3,PL)	łitsxo
łitsxo	V;IND;PFV;NOM(3,SG)	łitsxo
łitsxo	V;IND;PFV;NOM(4,GRPL)	dajíítsxo
łitsxo	V;IND;PFV;NOM(4,PL)	jíítsxo
łitsxo	V;IND;PFV;NOM(4,SG)	jíítsxo
łíidilchí	V;IND;IPFV;NOM(1,GRPL)	łídadiilchí
łíidilchí	V;IND;IPFV;NOM(1,PL)	łídiilchí
łíidilchí	V;IND;IPFV;NOM(1,SG)	łídishchí
łíidilchí	V;IND;IPFV;NOM(2,GRPL)	łídadoołchí
łíidilchí	V;IND;IPFV;NOM(2,PL)	łídohłchí
łíidilchí	V;IND;IPFV;NOM(2,SG)	łídílchí
łíidilchí	V;IND;IPFV;NOM(3,GRPL)	łídadilchí
łíidilchí	V;IND;IPFV;NOM(3,PL)	łíidilchí
łíidilchí	V;IND;IPFV;NOM(3,SG)	łíidilchí
łíidilchí	V;IND;IPFV;NOM(4,GRPL)	łídazhdilchí
łíidilchí	V;IND;IPFV;NOM(4,PL)	łíjidilchí
łíidilchí	V;IND;IPFV;NOM(4,SG)	łízhdilchí
łíidilchí	V;IND;PFV;NOM(1,GRPL)	łídadiilchí
łíidilchí	V;IND;PFV;NOM(1,PL)	łídidiilchí
łíidilchí	V;IND;PFV;NOM(1,SG)	łídeeshchį́
łíidilchí	V;IND;PFV;NOM(2,GRPL)	łídadoołchí
łíidilchí	V;IND;PFV;NOM(2,PL)	łídoołchí
łíidilchí	V;IND;PFV;NOM(2,SG)	łídínílchí
łíidilchí	V;IND;PFV;NOM(3,GRPL)	łídadidilchí
łíidilchí	V;IND;PFV;NOM(3,PL)	łíidilchí
łíidilchí	V;IND;PFV;NOM(3,SG)	łíidilchí
łíidilchí	V;IND;PFV;NOM(4,GRPL)	łídazhdíílchí
łíidilchí	V;IND;PFV;NOM(4,PL)	łízhdíílchí
łíidilchí	V;IND;PFV;NOM(4,SG)	łízhdíílchí
accuracy:0.505