zszywacz	N;ESS(PL)	zszywaczach
zszywacz	N;INS(PL)	zszywaczami
zszywacz	N;INS(SG)	zszywaczem
zszywacz	N;ACC(PL)	zszywacze
zszywacz	N;NOM(PL)	zszywacze
zszywacz	N;VOC(PL)	zszywacze
zszywacz	N;DAT(PL)	zszywaczom
zszywacz	N;VOC(SG)	zszywaczu
zszywacz	N;GEN(PL)	zszywaczy
seler	N;ESS(PL)	selerach
seler	N;ACC(SG)	seler
seler	N;NOM(SG)	seler
seler	N;DAT(PL)	selerom
seler	N;DAT(SG)	selerowi
seler	N;NOM(PL)	selery
seler	N;VOC(PL)	selery
seler	N;VOC(SG)	selerze
obejmować	V;FUT;NOM(3,PL,MASC,HUM)	będą obejmowali
obejmować	V;FUT;NOM(1,SG,FEM)	będę obejmowała
obejmować	V;FUT;NOM(1,SG,MASC)	będę obejmował
obejmować	V;FUT;NOM(2,PL)	będziecie obejmowały
obejmować	V;FUT;NOM(3,SG,NEUT)	będzie obejmowało
obejmować	V;FUT;NOM(2,SG,FEM)	będziesz obejmowała
obejmować	V;FUT;NOM(2,SG,MASC)	będziesz obejmował
obejmować	V;IMP;NOM(3,PL)	niech obejmują
obejmować	V;COND;NOM(2,SG,FEM)	obejmowałabyś
obejmować	V;PST;NOM(1,SG,FEM)	obejmowałam
obejmować	V;COND;NOM(2,SG,MASC)	obejmowałbyś
obejmować	V;COND;NOM(3,SG,MASC)	obejmowałby
obejmować	V;PST;NOM(1,SG,MASC)	obejmowałem
obejmować	V;PST;NOM(2,SG,MASC)	obejmowałeś
obejmować	V;COND;NOM(1,PL,MASC,HUM)	obejmowalibyśmy
obejmować	V;PST;NOM(3,PL,MASC,HUM)	obejmowali
obejmować	V;COND;NOM(2,PL)	obejmowałybyście
obejmować	V;COND;NOM(1,PL)	obejmowałybyśmy
obejmować	V;PST;NOM(1,PL)	obejmowałyśmy
obejmować	V.MSDR;NOM()	obejmowanie
obejmować	V.PTCP;PST;ACT;NOM(PL,MASC,HUM)	obejmujący
obejmować	V.PTCP;PST;ACT;NOM(SG,MASC)	obejmujący
obejmować	V;PRS;NOM(3,PL)	obejmują
obejmować	V;IMP;NOM(2,PL)	obejmujcie
obejmować	V;PRS;NOM(2,PL)	obejmujcie
obejmować	V;PRS;NOM(2,SG)	obejmujesz
obejmować	V;PRS;NOM(1,SG)	obejmuje
obejmować	V;PRS;NOM(3,SG)	obejmuje
obejmować	V;IMP;NOM(1,PL)	obejmujmy
frywolny	ADJ;ACC(SG,FEM)	frywolną
frywolny	ADJ;INS(SG,FEM)	frywolną
frywolny	ADJ;NOM(SG,NEUT)	frywolne
frywolny	ADJ;ACC(SG,MASC,ANIM)	frywolnego
frywolny	ADJ;ACC(SG,MASC,HUM)	frywolnego
frywolny	ADJ;ESS(SG,FEM)	frywolnej
frywolny	ADJ;DAT(SG,MASC)	frywolnemu
frywolny	ADJ;NOM(PL,MASC,HUM)	frywolni
frywolny	ADJ;ACC(SG,MASC,INAN)	frywolny
frywolny	ADJ;NOM(SG,MASC)	frywolny
frywolny	ADJ;DAT(PL)	frywolnym
frywolny	ADJ;ESS(SG,MASC)	frywolnym
frywolny	ADJ;INS(SG,MASC)	frywolnym
frywolny	ADJ;ESS(SG,NEUT)	frywolnym
lipa	N;ESS(PL)	lipach
lipa	N;INS(SG)	lipą
lipa	N;NOM(SG)	lipa
lipa	N;ACC(SG)	lipę
lipa	N;DAT(SG)	lipie
lipa	N;DAT(PL)	lipom
lipa	N;VOC(SG)	lipo
lipa	N;GEN(SG)	lipy
mak	N;ESS(PL)	makach
mak	N;INS(PL)	makami
mak	N;INS(SG)	makiem
mak	N;ACC(PL)	maki
mak	N;NOM(PL)	maki
mak	N;DAT(PL)	makom
mak	N;GEN(PL)	maków
mak	N;ESS(SG)	maku
mak	N;GEN(SG)	maka
telenowela	N;INS(PL)	telenowelami
telenowela	N;NOM(SG)	telenowela
telenowela	N;ACC(PL)	telenowele
telenowela	N;VOC(PL)	telenowele
telenowela	N;ESS(SG)	telenoweli
telenowela	N;GEN(SG)	telenoweli
telenowela	N;GEN(PL)	telenowel
telenowela	N;VOC(SG)	telenowelo
środowisko	N;GEN(PL)	środowisk
środowisko	N;INS(PL)	środowiskami
środowisko	N;GEN(SG)	środowiska
środowisko	N;NOM(PL)	środowiska
środowisko	N;INS(SG)	środowiskiem
środowisko	N;ACC(SG)	środowisko
środowisko	N;NOM(SG)	środowisko
środowisko	N;ESS(SG)	środowisku
telefonowanie	N;GEN(SG)	telefonowania
telefonowanie	N;VOC(SG)	telefonowanie
telefonowanie	N;ESS(SG)	telefonowaniu
cholerny	ADJ;ACC(SG,FEM)	cholerną
cholerny	ADJ;ACC(PL)	cholerne
cholerny	ADJ;ACC(SG,NEUT)	cholerne
cholerny	ADJ;GEN(SG,MASC)	cholernego
cholerny	ADJ;GEN(SG,FEM)	cholernej
cholerny	ADJ;NOM(PL,MASC,HUM)	cholerni
cholerny	ADJ;ACC(SG,MASC,INAN)	cholerny
cholerny	ADJ;ESS(PL)	cholernych
cholerny	ADJ;ACC(PL,MASC,HUM)	cholernych
cholerny	ADJ;INS(SG,MASC)	cholernym
cholerny	ADJ;ESS(SG,NEUT)	cholernym
cholerny	ADJ;INS(SG,NEUT)	cholernym
cholerny	ADJ;INS(PL)	cholernymi
utlenić	V;IMP;NOM(1,SG)	niech utlenij
utlenić	V;IMP;NOM(3,SG)	niech utleni
utlenić	V;IMP;NOM(2,PL)	utlenijcie
utlenić	V;FUT;NOM(2,PL)	będziecie utleniły
utlenić	V;NFIN;NOM()	utlenić
utlenić	V;FUT;NOM(1,SG)	będę utleniła
utlenić	V;COND;NOM(1,SG,FEM)	utleniłabym
utlenić	V;COND;NOM(3,SG,FEM)	utleniłaby
utlenić	V;PST;NOM(1,SG,FEM)	utleniłam
utlenić	V;PST;NOM(3,SG,FEM)	utleniła
utlenić	V;COND;NOM(3,SG,MASC)	utleniłby
utlenić	V;PST;NOM(1,SG,MASC)	utleniłem
utlenić	V;COND;NOM(2,PL,MASC,HUM)	utlenilibyście
utlenić	V;COND;NOM(1,PL,MASC,HUM)	utlenilibyśmy
utlenić	V;COND;NOM(3,PL,MASC,HUM)	utleniliby
utlenić	V;PST;NOM(2,PL,MASC,HUM)	utleniliście
utlenić	V;PST;NOM(3,SG,MASC)	utlenił
utlenić	V;COND;NOM(2,PL)	utleniłybyście
utlenić	V;COND;NOM(1,PL)	utleniłybyśmy
utlenić	V;COND;NOM(3,PL)	utleniłyby
utlenić	V;PST;NOM(2,PL)	utleniłyście
utlenić	V.PTCP;PST;PASS;NOM(SG,NEUT)	utlenione
utlenić	V.PTCP;PST;PASS;NOM()	utleniono
utlenić	V.PTCP;PST;PASS;NOM(SG,MASC)	utleniony
utlenić	V;FUT;NOM(3,SG)	będzie utleniło
utlenić	V.CVB;PST;NOM()	utleniono
utlenić	V;IMP;NOM(1,PL)	utlenimy
łycha	N;ESS(PL)	łychach
łycha	N;NOM(SG)	łycha
łycha	N;ACC(SG)	łychę
łycha	N;GEN(PL)	łych
łycha	N;VOC(SG)	łycho
łycha	N;ACC(PL)	łychy
łycha	N;ESS(SG)	łychie
budżetówka	N;DAT(SG)	budżetówce
budżetówka	N;ESS(SG)	budżetówce
budżetówka	N;GEN(PL)	budżetówek
budżetówka	N;VOC(PL)	budżetówki
budżetówka	N;VOC(SG)	budżetówko
zalogować	V;IMP;NOM(3,PL)	niech zalogują
zalogować	V;NFIN;NOM()	zalogować
zalogować	V;COND;NOM(2,SG,FEM)	zalogowałabyś
zalogować	V;COND;NOM(3,SG,FEM)	zalogowałaby
zalogować	V;PST;NOM(1,SG,FEM)	zalogowałam
zalogować	V;PST;NOM(2,SG,FEM)	zalogowałaś
zalogować	V;COND;NOM(1,SG,MASC)	zalogowałbym
zalogować	V;COND;NOM(3,SG,MASC)	zalogowałby
zalogować	V;PST;NOM(2,SG,MASC)	zalogowałeś
zalogować	V;PST;NOM(2,PL,MASC,HUM)	zalogowaliście
zalogować	V;PST;NOM(1,PL,MASC,HUM)	zalogowaliśmy
zalogować	V;PST;NOM(3,PL,MASC,HUM)	zalogowali
zalogować	V;PST;NOM(3,SG,NEUT)	zalogowało
zalogować	V;PST;NOM(3,SG,MASC)	zalogował
zalogować	V;COND;NOM(2,PL)	zalogowałybyście
zalogować	V;COND;NOM(3,PL)	zalogowałyby
zalogować	V.PTCP;PST;PASS;NOM()	zalogowano
zalogować	V.CVB;PST;NOM()	zalogowano
zalogować	V;FUT;NOM(3,PL)	będą zalogowały
zalogować	V;FUT;NOM(2,PL)	będziecie zalogowały
zalogować	V;FUT;NOM(1,PL)	będziemy zalogowały
zalogować	V;FUT;NOM(3,SG)	będzie zalogowało
zalogować	V;IMP;NOM(2,SG)	zaloguj
przyjemniejszy	ADJ;NOM(PL,MASC,HUM)	przyjemniejsi
przyjemniejszy	ADJ;ACC(SG,FEM)	przyjemniejszą
przyjemniejszy	ADJ;NOM(SG,FEM)	przyjemniejsza
przyjemniejszy	ADJ;ACC(PL)	przyjemniejsze
przyjemniejszy	ADJ;ACC(SG,NEUT)	przyjemniejsze
przyjemniejszy	ADJ;NOM(PL)	przyjemniejsze
przyjemniejszy	ADJ;ACC(SG,MASC,ANIM)	przyjemniejszego
przyjemniejszy	ADJ;GEN(SG,MASC)	przyjemniejszego
przyjemniejszy	ADJ;ACC(SG,MASC,HUM)	przyjemniejszego
przyjemniejszy	ADJ;GEN(SG,FEM)	przyjemniejszej
przyjemniejszy	ADJ;DAT(SG,MASC)	przyjemniejszemu
przyjemniejszy	ADJ;ACC(SG,MASC,INAN)	przyjemniejszy
przyjemniejszy	ADJ;NOM(SG,MASC)	przyjemniejszy
przyjemniejszy	ADJ;ESS(PL)	przyjemniejszych
przyjemniejszy	ADJ;GEN(PL)	przyjemniejszych
przyjemniejszy	ADJ;ESS(SG,MASC)	przyjemniejszym
przyjemniejszy	ADJ;ESS(SG,NEUT)	przyjemniejszym
przyjemniejszy	ADJ;INS(SG,NEUT)	przyjemniejszym
powietrzny	ADJ;ACC(PL)	powietrzne
powietrzny	ADJ;ACC(SG,NEUT)	powietrzne
powietrzny	ADJ;NOM(SG,NEUT)	powietrzne
powietrzny	ADJ;NOM(PL)	powietrzne
powietrzny	ADJ;ACC(SG,MASC,HUM)	powietrznego
powietrzny	ADJ;GEN(SG,FEM)	powietrznej
powietrzny	ADJ;DAT(SG,NEUT)	powietrznemu
powietrzny	ADJ;NOM(PL,MASC,HUM)	powietrzni
powietrzny	ADJ;ACC(SG,MASC,INAN)	powietrzny
powietrzny	ADJ;NOM(SG,MASC)	powietrzny
powietrzny	ADJ;ESS(PL)	powietrznych
powietrzny	ADJ;GEN(PL)	powietrznych
powietrzny	ADJ;ACC(PL,MASC,HUM)	powietrznych
powietrzny	ADJ;DAT(PL)	powietrznym
powietrzny	ADJ;ESS(SG,NEUT)	powietrznym
powietrzny	ADJ;INS(SG,NEUT)	powietrznym
powietrzny	ADJ;INS(PL)	powietrznymi
jadać	V;FUT;NOM(3,PL)	będą jadały
jadać	V;FUT;NOM(1,SG,FEM)	będę jadała
jadać	V;FUT;NOM(1,SG,MASC)	będę jadał
jadać	V;FUT;NOM(2,PL)	będziecie jadały
jadać	V;FUT;NOM(3,SG,NEUT)	będzie jadało
jadać	V;FUT;NOM(2,SG,FEM)	będziesz jadała
jadać	V;NFIN;NOM()	jadać
jadać	V.PTCP;PST;ACT;NOM(SG,FEM)	jadająca
jadać	V.PTCP;PST;ACT;NOM(PL)	jadające
jadać	V.PTCP;PST;ACT;NOM(SG,NEUT)	jadające
jadać	V.CVB;NOM()	jadając
jadać	V;IMP;NOM(2,PL)	jadajcie
jadać	V;PST;NOM(3,SG,FEM)	jadała
jadać	V;COND;NOM(2,PL,MASC,HUM)	jadalibyście
jadać	V;COND;NOM(1,PL,MASC,HUM)	jadalibyśmy
jadać	V;PST;NOM(2,PL,MASC,HUM)	jadaliście
jadać	V;PST;NOM(3,PL,MASC,HUM)	jadali
jadać	V;PST;NOM(3,SG,NEUT)	jadało
jadać	V;PST;NOM(3,SG,MASC)	jadał
jadać	V;COND;NOM(2,PL)	jadałybyście
jadać	V;PST;NOM(2,PL)	jadałyście
jadać	V;PRS;NOM(1,SG)	jadam
jadać	V;PRS;NOM(1,PL)	jadamy
jadać	V.PTCP;PST;PASS;NOM(SG,NEUT)	jadane
jadać	V.PTCP;PST;PASS;NOM(PL,MASC,HUM)	jadający
jadać	V;PRS;NOM(3,SG)	jada
przyjaciel	N;ACC(SG)	przyjaciel
przyjaciel	N;GEN(SG)	przyjaciala
przyjaciel	N;INS(SG)	przyjacielem
przyjaciel	N;ESS(SG)	przyjaciu
przyjaciel	N;GEN(PL)	przyjaciali
przyjaciel	N;DAT(PL)	przyjacilom
zasób	N;ESS(PL)	zasóbach
zasób	N;INS(PL)	zasóbami
zasób	N;ACC(SG)	zasób
zasób	N;NOM(SG)	zasób
zasób	N;DAT(PL)	zasóbom
zasób	N;NOM(PL)	zasóby
spot	N;VOC(SG)	spocie
spot	N;ESS(PL)	spotach
spot	N;INS(PL)	spotami
spot	N;ACC(SG)	spot
spot	N;NOM(SG)	spot
spot	N;DAT(SG)	spocie
spot	N;GEN(PL)	spotów
leśny	ADJ;ACC(SG,FEM)	leśną
leśny	ADJ;INS(SG,FEM)	leśną
leśny	ADJ;ACC(SG,NEUT)	leśne
leśny	ADJ;NOM(SG,NEUT)	leśne
leśny	ADJ;NOM(PL)	leśne
leśny	ADJ;ACC(SG,MASC,HUM)	leśnego
leśny	ADJ;DAT(SG,FEM)	leśnej
leśny	ADJ;GEN(SG,FEM)	leśnej
leśny	ADJ;NOM(PL,MASC,HUM)	leśni
leśny	ADJ;ACC(SG,MASC,INAN)	leśny
leśny	ADJ;NOM(SG,MASC)	leśny
leśny	ADJ;ESS(PL)	leśnych
leśny	ADJ;GEN(PL)	leśnych
leśny	ADJ;ACC(PL,MASC,HUM)	leśnych
leśny	ADJ;ESS(SG,MASC)	leśnym
leśny	ADJ;INS(SG,MASC)	leśnym
leśny	ADJ;ESS(SG,NEUT)	leśnym
leśny	ADJ;INS(SG,NEUT)	leśnym
iniekcja	N;ESS(PL)	iniekcjach
iniekcja	N;INS(PL)	iniekcjami
iniekcja	N;INS(SG)	iniekcją
iniekcja	N;ESS(SG)	iniekcji
iniekcja	N;GEN(PL)	iniekcji
azerbejdżański	ADJ;NOM(PL,MASC,HUM)	azerbejdżańscy
azerbejdżański	ADJ;ACC(SG,FEM)	azerbejdżańską
azerbejdżański	ADJ;INS(SG,FEM)	azerbejdżańską
azerbejdżański	ADJ;NOM(SG,FEM)	azerbejdżańska
azerbejdżański	ADJ;ACC(SG,MASC,INAN)	azerbejdżański
azerbejdżański	ADJ;NOM(SG,MASC)	azerbejdżański
azerbejdżański	ADJ;ESS(PL)	azerbejdżańskich
azerbejdżański	ADJ;GEN(PL)	azerbejdżańskich
azerbejdżański	ADJ;ACC(PL)	azerbejdżańskie
azerbejdżański	ADJ;NOM(SG,NEUT)	azerbejdżańskie
azerbejdżański	ADJ;ACC(SG,MASC,ANIM)	azerbejdżańskiego
azerbejdżański	ADJ;DAT(SG,FEM)	azerbejdżańskiej
azerbejdżański	ADJ;GEN(SG,FEM)	azerbejdżańskiej
azerbejdżański	ADJ;DAT(SG,MASC)	azerbejdżańskiemu
azerbejdżański	ADJ;DAT(SG,NEUT)	azerbejdżańskiemu
azerbejdżański	ADJ;DAT(PL)	azerbejdżańskim
azerbejdżański	ADJ;ESS(SG,MASC)	azerbejdżańskim
azerbejdżański	ADJ;ESS(SG,NEUT)	azerbejdżańskim
azerbejdżański	ADJ;INS(SG,NEUT)	azerbejdżańskim
azerbejdżański	ADJ;INS(PL)	azerbejdżańskimi
nawyk	N;ESS(PL)	nawykach
nawyk	N;INS(SG)	nawykiem
nawyk	N;VOC(PL)	nawyki
nawyk	N;ACC(SG)	nawyk
nawyk	N;NOM(SG)	nawyk
nawyk	N;DAT(PL)	nawykom
nawyk	N;DAT(SG)	nawykowi
nawyk	N;GEN(SG)	nawyka
rybałt	N;ESS(SG)	rybałce
rybałt	N;NOM(PL)	rybałty
rybałt	N;ESS(PL)	rybałtach
rybałt	N;ACC(SG)	rybałt
rybałt	N;GEN(SG)	rybałtu
rybałt	N;INS(SG)	rybałtem
rybałt	N;NOM(SG)	rybałt
garaż	N;INS(PL)	garażami
garaż	N;ACC(PL)	garaże
garaż	N;VOC(PL)	garaże
garaż	N;NOM(SG)	garaż
garaż	N;DAT(PL)	garażom
garaż	N;DAT(SG)	garażowi
garaż	N;VOC(SG)	garażu
garaż	N;GEN(PL)	garaży
struktura	N;INS(PL)	strukturami
struktura	N;NOM(SG)	struktura
struktura	N;ACC(SG)	strukturę
struktura	N;GEN(PL)	struktur
struktura	N;VOC(SG)	strukturo
struktura	N;VOC(PL)	struktury
struktura	N;DAT(SG)	strukturze
struktura	N;ESS(SG)	strukturze
srać	V;FUT;NOM(3,PL,MASC,HUM)	będą srali
srać	V;FUT;NOM(3,PL)	będą srały
srać	V;FUT;NOM(1,SG,FEM)	będę srała
srać	V;FUT;NOM(1,PL,MASC,HUM)	będziemy srali
srać	V;FUT;NOM(3,SG,MASC)	będzie srał
srać	V;IMP;NOM(3,SG)	niech sra
srać	V;NFIN;NOM()	srać
srać	V.PTCP;PST;ACT;NOM(PL)	srające
srać	V.CVB;NOM()	srając
srać	V.PTCP;PST;ACT;NOM(PL,MASC,HUM)	srający
srać	V.PTCP;PST;ACT;NOM(SG,MASC)	srający
srać	V;PRS;NOM(3,PL)	srają
srać	V;IMP;NOM(2,PL)	srajcie
srać	V;COND;NOM(3,SG,FEM)	srałaby
srać	V;PST;NOM(1,SG,FEM)	srałam
srać	V;PST;NOM(2,SG,FEM)	srałaś
srać	V;COND;NOM(1,SG,MASC)	srałbym
srać	V;COND;NOM(3,PL,MASC,HUM)	sraliby
srać	V;PST;NOM(1,PL,MASC,HUM)	sraliśmy
srać	V;PST;NOM(3,PL,MASC,HUM)	srali
srać	V;COND;NOM(3,SG,NEUT)	srałoby
srać	V;COND;NOM(1,PL)	srałybyśmy
srać	V;PST;NOM(2,PL)	srałyście
srać	V;PRS;NOM(1,PL)	sramy
srać	V.PTCP;PST;PASS;NOM(SG,FEM)	srająca
srać	V.PTCP;PST;PASS;NOM(SG,MASC)	srany
srać	V;PRS;NOM(3,SG)	sra
jadeit	N;ACC(SG)	jadeit
jadeit	N;DAT(SG)	jadeicowi
jadeit	N;GEN(SG)	jadeitu
kij	N;INS(PL)	kijami
kij	N;INS(SG)	kijem
kij	N;ACC(PL)	kije
kij	N;ACC(SG)	kij
kij	N;DAT(SG)	kijowi
kij	N;ESS(SG)	kiju
kij	N;VOC(SG)	kiju
temblak	N;GEN(SG)	temblaka
temblak	N;NOM(PL)	temblaki
temblak	N;NOM(SG)	temblak
temblak	N;DAT(SG)	temblakowi
temblak	N;ESS(SG)	temblaku
szczypiorek	N;ACC(SG)	szczypiorek
szczypiorek	N;ESS(PL)	szczypiorkach
szczypiorek	N;INS(PL)	szczypiorkami
szczypiorek	N;ACC(PL)	szczypiorki
szczypiorek	N;DAT(PL)	szczypiorkom
szczypiorek	N;ESS(SG)	szczypiorku
eksplozja	N;ESS(PL)	eksplozjach
eksplozja	N;INS(PL)	eksplozjami
eksplozja	N;INS(SG)	eksplozją
eksplozja	N;NOM(SG)	eksplozja
eksplozja	N;ACC(PL)	eksplozje
eksplozja	N;ACC(SG)	eksplozję
eksplozja	N;VOC(PL)	eksplozje
eksplozja	N;DAT(SG)	eksplozji
eksplozja	N;ESS(SG)	eksplozji
eksplozja	N;GEN(PL)	eksplozji
eksplozja	N;GEN(SG)	eksplozji
eksplozja	N;VOC(SG)	eksplozjo
Bałt	N;ESS(SG)	Bałce
Bałt	N;VOC(SG)	Bałtie
Bałt	N;ESS(PL)	Bałtach
Bałt	N;INS(SG)	Bałtem
Bałt	N;DAT(PL)	Bałtom
Bałt	N;DAT(SG)	Bałtowi
Bałt	N;ACC(PL)	Bałty
mięsień	N;ACC(SG)	mięsień
mięsień	N;ESS(PL)	mięsieniach
mięsień	N;INS(PL)	mięsieniami
mięsień	N;ACC(PL)	mięsienia
mięsień	N;GEN(PL)	mięsień
mięsień	N;DAT(PL)	mięsieniom
mięsień	N;ESS(SG)	mięsieniu
powyłamywany	ADJ;INS(SG,FEM)	powyłamywaną
powyłamywany	ADJ;NOM(SG,FEM)	powyłamywana
powyłamywany	ADJ;ACC(PL)	powyłamywane
powyłamywany	ADJ;ACC(SG,NEUT)	powyłamywane
powyłamywany	ADJ;ACC(SG,MASC,ANIM)	powyłamywanego
powyłamywany	ADJ;GEN(SG,FEM)	powyłamywanej
powyłamywany	ADJ;DAT(SG,MASC)	powyłamywanemu
powyłamywany	ADJ;DAT(SG,NEUT)	powyłamywanemu
powyłamywany	ADJ;NOM(SG,MASC)	powyłamywany
szkwał	N;INS(PL)	szkwałami
szkwał	N;ESS(SG)	szkwale
szkwał	N;VOC(SG)	szkwału
szkwał	N;NOM(SG)	szkwał
szkwał	N;DAT(PL)	szkwałom
szkwał	N;GEN(PL)	szkwałów
szkwał	N;GEN(SG)	szkwału
szkwał	N;VOC(PL)	szkwały
łaknąć	V;FUT;NOM(3,PL)	będą łaknąły
łaknąć	V;FUT;NOM(2,PL,MASC,HUM)	będziecie łaknęli
łaknąć	V;FUT;NOM(3,SG,MASC)	będzie łaknął
łaknąć	V;FUT;NOM(1,PL,MASC,HUM)	będziemy łaknęli
łaknąć	V;FUT;NOM(1,PL)	będziemy łaknąły
łaknąć	V;FUT;NOM(2,SG,MASC)	będziesz łaknął
łaknąć	V.PTCP;PST;ACT;NOM(PL)	łaknące
łaknąć	V.PTCP;PST;ACT;NOM(SG,NEUT)	łaknące
łaknąć	V.CVB;NOM()	łaknięcie
łaknąć	V.PTCP;PST;ACT;NOM(PL,MASC,HUM)	łaknący
łaknąć	V;COND;NOM(2,SG,MASC)	łaknąłbyś
łaknąć	V;COND;NOM(3,SG,MASC)	łaknąłby
łaknąć	V;PST;NOM(3,SG,MASC)	łaknął
łaknąć	V;PRS;NOM(3,PL)	łakną
łaknąć	V;COND;NOM(2,SG,FEM)	łaknąłabyś
łaknąć	V;COND;NOM(3,SG,FEM)	łaknąłaby
łaknąć	V;PST;NOM(3,SG,FEM)	łaknąła
łaknąć	V;COND;NOM(2,PL,MASC,HUM)	łaknęlibyście
łaknąć	V;COND;NOM(1,PL,MASC,HUM)	łaknęlibyśmy
łaknąć	V;PST;NOM(2,PL,MASC,HUM)	łaknęliście
łaknąć	V;PST;NOM(3,SG,NEUT)	łaknąło
łaknąć	V;COND;NOM(2,PL)	łaknąłybyście
łaknąć	V;COND;NOM(3,PL)	łaknąłyby
łaknąć	V;PST;NOM(2,PL)	łaknąłyście
łaknąć	V;PST;NOM(3,PL)	łaknęły
łaknąć	V;PRS;NOM(2,PL)	łakniecie
łaknąć	V;PRS;NOM(1,PL)	łakniemy
łaknąć	V;PRS;NOM(2,SG)	łakniesz
łaknąć	V;PRS;NOM(3,SG)	łaknie
łaknąć	V;IMP;NOM(1,PL)	łaknijmy
łaknąć	V.PTCP;PST;PASS;NOM()	łakniąco
łaknąć	V;IMP;NOM(3,SG)	niech łaknie
rytm	N;ESS(PL)	rytmach
rytm	N;INS(PL)	rytmami
rytm	N;INS(SG)	rytmem
rytm	N;ESS(SG)	rytmie
rytm	N;NOM(SG)	rytm
rytm	N;DAT(PL)	rytmom
rytm	N;GEN(PL)	rytmów
rytm	N;VOC(PL)	rytmy
murzyn	N;ESS(PL)	murzynach
dupek	N;ESS(PL)	dupkach
dupek	N;INS(PL)	dupkami
dupek	N;ACC(PL)	dupki
dupek	N;NOM(PL)	dupki
dupek	N;DAT(PL)	dupkom
charkać	V;FUT;NOM(3,PL)	będą charkały
charkać	V;FUT;NOM(1,SG,FEM)	będę charkała
charkać	V;FUT;NOM(3,SG,FEM)	będzie charkała
charkać	V;FUT;NOM(3,SG,MASC)	będzie charkał
charkać	V;FUT;NOM(2,PL,MASC,HUM)	będziecie charkali
charkać	V;FUT;NOM(2,SG,FEM)	będziesz charkała
charkać	V;FUT;NOM(2,SG,MASC)	będziesz charkał
charkać	V;PRS;NOM(2,PL)	charkacie
charkać	V;NFIN;NOM()	charkać
charkać	V.PTCP;PST;ACT;NOM(SG,FEM)	charkająca
charkać	V.PTCP;PST;ACT;NOM(PL)	charkające
charkać	V.PTCP;PST;ACT;NOM(SG,MASC)	charkający
charkać	V;IMP;NOM(2,PL)	charkajcie
charkać	V;COND;NOM(3,SG,FEM)	charkałaby
charkać	V;PST;NOM(2,SG,FEM)	charkałaś
charkać	V;COND;NOM(1,SG,MASC)	charkałbym
charkać	V;COND;NOM(2,SG,MASC)	charkałbyś
charkać	V;COND;NOM(3,SG,MASC)	charkałby
charkać	V;PST;NOM(1,SG,MASC)	charkałem
charkać	V;PST;NOM(2,SG,MASC)	charkałeś
charkać	V;COND;NOM(1,PL,MASC,HUM)	charkalibyśmy
charkać	V;PST;NOM(2,PL,MASC,HUM)	charkaliście
charkać	V;PST;NOM(1,PL,MASC,HUM)	charkaliśmy
charkać	V;COND;NOM(3,SG,NEUT)	charkałoby
charkać	V;PST;NOM(3,SG,NEUT)	charkało
charkać	V;PST;NOM(3,SG,MASC)	charkał
charkać	V;COND;NOM(2,PL)	charkałybyście
charkać	V;COND;NOM(1,PL)	charkałybyśmy
charkać	V.MSDR;NOM()	charkanie
charkać	V.PTCP;PST;PASS;NOM()	charkano
charkać	V;PRS;NOM(2,SG)	charkasz
charkać	V;PRS;NOM(3,SG)	charka
niedokonany	ADJ;NOM(SG,FEM)	niedokonana
niedokonany	ADJ;ACC(PL)	niedokonane
niedokonany	ADJ;ACC(SG,NEUT)	niedokonane
niedokonany	ADJ;GEN(SG,MASC)	niedokonanego
niedokonany	ADJ;ACC(SG,MASC,HUM)	niedokonanego
niedokonany	ADJ;DAT(SG,FEM)	niedokonanej
niedokonany	ADJ;ESS(PL)	niedokonanych
niedokonany	ADJ;INS(SG,MASC)	niedokonanym
niedokonany	ADJ;ESS(SG,NEUT)	niedokonanym
niedokonany	ADJ;INS(PL)	niedokonanymi
kauczukowiec	N;ESS(PL)	kauczukowcach
kauczukowiec	N;INS(PL)	kauczukowcami
kauczukowiec	N;NOM(PL)	kauczukowce
kauczukowiec	N;VOC(PL)	kauczukowce
kauczukowiec	N;DAT(PL)	kauczukowcom
kauczukowiec	N;DAT(SG)	kauczukowcowi
kauczukowiec	N;ESS(SG)	kauczukowcu
kauczukowiec	N;ACC(SG)	kauczukowca
interlingua	N;ESS(PL)	interlinguach
interlingua	N;INS(PL)	interlinguami
interlingua	N;ESS(SG)	interlinguie
interlingua	N;GEN(PL)	interlingu
interlingua	N;DAT(PL)	interlinguom
interlingua	N;VOC(SG)	interlinguo
interlingua	N;ACC(PL)	interlingue
interlingua	N;NOM(PL)	interlingue
żywiec	N;GEN(SG)	żywca
żywiec	N;NOM(PL)	żywcy
żywiec	N;VOC(PL)	żywcy
żywiec	N;DAT(PL)	żywcom
żywiec	N;GEN(PL)	żywców
żywiec	N;ESS(SG)	żywcu
żywiec	N;ACC(SG)	żywca
żywiec	N;NOM(SG)	żywc
napisać	V;PST;NOM(1,SG,FEM)	napisałam
napisać	V;PST;NOM(2,SG,FEM)	napisałaś
napisać	V;PST;NOM(3,SG,FEM)	napisała
napisać	V;PST;NOM(1,SG,MASC)	napisałem
napisać	V;PST;NOM(2,SG,MASC)	napisałeś
napisać	V;COND;NOM(2,PL,MASC,HUM)	napisalibyście
napisać	V;COND;NOM(1,PL,MASC,HUM)	napisalibyśmy
napisać	V;PST;NOM(1,PL,MASC,HUM)	napisaliśmy
napisać	V;COND;NOM(3,SG,NEUT)	napisałoby
napisać	V;COND;NOM(2,PL)	napisałybyście
napisać	V;COND;NOM(1,PL)	napisałybyśmy
napisać	V;PST;NOM(1,PL)	napisałyśmy
napisać	V;PST;NOM(3,PL)	napisały
napisać	V.PTCP;PST;PASS;NOM()	napisano
napisać	V.PTCP;PST;PASS;NOM(SG,MASC)	napisany
napisać	V.CVB;PST;NOM()	napisający
napisać	V;FUT;NOM(3,PL)	będą napisały
napisać	V;FUT;NOM(2,PL)	będziecie napisały
napisać	V;FUT;NOM(1,SG)	będę napisał
napisać	V;IMP;NOM(3,PL)	niech napisają
napisać	V;IMP;NOM(1,SG)	niech napisam
drumla	N;ESS(PL)	drumlach
drumla	N;INS(SG)	drumlą
drumla	N;NOM(SG)	drumla
drumla	N;NOM(PL)	drumle
drumla	N;GEN(PL)	drumel
drumla	N;GEN(SG)	drumly
drumla	N;DAT(PL)	drumlom
polka	N;ESS(SG)	polce
kalkulator	N;GEN(SG)	kalkulatora
kalkulator	N;DAT(SG)	kalkulatorowi
kalkulator	N;GEN(PL)	kalkulatorów
kalkulator	N;ACC(PL)	kalkulatory
kalkulator	N;NOM(PL)	kalkulatory
kalkulator	N;ESS(SG)	kalkulatorze
pomoc	N;INS(PL)	pomocami
pomoc	N;INS(SG)	pomocem
pomoc	N;DAT(PL)	pomocom
pomoc	N;DAT(SG)	pomocowi
pomoc	N;GEN(PL)	pomóców
przeczytać	V;IMP;NOM(3,PL)	niech przeczytają
przeczytać	V;IMP;NOM(1,SG)	niech przeczytaj
przeczytać	V;IMP;NOM(3,SG)	niech przeczyta
przeczytać	V;FUT;NOM(2,PL)	będziecie przeczytały
przeczytać	V;FUT;NOM(3,PL)	będą przeczytały
przeczytać	V;IMP;NOM(2,PL)	przeczytajcie
przeczytać	V;IMP;NOM(1,PL)	przeczytajmy
przeczytać	V;IMP;NOM(2,SG)	przeczytaj
przeczytać	V;COND;NOM(2,SG,FEM)	przeczytałabyś
przeczytać	V;PST;NOM(2,SG,FEM)	przeczytałaś
przeczytać	V;PST;NOM(1,SG,MASC)	przeczytałem
przeczytać	V;PST;NOM(1,PL,MASC,HUM)	przeczytaliśmy
przeczytać	V;PST;NOM(3,PL,MASC,HUM)	przeczytali
przeczytać	V;COND;NOM(3,SG,NEUT)	przeczytałoby
przeczytać	V;PST;NOM(3,SG,NEUT)	przeczytało
przeczytać	V;COND;NOM(2,PL)	przeczytałybyście
przeczytać	V;PST;NOM(2,PL)	przeczytałyście
przeczytać	V;PST;NOM(3,PL)	przeczytały
przeczytać	V.PTCP;PST;PASS;NOM(SG,FEM)	przeczytana
przeczytać	V.PTCP;PST;PASS;NOM(SG,NEUT)	przeczytane
przeczytać	V.PTCP;PST;PASS;NOM()	przeczytano
przeczytać	V.PTCP;PST;PASS;NOM(SG,MASC)	przeczytany
przeczytać	V;FUT;NOM(2,SG)	będziesz przeczytał
przeczytać	V;FUT;NOM(3,SG)	będzie przeczytało
lotka	N;DAT(SG)	lotce
lotka	N;GEN(PL)	lotek
lotka	N;ESS(PL)	lotkach
lotka	N;INS(SG)	lotką
lotka	N;NOM(SG)	lotka
lotka	N;ACC(PL)	lotki
lotka	N;VOC(PL)	lotki
lotka	N;DAT(PL)	lotkom
lotka	N;VOC(SG)	lotko
peryhelium	N;ESS(PL)	peryheliach
peryhelium	N;ACC(PL)	peryhelia
peryhelium	N;VOC(PL)	peryhelia
peryhelium	N;GEN(PL)	peryheliów
peryhelium	N;ESS(SG)	peryheliu
peryhelium	N;NOM(SG)	peryhelium
peryhelium	N;VOC(SG)	peryhelium
kwantowy	ADJ;ACC(SG,FEM)	kwantową
kwantowy	ADJ;INS(SG,FEM)	kwantową
kwantowy	ADJ;ACC(PL)	kwantowe
kwantowy	ADJ;ACC(SG,NEUT)	kwantowe
kwantowy	ADJ;NOM(SG,NEUT)	kwantowe
kwantowy	ADJ;ACC(SG,MASC,ANIM)	kwantowego
kwantowy	ADJ;GEN(SG,MASC)	kwantowego
kwantowy	ADJ;ESS(SG,FEM)	kwantowej
kwantowy	ADJ;DAT(SG,MASC)	kwantowemu
kwantowy	ADJ;DAT(SG,NEUT)	kwantowemu
kwantowy	ADJ;NOM(SG,MASC)	kwantowy
kwantowy	ADJ;GEN(PL)	kwantowych
kwantowy	ADJ;ACC(PL,MASC,HUM)	kwantowych
kwantowy	ADJ;DAT(PL)	kwantowym
kwantowy	ADJ;INS(SG,MASC)	kwantowym
kwantowy	ADJ;INS(SG,NEUT)	kwantowym
archaizm	N;ESS(PL)	archaizmach
archaizm	N;INS(PL)	archaizmami
archaizm	N;NOM(SG)	archaizm
archaizm	N;DAT(PL)	archaizmom
archaizm	N;DAT(SG)	archaizmowi
archaizm	N;GEN(PL)	archaizmów
archaizm	N;GEN(SG)	archaizmu
less	N;ESS(PL)	lessach
less	N;VOC(SG)	lessie
less	N;NOM(SG)	less
less	N;DAT(PL)	lessom
less	N;DAT(SG)	lessowi
less	N;GEN(PL)	lessów
less	N;GEN(SG)	lessa
bezwzględny	ADJ;NOM(SG,FEM)	bezwzględna
bezwzględny	ADJ;GEN(SG,MASC)	bezwzględnego
bezwzględny	ADJ;ESS(SG,FEM)	bezwzględnej
bezwzględny	ADJ;GEN(SG,FEM)	bezwzględnej
bezwzględny	ADJ;NOM(PL,MASC,HUM)	bezwzględni
bezwzględny	ADJ;NOM(SG,MASC)	bezwzględny
bezwzględny	ADJ;ESS(PL)	bezwzględnych
bezwzględny	ADJ;ACC(PL,MASC,HUM)	bezwzględnych
bezwzględny	ADJ;DAT(PL)	bezwzględnym
bezwzględny	ADJ;ESS(SG,MASC)	bezwzględnym
bezwzględny	ADJ;INS(SG,MASC)	bezwzględnym
bezwzględny	ADJ;INS(SG,NEUT)	bezwzględnym
bezwzględny	ADJ;INS(PL)	bezwzględnymi
szyfrowanie	N;INS(PL)	szyfrowaniami
szyfrowanie	N;GEN(SG)	szyfrowania
szyfrowanie	N;INS(SG)	szyfrowaniem
szyfrowanie	N;ACC(SG)	szyfrowanie
szyfrowanie	N;NOM(SG)	szyfrowanie
szyfrowanie	N;VOC(SG)	szyfrowanie
szyfrowanie	N;DAT(PL)	szyfrowaniom
szyfrowanie	N;DAT(SG)	szyfrowaniu
szyfrowanie	N;ESS(SG)	szyfrowaniu
szyfrowanie	N;GEN(PL)	szyfrowań
automatyczny	ADJ;ACC(SG,FEM)	automatyczną
automatyczny	ADJ;INS(SG,FEM)	automatyczną
automatyczny	ADJ;NOM(SG,FEM)	automatyczna
automatyczny	ADJ;ACC(SG,NEUT)	automatyczne
automatyczny	ADJ;NOM(PL)	automatyczne
automatyczny	ADJ;ACC(SG,MASC,HUM)	automatycznego
automatyczny	ADJ;DAT(SG,FEM)	automatycznej
automatyczny	ADJ;ESS(SG,FEM)	automatycznej
automatyczny	ADJ;GEN(SG,FEM)	automatycznej
automatyczny	ADJ;DAT(SG,MASC)	automatycznemu
automatyczny	ADJ;DAT(SG,NEUT)	automatycznemu
automatyczny	ADJ;GEN(PL)	automatycznych
automatyczny	ADJ;ACC(PL,MASC,HUM)	automatycznych
automatyczny	ADJ;ESS(SG,MASC)	automatycznym
automatyczny	ADJ;ESS(SG,NEUT)	automatycznym
automatyczny	ADJ;INS(SG,NEUT)	automatycznym
automatyczny	ADJ;INS(PL)	automatycznymi
czerwonawy	ADJ;ACC(SG,FEM)	czerwonawą
czerwonawy	ADJ;NOM(SG,FEM)	czerwonawa
czerwonawy	ADJ;ACC(PL)	czerwonawe
czerwonawy	ADJ;NOM(PL)	czerwonawe
czerwonawy	ADJ;ESS(SG,FEM)	czerwonawej
czerwonawy	ADJ;GEN(SG,FEM)	czerwonawej
czerwonawy	ADJ;DAT(SG,MASC)	czerwonawemu
czerwonawy	ADJ;ACC(SG,MASC,INAN)	czerwonawy
czerwonawy	ADJ;ESS(PL)	czerwonawych
czerwonawy	ADJ;ACC(PL,MASC,HUM)	czerwonawych
czerwonawy	ADJ;DAT(PL)	czerwonawym
czerwonawy	ADJ;INS(SG,NEUT)	czerwonawym
staw	N;ESS(SG)	stawie
staw	N;NOM(SG)	staw
staw	N;DAT(PL)	stawom
staw	N;GEN(PL)	stawów
staw	N;GEN(SG)	stawu
staw	N;ACC(PL)	stawy
staw	N;NOM(PL)	stawy
staw	N;VOC(PL)	stawy
gołębnik	N;ESS(PL)	gołębnikach
gołębnik	N;GEN(SG)	gołębnika
gołębnik	N;ACC(PL)	gołębniki
gołębnik	N;VOC(PL)	gołębniki
gołębnik	N;NOM(SG)	gołębnik
gołębnik	N;ESS(SG)	gołębniku
gołębnik	N;VOC(SG)	gołębniku
mitochondrium	N;VOC(PL)	mitochondria
mitochondrium	N;DAT(PL)	mitochondriom
mitochondrium	N;GEN(PL)	mitochondriów
mitochondrium	N;DAT(SG)	mitochondriowi
mitochondrium	N;GEN(SG)	mitochondria
mitochondrium	N;NOM(SG)	mitochondrium
wydmowy	ADJ;ACC(SG,FEM)	wydmową
wydmowy	ADJ;NOM(SG,FEM)	wydmowa
wydmowy	ADJ;ACC(PL)	wydmowe
wydmowy	ADJ;NOM(SG,NEUT)	wydmowe
wydmowy	ADJ;NOM(PL)	wydmowe
wydmowy	ADJ;ACC(SG,MASC,ANIM)	wydmowego
wydmowy	ADJ;GEN(SG,MASC)	wydmowego
wydmowy	ADJ;GEN(SG,NEUT)	wydmowego
wydmowy	ADJ;DAT(SG,FEM)	wydmowej
wydmowy	ADJ;GEN(SG,FEM)	wydmowej
wydmowy	ADJ;DAT(SG,MASC)	wydmowemu
wydmowy	ADJ;DAT(SG,NEUT)	wydmowemu
wydmowy	ADJ;NOM(PL,MASC,HUM)	wydmowi
wydmowy	ADJ;ACC(SG,MASC,INAN)	wydmowy
wydmowy	ADJ;NOM(SG,MASC)	wydmowy
wydmowy	ADJ;ESS(SG,NEUT)	wydmowym
wydmowy	ADJ;INS(PL)	wydmowymi
oficer	N;GEN(SG)	oficera
oficer	N;NOM(SG)	oficer
oficer	N;DAT(PL)	oficerom
oficer	N;DAT(SG)	oficerowi
oficer	N;ACC(PL)	oficery
oficer	N;NOM(PL)	oficery
jagódka	N;DAT(SG)	jagódce
jagódka	N;ESS(SG)	jagódce
jagódka	N;ESS(PL)	jagódkach
jagódka	N;INS(SG)	jagódką
jagódka	N;NOM(PL)	jagódki
jagódka	N;VOC(PL)	jagódki
jagódka	N;DAT(PL)	jagódkom
borowik	N;ESS(PL)	borowikach
borowik	N;INS(PL)	borowikami
borowik	N;INS(SG)	borowikiem
borowik	N;NOM(PL)	borowiki
borowik	N;ACC(SG)	borowik
borowik	N;DAT(PL)	borowikom
borowik	N;DAT(SG)	borowikowi
borowik	N;ESS(SG)	borowiku
borowik	N;VOC(SG)	borowiku
ważki	ADJ;ESS(SG,MASC)	ważkim
łamiący	ADJ;ACC(PL)	łamiące
łamiący	ADJ;NOM(PL)	łamiące
łamiący	ADJ;ACC(SG,MASC,ANIM)	łamiącego
łamiący	ADJ;GEN(SG,MASC)	łamiącego
łamiący	ADJ;ACC(SG,MASC,HUM)	łamiącego
łamiący	ADJ;ESS(SG,FEM)	łamiącej
łamiący	ADJ;GEN(SG,FEM)	łamiącej
łamiący	ADJ;NOM(PL,MASC,HUM)	łamiący
łamiący	ADJ;NOM(SG,MASC)	łamiący
łamiący	ADJ;ESS(PL)	łamiących
łamiący	ADJ;GEN(PL)	łamiących
łamiący	ADJ;ACC(PL,MASC,HUM)	łamiących
łamiący	ADJ;ESS(SG,MASC)	łamiącym
łamiący	ADJ;INS(SG,MASC)	łamiącym
łamiący	ADJ;ESS(SG,NEUT)	łamiącym
łamiący	ADJ;INS(SG,NEUT)	łamiącym
kadzidło	N;ACC(PL)	kadzidła
kadzidło	N;NOM(PL)	kadzidła
kadzidło	N;VOC(PL)	kadzidła
kadzidło	N;INS(SG)	kadzidłem
kadzidło	N;ACC(SG)	kadzidło
kadzidło	N;DAT(SG)	kadzidłowi
najrzadszy	ADJ;ACC(SG,FEM)	najrzadszą
najrzadszy	ADJ;ACC(PL)	najrzadsze
najrzadszy	ADJ;NOM(SG,NEUT)	najrzadsze
najrzadszy	ADJ;ACC(SG,MASC,ANIM)	najrzadszego
najrzadszy	ADJ;GEN(SG,FEM)	najrzadszej
najrzadszy	ADJ;DAT(SG,MASC)	najrzadszemu
najrzadszy	ADJ;DAT(SG,NEUT)	najrzadszemu
najrzadszy	ADJ;ACC(SG,MASC,INAN)	najrzadszy
najrzadszy	ADJ;NOM(SG,MASC)	najrzadszy
najrzadszy	ADJ;ESS(PL)	najrzadszych
najrzadszy	ADJ;INS(SG,MASC)	najrzadszym
ruja	N;GEN(PL)	ruj
ruja	N;INS(PL)	rujami
ruja	N;NOM(PL)	ruje
bak	N;ESS(SG)	baku
zmienianie	N;GEN(SG)	zmieniania
zmienianie	N;INS(SG)	zmienianiem
zmienianie	N;NOM(SG)	zmienianie
zmienianie	N;VOC(SG)	zmienianie
grzesznik	N;NOM(PL)	grzeszniki
grzesznik	N;VOC(PL)	grzeszniki
grzesznik	N;ESS(PL)	grzesznikach
grzesznik	N;INS(PL)	grzesznikami
grzesznik	N;ACC(SG)	grzesznika
grzesznik	N;DAT(PL)	grzesznikom
grzesznik	N;DAT(SG)	grzesznikowi
grzesznik	N;ACC(PL)	grzeszników
grzesznik	N;GEN(PL)	grzeszników
grzesznik	N;ESS(SG)	grzeszniku
grzesznik	N;VOC(SG)	grzeszniku
prąd	N;ESS(PL)	prądach
prąd	N;ACC(SG)	prąd
prąd	N;GEN(PL)	prądów
prąd	N;GEN(SG)	prądu
prąd	N;ACC(PL)	prądy
prąd	N;NOM(PL)	prądy
prąd	N;ESS(SG)	prądzie
naród	N;INS(PL)	narodami
naród	N;INS(SG)	narodem
naród	N;DAT(SG)	narodowi
naród	N;ACC(PL)	narody
naród	N;ESS(SG)	narodzie
naród	N;VOC(SG)	narodzie
żyd	N;NOM(PL)	żydy
wartościowy	ADJ;ACC(SG,FEM)	wartościową
wartościowy	ADJ;NOM(SG,FEM)	wartościowa
wartościowy	ADJ;ACC(SG,NEUT)	wartościowe
wartościowy	ADJ;NOM(SG,NEUT)	wartościowe
wartościowy	ADJ;ACC(SG,MASC,ANIM)	wartościowego
wartościowy	ADJ;GEN(SG,MASC)	wartościowego
wartościowy	ADJ;ACC(SG,MASC,HUM)	wartościowego
wartościowy	ADJ;GEN(SG,NEUT)	wartościowego
wartościowy	ADJ;DAT(SG,FEM)	wartościowej
wartościowy	ADJ;NOM(PL,MASC,HUM)	wartościowi
wartościowy	ADJ;ACC(SG,MASC,INAN)	wartościowy
wartościowy	ADJ;ESS(PL)	wartościowych
wartościowy	ADJ;GEN(PL)	wartościowych
wartościowy	ADJ;ACC(PL,MASC,HUM)	wartościowych
wartościowy	ADJ;DAT(PL)	wartościowym
wartościowy	ADJ;INS(PL)	wartościowymi
bad	N;INS(PL)	badami
bad	N;NOM(SG)	bad
bad	N;DAT(PL)	badom
bad	N;DAT(SG)	badowi
bad	N;GEN(PL)	badów
bad	N;GEN(SG)	badu
bad	N;ACC(PL)	bady
bad	N;VOC(PL)	bady
abiturient	N;VOC(SG)	abiturientze
abiturient	N;VOC(PL)	abiturienty
abiturient	N;ACC(SG)	abiturient
abiturient	N;GEN(SG)	abiturienta
abiturient	N;INS(SG)	abiturientem
abiturient	N;NOM(SG)	abiturient
abiturient	N;DAT(PL)	abiturientom
abiturient	N;DAT(SG)	abituriencie
brzemię	N;GEN(SG)	brzemienia
brzemię	N;DAT(SG)	brzemionowi
brzemię	N;ESS(SG)	brzemieniu
brzemię	N;INS(PL)	brzemienami
brzemię	N;VOC(PL)	brzemienia
brzemię	N;GEN(PL)	brzemień
brzemię	N;DAT(PL)	brzemionom
tenis	N;ACC(SG)	tenis
tenis	N;GEN(SG)	tenisa
tenis	N;VOC(SG)	tenisie
szkoła	N;INS(PL)	szkołami
szkoła	N;GEN(PL)	szkoł
szkoła	N;VOC(SG)	szkoło
szkoła	N;ACC(PL)	szkoły
szkoła	N;VOC(PL)	szkoły
baks	N;ESS(PL)	baksach
baks	N;ACC(SG)	baksa
baks	N;GEN(SG)	baksa
baks	N;INS(SG)	baksem
baks	N;ESS(SG)	baksie
baks	N;NOM(SG)	baks
baks	N;DAT(PL)	baksom
baks	N;GEN(PL)	baksów
baks	N;VOC(PL)	baksy
siwy	ADJ;ACC(SG,FEM)	siwą
siwy	ADJ;INS(SG,FEM)	siwą
siwy	ADJ;NOM(SG,FEM)	siwa
siwy	ADJ;ACC(SG,NEUT)	siwe
siwy	ADJ;NOM(PL)	siwe
siwy	ADJ;ACC(SG,MASC,HUM)	siwego
siwy	ADJ;DAT(SG,FEM)	siwej
siwy	ADJ;ESS(SG,FEM)	siwej
siwy	ADJ;GEN(SG,FEM)	siwej
siwy	ADJ;NOM(PL,MASC,HUM)	siwi
siwy	ADJ;ACC(SG,MASC,INAN)	siwy
siwy	ADJ;NOM(SG,MASC)	siwy
siwy	ADJ;GEN(PL)	siwych
siwy	ADJ;ACC(PL,MASC,HUM)	siwych
siwy	ADJ;DAT(PL)	siwym
siwy	ADJ;INS(SG,MASC)	siwym
siwy	ADJ;ESS(SG,NEUT)	siwym
rzyg	N;INS(PL)	rzygami
rzyg	N;INS(SG)	rzygiem
rzyg	N;ACC(PL)	rzygi
rzyg	N;NOM(PL)	rzygi
rzyg	N;VOC(PL)	rzygi
rzyg	N;NOM(SG)	rzyg
rzyg	N;DAT(PL)	rzygom
rzyg	N;ESS(SG)	rzygu
rzyg	N;GEN(SG)	rzyga
konkurowanie	N;GEN(SG)	konkurowania
konkurowanie	N;INS(SG)	konkurowaniem
konkurowanie	N;ACC(SG)	konkurowanie
konkurowanie	N;NOM(SG)	konkurowanie
konkurowanie	N;VOC(SG)	konkurowanie
konkurowanie	N;DAT(SG)	konkurowaniu
konkurowanie	N;ESS(SG)	konkurowaniu
dzikszy	ADJ;ACC(SG,FEM)	dzikszą
dzikszy	ADJ;NOM(SG,FEM)	dziksza
dzikszy	ADJ;ACC(PL)	dziksze
dzikszy	ADJ;ACC(SG,NEUT)	dziksze
dzikszy	ADJ;NOM(SG,NEUT)	dziksze
dzikszy	ADJ;GEN(SG,FEM)	dzikszej
dzikszy	ADJ;DAT(SG,MASC)	dzikszemu
dzikszy	ADJ;ACC(SG,MASC,INAN)	dzikszy
dzikszy	ADJ;NOM(SG,MASC)	dzikszy
dzikszy	ADJ;ACC(PL,MASC,HUM)	dzikszych
dzikszy	ADJ;DAT(PL)	dzikszym
dzikszy	ADJ;INS(SG,NEUT)	dzikszym
dzikszy	ADJ;INS(PL)	dzikszymi
zespolony	ADJ;NOM(PL,MASC,HUM)	zespoloni
zespolony	ADJ;ACC(SG,FEM)	zespoloną
zespolony	ADJ;NOM(SG,FEM)	zespolona
zespolony	ADJ;ACC(PL)	zespolone
zespolony	ADJ;ACC(SG,NEUT)	zespolone
zespolony	ADJ;ACC(SG,MASC,HUM)	zespolonego
zespolony	ADJ;GEN(SG,NEUT)	zespolonego
zespolony	ADJ;DAT(SG,FEM)	zespolonej
zespolony	ADJ;GEN(SG,FEM)	zespolonej
zespolony	ADJ;DAT(SG,NEUT)	zespolonemu
zespolony	ADJ;NOM(SG,MASC)	zespolony
zespolony	ADJ;ACC(PL,MASC,HUM)	zespolonych
zespolony	ADJ;INS(SG,MASC)	zespolonym
zespolony	ADJ;ESS(SG,NEUT)	zespolonym
zespolony	ADJ;INS(PL)	zespolonymi
wydawnictwo	N;GEN(PL)	wydawnictw
wydawnictwo	N;ACC(PL)	wydawnictwa
wydawnictwo	N;INS(SG)	wydawnictwem
wydawnictwo	N;ESS(SG)	wydawnictwie
wydawnictwo	N;NOM(SG)	wydawnictwo
koić	V;FUT;NOM(3,PL,MASC,HUM)	będą koili
koić	V;FUT;NOM(3,PL)	będą koiły
koić	V;FUT;NOM(2,PL,MASC,HUM)	będziecie koili
koić	V;FUT;NOM(2,PL)	będziecie koiły
koić	V;FUT;NOM(3,SG,FEM)	będzie koiła
koić	V;FUT;NOM(3,SG,MASC)	będzie koił
koić	V;FUT;NOM(2,SG,FEM)	będziesz koiła
koić	V;COND;NOM(2,SG,FEM)	koiłabyś
koić	V;PST;NOM(1,SG,FEM)	koiłam
koić	V;PST;NOM(2,SG,FEM)	koiłaś
koić	V;COND;NOM(1,SG,MASC)	koiłbym
koić	V;COND;NOM(3,SG,MASC)	koiłby
koić	V;COND;NOM(2,PL,MASC,HUM)	koilibyście
koić	V;COND;NOM(3,PL,MASC,HUM)	koiliby
koić	V;PST;NOM(2,PL,MASC,HUM)	koiliście
koić	V;COND;NOM(3,SG,NEUT)	koiłoby
koić	V;PST;NOM(3,SG,NEUT)	koiło
koić	V;COND;NOM(3,PL)	koiłyby
koić	V;PST;NOM(2,PL)	koiłyście
koić	V;PST;NOM(1,PL)	koiłyśmy
koić	V;PRS;NOM(1,PL)	koimy
koić	V;PRS;NOM(3,SG)	koje
koić	V.PTCP;PST;ACT;NOM(SG,NEUT)	kojące
koić	V.PTCP;PST;ACT;NOM(PL,MASC,HUM)	kojący
koić	V.PTCP;PST;ACT;NOM(SG,MASC)	kojący
koić	V;IMP;NOM(2,PL)	kojcie
koić	V.MSDR;NOM()	kojąc
koić	V;PRS;NOM(1,SG)	koim
koić	V;IMP;NOM(1,PL)	kojmy
koić	V.PTCP;PST;PASS;NOM(PL)	kojące
koić	V.PTCP;PST;PASS;NOM()	kojąco
koić	V.PTCP;PST;PASS;NOM(SG,MASC)	kojący
koić	V;IMP;NOM(2,SG)	koj
koić	V;IMP;NOM(3,SG)	niech koi
koić	V;IMP;NOM(3,PL)	niech koją
szpara	N;ESS(PL)	szparach
szpara	N;INS(PL)	szparami
szpara	N;INS(SG)	szparą
szpara	N;ACC(SG)	szparę
szpara	N;DAT(PL)	szparom
szpara	N;VOC(SG)	szparo
szpara	N;ACC(PL)	szpary
szpara	N;GEN(SG)	szpary
szpara	N;NOM(PL)	szpary
szpara	N;ESS(SG)	szparze
cały	ADJ;NOM(PL)	całe
cały	ADJ;GEN(SG,MASC)	całego
cały	ADJ;ACC(SG,MASC,HUM)	całego
cały	ADJ;GEN(SG,NEUT)	całego
cały	ADJ;DAT(SG,FEM)	całej
cały	ADJ;ESS(SG,FEM)	całej
cały	ADJ;DAT(SG,MASC)	całemu
cały	ADJ;DAT(SG,NEUT)	całemu
cały	ADJ;NOM(PL,MASC,HUM)	cali
cały	ADJ;ACC(SG,MASC,INAN)	cały
cały	ADJ;NOM(SG,MASC)	cały
cały	ADJ;ACC(PL,MASC,HUM)	całych
cały	ADJ;ESS(SG,MASC)	całym
cały	ADJ;ESS(SG,NEUT)	całym
cały	ADJ;INS(SG,NEUT)	całym
cały	ADJ;INS(PL)	całymi
accuracy:0.882