abstrákta	ADJ;ACC(PL)	abstráktaid
abstrákta	ADJ;ACC(SG)	abstrákta
abstrákta	ADJ;COM(PL)	abstrávttaiguin
abstrákta	ADJ;COM(SG)	abstráktain
abstrákta	ADJ;FRML(SG)	abstráktan
abstrákta	ADJ;GEN(PL)	abstrávttaid
abstrákta	ADJ;GEN(SG)	abstrávtta
abstrákta	ADJ;IN+ALL(PL)	abstráktaide
abstrákta	ADJ;IN+ALL(SG)	abstráktii
abstrákta	ADJ;NOM(PL)	abstráktat
abstrákta	ADJ;NOM(SG)	abstrákta
abstrákta	ADJ;PRP(PL)	abstráktain
abstrákta	ADJ;PRP(SG)	abstráktas
almmáskit	V;COND;NOM(1,DU)	almmáskkášeimme
almmáskit	V;COND;NOM(1,PL)	almmáskkášeimmet
almmáskit	V;COND;NOM(1,SG)	almmáskkášin
almmáskit	V;COND;NOM(2,DU)	almmáskkášeidde
almmáskit	V;COND;NOM(2,PL)	almmáskkášeiddet
almmáskit	V;COND;NOM(3,DU)	almmáskkášeigga
almmáskit	V;COND;NOM(3,SG)	almmáskkášii
almmáskit	V;IMP;NOM(1,PL)	almmáskot
almmáskit	V;IMP;NOM(2,DU)	almmáski
almmáskit	V;IMP;NOM(2,SG)	almmáske
almmáskit	V;IMP;NOM(3,PL)	almmáskoset
almmáskit	V;IMP;NOM(3,SG)	almmáskos
almmáskit	V;POT;NOM(1,DU)	almmáskkežetne
almmáskit	V;POT;NOM(1,PL)	almmáskkežit
almmáskit	V;POT;NOM(2,DU)	almmáskkežeahppi
almmáskit	V;POT;NOM(2,PL)	almmáskkežehpet
almmáskit	V;POT;NOM(2,SG)	almmáskkežat
almmáskit	V;POT;NOM(3,PL)	almmáskkežit
almmáskit	V;POT;NOM(3,SG)	almmáskkeža
almmáskit	V;PRS;IND;NOM(1,DU)	almmáske
almmáskit	V;PRS;IND;NOM(1,PL)	almmáskit
almmáskit	V;PRS;IND;NOM(1,SG)	almmáskkán
almmáskit	V;PRS;IND;NOM(2,DU)	almmáskibeahtti
almmáskit	V;PRS;IND;NOM(2,PL)	almmáskibehtet
almmáskit	V;PRS;IND;NOM(2,SG)	almmáskkát
almmáskit	V;PRS;IND;NOM(3,DU)	almmáskiba
almmáskit	V;PRS;IND;NOM(3,SG)	almmáská
almmáskit	V;PST;IND;NOM(1,DU)	almmáskkiime
almmáskit	V;PST;IND;NOM(1,SG)	almmásken
almmáskit	V;PST;IND;NOM(2,DU)	almmáskkiide
almmáskit	V;PST;IND;NOM(3,DU)	almmáskkiiga
almmáskit	V;PST;IND;NOM(3,PL)	almmáske
amas	ADJ;ACC(PL)	amasiid
amas	ADJ;ACC(SG)	amasa
amas	ADJ;COM(PL)	amasiiguin
amas	ADJ;COM(SG)	amasiin
amas	ADJ;FRML(SG)	amasin
amas	ADJ;GEN(PL)	amasiid
amas	ADJ;GEN(SG)	amasa
amas	ADJ;IN+ALL(PL)	amasiidda
amas	ADJ;IN+ALL(SG)	amasii
amas	ADJ;NOM(PL)	amasat
amas	ADJ;NOM(SG)	amas
amas	ADJ;PRP(PL)	amasiin
amas	ADJ;PRP(SG)	amasis
atoma	N;ACC(PL)	atomaid
atoma	N;ACC(SG)	atoma
atoma	N;COM(PL)	atomaiguin
atoma	N;COM(SG)	atomain
atoma	N;FRML(SG)	atoman
atoma	N;GEN(PL)	atomaid
atoma	N;GEN(SG)	atoma
atoma	N;IN+ALL(PL)	atomaide
atoma	N;IN+ALL(SG)	atomii
atoma	N;NOM(PL)	atomat
atoma	N;NOM(SG)	atoma
atoma	N;PRP(PL)	atomain
atoma	N;PRP(SG)	atomas
bieđgát	V;COND;LGSPEC1;NOM(1,PL)	bieđgáleimmet
bieđgát	V;COND;LGSPEC1;NOM(1,SG)	bieđgálin
bieđgát	V;COND;LGSPEC1;NOM(2,DU)	bieđgáleidde
bieđgát	V;COND;LGSPEC1;NOM(2,SG)	bieđgálit
bieđgát	V;COND;LGSPEC1;NOM(3,DU)	bieđgáleigga
bieđgát	V;COND;LGSPEC1;NOM(3,PL)	bieđgále
bieđgát	V;COND;LGSPEC1;NOM(3,SG)	bieđgálii
bieđgát	V;COND;NOM(1,DU)	bieđgášeimme
bieđgát	V;COND;NOM(1,PL)	bieđgášeimmet
bieđgát	V;COND;NOM(2,PL)	bieđgášeiddet
bieđgát	V;COND;NOM(2,SG)	bieđgášit
bieđgát	V;IMP;NOM(1,SG)	bieđgájehkon
bieđgát	V;IMP;NOM(2,DU)	bieđgájeahkki
bieđgát	V;IMP;NOM(2,PL)	bieđgájehket
bieđgát	V;IMP;NOM(2,SG)	bieđgá
bieđgát	V;IMP;NOM(3,DU)	bieđgájehkoska
bieđgát	V;POT;NOM(1,DU)	bieđgážetne
bieđgát	V;POT;NOM(1,PL)	bieđgážit
bieđgát	V;POT;NOM(1,SG)	bieđgážan
bieđgát	V;POT;NOM(2,DU)	bieđgážeahppi
bieđgát	V;POT;NOM(2,PL)	bieđgážehpet
bieđgát	V;POT;NOM(3,DU)	bieđgážeaba
bieđgát	V;PRS;IND;NOM(1,DU)	bieđgájetne
bieđgát	V;PRS;IND;NOM(1,PL)	bieđgát
bieđgát	V;PRS;IND;NOM(1,SG)	bieđgán
bieđgát	V;PRS;IND;NOM(2,DU)	bieđgábeahtti
bieđgát	V;PRS;IND;NOM(2,PL)	bieđgábehtet
bieđgát	V;PRS;IND;NOM(3,PL)	bieđgájit
bieđgát	V;PST;IND;NOM(1,PL)	bieđgáimet
bieđgát	V;PST;IND;NOM(1,SG)	bieđgájin
bieđgát	V;PST;IND;NOM(2,PL)	bieđgáidet
bieđgát	V;PST;IND;NOM(3,PL)	bieđgájedje
buddet	V;COND;LGSPEC1;NOM(1,DU)	buddeleimme
buddet	V;COND;LGSPEC1;NOM(1,SG)	buddelin
buddet	V;COND;LGSPEC1;NOM(2,PL)	buddeleiddet
buddet	V;COND;LGSPEC1;NOM(2,SG)	buddelit
buddet	V;COND;LGSPEC1;NOM(3,DU)	buddeleigga
buddet	V;COND;LGSPEC1;NOM(3,PL)	buddele
buddet	V;COND;LGSPEC1;NOM(3,SG)	buddelii
buddet	V;COND;NOM(1,PL)	buddešeimmet
buddet	V;COND;NOM(1,SG)	buddešin
buddet	V;COND;NOM(2,DU)	buddešeidde
buddet	V;COND;NOM(2,SG)	buddešit
buddet	V;COND;NOM(3,DU)	buddešeigga
buddet	V;COND;NOM(3,PL)	buddeše
buddet	V;IMP;NOM(1,PL)	buddot
buddet	V;IMP;NOM(1,SG)	buddon
buddet	V;IMP;NOM(2,PL)	buddet
buddet	V;IMP;NOM(2,SG)	budde
buddet	V;IMP;NOM(3,PL)	buddoset
buddet	V;POT;NOM(2,DU)	buddežeahppi
buddet	V;POT;NOM(2,PL)	buddežehpet
buddet	V;POT;NOM(2,SG)	buddežat
buddet	V;POT;NOM(3,DU)	buddežeaba
buddet	V;PRS;IND;NOM(1,PL)	buddet
buddet	V;PRS;IND;NOM(1,SG)	budden
buddet	V;PRS;IND;NOM(2,DU)	buddebeahtti
buddet	V;PRS;IND;NOM(2,PL)	buddebehtet
buddet	V;PRS;IND;NOM(3,PL)	buddet
buddet	V;PST;IND;NOM(1,DU)	buddeimme
buddet	V;PST;IND;NOM(1,SG)	budden
buddet	V;PST;IND;NOM(3,DU)	buddeigga
buddet	V;PST;IND;NOM(3,PL)	budde
báistit	V;COND;LGSPEC1;NOM(1,PL)	báisttáleimmet
báistit	V;COND;LGSPEC1;NOM(1,SG)	báisttálin
báistit	V;COND;LGSPEC1;NOM(2,DU)	báisttáleidde
báistit	V;COND;LGSPEC1;NOM(2,PL)	báisttáleiddet
báistit	V;COND;LGSPEC1;NOM(2,SG)	báisttálit
báistit	V;COND;LGSPEC1;NOM(3,DU)	báisttáleigga
báistit	V;COND;LGSPEC1;NOM(3,PL)	báisttále
báistit	V;COND;LGSPEC1;NOM(3,SG)	báisttálii
báistit	V;COND;NOM(1,DU)	báisttášeimme
báistit	V;COND;NOM(1,SG)	báisttášin
báistit	V;COND;NOM(2,DU)	báisttášeidde
báistit	V;COND;NOM(3,DU)	báisttášeigga
báistit	V;COND;NOM(3,PL)	báisttáše
báistit	V;COND;NOM(3,SG)	báisttášii
báistit	V;IMP;NOM(1,DU)	báistu
báistit	V;IMP;NOM(1,PL)	báistot
báistit	V;IMP;NOM(2,PL)	báistet
báistit	V;POT;NOM(1,SG)	báisttežan
báistit	V;POT;NOM(2,PL)	báisttežehpet
báistit	V;POT;NOM(3,DU)	báisttežeaba
báistit	V;POT;NOM(3,PL)	báisttežit
báistit	V;POT;NOM(3,SG)	báistteža
báistit	V;PRS;IND;NOM(1,DU)	báiste
báistit	V;PRS;IND;NOM(2,PL)	báistehpet
báistit	V;PRS;IND;NOM(3,SG)	báistá
báistit	V;PST;IND;NOM(1,DU)	báisttiime
báistit	V;PST;IND;NOM(1,PL)	báisteimmet
báistit	V;PST;IND;NOM(1,SG)	báisten
báistit	V;PST;IND;NOM(2,PL)	báisteiddet
báistit	V;PST;IND;NOM(3,DU)	báisttiiga
báistit	V;PST;IND;NOM(3,PL)	báiste
báistit	V;PST;IND;NOM(3,SG)	báistei
bálgán	N;ACC(PL)	bálgániid
bálgán	N;ACC(SG)	bálgán
bálgán	N;COM(PL)	bálgániiguin
bálgán	N;COM(SG)	bálgániin
bálgán	N;FRML(SG)	bálgánin
bálgán	N;GEN(PL)	bálgániid
bálgán	N;GEN(SG)	bálgána
bálgán	N;IN+ALL(PL)	bálgájiidda
bálgán	N;IN+ALL(SG)	bálgánii
bálgán	N;NOM(SG)	bálgán
bálgán	N;PRP(PL)	bálgániin
bálgán	N;PRP(SG)	bálgáns
báralaš	ADJ;ACC(PL)	báralaččaid
báralaš	ADJ;ACC(SG)	báralačča
báralaš	ADJ;COM(PL)	báralaččaiguin
báralaš	ADJ;COM(SG)	báralaččain
báralaš	ADJ;FRML(SG)	báralaččan
báralaš	ADJ;GEN(PL)	báralaččaid
báralaš	ADJ;GEN(SG)	báralačča
báralaš	ADJ;IN+ALL(PL)	báralaččaide
báralaš	ADJ;IN+ALL(SG)	báralaččai
báralaš	ADJ;NOM(PL)	báralaččat
báralaš	ADJ;NOM(SG)	báralaš
báralaš	ADJ;PRP(PL)	báralaččain
báralaš	ADJ;PRP(SG)	báralaččas
bárdnat	V;COND;LGSPEC1;NOM(1,DU)	bártnaleimme
bárdnat	V;COND;LGSPEC1;NOM(1,PL)	bárnnaleimmet
bárdnat	V;COND;LGSPEC1;NOM(2,DU)	bártnaleidde
bárdnat	V;COND;LGSPEC1;NOM(2,PL)	bártnaleiddet
bárdnat	V;COND;LGSPEC1;NOM(2,SG)	bártnalit
bárdnat	V;COND;LGSPEC1;NOM(3,DU)	bártnaleigga
bárdnat	V;COND;LGSPEC1;NOM(3,SG)	bárnnalii
bárdnat	V;COND;NOM(1,DU)	bárdnašeimme
bárdnat	V;COND;NOM(1,PL)	bárdnašeimmet
bárdnat	V;COND;NOM(2,DU)	bárdnašeidde
bárdnat	V;COND;NOM(2,SG)	bárdnašit
bárdnat	V;IMP;NOM(1,SG)	bárdnon
bárdnat	V;IMP;NOM(2,DU)	bárdni
bárdnat	V;IMP;NOM(2,SG)	bárdna
bárdnat	V;IMP;NOM(3,DU)	bárdnoska
bárdnat	V;IMP;NOM(3,PL)	bárdnoset
bárdnat	V;IMP;NOM(3,SG)	bárdnos
bárdnat	V;POT;NOM(1,DU)	bárnnažetne
bárdnat	V;POT;NOM(1,PL)	bárnnažit
bárdnat	V;POT;NOM(2,PL)	bárnnažehpet
bárdnat	V;POT;NOM(3,DU)	bárnnažeaba
bárdnat	V;POT;NOM(3,SG)	bárnnaža
bárdnat	V;PRS;IND;NOM(1,DU)	bárdne
bárdnat	V;PRS;IND;NOM(1,PL)	bárdnat
bárdnat	V;PRS;IND;NOM(1,SG)	bárdnan
bárdnat	V;PRS;IND;NOM(2,PL)	bárdnabehtet
bárdnat	V;PRS;IND;NOM(3,DU)	bárdnaba
bárdnat	V;PRS;IND;NOM(3,SG)	bárdna
bárdnat	V;PST;IND;NOM(1,DU)	bárdnaime
bárdnat	V;PST;IND;NOM(2,DU)	bárdnaide
bárdnat	V;PST;IND;NOM(3,PL)	bárdne
bárdnat	V;PST;IND;NOM(3,SG)	bárdnai
ceggoseamos	ADJ;ACC(PL)	ceggosepmosiid
ceggoseamos	ADJ;ACC(SG)	ceggosepmosa
ceggoseamos	ADJ;COM(PL)	ceggosepmosiiguin
ceggoseamos	ADJ;COM(SG)	ceggosepmosiin
ceggoseamos	ADJ;FRML(SG)	ceggoseamosin
ceggoseamos	ADJ;GEN(PL)	ceggosepmosiid
ceggoseamos	ADJ;GEN(SG)	ceggosepmosa
ceggoseamos	ADJ;IN+ALL(PL)	ceggosepmosiidda
ceggoseamos	ADJ;IN+ALL(SG)	ceggosepmosii
ceggoseamos	ADJ;NOM(PL)	ceggosepmosat
ceggoseamos	ADJ;NOM(SG)	ceggoseamos
ceggoseamos	ADJ;PRP(PL)	ceggosepmosiin
ceggoseamos	ADJ;PRP(SG)	ceggosepmosis
cuoŋománnu	N;ACC(PL)	cuoŋománuid
cuoŋománnu	N;ACC(SG)	cuoŋománu
cuoŋománnu	N;COM(PL)	cuoŋománuiguin
cuoŋománnu	N;COM(SG)	cuoŋománuin
cuoŋománnu	N;FRML(SG)	cuoŋománnun
cuoŋománnu	N;GEN(PL)	cuoŋománuid
cuoŋománnu	N;GEN(SG)	cuoŋománu
cuoŋománnu	N;IN+ALL(PL)	cuoŋománuide
cuoŋománnu	N;IN+ALL(SG)	cuoŋománui
cuoŋománnu	N;NOM(PL)	cuoŋománut
cuoŋománnu	N;NOM(SG)	cuoŋománnu
cuoŋománnu	N;PRP(PL)	cuoŋománuin
cuoŋománnu	N;PRP(SG)	cuoŋománus
deaivat	V;COND;LGSPEC1;NOM(2,DU)	deaivvaleidde
deaivat	V;COND;LGSPEC1;NOM(2,PL)	deaivvaleiddet
deaivat	V;COND;LGSPEC1;NOM(2,SG)	deaivvalit
deaivat	V;COND;LGSPEC1;NOM(3,DU)	deaivvaleigga
deaivat	V;COND;LGSPEC1;NOM(3,PL)	deaivvale
deaivat	V;COND;LGSPEC1;NOM(3,SG)	deaivvalii
deaivat	V;COND;NOM(1,DU)	deaivvašeimme
deaivat	V;COND;NOM(2,DU)	deaivvašeidde
deaivat	V;COND;NOM(2,PL)	deaivvašeiddet
deaivat	V;COND;NOM(3,DU)	deaivvašeigga
deaivat	V;COND;NOM(3,PL)	deaivvaše
deaivat	V;COND;NOM(3,SG)	deaivvašii
deaivat	V;IMP;NOM(1,DU)	deivu
deaivat	V;IMP;NOM(2,DU)	deivi
deaivat	V;IMP;NOM(2,PL)	deivet
deaivat	V;IMP;NOM(2,SG)	deivve
deaivat	V;IMP;NOM(3,DU)	deivoska
deaivat	V;IMP;NOM(3,PL)	deivoset
deaivat	V;POT;NOM(1,PL)	deivvažit
deaivat	V;POT;NOM(1,SG)	deivvažan
deaivat	V;POT;NOM(2,PL)	deivvažehpet
deaivat	V;POT;NOM(2,SG)	deivvažat
deaivat	V;POT;NOM(3,DU)	deivvažeaba
deaivat	V;PRS;IND;NOM(1,DU)	deaive
deaivat	V;PRS;IND;NOM(2,SG)	deaivat
deaivat	V;PRS;IND;NOM(3,PL)	deaivet
deaivat	V;PST;IND;NOM(1,DU)	deivvaime
deaivat	V;PST;IND;NOM(1,PL)	deivvaimet
deaivat	V;PST;IND;NOM(1,SG)	deivvan
deaivat	V;PST;IND;NOM(2,SG)	deivvat
deaivat	V;PST;IND;NOM(3,DU)	deivveigga
deaivat	V;PST;IND;NOM(3,PL)	deivve
dievvat	V;COND;LGSPEC1;NOM(1,SG)	dievvalin
dievvat	V;COND;LGSPEC1;NOM(2,PL)	dievvaleiddet
dievvat	V;COND;LGSPEC1;NOM(2,SG)	dievvalit
dievvat	V;COND;LGSPEC1;NOM(3,PL)	dievvale
dievvat	V;COND;LGSPEC1;NOM(3,SG)	dievvalii
dievvat	V;COND;NOM(1,PL)	dievvašeimmet
dievvat	V;COND;NOM(2,DU)	dievvašeidde
dievvat	V;COND;NOM(2,SG)	dievvašit
dievvat	V;COND;NOM(3,DU)	dievvašeigga
dievvat	V;COND;NOM(3,PL)	dievvaše
dievvat	V;COND;NOM(3,SG)	dievvašii
dievvat	V;IMP;NOM(1,SG)	divvon
dievvat	V;IMP;NOM(2,PL)	dievvet
dievvat	V;IMP;NOM(2,SG)	dievve
dievvat	V;IMP;NOM(3,DU)	divvoska
dievvat	V;IMP;NOM(3,SG)	divvos
dievvat	V;POT;NOM(1,SG)	dievvažan
dievvat	V;POT;NOM(2,DU)	dievvažeahppi
dievvat	V;POT;NOM(2,PL)	dievvažehpet
dievvat	V;POT;NOM(2,SG)	dievvažat
dievvat	V;POT;NOM(3,DU)	dievvažeaba
dievvat	V;POT;NOM(3,PL)	dievvažit
dievvat	V;PRS;IND;NOM(1,DU)	dievve
dievvat	V;PRS;IND;NOM(2,SG)	dievvat
dievvat	V;PRS;IND;NOM(3,SG)	dievva
dievvat	V;PST;IND;NOM(1,PL)	divvaimet
dievvat	V;PST;IND;NOM(1,SG)	divven
dievvat	V;PST;IND;NOM(2,DU)	divvaide
dievvat	V;PST;IND;NOM(2,PL)	divvaidet
dievvat	V;PST;IND;NOM(3,DU)	divveigga
dievvat	V;PST;IND;NOM(3,PL)	divve
dievvat	V;PST;IND;NOM(3,SG)	dievvai
dorvu	N;ACC(PL)	dorvvuid
dorvu	N;ACC(SG)	dorvvu
dorvu	N;COM(PL)	dorvvuiguin
dorvu	N;COM(SG)	dorvvuin
dorvu	N;FRML(SG)	dorvun
dorvu	N;GEN(PL)	dorvvuid
dorvu	N;GEN(SG)	dorvvu
dorvu	N;IN+ALL(PL)	dorvvuide
dorvu	N;IN+ALL(SG)	dorvui
dorvu	N;NOM(PL)	dorvvut
dorvu	N;NOM(SG)	dorvu
dorvu	N;PRP(PL)	dorvvuin
dorvu	N;PRP(SG)	dorvvus
dorvvastit	V;COND;NOM(1,DU)	dorvvastivččiime
dorvvastit	V;COND;NOM(1,PL)	dorvvastivččiimet
dorvvastit	V;COND;NOM(1,SG)	dorvvastivččen
dorvvastit	V;COND;NOM(2,DU)	dorvvastivččiide
dorvvastit	V;COND;NOM(2,PL)	dorvvastivččiidet
dorvvastit	V;COND;NOM(2,SG)	dorvvastivččet
dorvvastit	V;COND;NOM(3,DU)	dorvvastivččiiga
dorvvastit	V;COND;NOM(3,PL)	dorvvastivččiiguin
dorvvastit	V;COND;NOM(3,SG)	dorvvastivčče
dorvvastit	V;IMP;NOM(1,SG)	dorvvastehkon
dorvvastit	V;IMP;NOM(2,PL)	dorvvastehket
dorvvastit	V;IMP;NOM(2,SG)	dorvvaste
dorvvastit	V;IMP;NOM(3,DU)	dorvvastoska
dorvvastit	V;IMP;NOM(3,PL)	dorvvastoset
dorvvastit	V;IMP;NOM(3,SG)	dorvvastos
dorvvastit	V;POT;NOM(1,DU)	dorvvastežetne
dorvvastit	V;POT;NOM(1,SG)	dorvvastežan
dorvvastit	V;POT;NOM(2,DU)	dorvvasteažžabeahtti
dorvvastit	V;POT;NOM(2,PL)	dorvvasteažžabehtet
dorvvastit	V;POT;NOM(3,PL)	dorvvastežit
dorvvastit	V;POT;NOM(3,SG)	dorvvasteža
dorvvastit	V;PRS;IND;NOM(1,DU)	dorvvaste
dorvvastit	V;PRS;IND;NOM(1,PL)	dorvvastit
dorvvastit	V;PRS;IND;NOM(1,SG)	dorvvasten
dorvvastit	V;PRS;IND;NOM(2,DU)	dorvvasteahppi
dorvvastit	V;PRS;IND;NOM(3,DU)	dorvvasteaba
dorvvastit	V;PST;IND;NOM(1,DU)	dorvvasteimme
dorvvastit	V;PST;IND;NOM(2,PL)	dorvvasteiddet
dorvvastit	V;PST;IND;NOM(2,SG)	dorvvastet
dorvvastit	V;PST;IND;NOM(3,DU)	dorvvasteigga
dorvvastit	V;PST;IND;NOM(3,PL)	dorvvaste
dorvvastit	V;PST;IND;NOM(3,SG)	dorvvaste
dorvvolaččat	ADJ;ACC(PL)	dorvvolaččadiid
dorvvolaččat	ADJ;ACC(SG)	dorvvolaččada
dorvvolaččat	ADJ;COM(PL)	dorvvolaččadiiguin
dorvvolaččat	ADJ;COM(SG)	dorvvolaččadiin
dorvvolaččat	ADJ;FRML(SG)	dorvvolaččabun
dorvvolaččat	ADJ;GEN(PL)	dorvvolaččadiid
dorvvolaččat	ADJ;GEN(SG)	dorvvolaččada
dorvvolaččat	ADJ;IN+ALL(PL)	dorvvolaččadiidda
dorvvolaččat	ADJ;IN+ALL(SG)	dorvvolaččadii
dorvvolaččat	ADJ;NOM(PL)	dorvvolaččadat
dorvvolaččat	ADJ;NOM(SG)	dorvvolaččat
dorvvolaččat	ADJ;PRP(PL)	dorvvolaččadiin
dorvvolaččat	ADJ;PRP(SG)	dorvvolaččadis
dápmat	V;COND;LGSPEC1;NOM(1,DU)	dápmaleimme
dápmat	V;COND;LGSPEC1;NOM(2,SG)	dápmalit
dápmat	V;COND;LGSPEC1;NOM(3,SG)	dápmalii
dápmat	V;COND;NOM(1,DU)	dápmašeimme
dápmat	V;COND;NOM(2,SG)	dápmašit
dápmat	V;COND;NOM(3,DU)	dápmašeigga
dápmat	V;COND;NOM(3,PL)	dápmaše
dápmat	V;COND;NOM(3,SG)	dápmašii
dápmat	V;IMP;NOM(1,PL)	dápmot
dápmat	V;IMP;NOM(1,SG)	dápmon
dápmat	V;IMP;NOM(2,DU)	dápmi
dápmat	V;IMP;NOM(3,PL)	dápmoset
dápmat	V;POT;NOM(1,DU)	dápmažetne
dápmat	V;POT;NOM(2,DU)	dápmažeahppi
dápmat	V;POT;NOM(2,SG)	dápmažat
dápmat	V;POT;NOM(3,DU)	dápmažeaba
dápmat	V;POT;NOM(3,PL)	dápmažit
dápmat	V;PRS;IND;NOM(1,DU)	dápme
dápmat	V;PRS;IND;NOM(1,PL)	dápmat
dápmat	V;PRS;IND;NOM(2,DU)	dápmabeahtti
dápmat	V;PRS;IND;NOM(2,SG)	dápmat
dápmat	V;PRS;IND;NOM(3,DU)	dápmaba
dápmat	V;PRS;IND;NOM(3,PL)	dápmet
dápmat	V;PRS;IND;NOM(3,SG)	dápma
dápmat	V;PST;IND;NOM(1,DU)	dápmaime
dápmat	V;PST;IND;NOM(1,PL)	dápmaimet
dápmat	V;PST;IND;NOM(1,SG)	dápman
dápmat	V;PST;IND;NOM(2,DU)	dápmaide
dápmat	V;PST;IND;NOM(2,PL)	dápmaidet
dápmat	V;PST;IND;NOM(3,DU)	dápmaiga
dápmat	V;PST;IND;NOM(3,SG)	dápmai
fuoikit	V;COND;LGSPEC1;NOM(1,DU)	fuoikkáleimme
fuoikit	V;COND;LGSPEC1;NOM(1,PL)	fuoikkáleimmet
fuoikit	V;COND;LGSPEC1;NOM(1,SG)	fuoikkálin
fuoikit	V;COND;LGSPEC1;NOM(2,DU)	fuoikkáleidde
fuoikit	V;COND;LGSPEC1;NOM(2,PL)	fuoikkáleiddet
fuoikit	V;COND;LGSPEC1;NOM(3,PL)	fuoikkále
fuoikit	V;COND;LGSPEC1;NOM(3,SG)	fuoikkálii
fuoikit	V;COND;NOM(1,DU)	fuoikkášeimme
fuoikit	V;COND;NOM(2,PL)	fuoikkášeiddet
fuoikit	V;COND;NOM(2,SG)	fuoikkášit
fuoikit	V;COND;NOM(3,DU)	fuoikkášeigga
fuoikit	V;COND;NOM(3,SG)	fuoikkášii
fuoikit	V;IMP;NOM(1,DU)	fuiku
fuoikit	V;IMP;NOM(1,PL)	fuikot
fuoikit	V;IMP;NOM(1,SG)	fuikon
fuoikit	V;IMP;NOM(2,DU)	fuiki
fuoikit	V;IMP;NOM(2,PL)	fuiket
fuoikit	V;IMP;NOM(2,SG)	fuike
fuoikit	V;IMP;NOM(3,DU)	fuikoska
fuoikit	V;POT;NOM(1,PL)	fuikkežit
fuoikit	V;POT;NOM(1,SG)	fuikkežan
fuoikit	V;POT;NOM(2,SG)	fuikkežat
fuoikit	V;POT;NOM(3,DU)	fuikkežeaba
fuoikit	V;POT;NOM(3,SG)	fuikkeža
fuoikit	V;PRS;IND;NOM(1,PL)	fuoikit
fuoikit	V;PRS;IND;NOM(1,SG)	fuoikkán
fuoikit	V;PRS;IND;NOM(2,PL)	fuoikehpet
fuoikit	V;PST;IND;NOM(1,SG)	fuikkin
fuoikit	V;PST;IND;NOM(2,SG)	fuikkit
fuoikit	V;PST;IND;NOM(3,DU)	fuikkiiga
fuoikit	V;PST;IND;NOM(3,SG)	fuikkii
geahppán	N;ACC(PL)	geahpájiid
geahppán	N;ACC(SG)	geahppán
geahppán	N;COM(PL)	geahpámiiguin
geahppán	N;COM(SG)	geahpániin
geahppán	N;FRML(SG)	geahppánn
geahppán	N;GEN(PL)	geahpájiid
geahppán	N;GEN(SG)	geahppána
geahppán	N;IN+ALL(PL)	geahpáide
geahppán	N;IN+ALL(SG)	geahppái
geahppán	N;NOM(SG)	geahppán
geahppán	N;PRP(PL)	geahppániin
geahppán	N;PRP(SG)	geahppáns
guoggát	V;COND;LGSPEC1;NOM(1,DU)	guokkáleimme
guoggát	V;COND;LGSPEC1;NOM(2,SG)	guokkálit
guoggát	V;COND;LGSPEC1;NOM(3,DU)	guoggáleigga
guoggát	V;COND;LGSPEC1;NOM(3,PL)	guoggále
guoggát	V;COND;LGSPEC1;NOM(3,SG)	guoggálii
guoggát	V;COND;NOM(1,DU)	guoggášeimme
guoggát	V;COND;NOM(1,SG)	guoggášin
guoggát	V;COND;NOM(2,DU)	guoggášeidde
guoggát	V;COND;NOM(2,PL)	guoggášeiddet
guoggát	V;COND;NOM(3,DU)	guoggášeigga
guoggát	V;COND;NOM(3,SG)	guoggášii
guoggát	V;IMP;NOM(1,DU)	guoggájeadnu
guoggát	V;IMP;NOM(1,SG)	guoggájehkon
guoggát	V;IMP;NOM(2,SG)	guoggá
guoggát	V;IMP;NOM(3,DU)	guoggájehkoska
guoggát	V;IMP;NOM(3,SG)	guoggájehkos
guoggát	V;POT;NOM(1,DU)	guoggážetne
guoggát	V;POT;NOM(2,PL)	guoggážehpet
guoggát	V;POT;NOM(2,SG)	gukkážat
guoggát	V;POT;NOM(3,PL)	guoggážit
guoggát	V;PRS;IND;NOM(1,DU)	guoggájetne
guoggát	V;PRS;IND;NOM(1,PL)	guoggát
guoggát	V;PRS;IND;NOM(1,SG)	guoggán
guoggát	V;PRS;IND;NOM(2,PL)	guoggábehtet
guoggát	V;PRS;IND;NOM(2,SG)	guoggát
guoggát	V;PRS;IND;NOM(3,SG)	guoggá
guoggát	V;PST;IND;NOM(1,DU)	gukkáime
guoggát	V;PST;IND;NOM(1,PL)	guoggáimet
guoggát	V;PST;IND;NOM(1,SG)	guoggájin
guoggát	V;PST;IND;NOM(2,DU)	gukkáide
guoggát	V;PST;IND;NOM(2,SG)	gukkájit
guoggát	V;PST;IND;NOM(3,PL)	gukkájedje
guoktelogigoalmmát	ADJ;ACC(PL)	guoktelogigoalmmádiid
guoktelogigoalmmát	ADJ;ACC(SG)	guoktelogigoalmmáda
guoktelogigoalmmát	ADJ;COM(PL)	guoktelogigoalmmádiiguin
guoktelogigoalmmát	ADJ;COM(SG)	guoktelogigoalmmádiin
guoktelogigoalmmát	ADJ;FRML(SG)	guoktelogigoalmmádin
guoktelogigoalmmát	ADJ;GEN(PL)	guoktelogigoalmmádiid
guoktelogigoalmmát	ADJ;GEN(SG)	guoktelogigoalmmáda
guoktelogigoalmmát	ADJ;IN+ALL(PL)	guoktelogigoalmmádiidda
guoktelogigoalmmát	ADJ;IN+ALL(SG)	guoktelogigoalmmái
guoktelogigoalmmát	ADJ;NOM(PL)	guoktelogigoalmmádat
guoktelogigoalmmát	ADJ;NOM(SG)	guoktelogigoalmmát
guoktelogigoalmmát	ADJ;PRP(PL)	guoktelogigoalmmádiin
guoktelogigoalmmát	ADJ;PRP(SG)	guoktelogigoalmmádis
guolástit	V;COND;NOM(1,PL)	guolástivččiimet
guolástit	V;COND;NOM(1,SG)	guolástivččen
guolástit	V;COND;NOM(2,DU)	guolástivččiide
guolástit	V;COND;NOM(2,SG)	guolástivččet
guolástit	V;COND;NOM(3,DU)	guolástivččiiga
guolástit	V;COND;NOM(3,SG)	guolástivčče
guolástit	V;IMP;NOM(1,DU)	guolástu
guolástit	V;IMP;NOM(1,SG)	guolástehkon
guolástit	V;IMP;NOM(2,DU)	guolásti
guolástit	V;IMP;NOM(2,PL)	guolástehket
guolástit	V;IMP;NOM(2,SG)	guoláste
guolástit	V;IMP;NOM(3,DU)	guolástoska
guolástit	V;IMP;NOM(3,SG)	guolástos
guolástit	V;POT;NOM(1,DU)	guolásteažžabeahtti
guolástit	V;POT;NOM(1,PL)	guolásteažžat
guolástit	V;POT;NOM(2,PL)	guolásteažžabehtet
guolástit	V;POT;NOM(3,DU)	guolásteažžaba
guolástit	V;POT;NOM(3,PL)	guolásteažžat
guolástit	V;POT;NOM(3,SG)	guolásteažža
guolástit	V;PRS;IND;NOM(1,DU)	guoláste
guolástit	V;PRS;IND;NOM(1,SG)	guolásten
guolástit	V;PRS;IND;NOM(2,PL)	guolástehpet
guolástit	V;PRS;IND;NOM(2,SG)	guolástát
guolástit	V;PRS;IND;NOM(3,PL)	guolástet
guolástit	V;PST;IND;NOM(1,DU)	guolásteimme
guolástit	V;PST;IND;NOM(1,PL)	guolásteimmet
guolástit	V;PST;IND;NOM(1,SG)	guolásten
guolástit	V;PST;IND;NOM(2,DU)	guolásteidde
guolástit	V;PST;IND;NOM(2,PL)	guolásteiddet
guolástit	V;PST;IND;NOM(2,SG)	guolástet
guolástit	V;PST;IND;NOM(3,SG)	guolástei
guvrát	V;COND;LGSPEC1;NOM(1,PL)	guvráleimmet
guvrát	V;COND;LGSPEC1;NOM(1,SG)	guvrálin
guvrát	V;COND;LGSPEC1;NOM(2,DU)	guvráleidde
guvrát	V;COND;LGSPEC1;NOM(3,DU)	guvráleigga
guvrát	V;COND;LGSPEC1;NOM(3,SG)	guvrálii
guvrát	V;COND;NOM(1,PL)	guvrášeimmet
guvrát	V;COND;NOM(1,SG)	guvrášin
guvrát	V;COND;NOM(2,DU)	guvrášeidde
guvrát	V;COND;NOM(2,PL)	guvrášeiddet
guvrát	V;IMP;NOM(1,DU)	guvrájeadnu
guvrát	V;IMP;NOM(2,DU)	guvrájeahkki
guvrát	V;IMP;NOM(2,PL)	guvrájehket
guvrát	V;IMP;NOM(3,PL)	guvrájehkoset
guvrát	V;IMP;NOM(3,SG)	guvrájehkos
guvrát	V;POT;NOM(1,DU)	guvrážetne
guvrát	V;POT;NOM(1,PL)	guvrážit
guvrát	V;POT;NOM(2,PL)	guvrážehpet
guvrát	V;POT;NOM(2,SG)	guvrážat
guvrát	V;POT;NOM(3,DU)	guvrážeaba
guvrát	V;POT;NOM(3,PL)	guvrážit
guvrát	V;POT;NOM(3,SG)	guvráža
guvrát	V;PRS;IND;NOM(1,DU)	guvrájetne
guvrát	V;PRS;IND;NOM(1,SG)	guvrán
guvrát	V;PRS;IND;NOM(2,PL)	guvrábehtet
guvrát	V;PRS;IND;NOM(2,SG)	guvrát
guvrát	V;PRS;IND;NOM(3,PL)	guvrájit
guvrát	V;PRS;IND;NOM(3,SG)	guvrá
guvrát	V;PST;IND;NOM(2,DU)	guvráide
guvrát	V;PST;IND;NOM(2,SG)	guvrájit
guvrát	V;PST;IND;NOM(3,DU)	guvráiga
guvrát	V;PST;IND;NOM(3,PL)	guvrájedje
guvrát	V;PST;IND;NOM(3,SG)	guvrái
guđat	ADJ;ACC(PL)	guđadiid
guđat	ADJ;ACC(SG)	guđada
guđat	ADJ;COM(PL)	guđadiiguin
guđat	ADJ;COM(SG)	guđadiin
guđat	ADJ;FRML(SG)	guđadin
guđat	ADJ;GEN(PL)	guđadiid
guđat	ADJ;GEN(SG)	guđada
guđat	ADJ;IN+ALL(PL)	guđadiidda
guđat	ADJ;IN+ALL(SG)	guđadii
guđat	ADJ;NOM(PL)	guđadat
guđat	ADJ;NOM(SG)	guđat
guđat	ADJ;PRP(SG)	guđadis
gáisi	N;ACC(PL)	gáissiid
gáisi	N;ACC(SG)	gáissi
gáisi	N;COM(PL)	gáissiiguin
gáisi	N;COM(SG)	gáissiin
gáisi	N;FRML(SG)	gáisin
gáisi	N;GEN(PL)	gáisiid
gáisi	N;GEN(SG)	gáisi
gáisi	N;IN+ALL(PL)	gáissiide
gáisi	N;IN+ALL(SG)	gáisii
gáisi	N;NOM(PL)	gáisit
gáisi	N;NOM(SG)	gáisi
gáisi	N;PRP(PL)	gáissiin
gáisi	N;PRP(SG)	gáissis
gáranas	N;ACC(PL)	gáranasiid
gáranas	N;ACC(SG)	gáranasa
gáranas	N;COM(PL)	gáranasiiguin
gáranas	N;COM(SG)	gáranasiin
gáranas	N;FRML(SG)	gáranasin
gáranas	N;GEN(PL)	gáranasiid
gáranas	N;GEN(SG)	gáranasa
gáranas	N;IN+ALL(PL)	gáranasiidda
gáranas	N;IN+ALL(SG)	gáranasii
gáranas	N;NOM(PL)	gáranasat
gáranas	N;NOM(SG)	gáranas
gáranas	N;PRP(PL)	gáranasiin
gáranas	N;PRP(SG)	gáranasis
gávrut	V;COND;LGSPEC1;NOM(1,PL)	gávrroleimmet
gávrut	V;COND;LGSPEC1;NOM(2,PL)	gávrroleiddet
gávrut	V;COND;LGSPEC1;NOM(3,PL)	gávrrole
gávrut	V;COND;LGSPEC1;NOM(3,SG)	gávrrolii
gávrut	V;COND;NOM(1,PL)	gávrrošeimmet
gávrut	V;COND;NOM(1,SG)	gávrrošin
gávrut	V;COND;NOM(2,DU)	gávrošeidde
gávrut	V;COND;NOM(2,PL)	gávrrošeiddet
gávrut	V;COND;NOM(3,PL)	gávrroše
gávrut	V;COND;NOM(3,SG)	gávrrošii
gávrut	V;IMP;NOM(1,DU)	gávru
gávrut	V;IMP;NOM(1,PL)	gávrot
gávrut	V;IMP;NOM(2,SG)	gávru
gávrut	V;IMP;NOM(3,DU)	gávroska
gávrut	V;IMP;NOM(3,PL)	gávroset
gávrut	V;POT;NOM(1,DU)	gávrrožetne
gávrut	V;POT;NOM(1,PL)	gávrrožit
gávrut	V;POT;NOM(2,DU)	gávrrožeahppi
gávrut	V;POT;NOM(2,PL)	gávrrožehpet
gávrut	V;POT;NOM(2,SG)	gávrrožat
gávrut	V;POT;NOM(3,DU)	gávrrožeaba
gávrut	V;POT;NOM(3,SG)	gávrroža
gávrut	V;PRS;IND;NOM(1,SG)	gávrun
gávrut	V;PRS;IND;NOM(2,DU)	gávrubeahtti
gávrut	V;PRS;IND;NOM(2,SG)	gávrut
gávrut	V;PRS;IND;NOM(3,PL)	gávrut
gávrut	V;PST;IND;NOM(1,DU)	gávruime
gávrut	V;PST;IND;NOM(1,PL)	gávruimet
gávrut	V;PST;IND;NOM(2,DU)	gávruide
gávrut	V;PST;IND;NOM(2,SG)	gávrut
gávrut	V;PST;IND;NOM(3,DU)	gávruiga
gávrut	V;PST;IND;NOM(3,PL)	gávruje
jiehtanas	N;ACC(PL)	jiehtanasiid
jiehtanas	N;ACC(SG)	jiehtanasa
jiehtanas	N;COM(PL)	jiehtanasiiguin
jiehtanas	N;FRML(SG)	jiehtanasin
jiehtanas	N;GEN(PL)	jiehtanasiid
jiehtanas	N;GEN(SG)	jiehtanasa
jiehtanas	N;IN+ALL(PL)	jiehtanasiidda
jiehtanas	N;IN+ALL(SG)	jiehtanasii
jiehtanas	N;NOM(PL)	jiehtanasat
jiehtanas	N;NOM(SG)	jiehtanas
jiehtanas	N;PRP(PL)	jiehtanasiin
jiehtanas	N;PRP(SG)	jiehtanasis
jorbbas	ADJ;ACC(PL)	jorbbasiid
jorbbas	ADJ;ACC(SG)	jorbbasa
jorbbas	ADJ;COM(PL)	jorbbasiiguin
jorbbas	ADJ;COM(SG)	jorbbasiin
jorbbas	ADJ;FRML(SG)	jorbbasin
jorbbas	ADJ;GEN(PL)	jorbbasiid
jorbbas	ADJ;GEN(SG)	jorbbasa
jorbbas	ADJ;IN+ALL(PL)	jorbbasiidda
jorbbas	ADJ;IN+ALL(SG)	jorbbasii
jorbbas	ADJ;NOM(PL)	jorbbasat
jorbbas	ADJ;NOM(SG)	jorbbas
jorbbas	ADJ;PRP(PL)	jorbbasiin
jorbbas	ADJ;PRP(SG)	jorbbasis
lasta	N;ACC(PL)	lasttaid
lasta	N;ACC(SG)	lastta
lasta	N;COM(PL)	lasttaiguin
lasta	N;COM(SG)	lasttain
lasta	N;FRML(SG)	lastan
lasta	N;GEN(PL)	lasttaid
lasta	N;GEN(SG)	lastta
lasta	N;IN+ALL(PL)	lasttaide
lasta	N;IN+ALL(SG)	lasttii
lasta	N;NOM(PL)	lasttat
lasta	N;NOM(SG)	lasta
lasta	N;PRP(PL)	lasttain
lasta	N;PRP(SG)	lasttas
loahppat	V;COND;LGSPEC1;NOM(1,DU)	loahpaleimme
loahppat	V;COND;LGSPEC1;NOM(2,DU)	loahpaleidde
loahppat	V;COND;LGSPEC1;NOM(2,SG)	loahpalit
loahppat	V;COND;LGSPEC1;NOM(3,SG)	loahpalii
loahppat	V;COND;NOM(1,PL)	loahpašeimmet
loahppat	V;COND;NOM(1,SG)	loahpašin
loahppat	V;COND;NOM(2,DU)	loahpašeidde
loahppat	V;COND;NOM(2,SG)	loahpašit
loahppat	V;IMP;NOM(1,DU)	loahppu
loahppat	V;IMP;NOM(1,SG)	lohppon
loahppat	V;IMP;NOM(2,DU)	loahppi
loahppat	V;IMP;NOM(3,DU)	lohpposka
loahppat	V;IMP;NOM(3,PL)	lohpposet
loahppat	V;IMP;NOM(3,SG)	lohppos
loahppat	V;POT;NOM(1,DU)	loahpažetne
loahppat	V;POT;NOM(1,PL)	loahpažit
loahppat	V;POT;NOM(1,SG)	loahpažan
loahppat	V;POT;NOM(2,DU)	loahpažeahppi
loahppat	V;POT;NOM(2,PL)	loahpažehpet
loahppat	V;POT;NOM(2,SG)	loahpažat
loahppat	V;POT;NOM(3,PL)	loahpažit
loahppat	V;POT;NOM(3,SG)	loahpaža
loahppat	V;PRS;IND;NOM(1,DU)	loahppe
loahppat	V;PRS;IND;NOM(2,PL)	loahppabehtet
loahppat	V;PRS;IND;NOM(3,PL)	loahppet
loahppat	V;PRS;IND;NOM(3,SG)	loahppa
loahppat	V;PST;IND;NOM(1,SG)	loahpan
loahppat	V;PST;IND;NOM(2,DU)	loahpaide
loahppat	V;PST;IND;NOM(2,PL)	loahpaidet
loahppat	V;PST;IND;NOM(2,SG)	loahpat
loahppat	V;PST;IND;NOM(3,DU)	loahpaiga
lákca	N;ACC(PL)	lávccaid
lákca	N;ACC(SG)	lávcca
lákca	N;COM(PL)	lávccaiguin
lákca	N;COM(SG)	lávccain
lákca	N;FRML(SG)	lákcan
lákca	N;GEN(PL)	lávccaid
lákca	N;GEN(SG)	lávcca
lákca	N;IN+ALL(PL)	lávccaide
lákca	N;IN+ALL(SG)	lávccii
lákca	N;NOM(PL)	lávccat
lákca	N;NOM(SG)	lákca
lákca	N;PRP(PL)	lávccain
lákca	N;PRP(SG)	lávccas
mohkkámus	ADJ;ACC(PL)	mohkkámusaid
mohkkámus	ADJ;ACC(SG)	mohkkámusa
mohkkámus	ADJ;COM(PL)	mohkkámusaiguin
mohkkámus	ADJ;COM(SG)	mohkkámusain
mohkkámus	ADJ;FRML(SG)	mohkkámussan
mohkkámus	ADJ;GEN(PL)	mohkkámusaid
mohkkámus	ADJ;GEN(SG)	mohkkámusa
mohkkámus	ADJ;IN+ALL(PL)	mohkkámusaide
mohkkámus	ADJ;IN+ALL(SG)	mohkkámussii
mohkkámus	ADJ;NOM(PL)	mohkkámusat
mohkkámus	ADJ;NOM(SG)	mohkkámus
mohkkámus	ADJ;PRP(PL)	mohkkámusain
mohkkámus	ADJ;PRP(SG)	mohkkámusas
positiiva	ADJ;ACC(PL)	positiivvaid
positiiva	ADJ;ACC(SG)	positiivva
positiiva	ADJ;COM(PL)	positiivvaiguin
positiiva	ADJ;COM(SG)	positiivvain
positiiva	ADJ;FRML(SG)	positiivan
positiiva	ADJ;GEN(PL)	positiivvaid
positiiva	ADJ;GEN(SG)	positiivva
positiiva	ADJ;IN+ALL(PL)	positiivvaide
positiiva	ADJ;IN+ALL(SG)	positiivvii
positiiva	ADJ;NOM(PL)	positiivvat
positiiva	ADJ;NOM(SG)	positiiva
positiiva	ADJ;PRP(PL)	positiivvain
positiiva	ADJ;PRP(SG)	positiivvas
ruhta	N;ACC(PL)	ruđaid
ruhta	N;ACC(SG)	ruđa
ruhta	N;COM(PL)	ruđaiguin
ruhta	N;COM(SG)	ruđain
ruhta	N;FRML(SG)	ruhtan
ruhta	N;GEN(PL)	ruđaid
ruhta	N;GEN(SG)	ruđa
ruhta	N;IN+ALL(PL)	ruđaide
ruhta	N;NOM(PL)	ruđat
ruhta	N;NOM(SG)	ruhta
ruhta	N;PRP(PL)	ruđain
ruhta	N;PRP(SG)	ruđas
russat	V;COND;LGSPEC1;NOM(1,DU)	russaleimme
russat	V;COND;LGSPEC1;NOM(1,PL)	russaleimmet
russat	V;COND;LGSPEC1;NOM(2,DU)	russaleidde
russat	V;COND;LGSPEC1;NOM(2,SG)	russalit
russat	V;COND;LGSPEC1;NOM(3,SG)	russalii
russat	V;COND;NOM(1,DU)	russašeimme
russat	V;COND;NOM(1,PL)	russašeimmet
russat	V;COND;NOM(1,SG)	russašin
russat	V;COND;NOM(2,PL)	russašeiddet
russat	V;COND;NOM(2,SG)	russašit
russat	V;COND;NOM(3,SG)	russašii
russat	V;IMP;NOM(1,PL)	russot
russat	V;IMP;NOM(1,SG)	russon
russat	V;IMP;NOM(2,SG)	russe
russat	V;IMP;NOM(3,DU)	russoska
russat	V;POT;NOM(1,DU)	russažetne
russat	V;POT;NOM(1,PL)	russažit
russat	V;POT;NOM(2,DU)	rusažeahppi
russat	V;POT;NOM(3,DU)	russažeaba
russat	V;PRS;IND;NOM(1,PL)	russat
russat	V;PRS;IND;NOM(1,SG)	russan
russat	V;PRS;IND;NOM(2,PL)	russabehtet
russat	V;PRS;IND;NOM(2,SG)	russat
russat	V;PRS;IND;NOM(3,PL)	russet
russat	V;PST;IND;NOM(1,DU)	russeimme
russat	V;PST;IND;NOM(1,PL)	russeimmet
russat	V;PST;IND;NOM(1,SG)	russen
russat	V;PST;IND;NOM(2,DU)	russaide
russat	V;PST;IND;NOM(2,PL)	russaidet
russat	V;PST;IND;NOM(2,SG)	russet
russat	V;PST;IND;NOM(3,PL)	russe
russat	V;PST;IND;NOM(3,SG)	russai
ráhkis	ADJ;ACC(PL)	ráhkisiid
ráhkis	ADJ;ACC(SG)	ráhkisa
ráhkis	ADJ;COM(PL)	ráhkáiguin
ráhkis	ADJ;COM(SG)	ráhkáin
ráhkis	ADJ;FRML(SG)	ráhkisin
ráhkis	ADJ;GEN(PL)	rágáid
ráhkis	ADJ;GEN(SG)	ráhkása
ráhkis	ADJ;IN+ALL(PL)	ráhkáide
ráhkis	ADJ;IN+ALL(SG)	ráhkái
ráhkis	ADJ;NOM(PL)	ráhkisat
ráhkis	ADJ;NOM(SG)	ráhkis
ráhkis	ADJ;PRP(PL)	ráhkáin
ráhkis	ADJ;PRP(SG)	ráhkásas
skeaikit	V;COND;LGSPEC1;NOM(1,DU)	skeaikkáleimme
skeaikit	V;COND;LGSPEC1;NOM(1,SG)	skeaikkálin
skeaikit	V;COND;LGSPEC1;NOM(2,DU)	skeaikkáleidde
skeaikit	V;COND;LGSPEC1;NOM(2,PL)	skeaikkáleiddet
skeaikit	V;COND;LGSPEC1;NOM(2,SG)	skeaikkálit
skeaikit	V;COND;LGSPEC1;NOM(3,PL)	skeaikkále
skeaikit	V;COND;NOM(2,DU)	skeaikkášeidde
skeaikit	V;COND;NOM(2,SG)	skeaikkášit
skeaikit	V;COND;NOM(3,DU)	skeaikkášeigga
skeaikit	V;IMP;NOM(1,PL)	skeaikot
skeaikit	V;IMP;NOM(2,DU)	skeaikki
skeaikit	V;IMP;NOM(2,SG)	skeike
skeaikit	V;IMP;NOM(3,SG)	skeikos
skeaikit	V;POT;NOM(1,DU)	skeaikkežetne
skeaikit	V;POT;NOM(1,PL)	skeaikkežit
skeaikit	V;POT;NOM(1,SG)	skeaikežan
skeaikit	V;POT;NOM(2,DU)	skeaikkežeahppi
skeaikit	V;POT;NOM(2,PL)	skeaikkežehpet
skeaikit	V;POT;NOM(2,SG)	skeaiggežat
skeaikit	V;POT;NOM(3,DU)	skeaikkežeaba
skeaikit	V;POT;NOM(3,PL)	skeaikkežit
skeaikit	V;POT;NOM(3,SG)	skeaikeža
skeaikit	V;PRS;IND;NOM(1,SG)	skeaikkán
skeaikit	V;PRS;IND;NOM(2,DU)	skeaikeahppi
skeaikit	V;PRS;IND;NOM(2,PL)	skeaikehpet
skeaikit	V;PRS;IND;NOM(3,DU)	skeaikiba
skeaikit	V;PRS;IND;NOM(3,PL)	skeaiket
skeaikit	V;PST;IND;NOM(2,DU)	skeaikkiide
skeaikit	V;PST;IND;NOM(2,PL)	skeikeiddet
skeaikit	V;PST;IND;NOM(2,SG)	skeiket
skeaikit	V;PST;IND;NOM(3,DU)	skeikkiiga
skeaikit	V;PST;IND;NOM(3,PL)	skeike
stoarbma	N;ACC(PL)	stoarmmaid
stoarbma	N;ACC(SG)	stoarmma
stoarbma	N;COM(PL)	stoarmmaiguin
stoarbma	N;COM(SG)	stoarmmain
stoarbma	N;FRML(SG)	stoarbman
stoarbma	N;GEN(PL)	stoarmmaid
stoarbma	N;GEN(SG)	stoarmma
stoarbma	N;IN+ALL(PL)	stoarmmaide
stoarbma	N;IN+ALL(SG)	stoarbmii
stoarbma	N;NOM(PL)	stoarmmat
stoarbma	N;NOM(SG)	stoarbma
stoarbma	N;PRP(PL)	stoarmmain
stoarbma	N;PRP(SG)	stoarmmas
stuorát	ADJ;ACC(PL)	stuorádiid
stuorát	ADJ;ACC(SG)	stuoráda
stuorát	ADJ;COM(PL)	stuorádiiguin
stuorát	ADJ;COM(SG)	stuorádiin
stuorát	ADJ;FRML(SG)	stuorádin
stuorát	ADJ;GEN(PL)	stuorádiid
stuorát	ADJ;GEN(SG)	stuoráda
stuorát	ADJ;IN+ALL(PL)	stuorádiidda
stuorát	ADJ;IN+ALL(SG)	stuorádii
stuorát	ADJ;NOM(PL)	stuorádat
stuorát	ADJ;NOM(SG)	stuorát
stuorát	ADJ;PRP(PL)	stuorádiin
stuorát	ADJ;PRP(SG)	stuorádis
sávvat	V;COND;LGSPEC1;NOM(1,DU)	sávvaleimme
sávvat	V;COND;LGSPEC1;NOM(1,PL)	sávvaleimmet
sávvat	V;COND;LGSPEC1;NOM(1,SG)	sávvalin
sávvat	V;COND;LGSPEC1;NOM(2,SG)	sávvalit
sávvat	V;COND;LGSPEC1;NOM(3,DU)	sávvaleigga
sávvat	V;COND;NOM(1,PL)	sávvašeimmet
sávvat	V;COND;NOM(2,DU)	sávvašeidde
sávvat	V;COND;NOM(2,PL)	sávvašeiddet
sávvat	V;COND;NOM(2,SG)	sávvašit
sávvat	V;COND;NOM(3,PL)	sávvaše
sávvat	V;COND;NOM(3,SG)	sávvašii
sávvat	V;IMP;NOM(1,PL)	sávvot
sávvat	V;IMP;NOM(1,SG)	sávvon
sávvat	V;IMP;NOM(2,DU)	sávvi
sávvat	V;IMP;NOM(2,PL)	sávvet
sávvat	V;IMP;NOM(2,SG)	sávve
sávvat	V;IMP;NOM(3,PL)	sávvoset
sávvat	V;POT;NOM(1,PL)	sávvažit
sávvat	V;POT;NOM(1,SG)	sávvažan
sávvat	V;POT;NOM(2,SG)	sávvažat
sávvat	V;POT;NOM(3,PL)	sávvažit
sávvat	V;PRS;IND;NOM(1,DU)	sávve
sávvat	V;PRS;IND;NOM(1,PL)	sávvat
sávvat	V;PRS;IND;NOM(1,SG)	sávvan
sávvat	V;PRS;IND;NOM(2,DU)	sávvabeahtti
sávvat	V;PRS;IND;NOM(2,PL)	sávvabehtet
sávvat	V;PRS;IND;NOM(2,SG)	sávvat
sávvat	V;PRS;IND;NOM(3,DU)	sávvaba
sávvat	V;PRS;IND;NOM(3,PL)	sávvet
sávvat	V;PST;IND;NOM(2,DU)	sávaide
sávvat	V;PST;IND;NOM(2,PL)	sávvaidet
sávvat	V;PST;IND;NOM(2,SG)	sávvet
višuvdna	N;ACC(PL)	višuvnnaid
višuvdna	N;ACC(SG)	višuvnna
višuvdna	N;COM(PL)	višuvnnaiguin
višuvdna	N;COM(SG)	višuvnnain
višuvdna	N;FRML(SG)	višuvnnan
višuvdna	N;GEN(PL)	višuvnnaid
višuvdna	N;GEN(SG)	višuvnna
višuvdna	N;IN+ALL(PL)	višuvnnaide
višuvdna	N;IN+ALL(SG)	višuvnnii
višuvdna	N;NOM(PL)	višuvnnat
višuvdna	N;NOM(SG)	višuvdna
višuvdna	N;PRP(PL)	višuvnnain
višuvdna	N;PRP(SG)	višuvnnas
árgi	ADJ;ACC(PL)	árggiid
árgi	ADJ;ACC(SG)	árggi
árgi	ADJ;COM(PL)	árggiiguin
árgi	ADJ;COM(SG)	árggiin
árgi	ADJ;FRML(SG)	árgin
árgi	ADJ;GEN(PL)	árggiid
árgi	ADJ;GEN(SG)	árggi
árgi	ADJ;IN+ALL(PL)	árggiide
árgi	ADJ;IN+ALL(SG)	árggii
árgi	ADJ;NOM(PL)	árggit
árgi	ADJ;NOM(SG)	árgi
árgi	ADJ;PRP(PL)	árggiin
árgi	ADJ;PRP(SG)	árggis
čalmmeheamos	ADJ;ACC(PL)	čalmmehepmosiid
čalmmeheamos	ADJ;ACC(SG)	čalmmehepmosa
čalmmeheamos	ADJ;COM(PL)	čalmmehepmosiiguin
čalmmeheamos	ADJ;COM(SG)	čalmmehepmosiin
čalmmeheamos	ADJ;FRML(SG)	čalmmeheamosin
čalmmeheamos	ADJ;GEN(PL)	čalmmehepmosiid
čalmmeheamos	ADJ;GEN(SG)	čalmmehepmosa
čalmmeheamos	ADJ;IN+ALL(PL)	čalmmehepmosiidda
čalmmeheamos	ADJ;IN+ALL(SG)	čalmmehepmosii
čalmmeheamos	ADJ;NOM(PL)	čalmmehepmosat
čalmmeheamos	ADJ;NOM(SG)	čalmmeheamos
čalmmeheamos	ADJ;PRP(PL)	čalmmehepmosiin
čalmmeheamos	ADJ;PRP(SG)	čalmmehepmosis
čavgat	ADJ;ACC(PL)	čavggabuid
čavgat	ADJ;ACC(SG)	čavggada
čavgat	ADJ;COM(PL)	čavggabuiguin
čavgat	ADJ;COM(SG)	čavggabuin
čavgat	ADJ;FRML(SG)	čavgadin
čavgat	ADJ;GEN(PL)	čavggabuid
čavgat	ADJ;GEN(SG)	čavggada
čavgat	ADJ;IN+ALL(PL)	čavggabuidda
čavgat	ADJ;IN+ALL(SG)	čavggabui
čavgat	ADJ;NOM(PL)	čavggabut
čavgat	ADJ;NOM(SG)	čavgat
čavgat	ADJ;PRP(PL)	čavggabuin
čavgat	ADJ;PRP(SG)	čavggadis
čierrut	V;COND;LGSPEC1;NOM(1,DU)	čierroleimme
čierrut	V;COND;LGSPEC1;NOM(1,SG)	čierrolin
čierrut	V;COND;LGSPEC1;NOM(2,DU)	čierroleidde
čierrut	V;COND;LGSPEC1;NOM(3,SG)	čierrolii
čierrut	V;COND;NOM(1,DU)	čierrošeimme
čierrut	V;COND;NOM(1,SG)	čierrošin
čierrut	V;COND;NOM(2,DU)	čierrošeidde
čierrut	V;COND;NOM(2,SG)	čierrošit
čierrut	V;COND;NOM(3,DU)	čierrošeigga
čierrut	V;COND;NOM(3,PL)	čierroše
čierrut	V;COND;NOM(3,SG)	čierrošii
čierrut	V;IMP;NOM(1,DU)	čierru
čierrut	V;IMP;NOM(1,PL)	čierrot
čierrut	V;IMP;NOM(1,SG)	čierron
čierrut	V;IMP;NOM(2,DU)	čierru
čierrut	V;IMP;NOM(2,PL)	čierret
čierrut	V;IMP;NOM(2,SG)	čierru
čierrut	V;IMP;NOM(3,DU)	čierroska
čierrut	V;IMP;NOM(3,SG)	čirros
čierrut	V;POT;NOM(2,DU)	čirrožeahppi
čierrut	V;POT;NOM(2,PL)	čirrožehpet
čierrut	V;POT;NOM(2,SG)	čirrožat
čierrut	V;POT;NOM(3,DU)	čirrožeaba
čierrut	V;PRS;IND;NOM(1,DU)	čierru
čierrut	V;PRS;IND;NOM(1,PL)	čierrut
čierrut	V;PRS;IND;NOM(2,PL)	čierrubehtet
čierrut	V;PRS;IND;NOM(3,PL)	čierrut
čierrut	V;PST;IND;NOM(1,DU)	čirruime
čierrut	V;PST;IND;NOM(1,SG)	čirrun
čierrut	V;PST;IND;NOM(2,PL)	čirruidet
čierrut	V;PST;IND;NOM(2,SG)	čirrut
čierrut	V;PST;IND;NOM(3,SG)	čirrui
čuovgat	ADJ;ACC(PL)	čuovggadiid
čuovgat	ADJ;ACC(SG)	čuovgada
čuovgat	ADJ;COM(PL)	čuovggadiiguin
čuovgat	ADJ;COM(SG)	čuovggabuin
čuovgat	ADJ;FRML(SG)	čuovgadin
čuovgat	ADJ;GEN(PL)	čuovggadiid
čuovgat	ADJ;GEN(SG)	čuovggada
čuovgat	ADJ;IN+ALL(PL)	čuovggadiidda
čuovgat	ADJ;IN+ALL(SG)	čuovggadii
čuovgat	ADJ;NOM(PL)	čuovggabut
čuovgat	ADJ;NOM(SG)	čuovgat
čuovgat	ADJ;PRP(PL)	čuovggadiin
čuovgat	ADJ;PRP(SG)	čuovggadis
čábbáseamos	ADJ;ACC(PL)	čábbásepmosiid
čábbáseamos	ADJ;ACC(SG)	čábbásepmosa
čábbáseamos	ADJ;COM(PL)	čábbásepmosiiguin
čábbáseamos	ADJ;COM(SG)	čábbásepmosiin
čábbáseamos	ADJ;FRML(SG)	čábbásepmosin
čábbáseamos	ADJ;GEN(PL)	čábbásepmosiid
čábbáseamos	ADJ;GEN(SG)	čábbásepmosa
čábbáseamos	ADJ;IN+ALL(PL)	čábbásepmosiidda
čábbáseamos	ADJ;IN+ALL(SG)	čábbásepmosii
čábbáseamos	ADJ;NOM(PL)	čábbásepmosat
čábbáseamos	ADJ;NOM(SG)	čábbáseamos
čábbáseamos	ADJ;PRP(PL)	čábbásepmosiin
čábbáseamos	ADJ;PRP(SG)	čábbásepmosis
čáppat	ADJ;ACC(PL)	čápadiid
čáppat	ADJ;ACC(SG)	čáppada
čáppat	ADJ;COM(PL)	čápadiiguin
čáppat	ADJ;FRML(SG)	čáppabun
čáppat	ADJ;GEN(PL)	čápadiid
čáppat	ADJ;GEN(SG)	čápada
čáppat	ADJ;IN+ALL(PL)	čápadiidda
čáppat	ADJ;IN+ALL(SG)	čáppabui
čáppat	ADJ;NOM(PL)	čáppabat
čáppat	ADJ;NOM(SG)	čáppat
čáppat	ADJ;PRP(PL)	čápadiin
čáppat	ADJ;PRP(SG)	čápadis
accuracy:0.568