òjc	N;NOM(PL)	òjccit
òjc	N;DAT(PL)	òjcit
òjc	N;VOC(SG)	òjc
òjc	N;INS(PL)	òjccaid
òjc	N;ESS(SG)	òjc
òjc	N;DAT(SG)	òjci
òjc	N;GEN(SG)	òjca
òjc	N;ESS(PL)	òjcciid
òjc	N;GEN(PL)	òjcciid
òjc	N;INS(SG)	òjc
òjc	N;INS(SG)	òjc
òjc	N;ACC(PL)	òjcciid
òjc	N;ACC(SG)	òjc
òjc	N;NOM(SG)	òjc
òjc	N;VOC(PL)	òjccit
strumiannik	N;NOM(PL)	strumiannikat
strumiannik	N;DAT(PL)	strumiannikom
strumiannik	N;VOC(SG)	strumiannik
strumiannik	N;INS(PL)	strumiannikamiid
strumiannik	N;ESS(SG)	strumianniku
strumiannik	N;DAT(SG)	strumianniki
strumiannik	N;GEN(SG)	strumiannika
strumiannik	N;ESS(PL)	strumiannikach
strumiannik	N;GEN(PL)	strumianniki
strumiannik	N;INS(SG)	strumiannik
strumiannik	N;ACC(PL)	strumianniki
strumiannik	N;ACC(SG)	strumiannika
strumiannik	N;NOM(SG)	strumiannik
strumiannik	N;VOC(PL)	strumianniki
lëstopadnik	N;NOM(PL)	lëstopadnikat
lëstopadnik	N;DAT(PL)	lëstopadnikom
lëstopadnik	N;VOC(SG)	lëstopadnik
lëstopadnik	N;INS(PL)	lëstopadnikamii
lëstopadnik	N;ESS(SG)	lëstopadniku
lëstopadnik	N;DAT(SG)	lëstopadniki
lëstopadnik	N;GEN(SG)	lëstopadnika
lëstopadnik	N;ESS(PL)	lëstopadnikach
lëstopadnik	N;GEN(PL)	lëstopadniki
lëstopadnik	N;INS(SG)	lëstopadnik
lëstopadnik	N;ACC(PL)	lëstopadniki
lëstopadnik	N;ACC(SG)	lëstopadnika
lëstopadnik	N;NOM(SG)	lëstopadnik
lëstopadnik	N;VOC(PL)	lëstopadniki
wtórk	N;NOM(PL)	wtórkat
wtórk	N;DAT(PL)	wtórkom
wtórk	N;VOC(SG)	wtórk
wtórk	N;INS(PL)	wtórkamiid
wtórk	N;ESS(SG)	wtórki
wtórk	N;DAT(SG)	wtórki
wtórk	N;GEN(SG)	wtórka
wtórk	N;ESS(PL)	wtórkach
wtórk	N;GEN(PL)	wtórki
wtórk	N;INS(SG)	wtórk
wtórk	N;ACC(PL)	wtórkiid
wtórk	N;ACC(SG)	wtórk
wtórk	N;NOM(SG)	wtórk
wtórk	N;VOC(PL)	wtórki
niedzela	N;NOM(PL)	niedzely
niedzela	N;DAT(PL)	niedzelom
niedzela	N;VOC(SG)	niedzelo
niedzela	N;INS(PL)	niedzelami
niedzela	N;ESS(SG)	niedzeli
niedzela	N;DAT(SG)	niedzele
niedzela	N;GEN(SG)	niedzely
niedzela	N;ESS(PL)	niedzelach
niedzela	N;GEN(PL)	niedzel
niedzela	N;INS(SG)	niedzelą
niedzela	N;ACC(PL)	niedzele
niedzela	N;ACC(SG)	niedzelą
niedzela	N;NOM(SG)	niedzela
niedzela	N;VOC(PL)	niedzele
lëpinc	N;NOM(PL)	lëpincat
lëpinc	N;DAT(PL)	lëpinciid
lëpinc	N;VOC(SG)	lëpinc
lëpinc	N;INS(PL)	lëpincaid
lëpinc	N;ESS(SG)	lëpinci
lëpinc	N;DAT(SG)	lëpinci
lëpinc	N;GEN(SG)	lëpinca
lëpinc	N;ESS(PL)	lëpinciid
lëpinc	N;GEN(PL)	lëpinciid
lëpinc	N;INS(SG)	lëpinca
lëpinc	N;ACC(PL)	lëpinciid
lëpinc	N;ACC(SG)	lëpinca
lëpinc	N;NOM(SG)	lëpinc
lëpinc	N;VOC(PL)	lëpincit
strzoda	N;NOM(PL)	strzody
strzoda	N;DAT(PL)	strzodom
strzoda	N;VOC(SG)	strzodo
strzoda	N;INS(PL)	strzodami
strzoda	N;ESS(SG)	strzodzi
strzoda	N;DAT(SG)	strzodzi
strzoda	N;GEN(SG)	strzody
strzoda	N;ESS(PL)	strzodach
strzoda	N;GEN(PL)	strzod
strzoda	N;INS(SG)	strzodą
strzoda	N;ACC(PL)	strzody
strzoda	N;ACC(SG)	strzodę
strzoda	N;NOM(SG)	strzoda
strzoda	N;VOC(PL)	strzody
rënk	N;NOM(PL)	rënkat
rënk	N;DAT(PL)	rënkom
rënk	N;VOC(SG)	rënk
rënk	N;INS(PL)	rënkamiid
rënk	N;ESS(SG)	rënki
rënk	N;DAT(SG)	rënki
rënk	N;GEN(SG)	rënka
rënk	N;ESS(PL)	rënkaiguin
rënk	N;GEN(PL)	rënki
rënk	N;INS(SG)	rënk
rënk	N;ACC(PL)	rënkiid
rënk	N;ACC(SG)	rënk
rënk	N;NOM(SG)	rënk
rënk	N;VOC(PL)	rënki
sobòta	N;NOM(PL)	sobòttat
sobòta	N;DAT(PL)	sobòttamiid
sobòta	N;VOC(SG)	sobota
sobòta	N;INS(PL)	sobòttaid
sobòta	N;ESS(SG)	sobòta
sobòta	N;DAT(SG)	sobòta
sobòta	N;GEN(SG)	sobòta
sobòta	N;ESS(PL)	sobòttaiguin
sobòta	N;GEN(PL)	sobòttaid
sobòta	N;INS(SG)	sobòta
sobòta	N;ACC(PL)	sobòttaid
sobòta	N;ACC(SG)	sobòta
sobòta	N;NOM(SG)	sobòta
sobòta	N;VOC(PL)	sobòttat
môj	N;NOM(PL)	môjit
môj	N;DAT(PL)	môjit
môj	N;VOC(SG)	môj
môj	N;INS(PL)	môjiid
môj	N;ESS(SG)	môji
môj	N;DAT(SG)	môji
môj	N;GEN(SG)	môja
môj	N;ESS(PL)	môjiid
môj	N;GEN(PL)	môjiid
môj	N;INS(SG)	môj
môj	N;ACC(PL)	môjiid
môj	N;ACC(SG)	môj
môj	N;NOM(SG)	môj
môj	N;VOC(PL)	môjit
rodzôcz	N;NOM(PL)	rodzôczy
rodzôcz	N;DAT(PL)	rodzôczom
rodzôcz	N;VOC(SG)	rodzôcz
rodzôcz	N;INS(PL)	rodzôczami
rodzôcz	N;ESS(SG)	rodzôczii
rodzôcz	N;DAT(SG)	rodzôczowi
rodzôcz	N;GEN(SG)	rodzôcza
rodzôcz	N;ESS(PL)	rodzôczach
rodzôcz	N;GEN(PL)	rodzôczy
rodzôcz	N;INS(SG)	rodzôczem
rodzôcz	N;ACC(PL)	rodzôcze
rodzôcz	N;ACC(SG)	rodzôcza
rodzôcz	N;NOM(SG)	rodzôcz
rodzôcz	N;VOC(PL)	rodzôczy
serce	N;NOM(PL)	sercet
serce	N;DAT(PL)	sercen
serce	N;VOC(SG)	serce
serce	N;INS(PL)	serceamiid
serce	N;ESS(SG)	serce
serce	N;ESS(SG)	serce
serce	N;DAT(SG)	serce
serce	N;GEN(SG)	serce
serce	N;ESS(PL)	sercen
serce	N;GEN(PL)	serceid
serce	N;GEN(PL)	serceid
serce	N;INS(SG)	serce
serce	N;INS(SG)	serce
serce	N;ACC(PL)	serceid
serce	N;ACC(SG)	serce
serce	N;NOM(SG)	serce
serce	N;VOC(PL)	sercet
stolem	N;NOM(PL)	stolemat
stolem	N;DAT(PL)	stolemom
stolem	N;VOC(SG)	stolem
stolem	N;INS(PL)	stolemamiid
stolem	N;ESS(SG)	stolemii
stolem	N;DAT(SG)	stolemii
stolem	N;GEN(SG)	stolema
stolem	N;ESS(PL)	stolemiiguin
stolem	N;GEN(PL)	stolemiid
stolem	N;INS(SG)	stolemm
stolem	N;ACC(PL)	stolemiid
stolem	N;ACC(SG)	stolema
stolem	N;NOM(SG)	stolem
stolem	N;VOC(PL)	stolemit
nazéwôcz	N;NOM(PL)	nazéwôczy
nazéwôcz	N;DAT(PL)	nazéwôczom
nazéwôcz	N;VOC(SG)	nazéwôcz
nazéwôcz	N;INS(PL)	nazéwôczami
nazéwôcz	N;ESS(SG)	nazéwôczii
nazéwôcz	N;DAT(SG)	nazéwôczii
nazéwôcz	N;GEN(SG)	nazéwôcza
nazéwôcz	N;ESS(PL)	nazéwôczach
nazéwôcz	N;GEN(PL)	nazéwôczy
nazéwôcz	N;INS(SG)	nazéwôcz
nazéwôcz	N;ACC(PL)	nazéwôcze
nazéwôcz	N;ACC(SG)	nazéwôcz
nazéwôcz	N;NOM(SG)	nazéwôcz
nazéwôcz	N;VOC(PL)	nazéwôczy
pòniedzôłk	N;NOM(PL)	pòniedzołki
pòniedzôłk	N;DAT(PL)	pòniedzołkom
pòniedzôłk	N;VOC(SG)	pòniedzołk
pòniedzôłk	N;INS(PL)	pòniedzołkami
pòniedzôłk	N;ESS(SG)	pòniedzołku
pòniedzôłk	N;DAT(SG)	pòniedzołki
pòniedzôłk	N;GEN(SG)	pòniedzołka
pòniedzôłk	N;ESS(PL)	pòniedzołkach
pòniedzôłk	N;GEN(PL)	pòniedzołek
pòniedzôłk	N;INS(SG)	pòniedzołkim
pòniedzôłk	N;ACC(PL)	pòniedzołki
pòniedzôłk	N;ACC(SG)	pòniedzołka
pòniedzôłk	N;NOM(SG)	pòniedzôłk
pòniedzôłk	N;VOC(PL)	pòniedzołki
stëcznik	N;NOM(PL)	stëczniki
stëcznik	N;DAT(PL)	stëcznikom
stëcznik	N;VOC(SG)	stëcznik
stëcznik	N;INS(PL)	stëcznikami
stëcznik	N;ESS(SG)	stëczniku
stëcznik	N;DAT(SG)	stëczniku
stëcznik	N;GEN(SG)	stëcznika
stëcznik	N;ESS(PL)	stëcznikach
stëcznik	N;GEN(PL)	stëczników
stëcznik	N;INS(SG)	stëcznikm
stëcznik	N;ACC(PL)	stëczniki
stëcznik	N;ACC(SG)	stëcznika
stëcznik	N;NOM(SG)	stëcznik
stëcznik	N;VOC(PL)	stëczniki
winowôcz	N;NOM(PL)	winowôczy
winowôcz	N;DAT(PL)	winowôczom
winowôcz	N;VOC(SG)	winowôcz
winowôcz	N;INS(PL)	winowôczami
winowôcz	N;ESS(SG)	winowôczu
winowôcz	N;DAT(SG)	winowôczowi
winowôcz	N;GEN(SG)	winowôcza
winowôcz	N;ESS(PL)	winowôczach
winowôcz	N;GEN(PL)	winowôczy
winowôcz	N;INS(SG)	winowôczem
winowôcz	N;ACC(PL)	winowôcze
winowôcz	N;ACC(SG)	winowôcza
winowôcz	N;NOM(SG)	winowôcz
winowôcz	N;VOC(PL)	winowôcze
tidzéń	N;NOM(PL)	tidzeńy
tidzéń	N;DAT(PL)	tidzeńom
tidzéń	N;VOC(SG)	tidzeń
tidzéń	N;INS(PL)	tidzeńami
tidzéń	N;ESS(SG)	tidzeń
tidzéń	N;DAT(SG)	tidzeń
tidzéń	N;GEN(SG)	tidzeń
tidzéń	N;ESS(PL)	tidzeńach
tidzéń	N;GEN(PL)	tidzeń
tidzéń	N;INS(SG)	tidzéń
tidzéń	N;ACC(PL)	tidzeńy
tidzéń	N;ACC(SG)	tidzéń
tidzéń	N;NOM(SG)	tidzéń
tidzéń	N;VOC(PL)	tidziły
czerwińc	N;NOM(PL)	czerwińcy
czerwińc	N;DAT(PL)	czerwińcom
czerwińc	N;VOC(SG)	czerwińcu
czerwińc	N;INS(PL)	czerwińcami
czerwińc	N;ESS(SG)	czerwińcu
czerwińc	N;DAT(SG)	czerwińcowi
czerwińc	N;GEN(SG)	czerwińca
czerwińc	N;ESS(PL)	czerwińcach
czerwińc	N;GEN(PL)	czerwińców
czerwińc	N;INS(SG)	czerwińcem
czerwińc	N;ACC(PL)	czerwińcy
czerwińc	N;ACC(SG)	czerwińca
czerwińc	N;NOM(SG)	czerwińc
czerwińc	N;VOC(PL)	czerwińcy
kóń	N;NOM(PL)	kóńt
kóń	N;DAT(PL)	kóńom
kóń	N;VOC(SG)	kóń
kóń	N;INS(PL)	kóńami
kóń	N;ESS(SG)	kóń
kóń	N;DAT(SG)	kóń
kóń	N;GEN(SG)	kóń
kóń	N;ESS(PL)	kóńach
kóń	N;GEN(PL)	kóń
kóń	N;INS(SG)	kóńm
kóń	N;ACC(PL)	kóńci
kóń	N;ACC(SG)	kóń
kóń	N;NOM(SG)	kóń
kóń	N;VOC(PL)	kóńci
Jastra	N;VOC(PL)	Jastrat
Jastra	N;ESS(PL)	Jastraiguin
Jastra	N;DAT(PL)	Jastramiid
Jastra	N;GEN(PL)	Jastraid
Jastra	N;ACC(PL)	Jastraid
Jastra	N;ACC(PL)	Jastraid
Jastra	N;NOM(PL)	Jastrat
gromicznik	N;NOM(PL)	gromiczniki
gromicznik	N;DAT(PL)	gromicznikom
gromicznik	N;VOC(SG)	gromicznik
gromicznik	N;INS(PL)	gromicznikami
gromicznik	N;ESS(SG)	gromiczniku
gromicznik	N;DAT(SG)	gromicznikowi
gromicznik	N;GEN(SG)	gromicznika
gromicznik	N;ESS(PL)	gromicznikach
gromicznik	N;GEN(PL)	gromiczników
gromicznik	N;INS(SG)	gromicznikm
gromicznik	N;ACC(PL)	gromiczniki
gromicznik	N;ACC(SG)	gromicznika
gromicznik	N;NOM(SG)	gromicznik
gromicznik	N;VOC(PL)	gromiczniki
narzãdzôcz	N;NOM(PL)	narzãdzôczy
narzãdzôcz	N;DAT(PL)	narzãdzôczom
narzãdzôcz	N;VOC(SG)	narzãdzôcz
narzãdzôcz	N;INS(PL)	narzãdzôczami
narzãdzôcz	N;ESS(SG)	narzãdzôczii
narzãdzôcz	N;DAT(SG)	narzãdzôczii
narzãdzôcz	N;GEN(SG)	narzãdzôcza
narzãdzôcz	N;ESS(PL)	narzãdzôczach
narzãdzôcz	N;GEN(PL)	narzãdzôczy
narzãdzôcz	N;INS(SG)	narzãdzôczą
narzãdzôcz	N;ACC(PL)	narzãdzôcze
narzãdzôcz	N;ACC(SG)	narzãdzôcza
narzãdzôcz	N;NOM(SG)	narzãdzôcz
narzãdzôcz	N;VOC(PL)	narzãdzocze
séwnik	N;NOM(PL)	séwnikat
séwnik	N;DAT(PL)	séwnikom
séwnik	N;VOC(SG)	séwnik
séwnik	N;INS(PL)	séwnikamii
séwnik	N;ESS(SG)	séwniki
séwnik	N;DAT(SG)	séwniki
séwnik	N;GEN(SG)	séwnika
séwnik	N;ESS(PL)	séwnikach
séwnik	N;GEN(PL)	séwniki
séwnik	N;INS(SG)	séwnik
séwnik	N;ACC(PL)	séwniki
séwnik	N;ACC(SG)	séwnik
séwnik	N;NOM(SG)	séwnik
séwnik	N;VOC(PL)	séwniki
piątk	N;NOM(PL)	piątki
piątk	N;DAT(PL)	piątkom
piątk	N;VOC(SG)	piątko
piątk	N;INS(PL)	piątkami
piątk	N;ESS(SG)	piątku
piątk	N;DAT(SG)	piątki
piątk	N;GEN(SG)	piątka
piątk	N;ESS(PL)	piątkach
piątk	N;GEN(PL)	piątków
piątk	N;INS(SG)	piątkam
piątk	N;ACC(PL)	piątki
piątk	N;ACC(SG)	piątka
piątk	N;NOM(SG)	piątk
piątk	N;VOC(PL)	piątki
rujan	N;NOM(PL)	rujanat
rujan	N;DAT(PL)	rujanom
rujan	N;VOC(SG)	rujan
rujan	N;INS(PL)	rujanamiid
rujan	N;ESS(SG)	rujanii
rujan	N;DAT(SG)	rujanii
rujan	N;GEN(SG)	rujana
rujan	N;ESS(PL)	rujanaiguin
rujan	N;GEN(PL)	rujaniid
rujan	N;INS(SG)	rujan
rujan	N;ACC(PL)	rujaniid
rujan	N;ACC(SG)	rujan
rujan	N;NOM(SG)	rujan
rujan	N;VOC(PL)	rujanit
gòdnik	N;NOM(PL)	gòdnikat
gòdnik	N;DAT(PL)	gòdnikom
gòdnik	N;VOC(SG)	gòdnik
gòdnik	N;INS(PL)	gòdnikaid
gòdnik	N;ESS(SG)	gòdniki
gòdnik	N;DAT(SG)	gòdniki
gòdnik	N;GEN(SG)	gòdnika
gòdnik	N;ESS(PL)	gòdnikach
gòdnik	N;GEN(PL)	gòdniki
gòdnik	N;INS(SG)	gòdnik
gòdnik	N;ACC(PL)	gòdnikiid
gòdnik	N;ACC(SG)	gòdnik
gòdnik	N;NOM(SG)	gòdnik
gòdnik	N;VOC(PL)	gòdniki
dôwôcz	N;NOM(PL)	dôwôczy
dôwôcz	N;DAT(PL)	dôwôczom
dôwôcz	N;VOC(SG)	dôwôcz
dôwôcz	N;INS(PL)	dôwôczami
dôwôcz	N;ESS(SG)	dôwôczii
dôwôcz	N;DAT(SG)	dôwôczii
dôwôcz	N;GEN(SG)	dôwôcza
dôwôcz	N;ESS(PL)	dôwôczach
dôwôcz	N;GEN(PL)	dôwôczy
dôwôcz	N;INS(SG)	dôwôcz
dôwôcz	N;ACC(PL)	dôwôcze
dôwôcz	N;ACC(SG)	dôwôcz
dôwôcz	N;NOM(SG)	dôwôcz
dôwôcz	N;VOC(PL)	dôwôczy
môlnik	N;NOM(PL)	môlnikat
môlnik	N;DAT(PL)	môlnikom
môlnik	N;VOC(SG)	môlnik
môlnik	N;INS(PL)	môlnikamii
môlnik	N;ESS(SG)	môlniki
môlnik	N;DAT(SG)	môlniki
môlnik	N;GEN(SG)	môlnika
môlnik	N;ESS(PL)	môlnikach
môlnik	N;GEN(PL)	môlniki
môlnik	N;INS(SG)	môlnik
môlnik	N;ACC(PL)	môlniki
môlnik	N;ACC(SG)	môlnika
môlnik	N;NOM(SG)	môlnik
môlnik	N;VOC(PL)	môlniki
pùjk	N;NOM(PL)	pùjkkit
pùjk	N;DAT(PL)	pùjkkit
pùjk	N;VOC(SG)	pùjk
pùjk	N;INS(PL)	pùjkaid
pùjk	N;ESS(SG)	pùjki
pùjk	N;DAT(SG)	pùjki
pùjk	N;GEN(SG)	pùjka
pùjk	N;ESS(PL)	pùjkkich
pùjk	N;GEN(PL)	pùjkki
pùjk	N;INS(SG)	pùjk
pùjk	N;ACC(PL)	pùjkkiid
pùjk	N;ACC(SG)	pùjk
pùjk	N;NOM(SG)	pùjk
pùjk	N;VOC(PL)	pùjkki
wòłiwôcz	N;NOM(PL)	wòłiwôcze
wòłiwôcz	N;DAT(PL)	wòłiwôczom
wòłiwôcz	N;VOC(SG)	wòłiwôcz
wòłiwôcz	N;INS(PL)	wòłiwôczami
wòłiwôcz	N;ESS(SG)	wòłiwôczii
wòłiwôcz	N;DAT(SG)	wòłiwôcze
wòłiwôcz	N;GEN(SG)	wòłiwôcza
wòłiwôcz	N;ESS(PL)	wòłiwôczach
wòłiwôcz	N;GEN(PL)	wòłiwôczy
wòłiwôcz	N;INS(SG)	wòłiwôczem
wòłiwôcz	N;ACC(PL)	wòłiwôcze
wòłiwôcz	N;ACC(SG)	wòłiwôcz
wòłiwôcz	N;NOM(SG)	wòłiwôcz
wòłiwôcz	N;VOC(PL)	wòłiwôcze
Jastrë	N;VOC(PL)	Jastrët
Jastrë	N;ESS(PL)	Jastrëid
Jastrë	N;DAT(PL)	Jastrëmiid
Jastrë	N;GEN(PL)	Jastrëid
Jastrë	N;ACC(PL)	Jastrëid
Jastrë	N;ACC(PL)	Jastrëid
Jastrë	N;NOM(PL)	Jastrët
latawiskò	N;NOM(PL)	latawiskot
latawiskò	N;DAT(PL)	latawiskom
latawiskò	N;VOC(SG)	latawisko
latawiskò	N;INS(PL)	latawiskoid
latawiskò	N;ESS(SG)	latawisko
latawiskò	N;DAT(SG)	latawisko
latawiskò	N;GEN(SG)	latawisko
latawiskò	N;ESS(PL)	latawiskoid
latawiskò	N;GEN(PL)	latawiskoid
latawiskò	N;INS(SG)	latawiskò
latawiskò	N;ACC(PL)	latawiskoid
latawiskò	N;ACC(SG)	latawisko
latawiskò	N;NOM(SG)	latawiskò
latawiskò	N;VOC(PL)	latawiskot
czwôrtk	N;NOM(PL)	czwôrtki
czwôrtk	N;DAT(PL)	czwôrtkom
czwôrtk	N;VOC(SG)	czwôrtk
czwôrtk	N;INS(PL)	czwôrtkami
czwôrtk	N;ESS(SG)	czwôrtku
czwôrtk	N;DAT(SG)	czwôrtki
czwôrtk	N;GEN(SG)	czwôrtka
czwôrtk	N;ESS(PL)	czwôrtkach
czwôrtk	N;GEN(PL)	czwôrtki
czwôrtk	N;INS(SG)	czwôrtkem
czwôrtk	N;ACC(PL)	czwôrtki
czwôrtk	N;ACC(SG)	czwôrtka
czwôrtk	N;NOM(SG)	czwôrtk
czwôrtk	N;VOC(PL)	czwôrtki
zélnik	N;NOM(PL)	zélnikat
zélnik	N;DAT(PL)	zélnikom
zélnik	N;VOC(SG)	zélnik
zélnik	N;INS(PL)	zélnikamii
zélnik	N;ESS(SG)	zélniki
zélnik	N;DAT(SG)	zélniki
zélnik	N;GEN(SG)	zélnika
zélnik	N;ESS(PL)	zélnikach
zélnik	N;GEN(PL)	zélniki
zélnik	N;INS(SG)	zélnik
zélnik	N;ACC(PL)	zélniki
zélnik	N;ACC(SG)	zélnika
zélnik	N;NOM(SG)	zélnik
zélnik	N;VOC(PL)	zélniki
łżëkwiôt	N;NOM(PL)	łżëkwiôt
łżëkwiôt	N;DAT(PL)	łżëkwiôdot
łżëkwiôt	N;VOC(SG)	łżëkwiôł
łżëkwiôt	N;INS(PL)	łżëkwiôdaid
łżëkwiôt	N;ESS(SG)	łżëkwiôd
łżëkwiôt	N;DAT(SG)	łżëkwiôgi
łżëkwiôt	N;GEN(SG)	łżëkwiôd
łżëkwiôt	N;ESS(PL)	łżëkwiôdiiguin
łżëkwiôt	N;GEN(PL)	łżëkwiôdiid
łżëkwiôt	N;INS(SG)	łżëkwiôd
łżëkwiôt	N;ACC(PL)	łżëkwiôdiid
łżëkwiôt	N;ACC(SG)	łżëkwiôd
łżëkwiôt	N;NOM(SG)	łżëkwiôt
łżëkwiôt	N;VOC(PL)	łżëkwiôł
kòt	N;NOM(PL)	kòttit
kòt	N;DAT(PL)	kòbit
kòt	N;VOC(SG)	kòt
kòt	N;INS(PL)	kòttiid
kòt	N;ESS(SG)	kòbu
kòt	N;DAT(SG)	kòbi
kòt	N;DAT(SG)	kòbi
kòt	N;GEN(SG)	kòta
kòt	N;ESS(PL)	kòbuin
kòt	N;GEN(PL)	kòtiid
kòt	N;INS(SG)	kòt
kòt	N;ACC(PL)	kòttiid
kòt	N;ACC(SG)	kòt
kòt	N;NOM(SG)	kòt
kòt	N;VOC(PL)	kòttit
accuracy:0.19646365422396855