blaŋt	V;IMP;NEG;TR;ABS(2,SG);ERG(3,SG)	mublaŋnuje
blaŋt	V;PRS;NEG;REFL;ABS(1,SG)	mublaŋŋʌ
blaŋt	V;PRS;NEG;REFL;ABS(2,SG)	mʌblaŋsi
blaŋt	V;PRS;NEG;TR;ABS(1,EXCL,DU);ERG(3,SG)	mublaŋu
blaŋt	V;PRS;NEG;TR;ABS(1,INCL,DU);ERG(3,DU)	mublaŋi
blaŋt	V;PRS;NEG;TR;ABS(3,DU);ERG(1,INCL,DU)	mʌblaŋi
blaŋt	V;PRS;NEG;TR;ABS(3,PL);ERG(1,EXCL,DU)	mʌblaŋu
blaŋt	V;PRS;NEG;TR;ABS(3,PL);ERG(3,DU)	mublaŋnu
blaŋt	V;PRS;NEG;TR;ABS(3,SG);ERG(1,SG)	mʌblaŋŋʌ
blaŋt	V;PRS;POS;TR;ABS(1,EXCL,DU);ERG(3,DU)	blʌŋi
blaŋt	V;PRS;POS;TR;ABS(1,SG);ERG(2,SG,FORM)	blaŋ
blaŋt	V;PRS;POS;TR;ABS(3,DU);ERG(1,SG)	ʔiblaŋŋʌsu
blaŋt	V;PRS;POS;TR;ABS(3,PL);ERG(3,SG)	blânnu
blaŋt	V;PRS;POS;TR;ABS(3,SG);ERG(3,SG)	blâŋtɛ
blaŋt	V;PST;NEG;TR;ABS(1,EXCL,PL);ERG(2,DU)	mʌblʌŋiwi
blaŋt	V;PST;NEG;TR;ABS(2,DU);ERG(3,SG)	mʌblʌŋiwi
blaŋt	V;PST;POS;TR;ABS(1,EXCL,DU);ERG(2,SG,FORM)	ʔiblaŋtɛ
blaŋt	V;PST;POS;TR;ABS(2,PL);ERG(1,EXCL,DU)	ʔiblʌŋutu
blaŋt	V;PST;POS;TR;ABS(3,DU);ERG(3,DU)	blʌ̂ŋtɛsu
blaŋt	V;PST;POS;TR;ABS(3,SG);ERG(2,DU)	ʔiblʌŋiti
bɛnt	V;IMP;NEG;TR;ABS(2,DU);ERG(3,PL)	mubɛːsnuje
bɛnt	V;IMP;NEG;TR;ABS(2,PL);ERG(1,EXCL,DU)	mubɛːʦuje
bɛnt	V;IMP;POS;TR;ABS(2,DU);ERG(3,DU)	bɛːʦije
bɛnt	V;IMP;POS;TR;ABS(2,PL);ERG(1,EXCL,PL)	bɛjkʌje
bɛnt	V;PRS;NEG;TR;ABS(1,EXCL,DU);ERG(3,DU)	mubɛːʦi
bɛnt	V;PRS;NEG;TR;ABS(1,EXCL,PL);ERG(2,DU)	mʌbɛːʦi
bɛnt	V;PRS;NEG;TR;ABS(1,INCL,PL);ERG(3,PL)	mubɛjki
bɛnt	V;PRS;NEG;TR;ABS(2,SG);ERG(1,EXCL,PL)	mʌbɛjkʌ
bɛnt	V;PRS;NEG;TR;ABS(2,SG);ERG(3,SG)	mʌbɛ̂nnɛ
bɛnt	V;PRS;NEG;TR;ABS(3,SG);ERG(1,INCL,DU)	mʌbɛːʦi
bɛnt	V;PRS;POS;TR;ABS(3,SG);ERG(1,SG)	ʔibɛjŋʌ
bɛnt	V;PRS;POS;TR;ABS(3,SG);ERG(2,SG,FORM)	ʔibɛj
bɛnt	V;PST;NEG;TR;ABS(3,DU);ERG(2,DU)	mʌbɛːswi
bɛnt	V;PST;NEG;TR;ABS(3,SG);ERG(1,INCL,DU)	mʌbɛːswi
bɛnt	V;PST;NEG;TR;ABS(3,SG);ERG(2,SG,FORM)	mʌbɛːswɛ
bɛnt	V;PST;POS;TR;ABS(1,EXCL,DU);ERG(2,PL)	ʔibɛːstɛnu
bɛnt	V;PST;POS;TR;ABS(1,INCL,DU);ERG(3,SG)	bɛːsti
bɛnt	V;PST;POS;TR;ABS(1,INCL,PL);ERG(3,DU)	bɛjtiki
bɛnt	V;PST;POS;TR;ABS(2,PL);ERG(1,EXCL,PL)	ʔibɛjtʌkʌ
bɛnt	V;PST;POS;TR;ABS(3,SG);ERG(1,INCL,PL)	ʔibɛjtiki
bʰlept	V;IMP;NEG;TR;ABS(2,SG);ERG(1,EXCL,PL)	mubʰlepkʌje
bʰlept	V;IMP;NEG;TR;ABS(2,SG);ERG(3,DU)	mubʰlepije
bʰlept	V;PRS;NEG;TR;ABS(2,PL);ERG(3,PL)	mʌbʰlepni
bʰlept	V;PRS;NEG;TR;ABS(3,DU);ERG(1,EXCL,PL)	mʌbʰlepkʌ
bʰlept	V;PRS;NEG;TR;ABS(3,PL);ERG(3,PL)	mubʰlepnu
bʰlept	V;PRS;NEG;TR;ABS(3,SG);ERG(2,DU)	mʌbʰlepi
bʰlept	V;PRS;POS;TR;ABS(1,EXCL,DU);ERG(2,SG,FORM)	ʔibʰlep
bʰlept	V;PRS;POS;TR;ABS(1,EXCL,DU);ERG(3,DU)	bʰlepi
bʰlept	V;PRS;POS;TR;ABS(2,DU);ERG(3,PL)	ʔibʰlepi
bʰlept	V;PRS;POS;TR;ABS(3,DU);ERG(1,EXCL,DU)	ʔibʰlepu
bʰlept	V;PRS;POS;TR;ABS(3,PL);ERG(1,INCL,DU)	ʔibʰlepi
bʰlept	V;PST;NEG;TR;ABS(1,EXCL,DU);ERG(3,SG)	mubʰlepiwi
bʰlept	V;PST;NEG;TR;ABS(2,PL);ERG(3,PL)	mʌbʰlepwɛnu
bʰlept	V;PST;NEG;TR;ABS(3,DU);ERG(1,EXCL,PL)	mʌbʰlepwʌkʌ
bʰlept	V;PST;NEG;TR;ABS(3,PL);ERG(1,INCL,PL)	mʌbʰlepwiki
bʰlept	V;PST;POS;TR;ABS(1,EXCL,PL);ERG(2,DU)	ʔibʰlepiti
bʰlept	V;PST;POS;TR;ABS(1,EXCL,PL);ERG(3,PL)	bʰleptʌkʌ
bʰlept	V;PST;POS;TR;ABS(1,SG);ERG(3,SG)	bʰleptʌ
bʰlept	V;PST;POS;TR;ABS(2,PL);ERG(3,SG)	ʔibʰleptɛnu
bʰlept	V;PST;POS;TR;ABS(2,SG);ERG(3,PL)	ʔibʰleptɛnu
deŋt	V;IMP;POS;TR;ABS(2,DU);ERG(1,EXCL,DU)	deŋuje
deŋt	V;PRS;NEG;TR;ABS(1,EXCL,DU);ERG(2,SG,FORM)	mʌdeŋ
deŋt	V;PRS;NEG;TR;ABS(2,PL);ERG(1,EXCL,DU)	mʌdeŋu
deŋt	V;PRS;NEG;TR;ABS(3,SG);ERG(1,SG)	mʌdeŋŋʌ
deŋt	V;PRS;POS;TR;ABS(1,EXCL,DU);ERG(3,SG)	deŋu
deŋt	V;PRS;POS;TR;ABS(1,EXCL,PL);ERG(2,PL)	ʔideŋni
deŋt	V;PRS;POS;TR;ABS(1,EXCL,PL);ERG(3,SG)	deŋkʌ
deŋt	V;PRS;POS;TR;ABS(1,SG);ERG(2,SG,FORM)	dêŋ
deŋt	V;PRS;POS;TR;ABS(2,SG);ERG(1,SG)	ʔideŋŋʌ
deŋt	V;PRS;POS;TR;ABS(3,PL);ERG(2,DU)	ʔideŋi
deŋt	V;PRS;POS;TR;ABS(3,SG);ERG(1,INCL,DU)	ʔideŋi
deŋt	V;PRS;POS;TR;ABS(3,SG);ERG(3,PL)	dêŋnu
deŋt	V;PST;NEG;TR;ABS(3,DU);ERG(1,EXCL,PL)	mʌdeŋwʌkʌ
deŋt	V;PST;NEG;TR;ABS(3,PL);ERG(1,INCL,DU)	mʌdeŋiwi
deŋt	V;PST;NEG;TR;ABS(3,SG);ERG(3,DU)	mudêŋwɛsu
deŋt	V;PST;POS;TR;ABS(1,EXCL,DU);ERG(3,PL)	deŋiti
deŋt	V;PST;POS;TR;ABS(3,DU);ERG(2,PL)	ʔidêŋtɛnu
deŋt	V;PST;POS;TR;ABS(3,PL);ERG(1,EXCL,DU)	ʔideŋutu
deŋt	V;PST;POS;TR;ABS(3,PL);ERG(3,PL)	dêŋtɛnu
deŋt	V;PST;POS;TR;ABS(3,SG);ERG(1,EXCL,PL)	ʔideŋtʌkʌ
duŋt	V;IMP;POS;TR;ABS(2,DU);ERG(1,SG)	dʉŋʌsuje
duŋt	V;PRS;NEG;TR;ABS(3,DU);ERG(1,EXCL,PL)	mʌdʌŋkʌ
duŋt	V;PRS;NEG;TR;ABS(3,PL);ERG(2,PL)	mʌdʌŋni
duŋt	V;PRS;NEG;TR;ABS(3,PL);ERG(3,DU)	mudʉ̂ŋnu
duŋt	V;PRS;NEG;TR;ABS(3,SG);ERG(2,SG,FORM)	mʌdʉŋ
duŋt	V;PRS;POS;TR;ABS(1,EXCL,DU);ERG(3,PL)	dʉŋi
duŋt	V;PRS;POS;TR;ABS(1,EXCL,PL);ERG(2,DU)	ʔidʉŋi
duŋt	V;PRS;POS;TR;ABS(1,INCL,DU);ERG(3,DU)	dʉŋi
duŋt	V;PRS;POS;TR;ABS(2,DU);ERG(1,SG)	ʔidʉŋʌsu
duŋt	V;PRS;POS;TR;ABS(3,DU);ERG(1,SG)	ʔidʉŋʌsu
duŋt	V;PST;NEG;TR;ABS(1,EXCL,DU);ERG(3,PL)	mudʉŋiwi
duŋt	V;PST;NEG;TR;ABS(1,SG);ERG(2,DU)	mudʉŋiwi
duŋt	V;PST;NEG;TR;ABS(1,SG);ERG(3,PL)	mudʉ̂ŋwɛnu
duŋt	V;PST;NEG;TR;ABS(2,PL);ERG(3,SG)	mʌdʉ̂ŋwɛnu
duŋt	V;PST;NEG;TR;ABS(2,SG);ERG(3,SG)	mʌdʉ̂ŋwɛ
duŋt	V;PST;NEG;TR;ABS(3,DU);ERG(3,PL)	mudʉ̂ŋwɛnu
duŋt	V;PST;NEG;TR;ABS(3,DU);ERG(3,SG)	mudʉ̂ŋwɛsu
duŋt	V;PST;POS;TR;ABS(1,SG);ERG(2,DU)	dʉŋiti
duŋt	V;PST;POS;TR;ABS(2,PL);ERG(3,SG)	ʔidʉ̂ŋtɛnu
duŋt	V;PST;POS;TR;ABS(3,SG);ERG(1,SG)	ʔidʉŋʌtʌ
gup	V;IMP;NEG;REFL;ABS(2,DU)	mugʉpije
gup	V;IMP;NEG;TR;ABS(2,DU);ERG(1,EXCL,DU)	mugʉpuje
gup	V;IMP;POS;TR;ABS(2,DU);ERG(3,SG)	gʉpije
gup	V;PRS;NEG;REFL;ABS(2,PL)	mʌgʉ̂mni
gup	V;PRS;NEG;REFL;ABS(3,DU)	mugʉpi
gup	V;PRS;NEG;TR;ABS(1,EXCL,DU);ERG(2,SG,FORM)	mʌgʉp
gup	V;PRS;NEG;TR;ABS(3,PL);ERG(2,DU)	mʌgʉpi
gup	V;PRS;NEG;TR;ABS(3,PL);ERG(3,PL)	mugʉ̂mnu
gup	V;PRS;POS;TR;ABS(2,PL);ERG(1,EXCL,PL)	ʔigʌpkʌ
gup	V;PRS;POS;TR;ABS(3,DU);ERG(1,EXCL,DU)	ʔigʉpu
gup	V;PST;NEG;REFL;ABS(2,SG)	mʌgʉpwɛ
gup	V;PST;NEG;TR;ABS(1,EXCL,PL);ERG(3,DU)	mugʉpwʌkʌ
gup	V;PST;NEG;TR;ABS(2,PL);ERG(1,EXCL,PL)	mʌgʌpwʌkʌ
gup	V;PST;NEG;TR;ABS(2,SG);ERG(1,EXCL,PL)	mʌgʌpwʌkʌ
gup	V;PST;NEG;TR;ABS(3,DU);ERG(1,INCL,PL)	mʌgʉpwiki
gup	V;PST;POS;REFL;ABS(1,SG)	mugʌptʌ
gup	V;PST;POS;TR;ABS(1,SG);ERG(3,DU)	gʉptʌsu
gup	V;PST;POS;TR;ABS(3,DU);ERG(3,DU)	gʉptɛsu
gup	V;PST;POS;TR;ABS(3,SG);ERG(2,DU)	ʔigʉpiti
gup	V;PST;POS;TR;ABS(3,SG);ERG(3,SG)	gʉptɛ
gʰlaŋ	V;IMP;NEG;INTR;ABS(2,PL)	mugʰlaŋnuje
gʰlaŋ	V;IMP;POS;INTR;ABS(2,DU)	gʰlʌŋije
gʰlaŋ	V;IMP;POS;INTR;ABS(2,SG)	gʰlaŋe
gʰlaŋ	V;NFIN;POS;INTR	gʰlaŋnɛ
gʰlaŋ	V;PRS;NEG;INTR;ABS(3,DU)	mugʰlaŋi
gʰlaŋ	V;PRS;NEG;INTR;ABS(3,PL)	mugʰlaŋnu
gʰlaŋ	V;PRS;NEG;INTR;ABS(3,SG)	mugʰlaŋ
gʰlaŋ	V;PRS;POS;INTR;ABS(1,EXCL,PL)	gʰlaŋkʌ
gʰlaŋ	V;PRS;POS;INTR;ABS(1,SG)	gʰlaŋŋʌ
gʰlaŋ	V;PRS;POS;INTR;ABS(2,DU)	ʔigʰlaŋi
gʰlaŋ	V;PRS;POS;INTR;ABS(2,SG)	ʔigʰlaŋ
gʰlaŋ	V;PRS;POS;INTR;ABS(3,PL)	gʰlaŋnu
gʰlaŋ	V;PST;NEG;INTR;ABS(1,EXCL,PL)	mugʰlaŋwʌkʌ
gʰlaŋ	V;PST;NEG;INTR;ABS(1,INCL,PL)	mugʰlaŋwiki
gʰlaŋ	V;PST;NEG;INTR;ABS(1,SG)	mugʰlaŋwʌʌ
gʰlaŋ	V;PST;NEG;INTR;ABS(2,PL)	mʌgʰlʌ̂ŋwɛnu
gʰlaŋ	V;PST;POS;INTR;ABS(1,EXCL,DU)	gʰlʌŋutu
gʰlaŋ	V;PST;POS;INTR;ABS(1,INCL,PL)	gʰlaŋtiki
gʰlaŋ	V;PST;POS;INTR;ABS(2,DU)	ʔigʰlʌŋiti
gʰlaŋ	V;PST;POS;INTR;ABS(3,DU)	gʰlʌŋiti
gʰum	V;IMP;POS;TR;ABS(2,DU);ERG(1,EXCL,DU)	gʰʉmuje
gʰum	V;PRS;NEG;TR;ABS(1,EXCL,DU);ERG(3,DU)	mugʰʉmi
gʰum	V;PRS;NEG;TR;ABS(1,INCL,PL);ERG(3,PL)	mugʰʌmki
gʰum	V;PRS;NEG;TR;ABS(2,DU);ERG(1,SG)	mʌgʰʉmʌsu
gʰum	V;PRS;NEG;TR;ABS(2,SG);ERG(1,EXCL,PL)	mʌgʰʌmkʌ
gʰum	V;PRS;NEG;TR;ABS(3,DU);ERG(3,PL)	mugʰʉ̂mnu
gʰum	V;PRS;NEG;TR;ABS(3,PL);ERG(2,DU)	mʌgʰʉmi
gʰum	V;PRS;POS;TR;ABS(1,EXCL,PL);ERG(2,SG,FORM)	ʔigʰʉ̂m
gʰum	V;PRS;POS;TR;ABS(1,EXCL,PL);ERG(3,SG)	gʰʉmkʌ
gʰum	V;PRS;POS;TR;ABS(2,DU);ERG(3,DU)	ʔigʰʉmi
gʰum	V;PRS;POS;TR;ABS(3,PL);ERG(1,INCL,PL)	ʔigʰʌmki
gʰum	V;PRS;POS;TR;ABS(3,SG);ERG(1,INCL,PL)	ʔigʰʌmki
gʰum	V;PRS;POS;TR;ABS(3,SG);ERG(2,PL)	ʔigʰʉ̂mni
gʰum	V;PST;NEG;TR;ABS(1,INCL,DU);ERG(3,SG)	mugʰʉmiwi
gʰum	V;PST;NEG;TR;ABS(2,PL);ERG(1,EXCL,DU)	mʌgʰʉmuwu
gʰum	V;PST;NEG;TR;ABS(3,SG);ERG(2,PL)	mʌgʰʉ̂mwɛnu
gʰum	V;PST;POS;TR;ABS(1,SG);ERG(2,DU)	gʰʉ̂mtɛnsu
gʰum	V;PST;POS;TR;ABS(3,PL);ERG(1,EXCL,PL)	ʔigʰʌmtʌkʌ
gʰum	V;PST;POS;TR;ABS(3,SG);ERG(1,INCL,PL)	ʔigʰʉmtiki
gʰum	V;PST;POS;TR;ABS(3,SG);ERG(2,SG,FORM)	ʔigʰʉ̂mtɛ
jokt	V;IMP;NEG;TR;ABS(2,PL);ERG(3,PL)	mujɵknuje
jokt	V;IMP;NEG;TR;ABS(2,SG);ERG(1,EXCL,DU)	mujɵkuje
jokt	V;IMP;POS;TR;ABS(2,SG);ERG(1,EXCL,PL)	jokkʌje
jokt	V;NFIN;POS;TR	jɵknɛ
jokt	V;PRS;NEG;TR;ABS(1,EXCL,DU);ERG(2,DU)	mʌjoki
jokt	V;PRS;NEG;TR;ABS(1,INCL,DU);ERG(3,PL)	mujoki
jokt	V;PRS;NEG;TR;ABS(1,INCL,DU);ERG(3,SG)	mujoki
jokt	V;PRS;NEG;TR;ABS(1,SG);ERG(3,DU)	mujoksu
jokt	V;PRS;NEG;TR;ABS(2,SG);ERG(3,DU)	mʌjoksu
jokt	V;PRS;NEG;TR;ABS(3,DU);ERG(3,PL)	mujôːnu
jokt	V;PRS;NEG;TR;ABS(3,PL);ERG(2,SG,FORM)	mʌjok
jokt	V;PRS;POS;TR;ABS(2,PL);ERG(1,EXCL,PL)	ʔijokkʌ
jokt	V;PRS;POS;TR;ABS(2,SG);ERG(3,DU)	ʔijoksu
jokt	V;PRS;POS;TR;ABS(3,DU);ERG(2,SG,FORM)	ʔijok
jokt	V;PRS;POS;TR;ABS(3,PL);ERG(1,EXCL,DU)	ʔijɵku
jokt	V;PRS;POS;TR;ABS(3,SG);ERG(1,INCL,DU)	ʔijoki
jokt	V;PST;NEG;TR;ABS(1,EXCL,PL);ERG(2,DU)	mʌjɵkiwi
jokt	V;PST;NEG;TR;ABS(3,SG);ERG(1,EXCL,PL)	mʌjokwʌkʌ
jokt	V;PST;POS;TR;ABS(1,EXCL,PL);ERG(3,SG)	joktʌkʌ
jokt	V;PST;POS;TR;ABS(2,PL);ERG(3,SG)	ʔijoktɛnu
kik	V;PRS;NEG;REFL;ABS(3,PL)	mukiknu
kik	V;PRS;NEG;TR;ABS(1,EXCL,PL);ERG(3,DU)	mukikkʌ
kik	V;PRS;NEG;TR;ABS(2,PL);ERG(1,EXCL,DU)	mʌkiku
kik	V;PRS;NEG;TR;ABS(2,SG);ERG(3,SG)	mʌkîː
kik	V;PRS;NEG;TR;ABS(3,SG);ERG(2,PL)	mʌkikni
kik	V;PRS;NEG;TR;ABS(3,SG);ERG(3,PL)	mukîːnu
kik	V;PRS;POS;TR;ABS(1,EXCL,DU);ERG(3,DU)	kiku
kik	V;PRS;POS;TR;ABS(1,EXCL,PL);ERG(2,PL)	ʔikikni
kik	V;PRS;POS;TR;ABS(3,PL);ERG(2,DU)	ʔikiki
kik	V;PST;NEG;REFL;ABS(2,PL)	mʌkikwɛnu
kik	V;PST;NEG;TR;ABS(1,SG);ERG(2,DU)	mukikiwi
kik	V;PST;NEG;TR;ABS(1,SG);ERG(3,DU)	mukikwʌsu
kik	V;PST;NEG;TR;ABS(2,SG);ERG(1,EXCL,PL)	mʌkikwʌkʌ
kik	V;PST;POS;TR;ABS(1,EXCL,DU);ERG(2,PL)	ʔikiktɛnu
kik	V;PST;POS;TR;ABS(1,EXCL,PL);ERG(2,PL)	ʔikiktɛnu
kik	V;PST;POS;TR;ABS(1,INCL,DU);ERG(3,DU)	kikiti
kik	V;PST;POS;TR;ABS(1,SG);ERG(3,DU)	kiktʌsu
kik	V;PST;POS;TR;ABS(2,SG);ERG(1,EXCL,DU)	ʔikikutu
kik	V;PST;POS;TR;ABS(3,DU);ERG(3,SG)	kîːktɛsu
kik	V;PST;POS;TR;ABS(3,SG);ERG(3,PL)	kîːktɛnu
kopt	V;IMP;NEG;TR;ABS(2,SG);ERG(1,EXCL,DU)	mukɵpuje
kopt	V;IMP;NEG;TR;ABS(2,SG);ERG(1,EXCL,PL)	mukɵpkʌje
kopt	V;IMP;POS;TR;ABS(2,PL);ERG(1,EXCL,DU)	kɵpuje
kopt	V;IMP;POS;TR;ABS(2,SG);ERG(1,SG)	kɵpʌŋʌsuje
kopt	V;IMP;POS;TR;ABS(2,SG);ERG(3,DU)	kɵpije
kopt	V;PRS;NEG;TR;ABS(1,EXCL,DU);ERG(3,DU)	mukɵpi
kopt	V;PRS;NEG;TR;ABS(1,EXCL,PL);ERG(2,SG,FORM)	mʌkoɔp
kopt	V;PRS;NEG;TR;ABS(1,INCL,PL);ERG(3,DU)	mukoɔpki
kopt	V;PRS;POS;TR;ABS(1,EXCL,DU);ERG(2,PL)	ʔikoɔ̂mni
kopt	V;PRS;POS;TR;ABS(1,EXCL,DU);ERG(2,SG,FORM)	ʔikoɔp
kopt	V;PRS;POS;TR;ABS(1,EXCL,PL);ERG(3,DU)	koɔpkʌ
kopt	V;PRS;POS;TR;ABS(1,INCL,DU);ERG(3,SG)	kɵpi
kopt	V;PRS;POS;TR;ABS(1,SG);ERG(2,PL)	koɔ̂mnu
kopt	V;PRS;POS;TR;ABS(1,SG);ERG(3,SG)	koɔ̂mŋʌ
kopt	V;PST;NEG;TR;ABS(1,SG);ERG(2,PL)	mukɵpwɛnu
kopt	V;PST;NEG;TR;ABS(2,SG);ERG(1,EXCL,DU)	mʌkɵpuwu
kopt	V;PST;POS;TR;ABS(1,EXCL,PL);ERG(3,DU)	koɔptʌkʌ
kopt	V;PST;POS;TR;ABS(1,SG);ERG(3,SG)	koɔptʌ
kopt	V;PST;POS;TR;ABS(2,DU);ERG(3,SG)	ʔikɵpiti
kopt	V;PST;POS;TR;ABS(3,DU);ERG(2,SG,FORM)	ʔikɵptɛ
kott	V;IMP;NEG;TR;ABS(2,DU);ERG(1,EXCL,PL)	mukɵʦʌkʌje
kott	V;PRS;NEG;TR;ABS(1,INCL,PL);ERG(3,SG)	mukoɔçki
kott	V;PRS;NEG;TR;ABS(3,SG);ERG(3,SG)	mukôttɛ
kott	V;PRS;POS;TR;ABS(1,EXCL,DU);ERG(2,PL)	ʔikoɔ̂nni
kott	V;PRS;POS;TR;ABS(1,EXCL,PL);ERG(3,DU)	koɔçkʌ
kott	V;PRS;POS;TR;ABS(2,SG);ERG(1,SG)	ʔikoɔçŋʌ
kott	V;PRS;POS;TR;ABS(3,PL);ERG(3,DU)	koɔ̂nnu
kott	V;PRS;POS;TR;ABS(3,SG);ERG(3,PL)	koɔ̂nnu
kott	V;PST;NEG;TR;ABS(1,EXCL,DU);ERG(2,DU)	mʌkɵswi
kott	V;PST;NEG;TR;ABS(1,EXCL,DU);ERG(3,DU)	mukɵswi
kott	V;PST;NEG;TR;ABS(2,DU);ERG(1,EXCL,PL)	mʌkɵswʌkʌ
kott	V;PST;NEG;TR;ABS(2,SG);ERG(1,EXCL,PL)	mʌkɵswʌkʌ
kott	V;PST;NEG;TR;ABS(3,DU);ERG(2,DU)	mʌkɵswi
kott	V;PST;NEG;TR;ABS(3,SG);ERG(2,DU)	mʌkɵswi
kott	V;PST;POS;TR;ABS(1,EXCL,DU);ERG(2,SG,FORM)	ʔikɵstɛ
kott	V;PST;POS;TR;ABS(1,EXCL,PL);ERG(2,DU)	ʔikɵsti
kott	V;PST;POS;TR;ABS(1,INCL,DU);ERG(3,SG)	kɵʦiti
kott	V;PST;POS;TR;ABS(1,SG);ERG(2,PL)	koɔçtɛnu
kott	V;PST;POS;TR;ABS(2,DU);ERG(1,EXCL,DU)	ʔikɵstu
kott	V;PST;POS;TR;ABS(3,SG);ERG(1,EXCL,DU)	ʔikɵstu
kʰe	V;PRS;NEG;TR;ABS(1,INCL,DU);ERG(3,SG)	mukʰei
kʰe	V;PRS;NEG;TR;ABS(2,PL);ERG(3,PL)	mʌkʰeni
kʰe	V;PRS;NEG;TR;ABS(2,SG);ERG(3,DU)	mʌkʰeːssu
kʰe	V;PRS;NEG;TR;ABS(3,DU);ERG(1,INCL,DU)	mʌkʰeji
kʰe	V;PRS;NEG;TR;ABS(3,DU);ERG(3,PL)	mukʰenu
kʰe	V;PRS;NEG;TR;ABS(3,PL);ERG(1,INCL,PL)	mʌkʰeki
kʰe	V;PRS;POS;TR;ABS(1,EXCL,DU);ERG(2,DU)	ʔikʰeji
kʰe	V;PRS;POS;TR;ABS(1,INCL,DU);ERG(3,SG)	kʰeji
kʰe	V;PRS;POS;TR;ABS(3,PL);ERG(1,SG)	ʔikʰeŋʌnu
kʰe	V;PRS;POS;TR;ABS(3,SG);ERG(3,SG)	kʰe
kʰe	V;PST;NEG;TR;ABS(2,DU);ERG(1,EXCL,PL)	mʌkʰekwʌkʌ
kʰe	V;PST;NEG;TR;ABS(3,PL);ERG(1,INCL,PL)	mʌkʰekwiki
kʰe	V;PST;NEG;TR;ABS(3,SG);ERG(3,SG)	mukʰeːwɛ
kʰe	V;PST;POS;INTR;ABS(2,SG)	ʔikʰeːtɛ
kʰe	V;PST;POS;TR;ABS(1,EXCL,PL);ERG(2,PL)	ʔikʰeːtnu
kʰe	V;PST;POS;TR;ABS(1,EXCL,PL);ERG(3,PL)	kʰektʌkʌ
kʰe	V;PST;POS;TR;ABS(1,INCL,PL);ERG(3,PL)	kʰektiki
kʰe	V;PST;POS;TR;ABS(1,SG);ERG(3,DU)	kʰeːtʌsu
kʰe	V;PST;POS;TR;ABS(2,PL);ERG(3,DU)	ʔikʰeːtnu
kʰe	V;PST;POS;TR;ABS(3,SG);ERG(1,EXCL,DU)	ʔikʰeutu
kʰipt	V;IMP;NEG;TR;ABS(2,SG);ERG(1,EXCL,DU)	mukʰʌpuje
kʰipt	V;IMP;NEG;TR;ABS(2,SG);ERG(3,PL)	mukʰipnuje
kʰipt	V;PRS;NEG;TR;ABS(1,EXCL,PL);ERG(2,DU)	mʌkʰʌpi
kʰipt	V;PRS;NEG;TR;ABS(2,PL);ERG(3,SG)	mʌkʰʌ̂mni
kʰipt	V;PRS;NEG;TR;ABS(2,SG);ERG(3,DU)	mʌkʰʌpsu
kʰipt	V;PRS;NEG;TR;ABS(2,SG);ERG(3,PL)	mʌkʰʌpnu
kʰipt	V;PRS;NEG;TR;ABS(3,PL);ERG(1,EXCL,PL)	mʌkʰʌpkʌ
kʰipt	V;PRS;NEG;TR;ABS(3,SG);ERG(1,SG)	mʌkʰʌpŋʌ
kʰipt	V;PRS;POS;TR;ABS(1,EXCL,DU);ERG(3,DU)	kʰʌpi
kʰipt	V;PRS;POS;TR;ABS(1,INCL,DU);ERG(3,DU)	kʰʌpi
kʰipt	V;PRS;POS;TR;ABS(2,DU);ERG(1,EXCL,PL)	ʔikʰʌpkʌ
kʰipt	V;PRS;POS;TR;ABS(2,PL);ERG(3,SG)	ʔikʰʌ̂mni
kʰipt	V;PRS;POS;TR;ABS(3,DU);ERG(1,INCL,PL)	ʔikʰʌpki
kʰipt	V;PRS;POS;TR;ABS(3,SG);ERG(1,SG)	ʔikʰʌpŋʌ
kʰipt	V;PRS;POS;TR;ABS(3,SG);ERG(2,DU)	ʔikʰʌpi
kʰipt	V;PST;NEG;TR;ABS(1,EXCL,DU);ERG(2,SG,FORM)	mʌkʰipwɛ
kʰipt	V;PST;NEG;TR;ABS(3,SG);ERG(2,PL)	mʌkʰipwɛnu
kʰipt	V;PST;POS;TR;ABS(3,DU);ERG(2,DU)	ʔikʰipiti
kʰipt	V;PST;POS;TR;ABS(3,PL);ERG(1,EXCL,PL)	ʔikʰʌptʌkʌ
kʰipt	V;PST;POS;TR;ABS(3,PL);ERG(3,DU)	kʰʌptɛnu
kʰok	V;IMP;NEG;TR;ABS(2,DU);ERG(1,SG)	mukʰɵkʌje
kʰok	V;PRS;NEG;TR;ABS(1,EXCL,PL);ERG(3,PL)	mukʰokkʌ
kʰok	V;PRS;NEG;TR;ABS(2,PL);ERG(3,SG)	mʌkʰôːni
kʰok	V;PRS;NEG;TR;ABS(3,SG);ERG(1,EXCL,PL)	mʌkʰokkʌ
kʰok	V;PRS;POS;TR;ABS(1,EXCL,DU);ERG(3,SG)	kʰɵku
kʰok	V;PRS;POS;TR;ABS(1,INCL,PL);ERG(3,PL)	kʰokki
kʰok	V;PRS;POS;TR;ABS(2,DU);ERG(3,DU)	ʔikʰɵki
kʰok	V;PRS;POS;TR;ABS(3,DU);ERG(2,SG,FORM)	ʔikʰôː
kʰok	V;PRS;POS;TR;ABS(3,DU);ERG(3,PL)	kʰôːnu
kʰok	V;PRS;POS;TR;ABS(3,PL);ERG(2,PL)	ʔikʰôːni
kʰok	V;PST;NEG;TR;ABS(1,EXCL,DU);ERG(3,DU)	mukʰɵkiwi
kʰok	V;PST;NEG;TR;ABS(1,EXCL,DU);ERG(3,PL)	mukʰɵkiwi
kʰok	V;PST;NEG;TR;ABS(2,SG);ERG(1,EXCL,DU)	mʌkʰɵkuwu
kʰok	V;PST;NEG;TR;ABS(3,PL);ERG(3,SG)	mukʰɵ̂ːwɛnu
kʰok	V;PST;NEG;TR;ABS(3,SG);ERG(2,SG,FORM)	mʌkʰɵkwɛ
kʰok	V;PST;POS;TR;ABS(1,INCL,PL);ERG(3,SG)	kʰoktiki
kʰok	V;PST;POS;TR;ABS(1,SG);ERG(3,PL)	kʰôːktɛnu
kʰok	V;PST;POS;TR;ABS(2,DU);ERG(3,PL)	ʔikʰɵkiti
kʰok	V;PST;POS;TR;ABS(3,DU);ERG(1,INCL,DU)	ʔikʰɵkiti
kʰok	V;PST;POS;TR;ABS(3,DU);ERG(2,SG,FORM)	ʔikʰɵktɛ
kʰop	V;IMP;NEG;REFL;ABS(2,PL)	mukʰɵpnuje
kʰop	V;IMP;POS;TR;ABS(2,DU);ERG(3,PL)	kʰɵpnuje
kʰop	V;IMP;POS;TR;ABS(2,PL);ERG(1,EXCL,DU)	kʰɵpuje
kʰop	V;IMP;POS;TR;ABS(2,PL);ERG(3,PL)	kʰɵpnuje
kʰop	V;PRS;NEG;REFL;ABS(2,DU)	mʌkʰɵpi
kʰop	V;PRS;NEG;TR;ABS(1,SG);ERG(3,DU)	mukʰoɔpsu
kʰop	V;PRS;NEG;TR;ABS(2,SG);ERG(3,SG)	mʌkʰoɔp
kʰop	V;PRS;NEG;TR;ABS(3,DU);ERG(1,INCL,DU)	mʌkʰɵpi
kʰop	V;PRS;NEG;TR;ABS(3,SG);ERG(3,DU)	mukʰoɔpsu
kʰop	V;PRS;POS;REFL;ABS(1,INCL,DU)	kʰɵpi
kʰop	V;PRS;POS;TR;ABS(1,INCL,PL);ERG(3,SG)	kʰoɔpki
kʰop	V;PRS;POS;TR;ABS(2,DU);ERG(3,DU)	ʔikʰɵpi
kʰop	V;PRS;POS;TR;ABS(2,SG);ERG(3,PL)	ʔikʰoɔpnu
kʰop	V;PRS;POS;TR;ABS(2,SG);ERG(3,SG)	ʔikʰoɔp
kʰop	V;PRS;POS;TR;ABS(3,PL);ERG(3,SG)	kʰoɔ̂mnu
kʰop	V;PST;NEG;TR;ABS(3,PL);ERG(3,PL)	mukʰɵpwɛnu
kʰop	V;PST;NEG;TR;ABS(3,SG);ERG(2,PL)	mʌkʰɵpwɛnu
kʰop	V;PST;POS;TR;ABS(2,SG);ERG(3,SG)	ʔikʰɵptɛ
kʰop	V;PST;POS;TR;ABS(3,PL);ERG(1,INCL,DU)	ʔikʰɵpiti
kʰop	V;PST;POS;TR;ABS(3,SG);ERG(2,PL)	ʔikʰɵptɛnu
kʰoŋt	V;IMP;NEG;TR;ABS(2,PL);ERG(1,SG)	mukʰɵŋʌnuje
kʰoŋt	V;IMP;POS;TR;ABS(2,DU);ERG(3,SG)	kʰɵŋije
kʰoŋt	V;PRS;NEG;TR;ABS(1,EXCL,DU);ERG(2,PL)	mʌkʰoŋni
kʰoŋt	V;PRS;NEG;TR;ABS(1,EXCL,PL);ERG(3,SG)	mukʰoŋkʌ
kʰoŋt	V;PRS;NEG;TR;ABS(1,SG);ERG(2,SG,FORM)	mukʰoŋ
kʰoŋt	V;PRS;NEG;TR;ABS(1,SG);ERG(3,SG)	mukʰoŋŋʌ
kʰoŋt	V;PRS;NEG;TR;ABS(2,PL);ERG(1,EXCL,PL)	mʌkʰoŋkʌ
kʰoŋt	V;PRS;NEG;TR;ABS(2,SG);ERG(1,EXCL,PL)	mʌkʰoŋkʌ
kʰoŋt	V;PRS;NEG;TR;ABS(3,DU);ERG(1,EXCL,DU)	mʌkʰɵŋu
kʰoŋt	V;PRS;POS;TR;ABS(3,DU);ERG(1,EXCL,PL)	ʔikʰoŋkʌ
kʰoŋt	V;PRS;POS;TR;ABS(3,DU);ERG(1,INCL,DU)	ʔikʰɵŋi
kʰoŋt	V;PST;NEG;TR;ABS(2,DU);ERG(1,EXCL,PL)	mʌkʰɵŋwʌkʌ
kʰoŋt	V;PST;NEG;TR;ABS(2,PL);ERG(3,SG)	mʌkʰɵ̂ŋwɛnu
kʰoŋt	V;PST;NEG;TR;ABS(2,SG);ERG(1,EXCL,DU)	mʌkʰɵŋuwu
kʰoŋt	V;PST;NEG;TR;ABS(3,PL);ERG(1,INCL,PL)	mʌkʰoŋwiki
kʰoŋt	V;PST;NEG;TR;ABS(3,SG);ERG(1,SG)	mʌkʰɵŋʌwʌ
kʰoŋt	V;PST;POS;TR;ABS(1,SG);ERG(3,PL)	kʰɵ̂ŋtɛnu
kʰoŋt	V;PST;POS;TR;ABS(1,SG);ERG(3,SG)	kʰɵ̂ŋtɛnu
kʰoŋt	V;PST;POS;TR;ABS(3,DU);ERG(1,EXCL,DU)	ʔikʰɵŋutu
kʰoŋt	V;PST;POS;TR;ABS(3,SG);ERG(1,INCL,PL)	ʔikʰoŋtiki
kʰunt	V;IMP;NEG;REFL;ABS(2,PL)	mukʰʉːsnuje
kʰunt	V;IMP;POS;TR;ABS(2,DU);ERG(1,EXCL,DU)	kʰʉːʦuje
kʰunt	V;PRS;NEG;TR;ABS(1,INCL,PL);ERG(3,PL)	mukʰʌjki
kʰunt	V;PRS;NEG;TR;ABS(2,PL);ERG(1,SG)	mʌkʰʌjŋʌnu
kʰunt	V;PRS;NEG;TR;ABS(3,PL);ERG(1,INCL,DU)	mʌkʰʉːʦi
kʰunt	V;PRS;POS;TR;ABS(1,EXCL,DU);ERG(3,DU)	kʰʉːʦi
kʰunt	V;PRS;POS;TR;ABS(1,EXCL,PL);ERG(2,PL)	ʔikʰʌjni
kʰunt	V;PRS;POS;TR;ABS(1,EXCL,PL);ERG(2,SG,FORM)	ʔikʰʌj
kʰunt	V;PRS;POS;TR;ABS(2,PL);ERG(3,PL)	ʔikʰʌjni
kʰunt	V;PRS;POS;TR;ABS(2,SG);ERG(1,SG)	ʔikʰʌjŋʌ
kʰunt	V;PST;NEG;REFL;ABS(2,SG)	mʌkʰʉ̂ːswɛ
kʰunt	V;PST;NEG;TR;ABS(1,EXCL,PL);ERG(2,DU)	mʌkʰʉːswi
kʰunt	V;PST;NEG;TR;ABS(1,SG);ERG(3,SG)	mukʰʌ̂nwɛnu
kʰunt	V;PST;NEG;TR;ABS(2,PL);ERG(3,DU)	mʌkʰʉ̂ːswɛnu
kʰunt	V;PST;NEG;TR;ABS(2,PL);ERG(3,PL)	mʌkʰʉ̂ːswɛnu
kʰunt	V;PST;NEG;TR;ABS(3,PL);ERG(1,SG)	mʌkʰʌjwʌnu
kʰunt	V;PST;NEG;TR;ABS(3,SG);ERG(3,DU)	mukʰʉ̂ːswɛsu
kʰunt	V;PST;POS;REFL;ABS(1,EXCL,PL)	kʰʌjtʌkʌ
kʰunt	V;PST;POS;TR;ABS(1,INCL,PL);ERG(3,DU)	kʰʌjtiki
kʰunt	V;PST;POS;TR;ABS(3,PL);ERG(1,SG)	ʔikʰʌjtʌnu
kʰɛl	V;IMP;NEG;TR;ABS(2,DU);ERG(1,EXCL,DU)	mukʰɛluje
kʰɛl	V;IMP;POS;TR;ABS(2,PL);ERG(1,EXCL,PL)	kʰɛlkʌje
kʰɛl	V;PRS;NEG;TR;ABS(1,EXCL,PL);ERG(2,DU)	mʌkʰɛli
kʰɛl	V;PRS;NEG;TR;ABS(2,SG);ERG(1,EXCL,PL)	mʌkʰɛlkʌ
kʰɛl	V;PRS;NEG;TR;ABS(3,PL);ERG(2,SG,FORM)	mʌkʰɛl
kʰɛl	V;PRS;NEG;TR;ABS(3,SG);ERG(1,SG)	mʌkʰɛlŋʌ
kʰɛl	V;PRS;POS;TR;ABS(1,EXCL,DU);ERG(2,DU)	ʔikʰɛli
kʰɛl	V;PRS;POS;TR;ABS(1,EXCL,PL);ERG(2,PL)	ʔikʰɛlni
kʰɛl	V;PRS;POS;TR;ABS(3,DU);ERG(2,SG,FORM)	ʔikʰɛl
kʰɛl	V;PRS;POS;TR;ABS(3,DU);ERG(3,PL)	kʰɛ̂lnu
kʰɛl	V;PRS;POS;TR;ABS(3,SG);ERG(3,SG)	kʰɛ̂lsu
kʰɛl	V;PST;NEG;TR;ABS(2,DU);ERG(1,EXCL,PL)	mʌkʰɛlwʌkʌ
kʰɛl	V;PST;NEG;TR;ABS(3,DU);ERG(3,PL)	mukʰɛ̂lwɛnu
kʰɛl	V;PST;NEG;TR;ABS(3,PL);ERG(3,PL)	mukʰɛ̂lwɛnu
kʰɛl	V;PST;POS;TR;ABS(1,INCL,DU);ERG(3,DU)	kʰɛliti
kʰɛl	V;PST;POS;TR;ABS(1,INCL,DU);ERG(3,SG)	kʰɛliti
kʰɛl	V;PST;POS;TR;ABS(2,PL);ERG(3,PL)	ʔikʰɛ̂ltɛnu
kʰɛl	V;PST;POS;TR;ABS(3,PL);ERG(1,INCL,DU)	ʔikʰɛliti
kʰɛl	V;PST;POS;TR;ABS(3,PL);ERG(2,PL)	ʔikʰɛltɛnu
kʰɛl	V;PST;POS;TR;ABS(3,SG);ERG(1,EXCL,PL)	ʔikʰɛltʌkʌ
nott	V;IMP;POS;TR;ABS(2,DU);ERG(3,DU)	nɵʦije
nott	V;IMP;POS;TR;ABS(2,PL);ERG(1,EXCL,DU)	nɵʦuje
nott	V;PRS;NEG;TR;ABS(2,SG);ERG(1,EXCL,PL)	mʌnoɔçkʌ
nott	V;PRS;NEG;TR;ABS(3,DU);ERG(2,DU)	mʌnɵʦi
nott	V;PRS;NEG;TR;ABS(3,DU);ERG(2,SG,FORM)	mʌnoɔt
nott	V;PRS;NEG;TR;ABS(3,DU);ERG(3,SG)	munoɔtsu
nott	V;PRS;POS;TR;ABS(1,EXCL,DU);ERG(3,SG)	nɵʦu
nott	V;PRS;POS;TR;ABS(1,SG);ERG(3,DU)	noɔ̂nsu
nott	V;PRS;POS;TR;ABS(3,SG);ERG(1,EXCL,PL)	ʔinoɔçkʌ
nott	V;PRS;POS;TR;ABS(3,SG);ERG(2,SG,FORM)	ʔinoɔt
nott	V;PRS;POS;TR;ABS(3,SG);ERG(3,DU)	noɔtsu
nott	V;PST;NEG;TR;ABS(1,INCL,DU);ERG(3,SG)	munɵswi
nott	V;PST;NEG;TR;ABS(3,SG);ERG(1,INCL,PL)	mʌnoɔçwiki
nott	V;PST;NEG;TR;ABS(3,SG);ERG(3,DU)	munɵswɛsu
nott	V;PST;POS;TR;ABS(1,EXCL,DU);ERG(2,DU)	ʔinɵsti
nott	V;PST;POS;TR;ABS(1,EXCL,PL);ERG(3,PL)	noɔçtʌkʌ
nott	V;PST;POS;TR;ABS(1,INCL,PL);ERG(3,PL)	noɔçtiki
nott	V;PST;POS;TR;ABS(1,SG);ERG(2,SG,FORM)	noɔttɛnu
nott	V;PST;POS;TR;ABS(3,DU);ERG(1,EXCL,DU)	ʔinɵʦutu
nott	V;PST;POS;TR;ABS(3,DU);ERG(1,SG)	ʔinɵstʌsu
nu	V;IMP;NEG;INTR;ABS(2,SG)	munʉje
nu	V;PRS;NEG;INTR;ABS(1,EXCL,PL)	munʌkʌ
nu	V;PRS;NEG;INTR;ABS(1,INCL,DU)	munʉji
nu	V;PRS;NEG;INTR;ABS(1,INCL,PL)	munʌki
nu	V;PRS;NEG;INTR;ABS(1,SG)	munʌjŋʌ
nu	V;PRS;NEG;INTR;ABS(3,PL)	munʉnu
nu	V;PRS;NEG;INTR;ABS(3,SG)	munʉ
nu	V;PRS;POS;INTR;ABS(1,EXCL,PL)	nʌkʌ
nu	V;PRS;POS;INTR;ABS(1,INCL,DU)	nʉji
nu	V;PRS;POS;INTR;ABS(2,PL)	ʔinʉni
nu	V;PRS;POS;INTR;ABS(3,DU)	nʉji
nu	V;PRS;POS;INTR;ABS(3,SG)	nʉ
nu	V;PST;NEG;INTR;ABS(1,EXCL,DU)	munʉuwu
nu	V;PST;NEG;INTR;ABS(1,INCL,PL)	munʌkwiki
nu	V;PST;NEG;INTR;ABS(2,SG)	mʌnʉːwɛ
nu	V;PST;NEG;INTR;ABS(3,DU)	munʉswi
nu	V;PST;POS;INTR;ABS(1,INCL,PL)	nʌktiki
nu	V;PST;POS;INTR;ABS(3,DU)	nʉsti
nu	V;PST;POS;INTR;ABS(3,PL)	nʉ̂ːtɛnu
nu	V;PST;POS;INTR;ABS(3,SG)	nʉːtɛ
nuk	V;IMP;POS;REFL;ABS(2,DU)	nʉkije
nuk	V;IMP;POS;TR;ABS(2,DU);ERG(1,EXCL,DU)	nʉkuje
nuk	V;IMP;POS;TR;ABS(2,DU);ERG(1,SG)	nʉkʌje
nuk	V;PRS;NEG;REFL;ABS(2,SG)	mʌnûː
nuk	V;PRS;NEG;TR;ABS(1,EXCL,PL);ERG(3,PL)	munukkʌ
nuk	V;PRS;POS;TR;ABS(2,DU);ERG(1,EXCL,DU)	ʔinʉku
nuk	V;PRS;POS;TR;ABS(2,PL);ERG(1,EXCL,PL)	ʔinʌkkʌ
nuk	V;PRS;POS;TR;ABS(2,SG);ERG(1,EXCL,DU)	ʔinʉku
nuk	V;PRS;POS;TR;ABS(3,DU);ERG(1,EXCL,PL)	ʔinʌkkʌ
nuk	V;PST;NEG;REFL;ABS(1,INCL,DU)	munʉkiwi
nuk	V;PST;NEG;TR;ABS(1,EXCL,DU);ERG(2,PL)	mʌnʉkwɛnu
nuk	V;PST;NEG;TR;ABS(1,EXCL,DU);ERG(3,PL)	munʉkiwi
nuk	V;PST;NEG;TR;ABS(1,SG);ERG(3,DU)	munʉkwʌsu
nuk	V;PST;NEG;TR;ABS(2,SG);ERG(3,PL)	mʌnʉkwɛnu
nuk	V;PST;NEG;TR;ABS(3,DU);ERG(1,EXCL,PL)	mʌnʉkwʌkʌ
nuk	V;PST;POS;REFL;ABS(1,EXCL,PL)	nuktʌkʌ
nuk	V;PST;POS;TR;ABS(1,EXCL,DU);ERG(2,DU)	ʔinʉkiti
nuk	V;PST;POS;TR;ABS(3,DU);ERG(3,PL)	nʉktɛnu
nuk	V;PST;POS;TR;ABS(3,PL);ERG(3,DU)	nʉktɛnu
nuk	V;PST;POS;TR;ABS(3,SG);ERG(1,SG)	ʔinʉkʌtʌ
nɛl	V;IMP;NEG;TR;ABS(2,PL);ERG(1,EXCL,PL)	munɛlkʌje
nɛl	V;IMP;POS;TR;ABS(2,SG);ERG(1,SG)	nɛlŋʌsuje
nɛl	V;IMP;POS;TR;ABS(2,SG);ERG(3,SG)	nɛlnuje
nɛl	V;PRS;NEG;TR;ABS(2,SG);ERG(3,DU)	mʌnɛlsu
nɛl	V;PRS;NEG;TR;ABS(2,SG);ERG(3,PL)	mʌnɛlnu
nɛl	V;PRS;POS;TR;ABS(1,INCL,PL);ERG(3,SG)	nɛlki
nɛl	V;PRS;POS;TR;ABS(2,SG);ERG(1,EXCL,DU)	ʔinɛlu
nɛl	V;PRS;POS;TR;ABS(3,DU);ERG(1,EXCL,PL)	ʔinɛlkʌ
nɛl	V;PRS;POS;TR;ABS(3,PL);ERG(3,SG)	nɛ̂lnu
nɛl	V;PST;NEG;INTR;ABS(1,SG)	munɛlwʌwʌ
nɛl	V;PST;NEG;TR;ABS(1,INCL,DU);ERG(3,PL)	munɛliwi
nɛl	V;PST;NEG;TR;ABS(1,INCL,DU);ERG(3,SG)	munɛliwi
nɛl	V;PST;NEG;TR;ABS(1,INCL,PL);ERG(3,SG)	munɛlwiki
nɛl	V;PST;NEG;TR;ABS(2,PL);ERG(1,EXCL,PL)	mʌnɛlwʌkʌ
nɛl	V;PST;NEG;TR;ABS(3,PL);ERG(2,DU)	mʌnɛliwi
nɛl	V;PST;NEG;TR;ABS(3,SG);ERG(1,INCL,DU)	mʌnɛliwi
nɛl	V;PST;NEG;TR;ABS(3,SG);ERG(1,INCL,PL)	mʌnɛlwiki
nɛl	V;PST;NEG;TR;ABS(3,SG);ERG(3,SG)	munɛ̂lwɛ
nɛl	V;PST;POS;TR;ABS(1,EXCL,PL);ERG(3,PL)	nɛltʌkʌ
nɛl	V;PST;POS;TR;ABS(3,PL);ERG(2,SG,FORM)	ʔinɛltɛ
paŋ	V;IMP;NEG;INTR;ABS(2,PL)	mupaŋnuje
paŋ	V;PRS;NEG;INTR;ABS(1,EXCL,PL)	mupaŋkʌ
paŋ	V;PRS;NEG;INTR;ABS(1,INCL,DU)	mupaŋi
paŋ	V;PRS;NEG;INTR;ABS(1,INCL,PL)	mupaŋki
paŋ	V;PRS;NEG;INTR;ABS(1,SG)	mupaŋŋʌ
paŋ	V;PRS;NEG;INTR;ABS(2,PL)	mʌpaŋni
paŋ	V;PRS;NEG;INTR;ABS(3,DU)	mupaŋi
paŋ	V;PRS;NEG;INTR;ABS(3,SG)	mupaŋ
paŋ	V;PRS;POS;INTR;ABS(1,EXCL,DU)	pʉŋu
paŋ	V;PRS;POS;INTR;ABS(1,INCL,DU)	pʉŋi
paŋ	V;PRS;POS;INTR;ABS(1,SG)	paŋŋʌ
paŋ	V;PRS;POS;INTR;ABS(3,DU)	pʌŋi
paŋ	V;PST;NEG;INTR;ABS(2,PL)	mʌpʌ̂ŋwɛnu
paŋ	V;PST;NEG;INTR;ABS(3,DU)	mupʌŋiwi
paŋ	V;PST;NEG;INTR;ABS(3,PL)	mupʌ̂ŋwɛnu
paŋ	V;PST;POS;INTR;ABS(2,DU)	ʔipʉŋiti
paŋ	V;PST;POS;INTR;ABS(2,PL)	ʔipʌ̂ŋtɛnu
paŋ	V;PST;POS;INTR;ABS(2,SG)	ʔipʌ̂ŋtɛ
paŋ	V;PST;POS;INTR;ABS(3,DU)	pʌŋiti
paŋ	V;PST;POS;INTR;ABS(3,PL)	pʌ̂ŋtɛnu
pʰaŋt	V;IMP;NEG;TR;ABS(2,PL);ERG(3,SG)	mupʰʌŋnuje
pʰaŋt	V;IMP;NEG;TR;ABS(2,SG);ERG(1,SG)	mupʰʌŋʌsuje
pʰaŋt	V;PRS;NEG;TR;ABS(1,EXCL,PL);ERG(2,PL)	mʌpʰaŋni
pʰaŋt	V;PRS;NEG;TR;ABS(1,INCL,PL);ERG(3,SG)	mupʰaŋki
pʰaŋt	V;PRS;NEG;TR;ABS(3,SG);ERG(1,EXCL,PL)	mʌpʰaŋkʌ
pʰaŋt	V;PRS;NEG;TR;ABS(3,SG);ERG(2,SG,FORM)	mʌpʰaŋ
pʰaŋt	V;PRS;POS;TR;ABS(1,EXCL,PL);ERG(3,SG)	pʰaŋkʌ
pʰaŋt	V;PRS;POS;TR;ABS(2,DU);ERG(1,EXCL,DU)	ʔipʰʌŋu
pʰaŋt	V;PRS;POS;TR;ABS(2,PL);ERG(1,EXCL,PL)	ʔipʰaŋkʌ
pʰaŋt	V;PRS;POS;TR;ABS(3,PL);ERG(2,DU)	ʔipʰʌŋi
pʰaŋt	V;PRS;POS;TR;ABS(3,SG);ERG(1,INCL,PL)	ʔipʰaŋki
pʰaŋt	V;PRS;POS;TR;ABS(3,SG);ERG(2,SG,FORM)	ʔipʰaŋ
pʰaŋt	V;PRS;POS;TR;ABS(3,SG);ERG(3,DU)	pʰâŋsu
pʰaŋt	V;PST;NEG;TR;ABS(1,EXCL,PL);ERG(3,SG)	mupʰaŋwʌkʌ
pʰaŋt	V;PST;NEG;TR;ABS(1,SG);ERG(3,DU)	mupʰʌŋwʌsu
pʰaŋt	V;PST;NEG;TR;ABS(3,DU);ERG(2,DU)	mʌpʰʌŋiwi
pʰaŋt	V;PST;NEG;TR;ABS(3,PL);ERG(2,DU)	mʌpʰʌŋiwi
pʰaŋt	V;PST;POS;TR;ABS(2,SG);ERG(3,SG)	ʔipʰâŋtɛ
pʰaŋt	V;PST;POS;TR;ABS(3,PL);ERG(2,DU)	ʔipʰʌŋiti
pʰaŋt	V;PST;POS;TR;ABS(3,SG);ERG(1,INCL,PL)	ʔipʰaŋtiki
pʰer	V;IMP;NEG;TR;ABS(2,PL);ERG(3,PL)	mupʰernuje
pʰer	V;IMP;POS;INTR;ABS(2,DU)	pʰerije
pʰer	V;IMP;POS;TR;ABS(2,PL);ERG(3,PL)	pʰernuje
pʰer	V;PRS;NEG;INTR;ABS(3,SG)	mupʰer
pʰer	V;PRS;NEG;TR;ABS(1,EXCL,PL);ERG(3,SG)	mupʰerkʌ
pʰer	V;PRS;NEG;TR;ABS(3,SG);ERG(2,DU)	mʌpʰeri
pʰer	V;PRS;NEG;TR;ABS(3,SG);ERG(2,PL)	mʌpʰerni
pʰer	V;PRS;POS;TR;ABS(1,EXCL,DU);ERG(3,SG)	pʰeru
pʰer	V;PRS;POS;TR;ABS(1,SG);ERG(2,PL)	pʰêrnu
pʰer	V;PST;NEG;TR;ABS(2,DU);ERG(1,EXCL,DU)	mʌpʰeruwu
pʰer	V;PST;NEG;TR;ABS(2,DU);ERG(3,SG)	mʌpʰeriwi
pʰer	V;PST;NEG;TR;ABS(3,PL);ERG(1,SG)	mʌpʰerʌwʌnu
pʰer	V;PST;NEG;TR;ABS(3,PL);ERG(3,SG)	mupʰêrwɛnu
pʰer	V;PST;NEG;TR;ABS(3,SG);ERG(3,SG)	mupʰêrwɛ
pʰer	V;PST;POS;INTR;ABS(3,DU)	pʰeriti
pʰer	V;PST;POS;TR;ABS(1,INCL,PL);ERG(3,PL)	pʰertiki
pʰer	V;PST;POS;TR;ABS(3,DU);ERG(2,PL)	ʔipʰêrtɛnu
pʰer	V;PST;POS;TR;ABS(3,PL);ERG(1,SG)	ʔipʰerʌtʌnu
pʰer	V;PST;POS;TR;ABS(3,PL);ERG(3,PL)	pʰêrtɛnu
pʰer	V;PST;POS;TR;ABS(3,SG);ERG(1,SG)	ʔipʰerʌtʌ
pʰrɛpt	V;IMP;NEG;TR;ABS(2,PL);ERG(3,SG)	mupʰrɛpnuje
pʰrɛpt	V;IMP;POS;TR;ABS(2,DU);ERG(1,EXCL,PL)	pʰrɛpkʌje
pʰrɛpt	V;PRS;NEG;TR;ABS(1,EXCL,PL);ERG(2,PL)	mʌpʰrɛpni
pʰrɛpt	V;PRS;NEG;TR;ABS(1,INCL,DU);ERG(3,SG)	mupʰrɛpi
pʰrɛpt	V;PRS;NEG;TR;ABS(2,PL);ERG(1,EXCL,PL)	mʌpʰrɛpkʌ
pʰrɛpt	V;PRS;NEG;TR;ABS(2,PL);ERG(3,SG)	mʌpʰrɛpni
pʰrɛpt	V;PRS;NEG;TR;ABS(3,DU);ERG(2,DU)	mʌpʰrɛpi
pʰrɛpt	V;PRS;NEG;TR;ABS(3,PL);ERG(2,PL)	mʌpʰrɛpni
pʰrɛpt	V;PRS;NEG;TR;ABS(3,SG);ERG(1,EXCL,DU)	mʌpʰrɛpu
pʰrɛpt	V;PRS;NEG;TR;ABS(3,SG);ERG(2,PL)	mʌpʰrɛpni
pʰrɛpt	V;PRS;POS;TR;ABS(1,EXCL,PL);ERG(3,DU)	pʰrɛpkʌ
pʰrɛpt	V;PRS;POS;TR;ABS(1,INCL,DU);ERG(3,SG)	pʰrɛpi
pʰrɛpt	V;PRS;POS;TR;ABS(2,DU);ERG(3,DU)	ʔipʰrɛpi
pʰrɛpt	V;PRS;POS;TR;ABS(2,PL);ERG(1,SG)	ʔipʰrɛpŋʌnu
pʰrɛpt	V;PRS;POS;TR;ABS(2,PL);ERG(3,SG)	ʔipʰrɛ̂mni
pʰrɛpt	V;PRS;POS;TR;ABS(3,DU);ERG(1,EXCL,PL)	ʔipʰrɛpkʌ
pʰrɛpt	V;PRS;POS;TR;ABS(3,DU);ERG(1,SG)	ʔipʰrɛpŋʌsu
pʰrɛpt	V;PST;NEG;TR;ABS(2,DU);ERG(3,SG)	mʌpʰrɛpiwi
pʰrɛpt	V;PST;POS;TR;ABS(3,PL);ERG(2,SG,FORM)	ʔipʰrɛptɛ
pʰrɛpt	V;PST;POS;TR;ABS(3,SG);ERG(3,DU)	pʰrɛptɛsu
pʰɛm	V;IMP;NEG;INTR;ABS(2,PL)	mupʰɛmnuje
pʰɛm	V;IMP;POS;INTR;ABS(2,SG)	pʰɛmnuje
pʰɛm	V;PRS;NEG;INTR;ABS(1,EXCL,DU)	mupʰɛmu
pʰɛm	V;PRS;NEG;INTR;ABS(1,EXCL,PL)	mupʰɛmkʌ
pʰɛm	V;PRS;NEG;INTR;ABS(1,SG)	mupʰɛmŋʌ
pʰɛm	V;PRS;NEG;INTR;ABS(2,DU)	mʌpʰɛmi
pʰɛm	V;PRS;NEG;INTR;ABS(2,SG)	mʌpʰɛm
pʰɛm	V;PRS;POS;INTR;ABS(1,EXCL,PL)	pʰɛmkʌ
pʰɛm	V;PRS;POS;INTR;ABS(2,DU)	ʔipʰɛmi
pʰɛm	V;PST;NEG;INTR;ABS(1,EXCL,PL)	mupʰɛmwʌkʌ
pʰɛm	V;PST;NEG;INTR;ABS(1,SG)	mupʰɛ̂mwɛ
pʰɛm	V;PST;NEG;INTR;ABS(2,DU)	mʌpʰɛmiwi
pʰɛm	V;PST;NEG;INTR;ABS(2,PL)	mʌpʰɛ̂mwɛnu
pʰɛm	V;PST;NEG;INTR;ABS(3,DU)	mupʰɛmiwi
pʰɛm	V;PST;NEG;INTR;ABS(3,PL)	mupʰɛ̂mwɛnu
pʰɛm	V;PST;NEG;INTR;ABS(3,SG)	mupʰɛ̂mwɛ
pʰɛm	V;PST;POS;INTR;ABS(1,INCL,DU)	pʰɛmiti
pʰɛm	V;PST;POS;INTR;ABS(2,DU)	ʔipʰɛmiti
pʰɛm	V;PST;POS;INTR;ABS(2,SG)	ʔipʰɛ̂mtɛ
pʰɛm	V;PST;POS;INTR;ABS(3,SG)	pʰɛ̂mtɛ
rekt	V;IMP;NEG;TR;ABS(2,DU);ERG(1,EXCL,DU)	murekuje
rekt	V;IMP;NEG;TR;ABS(2,SG);ERG(3,SG)	mureknuje
rekt	V;IMP;POS;TR;ABS(2,PL);ERG(3,SG)	reknuje
rekt	V;IMP;POS;TR;ABS(2,SG);ERG(3,SG)	reknuje
rekt	V;PRS;NEG;TR;ABS(1,EXCL,PL);ERG(3,PL)	murekkʌ
rekt	V;PRS;NEG;TR;ABS(2,DU);ERG(1,EXCL,PL)	mʌrekkʌ
rekt	V;PRS;NEG;TR;ABS(3,DU);ERG(1,INCL,PL)	mʌrekki
rekt	V;PRS;NEG;TR;ABS(3,PL);ERG(1,EXCL,PL)	mʌrekkʌ
rekt	V;PRS;POS;TR;ABS(1,EXCL,DU);ERG(3,PL)	reku
rekt	V;PRS;POS;TR;ABS(2,DU);ERG(3,PL)	ʔireki
rekt	V;PRS;POS;TR;ABS(3,SG);ERG(2,DU)	ʔireki
rekt	V;PST;NEG;TR;ABS(3,DU);ERG(3,SG)	murekwɛsu
rekt	V;PST;NEG;TR;ABS(3,PL);ERG(1,INCL,DU)	mʌrekiwi
rekt	V;PST;NEG;TR;ABS(3,PL);ERG(2,PL)	mʌrekwɛnu
rekt	V;PST;NEG;TR;ABS(3,PL);ERG(3,DU)	murekwɛnu
rekt	V;PST;NEG;TR;ABS(3,PL);ERG(3,SG)	murekwɛnu
rekt	V;PST;NEG;TR;ABS(3,SG);ERG(2,SG,FORM)	mʌrekwɛ
rekt	V;PST;POS;TR;ABS(1,SG);ERG(2,PL)	rêːktɛnu
rekt	V;PST;POS;TR;ABS(2,SG);ERG(1,EXCL,DU)	ʔirekutu
rekt	V;PST;POS;TR;ABS(2,SG);ERG(1,EXCL,PL)	ʔirektʌkʌ
reŋt	V;IMP;NEG;TR;ABS(2,SG);ERG(3,DU)	mureŋije
reŋt	V;IMP;POS;TR;ABS(2,PL);ERG(3,DU)	reŋnuje
reŋt	V;PRS;NEG;TR;ABS(1,EXCL,DU);ERG(3,PL)	mureŋu
reŋt	V;PRS;NEG;TR;ABS(2,DU);ERG(1,EXCL,DU)	mʌreŋu
reŋt	V;PRS;NEG;TR;ABS(2,DU);ERG(1,SG)	mʌreŋŋʌsu
reŋt	V;PRS;NEG;TR;ABS(3,DU);ERG(1,INCL,PL)	mʌreŋki
reŋt	V;PRS;NEG;TR;ABS(3,DU);ERG(2,SG,FORM)	mʌreŋ
reŋt	V;PRS;POS;TR;ABS(1,EXCL,DU);ERG(2,PL)	ʔireŋni
reŋt	V;PRS;POS;TR;ABS(3,DU);ERG(1,EXCL,DU)	ʔireŋu
reŋt	V;PRS;POS;TR;ABS(3,DU);ERG(1,INCL,PL)	ʔireŋki
reŋt	V;PRS;POS;TR;ABS(3,DU);ERG(1,SG)	ʔireŋŋʌsu
reŋt	V;PRS;POS;TR;ABS(3,PL);ERG(1,SG)	ʔireŋŋʌnu
reŋt	V;PST;NEG;TR;ABS(3,DU);ERG(1,EXCL,PL)	mʌreŋwʌkʌ
reŋt	V;PST;NEG;TR;ABS(3,DU);ERG(2,PL)	mʌrêŋwɛnu
reŋt	V;PST;NEG;TR;ABS(3,DU);ERG(3,SG)	murêŋwɛsu
reŋt	V;PST;NEG;TR;ABS(3,SG);ERG(1,SG)	mʌreŋʌwʌ
reŋt	V;PST;POS;TR;ABS(1,EXCL,PL);ERG(2,PL)	ʔirêŋtɛnu
reŋt	V;PST;POS;TR;ABS(1,SG);ERG(3,SG)	rêŋtɛnu
reŋt	V;PST;POS;TR;ABS(3,DU);ERG(2,SG,FORM)	ʔireŋtɛ
reŋt	V;PST;POS;TR;ABS(3,SG);ERG(1,EXCL,DU)	ʔireŋutu
ritt	V;IMP;NEG;TR;ABS(2,DU);ERG(1,SG)	murʌçʌsuje
ritt	V;IMP;NEG;TR;ABS(2,SG);ERG(1,SG)	murʌçʌŋʌsuje
ritt	V;IMP;POS;TR;ABS(2,DU);ERG(3,SG)	riʦije
ritt	V;PRS;NEG;TR;ABS(1,EXCL,DU);ERG(3,DU)	murʌʦi
ritt	V;PRS;NEG;TR;ABS(2,PL);ERG(1,EXCL,PL)	mʌrʌçkʌ
ritt	V;PRS;NEG;TR;ABS(3,PL);ERG(2,PL)	mʌrʌ̂nni
ritt	V;PRS;POS;TR;ABS(1,EXCL,PL);ERG(2,PL)	ʔirʌ̂nni
ritt	V;PRS;POS;TR;ABS(1,SG);ERG(3,SG)	rʌttʉ
ritt	V;PRS;POS;TR;ABS(2,PL);ERG(3,SG)	ʔirʌ̂nni
ritt	V;PRS;POS;TR;ABS(2,SG);ERG(3,DU)	ʔirʌtsu
ritt	V;PRS;POS;TR;ABS(3,PL);ERG(2,SG,FORM)	ʔirʌç
ritt	V;PST;NEG;TR;ABS(1,INCL,DU);ERG(3,PL)	murʌswi
ritt	V;PST;NEG;TR;ABS(1,INCL,PL);ERG(3,PL)	murʌçwiki
ritt	V;PST;NEG;TR;ABS(1,SG);ERG(3,PL)	murʌtwɛnu
ritt	V;PST;NEG;TR;ABS(2,SG);ERG(1,EXCL,DU)	mʌriswu
ritt	V;PST;NEG;TR;ABS(2,SG);ERG(3,SG)	mʌrʌtwɛ
ritt	V;PST;POS;TR;ABS(2,DU);ERG(3,SG)	ʔiristiti
ritt	V;PST;POS;TR;ABS(2,PL);ERG(1,EXCL,PL)	ʔirʌçtʌkʌ
ritt	V;PST;POS;TR;ABS(3,DU);ERG(1,EXCL,DU)	ʔirʌstu
ritt	V;PST;POS;TR;ABS(3,SG);ERG(1,EXCL,PL)	ʔirʌçtʌkʌ
rol	V;IMP;NEG;TR;ABS(2,PL);ERG(3,DU)	murɵlnuje
rol	V;IMP;NEG;TR;ABS(2,SG);ERG(3,DU)	murɵlije
rol	V;IMP;POS;TR;ABS(2,DU);ERG(1,EXCL,DU)	rɵluje
rol	V;PRS;NEG;TR;ABS(1,EXCL,DU);ERG(3,SG)	murɵlu
rol	V;PRS;NEG;TR;ABS(1,SG);ERG(3,DU)	muroɔlŋʌsu
rol	V;PRS;NEG;TR;ABS(2,DU);ERG(1,EXCL,PL)	mʌroɔlkʌ
rol	V;PRS;POS;TR;ABS(1,INCL,DU);ERG(3,DU)	rɵli
rol	V;PRS;POS;TR;ABS(2,SG);ERG(1,EXCL,DU)	ʔirɵlu
rol	V;PRS;POS;TR;ABS(3,DU);ERG(3,PL)	roɔlnu
rol	V;PST;NEG;TR;ABS(1,EXCL,DU);ERG(2,SG,FORM)	mʌrɵlwɛ
rol	V;PST;NEG;TR;ABS(1,EXCL,DU);ERG(3,PL)	murɵliwi
rol	V;PST;NEG;TR;ABS(1,SG);ERG(3,PL)	muroɔlwʌnu
rol	V;PST;NEG;TR;ABS(2,SG);ERG(1,EXCL,PL)	mʌroɔlwʌkʌ
rol	V;PST;NEG;TR;ABS(2,SG);ERG(3,SG)	mʌrɵ̂lwɛ
rol	V;PST;NEG;TR;ABS(3,PL);ERG(1,INCL,PL)	mʌroɔlwiki
rol	V;PST;NEG;TR;ABS(3,PL);ERG(3,DU)	murɵ̂lwɛnu
rol	V;PST;NEG;TR;ABS(3,SG);ERG(2,SG,FORM)	mʌrɵlwɛ
rol	V;PST;POS;TR;ABS(1,SG);ERG(2,PL)	roɔltɛnu
rol	V;PST;POS;TR;ABS(3,DU);ERG(1,INCL,DU)	ʔirɵliti
rol	V;PST;POS;TR;ABS(3,SG);ERG(2,PL)	ʔiroɔltɛnu
rot	V;IMP;POS;TR;ABS(2,SG);ERG(1,EXCL,PL)	rɵʦʌkʌje
rot	V;PRS;NEG;TR;ABS(1,SG);ERG(2,DU)	murɵʦi
rot	V;PRS;NEG;TR;ABS(2,DU);ERG(1,EXCL,DU)	mʌrɵʦu
rot	V;PRS;NEG;TR;ABS(2,DU);ERG(3,DU)	mʌrɵʦi
rot	V;PRS;NEG;TR;ABS(2,DU);ERG(3,PL)	mʌrɵsni
rot	V;PRS;NEG;TR;ABS(3,SG);ERG(2,PL)	mʌroɔ̂nni
rot	V;PRS;POS;TR;ABS(2,PL);ERG(1,EXCL,PL)	ʔiroɔçkʌ
rot	V;PRS;POS;TR;ABS(3,DU);ERG(3,SG)	roɔ̂nsu
rot	V;PST;NEG;TR;ABS(1,EXCL,PL);ERG(3,PL)	murɵswʌkʌ
rot	V;PST;NEG;TR;ABS(2,PL);ERG(1,EXCL,DU)	mʌrɵswu
rot	V;PST;NEG;TR;ABS(2,PL);ERG(3,SG)	mʌrɵswɛnu
rot	V;PST;NEG;TR;ABS(3,PL);ERG(3,DU)	murɵswɛnu
rot	V;PST;POS;TR;ABS(1,EXCL,DU);ERG(2,DU)	ʔirɵsti
rot	V;PST;POS;TR;ABS(1,EXCL,DU);ERG(3,PL)	rɵsti
rot	V;PST;POS;TR;ABS(1,EXCL,DU);ERG(3,SG)	rɵsti
rot	V;PST;POS;TR;ABS(1,INCL,PL);ERG(3,DU)	roɔçtiki
rot	V;PST;POS;TR;ABS(2,DU);ERG(3,PL)	ʔirɵsti
rot	V;PST;POS;TR;ABS(2,SG);ERG(1,EXCL,PL)	ʔiroɔçtʌkʌ
rot	V;PST;POS;TR;ABS(3,PL);ERG(3,DU)	rɵstɛnu
rot	V;PST;POS;TR;ABS(3,SG);ERG(1,INCL,PL)	ʔiroɔçtiki
set	V;IMP;NEG;TR;ABS(2,DU);ERG(1,EXCL,DU)	musesuje
set	V;IMP;POS;TR;ABS(2,SG);ERG(3,DU)	sessuje
set	V;IMP;POS;TR;ABS(2,SG);ERG(3,SG)	sêjje
set	V;PRS;NEG;TR;ABS(1,INCL,DU);ERG(3,SG)	museʦi
set	V;PRS;NEG;TR;ABS(2,DU);ERG(3,DU)	mʌsesi
set	V;PRS;NEG;TR;ABS(2,SG);ERG(3,PL)	mʌsênnu
set	V;PRS;NEG;TR;ABS(3,PL);ERG(2,DU)	mʌseʦi
set	V;PRS;POS;TR;ABS(1,EXCL,PL);ERG(2,SG,FORM)	ʔisêː
set	V;PRS;POS;TR;ABS(1,INCL,DU);ERG(3,SG)	seʦi
set	V;PRS;POS;TR;ABS(1,SG);ERG(2,SG,FORM)	sêj
set	V;PST;NEG;TR;ABS(1,EXCL,PL);ERG(2,SG,FORM)	mʌseswɛ
set	V;PST;NEG;TR;ABS(1,INCL,DU);ERG(3,DU)	museswi
set	V;PST;POS;TR;ABS(1,INCL,DU);ERG(3,PL)	sesti
set	V;PST;POS;TR;ABS(2,PL);ERG(3,SG)	ʔisestɛnu
set	V;PST;POS;TR;ABS(2,SG);ERG(3,SG)	ʔisestɛ
set	V;PST;POS;TR;ABS(3,DU);ERG(1,EXCL,PL)	ʔiseçtʌkʌ
set	V;PST;POS;TR;ABS(3,DU);ERG(3,DU)	sestɛsu
set	V;PST;POS;TR;ABS(3,PL);ERG(1,EXCL,DU)	ʔisestu
set	V;PST;POS;TR;ABS(3,PL);ERG(1,INCL,DU)	ʔisesti
set	V;PST;POS;TR;ABS(3,PL);ERG(2,PL)	ʔisestɛnu
sit	V;IMP;NEG;TR;ABS(2,PL);ERG(3,PL)	musisnuje
sit	V;IMP;POS;TR;ABS(2,PL);ERG(3,PL)	sînnuje
sit	V;PRS;NEG;TR;ABS(1,EXCL,DU);ERG(2,SG,FORM)	mʌsîj
sit	V;PRS;NEG;TR;ABS(1,EXCL,DU);ERG(3,DU)	musiʦu
sit	V;PRS;NEG;TR;ABS(2,DU);ERG(3,SG)	mʌsîjsi
sit	V;PRS;NEG;TR;ABS(2,PL);ERG(1,EXCL,PL)	mʌsʌçkʌ
sit	V;PRS;NEG;TR;ABS(3,DU);ERG(1,EXCL,DU)	mʌsiʦu
sit	V;PRS;NEG;TR;ABS(3,DU);ERG(3,DU)	musînsu
sit	V;PRS;NEG;TR;ABS(3,SG);ERG(1,INCL,DU)	mʌsiʦi
sit	V;PRS;POS;TR;ABS(1,EXCL,PL);ERG(2,PL)	ʔisînni
sit	V;PRS;POS;TR;ABS(2,SG);ERG(3,SG)	ʔisʌ̂j
sit	V;PST;NEG;TR;ABS(1,EXCL,DU);ERG(2,SG,FORM)	mʌsiswɛ
sit	V;PST;NEG;TR;ABS(1,EXCL,PL);ERG(3,PL)	musiswʌkʌ
sit	V;PST;NEG;TR;ABS(2,DU);ERG(1,EXCL,DU)	mʌsisuwu
sit	V;PST;NEG;TR;ABS(2,DU);ERG(3,DU)	mʌsiswi
sit	V;PST;NEG;TR;ABS(2,PL);ERG(3,SG)	mʌsiswɛnu
sit	V;PST;NEG;TR;ABS(3,DU);ERG(1,EXCL,DU)	mʌsisuwu
sit	V;PST;NEG;TR;ABS(3,DU);ERG(1,EXCL,PL)	mʌsʌçwʌkʌ
sit	V;PST;NEG;TR;ABS(3,PL);ERG(3,SG)	musînwɛnu
sit	V;PST;POS;TR;ABS(2,PL);ERG(3,SG)	ʔisîntɛnu
tɛm	V;PRS;NEG;TR;ABS(1,EXCL,PL);ERG(2,SG,FORM)	mʌtɛm
tɛm	V;PRS;NEG;TR;ABS(2,DU);ERG(1,EXCL,DU)	mʌtɛmu
tɛm	V;PRS;NEG;TR;ABS(2,DU);ERG(3,PL)	mʌtɛmi
tɛm	V;PRS;NEG;TR;ABS(2,PL);ERG(1,EXCL,DU)	mʌtɛmu
tɛm	V;PRS;NEG;TR;ABS(2,PL);ERG(3,SG)	mʌtɛmni
tɛm	V;PRS;NEG;TR;ABS(3,DU);ERG(1,INCL,PL)	mʌtɛmki
tɛm	V;PRS;NEG;TR;ABS(3,PL);ERG(1,INCL,DU)	mʌtɛmi
tɛm	V;PRS;POS;TR;ABS(1,EXCL,PL);ERG(2,DU)	ʔitɛmi
tɛm	V;PRS;POS;TR;ABS(1,EXCL,PL);ERG(3,DU)	tɛmkʌ
tɛm	V;PRS;POS;TR;ABS(2,PL);ERG(1,SG)	ʔitɛmŋʌnu
tɛm	V;PRS;POS;TR;ABS(2,PL);ERG(3,PL)	ʔitɛ̂mni
tɛm	V;PRS;POS;TR;ABS(2,SG);ERG(3,PL)	ʔitɛ̂mnu
tɛm	V;PRS;POS;TR;ABS(3,DU);ERG(3,DU)	tɛ̂msu
tɛm	V;PST;NEG;TR;ABS(3,DU);ERG(3,PL)	mutɛ̂mwɛnu
tɛm	V;PST;NEG;TR;ABS(3,PL);ERG(2,SG,FORM)	mʌtɛ̂mwɛ
tɛm	V;PST;POS;TR;ABS(1,EXCL,DU);ERG(2,PL)	ʔitɛ̂mtɛnu
tɛm	V;PST;POS;TR;ABS(1,INCL,DU);ERG(3,DU)	tɛmiti
tɛm	V;PST;POS;TR;ABS(1,INCL,PL);ERG(3,DU)	tɛmtiki
tɛm	V;PST;POS;TR;ABS(3,DU);ERG(1,INCL,DU)	ʔitɛmiti
tɛm	V;PST;POS;TR;ABS(3,DU);ERG(2,PL)	ʔitɛ̂mtɛnnu
tʰint	V;IMP;NEG;TR;ABS(2,DU);ERG(1,EXCL,DU)	mutʰiːʦuje
tʰint	V;IMP;NEG;TR;ABS(2,DU);ERG(3,DU)	mutʰiːʦije
tʰint	V;IMP;NEG;TR;ABS(2,PL);ERG(3,DU)	mutʰʌjnuje
tʰint	V;IMP;NEG;TR;ABS(2,SG);ERG(3,PL)	mutʰʌjnuje
tʰint	V;IMP;NEG;TR;ABS(2,SG);ERG(3,SG)	mutʰiːsnuje
tʰint	V;PRS;NEG;TR;ABS(1,SG);ERG(3,DU)	mutʰʌ̂nsu
tʰint	V;PRS;NEG;TR;ABS(1,SG);ERG(3,SG)	mutʰʌjŋʌ
tʰint	V;PRS;NEG;TR;ABS(3,DU);ERG(1,INCL,PL)	mʌtʰʌjki
tʰint	V;PRS;NEG;TR;ABS(3,DU);ERG(2,DU)	mʌtʰiːʦi
tʰint	V;PRS;NEG;TR;ABS(3,PL);ERG(3,SG)	mutʰʌ̂nnu
tʰint	V;PRS;NEG;TR;ABS(3,SG);ERG(3,DU)	mutʰʌ̂nsu
tʰint	V;PRS;POS;TR;ABS(1,EXCL,PL);ERG(3,SG)	tʰʌjkʌ
tʰint	V;PRS;POS;TR;ABS(1,INCL,PL);ERG(3,SG)	tʰʌjki
tʰint	V;PRS;POS;TR;ABS(1,SG);ERG(3,SG)	tʰʌjŋʌ
tʰint	V;PST;NEG;TR;ABS(3,DU);ERG(2,PL)	mʌtʰîːswɛnu
tʰint	V;PST;NEG;TR;ABS(3,PL);ERG(2,DU)	mʌtʰiːswi
tʰint	V;PST;POS;TR;ABS(1,EXCL,DU);ERG(2,DU)	ʔitʰiːsti
tʰint	V;PST;POS;TR;ABS(3,DU);ERG(1,EXCL,DU)	ʔitʰiːstu
tʰint	V;PST;POS;TR;ABS(3,DU);ERG(2,SG,FORM)	ʔitʰiːstɛ
tʰint	V;PST;POS;TR;ABS(3,PL);ERG(3,SG)	tʰʌ̂ntɛnu
tʰol	V;IMP;NEG;TR;ABS(2,PL);ERG(1,EXCL,DU)	mutʰɵluje
tʰol	V;IMP;NEG;TR;ABS(2,SG);ERG(3,PL)	mutʰɵlnuje
tʰol	V;PRS;NEG;TR;ABS(1,EXCL,DU);ERG(3,PL)	mutʰɵlu
tʰol	V;PRS;NEG;TR;ABS(1,SG);ERG(3,SG)	mutʰoɔlŋʌ
tʰol	V;PRS;NEG;TR;ABS(2,DU);ERG(1,EXCL,DU)	mʌtʰɵlu
tʰol	V;PRS;POS;TR;ABS(1,EXCL,DU);ERG(3,SG)	tʰɵlu
tʰol	V;PRS;POS;TR;ABS(1,INCL,DU);ERG(3,DU)	tʰɵli
tʰol	V;PRS;POS;TR;ABS(1,INCL,DU);ERG(3,PL)	tʰɵli
tʰol	V;PRS;POS;TR;ABS(1,SG);ERG(3,PL)	tʰoɔlnu
tʰol	V;PRS;POS;TR;ABS(3,DU);ERG(3,SG)	tʰoɔlsu
tʰol	V;PRS;POS;TR;ABS(3,PL);ERG(2,DU)	ʔitʰɵli
tʰol	V;PST;NEG;TR;ABS(1,EXCL,DU);ERG(3,PL)	mutʰɵliwi
tʰol	V;PST;NEG;TR;ABS(2,PL);ERG(1,EXCL,DU)	mʌtʰɵluwu
tʰol	V;PST;NEG;TR;ABS(3,DU);ERG(1,INCL,DU)	mʌtʰɵliwi
tʰol	V;PST;NEG;TR;ABS(3,SG);ERG(2,PL)	mʌtʰoɔlwɛnu
tʰol	V;PST;POS;TR;ABS(1,EXCL,PL);ERG(2,DU)	ʔitʰɵliti
tʰol	V;PST;POS;TR;ABS(1,INCL,PL);ERG(3,DU)	tʰoɔltiki
tʰol	V;PST;POS;TR;ABS(2,PL);ERG(3,SG)	ʔitʰoɔltɛnu
tʰol	V;PST;POS;TR;ABS(3,DU);ERG(1,INCL,PL)	ʔitʰoɔltiki
tʰol	V;PST;POS;TR;ABS(3,DU);ERG(1,SG)	ʔitʰɵlʌtʌsu
tʰɛpt	V;IMP;POS;TR;ABS(2,SG);ERG(3,DU)	tʰɛpije
tʰɛpt	V;PRS;NEG;TR;ABS(1,EXCL,PL);ERG(2,PL)	mʌtʰɛpni
tʰɛpt	V;PRS;NEG;TR;ABS(3,DU);ERG(1,INCL,PL)	mʌtʰɛpki
tʰɛpt	V;PRS;NEG;TR;ABS(3,SG);ERG(1,INCL,DU)	mʌtʰɛpi
tʰɛpt	V;PRS;POS;TR;ABS(1,EXCL,PL);ERG(3,SG)	tʰɛpkʌ
tʰɛpt	V;PRS;POS;TR;ABS(2,DU);ERG(1,SG)	ʔitʰɛpŋʌsu
tʰɛpt	V;PRS;POS;TR;ABS(2,PL);ERG(3,SG)	ʔitʰɛ̂mni
tʰɛpt	V;PRS;POS;TR;ABS(3,DU);ERG(1,INCL,PL)	ʔitʰɛpki
tʰɛpt	V;PRS;POS;TR;ABS(3,SG);ERG(1,EXCL,PL)	ʔitʰɛpkʌ
tʰɛpt	V;PRS;POS;TR;ABS(3,SG);ERG(1,INCL,DU)	ʔitʰɛpi
tʰɛpt	V;PST;NEG;TR;ABS(1,EXCL,DU);ERG(3,PL)	mutʰɛpiwi
tʰɛpt	V;PST;NEG;TR;ABS(1,INCL,DU);ERG(3,SG)	mutʰɛpiwi
tʰɛpt	V;PST;NEG;TR;ABS(3,PL);ERG(2,SG,FORM)	mʌtʰɛpwɛ
tʰɛpt	V;PST;POS;TR;ABS(1,EXCL,DU);ERG(3,SG)	tʰɛpiti
tʰɛpt	V;PST;POS;TR;ABS(1,SG);ERG(3,DU)	tʰɛptʌsu
tʰɛpt	V;PST;POS;TR;ABS(2,PL);ERG(3,PL)	ʔitʰɛptɛnu
tʰɛpt	V;PST;POS;TR;ABS(3,DU);ERG(3,DU)	tʰɛptɛsu
tʰɛpt	V;PST;POS;TR;ABS(3,PL);ERG(1,EXCL,DU)	ʔitʰɛputu
tʰɛpt	V;PST;POS;TR;ABS(3,PL);ERG(2,SG,FORM)	ʔitʰɛptɛ
tʰɛpt	V;PST;POS;TR;ABS(3,SG);ERG(1,EXCL,PL)	ʔitʰɛptʌkʌ
wɛn	V;IMP;NEG;INTR;ABS(2,SG)	muwɛːʦe
wɛn	V;IMP;POS;INTR;ABS(2,DU)	wɛːʦije
wɛn	V;NFIN;POS;INTR	wɛːnɛ
wɛn	V;PRS;NEG;INTR;ABS(1,EXCL,DU)	muwɛːʦu
wɛn	V;PRS;NEG;INTR;ABS(1,EXCL,PL)	muwɛjkʌ
wɛn	V;PRS;NEG;INTR;ABS(1,INCL,DU)	muwɛːʦi
wɛn	V;PRS;NEG;INTR;ABS(2,SG)	mʌwɛ̂ː
wɛn	V;PRS;NEG;INTR;ABS(3,DU)	muwɛːʦi
wɛn	V;PRS;POS;INTR;ABS(1,EXCL,PL)	wɛjkʌ
wɛn	V;PRS;POS;INTR;ABS(1,INCL,PL)	wɛjki
wɛn	V;PRS;POS;INTR;ABS(3,DU)	wɛːʦi
wɛn	V;PRS;POS;INTR;ABS(3,PL)	wɛ̂ːnnu
wɛn	V;PST;NEG;INTR;ABS(1,INCL,DU)	muwɛːswi
wɛn	V;PST;NEG;INTR;ABS(2,SG)	mʌwɛ̂ːswɛ
wɛn	V;PST;POS;INTR;ABS(1,INCL,DU)	wɛːsti
wɛn	V;PST;POS;INTR;ABS(1,SG)	wɛ̂ːstɛ
wɛn	V;PST;POS;INTR;ABS(2,PL)	ʔiwɛ̂ːstɛnu
wɛn	V;PST;POS;INTR;ABS(2,SG)	ʔiwɛ̂ːstɛ
wɛn	V;PST;POS;INTR;ABS(3,DU)	wɛːsti
wɛn	V;PST;POS;INTR;ABS(3,SG)	wɛ̂ːstɛ
ɦip	V;IMP;NEG;TR;ABS(2,DU);ERG(1,EXCL,DU)	muɦipuje
ɦip	V;IMP;POS;TR;ABS(2,DU);ERG(3,SG)	ɦipije
ɦip	V;PRS;NEG;TR;ABS(1,SG);ERG(2,SG,FORM)	muɦîːp
ɦip	V;PRS;NEG;TR;ABS(3,SG);ERG(1,EXCL,DU)	mʌɦipu
ɦip	V;PRS;NEG;TR;ABS(3,SG);ERG(2,DU)	mʌɦipi
ɦip	V;PRS;NEG;TR;ABS(3,SG);ERG(3,SG)	muɦîːp
ɦip	V;PRS;POS;TR;ABS(1,EXCL,DU);ERG(2,DU)	ʔiɦipi
ɦip	V;PRS;POS;TR;ABS(1,EXCL,PL);ERG(2,DU)	ʔiɦipi
ɦip	V;PRS;POS;TR;ABS(2,DU);ERG(1,SG)	ʔiɦʌ̂mŋʌsu
ɦip	V;PST;NEG;TR;ABS(1,INCL,PL);ERG(3,SG)	muɦipwiki
ɦip	V;PST;NEG;TR;ABS(1,SG);ERG(3,DU)	muɦʌpwʌsu
ɦip	V;PST;NEG;TR;ABS(2,SG);ERG(3,PL)	mʌɦipwɛnu
ɦip	V;PST;NEG;TR;ABS(3,DU);ERG(3,DU)	muɦîːpwɛsu
ɦip	V;PST;NEG;TR;ABS(3,PL);ERG(3,DU)	muɦipwɛnu
ɦip	V;PST;NEG;TR;ABS(3,SG);ERG(1,EXCL,DU)	mʌɦipuwu
ɦip	V;PST;NEG;TR;ABS(3,SG);ERG(2,DU)	mʌɦipiwi
ɦip	V;PST;POS;TR;ABS(1,EXCL,DU);ERG(3,PL)	ɦipiti
ɦip	V;PST;POS;TR;ABS(1,EXCL,PL);ERG(2,DU)	ʔiɦipiti
ɦip	V;PST;POS;TR;ABS(1,EXCL,PL);ERG(3,DU)	ɦiptʌkʌ
ɦip	V;PST;POS;TR;ABS(3,DU);ERG(2,PL)	ʔiɦiptɛnu
ɦont	V;IMP;POS;TR;ABS(2,SG);ERG(3,SG)	ɦɵːʦe
ɦont	V;PRS;NEG;TR;ABS(1,EXCL,DU);ERG(2,DU)	mʌɦɵːʦi
ɦont	V;PRS;NEG;TR;ABS(1,SG);ERG(2,DU)	muɦɵːʦi
ɦont	V;PRS;NEG;TR;ABS(2,SG);ERG(3,SG)	mʌɦoɔj
ɦont	V;PRS;NEG;TR;ABS(3,DU);ERG(1,EXCL,DU)	mʌɦɵːʦu
ɦont	V;PRS;NEG;TR;ABS(3,DU);ERG(1,INCL,DU)	mʌɦɵːʦi
ɦont	V;PRS;NEG;TR;ABS(3,DU);ERG(2,SG,FORM)	mʌɦoɔj
ɦont	V;PRS;NEG;TR;ABS(3,SG);ERG(1,SG)	mʌɦoɔjŋʌ
ɦont	V;PRS;POS;TR;ABS(1,EXCL,PL);ERG(2,DU)	ʔiɦɵːʦi
ɦont	V;PRS;POS;TR;ABS(2,PL);ERG(1,EXCL,DU)	ʔiɦɵːʦu
ɦont	V;PRS;POS;TR;ABS(2,PL);ERG(3,DU)	ʔiɦoɔjni
ɦont	V;PRS;POS;TR;ABS(2,SG);ERG(1,EXCL,PL)	ʔiɦoɔjkʌ
ɦont	V;PRS;POS;TR;ABS(2,SG);ERG(3,DU)	ʔiɦoɔ̂nsu
ɦont	V;PRS;POS;TR;ABS(3,PL);ERG(2,DU)	ʔiɦɵːʦi
ɦont	V;PST;NEG;TR;ABS(2,PL);ERG(3,PL)	mʌɦɵ̂ːswɛnu
ɦont	V;PST;NEG;TR;ABS(2,SG);ERG(1,EXCL,PL)	mʌɦoɔjwʌkʌ
ɦont	V;PST;NEG;TR;ABS(3,DU);ERG(1,EXCL,PL)	mʌɦoɔjwʌkʌ
ɦont	V;PST;POS;TR;ABS(2,SG);ERG(1,EXCL,DU)	ʔiɦɵːstu
ɦont	V;PST;POS;TR;ABS(3,PL);ERG(2,PL)	ʔiɦɵ̂ːstɛnu
ɦont	V;PST;POS;TR;ABS(3,SG);ERG(3,SG)	ɦoɔ̂ntɛ
ɦɛm	V;IMP;NEG;TR;ABS(2,PL);ERG(1,EXCL,DU)	muɦɛmuje
ɦɛm	V;IMP;NEG;TR;ABS(2,SG);ERG(3,SG)	muɦɛmnuje
ɦɛm	V;IMP;POS;TR;ABS(2,PL);ERG(3,SG)	ɦɛmnuje
ɦɛm	V;PRS;NEG;TR;ABS(1,EXCL,DU);ERG(3,DU)	muɦɛmu
ɦɛm	V;PRS;NEG;TR;ABS(1,SG);ERG(2,SG,FORM)	muɦɛ̂m
ɦɛm	V;PRS;NEG;TR;ABS(2,DU);ERG(1,EXCL,PL)	mʌɦɛmkʌ
ɦɛm	V;PRS;NEG;TR;ABS(3,DU);ERG(1,EXCL,DU)	mʌɦɛmu
ɦɛm	V;PRS;NEG;TR;ABS(3,DU);ERG(1,EXCL,PL)	mʌɦɛmkʌ
ɦɛm	V;PRS;NEG;TR;ABS(3,DU);ERG(1,INCL,DU)	mʌɦɛmi
ɦɛm	V;PRS;NEG;TR;ABS(3,SG);ERG(2,SG,FORM)	mʌɦɛm
ɦɛm	V;PRS;POS;TR;ABS(1,SG);ERG(2,PL)	stá ɦɛ̂mni
ɦɛm	V;PRS;POS;TR;ABS(2,PL);ERG(3,DU)	ʔiɦɛmni
ɦɛm	V;PST;NEG;TR;ABS(1,INCL,PL);ERG(3,PL)	muɦɛmwiki
ɦɛm	V;PST;NEG;TR;ABS(1,SG);ERG(3,DU)	muɦɛ̂mwɛsu
ɦɛm	V;PST;NEG;TR;ABS(3,DU);ERG(1,INCL,DU)	mʌɦɛmiwi
ɦɛm	V;PST;NEG;TR;ABS(3,SG);ERG(1,EXCL,DU)	mʌɦɛmuwu
ɦɛm	V;PST;POS;TR;ABS(1,EXCL,PL);ERG(2,DU)	ʔiɦɛmiti
ɦɛm	V;PST;POS;TR;ABS(1,INCL,DU);ERG(3,SG)	ɦɛmiti
ɦɛm	V;PST;POS;TR;ABS(2,PL);ERG(1,EXCL,PL)	ʔiɦɛmtʌkʌ
ɦɛm	V;PST;POS;TR;ABS(3,DU);ERG(2,PL)	ʔiɦɛ̂mtɛnu
ʔi	V;IMP;NEG;INTR;ABS(2,PL)	muʔinnuje
ʔi	V;IMP;NEG;INTR;ABS(2,SG)	muʔiːje
ʔi	V;IMP;POS;INTR;ABS(2,DU)	ʔiːʦije
ʔi	V;IMP;POS;INTR;ABS(2,SG)	ʔiːje
ʔi	V;NFIN;POS;INTR	ʔiʔi
ʔi	V;PRS;NEG;INTR;ABS(1,EXCL,PL)	muʔikʌ
ʔi	V;PRS;NEG;INTR;ABS(1,INCL,DU)	muʔiji
ʔi	V;PRS;NEG;INTR;ABS(1,INCL,PL)	muʔiki
ʔi	V;PRS;NEG;INTR;ABS(2,SG)	mʌʔi
ʔi	V;PRS;NEG;INTR;ABS(3,PL)	muʔinu
ʔi	V;PRS;POS;INTR;ABS(1,EXCL,PL)	ʔiʔikʌ
ʔi	V;PRS;POS;INTR;ABS(1,INCL,DU)	ʔiʔiji
ʔi	V;PRS;POS;INTR;ABS(2,PL)	ʔiʔini
ʔi	V;PRS;POS;INTR;ABS(2,SG)	ʔiʔi
ʔi	V;PRS;POS;INTR;ABS(3,PL)	ʔiʔinu
ʔi	V;PST;NEG;INTR;ABS(1,EXCL,PL)	muʔikwʌkʌ
ʔi	V;PST;NEG;INTR;ABS(3,SG)	muʔiwɛ
ʔi	V;PST;POS;INTR;ABS(1,EXCL,PL)	ʔiʔiktʌkʌ
ʔi	V;PST;POS;INTR;ABS(1,SG)	ʔiʔitʌ
ʔi	V;PST;POS;INTR;ABS(2,DU)	ʔiʔiti
ʔok	V;IMP;NEG;INTR;ABS(2,SG)	muʔɵknuje
ʔok	V;NFIN;POS;INTR	ʔɵknɛ
ʔok	V;PRS;NEG;INTR;ABS(1,INCL,PL)	muʔokki
ʔok	V;PRS;NEG;INTR;ABS(2,DU)	mʌʔɵki
ʔok	V;PRS;NEG;INTR;ABS(2,PL)	mʌʔôːni
ʔok	V;PRS;NEG;INTR;ABS(2,SG)	mʌʔôː
ʔok	V;PRS;NEG;INTR;ABS(3,DU)	muʔɵki
ʔok	V;PRS;POS;INTR;ABS(1,INCL,DU)	ʔɵki
ʔok	V;PRS;POS;INTR;ABS(1,INCL,PL)	ʔokki
ʔok	V;PRS;POS;INTR;ABS(2,DU)	ʔiʔɵki
ʔok	V;PRS;POS;INTR;ABS(3,PL)	ʔôːnu
ʔok	V;PRS;POS;INTR;ABS(3,SG)	ʔôː
ʔok	V;PST;NEG;INTR;ABS(1,INCL,PL)	muʔokwiki
ʔok	V;PST;NEG;INTR;ABS(2,DU)	mʌʔɵkiwi
ʔok	V;PST;NEG;INTR;ABS(2,PL)	mʌʔɵ̂ːwɛnu
ʔok	V;PST;POS;INTR;ABS(1,EXCL,DU)	ʔɵkutu
ʔok	V;PST;POS;INTR;ABS(1,SG)	ʔôːktɛ
ʔok	V;PST;POS;INTR;ABS(2,PL)	ʔiʔɵktɛnu
ʔok	V;PST;POS;INTR;ABS(3,DU)	ʔɵkiti
ʔok	V;PST;POS;INTR;ABS(3,SG)	ʔɵktɛ
ʔont	V;IMP;NEG;TR;ABS(2,PL);ERG(1,EXCL,PL)	muʔoɔjkʌje
ʔont	V;IMP;POS;TR;ABS(2,DU);ERG(1,EXCL,PL)	ʔoɔjkʌje
ʔont	V;IMP;POS;TR;ABS(2,PL);ERG(3,SG)	ʔɵːsnuje
ʔont	V;IMP;POS;TR;ABS(2,SG);ERG(3,SG)	ʔɵːʦe
ʔont	V;PRS;NEG;TR;ABS(2,SG);ERG(3,SG)	mʌʔoɔ̂ntɛ
ʔont	V;PRS;NEG;TR;ABS(3,DU);ERG(1,EXCL,PL)	mʌʔoɔjkʌ
ʔont	V;PRS;NEG;TR;ABS(3,DU);ERG(2,DU)	mʌʔɵːʦi
ʔont	V;PRS;NEG;TR;ABS(3,PL);ERG(3,DU)	muʔoɔ̂nnu
ʔont	V;PRS;NEG;TR;ABS(3,SG);ERG(3,SG)	muʔoɔ̂ntɛ
ʔont	V;PRS;POS;TR;ABS(1,EXCL,DU);ERG(2,DU)	ʔiʔɵːʦi
ʔont	V;PRS;POS;TR;ABS(1,EXCL,PL);ERG(2,PL)	ʔiʔoɔjni
ʔont	V;PRS;POS;TR;ABS(1,SG);ERG(2,PL)	ʔiʔoɔ̂nnu
ʔont	V;PRS;POS;TR;ABS(1,SG);ERG(3,DU)	ʔoɔ̂nsu
ʔont	V;PRS;POS;TR;ABS(3,DU);ERG(3,SG)	ʔoɔ̂nsu
ʔont	V;PRS;POS;TR;ABS(3,PL);ERG(1,EXCL,DU)	ʔiʔɵːʦu
ʔont	V;PST;NEG;TR;ABS(1,EXCL,PL);ERG(2,DU)	mʌʔɵːswi
ʔont	V;PST;NEG;TR;ABS(1,SG);ERG(2,PL)	muʔɵ̂ːswɛnu
ʔont	V;PST;NEG;TR;ABS(3,DU);ERG(2,PL)	mʌʔɵ̂ːswɛnu
ʔont	V;PST;POS;TR;ABS(2,SG);ERG(3,SG)	ʔiʔoɔ̂ntɛ
ʔont	V;PST;POS;TR;ABS(3,PL);ERG(2,SG,FORM)	ʔiʔɵːstɛ
ʦik	V;IMP;NEG;INTR;ABS(2,PL)	muʦiknuje
ʦik	V;NFIN;POS;INTR	ʦiknɛ
ʦik	V;PRS;NEG;INTR;ABS(1,EXCL,PL)	muʦikkʌ
ʦik	V;PRS;NEG;INTR;ABS(1,SG)	muʦîːŋʌ
ʦik	V;PRS;NEG;INTR;ABS(2,DU)	mʌʦiki
ʦik	V;PRS;NEG;INTR;ABS(2,SG)	mʌʦîː
ʦik	V;PRS;NEG;INTR;ABS(3,DU)	muʦiki
ʦik	V;PRS;POS;INTR;ABS(1,EXCL,DU)	ʦiku
ʦik	V;PRS;POS;INTR;ABS(1,EXCL,PL)	ʦikkʌ
ʦik	V;PRS;POS;INTR;ABS(1,INCL,PL)	ʦikki
ʦik	V;PRS;POS;INTR;ABS(2,SG)	ʔiʦîː
ʦik	V;PRS;POS;INTR;ABS(3,DU)	ʦîːksu
ʦik	V;PRS;POS;INTR;ABS(3,SG)	ʦîː
ʦik	V;PST;NEG;INTR;ABS(1,EXCL,DU)	muʦikuwu
ʦik	V;PST;NEG;INTR;ABS(1,INCL,DU)	muʦikiwi
ʦik	V;PST;NEG;INTR;ABS(1,INCL,PL)	muʦikwiki
ʦik	V;PST;NEG;INTR;ABS(2,PL)	mʌʦîːwɛnu
ʦik	V;PST;NEG;INTR;ABS(2,SG)	mʌʦikwɛ
ʦik	V;PST;POS;INTR;ABS(1,EXCL,PL)	ʦiktʌkʌ
ʦik	V;PST;POS;INTR;ABS(3,PL)	ʦîːktɛnu
ʦir	V;IMP;NEG;TR;ABS(2,PL);ERG(3,DU)	muʦirnuje
ʦir	V;PRS;NEG;REFL;ABS(1,EXCL,DU)	muʦiru
ʦir	V;PRS;NEG;REFL;ABS(1,EXCL,PL)	muʦirkʌ
ʦir	V;PRS;NEG;REFL;ABS(1,INCL,DU)	muʦiri
ʦir	V;PRS;NEG;TR;ABS(1,EXCL,DU);ERG(2,PL)	mʌʦirni
ʦir	V;PRS;NEG;TR;ABS(3,PL);ERG(3,DU)	muʦîrnu
ʦir	V;PRS;POS;TR;ABS(1,EXCL,DU);ERG(2,PL)	ʔiʦirni
ʦir	V;PRS;POS;TR;ABS(2,DU);ERG(1,EXCL,DU)	ʔiʦiru
ʦir	V;PRS;POS;TR;ABS(2,SG);ERG(1,EXCL,DU)	ʔiʦiru
ʦir	V;PRS;POS;TR;ABS(3,DU);ERG(1,INCL,PL)	ʔiʦirki
ʦir	V;PRS;POS;TR;ABS(3,SG);ERG(1,EXCL,PL)	ʔiʦirkʌ
ʦir	V;PRS;POS;TR;ABS(3,SG);ERG(3,PL)	ʦîrnu
ʦir	V;PST;NEG;TR;ABS(2,DU);ERG(3,PL)	mʌʦiriwi
ʦir	V;PST;NEG;TR;ABS(3,DU);ERG(3,DU)	muʦîrwɛsu
ʦir	V;PST;NEG;TR;ABS(3,PL);ERG(3,DU)	muʦîrwɛnu
ʦir	V;PST;POS;TR;ABS(1,EXCL,DU);ERG(3,SG)	ʦiriti
ʦir	V;PST;POS;TR;ABS(1,INCL,PL);ERG(3,DU)	ʦirtiki
ʦir	V;PST;POS;TR;ABS(1,SG);ERG(2,PL)	ʦîrtɛnnu
ʦir	V;PST;POS;TR;ABS(1,SG);ERG(3,PL)	ʦîrtɛnu
ʦir	V;PST;POS;TR;ABS(3,PL);ERG(1,EXCL,PL)	ʔiʦirtʌkʌ
ʦʰop	V;IMP;NEG;TR;ABS(2,DU);ERG(3,SG)	muʦʰɵpije
ʦʰop	V;PRS;NEG;TR;ABS(1,EXCL,DU);ERG(3,SG)	muʦʰɵpu
ʦʰop	V;PRS;NEG;TR;ABS(2,DU);ERG(1,EXCL,DU)	mʌʦʰɵpu
ʦʰop	V;PRS;NEG;TR;ABS(2,PL);ERG(1,EXCL,PL)	mʌʦʰoɔpkʌ
ʦʰop	V;PRS;NEG;TR;ABS(3,DU);ERG(2,SG,FORM)	mʌʦʰoɔp
ʦʰop	V;PRS;NEG;TR;ABS(3,DU);ERG(3,PL)	muʦʰoɔpnu
ʦʰop	V;PRS;POS;TR;ABS(1,EXCL,PL);ERG(2,DU)	ʔiʦʰɵpi
ʦʰop	V;PRS;POS;TR;ABS(1,EXCL,PL);ERG(2,PL)	ʔiʦʰoɔpni
ʦʰop	V;PRS;POS;TR;ABS(1,INCL,PL);ERG(3,PL)	ʦʰoɔpki
ʦʰop	V;PRS;POS;TR;ABS(3,DU);ERG(3,PL)	ʦʰoɔpnu
ʦʰop	V;PRS;POS;TR;ABS(3,PL);ERG(1,INCL,PL)	ʔiʦʰoɔpki
ʦʰop	V;PRS;POS;TR;ABS(3,SG);ERG(1,INCL,PL)	ʔiʦʰoɔpki
ʦʰop	V;PRS;POS;TR;ABS(3,SG);ERG(3,SG)	ʦʰoɔ̂msu
ʦʰop	V;PST;NEG;TR;ABS(1,EXCL,DU);ERG(2,SG,FORM)	mʌʦʰɵpwɛ
ʦʰop	V;PST;NEG;TR;ABS(3,DU);ERG(1,INCL,DU)	mʌʦʰɵpiwi
ʦʰop	V;PST;NEG;TR;ABS(3,DU);ERG(3,PL)	muʦʰɵpwɛnu
ʦʰop	V;PST;NEG;TR;ABS(3,PL);ERG(1,SG)	mʌʦʰɵpʌwʌnu
ʦʰop	V;PST;POS;TR;ABS(1,EXCL,PL);ERG(3,PL)	ʦʰoɔptʌkʌ
ʦʰop	V;PST;POS;TR;ABS(1,SG);ERG(2,PL)	ʦʰoɔptɛnu
ʦʰop	V;PST;POS;TR;ABS(3,PL);ERG(3,SG)	ʦʰoɔptɛnu
ʦʰɛtt	V;IMP;NEG;REFL;ABS(2,PL)	muʦʰɛsnuje
ʦʰɛtt	V;IMP;POS;TR;ABS(2,PL);ERG(1,EXCL,PL)	ʦʰɛçkʌje
ʦʰɛtt	V;IMP;POS;TR;ABS(2,PL);ERG(1,SG)	ʦʰɛʦʌnuje
ʦʰɛtt	V;PRS;NEG;TR;ABS(1,EXCL,PL);ERG(3,SG)	muʦʰɛçkʌ
ʦʰɛtt	V;PRS;POS;TR;ABS(1,EXCL,PL);ERG(3,DU)	ʦʰɛçkʌ
ʦʰɛtt	V;PRS;POS;TR;ABS(1,INCL,PL);ERG(3,PL)	ʦʰɛçki
ʦʰɛtt	V;PRS;POS;TR;ABS(2,DU);ERG(1,EXCL,PL)	ʔiʦʰɛçkʌ
ʦʰɛtt	V;PRS;POS;TR;ABS(2,SG);ERG(3,DU)	ʔiʦʰɛtsu
ʦʰɛtt	V;PRS;POS;TR;ABS(3,DU);ERG(2,PL)	ʔiʦʰɛ̂nni
ʦʰɛtt	V;PRS;POS;TR;ABS(3,PL);ERG(3,PL)	ʦʰɛ̂nnu
ʦʰɛtt	V;PST;NEG;TR;ABS(1,INCL,PL);ERG(3,PL)	muʦʰɛswiki
ʦʰɛtt	V;PST;NEG;TR;ABS(3,SG);ERG(3,DU)	muʦʰɛtwɛsu
ʦʰɛtt	V;PST;POS;REFL;ABS(1,EXCL,PL)	ʦʰɛçtʌkʌ
ʦʰɛtt	V;PST;POS;TR;ABS(1,EXCL,DU);ERG(2,PL)	ʔiʦʰɛstɛnu
ʦʰɛtt	V;PST;POS;TR;ABS(1,EXCL,PL);ERG(2,SG,FORM)	ʔiʦʰɛstɛ
ʦʰɛtt	V;PST;POS;TR;ABS(1,SG);ERG(2,PL)	ʦʰɛstɛnu
ʦʰɛtt	V;PST;POS;TR;ABS(2,PL);ERG(3,PL)	ʔiʦʰɛstɛnu
ʦʰɛtt	V;PST;POS;TR;ABS(3,DU);ERG(3,PL)	ʦʰɛttɛnu
ʦʰɛtt	V;PST;POS;TR;ABS(3,PL);ERG(1,EXCL,DU)	ʔiʦʰɛstu
ʦʰɛtt	V;PST;POS;TR;ABS(3,PL);ERG(1,INCL,PL)	ʔiʦʰɛçtiki
accuracy:0.659