adiníłdíín	V;IND;PFV;NOM(1,GRPL)	deiildiiʼ
adiníłdíín	V;IND;PFV;NOM(1,PL)	adiildiin
adiníłdíín	V;IND;PFV;NOM(1,SG)	ííníłdiin
adiníłdíín	V;IND;PFV;NOM(2,GRPL)	dasoołdiin
adiníłdíín	V;IND;PFV;NOM(2,PL)	adoołdiin
adiníłdíín	V;IND;PFV;NOM(2,SG)	ííníłdiin
adiníłdíín	V;IND;PFV;NOM(3,GRPL)	daadiníłdiin
adiníłdíín	V;IND;PFV;NOM(3,PL)	adiníłdiin
adiníłdíín	V;IND;PFV;NOM(3,SG)	adiníłdiin
adiníłdíín	V;IND;PFV;NOM(4,GRPL)	dajííníłdiin
adiníłdíín	V;IND;PFV;NOM(4,PL)	ajííłdiin
adiníłdíín	V;IND;PFV;NOM(4,SG)	ajííníłdiin
aheełtʼé	V;IND;PFV;NOM(1,GRPL)	daʼiiltʼééʼ
aheełtʼé	V;IND;PFV;NOM(1,PL)	ahiiltʼé
aheełtʼé	V;IND;PFV;NOM(1,SG)	ahííłtʼé
aheełtʼé	V;IND;PFV;NOM(2,GRPL)	daʼoołtʼééʼ
aheełtʼé	V;IND;PFV;NOM(2,PL)	ahoołtʼé
aheełtʼé	V;IND;PFV;NOM(2,SG)	ahííłtʼé
aheełtʼé	V;IND;PFV;NOM(3,GRPL)	adahííłtʼé
aheełtʼé	V;IND;PFV;NOM(3,PL)	ahííłtʼé
aheełtʼé	V;IND;PFV;NOM(3,SG)	ahííłtʼé
aheełtʼé	V;IND;PFV;NOM(4,GRPL)	adazhdoołtʼé
aheełtʼé	V;IND;PFV;NOM(4,PL)	ajííłtʼé
aheełtʼé	V;IND;PFV;NOM(4,SG)	ajííłtʼé
diłhił	V;IND;PFV;NOM(1,GRPL)	dadiilghil
diłhił	V;IND;PFV;NOM(1,PL)	diilghil
diłhił	V;IND;PFV;NOM(1,SG)	dííłhił
diłhił	V;IND;PFV;NOM(2,GRPL)	dadoołhil
diłhił	V;IND;PFV;NOM(2,PL)	doołhił
diłhił	V;IND;PFV;NOM(2,SG)	dííłhił
diłhił	V;IND;PFV;NOM(3,GRPL)	dadeiłhił
diłhił	V;IND;PFV;NOM(3,PL)	diłhił
diłhił	V;IND;PFV;NOM(3,SG)	diłhił
diłhił	V;IND;PFV;NOM(4,GRPL)	dajííłhil
diłhił	V;IND;PFV;NOM(4,PL)	jííłhił
diłhił	V;IND;PFV;NOM(4,SG)	jííłhił
diʼil	V;IND;PFV;NOM(1,GRPL)	dadiilʼil
diʼil	V;IND;PFV;NOM(1,PL)	diilʼil
diʼil	V;IND;PFV;NOM(1,SG)	dííʼil
diʼil	V;IND;PFV;NOM(2,GRPL)	dadoohʼil
diʼil	V;IND;PFV;NOM(2,PL)	dooʼil
diʼil	V;IND;PFV;NOM(2,SG)	dííʼil
diʼil	V;IND;PFV;NOM(3,GRPL)	dadiʼil
diʼil	V;IND;PFV;NOM(3,PL)	diʼil
diʼil	V;IND;PFV;NOM(3,SG)	diʼil
diʼil	V;IND;PFV;NOM(4,GRPL)	dajííʼil
diʼil	V;IND;PFV;NOM(4,PL)	jidiʼil
diʼil	V;IND;PFV;NOM(4,SG)	jííʼil
hashké	V;IND;IPFV;NOM(1,GRPL)	deiilké
hashké	V;IND;IPFV;NOM(1,PL)	hiilké
hashké	V;IND;IPFV;NOM(1,SG)	hashké
hashké	V;IND;IPFV;NOM(2,GRPL)	dahohshké
hashké	V;IND;IPFV;NOM(2,PL)	hohshké
hashké	V;IND;IPFV;NOM(2,SG)	hanishké
hashké	V;IND;IPFV;NOM(3,GRPL)	dahashké
hashké	V;IND;IPFV;NOM(3,PL)	hashké
hashké	V;IND;IPFV;NOM(3,SG)	hashké
hashké	V;IND;IPFV;NOM(4,GRPL)	dahojishké
hashké	V;IND;IPFV;NOM(4,PL)	hajishké
hashké	V;IND;IPFV;NOM(4,SG)	hajishké
hashké	V;IND;PFV;NOM(1,GRPL)	hadashiishką́
hashké	V;IND;PFV;NOM(1,PL)	hashiishką́
hashké	V;IND;PFV;NOM(1,SG)	hashíníshką́
hashké	V;IND;PFV;NOM(2,GRPL)	hadashooshką́
hashké	V;IND;PFV;NOM(2,PL)	hooshką́
hashké	V;IND;PFV;NOM(2,SG)	híníshką́
hashké	V;IND;PFV;NOM(3,GRPL)	hadeishką́
hashké	V;IND;PFV;NOM(3,PL)	hayííshką́
hashké	V;IND;PFV;NOM(3,SG)	hayííshką́
hashké	V;IND;PFV;NOM(4,GRPL)	dajííshką́
hashké	V;IND;PFV;NOM(4,PL)	hajííshką́
hashké	V;IND;PFV;NOM(4,SG)	hajííshką́
iildlóósh	V;IND;IPFV;NOM(1,GRPL)	adeiildlóósh
iildlóósh	V;IND;IPFV;NOM(2,GRPL)	adaałdlóósh
iildlóósh	V;IND;IPFV;NOM(2,PL)	oołdlóósh
iildlóósh	V;IND;IPFV;NOM(2,SG)	anildlóósh
iildlóósh	V;IND;IPFV;NOM(3,PL)	iildlóósh
iildlóósh	V;IND;IPFV;NOM(3,SG)	iildlóósh
iildlóósh	V;IND;IPFV;NOM(4,GRPL)	adajildlóósh
iildlóósh	V;IND;IPFV;NOM(4,PL)	ajildlóósh
iildlóósh	V;IND;PFV;NOM(1,GRPL)	adasiildloozh
iildlóósh	V;IND;PFV;NOM(1,SG)	ashíníshdloozh
iildlóósh	V;IND;PFV;NOM(2,GRPL)	adasoołdloozh
iildlóósh	V;IND;PFV;NOM(2,PL)	oołdloozh
iildlóósh	V;IND;PFV;NOM(3,GRPL)	adaashdloozh
iildlóósh	V;IND;PFV;NOM(3,PL)	ayííldloozh
iildlóósh	V;IND;PFV;NOM(3,SG)	ayííldloozh
iildlóósh	V;IND;PFV;NOM(4,PL)	ajishdloozh
iildlóósh	V;IND;PFV;NOM(4,SG)	ajííldloozh
iildlóósh	V;IND;PROSP;NOM(1,PL)	adiildlosh
iildlóósh	V;IND;PROSP;NOM(1,SG)	adeeshdlosh
iildlóósh	V;IND;PROSP;NOM(2,SG)	adííldlosh
iildlóósh	V;IND;PROSP;NOM(3,PL)	adooldlosh
iildlóósh	V;IND;PROSP;NOM(4,PL)	azhdooldlosh
iizǫ́ǫ́s	V;IND;IPFV;NOM(1,GRPL)	adeiilzǫ́ǫ́s
iizǫ́ǫ́s	V;IND;IPFV;NOM(1,PL)	iilzǫ́ǫ́s
iizǫ́ǫ́s	V;IND;IPFV;NOM(1,SG)	iisǫ́ǫ́s
iizǫ́ǫ́s	V;IND;IPFV;NOM(2,GRPL)	adaahsǫ́ǫ́s
iizǫ́ǫ́s	V;IND;IPFV;NOM(3,GRPL)	adeizǫ́ǫ́s
iizǫ́ǫ́s	V;IND;IPFV;NOM(3,SG)	iizǫ́ǫ́s
iizǫ́ǫ́s	V;IND;IPFV;NOM(4,GRPL)	adajizǫ́ǫ́s
iizǫ́ǫ́s	V;IND;IPFV;NOM(4,PL)	ajizǫ́ǫ́s
iizǫ́ǫ́s	V;IND;PFV;NOM(1,SG)	íízǫ́ǫ́z
iizǫ́ǫ́s	V;IND;PFV;NOM(2,GRPL)	adasoozǫ́ǫ́z
iizǫ́ǫ́s	V;IND;PFV;NOM(2,SG)	íízǫ́ǫ́z
iizǫ́ǫ́s	V;IND;PFV;NOM(3,GRPL)	adeizǫ́ǫ́z
iizǫ́ǫ́s	V;IND;PFV;NOM(3,SG)	ayíízǫ́ǫ́z
iizǫ́ǫ́s	V;IND;PFV;NOM(4,GRPL)	adajizǫ́ǫ́z
iizǫ́ǫ́s	V;IND;PFV;NOM(4,SG)	ajíízǫ́ǫ́z
iizǫ́ǫ́s	V;IND;PROSP;NOM(1,PL)	adiilzǫ́ǫ́z
iizǫ́ǫ́s	V;IND;PROSP;NOM(1,SG)	adeeshzǫ́ǫ́z
iizǫ́ǫ́s	V;IND;PROSP;NOM(2,GRPL)	adadoohsǫ́ǫ́z
iizǫ́ǫ́s	V;IND;PROSP;NOM(3,GRPL)	adadoozǫ́ǫ́z
iizǫ́ǫ́s	V;IND;PROSP;NOM(3,SG)	adoozǫ́ǫ́z
iizǫ́ǫ́s	V;IND;PROSP;NOM(4,GRPL)	adazhdoozǫ́ǫ́z
iizǫ́ǫ́s	V;IND;PROSP;NOM(4,PL)	azhdoozǫ́ǫ́z
iizǫ́ǫ́s	V;IND;PROSP;NOM(4,SG)	azhdoozǫ́ǫ́z
naadá	V;IND;IPFV;NOM(1,GRPL)	nideiidá
naadá	V;IND;IPFV;NOM(2,GRPL)	nidaahdá
naadá	V;IND;IPFV;NOM(2,SG)	ninidá
naadá	V;IND;IPFV;NOM(3,GRPL)	nidaadá
naadá	V;IND;IPFV;NOM(4,SG)	nijidá
naadá	V;IND;PFV;NOM(1,PL)	nisiidaa
naadá	V;IND;PFV;NOM(2,GRPL)	nidasoodaa
naadá	V;IND;PFV;NOM(2,PL)	nisoodaa
naadá	V;IND;PFV;NOM(2,SG)	nisínídą́ą́ʼ
naadá	V;IND;PFV;NOM(3,GRPL)	nidaadá
naadá	V;IND;PFV;NOM(3,PL)	naasdá
naadá	V;IND;PFV;NOM(3,SG)	niyíídą́ą́ʼ
naadá	V;IND;PFV;NOM(4,GRPL)	nidajizdą́
naadá	V;IND;PFV;NOM(4,PL)	nijizdą́
naadá	V;IND;PFV;NOM(4,SG)	nijizdą́
naadá	V;IND;PROSP;NOM(1,GRPL)	ndadiidaał
naadá	V;IND;PROSP;NOM(1,PL)	ndiildaał
naadá	V;IND;PROSP;NOM(2,GRPL)	ndadoohdaał
naadá	V;IND;PROSP;NOM(2,SG)	ndíídoodaał
naadá	V;IND;PROSP;NOM(3,GRPL)	ndadoodaał
naadá	V;IND;PROSP;NOM(3,SG)	nidoodaał
naadá	V;IND;PROSP;NOM(4,GRPL)	ndazhdoodaał
naadá	V;IND;PROSP;NOM(4,PL)	nizhdoodaał
naaljooł	V;IND;IPFV;NOM(1,GRPL)	nideiiljooł
naaljooł	V;IND;IPFV;NOM(1,PL)	niiljooł
naaljooł	V;IND;IPFV;NOM(1,SG)	naashjooł
naaljooł	V;IND;IPFV;NOM(2,GRPL)	nidaałjooł
naaljooł	V;IND;IPFV;NOM(2,PL)	nisoołjooł
naaljooł	V;IND;IPFV;NOM(3,GRPL)	nidaaljooł
naaljooł	V;IND;IPFV;NOM(3,SG)	naaljooł
naaljooł	V;IND;IPFV;NOM(4,GRPL)	nidajiljooł
naaljooł	V;IND;IPFV;NOM(4,PL)	nijiljooł
naaljooł	V;IND;PFV;NOM(1,GRPL)	nidasiiljool
naaljooł	V;IND;PFV;NOM(1,SG)	niséljool
naaljooł	V;IND;PFV;NOM(2,GRPL)	nidasoołjool
naaljooł	V;IND;PFV;NOM(2,PL)	nisoołjool
naaljooł	V;IND;PFV;NOM(3,GRPL)	nidaasjool
naaljooł	V;IND;PFV;NOM(3,PL)	niyííljool
naaljooł	V;IND;PFV;NOM(4,PL)	nijisjool
naaljooł	V;IND;PFV;NOM(4,SG)	nijiljool
naaljooł	V;IND;PROSP;NOM(1,GRPL)	ndadiiljooł
naaljooł	V;IND;PROSP;NOM(2,PL)	ndoołjoł
naaljooł	V;IND;PROSP;NOM(3,PL)	ndooljoł
naaljooł	V;IND;PROSP;NOM(3,SG)	ndooljoł
naaljooł	V;IND;PROSP;NOM(4,GRPL)	ndazhdooljoł
naaljooł	V;IND;PROSP;NOM(4,PL)	nizhdooljoł
naamaas	V;IND;IPFV;NOM(1,GRPL)	nidaahmaas
naamaas	V;IND;IPFV;NOM(1,PL)	niilmaas
naamaas	V;IND;IPFV;NOM(1,SG)	nishmaas
naamaas	V;IND;IPFV;NOM(2,PL)	nisoomaas
naamaas	V;IND;IPFV;NOM(3,PL)	naamaas
naamaas	V;IND;IPFV;NOM(3,SG)	naamaas
naamaas	V;IND;IPFV;NOM(4,GRPL)	nidajimaas
naamaas	V;IND;IPFV;NOM(4,PL)	nijimaas
naamaas	V;IND;IPFV;NOM(4,SG)	nijimaas
naamaas	V;IND;PFV;NOM(1,PL)	nisiimaaz
naamaas	V;IND;PFV;NOM(1,SG)	nisémááz
naamaas	V;IND;PFV;NOM(2,GRPL)	nidasoomaaz
naamaas	V;IND;PFV;NOM(3,GRPL)	nidaazmááz
naamaas	V;IND;PFV;NOM(3,PL)	naazmááz
naamaas	V;IND;PFV;NOM(3,SG)	naazmááz
naamaas	V;IND;PFV;NOM(4,GRPL)	nidajizmaaz
naamaas	V;IND;PROSP;NOM(1,PL)	ndiilmas
naamaas	V;IND;PROSP;NOM(1,SG)	ndeeshmas
naamaas	V;IND;PROSP;NOM(2,SG)	ndíímas
naamaas	V;IND;PROSP;NOM(3,SG)	nidoomas
naamaas	V;IND;PROSP;NOM(4,PL)	nizhdoomas
naamaas	V;IND;PROSP;NOM(4,SG)	nizhdoomas
naataz	V;IND;IPFV;NOM(1,GRPL)	nideiitaz
naataz	V;IND;IPFV;NOM(1,SG)	nishtaz
naataz	V;IND;IPFV;NOM(2,GRPL)	nidaahtaz
naataz	V;IND;IPFV;NOM(2,PL)	nisootaz
naataz	V;IND;IPFV;NOM(2,SG)	ninitaz
naataz	V;IND;IPFV;NOM(3,GRPL)	nidaataz
naataz	V;IND;IPFV;NOM(3,PL)	naataz
naataz	V;IND;IPFV;NOM(3,SG)	naataz
naataz	V;IND;IPFV;NOM(4,PL)	nijitaz
naataz	V;IND;IPFV;NOM(4,SG)	nijitaz
naataz	V;IND;PFV;NOM(1,SG)	nisétaz
naataz	V;IND;PFV;NOM(2,GRPL)	nidasootaz
naataz	V;IND;PFV;NOM(2,PL)	nisootaz
naataz	V;IND;PFV;NOM(2,SG)	nisínítaz
naataz	V;IND;PFV;NOM(3,GRPL)	nidaastaz
naataz	V;IND;PFV;NOM(3,PL)	naastaz
naataz	V;IND;PFV;NOM(3,SG)	niyíítaz
naataz	V;IND;PROSP;NOM(1,GRPL)	ndadiitaz
naataz	V;IND;PROSP;NOM(2,GRPL)	ndadoohtaz
naataz	V;IND;PROSP;NOM(3,PL)	ndootaz
naataz	V;IND;PROSP;NOM(3,SG)	ndootaz
naataz	V;IND;PROSP;NOM(4,GRPL)	ndazhdootaz
naataz	V;IND;PROSP;NOM(4,SG)	nizhdootaz
neitłeeh	V;IND;IPFV;NOM(1,GRPL)	nideiitłeeh
neitłeeh	V;IND;IPFV;NOM(1,PL)	niitłeeh
neitłeeh	V;IND;IPFV;NOM(1,SG)	nishtłeeh
neitłeeh	V;IND;IPFV;NOM(2,GRPL)	nidaahtłeeh
neitłeeh	V;IND;IPFV;NOM(2,PL)	niitłeeh
neitłeeh	V;IND;IPFV;NOM(3,GRPL)	nideitłeeh
neitłeeh	V;IND;IPFV;NOM(3,SG)	neitłeeh
neitłeeh	V;IND;IPFV;NOM(4,GRPL)	nidajitłeeh
neitłeeh	V;IND;IPFV;NOM(4,PL)	nijitłeeh
neitłeeh	V;IND;IPFV;NOM(4,SG)	nijitłeeh
neitłeeh	V;IND;PFV;NOM(1,PL)	niitłį́į́ʼ
neitłeeh	V;IND;PFV;NOM(2,GRPL)	nidasootłį́į́ʼ
neitłeeh	V;IND;PFV;NOM(2,SG)	nisínítłą́
neitłeeh	V;IND;PFV;NOM(3,GRPL)	nidaastłį́
neitłeeh	V;IND;PFV;NOM(4,SG)	nijitłį́
neitłeeh	V;IND;PROSP;NOM(1,GRPL)	ndadiitłih
neitłeeh	V;IND;PROSP;NOM(1,PL)	ndiitłih
neitłeeh	V;IND;PROSP;NOM(2,PL)	ndoohtłih
neitłeeh	V;IND;PROSP;NOM(2,SG)	ndíítłih
neitłeeh	V;IND;PROSP;NOM(3,GRPL)	ndadootłih
neitłeeh	V;IND;PROSP;NOM(4,GRPL)	ndazhdootłih
neitłeeh	V;IND;PROSP;NOM(4,PL)	nizhdootłih
neitłeeh	V;IND;PROSP;NOM(4,SG)	nizhdootłih
neiłbąąs	V;IND;IPFV;NOM(1,GRPL)	nideiilbąąs
neiłbąąs	V;IND;IPFV;NOM(3,GRPL)	nideiłbąąs
neiłbąąs	V;IND;IPFV;NOM(3,PL)	neiłbąąs
neiłbąąs	V;IND;IPFV;NOM(4,PL)	nijiłbąąs
neiłbąąs	V;IND;PFV;NOM(1,GRPL)	nidasiilbą́ą́z
neiłbąąs	V;IND;PFV;NOM(1,PL)	niilbą́ą́z
neiłbąąs	V;IND;PFV;NOM(1,SG)	niséłbą́ą́z
neiłbąąs	V;IND;PFV;NOM(2,GRPL)	nidasoołbą́ą́z
neiłbąąs	V;IND;PFV;NOM(2,PL)	nisoołbą́ą́z
neiłbąąs	V;IND;PFV;NOM(2,SG)	nisíníłbą́ą́z
neiłbąąs	V;IND;PFV;NOM(3,GRPL)	nidaałbą́ą́z
neiłbąąs	V;IND;PFV;NOM(3,PL)	neisbą́ą́z
neiłbąąs	V;IND;PFV;NOM(3,SG)	neisbą́ą́z
neiłbąąs	V;IND;PFV;NOM(4,GRPL)	nidajisbą́ą́z
neiłbąąs	V;IND;PFV;NOM(4,SG)	nijisbą́ą́z
neiłbąąs	V;IND;PROSP;NOM(1,PL)	ndiilbą́ą́z
neiłbąąs	V;IND;PROSP;NOM(2,GRPL)	ndadoołbą́ą́z
neiłbąąs	V;IND;PROSP;NOM(2,PL)	ndoołbą́ą́z
neiłbąąs	V;IND;PROSP;NOM(3,PL)	ndoołbą́ą́z
neiłbąąs	V;IND;PROSP;NOM(3,SG)	ndoołbą́ą́z
neiłbąąs	V;IND;PROSP;NOM(4,GRPL)	ndazhdoołbą́ą́z
neiłbąąs	V;IND;PROSP;NOM(4,PL)	nizhdoołbą́ą́z
neiłbąąs	V;IND;PROSP;NOM(4,SG)	nizhdoołbą́ą́z
neiłgizh	V;IND;IPFV;NOM(2,GRPL)	nidaałgizh
neiłgizh	V;IND;IPFV;NOM(2,PL)	naałgizh
neiłgizh	V;IND;IPFV;NOM(3,PL)	neiłgizh
neiłgizh	V;IND;IPFV;NOM(3,SG)	neiłgizh
neiłgizh	V;IND;IPFV;NOM(4,GRPL)	nidajiłgizh
neiłgizh	V;IND;IPFV;NOM(4,SG)	nijiłgizh
neiłgizh	V;IND;PFV;NOM(1,PL)	niilgizh
neiłgizh	V;IND;PFV;NOM(1,SG)	nishéłgizh
neiłgizh	V;IND;PFV;NOM(2,GRPL)	nidashoołgizh
neiłgizh	V;IND;PFV;NOM(2,PL)	nishoołgizh
neiłgizh	V;IND;PFV;NOM(2,SG)	nishíníłgizh
neiłgizh	V;IND;PFV;NOM(3,GRPL)	nidaałgizh
neiłgizh	V;IND;PFV;NOM(3,SG)	neishgizh
neiłgizh	V;IND;PFV;NOM(4,SG)	nijishgizh
neiłgizh	V;IND;PROSP;NOM(1,GRPL)	ndadiilgizh
neiłgizh	V;IND;PROSP;NOM(1,PL)	ndiilgizh
neiłgizh	V;IND;PROSP;NOM(2,GRPL)	ndadoołgizh
neiłgizh	V;IND;PROSP;NOM(2,PL)	ndoołgizh
neiłgizh	V;IND;PROSP;NOM(2,SG)	ndííłgizh
neiłgizh	V;IND;PROSP;NOM(3,GRPL)	ndadoołgizh
neiłgizh	V;IND;PROSP;NOM(3,SG)	ndoołgizh
neiłgizh	V;IND;PROSP;NOM(4,GRPL)	ndazhdoołgizh
neiłgizh	V;IND;PROSP;NOM(4,SG)	nizhdoołgizh
neiłmaas	V;IND;IPFV;NOM(1,SG)	nishłmaas
neiłmaas	V;IND;IPFV;NOM(2,GRPL)	nidaałmaas
neiłmaas	V;IND;IPFV;NOM(2,SG)	niłmaas
neiłmaas	V;IND;IPFV;NOM(3,GRPL)	ndeiłmaas
neiłmaas	V;IND;IPFV;NOM(3,PL)	neiłmaas
neiłmaas	V;IND;IPFV;NOM(3,SG)	neiłmaas
neiłmaas	V;IND;IPFV;NOM(4,PL)	nijiłmaas
neiłmaas	V;IND;IPFV;NOM(4,SG)	nijiłmaas
neiłmaas	V;IND;PFV;NOM(1,PL)	niilmaaz
neiłmaas	V;IND;PFV;NOM(2,GRPL)	nidasoołmaaz
neiłmaas	V;IND;PFV;NOM(2,PL)	nisoołmaaz
neiłmaas	V;IND;PFV;NOM(2,SG)	nisíníłmaaz
neiłmaas	V;IND;PFV;NOM(3,GRPL)	nideismaaz
neiłmaas	V;IND;PFV;NOM(3,PL)	neismaaz
neiłmaas	V;IND;PFV;NOM(3,SG)	neismaaz
neiłmaas	V;IND;PFV;NOM(4,GRPL)	nidajismaaz
neiłmaas	V;IND;PROSP;NOM(1,GRPL)	ndadiilmas
neiłmaas	V;IND;PROSP;NOM(1,PL)	ndiilmas
neiłmaas	V;IND;PROSP;NOM(2,GRPL)	ndadoołmas
neiłmaas	V;IND;PROSP;NOM(2,SG)	ndííłmas
neiłmaas	V;IND;PROSP;NOM(3,GRPL)	ndadoołmas
neiłmaas	V;IND;PROSP;NOM(3,SG)	ndoołmas
neiłmaas	V;IND;PROSP;NOM(4,SG)	nizhdoołmas
neiłtseed	V;IND;IPFV;NOM(1,GRPL)	nideiiltseed
neiłtseed	V;IND;IPFV;NOM(1,PL)	niiltseed
neiłtseed	V;IND;IPFV;NOM(2,GRPL)	nidaałtseed
neiłtseed	V;IND;IPFV;NOM(2,PL)	nisoołtseed
neiłtseed	V;IND;IPFV;NOM(4,PL)	nijiłtseed
neiłtseed	V;IND;IPFV;NOM(4,SG)	nijiłtseed
neiłtseed	V;IND;PFV;NOM(1,GRPL)	nidasiiltsid
neiłtseed	V;IND;PFV;NOM(1,PL)	niiltsid
neiłtseed	V;IND;PFV;NOM(1,SG)	niséłtsééd
neiłtseed	V;IND;PFV;NOM(2,GRPL)	nidasoołtsid
neiłtseed	V;IND;PFV;NOM(3,GRPL)	nidaałtsid
neiłtseed	V;IND;PFV;NOM(3,PL)	neistsid
neiłtseed	V;IND;PFV;NOM(3,SG)	neistsid
neiłtseed	V;IND;PFV;NOM(4,GRPL)	nidajistsid
neiłtseed	V;IND;PFV;NOM(4,PL)	nijistsid
neiłtseed	V;IND;PROSP;NOM(1,GRPL)	ndadiiltsił
neiłtseed	V;IND;PROSP;NOM(1,PL)	ndiiltsił
neiłtseed	V;IND;PROSP;NOM(1,SG)	ndeeshtsił
neiłtseed	V;IND;PROSP;NOM(2,GRPL)	ndadoołtsił
neiłtseed	V;IND;PROSP;NOM(2,SG)	ndííłtsił
neiłtseed	V;IND;PROSP;NOM(3,PL)	ndoołtsił
neiłtseed	V;IND;PROSP;NOM(3,SG)	ndoołtsił
neiłtseed	V;IND;PROSP;NOM(4,SG)	nizhdoołtsił
neiłtʼiʼ	V;IND;IPFV;NOM(1,GRPL)	nideiiltʼiʼ
neiłtʼiʼ	V;IND;IPFV;NOM(1,PL)	niiltʼiʼ
neiłtʼiʼ	V;IND;IPFV;NOM(2,GRPL)	nidaałtʼiʼ
neiłtʼiʼ	V;IND;IPFV;NOM(3,GRPL)	ndeiłtʼiʼ
neiłtʼiʼ	V;IND;IPFV;NOM(3,PL)	neiłtʼiʼ
neiłtʼiʼ	V;IND;IPFV;NOM(3,SG)	neiłtʼiʼ
neiłtʼiʼ	V;IND;IPFV;NOM(4,PL)	nijiłtʼiʼ
neiłtʼiʼ	V;IND;PFV;NOM(1,GRPL)	nidasiiltʼiʼ
neiłtʼiʼ	V;IND;PFV;NOM(1,SG)	niséłtʼiʼ
neiłtʼiʼ	V;IND;PFV;NOM(2,GRPL)	nidasoołtʼiʼ
neiłtʼiʼ	V;IND;PFV;NOM(2,PL)	nisoołtʼiʼ
neiłtʼiʼ	V;IND;PFV;NOM(2,SG)	nisíníłtʼiʼ
neiłtʼiʼ	V;IND;PFV;NOM(3,SG)	neistʼiʼ
neiłtʼiʼ	V;IND;PFV;NOM(4,PL)	nijistʼiʼ
neiłtʼiʼ	V;IND;PFV;NOM(4,SG)	nijiłtʼiʼ
neiłtʼiʼ	V;IND;PROSP;NOM(1,GRPL)	ndadiiltʼił
neiłtʼiʼ	V;IND;PROSP;NOM(1,PL)	ndiiltʼił
neiłtʼiʼ	V;IND;PROSP;NOM(1,SG)	ndeeshtʼił
neiłtʼiʼ	V;IND;PROSP;NOM(2,PL)	ndoołtʼił
neiłtʼiʼ	V;IND;PROSP;NOM(2,SG)	ndííłtʼił
neiłtʼiʼ	V;IND;PROSP;NOM(3,PL)	ndoołtʼił
neiłtʼiʼ	V;IND;PROSP;NOM(4,PL)	nizhdoołtʼił
neiłtʼiʼ	V;IND;PROSP;NOM(4,SG)	nizhdoołtʼił
neiʼeesh	V;IND;IPFV;NOM(1,PL)	niiʼeesh
neiʼeesh	V;IND;IPFV;NOM(1,SG)	nishʼeesh
neiʼeesh	V;IND;IPFV;NOM(2,GRPL)	nidaahʼeesh
neiʼeesh	V;IND;IPFV;NOM(2,PL)	naahʼeesh
neiʼeesh	V;IND;IPFV;NOM(2,SG)	niniʼeesh
neiʼeesh	V;IND;IPFV;NOM(3,PL)	neiʼeesh
neiʼeesh	V;IND;IPFV;NOM(4,SG)	nijiʼeesh
neiʼeesh	V;IND;PFV;NOM(1,PL)	niitʼéézh
neiʼeesh	V;IND;PFV;NOM(1,SG)	nishʼéézh
neiʼeesh	V;IND;PFV;NOM(2,GRPL)	nidashooʼéézh
neiʼeesh	V;IND;PFV;NOM(2,PL)	nishooʼéézh
neiʼeesh	V;IND;PFV;NOM(2,SG)	nishíníʼéézh
neiʼeesh	V;IND;PFV;NOM(3,GRPL)	nidaashʼéézh
neiʼeesh	V;IND;PFV;NOM(4,GRPL)	nidajizhʼéézh
neiʼeesh	V;IND;PROSP;NOM(1,GRPL)	ndadiitʼish
neiʼeesh	V;IND;PROSP;NOM(1,SG)	ndeeshʼosh
neiʼeesh	V;IND;PROSP;NOM(2,GRPL)	ndadoohʼish
neiʼeesh	V;IND;PROSP;NOM(2,SG)	ndííʼééł
neiʼeesh	V;IND;PROSP;NOM(3,GRPL)	ndadooʼosh
neiʼeesh	V;IND;PROSP;NOM(3,PL)	ndooʼosh
neiʼeesh	V;IND;PROSP;NOM(4,GRPL)	ndazhdooʼish
neiʼeesh	V;IND;PROSP;NOM(4,PL)	nizhdooʼosh
neiʼeesh	V;IND;PROSP;NOM(4,SG)	nizhdooʼosh
noodǫ́ǫ́z	V;IND;PFV;NOM(1,GRPL)	nidasiidǫ́ǫ́z
noodǫ́ǫ́z	V;IND;PFV;NOM(1,PL)	niidǫ́ǫ́z
noodǫ́ǫ́z	V;IND;PFV;NOM(1,SG)	nisédǫ́ǫ́z
noodǫ́ǫ́z	V;IND;PFV;NOM(2,GRPL)	nidasoodǫ́ǫ́z
noodǫ́ǫ́z	V;IND;PFV;NOM(2,PL)	noodǫ́ǫ́z
noodǫ́ǫ́z	V;IND;PFV;NOM(2,SG)	noodǫ́ǫ́z
noodǫ́ǫ́z	V;IND;PFV;NOM(3,GRPL)	nideidǫ́ǫ́z
noodǫ́ǫ́z	V;IND;PFV;NOM(3,PL)	noodǫ́ǫ́z
noodǫ́ǫ́z	V;IND;PFV;NOM(3,SG)	noodǫ́ǫ́z
noodǫ́ǫ́z	V;IND;PFV;NOM(4,GRPL)	dajídǫ́ǫ́z
noodǫ́ǫ́z	V;IND;PFV;NOM(4,PL)	nijidǫ́ǫ́z
noodǫ́ǫ́z	V;IND;PFV;NOM(4,SG)	nijidǫ́ǫ́z
yichʼid	V;IND;IPFV;NOM(1,GRPL)	deiichʼid
yichʼid	V;IND;IPFV;NOM(1,SG)	yishchʼid
yichʼid	V;IND;IPFV;NOM(2,GRPL)	daahchʼid
yichʼid	V;IND;IPFV;NOM(2,PL)	wohchʼid
yichʼid	V;IND;IPFV;NOM(3,GRPL)	deichʼid
yichʼid	V;IND;IPFV;NOM(3,PL)	yichʼid
yichʼid	V;IND;IPFV;NOM(3,SG)	yichʼid
yichʼid	V;IND;IPFV;NOM(4,GRPL)	dajichʼid
yichʼid	V;IND;IPFV;NOM(4,SG)	jichʼid
yichʼid	V;IND;PFV;NOM(1,SG)	yíchʼid
yichʼid	V;IND;PFV;NOM(2,GRPL)	dashoochʼid
yichʼid	V;IND;PFV;NOM(2,PL)	woochʼid
yichʼid	V;IND;PFV;NOM(2,SG)	shíníchʼid
yichʼid	V;IND;PFV;NOM(3,GRPL)	dayííchʼid
yichʼid	V;IND;PFV;NOM(3,SG)	yiyííchʼid
yichʼid	V;IND;PFV;NOM(4,PL)	joochʼid
yichʼid	V;IND;PROSP;NOM(1,GRPL)	dadiichʼił
yichʼid	V;IND;PROSP;NOM(1,PL)	diichʼił
yichʼid	V;IND;PROSP;NOM(2,PL)	doohchʼił
yichʼid	V;IND;PROSP;NOM(2,SG)	dííchʼił
yichʼid	V;IND;PROSP;NOM(3,GRPL)	dadoochʼił
yichʼid	V;IND;PROSP;NOM(3,SG)	doochʼił
yichʼid	V;IND;PROSP;NOM(4,PL)	jidoochʼił
yidiitsʼį́į́h	V;IND;IPFV;NOM(1,GRPL)	deiitsʼį́į́h
yidiitsʼį́į́h	V;IND;IPFV;NOM(1,PL)	diitsʼį́į́h
yidiitsʼį́į́h	V;IND;IPFV;NOM(1,SG)	deistsʼį́į́h
yidiitsʼį́į́h	V;IND;IPFV;NOM(2,PL)	wohtsʼį́į́h
yidiitsʼį́į́h	V;IND;IPFV;NOM(2,SG)	nidiitsʼį́į́h
yidiitsʼį́į́h	V;IND;IPFV;NOM(3,SG)	diitsʼį́į́h
yidiitsʼį́į́h	V;IND;IPFV;NOM(4,GRPL)	dajidiitsʼį́į́h
yidiitsʼį́į́h	V;IND;PFV;NOM(1,GRPL)	dadiitsʼį́į́ʼ
yidiitsʼį́į́h	V;IND;PFV;NOM(1,PL)	diitsʼį́į́ʼ
yidiitsʼį́į́h	V;IND;PFV;NOM(1,SG)	díítsʼį́į́ʼ
yidiitsʼį́į́h	V;IND;PFV;NOM(2,PL)	doohtsʼį́į́ʼ
yidiitsʼį́į́h	V;IND;PFV;NOM(2,SG)	díítsʼį́į́ʼ
yidiitsʼį́į́h	V;IND;PFV;NOM(3,GRPL)	dadiitsʼį́į́ʼ
yidiitsʼį́į́h	V;IND;PFV;NOM(3,SG)	yidiitsʼį́į́ʼ
yidiitsʼį́į́h	V;IND;PFV;NOM(4,GRPL)	dajíítsʼį́į́ʼ
yidiitsʼį́į́h	V;IND;PFV;NOM(4,PL)	jidiitsʼį́į́ʼ
yidiitsʼį́į́h	V;IND;PFV;NOM(4,SG)	jíítsʼį́į́ʼ
yidiitsʼį́į́h	V;IND;PROSP;NOM(1,GRPL)	dadiitsʼį́į́ł
yidiitsʼį́į́h	V;IND;PROSP;NOM(1,SG)	deeshtsʼį́į́ł
yidiitsʼį́į́h	V;IND;PROSP;NOM(2,GRPL)	dadoohtsʼį́į́ł
yidiitsʼį́į́h	V;IND;PROSP;NOM(2,PL)	doohtsʼį́į́ł
yidiitsʼį́į́h	V;IND;PROSP;NOM(3,GRPL)	dadidootsʼį́į́ł
yidiitsʼį́į́h	V;IND;PROSP;NOM(4,GRPL)	dazhdootsʼį́į́ł
yigeeh	V;IND;IPFV;NOM(1,GRPL)	deiigeeh
yigeeh	V;IND;IPFV;NOM(1,SG)	yishgeeh
yigeeh	V;IND;IPFV;NOM(2,GRPL)	daahgeeh
yigeeh	V;IND;IPFV;NOM(2,SG)	nigeeh
yigeeh	V;IND;IPFV;NOM(3,GRPL)	deigeeh
yigeeh	V;IND;IPFV;NOM(3,PL)	yigeeh
yigeeh	V;IND;IPFV;NOM(3,SG)	yigeeh
yigeeh	V;IND;IPFV;NOM(4,GRPL)	dajigeeh
yigeeh	V;IND;IPFV;NOM(4,SG)	jigeeh
yigeeh	V;IND;PFV;NOM(1,GRPL)	dasiigeeʼ
yigeeh	V;IND;PFV;NOM(1,PL)	yiigeeʼ
yigeeh	V;IND;PFV;NOM(2,GRPL)	dasoogeeʼ
yigeeh	V;IND;PFV;NOM(2,PL)	woogeeʼ
yigeeh	V;IND;PFV;NOM(3,PL)	yiyíígeeʼ
yigeeh	V;IND;PFV;NOM(3,SG)	yiyíígeeʼ
yigeeh	V;IND;PROSP;NOM(1,SG)	deeshgih
yigeeh	V;IND;PROSP;NOM(2,GRPL)	dadoohgih
yigeeh	V;IND;PROSP;NOM(3,GRPL)	dadoogih
yigeeh	V;IND;PROSP;NOM(3,PL)	doogih
yigeeh	V;IND;PROSP;NOM(4,GRPL)	dazhdoogih
yigeeh	V;IND;PROSP;NOM(4,PL)	jidoogih
yigeeh	V;IND;PROSP;NOM(4,SG)	jidoogih
yighááh	V;IND;IPFV;NOM(1,GRPL)	deiigááh
yighááh	V;IND;IPFV;NOM(1,SG)	yishhááh
yighááh	V;IND;IPFV;NOM(2,GRPL)	daahghááh
yighááh	V;IND;IPFV;NOM(2,PL)	wohhááh
yighááh	V;IND;IPFV;NOM(2,SG)	nighááh
yighááh	V;IND;IPFV;NOM(3,PL)	yighááh
yighááh	V;IND;IPFV;NOM(3,SG)	yighááh
yighááh	V;IND;IPFV;NOM(4,GRPL)	dajighááh
yighááh	V;IND;IPFV;NOM(4,PL)	jighááh
yighááh	V;IND;PFV;NOM(1,GRPL)	dasiigááʼ
yighááh	V;IND;PFV;NOM(1,PL)	yiigááʼ
yighááh	V;IND;PFV;NOM(1,SG)	yíghááʼ
yighááh	V;IND;PFV;NOM(2,GRPL)	dasoogááʼ
yighááh	V;IND;PFV;NOM(3,GRPL)	dayííghááʼ
yighááh	V;IND;PFV;NOM(4,GRPL)	dajííghááʼ
yighááh	V;IND;PFV;NOM(4,SG)	jííghááʼ
yighááh	V;IND;PROSP;NOM(1,GRPL)	dadiighaał
yighááh	V;IND;PROSP;NOM(1,PL)	diigááł
yighááh	V;IND;PROSP;NOM(2,GRPL)	dadoohgah
yighááh	V;IND;PROSP;NOM(3,PL)	dooghaał
yighááh	V;IND;PROSP;NOM(3,SG)	dooghaał
yighááh	V;IND;PROSP;NOM(4,PL)	jidooghaał
yighááh	V;IND;PROSP;NOM(4,SG)	jidoogááł
yigoh	V;IND;PFV;NOM(1,GRPL)	deiigoh
yigoh	V;IND;PFV;NOM(1,PL)	yiigoh
yigoh	V;IND;PFV;NOM(1,SG)	yígoʼ
yigoh	V;IND;PFV;NOM(2,GRPL)	dasoogoh
yigoh	V;IND;PFV;NOM(2,PL)	woogoh
yigoh	V;IND;PFV;NOM(2,SG)	sínígoh
yigoh	V;IND;PFV;NOM(3,GRPL)	dayíígoh
yigoh	V;IND;PFV;NOM(3,PL)	yiyíígoh
yigoh	V;IND;PFV;NOM(3,SG)	yiyíígoh
yigoh	V;IND;PFV;NOM(4,GRPL)	dajizgoh
yigoh	V;IND;PFV;NOM(4,PL)	joogoh
yigoh	V;IND;PFV;NOM(4,SG)	jíígoh
yijeeh	V;IND;IPFV;NOM(1,GRPL)	deiijeeh
yijeeh	V;IND;IPFV;NOM(1,PL)	yiijeeh
yijeeh	V;IND;IPFV;NOM(1,SG)	yishjeeh
yijeeh	V;IND;IPFV;NOM(2,GRPL)	daahjeeh
yijeeh	V;IND;IPFV;NOM(2,PL)	wohjeeh
yijeeh	V;IND;IPFV;NOM(3,PL)	yijeeh
yijeeh	V;IND;IPFV;NOM(3,SG)	yijeeh
yijeeh	V;IND;IPFV;NOM(4,PL)	jijeeh
yijeeh	V;IND;IPFV;NOM(4,SG)	jijeeh
yijeeh	V;IND;PFV;NOM(1,PL)	yiiją́
yijeeh	V;IND;PFV;NOM(1,SG)	yíjííją́
yijeeh	V;IND;PFV;NOM(2,GRPL)	dasoojiʼ
yijeeh	V;IND;PFV;NOM(2,PL)	wooją́
yijeeh	V;IND;PFV;NOM(3,PL)	yiyííjééʼ
yijeeh	V;IND;PFV;NOM(3,SG)	yiyííjééʼ
yijeeh	V;IND;PFV;NOM(4,SG)	jíjííją́
yijeeh	V;IND;PROSP;NOM(1,GRPL)	dadiijih
yijeeh	V;IND;PROSP;NOM(1,PL)	diiljih
yijeeh	V;IND;PROSP;NOM(1,SG)	deeshjih
yijeeh	V;IND;PROSP;NOM(2,GRPL)	dadoohjih
yijeeh	V;IND;PROSP;NOM(2,SG)	dííjih
yijeeh	V;IND;PROSP;NOM(4,GRPL)	dazhdoojih
yijeeh	V;IND;PROSP;NOM(4,PL)	jidoojih
yijį́į́ł	V;IND;PFV;NOM(1,GRPL)	deiijį́į́l
yijį́į́ł	V;IND;PFV;NOM(1,PL)	yiijį́į́ł
yijį́į́ł	V;IND;PFV;NOM(1,SG)	yíjį́į́ł
yijį́į́ł	V;IND;PFV;NOM(2,GRPL)	dasoojį́į́ł
yijį́į́ł	V;IND;PFV;NOM(2,PL)	woojį́į́ł
yijį́į́ł	V;IND;PFV;NOM(2,SG)	níjį́į́ł
yijį́į́ł	V;IND;PFV;NOM(3,GRPL)	dayííjį́į́ł
yijį́į́ł	V;IND;PFV;NOM(3,PL)	yijį́į́ł
yijį́į́ł	V;IND;PFV;NOM(3,SG)	yijį́į́ł
yijį́į́ł	V;IND;PFV;NOM(4,GRPL)	dajijį́į́ł
yijį́į́ł	V;IND;PFV;NOM(4,PL)	jijį́į́ł
yijį́į́ł	V;IND;PFV;NOM(4,SG)	jijį́į́ł
yiltłʼééł	V;IND;PFV;NOM(1,GRPL)	dasiiltłʼiil
yiltłʼééł	V;IND;PFV;NOM(1,PL)	yiiltłʼééł
yiltłʼééł	V;IND;PFV;NOM(1,SG)	yíltłʼééł
yiltłʼééł	V;IND;PFV;NOM(2,GRPL)	dasoołtłʼiil
yiltłʼééł	V;IND;PFV;NOM(2,PL)	woołtłʼééł
yiltłʼééł	V;IND;PFV;NOM(2,SG)	síníltłʼééł
yiltłʼééł	V;IND;PFV;NOM(3,GRPL)	dayííltłʼééł
yiltłʼééł	V;IND;PFV;NOM(3,PL)	yiltłʼééł
yiltłʼééł	V;IND;PFV;NOM(3,SG)	yiltłʼééł
yiltłʼééł	V;IND;PFV;NOM(4,GRPL)	dajistłʼiil
yiltłʼééł	V;IND;PFV;NOM(4,PL)	jooltłʼééł
yiltłʼééł	V;IND;PFV;NOM(4,SG)	jííltłʼééł
yilʼaah	V;IND;IPFV;NOM(1,PL)	yiilʼaah
yilʼaah	V;IND;IPFV;NOM(1,SG)	yishʼaah
yilʼaah	V;IND;IPFV;NOM(2,GRPL)	daahłʼaah
yilʼaah	V;IND;IPFV;NOM(2,PL)	wołʼaah
yilʼaah	V;IND;IPFV;NOM(2,SG)	nilʼaah
yilʼaah	V;IND;IPFV;NOM(3,GRPL)	deilʼaah
yilʼaah	V;IND;IPFV;NOM(3,PL)	yilʼaah
yilʼaah	V;IND;IPFV;NOM(4,GRPL)	dajilʼaah
yilʼaah	V;IND;IPFV;NOM(4,PL)	jilʼaah
yilʼaah	V;IND;IPFV;NOM(4,SG)	jilʼaah
yilʼaah	V;IND;PFV;NOM(1,GRPL)	dasiilʼaaʼ
yilʼaah	V;IND;PFV;NOM(1,PL)	yiilʼaaʼ
yilʼaah	V;IND;PFV;NOM(2,GRPL)	dasoołʼaaʼ
yilʼaah	V;IND;PFV;NOM(2,PL)	woołʼaaʼ
yilʼaah	V;IND;PFV;NOM(2,SG)	sínílʼááʼ
yilʼaah	V;IND;PFV;NOM(3,GRPL)	dayíílʼááʼ
yilʼaah	V;IND;PFV;NOM(3,PL)	yiyíílʼaaʼ
yilʼaah	V;IND;PFV;NOM(4,SG)	jíílʼááʼ
yilʼaah	V;IND;PROSP;NOM(1,SG)	deeshʼah
yilʼaah	V;IND;PROSP;NOM(2,PL)	doołʼaał
yilʼaah	V;IND;PROSP;NOM(3,GRPL)	dadoolʼaał
yilʼaah	V;IND;PROSP;NOM(4,PL)	jidoolʼaał
yishood	V;IND;IPFV;NOM(1,GRPL)	deiilzhood
yishood	V;IND;IPFV;NOM(1,PL)	yiilzhood
yishood	V;IND;IPFV;NOM(1,SG)	yishood
yishood	V;IND;IPFV;NOM(2,GRPL)	daahshood
yishood	V;IND;IPFV;NOM(2,PL)	wohshood
yishood	V;IND;IPFV;NOM(2,SG)	nishood
yishood	V;IND;IPFV;NOM(3,GRPL)	deishood
yishood	V;IND;IPFV;NOM(3,PL)	yishood
yishood	V;IND;IPFV;NOM(3,SG)	yishood
yishood	V;IND;IPFV;NOM(4,GRPL)	dajishood
yishood	V;IND;IPFV;NOM(4,PL)	jishood
yishood	V;IND;IPFV;NOM(4,SG)	jishood
yishood	V;IND;PFV;NOM(1,GRPL)	deiilzhood
yishood	V;IND;PFV;NOM(1,PL)	yiilzhood
yishood	V;IND;PFV;NOM(1,SG)	yíshood
yishood	V;IND;PFV;NOM(2,GRPL)	dashooshood
yishood	V;IND;PFV;NOM(2,PL)	wooshood
yishood	V;IND;PFV;NOM(2,SG)	shíníshood
yishood	V;IND;PFV;NOM(3,GRPL)	dayííshood
yishood	V;IND;PFV;NOM(3,PL)	yishood
yishood	V;IND;PFV;NOM(3,SG)	yishood
yishood	V;IND;PFV;NOM(4,GRPL)	dajishood
yishood	V;IND;PFV;NOM(4,PL)	jooshood
yishood	V;IND;PFV;NOM(4,SG)	jííshood
yishóósh	V;IND;IPFV;NOM(1,GRPL)	deiilzhóósh
yishóósh	V;IND;IPFV;NOM(1,PL)	yiilzhóósh
yishóósh	V;IND;IPFV;NOM(1,SG)	yishóósh
yishóósh	V;IND;IPFV;NOM(2,GRPL)	daahshóósh
yishóósh	V;IND;IPFV;NOM(2,PL)	wohshóósh
yishóósh	V;IND;IPFV;NOM(2,SG)	nishóósh
yishóósh	V;IND;IPFV;NOM(3,GRPL)	deishóósh
yishóósh	V;IND;IPFV;NOM(3,PL)	yishóósh
yishóósh	V;IND;IPFV;NOM(3,SG)	yishóósh
yishóósh	V;IND;IPFV;NOM(4,GRPL)	dajishóósh
yishóósh	V;IND;IPFV;NOM(4,PL)	jishóósh
yishóósh	V;IND;IPFV;NOM(4,SG)	jishóósh
yishóósh	V;IND;PFV;NOM(1,GRPL)	deiilzhoozh
yishóósh	V;IND;PFV;NOM(1,PL)	yiilzhoozh
yishóósh	V;IND;PFV;NOM(1,SG)	yíshóózh
yishóósh	V;IND;PFV;NOM(2,GRPL)	dashooshozh
yishóósh	V;IND;PFV;NOM(2,PL)	wooshoozh
yishóósh	V;IND;PFV;NOM(2,SG)	yíníshóózh
yishóósh	V;IND;PFV;NOM(3,GRPL)	dayííshóózh
yishóósh	V;IND;PFV;NOM(3,PL)	yishóózh
yishóósh	V;IND;PFV;NOM(3,SG)	yishóózh
yishóósh	V;IND;PFV;NOM(4,GRPL)	dajishoozh
yishóósh	V;IND;PFV;NOM(4,PL)	jííshoozh
yishóósh	V;IND;PFV;NOM(4,SG)	jííshóózh
yitłeeh	V;IND;IPFV;NOM(1,GRPL)	deiitłeeh
yitłeeh	V;IND;IPFV;NOM(1,PL)	yiitłeeh
yitłeeh	V;IND;IPFV;NOM(1,SG)	yishtłeeh
yitłeeh	V;IND;IPFV;NOM(2,GRPL)	daahtłeeh
yitłeeh	V;IND;IPFV;NOM(2,PL)	wohtłeeh
yitłeeh	V;IND;IPFV;NOM(2,SG)	nitłeeh
yitłeeh	V;IND;IPFV;NOM(3,GRPL)	deitłeeh
yitłeeh	V;IND;IPFV;NOM(3,PL)	yitłeeh
yitłeeh	V;IND;IPFV;NOM(3,SG)	yitłeeh
yitłeeh	V;IND;IPFV;NOM(4,GRPL)	dajitłeeh
yitłeeh	V;IND;IPFV;NOM(4,PL)	jitłeeh
yitłeeh	V;IND;IPFV;NOM(4,SG)	jitłeeh
yitłeeh	V;IND;PFV;NOM(1,GRPL)	dasiitłį́į́ʼ
yitłeeh	V;IND;PFV;NOM(1,PL)	yiitłą́
yitłeeh	V;IND;PFV;NOM(1,SG)	yítłį́į́ʼ
yitłeeh	V;IND;PFV;NOM(2,GRPL)	dasootłį́į́ʼ
yitłeeh	V;IND;PFV;NOM(2,PL)	wootłį́
yitłeeh	V;IND;PFV;NOM(2,SG)	sínítłą́
yitłeeh	V;IND;PFV;NOM(3,GRPL)	dayíítłééʼ
yitłeeh	V;IND;PFV;NOM(3,PL)	yiyíítłééʼ
yitłeeh	V;IND;PFV;NOM(3,SG)	yiyíítłą́
yitłeeh	V;IND;PFV;NOM(4,GRPL)	dajíítłį́
yitłeeh	V;IND;PFV;NOM(4,PL)	jootłį́
yitłeeh	V;IND;PFV;NOM(4,SG)	jíítłą́
yiyiitsʼǫs	V;IND;IPFV;NOM(1,GRPL)	deiitsʼǫs
yiyiitsʼǫs	V;IND;IPFV;NOM(1,PL)	yiitsʼǫs
yiyiitsʼǫs	V;IND;IPFV;NOM(2,GRPL)	daahootsʼǫs
yiyiitsʼǫs	V;IND;IPFV;NOM(2,SG)	niitsʼǫs
yiyiitsʼǫs	V;IND;IPFV;NOM(3,PL)	yiitsʼǫs
yiyiitsʼǫs	V;IND;IPFV;NOM(4,SG)	jiitsʼǫs
yiyiitsʼǫs	V;IND;PFV;NOM(2,GRPL)	dasootsʼǫz
yiyiitsʼǫs	V;IND;PFV;NOM(2,PL)	wootsʼǫ́ǫ́z
yiyiitsʼǫs	V;IND;PFV;NOM(2,SG)	sínítsʼǫ́z
yiyiitsʼǫs	V;IND;PFV;NOM(3,GRPL)	dayiitsʼǫz
yiyiitsʼǫs	V;IND;PFV;NOM(3,PL)	yiyiitsʼǫz
yiyiitsʼǫs	V;IND;PFV;NOM(3,SG)	yiyiitsʼǫ́z
yiyiitsʼǫs	V;IND;PFV;NOM(4,GRPL)	dajiitsʼǫz
yiyiitsʼǫs	V;IND;PFV;NOM(4,PL)	jiitsʼǫ́z
yiyiitsʼǫs	V;IND;PFV;NOM(4,SG)	jiitsʼǫ́z
yiyiitsʼǫs	V;IND;PROSP;NOM(1,GRPL)	dadiitsʼǫł
yiyiitsʼǫs	V;IND;PROSP;NOM(1,SG)	deeshtsʼǫł
yiyiitsʼǫs	V;IND;PROSP;NOM(2,PL)	doohtsʼǫł
yiyiitsʼǫs	V;IND;PROSP;NOM(2,SG)	díítsʼǫł
yiyiitsʼǫs	V;IND;PROSP;NOM(3,GRPL)	dadootsʼǫł
yiyiitsʼǫs	V;IND;PROSP;NOM(3,PL)	yidootsʼǫł
yiyiitsʼǫs	V;IND;PROSP;NOM(4,GRPL)	dazhdootsʼǫł
yiyiitsʼǫs	V;IND;PROSP;NOM(4,SG)	jidootsʼǫł
yiyiiłtsééh	V;IND;IPFV;NOM(1,GRPL)	deiiltsééh
yiyiiłtsééh	V;IND;IPFV;NOM(1,PL)	yiiltsééh
yiyiiłtsééh	V;IND;IPFV;NOM(1,SG)	yishłtsééh
yiyiiłtsééh	V;IND;IPFV;NOM(2,GRPL)	daałtsééh
yiyiiłtsééh	V;IND;IPFV;NOM(2,SG)	niłtsééh
yiyiiłtsééh	V;IND;IPFV;NOM(3,GRPL)	deiyiiłtsééh
yiyiiłtsééh	V;IND;IPFV;NOM(3,PL)	yiiłtsééh
yiyiiłtsééh	V;IND;IPFV;NOM(3,SG)	yiiłtsééh
yiyiiłtsééh	V;IND;IPFV;NOM(4,GRPL)	dajiiłtsééh
yiyiiłtsééh	V;IND;IPFV;NOM(4,SG)	jiiłtsééh
yiyiiłtsééh	V;IND;PFV;NOM(1,PL)	yiiltsiʼ
yiyiiłtsééh	V;IND;PFV;NOM(1,SG)	yíníłtsiʼ
yiyiiłtsééh	V;IND;PFV;NOM(2,PL)	woołtsiʼ
yiyiiłtsééh	V;IND;PFV;NOM(2,SG)	síníłtsiʼ
yiyiiłtsééh	V;IND;PFV;NOM(3,SG)	yiyiiłtsiʼ
yiyiiłtsééh	V;IND;PFV;NOM(4,GRPL)	dajííłtsééʼ
yiyiiłtsééh	V;IND;PFV;NOM(4,PL)	jiiłtsiʼ
yiyiiłtsééh	V;IND;PFV;NOM(4,SG)	jiiłtsiʼ
yiyiiłtsééh	V;IND;PROSP;NOM(1,GRPL)	dadiiltsih
yiyiiłtsééh	V;IND;PROSP;NOM(1,SG)	deeshtsih
yiyiiłtsééh	V;IND;PROSP;NOM(2,GRPL)	dadoołtsih
yiyiiłtsééh	V;IND;PROSP;NOM(2,PL)	doołtsih
yiyiiłtsééh	V;IND;PROSP;NOM(4,GRPL)	dazhdoołtsih
yiyiiłtsóóh	V;IND;IPFV;NOM(1,GRPL)	deiiltsóóh
yiyiiłtsóóh	V;IND;IPFV;NOM(1,PL)	yiiltsóóh
yiyiiłtsóóh	V;IND;IPFV;NOM(1,SG)	yishłtsóóh
yiyiiłtsóóh	V;IND;IPFV;NOM(2,GRPL)	daałtsóóh
yiyiiłtsóóh	V;IND;IPFV;NOM(2,PL)	wołtsóóh
yiyiiłtsóóh	V;IND;IPFV;NOM(2,SG)	niłtsóóh
yiyiiłtsóóh	V;IND;IPFV;NOM(3,GRPL)	deiyiiłtsóóh
yiyiiłtsóóh	V;IND;IPFV;NOM(3,PL)	yiiłtsóóh
yiyiiłtsóóh	V;IND;IPFV;NOM(3,SG)	yiiłtsóóh
yiyiiłtsóóh	V;IND;IPFV;NOM(4,GRPL)	dajiiłtsóóh
yiyiiłtsóóh	V;IND;IPFV;NOM(4,PL)	jiiłtsóóh
yiyiiłtsóóh	V;IND;IPFV;NOM(4,SG)	jiiłtsóóh
yiyiiłtsóóh	V;IND;PFV;NOM(1,GRPL)	deiiltsoʼ
yiyiiłtsóóh	V;IND;PFV;NOM(1,PL)	yiiltsoʼ
yiyiiłtsóóh	V;IND;PFV;NOM(1,SG)	yishtsoʼ
yiyiiłtsóóh	V;IND;PFV;NOM(2,GRPL)	dasoołtsoʼ
yiyiiłtsóóh	V;IND;PFV;NOM(2,PL)	woołtsoʼ
yiyiiłtsóóh	V;IND;PFV;NOM(2,SG)	síníłtsoʼ
yiyiiłtsóóh	V;IND;PFV;NOM(3,GRPL)	deiyííłtsoʼ
yiyiiłtsóóh	V;IND;PFV;NOM(3,PL)	yiyiiłtsoʼ
yiyiiłtsóóh	V;IND;PFV;NOM(3,SG)	yiyiiłtsoʼ
yiyiiłtsóóh	V;IND;PFV;NOM(4,GRPL)	dajííłtsoʼ
yiyiiłtsóóh	V;IND;PFV;NOM(4,PL)	jiiłtsoʼ
yiyiiłtsóóh	V;IND;PFV;NOM(4,SG)	jiiłtsoʼ
yiłchʼal	V;IND;IPFV;NOM(1,GRPL)	deiilchʼal
yiłchʼal	V;IND;IPFV;NOM(2,PL)	wołchʼal
yiłchʼal	V;IND;IPFV;NOM(2,SG)	niłchʼal
yiłchʼal	V;IND;IPFV;NOM(3,SG)	yiłchʼal
yiłchʼal	V;IND;IPFV;NOM(4,GRPL)	dajiłchʼal
yiłchʼal	V;IND;IPFV;NOM(4,SG)	jiłchʼal
yiłchʼal	V;IND;PFV;NOM(1,GRPL)	deiilchʼal
yiłchʼal	V;IND;PFV;NOM(1,SG)	yíłchʼal
yiłchʼal	V;IND;PFV;NOM(2,GRPL)	dasoołchʼal
yiłchʼal	V;IND;PFV;NOM(2,PL)	woołchʼal
yiłchʼal	V;IND;PFV;NOM(2,SG)	shíníłchʼal
yiłchʼal	V;IND;PFV;NOM(3,PL)	yiyííłchʼal
yiłchʼal	V;IND;PFV;NOM(3,SG)	yiyííłchʼal
yiłchʼal	V;IND;PFV;NOM(4,GRPL)	dajííłchʼal
yiłchʼal	V;IND;PFV;NOM(4,PL)	joołchʼal
yiłchʼal	V;IND;PFV;NOM(4,SG)	jííłchʼal
yiłchʼal	V;IND;PROSP;NOM(1,SG)	deeshchʼał
yiłchʼal	V;IND;PROSP;NOM(3,GRPL)	dadoołchʼał
yiłchʼal	V;IND;PROSP;NOM(3,PL)	doołchʼał
yiłchʼal	V;IND;PROSP;NOM(3,SG)	doołchʼał
yiłchʼal	V;IND;PROSP;NOM(4,GRPL)	dazhdoołchʼał
yiłchʼal	V;IND;PROSP;NOM(4,PL)	jidoołchʼał
yiłchʼal	V;IND;PROSP;NOM(4,SG)	jidoołchʼał
yiłdin	V;IND;IPFV;NOM(1,GRPL)	deiildin
yiłdin	V;IND;IPFV;NOM(1,PL)	yiildin
yiłdin	V;IND;IPFV;NOM(1,SG)	yishdin
yiłdin	V;IND;IPFV;NOM(2,GRPL)	daałdin
yiłdin	V;IND;IPFV;NOM(2,PL)	wołdin
yiłdin	V;IND;IPFV;NOM(2,SG)	niłdin
yiłdin	V;IND;IPFV;NOM(3,GRPL)	deiłdin
yiłdin	V;IND;IPFV;NOM(3,PL)	yiłdin
yiłdin	V;IND;IPFV;NOM(3,SG)	yiłdin
yiłdin	V;IND;IPFV;NOM(4,GRPL)	dajiłdin
yiłdin	V;IND;IPFV;NOM(4,PL)	jiłdin
yiłdin	V;IND;IPFV;NOM(4,SG)	jiłdin
yiłdin	V;IND;PFV;NOM(1,GRPL)	dasiildin
yiłdin	V;IND;PFV;NOM(1,PL)	yiildin
yiłdin	V;IND;PFV;NOM(1,SG)	yíłdin
yiłdin	V;IND;PFV;NOM(2,GRPL)	dasoołdin
yiłdin	V;IND;PFV;NOM(2,PL)	wołdin
yiłdin	V;IND;PFV;NOM(2,SG)	síníłdin
yiłdin	V;IND;PFV;NOM(3,GRPL)	dayííłdin
yiłdin	V;IND;PFV;NOM(3,SG)	yiłdin
yiłdin	V;IND;PFV;NOM(4,GRPL)	dajííłdin
yiłdin	V;IND;PFV;NOM(4,PL)	jííłdin
yiłdin	V;IND;PFV;NOM(4,SG)	jííłdin
yiłhaał	V;IND;IPFV;NOM(1,GRPL)	deiilghaał
yiłhaał	V;IND;IPFV;NOM(1,PL)	yiilghaał
yiłhaał	V;IND;IPFV;NOM(1,SG)	yishhaał
yiłhaał	V;IND;IPFV;NOM(2,GRPL)	daałhaał
yiłhaał	V;IND;IPFV;NOM(2,PL)	wołhaał
yiłhaał	V;IND;IPFV;NOM(2,SG)	niłhaał
yiłhaał	V;IND;IPFV;NOM(3,GRPL)	deiłhaał
yiłhaał	V;IND;IPFV;NOM(3,PL)	yiłhaał
yiłhaał	V;IND;IPFV;NOM(3,SG)	yiłhaał
yiłhaał	V;IND;IPFV;NOM(4,GRPL)	dajiłhaał
yiłhaał	V;IND;IPFV;NOM(4,PL)	jiłhaał
yiłhaał	V;IND;IPFV;NOM(4,SG)	jiłhaał
yiłhaał	V;IND;PFV;NOM(1,GRPL)	deiilghaal
yiłhaał	V;IND;PFV;NOM(1,PL)	yiilghaal
yiłhaał	V;IND;PFV;NOM(1,SG)	yíłhaal
yiłhaał	V;IND;PFV;NOM(2,GRPL)	dasoołhaal
yiłhaał	V;IND;PFV;NOM(2,PL)	woołhaal
yiłhaał	V;IND;PFV;NOM(2,SG)	síníłhaal
yiłhaał	V;IND;PFV;NOM(3,GRPL)	dayííłhaal
yiłhaał	V;IND;PFV;NOM(3,PL)	yiłhaal
yiłhaał	V;IND;PFV;NOM(3,SG)	yiyííłhaal
yiłhaał	V;IND;PFV;NOM(4,GRPL)	dajííłhaal
yiłhaał	V;IND;PFV;NOM(4,PL)	jííłhaal
yiłhaał	V;IND;PFV;NOM(4,SG)	jííłhaal
yiłnaad	V;IND;IPFV;NOM(1,GRPL)	deiilnaad
yiłnaad	V;IND;IPFV;NOM(1,PL)	yiilnaad
yiłnaad	V;IND;IPFV;NOM(1,SG)	yishnaad
yiłnaad	V;IND;IPFV;NOM(2,SG)	niłnaad
yiłnaad	V;IND;IPFV;NOM(3,PL)	yiłnaad
yiłnaad	V;IND;IPFV;NOM(4,GRPL)	dajiłnaad
yiłnaad	V;IND;IPFV;NOM(4,PL)	jiłnaad
yiłnaad	V;IND;IPFV;NOM(4,SG)	jiłnaad
yiłnaad	V;IND;PFV;NOM(1,GRPL)	dasiilnaad
yiłnaad	V;IND;PFV;NOM(1,PL)	yiilnaad
yiłnaad	V;IND;PFV;NOM(1,SG)	yíłnáád
yiłnaad	V;IND;PFV;NOM(2,SG)	síníłnáád
yiłnaad	V;IND;PFV;NOM(3,GRPL)	dayííłnáád
yiłnaad	V;IND;PFV;NOM(3,SG)	yiyííłnáád
yiłnaad	V;IND;PFV;NOM(4,GRPL)	dajííłnáád
yiłnaad	V;IND;PFV;NOM(4,PL)	jííłnáád
yiłnaad	V;IND;PFV;NOM(4,SG)	jííłnáád
yiłnaad	V;IND;PROSP;NOM(1,PL)	diilnał
yiłnaad	V;IND;PROSP;NOM(1,SG)	deeshnáł
yiłnaad	V;IND;PROSP;NOM(2,PL)	doołnał
yiłnaad	V;IND;PROSP;NOM(3,GRPL)	dadoołnał
yiłnaad	V;IND;PROSP;NOM(4,SG)	jidoołnał
yiłneʼ	V;IND;IPFV;NOM(1,GRPL)	deiilneʼ
yiłneʼ	V;IND;IPFV;NOM(1,PL)	yiilneʼ
yiłneʼ	V;IND;IPFV;NOM(1,SG)	yishneʼ
yiłneʼ	V;IND;IPFV;NOM(2,GRPL)	daałneʼ
yiłneʼ	V;IND;IPFV;NOM(2,PL)	wołneʼ
yiłneʼ	V;IND;IPFV;NOM(2,SG)	niłneʼ
yiłneʼ	V;IND;IPFV;NOM(3,GRPL)	deiłneʼ
yiłneʼ	V;IND;IPFV;NOM(3,PL)	yiłneʼ
yiłneʼ	V;IND;IPFV;NOM(3,SG)	yiłneʼ
yiłneʼ	V;IND;IPFV;NOM(4,GRPL)	dajiłneʼ
yiłneʼ	V;IND;IPFV;NOM(4,PL)	jiłneʼ
yiłneʼ	V;IND;IPFV;NOM(4,SG)	jiłneʼ
yiłneʼ	V;IND;PFV;NOM(1,GRPL)	dasiilneʼ
yiłneʼ	V;IND;PFV;NOM(1,PL)	yiilneʼ
yiłneʼ	V;IND;PFV;NOM(1,SG)	yíłneʼ
yiłneʼ	V;IND;PFV;NOM(2,GRPL)	dasoołneʼ
yiłneʼ	V;IND;PFV;NOM(2,PL)	woołneʼ
yiłneʼ	V;IND;PFV;NOM(2,SG)	síníłneʼ
yiłneʼ	V;IND;PFV;NOM(3,GRPL)	dayííłneʼ
yiłneʼ	V;IND;PFV;NOM(3,PL)	yiyííłneʼ
yiłneʼ	V;IND;PFV;NOM(3,SG)	yiyííłneʼ
yiłneʼ	V;IND;PFV;NOM(4,GRPL)	dajííłneʼ
yiłneʼ	V;IND;PFV;NOM(4,PL)	jííłneʼ
yiłneʼ	V;IND;PFV;NOM(4,SG)	jííłneʼ
yiłtin	V;IND;IPFV;NOM(1,GRPL)	deiiltin
yiłtin	V;IND;IPFV;NOM(1,PL)	yiiltin
yiłtin	V;IND;IPFV;NOM(1,SG)	yishtin
yiłtin	V;IND;IPFV;NOM(2,GRPL)	daałtin
yiłtin	V;IND;IPFV;NOM(2,PL)	wołtin
yiłtin	V;IND;IPFV;NOM(2,SG)	niłtin
yiłtin	V;IND;IPFV;NOM(3,GRPL)	deiłtin
yiłtin	V;IND;IPFV;NOM(3,PL)	yiłtin
yiłtin	V;IND;IPFV;NOM(3,SG)	yiłtin
yiłtin	V;IND;IPFV;NOM(4,GRPL)	dajiłtin
yiłtin	V;IND;IPFV;NOM(4,PL)	jiłtin
yiłtin	V;IND;IPFV;NOM(4,SG)	jiłtin
yiłtin	V;IND;PFV;NOM(1,GRPL)	deiiltin
yiłtin	V;IND;PFV;NOM(1,PL)	yiiltin
yiłtin	V;IND;PFV;NOM(1,SG)	yíłtin
yiłtin	V;IND;PFV;NOM(2,GRPL)	dasoołtin
yiłtin	V;IND;PFV;NOM(2,PL)	wołtin
yiłtin	V;IND;PFV;NOM(2,SG)	síníłtin
yiłtin	V;IND;PFV;NOM(3,GRPL)	dayííłtin
yiłtin	V;IND;PFV;NOM(3,PL)	yiłtin
yiłtin	V;IND;PFV;NOM(3,SG)	yiłtin
yiłtin	V;IND;PFV;NOM(4,GRPL)	dajííłtin
yiłtin	V;IND;PFV;NOM(4,PL)	jííłtin
yiłtin	V;IND;PFV;NOM(4,SG)	jííłtin
yiłtsʼééh	V;IND;IPFV;NOM(1,GRPL)	deiiltsʼééh
yiłtsʼééh	V;IND;IPFV;NOM(1,PL)	yiiltsʼééh
yiłtsʼééh	V;IND;IPFV;NOM(1,SG)	yishtsʼééh
yiłtsʼééh	V;IND;IPFV;NOM(2,GRPL)	daałtsʼééh
yiłtsʼééh	V;IND;IPFV;NOM(2,PL)	wołtsʼééh
yiłtsʼééh	V;IND;IPFV;NOM(2,SG)	niłtsʼééh
yiłtsʼééh	V;IND;IPFV;NOM(3,GRPL)	deiłtsʼééh
yiłtsʼééh	V;IND;IPFV;NOM(3,PL)	yiłtsʼééh
yiłtsʼééh	V;IND;IPFV;NOM(3,SG)	yiłtsʼééh
yiłtsʼééh	V;IND;IPFV;NOM(4,GRPL)	dajiłtsʼééh
yiłtsʼééh	V;IND;IPFV;NOM(4,PL)	jiłtsʼééh
yiłtsʼééh	V;IND;IPFV;NOM(4,SG)	jiłtsʼééh
yiłtsʼééh	V;IND;PFV;NOM(1,GRPL)	dasiiltsʼiʼ
yiłtsʼééh	V;IND;PFV;NOM(1,PL)	yiiltsʼiʼ
yiłtsʼééh	V;IND;PFV;NOM(1,SG)	yíłtsʼiʼ
yiłtsʼééh	V;IND;PFV;NOM(2,GRPL)	dasoołtsʼiʼ
yiłtsʼééh	V;IND;PFV;NOM(2,PL)	wołtsʼiʼ
yiłtsʼééh	V;IND;PFV;NOM(2,SG)	síníłtsʼiʼ
yiłtsʼééh	V;IND;PFV;NOM(3,GRPL)	dayííłtsʼiʼ
yiłtsʼééh	V;IND;PFV;NOM(3,PL)	yiłtsʼiʼ
yiłtsʼééh	V;IND;PFV;NOM(3,SG)	yiłtsʼiʼ
yiłtsʼééh	V;IND;PFV;NOM(4,GRPL)	dajííłtsʼiʼ
yiłtsʼééh	V;IND;PFV;NOM(4,PL)	jííłtsʼiʼ
yiłtsʼééh	V;IND;PFV;NOM(4,SG)	jííłtsʼiʼ
yiłtʼees	V;IND;IPFV;NOM(1,GRPL)	deiiltʼees
yiłtʼees	V;IND;IPFV;NOM(1,PL)	yiiltʼees
yiłtʼees	V;IND;IPFV;NOM(1,SG)	yishtʼees
yiłtʼees	V;IND;IPFV;NOM(2,GRPL)	daałtʼees
yiłtʼees	V;IND;IPFV;NOM(2,PL)	wołtʼees
yiłtʼees	V;IND;IPFV;NOM(3,GRPL)	deiłtʼees
yiłtʼees	V;IND;IPFV;NOM(4,SG)	jiłtʼees
yiłtʼees	V;IND;PFV;NOM(1,PL)	yiiltʼééz
yiłtʼees	V;IND;PFV;NOM(2,GRPL)	dasoołtʼééz
yiłtʼees	V;IND;PFV;NOM(2,PL)	wołtʼééz
yiłtʼees	V;IND;PFV;NOM(3,GRPL)	dayííłtʼééz
yiłtʼees	V;IND;PFV;NOM(3,PL)	yiłtʼééz
yiłtʼees	V;IND;PFV;NOM(3,SG)	yiyííłtʼééz
yiłtʼees	V;IND;PROSP;NOM(1,PL)	diiltʼis
yiłtʼees	V;IND;PROSP;NOM(2,GRPL)	dadoołtʼis
yiłtʼees	V;IND;PROSP;NOM(2,PL)	doołtʼis
yiłtʼees	V;IND;PROSP;NOM(2,SG)	dííłtʼééł
yiłtʼees	V;IND;PROSP;NOM(3,GRPL)	dadoołtʼis
yiłtʼees	V;IND;PROSP;NOM(3,PL)	doołtʼis
yiłtʼees	V;IND;PROSP;NOM(3,SG)	doołtʼis
yiłtʼees	V;IND;PROSP;NOM(4,PL)	jidoołtʼis
yiłtʼees	V;IND;PROSP;NOM(4,SG)	jidoołtʼis
yootʼááł	V;IND;PFV;NOM(1,GRPL)	deiitʼááł
yootʼááł	V;IND;PFV;NOM(1,PL)	yiitʼááł
yootʼááł	V;IND;PFV;NOM(1,SG)	yishtʼááł
yootʼááł	V;IND;PFV;NOM(2,GRPL)	dasootʼááł
yootʼááł	V;IND;PFV;NOM(2,PL)	wootʼááł
yootʼááł	V;IND;PFV;NOM(2,SG)	yínítʼááł
yootʼááł	V;IND;PFV;NOM(3,GRPL)	deítʼááł
yootʼááł	V;IND;PFV;NOM(3,PL)	yootʼááł
yootʼááł	V;IND;PFV;NOM(3,SG)	yootʼááł
yootʼááł	V;IND;PFV;NOM(4,GRPL)	dajíítʼááł
yootʼááł	V;IND;PFV;NOM(4,PL)	jootʼááł
yootʼááł	V;IND;PFV;NOM(4,SG)	jootʼááł
yooznah	V;IND;IPFV;NOM(2,SG)	nooznah
yooznah	V;IND;IPFV;NOM(4,GRPL)	dajiznah
yooznah	V;IND;ITER;NOM(1,GRPL)	deiilznah
yooznah	V;IND;ITER;NOM(1,PL)	yiilznah
yooznah	V;IND;ITER;NOM(1,SG)	yishznah
yooznah	V;IND;ITER;NOM(2,PL)	wooznah
yooznah	V;IND;ITER;NOM(3,PL)	yooznah
yooznah	V;IND;ITER;NOM(4,PL)	jooznah
yooznah	V;IND;ITER;NOM(4,SG)	jooznah
yooznah	V;IND;PFV;NOM(2,PL)	wooznah
yooznah	V;IND;PFV;NOM(3,PL)	yooznah
yooznah	V;IND;PFV;NOM(3,SG)	yooznah
yooznah	V;IND;PROSP;NOM(1,GRPL)	dadiilznah
yooznah	V;IND;PROSP;NOM(2,GRPL)	dadooznah
yooznah	V;IND;PROSP;NOM(2,SG)	dííznah
yooznah	V;IND;PROSP;NOM(3,GRPL)	dadooznah
yooznah	V;IND;PROSP;NOM(3,SG)	dooznah
yooznah	V;IND;PROSP;NOM(4,GRPL)	dazhdooznah
yooznah	V;IND;PROSP;NOM(4,SG)	jidooznah
yooznah	V;OPT;NOM(3,GRPL)	deidooznah
yooznah	V;OPT;NOM(3,SG)	yooznah
yooznah	V;OPT;NOM(4,GRPL)	dazhdooznah
yooznah	V;OPT;NOM(4,SG)	jooznah
yoozǫ́ǫ́s	V;IND;PFV;NOM(1,GRPL)	deiilzǫ́ǫ́z
yoozǫ́ǫ́s	V;IND;PFV;NOM(1,PL)	yiilzǫ́ǫ́z
yoozǫ́ǫ́s	V;IND;PFV;NOM(1,SG)	yízǫ́ǫ́z
yoozǫ́ǫ́s	V;IND;PFV;NOM(2,GRPL)	dasoozǫ́ǫ́z
yoozǫ́ǫ́s	V;IND;PFV;NOM(2,PL)	woozǫ́ǫ́z
yoozǫ́ǫ́s	V;IND;PFV;NOM(2,SG)	nisǫ́ǫ́z
yoozǫ́ǫ́s	V;IND;PFV;NOM(3,GRPL)	deízǫ́ǫ́z
yoozǫ́ǫ́s	V;IND;PFV;NOM(3,PL)	yoozǫ́ǫ́z
yoozǫ́ǫ́s	V;IND;PFV;NOM(3,SG)	yoozǫ́ǫ́z
yoozǫ́ǫ́s	V;IND;PFV;NOM(4,GRPL)	dajizǫ́ǫ́z
yoozǫ́ǫ́s	V;IND;PFV;NOM(4,PL)	joozǫ́ǫ́z
yoozǫ́ǫ́s	V;IND;PFV;NOM(4,SG)	joozǫ́ǫ́z
yoołbąs	V;IND;PFV;NOM(1,GRPL)	deiilbą́z
yoołbąs	V;IND;PFV;NOM(1,PL)	yiilbą́z
yoołbąs	V;IND;PFV;NOM(1,SG)	yíłbą́z
yoołbąs	V;IND;PFV;NOM(2,GRPL)	dasoołbą́z
yoołbąs	V;IND;PFV;NOM(2,PL)	woołbą́z
yoołbąs	V;IND;PFV;NOM(2,SG)	síníłbą́z
yoołbąs	V;IND;PFV;NOM(3,GRPL)	deíłbą́z
yoołbąs	V;IND;PFV;NOM(3,PL)	yoołbą́z
yoołbąs	V;IND;PFV;NOM(3,SG)	yoołbą́z
yoołbąs	V;IND;PFV;NOM(4,GRPL)	dajííłbą́z
yoołbąs	V;IND;PFV;NOM(4,PL)	joołbą́z
yoołbąs	V;IND;PFV;NOM(4,SG)	joołbą́z
yoołtʼah	V;IND;PFV;NOM(1,GRPL)	deiiltʼaʼ
yoołtʼah	V;IND;PFV;NOM(1,PL)	yiiltʼah
yoołtʼah	V;IND;PFV;NOM(1,SG)	yíłtʼaʼ
yoołtʼah	V;IND;PFV;NOM(2,GRPL)	dasoołtʼah
yoołtʼah	V;IND;PFV;NOM(2,PL)	woołtʼah
yoołtʼah	V;IND;PFV;NOM(2,SG)	síníłtʼaʼ
yoołtʼah	V;IND;PFV;NOM(3,GRPL)	deíłtʼaʼ
yoołtʼah	V;IND;PFV;NOM(3,PL)	yoołtʼah
yoołtʼah	V;IND;PFV;NOM(3,SG)	yoołtʼah
yoołtʼah	V;IND;PFV;NOM(4,GRPL)	dajííłtʼaʼ
yoołtʼah	V;IND;PFV;NOM(4,PL)	joołtʼah
yoołtʼah	V;IND;PFV;NOM(4,SG)	joołtʼaʼ
yólgę́ę́zh	V;IND;PFV;NOM(1,GRPL)	dasiilgę́ę́zh
yólgę́ę́zh	V;IND;PFV;NOM(1,PL)	yiilgę́ę́zh
yólgę́ę́zh	V;IND;PFV;NOM(1,SG)	yíníshgę́ę́zh
yólgę́ę́zh	V;IND;PFV;NOM(2,GRPL)	dasoołgę́ę́zh
yólgę́ę́zh	V;IND;PFV;NOM(2,PL)	woołgę́ę́zh
yólgę́ę́zh	V;IND;PFV;NOM(2,SG)	nílgę́ę́zh
yólgę́ę́zh	V;IND;PFV;NOM(3,GRPL)	dayíílgę́ę́zh
yólgę́ę́zh	V;IND;PFV;NOM(3,PL)	yílgę́ę́zh
yólgę́ę́zh	V;IND;PFV;NOM(3,SG)	yílgę́ę́zh
yólgę́ę́zh	V;IND;PFV;NOM(4,GRPL)	dajíílgę́ę́zh
yólgę́ę́zh	V;IND;PFV;NOM(4,PL)	jíílgę́ę́zh
yólgę́ę́zh	V;IND;PFV;NOM(4,SG)	jíílgę́ę́zh
łitsxo	V;IND;PFV;NOM(1,GRPL)	dasiitsxo
łitsxo	V;IND;PFV;NOM(1,PL)	łiitsxo
łitsxo	V;IND;PFV;NOM(1,SG)	łistsxo
łitsxo	V;IND;PFV;NOM(2,GRPL)	dasootsxo
łitsxo	V;IND;PFV;NOM(2,PL)	wootsxo
łitsxo	V;IND;PFV;NOM(2,SG)	łinítsxo
łitsxo	V;IND;PFV;NOM(3,GRPL)	deíłitsxo
łitsxo	V;IND;PFV;NOM(3,PL)	łitsxo
łitsxo	V;IND;PFV;NOM(3,SG)	łitsxo
łitsxo	V;IND;PFV;NOM(4,GRPL)	dajíítsxo
łitsxo	V;IND;PFV;NOM(4,PL)	jíítsxo
łitsxo	V;IND;PFV;NOM(4,SG)	jíítsxo
łíidilchí	V;IND;IPFV;NOM(1,GRPL)	deiidiilchí
łíidilchí	V;IND;IPFV;NOM(1,PL)	łíidiilchí
łíidilchí	V;IND;IPFV;NOM(1,SG)	łíshdishchí
łíidilchí	V;IND;IPFV;NOM(2,GRPL)	dałídadoołchí
łíidilchí	V;IND;IPFV;NOM(2,PL)	łídoołchí
łíidilchí	V;IND;IPFV;NOM(2,SG)	łínídilchí
łíidilchí	V;IND;IPFV;NOM(3,GRPL)	dałídidilchí
łíidilchí	V;IND;IPFV;NOM(3,PL)	łíidilchí
łíidilchí	V;IND;IPFV;NOM(3,SG)	łíidilchí
łíidilchí	V;IND;IPFV;NOM(4,GRPL)	dajidilchí
łíidilchí	V;IND;IPFV;NOM(4,PL)	łíjidilchí
łíidilchí	V;IND;IPFV;NOM(4,SG)	łíjídilchí
łíidilchí	V;IND;PFV;NOM(1,GRPL)	dashiidiilchí
łíidilchí	V;IND;PFV;NOM(1,PL)	łíidiilchą́
łíidilchí	V;IND;PFV;NOM(1,SG)	łíídíílchą́ą́ʼ
łíidilchí	V;IND;PFV;NOM(2,GRPL)	dałídadoołchą́ą́ʼ
łíidilchí	V;IND;PFV;NOM(2,PL)	łínoołchą́ą́ʼ
łíidilchí	V;IND;PFV;NOM(2,SG)	łínídíílchą́
łíidilchí	V;IND;PFV;NOM(3,GRPL)	łídeidilchí
łíidilchí	V;IND;PFV;NOM(3,PL)	łíidilchí
łíidilchí	V;IND;PFV;NOM(3,SG)	łíidíílchí
łíidilchí	V;IND;PFV;NOM(4,GRPL)	dajídíílchí
łíidilchí	V;IND;PFV;NOM(4,PL)	łíjídilchí
łíidilchí	V;IND;PFV;NOM(4,SG)	jíídilchí
accuracy:0.378