neptunsky	ADV;CMPR	neneneptunštěji
neptunsky	ADV;CMPR	neneneptunštěji
vulkanizovanost	N;ACC(PL,FEM)	vulkanizovanosti
vulkanizovanost	N;ESS(PL,FEM)	vulkanizovanostech
vulkanizovanost	N;INS(PL,FEM)	vulkanizovanostmi
vulkanizovanost	N;DAT(SG,FEM)	vulkanizovanosti
vulkanizovanost	N;VOC(SG,FEM)	vulkanizovanosti
zestarávající	ADJ;INS(DU,FEM)	zestarávajícíma
zestarávající	ADJ;GEN(PL,FEM)	zestarávajících
zestarávající	ADJ;DAT(PL,FEM)	zestarávajícím
zestarávající	ADJ;ACC(PL,FEM)	zestarávající
zestarávající	ADJ;INS(PL,FEM)	zestarávajícími
zestarávající	ADJ;NOM(SG,FEM)	zestarávající
zestarávající	ADJ;GEN(PL,MASC,INAN)	zestarávajících
zestarávající	ADJ;DAT(PL,MASC,INAN)	zestarávajícím
zestarávající	ADJ;NOM(SG,MASC,INAN)	zestarávající
zestarávající	ADJ;GEN(SG,MASC,INAN)	zestarávajícího
zestarávající	ADJ;DAT(SG,MASC,INAN)	zestarávajícímu
zestarávající	ADJ;ESS(SG,MASC,INAN)	zestarávajícím
zestarávající	ADJ;INS(SG,MASC,INAN)	zestarávajícím
zestarávající	ADJ;DAT(PL,MASC,ANIM)	zestarávajícím
zestarávající	ADJ;VOC(PL,MASC,ANIM)	zestarávající
zestarávající	ADJ;NOM(SG,MASC,ANIM)	zestarávající
zestarávající	ADJ;GEN(SG,MASC,ANIM)	zestarávajícího
zestarávající	ADJ;VOC(SG,MASC,ANIM)	zestarávající
zestarávající	ADJ;GEN(PL,NEUT)	zestarávajících
zestarávající	ADJ;ACC(PL,NEUT)	zestarávající
zestarávající	ADJ;ESS(PL,NEUT)	zestarávajících
zestarávající	ADJ;NOM(SG,NEUT)	zestarávající
zestarávající	ADJ;GEN(SG,NEUT)	zestarávajícího
zestarávající	ADJ;DAT(SG,NEUT)	zestarávajícímu
zestarávající	ADJ;ESS(SG,NEUT)	zestarávajícím
zestarávající	ADJ;INS(SG,NEUT)	zestarávajícím
natrucombudsmančin	ADJ;GEN(PL,FEM)	natrucombudsmančiných
natrucombudsmančin	ADJ;ACC(PL,FEM)	natrucombudsmančiny
natrucombudsmančin	ADJ;INS(PL,FEM)	natrucombudsmančinými
natrucombudsmančin	ADJ;NOM(SG,FEM)	natrucombudsmančina
natrucombudsmančin	ADJ;GEN(SG,FEM)	natrucombudsmančiny
natrucombudsmančin	ADJ;ACC(SG,FEM)	natrucombudsmančinu
natrucombudsmančin	ADJ;VOC(SG,FEM)	natrucombudsmančina
natrucombudsmančin	ADJ;NOM(PL,MASC,INAN)	natrucombudsmančiny
natrucombudsmančin	ADJ;GEN(PL,MASC,INAN)	natrucombudsmančiných
natrucombudsmančin	ADJ;DAT(PL,MASC,INAN)	natrucombudsmančiným
natrucombudsmančin	ADJ;ACC(PL,MASC,INAN)	natrucombudsmančiny
natrucombudsmančin	ADJ;ESS(PL,MASC,INAN)	natrucombudsmančiných
natrucombudsmančin	ADJ;INS(PL,MASC,INAN)	natrucombudsmančinými
natrucombudsmančin	ADJ;GEN(SG,MASC,INAN)	natrucombudsmančina
natrucombudsmančin	ADJ;ACC(SG,MASC,INAN)	natrucombudsmančin
natrucombudsmančin	ADJ;NOM(PL,MASC,ANIM)	natrucombudsmančini
natrucombudsmančin	ADJ;ACC(PL,MASC,ANIM)	natrucombudsmančiny
natrucombudsmančin	ADJ;ESS(PL,MASC,ANIM)	natrucombudsmančiných
natrucombudsmančin	ADJ;NOM(SG,MASC,ANIM)	natrucombudsmančin
natrucombudsmančin	ADJ;DAT(SG,MASC,ANIM)	natrucombudsmančinu
natrucombudsmančin	ADJ;ESS(SG,MASC,ANIM)	natrucombudsmančině
natrucombudsmančin	ADJ;INS(SG,MASC,ANIM)	natrucombudsmančiným
natrucombudsmančin	ADJ;NOM(PL,NEUT)	natrucombudsmančina
natrucombudsmančin	ADJ;GEN(PL,NEUT)	natrucombudsmančiných
natrucombudsmančin	ADJ;VOC(PL,NEUT)	natrucombudsmančina
natrucombudsmančin	ADJ;DAT(SG,NEUT)	natrucombudsmančinu
natrucombudsmančin	ADJ;VOC(SG,NEUT)	natrucombudsmančino
natrucombudsmančin	ADJ;ESS(SG,NEUT)	natrucombudsmančině
opískovávací	ADJ;INS(DU,FEM)	opískovávacíma
opískovávací	ADJ;NOM(PL,FEM)	opískovávací
opískovávací	ADJ;ACC(PL,FEM)	opískovávací
opískovávací	ADJ;VOC(PL,FEM)	opískovávací
opískovávací	ADJ;ESS(PL,FEM)	opískovávacích
opískovávací	ADJ;INS(PL,FEM)	opískovávacími
opískovávací	ADJ;DAT(SG,FEM)	opískovávací
opískovávací	ADJ;ACC(SG,FEM)	opískovávací
opískovávací	ADJ;ESS(SG,FEM)	opískovávací
opískovávací	ADJ;INS(PL,MASC,INAN)	opískovávacími
opískovávací	ADJ;GEN(SG,MASC,INAN)	opískovávacího
opískovávací	ADJ;DAT(SG,MASC,INAN)	opískovávacímu
opískovávací	ADJ;ACC(SG,MASC,INAN)	opískovávací
opískovávací	ADJ;VOC(SG,MASC,INAN)	opískovávací
opískovávací	ADJ;NOM(PL,MASC,ANIM)	opískovávací
opískovávací	ADJ;ACC(PL,MASC,ANIM)	opískovávací
opískovávací	ADJ;VOC(PL,MASC,ANIM)	opískovávací
opískovávací	ADJ;GEN(PL,NEUT)	opískovávacích
opískovávací	ADJ;ACC(PL,NEUT)	opískovávací
opískovávací	ADJ;VOC(PL,NEUT)	opískovávací
opískovávací	ADJ;INS(PL,NEUT)	opískovávacími
opískovávací	ADJ;NOM(SG,NEUT)	opískovávací
opískovávací	ADJ;GEN(SG,NEUT)	opískovávacího
opískovávací	ADJ;DAT(SG,NEUT)	opískovávacímu
opískovávací	ADJ;VOC(SG,NEUT)	opískovávací
opískovávací	ADJ;ESS(SG,NEUT)	opískovávacím
vyžďuchanost	N;NOM(PL,FEM)	vyžďuchanosti
vyžďuchanost	N;DAT(SG,FEM)	vyžďuchanosti
vyžďuchanost	N;ACC(SG,FEM)	vyžďuchanost
povelák	N;NOM(PL,MASC,INAN)	poveláky
povelák	N;GEN(PL,MASC,INAN)	poveláků
povelák	N;ACC(PL,MASC,INAN)	poveláky
povelák	N;ESS(PL,MASC,INAN)	povelákech
povelák	N;INS(PL,MASC,INAN)	poveláky
povelák	N;GEN(SG,MASC,INAN)	poveláka
povelák	N;DAT(SG,MASC,INAN)	povelákovu
povelák	N;ACC(SG,MASC,INAN)	povelák
povelák	N;VOC(SG,MASC,INAN)	povelák
povelák	N;ESS(SG,MASC,INAN)	poveláku
povelák	N;INS(SG,MASC,INAN)	povelákem
zrozkotávatelně	ADV;CMPR	nezrozkotávatelněji
zrozkotávatelně	ADV;CMPR	nezrozkotávatelněji
zrozkotávatelně	ADV;SPRL	nejnezrozkotávatelněji
zrozkotávatelně	ADV;SPRL	nejnezrozkotávatelněji
dotlačovávat	V;PRS;IND;IPFV;1;PL	dotlačovávejme
dotlačovávat	V;PRS;IND;NEG;IPFV;1;PL	nedotlačovávejme
dotlačovávat	V;PRS;IND;IPFV;2;PL	dotlačovávejte
dotlačovávat	V;PRS;IND;IPFV;3;PL	dotlačovává
dotlačovávat	V;PRS;IND;IPFV;1;SG	dotlačovávám
dotlačovávat	V;PRS;IND;NEG;IPFV;3;SG	nedotlačovává
dotlačovávat	V;NFIN;IPFV	dotlačovávat
dotlačovávat	V;FUT;IND;IPFV;1;SG	budu dotlačovávat
dotlačovávat	V;FUT;IND;NEG;IPFV;2;SG	nebudeš dotlačovávat
dotlačovávat	V;FUT;IND;NEG;IPFV;3;SG	nebude dotlačovávat
dotlačovávat	V;FUT;IND;NEG;IPFV;1;PL	nebudeme dotlačovávat
dotlačovávat	V;FUT;IND;IPFV;2;PL	budete dotlačovávat
dotlačovávat	V;IMP;NEG;IPFV;2;PL	nedotlačovávejte
dotlačovávat	V;IMP;IPFV;2;SG	dotlačovávej
dotlačovávat	V;PST;IND;IPFV;2;PL;MASC;ANIM	dotlačovávali jste
dotlačovávat	V;COND;PRS;IPFV;1;PL;MASC;ANIM	dotlačovávali bychom
dotlačovávat	V;COND;PRS;IPFV;2;PL;MASC;ANIM	dotlačovávali byste
dotlačovávat	V;COND;PST;IPFV;3;PL;MASC;ANIM	byli by dotlačovávali
dotlačovávat	V;COND;PST;IPFV;2;PL;MASC;ANIM	byli byste dotlačovávali
dotlačovávat	V;PST;IND;NEG;IPFV;1;PL;MASC;ANIM	nedotlačovávali jsme
dotlačovávat	V;PST;IND;NEG;IPFV;2;PL;MASC;ANIM	nedotlačovávali jste
dotlačovávat	V;COND;PRS;NEG;IPFV;3;PL;MASC;ANIM	nedotlačovávali by
dotlačovávat	V;COND;PRS;NEG;IPFV;2;PL;MASC;ANIM	nedotlačovávali byste
dotlačovávat	V;COND;PST;NEG;IPFV;2;PL;MASC;ANIM	nebyli byste dotlačovávali
dotlačovávat	V;PST;IND;IPFV;2;SG;NEUT	dotlačovávalo jsi
dotlačovávat	V;COND;PRS;IPFV;3;SG;NEUT	dotlačovávalo by
dotlačovávat	V;COND;PRS;IPFV;1;SG;NEUT	dotlačovávalo bych
dotlačovávat	V;COND;PRS;IPFV;2;SG;NEUT	dotlačovávalo bys
dotlačovávat	V;COND;PST;IPFV;3;SG;NEUT	bylo by dotlačovávalo
dotlačovávat	V;PST;IND;NEG;IPFV;2;SG;NEUT	nedotlačovávalo jsi
dotlačovávat	V;COND;PRS;NEG;IPFV;1;SG;NEUT	nedotlačovávalo bych
dotlačovávat	V;COND;PRS;NEG;IPFV;2;SG;NEUT	nedotlačovávalo bys
dotlačovávat	V;COND;PST;NEG;IPFV;2;SG;NEUT	nebylo bys dotlačovávalo
dotlačovávat	V;PST;IND;NEG;IPFV;2;SG;NEUT	nedotlačovávalo jsi
dotlačovávat	V;PST;IND;IPFV;1;SG;FEM	dotlačovávala jsem
dotlačovávat	V;COND;PST;IPFV;3;SG;FEM	byla by dotlačovávala
dotlačovávat	V;PST;IND;IPFV;3;PL;NEUT	dotlačovávala
dotlačovávat	V;PST;IND;IPFV;2;PL;NEUT	dotlačovávala jste
dotlačovávat	V;COND;PRS;IPFV;1;PL;NEUT	dotlačovávala bychom
dotlačovávat	V;COND;PRS;IPFV;2;PL;NEUT	dotlačovávala byste
dotlačovávat	V;COND;PST;IPFV;3;PL;NEUT	byla by dotlačovávala
dotlačovávat	V;COND;PST;IPFV;1;PL;NEUT	byla bychom dotlačovávala
dotlačovávat	V;COND;PST;IPFV;2;PL;NEUT	byla byste dotlačovávala
dotlačovávat	V;PST;IND;NEG;IPFV;3;SG;FEM	nedotlačovávala
dotlačovávat	V;COND;PRS;NEG;IPFV;3;SG;FEM	nedotlačovávala by
dotlačovávat	V;COND;PRS;NEG;IPFV;1;SG;FEM	nedotlačovávala bych
dotlačovávat	V;COND;PRS;NEG;IPFV;2;SG;FEM	nedotlačovávala bys
dotlačovávat	V;COND;PST;NEG;IPFV;1;SG;FEM	nebyla bych dotlačovávala
dotlačovávat	V;PST;IND;NEG;IPFV;3;PL;NEUT	nedotlačovávala
dotlačovávat	V;PST;IND;NEG;IPFV;1;PL;NEUT	nedotlačovávala jsme
dotlačovávat	V;COND;PRS;NEG;IPFV;1;PL;NEUT	nedotlačovávala bychom
dotlačovávat	V;PST;IND;IPFV;3;PL;FEM	dotlačovávaly
dotlačovávat	V;COND;PRS;IPFV;2;PL;FEM	dotlačovávaly byste
dotlačovávat	V;COND;PST;IPFV;1;PL;FEM	byly bychom dotlačovávaly
dotlačovávat	V;PST;IND;IPFV;2;PL;MASC;INAN	dotlačovávaly jste
dotlačovávat	V;COND;PRS;IPFV;3;PL;MASC;INAN	dotlačovávaly by
dotlačovávat	V;COND;PRS;IPFV;1;PL;MASC;INAN	dotlačovávaly bychom
dotlačovávat	V;COND;PRS;IPFV;2;PL;MASC;INAN	dotlačovávaly byste
dotlačovávat	V;COND;PST;IPFV;1;PL;MASC;INAN	byly bychom dotlačovávaly
dotlačovávat	V;COND;PST;IPFV;2;PL;MASC;INAN	byly byste dotlačovávaly
dotlačovávat	V;PST;IND;NEG;IPFV;3;PL;FEM	nedotlačovávaly
dotlačovávat	V;COND;PRS;NEG;IPFV;3;PL;FEM	nedotlačovávaly by
dotlačovávat	V;COND;PST;NEG;IPFV;2;PL;FEM	nebyly byste dotlačovávaly
dotlačovávat	V;PST;IND;NEG;IPFV;2;PL;MASC;INAN	nedotlačovávaly jste
dotlačovávat	V;COND;PRS;NEG;IPFV;3;PL;MASC;INAN	nedotlačovávaly by
dotlačovávat	V;COND;PST;NEG;IPFV;3;PL;MASC;INAN	nebyly by dotlačovávaly
dotlačovávat	V;COND;PST;NEG;IPFV;1;PL;MASC;INAN	nebyly bychom dotlačovávaly
dotlačovávat	V;COND;PST;NEG;IPFV;2;PL;MASC;INAN	nebyly byste dotlačovávaly
dotlačovávat	V;PST;IND;IPFV;1;SG;MASC	dotlačovával jsem
dotlačovávat	V;COND;PRS;IPFV;2;SG;MASC	dotlačovával bys
dotlačovávat	V;COND;PST;IPFV;1;SG;MASC	byl bych dotlačovával
dotlačovávat	V;PST;IND;IPFV;2;SG;MASC	dotlačovávals
dotlačovávat	V;PST;IND;NEG;IPFV;3;SG;MASC	nedotlačovával
dotlačovávat	V;COND;PRS;NEG;IPFV;1;SG;MASC	nedotlačovával bych
dotlačovávat	V;COND;PRS;NEG;IPFV;2;SG;MASC	nedotlačovával bys
dotlačovávat	V;COND;PST;NEG;IPFV;3;SG;MASC	nebyl by dotlačovával
dotlačovávat	V;COND;PST;NEG;IPFV;1;SG;MASC	nebyl bych dotlačovával
dotlačovávat	V;PST;IND;NEG;IPFV;2;SG;MASC	nedotlačovávals
dotlačovávat	V.PTCP;PASS;IPFV;NOM;NOM(2,SG,FEM)	dotlačovávánas
dotlačovávat	V.PTCP;PASS;NEG;IPFV;ACC;NOM(3,SG,FEM)	nedotlačovávánu
dotlačovávat	V.PTCP;PASS;IPFV;NOM;NOM(3,PL,MASC,ANIM)	dotlačováváni
dotlačovávat	V.PTCP;PASS;NEG;IPFV;NOM;NOM(2,SG,NEUT)	nedotlačovávános
dotlačovávat	V.PTCP;PASS;IPFV;NOM;NOM(3,SG,NEUT)	dotlačováváno
dotlačovávat	V.PTCP;PASS;NEG;IPFV;NOM;NOM(3,SG,NEUT)	nedotlačováváno
dotlačovávat	V.PTCP;PASS;NEG;IPFV;NOM;NOM(3,PL,NEUT)	nedotlačovávána
dotlačovávat	V.PTCP;PASS;IPFV;NOM;NOM(3,SG,MASC)	dotlačováván
dotlačovávat	V.PTCP;PASS;NEG;IPFV;NOM;NOM(3,SG,MASC)	nedotlačováván
třicetihaléřovost	N;DAT(PL,FEM)	třicetihaléřovostem
třicetihaléřovost	N;VOC(PL,FEM)	třicetihaléřovosti
třicetihaléřovost	N;ESS(PL,FEM)	třicetihaléřovostech
třicetihaléřovost	N;DAT(SG,FEM)	třicetihaléřovosti
třicetihaléřovost	N;INS(SG,FEM)	třicetihaléřovostí
delikventčin	ADJ;GEN(PL,FEM)	delikventčiných
delikventčin	ADJ;ESS(PL,FEM)	delikventčiných
delikventčin	ADJ;INS(PL,FEM)	delikventčinými
delikventčin	ADJ;NOM(SG,FEM)	delikventčina
delikventčin	ADJ;GEN(SG,FEM)	delikventčiny
delikventčin	ADJ;VOC(SG,FEM)	delikventčina
delikventčin	ADJ;ESS(SG,FEM)	delikventčině
delikventčin	ADJ;NOM(PL,MASC,INAN)	delikventčiny
delikventčin	ADJ;GEN(PL,MASC,INAN)	delikventčiných
delikventčin	ADJ;DAT(PL,MASC,INAN)	delikventčiným
delikventčin	ADJ;VOC(PL,MASC,INAN)	delikventčiny
delikventčin	ADJ;ESS(PL,MASC,INAN)	delikventčiných
delikventčin	ADJ;DAT(SG,MASC,INAN)	delikventčinu
delikventčin	ADJ;ACC(SG,MASC,INAN)	delikventčin
delikventčin	ADJ;ESS(SG,MASC,INAN)	delikventčině
delikventčin	ADJ;NOM(PL,MASC,ANIM)	delikventčini
delikventčin	ADJ;DAT(PL,MASC,ANIM)	delikventčiným
delikventčin	ADJ;ESS(PL,MASC,ANIM)	delikventčiných
delikventčin	ADJ;INS(PL,MASC,ANIM)	delikventčinými
delikventčin	ADJ;DAT(SG,MASC,ANIM)	delikventčinu
delikventčin	ADJ;ACC(SG,MASC,ANIM)	delikventčina
delikventčin	ADJ;ESS(SG,MASC,ANIM)	delikventčině
delikventčin	ADJ;INS(SG,MASC,ANIM)	delikventčiným
delikventčin	ADJ;NOM(PL,NEUT)	delikventčina
delikventčin	ADJ;DAT(PL,NEUT)	delikventčiným
delikventčin	ADJ;ACC(PL,NEUT)	delikventčina
delikventčin	ADJ;VOC(PL,NEUT)	delikventčina
delikventčin	ADJ;ESS(PL,NEUT)	delikventčiných
delikventčin	ADJ;INS(PL,NEUT)	delikventčinými
delikventčin	ADJ;DAT(SG,NEUT)	delikventčinu
delikventčin	ADJ;VOC(SG,NEUT)	delikventčino
delikventčin	ADJ;ESS(SG,NEUT)	delikventčině
delikventčin	ADJ;INS(SG,NEUT)	delikventčiným
vašnostovanost	N;ACC(PL,FEM)	vašnostovanosti
vašnostovanost	N;NOM(SG,FEM)	vašnostovanost
vašnostovanost	N;DAT(SG,FEM)	vašnostovanosti
vašnostovanost	N;ACC(SG,FEM)	vašnostovanost
zašmátravší	ADJ;VOC(PL,FEM)	zašmátravší
zašmátravší	ADJ;INS(PL,FEM)	zašmátravšími
zašmátravší	ADJ;GEN(SG,FEM)	zašmátravší
zašmátravší	ADJ;VOC(SG,FEM)	zašmátravší
zašmátravší	ADJ;ESS(SG,FEM)	zašmátravší
zašmátravší	ADJ;INS(SG,FEM)	zašmátravší
zašmátravší	ADJ;DAT(PL,MASC,INAN)	zašmátravším
zašmátravší	ADJ;ACC(PL,MASC,INAN)	zašmátravší
zašmátravší	ADJ;ESS(PL,MASC,INAN)	zašmátravších
zašmátravší	ADJ;INS(PL,MASC,INAN)	zašmátravšími
zašmátravší	ADJ;NOM(SG,MASC,INAN)	zašmátravší
zašmátravší	ADJ;GEN(SG,MASC,INAN)	zašmátravšího
zašmátravší	ADJ;NOM(PL,MASC,ANIM)	zašmátravší
zašmátravší	ADJ;GEN(PL,MASC,ANIM)	zašmátravších
zašmátravší	ADJ;ACC(PL,MASC,ANIM)	zašmátravší
zašmátravší	ADJ;VOC(PL,MASC,ANIM)	zašmátravší
zašmátravší	ADJ;ESS(PL,MASC,ANIM)	zašmátravších
zašmátravší	ADJ;NOM(SG,MASC,ANIM)	zašmátravší
zašmátravší	ADJ;GEN(SG,MASC,ANIM)	zašmátravšího
zašmátravší	ADJ;DAT(SG,MASC,ANIM)	zašmátravšímu
zašmátravší	ADJ;DAT(PL,NEUT)	zašmátravším
zašmátravší	ADJ;ACC(PL,NEUT)	zašmátravší
zašmátravší	ADJ;VOC(PL,NEUT)	zašmátravší
zašmátravší	ADJ;NOM(SG,NEUT)	zašmátravší
zašmátravší	ADJ;VOC(SG,NEUT)	zašmátravší
vyplavávající	ADJ;INS(DU,FEM)	vyplavávajícíma
vyplavávající	ADJ;ACC(PL,FEM)	vyplavávající
vyplavávající	ADJ;DAT(SG,FEM)	vyplavávající
vyplavávající	ADJ;ACC(SG,FEM)	vyplavávající
vyplavávající	ADJ;NOM(PL,MASC,INAN)	vyplavávající
vyplavávající	ADJ;DAT(PL,MASC,INAN)	vyplavávajícím
vyplavávající	ADJ;INS(PL,MASC,INAN)	vyplavávajícími
vyplavávající	ADJ;DAT(SG,MASC,INAN)	vyplavávajícímu
vyplavávající	ADJ;ESS(SG,MASC,INAN)	vyplavávajícím
vyplavávající	ADJ;NOM(PL,MASC,ANIM)	vyplavávající
vyplavávající	ADJ;GEN(PL,MASC,ANIM)	vyplavávajících
vyplavávající	ADJ;ACC(PL,MASC,ANIM)	vyplavávající
vyplavávající	ADJ;VOC(PL,MASC,ANIM)	vyplavávající
vyplavávající	ADJ;ESS(PL,MASC,ANIM)	vyplavávajících
vyplavávající	ADJ;NOM(SG,MASC,ANIM)	vyplavávající
vyplavávající	ADJ;ACC(SG,MASC,ANIM)	vyplavávajícího
vyplavávající	ADJ;VOC(SG,MASC,ANIM)	vyplavávající
vyplavávající	ADJ;INS(PL,NEUT)	vyplavávajícími
vyplavávající	ADJ;DAT(SG,NEUT)	vyplavávajícímu
vyplavávající	ADJ;ESS(SG,NEUT)	vyplavávajícím
přeťukávatelně	ADV	nepřeťukávatelně
přeťukávatelně	ADV	nepřeťukávatelně
fotosenzitivní	ADJ;INS(DU,FEM)	fotosenzitivníma
fotosenzitivní	ADJ;CMPR;GEN(PL,FEM)	fotosenzitivnějších
fotosenzitivní	ADJ;CMPR;DAT(PL,FEM)	fotosenzitivnějším
fotosenzitivní	ADJ;SPRL;DAT(PL,FEM)	nejfotosenzitivnějším
fotosenzitivní	ADJ;ACC(PL,FEM)	fotosenzitivní
fotosenzitivní	ADJ;CMPR;VOC(PL,FEM)	fotosenzitivnější
fotosenzitivní	ADJ;ESS(PL,FEM)	fotosenzitivních
fotosenzitivní	ADJ;NOM(SG,FEM)	fotosenzitivní
fotosenzitivní	ADJ;SPRL;NOM(SG,FEM)	nejfotosenzitivnější
fotosenzitivní	ADJ;CMPR;DAT(SG,FEM)	fotosenzitivnější
fotosenzitivní	ADJ;SPRL;DAT(SG,FEM)	nejfotosenzitivnější
fotosenzitivní	ADJ;CMPR;VOC(SG,FEM)	fotosenzitivnější
fotosenzitivní	ADJ;CMPR;ESS(SG,FEM)	fotosenzitivnější
fotosenzitivní	ADJ;INS(SG,FEM)	fotosenzitivní
fotosenzitivní	ADJ;SPRL;INS(SG,FEM)	nejfotosenzitivnější
fotosenzitivní	ADJ;NOM(PL,MASC,INAN)	fotosenzitivní
fotosenzitivní	ADJ;CMPR;NOM(PL,MASC,INAN)	fotosenzitivnější
fotosenzitivní	ADJ;GEN(PL,MASC,INAN)	fotosenzitivních
fotosenzitivní	ADJ;SPRL;GEN(PL,MASC,INAN)	nejfotosenzitivnějších
fotosenzitivní	ADJ;DAT(PL,MASC,INAN)	fotosenzitivním
fotosenzitivní	ADJ;ACC(PL,MASC,INAN)	fotosenzitivní
fotosenzitivní	ADJ;CMPR;ACC(PL,MASC,INAN)	fotosenzitivnější
fotosenzitivní	ADJ;VOC(PL,MASC,INAN)	fotosenzitivní
fotosenzitivní	ADJ;CMPR;VOC(PL,MASC,INAN)	fotosenzitivnější
fotosenzitivní	ADJ;CMPR;ESS(PL,MASC,INAN)	fotosenzitivnějších
fotosenzitivní	ADJ;SPRL;INS(PL,MASC,INAN)	nejfotosenzitivnějšími
fotosenzitivní	ADJ;NOM(SG,MASC,INAN)	fotosenzitivní
fotosenzitivní	ADJ;CMPR;NOM(SG,MASC,INAN)	fotosenzitivnější
fotosenzitivní	ADJ;SPRL;NOM(SG,MASC,INAN)	nejfotosenzitivnější
fotosenzitivní	ADJ;GEN(SG,MASC,INAN)	fotosenzitivního
fotosenzitivní	ADJ;CMPR;GEN(SG,MASC,INAN)	fotosenzitivnějšího
fotosenzitivní	ADJ;SPRL;GEN(SG,MASC,INAN)	nejfotosenzitivnějšího
fotosenzitivní	ADJ;SPRL;DAT(SG,MASC,INAN)	nejfotosenzitivnějšímu
fotosenzitivní	ADJ;CMPR;ACC(SG,MASC,INAN)	fotosenzitivnější
fotosenzitivní	ADJ;CMPR;VOC(SG,MASC,INAN)	fotosenzitivnější
fotosenzitivní	ADJ;SPRL;VOC(SG,MASC,INAN)	nejfotosenzitivnější
fotosenzitivní	ADJ;ESS(SG,MASC,INAN)	fotosenzitivním
fotosenzitivní	ADJ;CMPR;ESS(SG,MASC,INAN)	fotosenzitivnějším
fotosenzitivní	ADJ;SPRL;ESS(SG,MASC,INAN)	nejfotosenzitivnějším
fotosenzitivní	ADJ;CMPR;INS(SG,MASC,INAN)	fotosenzitivnějším
fotosenzitivní	ADJ;SPRL;INS(SG,MASC,INAN)	nejfotosenzitivnějším
fotosenzitivní	ADJ;NOM(PL,MASC,ANIM)	fotosenzitivní
fotosenzitivní	ADJ;CMPR;NOM(PL,MASC,ANIM)	fotosenzitivnější
fotosenzitivní	ADJ;CMPR;GEN(PL,MASC,ANIM)	fotosenzitivnějších
fotosenzitivní	ADJ;SPRL;GEN(PL,MASC,ANIM)	nejfotosenzitivnějších
fotosenzitivní	ADJ;DAT(PL,MASC,ANIM)	fotosenzitivním
fotosenzitivní	ADJ;SPRL;DAT(PL,MASC,ANIM)	nejfotosenzitivnějším
fotosenzitivní	ADJ;ACC(PL,MASC,ANIM)	fotosenzitivní
fotosenzitivní	ADJ;SPRL;ACC(PL,MASC,ANIM)	nejfotosenzitivnější
fotosenzitivní	ADJ;CMPR;VOC(PL,MASC,ANIM)	fotosenzitivnější
fotosenzitivní	ADJ;CMPR;ESS(PL,MASC,ANIM)	fotosenzitivnějších
fotosenzitivní	ADJ;INS(PL,MASC,ANIM)	fotosenzitivními
fotosenzitivní	ADJ;CMPR;INS(PL,MASC,ANIM)	fotosenzitivnějšími
fotosenzitivní	ADJ;SPRL;INS(PL,MASC,ANIM)	nejfotosenzitivnějšími
fotosenzitivní	ADJ;NOM(SG,MASC,ANIM)	fotosenzitivní
fotosenzitivní	ADJ;CMPR;GEN(SG,MASC,ANIM)	fotosenzitivnějšího
fotosenzitivní	ADJ;SPRL;GEN(SG,MASC,ANIM)	nejfotosenzitivnějšího
fotosenzitivní	ADJ;DAT(SG,MASC,ANIM)	fotosenzitivnímu
fotosenzitivní	ADJ;SPRL;ACC(SG,MASC,ANIM)	nejfotosenzitivnějšího
fotosenzitivní	ADJ;ESS(SG,MASC,ANIM)	fotosenzitivním
fotosenzitivní	ADJ;CMPR;ESS(SG,MASC,ANIM)	fotosenzitivnějším
fotosenzitivní	ADJ;INS(SG,MASC,ANIM)	fotosenzitivním
fotosenzitivní	ADJ;CMPR;NOM(PL,NEUT)	fotosenzitivnější
fotosenzitivní	ADJ;SPRL;NOM(PL,NEUT)	nejfotosenzitivnější
fotosenzitivní	ADJ;DAT(PL,NEUT)	fotosenzitivním
fotosenzitivní	ADJ;CMPR;DAT(PL,NEUT)	fotosenzitivnějším
fotosenzitivní	ADJ;CMPR;ACC(PL,NEUT)	fotosenzitivnější
fotosenzitivní	ADJ;SPRL;ACC(PL,NEUT)	nejfotosenzitivnější
fotosenzitivní	ADJ;CMPR;VOC(PL,NEUT)	fotosenzitivnější
fotosenzitivní	ADJ;ESS(PL,NEUT)	fotosenzitivních
fotosenzitivní	ADJ;CMPR;INS(PL,NEUT)	fotosenzitivnějšími
fotosenzitivní	ADJ;CMPR;NOM(SG,NEUT)	fotosenzitivnější
fotosenzitivní	ADJ;SPRL;NOM(SG,NEUT)	nejfotosenzitivnější
fotosenzitivní	ADJ;GEN(SG,NEUT)	fotosenzitivního
fotosenzitivní	ADJ;SPRL;GEN(SG,NEUT)	nejfotosenzitivnějšího
fotosenzitivní	ADJ;DAT(SG,NEUT)	fotosenzitivnímu
fotosenzitivní	ADJ;CMPR;DAT(SG,NEUT)	fotosenzitivnějšímu
fotosenzitivní	ADJ;SPRL;DAT(SG,NEUT)	nejfotosenzitivnějšímu
fotosenzitivní	ADJ;ACC(SG,NEUT)	fotosenzitivní
fotosenzitivní	ADJ;CMPR;ACC(SG,NEUT)	fotosenzitivnější
fotosenzitivní	ADJ;SPRL;INS(SG,NEUT)	nejfotosenzitivnějším
pseudoekonomickost	N;NOM(PL,FEM)	pseudoekonomickosti
pseudoekonomickost	N;GEN(PL,FEM)	pseudoekonomickostí
pseudoekonomickost	N;DAT(PL,FEM)	pseudoekonomickostem
pseudoekonomickost	N;VOC(PL,FEM)	pseudoekonomickosti
pseudoekonomickost	N;NOM(SG,FEM)	pseudoekonomickost
pseudoekonomickost	N;ESS(SG,FEM)	pseudoekonomickosti
idealizovávání	N;ACC(PL,NEUT)	idealizovávání
idealizovávání	N;VOC(PL,NEUT)	idealizovávání
idealizovávání	N;ESS(PL,NEUT)	idealizováváních
idealizovávání	N;ACC(SG,NEUT)	idealizovávání
idealizovávání	N;VOC(SG,NEUT)	idealizovávání
zaaltajský	ADJ;CMPR;INS(DU,FEM)	zaaltajštějšíma
zaaltajský	ADJ;SPRL;INS(DU,FEM)	nejzaaltajštějšíma
zaaltajský	ADJ;NOM(PL,FEM)	zaaltajské
zaaltajský	ADJ;SPRL;NOM(PL,FEM)	nejzaaltajštější
zaaltajský	ADJ;CMPR;GEN(PL,FEM)	zaaltajštějších
zaaltajský	ADJ;VOC(PL,FEM)	zaaltajské
zaaltajský	ADJ;CMPR;VOC(PL,FEM)	zaaltajštější
zaaltajský	ADJ;SPRL;VOC(PL,FEM)	nejzaaltajštější
zaaltajský	ADJ;SPRL;ESS(PL,FEM)	nejzaaltajštějších
zaaltajský	ADJ;INS(PL,FEM)	zaaltajskými
zaaltajský	ADJ;CMPR;INS(PL,FEM)	zaaltajštějšími
zaaltajský	ADJ;SPRL;NOM(SG,FEM)	nejzaaltajštější
zaaltajský	ADJ;GEN(SG,FEM)	zaaltajské
zaaltajský	ADJ;CMPR;GEN(SG,FEM)	zaaltajštější
zaaltajský	ADJ;DAT(SG,FEM)	zaaltajské
zaaltajský	ADJ;SPRL;VOC(SG,FEM)	nejzaaltajštější
zaaltajský	ADJ;CMPR;ESS(SG,FEM)	zaaltajštější
zaaltajský	ADJ;SPRL;ESS(SG,FEM)	nejzaaltajštější
zaaltajský	ADJ;SPRL;INS(SG,FEM)	nejzaaltajštější
zaaltajský	ADJ;NOM(PL,MASC,INAN)	zaaltajské
zaaltajský	ADJ;SPRL;NOM(PL,MASC,INAN)	nejzaaltajštější
zaaltajský	ADJ;CMPR;GEN(PL,MASC,INAN)	zaaltajštějších
zaaltajský	ADJ;SPRL;GEN(PL,MASC,INAN)	nejzaaltajštějších
zaaltajský	ADJ;CMPR;DAT(PL,MASC,INAN)	zaaltajštějším
zaaltajský	ADJ;ACC(PL,MASC,INAN)	zaaltajské
zaaltajský	ADJ;CMPR;ACC(PL,MASC,INAN)	zaaltajštější
zaaltajský	ADJ;SPRL;ACC(PL,MASC,INAN)	nejzaaltajštější
zaaltajský	ADJ;VOC(PL,MASC,INAN)	zaaltajské
zaaltajský	ADJ;INS(PL,MASC,INAN)	zaaltajskými
zaaltajský	ADJ;NOM(SG,MASC,INAN)	zaaltajský
zaaltajský	ADJ;SPRL;NOM(SG,MASC,INAN)	nejzaaltajštější
zaaltajský	ADJ;GEN(SG,MASC,INAN)	zaaltajského
zaaltajský	ADJ;DAT(SG,MASC,INAN)	zaaltajskému
zaaltajský	ADJ;CMPR;DAT(SG,MASC,INAN)	zaaltajštějšímu
zaaltajský	ADJ;SPRL;DAT(SG,MASC,INAN)	nejzaaltajštějšímu
zaaltajský	ADJ;ACC(SG,MASC,INAN)	zaaltajský
zaaltajský	ADJ;CMPR;VOC(SG,MASC,INAN)	zaaltajštější
zaaltajský	ADJ;ESS(SG,MASC,INAN)	zaaltajském
zaaltajský	ADJ;SPRL;ESS(SG,MASC,INAN)	nejzaaltajštějším
zaaltajský	ADJ;CMPR;INS(SG,MASC,INAN)	zaaltajštějším
zaaltajský	ADJ;NOM(PL,MASC,ANIM)	zaaltajší
zaaltajský	ADJ;SPRL;NOM(PL,MASC,ANIM)	nejzaaltajštější
zaaltajský	ADJ;GEN(PL,MASC,ANIM)	zaaltajských
zaaltajský	ADJ;CMPR;GEN(PL,MASC,ANIM)	zaaltajštějších
zaaltajský	ADJ;SPRL;GEN(PL,MASC,ANIM)	nejzaaltajštějších
zaaltajský	ADJ;DAT(PL,MASC,ANIM)	zaaltajským
zaaltajský	ADJ;CMPR;DAT(PL,MASC,ANIM)	zaaltajštějším
zaaltajský	ADJ;SPRL;DAT(PL,MASC,ANIM)	nejzaaltajštějším
zaaltajský	ADJ;VOC(PL,MASC,ANIM)	zaaltajší
zaaltajský	ADJ;INS(PL,MASC,ANIM)	zaaltajskými
zaaltajský	ADJ;NOM(SG,MASC,ANIM)	zaaltajský
zaaltajský	ADJ;SPRL;NOM(SG,MASC,ANIM)	nejzaaltajštější
zaaltajský	ADJ;GEN(SG,MASC,ANIM)	zaaltajského
zaaltajský	ADJ;SPRL;GEN(SG,MASC,ANIM)	nejzaaltajštějšího
zaaltajský	ADJ;CMPR;DAT(SG,MASC,ANIM)	zaaltajštějšímu
zaaltajský	ADJ;SPRL;DAT(SG,MASC,ANIM)	nejzaaltajštějšímu
zaaltajský	ADJ;CMPR;ACC(SG,MASC,ANIM)	zaaltajštějšího
zaaltajský	ADJ;VOC(SG,MASC,ANIM)	zaaltajský
zaaltajský	ADJ;CMPR;VOC(SG,MASC,ANIM)	zaaltajštější
zaaltajský	ADJ;SPRL;VOC(SG,MASC,ANIM)	nejzaaltajštější
zaaltajský	ADJ;ESS(SG,MASC,ANIM)	zaaltajském
zaaltajský	ADJ;SPRL;ESS(SG,MASC,ANIM)	nejzaaltajštějším
zaaltajský	ADJ;INS(SG,MASC,ANIM)	zaaltajským
zaaltajský	ADJ;NOM(PL,NEUT)	zaaltajská
zaaltajský	ADJ;CMPR;GEN(PL,NEUT)	zaaltajštějších
zaaltajský	ADJ;DAT(PL,NEUT)	zaaltajským
zaaltajský	ADJ;CMPR;DAT(PL,NEUT)	zaaltajštějším
zaaltajský	ADJ;ACC(PL,NEUT)	zaaltajské
zaaltajský	ADJ;CMPR;ESS(PL,NEUT)	zaaltajštějších
zaaltajský	ADJ;SPRL;ESS(PL,NEUT)	nejzaaltajštějších
zaaltajský	ADJ;CMPR;INS(PL,NEUT)	zaaltajštějšími
zaaltajský	ADJ;DAT(SG,NEUT)	zaaltajskému
zaaltajský	ADJ;SPRL;DAT(SG,NEUT)	nejzaaltajštějšímu
zaaltajský	ADJ;ACC(SG,NEUT)	zaaltajské
zaaltajský	ADJ;SPRL;ACC(SG,NEUT)	nejzaaltajštější
zaaltajský	ADJ;SPRL;ESS(SG,NEUT)	nejzaaltajštějším
zaaltajský	ADJ;CMPR;INS(SG,NEUT)	zaaltajštějším
zaaltajský	ADJ;SPRL;INS(SG,NEUT)	nejzaaltajštějším
orlovitý	ADJ;INS(DU,FEM)	orlovitýma
orlovitý	ADJ;GEN(PL,FEM)	orlovitých
orlovitý	ADJ;SPRL;GEN(PL,FEM)	nejorlovitějších
orlovitý	ADJ;CMPR;DAT(PL,FEM)	orlovitějším
orlovitý	ADJ;SPRL;DAT(PL,FEM)	nejorlovitějším
orlovitý	ADJ;CMPR;ACC(PL,FEM)	orlovitější
orlovitý	ADJ;VOC(PL,FEM)	orlovité
orlovitý	ADJ;SPRL;VOC(PL,FEM)	nejorlovitější
orlovitý	ADJ;ESS(PL,FEM)	orlovitých
orlovitý	ADJ;SPRL;INS(PL,FEM)	nejorlovitějšími
orlovitý	ADJ;NOM(SG,FEM)	orlovitá
orlovitý	ADJ;SPRL;NOM(SG,FEM)	nejorlovitější
orlovitý	ADJ;SPRL;GEN(SG,FEM)	nejorlovitější
orlovitý	ADJ;VOC(SG,FEM)	orlovitá
orlovitý	ADJ;SPRL;VOC(SG,FEM)	nejorlovitější
orlovitý	ADJ;ESS(SG,FEM)	orlovité
orlovitý	ADJ;SPRL;ESS(SG,FEM)	nejorlovitější
orlovitý	ADJ;CMPR;NOM(PL,MASC,INAN)	orlovitější
orlovitý	ADJ;ACC(PL,MASC,INAN)	orlovité
orlovitý	ADJ;SPRL;ACC(PL,MASC,INAN)	nejorlovitější
orlovitý	ADJ;VOC(PL,MASC,INAN)	orlovité
orlovitý	ADJ;NOM(SG,MASC,INAN)	orlovitý
orlovitý	ADJ;SPRL;NOM(SG,MASC,INAN)	nejorlovitější
orlovitý	ADJ;DAT(SG,MASC,INAN)	orlovitému
orlovitý	ADJ;CMPR;DAT(SG,MASC,INAN)	orlovitějšímu
orlovitý	ADJ;SPRL;ACC(SG,MASC,INAN)	nejorlovitější
orlovitý	ADJ;VOC(SG,MASC,INAN)	orlovitý
orlovitý	ADJ;SPRL;VOC(SG,MASC,INAN)	nejorlovitější
orlovitý	ADJ;CMPR;ESS(SG,MASC,INAN)	orlovitějším
orlovitý	ADJ;SPRL;ESS(SG,MASC,INAN)	nejorlovitějším
orlovitý	ADJ;INS(SG,MASC,INAN)	orlovitým
orlovitý	ADJ;NOM(PL,MASC,ANIM)	orlovití
orlovitý	ADJ;SPRL;NOM(PL,MASC,ANIM)	nejorlovitější
orlovitý	ADJ;CMPR;GEN(PL,MASC,ANIM)	orlovitějších
orlovitý	ADJ;SPRL;GEN(PL,MASC,ANIM)	nejorlovitějších
orlovitý	ADJ;DAT(PL,MASC,ANIM)	orlovitým
orlovitý	ADJ;CMPR;DAT(PL,MASC,ANIM)	orlovitějším
orlovitý	ADJ;ACC(PL,MASC,ANIM)	orlovité
orlovitý	ADJ;SPRL;VOC(PL,MASC,ANIM)	nejorlovitější
orlovitý	ADJ;ESS(PL,MASC,ANIM)	orlovitých
orlovitý	ADJ;CMPR;INS(PL,MASC,ANIM)	orlovitějšími
orlovitý	ADJ;SPRL;NOM(SG,MASC,ANIM)	nejorlovitější
orlovitý	ADJ;CMPR;GEN(SG,MASC,ANIM)	orlovitějšího
orlovitý	ADJ;SPRL;GEN(SG,MASC,ANIM)	nejorlovitějšího
orlovitý	ADJ;DAT(SG,MASC,ANIM)	orlovitému
orlovitý	ADJ;CMPR;ACC(SG,MASC,ANIM)	orlovitějšího
orlovitý	ADJ;VOC(SG,MASC,ANIM)	orlovitý
orlovitý	ADJ;ESS(SG,MASC,ANIM)	orlovitém
orlovitý	ADJ;CMPR;ESS(SG,MASC,ANIM)	orlovitějším
orlovitý	ADJ;SPRL;ESS(SG,MASC,ANIM)	nejorlovitějším
orlovitý	ADJ;SPRL;INS(SG,MASC,ANIM)	nejorlovitějším
orlovitý	ADJ;NOM(PL,NEUT)	orlovitá
orlovitý	ADJ;CMPR;NOM(PL,NEUT)	orlovitější
orlovitý	ADJ;GEN(PL,NEUT)	orlovitých
orlovitý	ADJ;SPRL;ACC(PL,NEUT)	nejorlovitější
orlovitý	ADJ;SPRL;VOC(PL,NEUT)	nejorlovitější
orlovitý	ADJ;SPRL;ESS(PL,NEUT)	nejorlovitějších
orlovitý	ADJ;SPRL;INS(PL,NEUT)	nejorlovitějšími
orlovitý	ADJ;CMPR;NOM(SG,NEUT)	orlovitější
orlovitý	ADJ;SPRL;GEN(SG,NEUT)	nejorlovitějšího
orlovitý	ADJ;DAT(SG,NEUT)	orlovitému
orlovitý	ADJ;CMPR;DAT(SG,NEUT)	orlovitějšímu
orlovitý	ADJ;SPRL;DAT(SG,NEUT)	nejorlovitějšímu
orlovitý	ADJ;CMPR;ACC(SG,NEUT)	orlovitější
orlovitý	ADJ;SPRL;ACC(SG,NEUT)	nejorlovitější
orlovitý	ADJ;SPRL;INS(SG,NEUT)	nejorlovitějším
revokující	ADJ;GEN(PL,FEM)	revokujících
revokující	ADJ;VOC(PL,FEM)	revokující
revokující	ADJ;ESS(PL,FEM)	revokujících
revokující	ADJ;INS(PL,FEM)	revokujícími
revokující	ADJ;GEN(SG,FEM)	revokující
revokující	ADJ;ESS(SG,FEM)	revokující
revokující	ADJ;INS(SG,FEM)	revokující
revokující	ADJ;NOM(PL,MASC,INAN)	revokující
revokující	ADJ;GEN(PL,MASC,INAN)	revokujících
revokující	ADJ;ACC(PL,MASC,INAN)	revokující
revokující	ADJ;GEN(SG,MASC,INAN)	revokujícího
revokující	ADJ;NOM(PL,MASC,ANIM)	revokující
revokující	ADJ;DAT(PL,MASC,ANIM)	revokujícím
revokující	ADJ;VOC(PL,MASC,ANIM)	revokující
revokující	ADJ;INS(PL,MASC,ANIM)	revokujícími
revokující	ADJ;DAT(SG,MASC,ANIM)	revokujícímu
revokující	ADJ;ESS(SG,MASC,ANIM)	revokujícím
revokující	ADJ;INS(SG,MASC,ANIM)	revokujícím
revokující	ADJ;GEN(PL,NEUT)	revokujících
revokující	ADJ;ESS(PL,NEUT)	revokujících
revokující	ADJ;GEN(SG,NEUT)	revokujícího
revokující	ADJ;DAT(SG,NEUT)	revokujícímu
revokující	ADJ;VOC(SG,NEUT)	revokující
protiokupantskost	N;ESS(PL,FEM)	protiokupantskostech
protiokupantskost	N;INS(PL,FEM)	protiokupantskostmi
protiokupantskost	N;ACC(SG,FEM)	protiokupantskost
protiokupantskost	N;ESS(SG,FEM)	protiokupantskosti
protiokupantskost	N;INS(SG,FEM)	protiokupantskostí
oprasenost	N;NOM(PL,FEM)	oprasenosti
oprasenost	N;ACC(PL,FEM)	oprasenosti
oprasenost	N;ESS(PL,FEM)	oprasenostech
oprasenost	N;INS(PL,FEM)	oprasenostmi
oprasenost	N;GEN(SG,FEM)	oprasenosti
oprasenost	N;ESS(SG,FEM)	oprasenosti
komeniologický	ADJ;SPRL;NOM(PL,FEM)	nejkomeniologičtější
komeniologický	ADJ;ACC(PL,FEM)	komeniologické
komeniologický	ADJ;CMPR;ACC(PL,FEM)	komeniologičtější
komeniologický	ADJ;SPRL;ACC(PL,FEM)	nejkomeniologičtější
komeniologický	ADJ;VOC(PL,FEM)	komeniologické
komeniologický	ADJ;SPRL;VOC(PL,FEM)	nejkomeniologičtější
komeniologický	ADJ;CMPR;ESS(PL,FEM)	komeniologičtějších
komeniologický	ADJ;SPRL;ESS(PL,FEM)	nejkomeniologičtějších
komeniologický	ADJ;INS(PL,FEM)	komeniologickými
komeniologický	ADJ;SPRL;INS(PL,FEM)	nejkomeniologičtějšími
komeniologický	ADJ;SPRL;DAT(SG,FEM)	nejkomeniologičtější
komeniologický	ADJ;CMPR;ACC(SG,FEM)	komeniologičtější
komeniologický	ADJ;VOC(SG,FEM)	komeniologická
komeniologický	ADJ;ESS(SG,FEM)	komeniologické
komeniologický	ADJ;CMPR;ESS(SG,FEM)	komeniologičtější
komeniologický	ADJ;CMPR;INS(SG,FEM)	komeniologičtější
komeniologický	ADJ;SPRL;INS(SG,FEM)	nejkomeniologičtější
komeniologický	ADJ;CMPR;GEN(PL,MASC,INAN)	komeniologičtějších
komeniologický	ADJ;DAT(PL,MASC,INAN)	komeniologickým
komeniologický	ADJ;SPRL;DAT(PL,MASC,INAN)	nejkomeniologičtějším
komeniologický	ADJ;VOC(PL,MASC,INAN)	komeniologické
komeniologický	ADJ;CMPR;VOC(PL,MASC,INAN)	komeniologičtější
komeniologický	ADJ;ESS(PL,MASC,INAN)	komeniologických
komeniologický	ADJ;CMPR;ESS(PL,MASC,INAN)	komeniologičtějších
komeniologický	ADJ;SPRL;ESS(PL,MASC,INAN)	nejkomeniologičtějších
komeniologický	ADJ;INS(PL,MASC,INAN)	komeniologickými
komeniologický	ADJ;NOM(SG,MASC,INAN)	komeniologický
komeniologický	ADJ;CMPR;NOM(SG,MASC,INAN)	komeniologičtější
komeniologický	ADJ;SPRL;NOM(SG,MASC,INAN)	nejkomeniologičtější
komeniologický	ADJ;GEN(SG,MASC,INAN)	komeniologického
komeniologický	ADJ;SPRL;GEN(SG,MASC,INAN)	nejkomeniologičtějšího
komeniologický	ADJ;SPRL;DAT(SG,MASC,INAN)	nejkomeniologičtějšímu
komeniologický	ADJ;ACC(SG,MASC,INAN)	komeniologický
komeniologický	ADJ;VOC(SG,MASC,INAN)	komeniologický
komeniologický	ADJ;CMPR;VOC(SG,MASC,INAN)	komeniologičtější
komeniologický	ADJ;ESS(SG,MASC,INAN)	komeniologickém
komeniologický	ADJ;CMPR;ESS(SG,MASC,INAN)	komeniologičtějším
komeniologický	ADJ;SPRL;ESS(SG,MASC,INAN)	nejkomeniologičtějším
komeniologický	ADJ;GEN(PL,MASC,ANIM)	komeniologických
komeniologický	ADJ;SPRL;GEN(PL,MASC,ANIM)	nejkomeniologičtějších
komeniologický	ADJ;CMPR;DAT(PL,MASC,ANIM)	komeniologičtějším
komeniologický	ADJ;SPRL;DAT(PL,MASC,ANIM)	nejkomeniologičtějším
komeniologický	ADJ;ACC(PL,MASC,ANIM)	komeniologické
komeniologický	ADJ;CMPR;ACC(PL,MASC,ANIM)	komeniologičtější
komeniologický	ADJ;SPRL;ACC(PL,MASC,ANIM)	nejkomeniologičtější
komeniologický	ADJ;VOC(PL,MASC,ANIM)	komeniologickí
komeniologický	ADJ;SPRL;VOC(PL,MASC,ANIM)	nejkomeniologičtější
komeniologický	ADJ;ESS(PL,MASC,ANIM)	komeniologických
komeniologický	ADJ;CMPR;ESS(PL,MASC,ANIM)	komeniologičtějších
komeniologický	ADJ;CMPR;NOM(SG,MASC,ANIM)	komeniologičtější
komeniologický	ADJ;GEN(SG,MASC,ANIM)	komeniologického
komeniologický	ADJ;CMPR;GEN(SG,MASC,ANIM)	komeniologičtějšího
komeniologický	ADJ;CMPR;ACC(SG,MASC,ANIM)	komeniologičtějšího
komeniologický	ADJ;SPRL;ACC(SG,MASC,ANIM)	nejkomeniologičtějšího
komeniologický	ADJ;SPRL;VOC(SG,MASC,ANIM)	nejkomeniologičtější
komeniologický	ADJ;SPRL;INS(SG,MASC,ANIM)	nejkomeniologičtějším
komeniologický	ADJ;NOM(PL,NEUT)	komeniologické
komeniologický	ADJ;CMPR;GEN(PL,NEUT)	komeniologičtějších
komeniologický	ADJ;CMPR;DAT(PL,NEUT)	komeniologičtějším
komeniologický	ADJ;CMPR;ACC(PL,NEUT)	komeniologičtější
komeniologický	ADJ;SPRL;ACC(PL,NEUT)	nejkomeniologičtější
komeniologický	ADJ;VOC(PL,NEUT)	komeniologické
komeniologický	ADJ;CMPR;VOC(PL,NEUT)	komeniologičtější
komeniologický	ADJ;SPRL;VOC(PL,NEUT)	nejkomeniologičtější
komeniologický	ADJ;ESS(PL,NEUT)	komeniologických
komeniologický	ADJ;SPRL;ESS(PL,NEUT)	nejkomeniologičtějších
komeniologický	ADJ;CMPR;NOM(SG,NEUT)	komeniologičtější
komeniologický	ADJ;SPRL;NOM(SG,NEUT)	nejkomeniologičtější
komeniologický	ADJ;DAT(SG,NEUT)	komeniologickému
komeniologický	ADJ;CMPR;DAT(SG,NEUT)	komeniologičtějšímu
komeniologický	ADJ;ACC(SG,NEUT)	komeniologické
komeniologický	ADJ;VOC(SG,NEUT)	komeniologické
komeniologický	ADJ;SPRL;VOC(SG,NEUT)	nejkomeniologičtější
komeniologický	ADJ;CMPR;ESS(SG,NEUT)	komeniologičtějším
komeniologický	ADJ;INS(SG,NEUT)	komeniologickým
komeniologický	ADJ;CMPR;INS(SG,NEUT)	komeniologičtějším
tachonýrův	ADJ;NOM(PL,FEM)	tachonýrovy
tachonýrův	ADJ;GEN(PL,FEM)	tachonýrových
tachonýrův	ADJ;DAT(PL,FEM)	tachonýrovým
tachonýrův	ADJ;ACC(PL,FEM)	tachonýrovy
tachonýrův	ADJ;ESS(PL,FEM)	tachonýrových
tachonýrův	ADJ;ACC(SG,FEM)	tachonýrovu
tachonýrův	ADJ;INS(SG,FEM)	tachonýrovou
tachonýrův	ADJ;GEN(PL,MASC,INAN)	tachonýrových
tachonýrův	ADJ;DAT(PL,MASC,INAN)	tachonýrovým
tachonýrův	ADJ;ESS(PL,MASC,INAN)	tachonýrových
tachonýrův	ADJ;NOM(SG,MASC,INAN)	tachonýrův
tachonýrův	ADJ;GEN(SG,MASC,INAN)	tachonýrova
tachonýrův	ADJ;GEN(PL,MASC,ANIM)	tachonýrových
tachonýrův	ADJ;ACC(PL,MASC,ANIM)	tachonýrovy
tachonýrův	ADJ;VOC(PL,MASC,ANIM)	tachonýrovi
tachonýrův	ADJ;NOM(SG,MASC,ANIM)	tachonýrův
tachonýrův	ADJ;GEN(SG,MASC,ANIM)	tachonýrova
tachonýrův	ADJ;ACC(SG,MASC,ANIM)	tachonýrova
tachonýrův	ADJ;VOC(SG,MASC,ANIM)	tachonýrův
tachonýrův	ADJ;ESS(SG,MASC,ANIM)	tachonýrově
tachonýrův	ADJ;GEN(PL,NEUT)	tachonýrových
tachonýrův	ADJ;ACC(PL,NEUT)	tachonýrovy
tachonýrův	ADJ;NOM(SG,NEUT)	tachonýrova
tachonýrův	ADJ;GEN(SG,NEUT)	tachonýrova
tachonýrův	ADJ;DAT(SG,NEUT)	tachonýrovu
tachonýrův	ADJ;ACC(SG,NEUT)	tachonýrova
tachonýrův	ADJ;ESS(SG,NEUT)	tachonýrově
tachonýrův	ADJ;INS(SG,NEUT)	tachonýrovým
procesovatelnost	N;ACC(PL,FEM)	procesovatelnosti
procesovatelnost	N;VOC(PL,FEM)	procesovatelnosti
procesovatelnost	N;INS(PL,FEM)	procesovatelnostmi
procesovatelnost	N;DAT(SG,FEM)	procesovatelnosti
procesovatelnost	N;VOC(SG,FEM)	procesovatelnosti
procesovatelnost	N;INS(SG,FEM)	procesovatelností
poměřovávací	ADJ;GEN(PL,FEM)	poměřovávacích
poměřovávací	ADJ;NOM(SG,FEM)	poměřovávací
poměřovávací	ADJ;DAT(SG,FEM)	poměřovávací
poměřovávací	ADJ;ESS(SG,FEM)	poměřovávací
poměřovávací	ADJ;GEN(PL,MASC,INAN)	poměřovávacích
poměřovávací	ADJ;DAT(PL,MASC,INAN)	poměřovávacím
poměřovávací	ADJ;DAT(SG,MASC,INAN)	poměřovávacímu
poměřovávací	ADJ;INS(SG,MASC,INAN)	poměřovávacím
poměřovávací	ADJ;NOM(PL,MASC,ANIM)	poměřovávací
poměřovávací	ADJ;DAT(PL,MASC,ANIM)	poměřovávacím
poměřovávací	ADJ;ACC(PL,MASC,ANIM)	poměřovávací
poměřovávací	ADJ;VOC(PL,MASC,ANIM)	poměřovávací
poměřovávací	ADJ;ACC(SG,MASC,ANIM)	poměřovávacího
poměřovávací	ADJ;ESS(SG,MASC,ANIM)	poměřovávacím
poměřovávací	ADJ;INS(SG,MASC,ANIM)	poměřovávacím
poměřovávací	ADJ;GEN(PL,NEUT)	poměřovávacích
poměřovávací	ADJ;ACC(PL,NEUT)	poměřovávací
poměřovávací	ADJ;ESS(PL,NEUT)	poměřovávacích
poměřovávací	ADJ;NOM(SG,NEUT)	poměřovávací
poměřovávací	ADJ;DAT(SG,NEUT)	poměřovávacímu
poměřovávací	ADJ;ACC(SG,NEUT)	poměřovávací
Brooklyňančin	ADJ;INS(DU,FEM)	Brooklyňančinýma
Brooklyňančin	ADJ;NOM(PL,FEM)	Brooklyňančiny
Brooklyňančin	ADJ;VOC(PL,FEM)	Brooklyňančiny
Brooklyňančin	ADJ;INS(PL,FEM)	Brooklyňančinými
Brooklyňančin	ADJ;NOM(SG,FEM)	Brooklyňančina
Brooklyňančin	ADJ;DAT(SG,FEM)	Brooklyňančině
Brooklyňančin	ADJ;VOC(SG,FEM)	Brooklyňančina
Brooklyňančin	ADJ;GEN(PL,MASC,INAN)	Brooklyňančiných
Brooklyňančin	ADJ;INS(PL,MASC,INAN)	Brooklyňančinými
Brooklyňančin	ADJ;NOM(SG,MASC,INAN)	Brooklyňančin
Brooklyňančin	ADJ;GEN(SG,MASC,INAN)	Brooklyňančina
Brooklyňančin	ADJ;ACC(SG,MASC,INAN)	Brooklyňančin
Brooklyňančin	ADJ;ESS(SG,MASC,INAN)	Brooklyňančině
Brooklyňančin	ADJ;INS(SG,MASC,INAN)	Brooklyňančiným
Brooklyňančin	ADJ;NOM(PL,MASC,ANIM)	Brooklyňančini
Brooklyňančin	ADJ;GEN(PL,MASC,ANIM)	Brooklyňančiných
Brooklyňančin	ADJ;DAT(PL,MASC,ANIM)	Brooklyňančiným
Brooklyňančin	ADJ;VOC(PL,MASC,ANIM)	Brooklyňančini
Brooklyňančin	ADJ;ESS(PL,MASC,ANIM)	Brooklyňančiných
Brooklyňančin	ADJ;NOM(SG,MASC,ANIM)	Brooklyňančin
Brooklyňančin	ADJ;GEN(SG,MASC,ANIM)	Brooklyňančina
Brooklyňančin	ADJ;DAT(SG,MASC,ANIM)	Brooklyňančinu
Brooklyňančin	ADJ;ESS(SG,MASC,ANIM)	Brooklyňančině
Brooklyňančin	ADJ;ESS(PL,NEUT)	Brooklyňančiných
Brooklyňančin	ADJ;DAT(SG,NEUT)	Brooklyňančinu
Brooklyňančin	ADJ;ACC(SG,NEUT)	Brooklyňančina
vytíratelně	ADV	nevytíratelně
vytíratelně	ADV;CMPR	nevytíratelněji
čimčarávatelnost	N;NOM(PL,FEM)	čimčarávatelnosti
čimčarávatelnost	N;DAT(PL,FEM)	čimčarávatelnostem
čimčarávatelnost	N;ACC(PL,FEM)	čimčarávatelnosti
čimčarávatelnost	N;INS(PL,FEM)	čimčarávatelnostmi
čimčarávatelnost	N;DAT(SG,FEM)	čimčarávatelnosti
čimčarávatelnost	N;ACC(SG,FEM)	čimčarávatelnost
čimčarávatelnost	N;VOC(SG,FEM)	čimčarávatelnosti
čimčarávatelnost	N;ESS(SG,FEM)	čimčarávatelnosti
deikticky	ADV	nedeikticky
deikticky	ADV;CMPR	nedeiktičtěji
deikticky	ADV;SPRL	nejnedeiktičtěji
deikticky	ADV;SPRL	nejnedeiktičtěji
navrtací	ADJ;NOM(PL,FEM)	navrtací
navrtací	ADJ;VOC(PL,FEM)	navrtací
navrtací	ADJ;ESS(PL,FEM)	navrtacích
navrtací	ADJ;INS(PL,FEM)	navrtacími
navrtací	ADJ;GEN(SG,FEM)	navrtací
navrtací	ADJ;DAT(SG,FEM)	navrtací
navrtací	ADJ;ACC(SG,FEM)	navrtací
navrtací	ADJ;ESS(SG,FEM)	navrtací
navrtací	ADJ;INS(SG,FEM)	navrtací
navrtací	ADJ;NOM(PL,MASC,INAN)	navrtací
navrtací	ADJ;GEN(PL,MASC,INAN)	navrtacích
navrtací	ADJ;DAT(PL,MASC,INAN)	navrtacím
navrtací	ADJ;INS(PL,MASC,INAN)	navrtacími
navrtací	ADJ;NOM(SG,MASC,INAN)	navrtací
navrtací	ADJ;GEN(SG,MASC,INAN)	navrtacího
navrtací	ADJ;DAT(SG,MASC,INAN)	navrtacímu
navrtací	ADJ;ESS(SG,MASC,INAN)	navrtacím
navrtací	ADJ;NOM(PL,MASC,ANIM)	navrtací
navrtací	ADJ;GEN(PL,MASC,ANIM)	navrtacích
navrtací	ADJ;DAT(PL,MASC,ANIM)	navrtacím
navrtací	ADJ;ACC(PL,MASC,ANIM)	navrtací
navrtací	ADJ;NOM(SG,MASC,ANIM)	navrtací
navrtací	ADJ;GEN(SG,MASC,ANIM)	navrtacího
navrtací	ADJ;VOC(SG,MASC,ANIM)	navrtací
navrtací	ADJ;ESS(SG,MASC,ANIM)	navrtacím
navrtací	ADJ;NOM(PL,NEUT)	navrtací
navrtací	ADJ;INS(PL,NEUT)	navrtacími
navrtací	ADJ;GEN(SG,NEUT)	navrtacího
navrtací	ADJ;DAT(SG,NEUT)	navrtacímu
navrtací	ADJ;ESS(SG,NEUT)	navrtacím
navrtací	ADJ;INS(SG,NEUT)	navrtacím
volšovskost	N;NOM(PL,FEM)	volšovskosti
volšovskost	N;DAT(PL,FEM)	volšovskostem
volšovskost	N;ACC(PL,FEM)	volšovskosti
volšovskost	N;ESS(PL,FEM)	volšovskostech
volšovskost	N;GEN(SG,FEM)	volšovskosti
volšovskost	N;ESS(SG,FEM)	volšovskosti
vklouzací	ADJ;INS(DU,FEM)	vklouzacíma
vklouzací	ADJ;ACC(PL,FEM)	vklouzací
vklouzací	ADJ;VOC(PL,FEM)	vklouzací
vklouzací	ADJ;ESS(PL,FEM)	vklouzacích
vklouzací	ADJ;INS(PL,FEM)	vklouzacími
vklouzací	ADJ;NOM(SG,FEM)	vklouzací
vklouzací	ADJ;DAT(SG,FEM)	vklouzací
vklouzací	ADJ;VOC(SG,FEM)	vklouzací
vklouzací	ADJ;VOC(PL,MASC,INAN)	vklouzací
vklouzací	ADJ;INS(PL,MASC,INAN)	vklouzacími
vklouzací	ADJ;ESS(SG,MASC,INAN)	vklouzacím
vklouzací	ADJ;INS(SG,MASC,INAN)	vklouzacím
vklouzací	ADJ;NOM(PL,MASC,ANIM)	vklouzací
vklouzací	ADJ;INS(PL,MASC,ANIM)	vklouzacími
vklouzací	ADJ;GEN(SG,MASC,ANIM)	vklouzacího
vklouzací	ADJ;ESS(SG,MASC,ANIM)	vklouzacím
vklouzací	ADJ;VOC(PL,NEUT)	vklouzací
vklouzací	ADJ;DAT(SG,NEUT)	vklouzacímu
vklouzací	ADJ;ACC(SG,NEUT)	vklouzací
načeřitelnost	N;NOM(PL,FEM)	načeřitelnosti
načeřitelnost	N;GEN(PL,FEM)	načeřitelností
načeřitelnost	N;ACC(PL,FEM)	načeřitelnosti
načeřitelnost	N;INS(PL,FEM)	načeřitelnostmi
načeřitelnost	N;NOM(SG,FEM)	načeřitelnost
načeřitelnost	N;ACC(SG,FEM)	načeřitelnost
načeřitelnost	N;VOC(SG,FEM)	načeřitelnosti
načeřitelnost	N;ESS(SG,FEM)	načeřitelnosti
odorizačně	ADV	neodorizačně
odorizačně	ADV;CMPR	neodorizačněji
odorizačně	ADV;CMPR	neodorizačněji
vysoptěně	ADV	nevysoptěně
odstřídávatelnost	N;GEN(PL,FEM)	odstřídávatelností
odstřídávatelnost	N;ACC(PL,FEM)	odstřídávatelnosti
odstřídávatelnost	N;VOC(PL,FEM)	odstřídávatelnosti
odstřídávatelnost	N;INS(PL,FEM)	odstřídávatelnostmi
odstřídávatelnost	N;NOM(SG,FEM)	odstřídávatelnost
odstřídávatelnost	N;ESS(SG,FEM)	odstřídávatelnosti
odstřídávatelnost	N;INS(SG,FEM)	odstřídávatelností
jola	N;NOM(PL,FEM)	joly
jola	N;DAT(PL,FEM)	jolám
jola	N;ACC(PL,FEM)	joly
jola	N;VOC(PL,FEM)	joly
jola	N;NOM(SG,FEM)	jola
jola	N;GEN(SG,FEM)	joly
jola	N;DAT(SG,FEM)	joli
jola	N;ACC(SG,FEM)	jolu
jola	N;VOC(SG,FEM)	jola
jola	N;ESS(SG,FEM)	jolě
jola	N;INS(SG,FEM)	jolou
odvzdušněnost	N;GEN(PL,FEM)	odvzdušněností
odvzdušněnost	N;VOC(PL,FEM)	odvzdušněnosti
odvzdušněnost	N;ESS(PL,FEM)	odvzdušněnostech
odvzdušněnost	N;INS(PL,FEM)	odvzdušněnostmi
odvzdušněnost	N;NOM(SG,FEM)	odvzdušněnost
odvzdušněnost	N;GEN(SG,FEM)	odvzdušněnosti
odvzdušněnost	N;VOC(SG,FEM)	odvzdušněnosti
odvzdušněnost	N;INS(SG,FEM)	odvzdušněností
malokvětě	ADV;SPRL	nejnemalokvětěji
malokvětě	ADV;SPRL	nejnemalokvětěji
celiakie	N;GEN(PL,FEM)	celiakých
celiakie	N;DAT(PL,FEM)	celiakim
celiakie	N;VOC(PL,FEM)	celiakie
celiakie	N;INS(PL,FEM)	celiakimi
celiakie	N;NOM(SG,FEM)	celiakia
celiakie	N;GEN(SG,FEM)	celiaké
celiakie	N;DAT(SG,FEM)	celiaké
celiakie	N;ESS(SG,FEM)	celiaké
celiakie	N;INS(SG,FEM)	celiakiu
čtyřiapadesátisvazkový	ADJ;CMPR;INS(DU,FEM)	čtyřiapadesátisvazkovějšíma
čtyřiapadesátisvazkový	ADJ;SPRL;INS(DU,FEM)	nejčtyřiapadesátisvazkovějšíma
čtyřiapadesátisvazkový	ADJ;SPRL;NOM(PL,FEM)	nejčtyřiapadesátisvazkovější
čtyřiapadesátisvazkový	ADJ;GEN(PL,FEM)	čtyřiapadesátisvazkových
čtyřiapadesátisvazkový	ADJ;SPRL;GEN(PL,FEM)	nejčtyřiapadesátisvazkovějších
čtyřiapadesátisvazkový	ADJ;SPRL;ACC(PL,FEM)	nejčtyřiapadesátisvazkovější
čtyřiapadesátisvazkový	ADJ;CMPR;VOC(PL,FEM)	čtyřiapadesátisvazkovější
čtyřiapadesátisvazkový	ADJ;CMPR;ESS(PL,FEM)	čtyřiapadesátisvazkovějších
čtyřiapadesátisvazkový	ADJ;SPRL;ESS(PL,FEM)	nejčtyřiapadesátisvazkovějších
čtyřiapadesátisvazkový	ADJ;INS(PL,FEM)	čtyřiapadesátisvazkovými
čtyřiapadesátisvazkový	ADJ;CMPR;INS(PL,FEM)	čtyřiapadesátisvazkovějšími
čtyřiapadesátisvazkový	ADJ;SPRL;INS(PL,FEM)	nejčtyřiapadesátisvazkovějšími
čtyřiapadesátisvazkový	ADJ;GEN(SG,FEM)	čtyřiapadesátisvazkové
čtyřiapadesátisvazkový	ADJ;CMPR;GEN(SG,FEM)	čtyřiapadesátisvazkovější
čtyřiapadesátisvazkový	ADJ;DAT(SG,FEM)	čtyřiapadesátisvazkové
čtyřiapadesátisvazkový	ADJ;SPRL;DAT(SG,FEM)	nejčtyřiapadesátisvazkovější
čtyřiapadesátisvazkový	ADJ;ACC(SG,FEM)	čtyřiapadesátisvazkovou
čtyřiapadesátisvazkový	ADJ;SPRL;ACC(SG,FEM)	nejčtyřiapadesátisvazkovější
čtyřiapadesátisvazkový	ADJ;SPRL;VOC(SG,FEM)	nejčtyřiapadesátisvazkovější
čtyřiapadesátisvazkový	ADJ;ESS(SG,FEM)	čtyřiapadesátisvazkové
čtyřiapadesátisvazkový	ADJ;NOM(PL,MASC,INAN)	čtyřiapadesátisvazkové
čtyřiapadesátisvazkový	ADJ;CMPR;NOM(PL,MASC,INAN)	čtyřiapadesátisvazkovější
čtyřiapadesátisvazkový	ADJ;SPRL;NOM(PL,MASC,INAN)	nejčtyřiapadesátisvazkovější
čtyřiapadesátisvazkový	ADJ;GEN(PL,MASC,INAN)	čtyřiapadesátisvazkových
čtyřiapadesátisvazkový	ADJ;CMPR;DAT(PL,MASC,INAN)	čtyřiapadesátisvazkovějším
čtyřiapadesátisvazkový	ADJ;SPRL;DAT(PL,MASC,INAN)	nejčtyřiapadesátisvazkovějším
čtyřiapadesátisvazkový	ADJ;CMPR;ACC(PL,MASC,INAN)	čtyřiapadesátisvazkovější
čtyřiapadesátisvazkový	ADJ;SPRL;ACC(PL,MASC,INAN)	nejčtyřiapadesátisvazkovější
čtyřiapadesátisvazkový	ADJ;SPRL;VOC(PL,MASC,INAN)	nejčtyřiapadesátisvazkovější
čtyřiapadesátisvazkový	ADJ;SPRL;ESS(PL,MASC,INAN)	nejčtyřiapadesátisvazkovějších
čtyřiapadesátisvazkový	ADJ;CMPR;NOM(SG,MASC,INAN)	čtyřiapadesátisvazkovější
čtyřiapadesátisvazkový	ADJ;GEN(SG,MASC,INAN)	čtyřiapadesátisvazkového
čtyřiapadesátisvazkový	ADJ;CMPR;GEN(SG,MASC,INAN)	čtyřiapadesátisvazkovějšího
čtyřiapadesátisvazkový	ADJ;SPRL;GEN(SG,MASC,INAN)	nejčtyřiapadesátisvazkovějšího
čtyřiapadesátisvazkový	ADJ;DAT(SG,MASC,INAN)	čtyřiapadesátisvazkovému
čtyřiapadesátisvazkový	ADJ;SPRL;DAT(SG,MASC,INAN)	nejčtyřiapadesátisvazkovějšímu
čtyřiapadesátisvazkový	ADJ;CMPR;ACC(SG,MASC,INAN)	čtyřiapadesátisvazkovější
čtyřiapadesátisvazkový	ADJ;CMPR;VOC(SG,MASC,INAN)	čtyřiapadesátisvazkovější
čtyřiapadesátisvazkový	ADJ;ESS(SG,MASC,INAN)	čtyřiapadesátisvazkovém
čtyřiapadesátisvazkový	ADJ;CMPR;ESS(SG,MASC,INAN)	čtyřiapadesátisvazkovějším
čtyřiapadesátisvazkový	ADJ;SPRL;ESS(SG,MASC,INAN)	nejčtyřiapadesátisvazkovějším
čtyřiapadesátisvazkový	ADJ;NOM(PL,MASC,ANIM)	čtyřiapadesátisvazkoví
čtyřiapadesátisvazkový	ADJ;CMPR;NOM(PL,MASC,ANIM)	čtyřiapadesátisvazkovější
čtyřiapadesátisvazkový	ADJ;GEN(PL,MASC,ANIM)	čtyřiapadesátisvazkových
čtyřiapadesátisvazkový	ADJ;CMPR;GEN(PL,MASC,ANIM)	čtyřiapadesátisvazkovějších
čtyřiapadesátisvazkový	ADJ;SPRL;GEN(PL,MASC,ANIM)	nejčtyřiapadesátisvazkovějších
čtyřiapadesátisvazkový	ADJ;SPRL;DAT(PL,MASC,ANIM)	nejčtyřiapadesátisvazkovějším
čtyřiapadesátisvazkový	ADJ;ACC(PL,MASC,ANIM)	čtyřiapadesátisvazkové
čtyřiapadesátisvazkový	ADJ;CMPR;ACC(PL,MASC,ANIM)	čtyřiapadesátisvazkovější
čtyřiapadesátisvazkový	ADJ;SPRL;ACC(PL,MASC,ANIM)	nejčtyřiapadesátisvazkovější
čtyřiapadesátisvazkový	ADJ;VOC(PL,MASC,ANIM)	čtyřiapadesátisvazkoví
čtyřiapadesátisvazkový	ADJ;CMPR;ESS(PL,MASC,ANIM)	čtyřiapadesátisvazkovějších
čtyřiapadesátisvazkový	ADJ;INS(PL,MASC,ANIM)	čtyřiapadesátisvazkovými
čtyřiapadesátisvazkový	ADJ;CMPR;INS(PL,MASC,ANIM)	čtyřiapadesátisvazkovějšími
čtyřiapadesátisvazkový	ADJ;SPRL;NOM(SG,MASC,ANIM)	nejčtyřiapadesátisvazkovější
čtyřiapadesátisvazkový	ADJ;GEN(SG,MASC,ANIM)	čtyřiapadesátisvazkového
čtyřiapadesátisvazkový	ADJ;SPRL;GEN(SG,MASC,ANIM)	nejčtyřiapadesátisvazkovějšího
čtyřiapadesátisvazkový	ADJ;DAT(SG,MASC,ANIM)	čtyřiapadesátisvazkovému
čtyřiapadesátisvazkový	ADJ;SPRL;VOC(SG,MASC,ANIM)	nejčtyřiapadesátisvazkovější
čtyřiapadesátisvazkový	ADJ;CMPR;INS(SG,MASC,ANIM)	čtyřiapadesátisvazkovějším
čtyřiapadesátisvazkový	ADJ;NOM(PL,NEUT)	čtyřiapadesátisvazkové
čtyřiapadesátisvazkový	ADJ;CMPR;NOM(PL,NEUT)	čtyřiapadesátisvazkovější
čtyřiapadesátisvazkový	ADJ;DAT(PL,NEUT)	čtyřiapadesátisvazkovým
čtyřiapadesátisvazkový	ADJ;CMPR;DAT(PL,NEUT)	čtyřiapadesátisvazkovějším
čtyřiapadesátisvazkový	ADJ;SPRL;ACC(PL,NEUT)	nejčtyřiapadesátisvazkovější
čtyřiapadesátisvazkový	ADJ;VOC(PL,NEUT)	čtyřiapadesátisvazkové
čtyřiapadesátisvazkový	ADJ;CMPR;VOC(PL,NEUT)	čtyřiapadesátisvazkovější
čtyřiapadesátisvazkový	ADJ;ESS(PL,NEUT)	čtyřiapadesátisvazkových
čtyřiapadesátisvazkový	ADJ;CMPR;ESS(PL,NEUT)	čtyřiapadesátisvazkovějších
čtyřiapadesátisvazkový	ADJ;NOM(SG,NEUT)	čtyřiapadesátisvazkové
čtyřiapadesátisvazkový	ADJ;SPRL;NOM(SG,NEUT)	nejčtyřiapadesátisvazkovější
čtyřiapadesátisvazkový	ADJ;CMPR;GEN(SG,NEUT)	čtyřiapadesátisvazkovějšího
čtyřiapadesátisvazkový	ADJ;SPRL;GEN(SG,NEUT)	nejčtyřiapadesátisvazkovějšího
čtyřiapadesátisvazkový	ADJ;CMPR;ACC(SG,NEUT)	čtyřiapadesátisvazkovější
čtyřiapadesátisvazkový	ADJ;CMPR;ESS(SG,NEUT)	čtyřiapadesátisvazkovějším
čtyřiapadesátisvazkový	ADJ;SPRL;INS(SG,NEUT)	nejčtyřiapadesátisvazkovějším
zavrhovávanost	N;VOC(PL,FEM)	zavrhovávanosti
zavrhovávanost	N;NOM(SG,FEM)	zavrhovávanost
zavrhovávanost	N;GEN(SG,FEM)	zavrhovávanosti
zavrhovávanost	N;ACC(SG,FEM)	zavrhovávanost
zavrhovávanost	N;ESS(SG,FEM)	zavrhovávanosti
přelousknutelně	ADV	nepřelousknutelně
přelousknutelně	ADV;CMPR	nepřelousknutelněji
přelousknutelně	ADV;CMPR	nepřelousknutelněji
nainstalovávatelně	ADV	nainstalovávatelně
nainstalovávatelně	ADV;CMPR	nenainstalovávatelněji
bezpříčinně	ADV	nebezpříčinně
bezpříčinně	ADV;CMPR	nebezpříčinněji
bezpříčinně	ADV;SPRL	nejnebezpříčinněji
rozlinutí	N;ACC(PL,NEUT)	rozlinutí
rozlinutí	N;VOC(PL,NEUT)	rozlinutí
rozlinutí	N;GEN(SG,NEUT)	rozlinutí
changajský	ADJ;SPRL;INS(DU,FEM)	nejchangajštějšíma
changajský	ADJ;NOM(PL,FEM)	changajské
changajský	ADJ;CMPR;NOM(PL,FEM)	changajštější
changajský	ADJ;SPRL;NOM(PL,FEM)	nejchangajštější
changajský	ADJ;GEN(PL,FEM)	changajských
changajský	ADJ;SPRL;GEN(PL,FEM)	nejchangajštějších
changajský	ADJ;SPRL;DAT(PL,FEM)	nejchangajštějším
changajský	ADJ;ACC(PL,FEM)	changajské
changajský	ADJ;CMPR;ACC(PL,FEM)	changajštější
changajský	ADJ;SPRL;ACC(PL,FEM)	nejchangajštější
changajský	ADJ;CMPR;VOC(PL,FEM)	changajštější
changajský	ADJ;SPRL;VOC(PL,FEM)	nejchangajštější
changajský	ADJ;ESS(PL,FEM)	changajských
changajský	ADJ;CMPR;ESS(PL,FEM)	changajštějších
changajský	ADJ;SPRL;ESS(PL,FEM)	nejchangajštějších
changajský	ADJ;INS(PL,FEM)	changajskými
changajský	ADJ;CMPR;INS(PL,FEM)	changajštějšími
changajský	ADJ;SPRL;GEN(SG,FEM)	nejchangajštější
changajský	ADJ;SPRL;INS(SG,FEM)	nejchangajštější
changajský	ADJ;GEN(PL,MASC,INAN)	changajských
changajský	ADJ;CMPR;GEN(PL,MASC,INAN)	changajštějších
changajský	ADJ;SPRL;GEN(PL,MASC,INAN)	nejchangajštějších
changajský	ADJ;CMPR;DAT(PL,MASC,INAN)	changajštějším
changajský	ADJ;SPRL;DAT(PL,MASC,INAN)	nejchangajštějším
changajský	ADJ;VOC(PL,MASC,INAN)	changajské
changajský	ADJ;CMPR;VOC(PL,MASC,INAN)	changajštější
changajský	ADJ;CMPR;ESS(PL,MASC,INAN)	changajštějších
changajský	ADJ;SPRL;INS(PL,MASC,INAN)	nejchangajštějšími
changajský	ADJ;NOM(SG,MASC,INAN)	changajský
changajský	ADJ;SPRL;GEN(SG,MASC,INAN)	nejchangajštějšího
changajský	ADJ;CMPR;DAT(SG,MASC,INAN)	changajštějšímu
changajský	ADJ;SPRL;DAT(SG,MASC,INAN)	nejchangajštějšímu
changajský	ADJ;SPRL;ACC(SG,MASC,INAN)	nejchangajštější
changajský	ADJ;CMPR;VOC(SG,MASC,INAN)	changajštější
changajský	ADJ;ESS(SG,MASC,INAN)	changajském
changajský	ADJ;CMPR;ESS(SG,MASC,INAN)	changajštějším
changajský	ADJ;CMPR;INS(SG,MASC,INAN)	changajštějším
changajský	ADJ;NOM(PL,MASC,ANIM)	changajší
changajský	ADJ;SPRL;NOM(PL,MASC,ANIM)	nejchangajštější
changajský	ADJ;GEN(PL,MASC,ANIM)	changajských
changajský	ADJ;SPRL;GEN(PL,MASC,ANIM)	nejchangajštějších
changajský	ADJ;DAT(PL,MASC,ANIM)	changajským
changajský	ADJ;CMPR;DAT(PL,MASC,ANIM)	changajštějším
changajský	ADJ;ACC(PL,MASC,ANIM)	changajských
changajský	ADJ;SPRL;ACC(PL,MASC,ANIM)	nejchangajštější
changajský	ADJ;VOC(PL,MASC,ANIM)	changajší
changajský	ADJ;ESS(PL,MASC,ANIM)	changajských
changajský	ADJ;SPRL;ESS(PL,MASC,ANIM)	nejchangajštějších
changajský	ADJ;INS(PL,MASC,ANIM)	changajskými
changajský	ADJ;DAT(SG,MASC,ANIM)	changajskému
changajský	ADJ;SPRL;ACC(SG,MASC,ANIM)	nejchangajštějšího
changajský	ADJ;SPRL;VOC(SG,MASC,ANIM)	nejchangajštější
changajský	ADJ;SPRL;ESS(SG,MASC,ANIM)	nejchangajštějším
changajský	ADJ;SPRL;INS(SG,MASC,ANIM)	nejchangajštějším
changajský	ADJ;NOM(PL,NEUT)	changajské
changajský	ADJ;CMPR;GEN(PL,NEUT)	changajštějších
changajský	ADJ;SPRL;GEN(PL,NEUT)	nejchangajštějších
changajský	ADJ;DAT(PL,NEUT)	changajským
changajský	ADJ;CMPR;DAT(PL,NEUT)	changajštějším
changajský	ADJ;SPRL;DAT(PL,NEUT)	nejchangajštějším
changajský	ADJ;CMPR;ACC(PL,NEUT)	changajštější
changajský	ADJ;SPRL;ACC(PL,NEUT)	nejchangajštější
changajský	ADJ;CMPR;VOC(PL,NEUT)	changajštější
changajský	ADJ;ESS(PL,NEUT)	changajských
changajský	ADJ;SPRL;ESS(PL,NEUT)	nejchangajštějších
changajský	ADJ;NOM(SG,NEUT)	changajské
changajský	ADJ;SPRL;NOM(SG,NEUT)	nejchangajštější
changajský	ADJ;SPRL;GEN(SG,NEUT)	nejchangajštějšího
changajský	ADJ;DAT(SG,NEUT)	changajskému
changajský	ADJ;SPRL;ACC(SG,NEUT)	nejchangajštější
changajský	ADJ;SPRL;ESS(SG,NEUT)	nejchangajštějším
changajský	ADJ;SPRL;INS(SG,NEUT)	nejchangajštějším
ohromovávanost	N;NOM(PL,FEM)	ohromovávanosti
ohromovávanost	N;DAT(PL,FEM)	ohromovávanostem
ohromovávanost	N;VOC(PL,FEM)	ohromovávanosti
ohromovávanost	N;INS(PL,FEM)	ohromovávanostmi
ohromovávanost	N;NOM(SG,FEM)	ohromovávanost
ohromovávanost	N;DAT(SG,FEM)	ohromovávanosti
ohromovávanost	N;ACC(SG,FEM)	ohromovávanost
ohromovávanost	N;ESS(SG,FEM)	ohromovávanosti
ohromovávanost	N;INS(SG,FEM)	ohromovávaností
accuracy:0.946