narzãdzôcz	N;NOM(PL)	narzãdzôcze
narzãdzôcz	N;DAT(PL)	narzãdzôczam
narzãdzôcz	N;VOC(SG)	narzãdzôczu
narzãdzôcz	N;INS(PL)	narzãdzôczami
narzãdzôcz	N;ESS(SG)	narzãdzôczu
narzãdzôcz	N;DAT(SG)	narzãdzôczoju
narzãdzôcz	N;GEN(SG)	narzãdzôcza
narzãdzôcz	N;ESS(PL)	narzãdzôczach
narzãdzôcz	N;GEN(PL)	narzãdzôczow
narzãdzôcz	N;INS(SG)	narzãdzôczom
narzãdzôcz	N;ACC(PL)	narzãdzôcze
narzãdzôcz	N;ACC(SG)	narzãdzôcz
narzãdzôcz	N;NOM(SG)	narzãdzôcz
narzãdzôcz	N;VOC(PL)	narzãdzôcze
Jastrë	N;VOC(PL)	Jastrë
Jastrë	N;ESS(PL)	Jastrach
Jastrë	N;DAT(PL)	Jastrëm
Jastrë	N;GEN(PL)	Jastrow
Jastrë	N;ACC(PL)	Jastrë
Jastrë	N;ACC(PL)	Jastrë
Jastrë	N;NOM(PL)	Jastrë
pòniedzôłk	N;NOM(PL)	pòniedzôłki
pòniedzôłk	N;DAT(PL)	pòniedzôłkam
pòniedzôłk	N;VOC(SG)	pòniedzôłku
pòniedzôłk	N;INS(PL)	pòniedzôłkami
pòniedzôłk	N;ESS(SG)	pòniedzôłku
pòniedzôłk	N;DAT(SG)	pòniedzôłkoju
pòniedzôłk	N;GEN(SG)	pòniedzôłka
pòniedzôłk	N;ESS(PL)	pòniedzôłkach
pòniedzôłk	N;GEN(PL)	pòniedzôłkow
pòniedzôłk	N;INS(SG)	pòniedzôłkom
pòniedzôłk	N;ACC(PL)	pòniedzôłki
pòniedzôłk	N;ACC(SG)	pòniedzôłk
pòniedzôłk	N;NOM(SG)	pòniedzôłk
pòniedzôłk	N;VOC(PL)	pòniedzôłki
pùjk	N;NOM(PL)	pùjki
pùjk	N;DAT(PL)	pùjkam
pùjk	N;VOC(SG)	pùjku
pùjk	N;INS(PL)	pùjkami
pùjk	N;ESS(SG)	pùjku
pùjk	N;DAT(SG)	pùjkoju
pùjk	N;GEN(SG)	pùjka
pùjk	N;ESS(PL)	pùjkach
pùjk	N;GEN(PL)	pùjkow
pùjk	N;INS(SG)	pùjkom
pùjk	N;ACC(PL)	pùjki
pùjk	N;ACC(SG)	pùjk
pùjk	N;NOM(SG)	pùjk
pùjk	N;VOC(PL)	pùjki
môlnik	N;NOM(PL)	môlniki
môlnik	N;DAT(PL)	môlnikam
môlnik	N;VOC(SG)	môlniku
môlnik	N;INS(PL)	môlnikami
môlnik	N;ESS(SG)	môlniku
môlnik	N;DAT(SG)	môlnikoju
môlnik	N;GEN(SG)	môlnika
môlnik	N;ESS(PL)	môlnikach
môlnik	N;GEN(PL)	môlnikow
môlnik	N;INS(SG)	môlnikom
môlnik	N;ACC(PL)	môlniki
môlnik	N;ACC(SG)	môlnik
môlnik	N;NOM(SG)	môlnik
môlnik	N;VOC(PL)	môlniki
wòłiwôcz	N;NOM(PL)	wòłiwôcze
wòłiwôcz	N;DAT(PL)	wòłiwôczam
wòłiwôcz	N;VOC(SG)	wòłiwôczu
wòłiwôcz	N;INS(PL)	wòłiwôczami
wòłiwôcz	N;ESS(SG)	wòłiwôczu
wòłiwôcz	N;DAT(SG)	wòłiwôczoju
wòłiwôcz	N;GEN(SG)	wòłiwôcza
wòłiwôcz	N;ESS(PL)	wòłiwôczach
wòłiwôcz	N;GEN(PL)	wòłiwôczow
wòłiwôcz	N;INS(SG)	wòłiwôczom
wòłiwôcz	N;ACC(PL)	wòłiwôcze
wòłiwôcz	N;ACC(SG)	wòłiwôcz
wòłiwôcz	N;NOM(SG)	wòłiwôcz
wòłiwôcz	N;VOC(PL)	wòłiwôcze
łżëkwiôt	N;NOM(PL)	łżëkwiôty
łżëkwiôt	N;DAT(PL)	łżëkwiôtam
łżëkwiôt	N;VOC(SG)	łżëkwiôt
łżëkwiôt	N;INS(PL)	łżëkwiôtami
łżëkwiôt	N;ESS(SG)	łżëkwiôtu
łżëkwiôt	N;DAT(SG)	łżëkwiôtoju
łżëkwiôt	N;GEN(SG)	łżëkwiôta
łżëkwiôt	N;ESS(PL)	łżëkwiôtach
łżëkwiôt	N;GEN(PL)	łżëkwiotow
łżëkwiôt	N;INS(SG)	łżëkwiôtom
łżëkwiôt	N;ACC(PL)	łżëkwiôty
łżëkwiôt	N;ACC(SG)	łżëkwiôt
łżëkwiôt	N;NOM(SG)	łżëkwiôt
łżëkwiôt	N;VOC(PL)	łżëkwiôty
lëstopadnik	N;NOM(PL)	lëstopadniki
lëstopadnik	N;DAT(PL)	lëstopadnikam
lëstopadnik	N;VOC(SG)	lëstopadniku
lëstopadnik	N;INS(PL)	lëstopadnikami
lëstopadnik	N;ESS(SG)	lëstopadniku
lëstopadnik	N;DAT(SG)	lëstopadnikoju
lëstopadnik	N;GEN(SG)	lëstopadnika
lëstopadnik	N;ESS(PL)	lëstopadnikach
lëstopadnik	N;GEN(PL)	lëstopadnikow
lëstopadnik	N;INS(SG)	lëstopadnikom
lëstopadnik	N;ACC(PL)	lëstopadniki
lëstopadnik	N;ACC(SG)	lëstopadnik
lëstopadnik	N;NOM(SG)	lëstopadnik
lëstopadnik	N;VOC(PL)	lëstopadniki
sobòta	N;NOM(PL)	sobòty
sobòta	N;DAT(PL)	sobòtam
sobòta	N;VOC(SG)	sobòto
sobòta	N;INS(PL)	sobòtami
sobòta	N;ESS(SG)	sobòśe
sobòta	N;DAT(SG)	sobòty
sobòta	N;GEN(SG)	sobòty
sobòta	N;ESS(PL)	sobòtach
sobòta	N;GEN(PL)	sobòtow
sobòta	N;INS(SG)	sobòtu
sobòta	N;ACC(PL)	sobòty
sobòta	N;ACC(SG)	sobòtu
sobòta	N;NOM(SG)	sobòta
sobòta	N;VOC(PL)	sobòty
kóń	N;NOM(PL)	kónje
kóń	N;DAT(PL)	kónjam
kóń	N;VOC(SG)	kóni
kóń	N;INS(PL)	kónjami
kóń	N;ESS(SG)	kónju
kóń	N;DAT(SG)	kónjoju
kóń	N;GEN(SG)	kónja
kóń	N;ESS(PL)	kónjach
kóń	N;GEN(PL)	kónjow
kóń	N;INS(SG)	kónjom
kóń	N;ACC(PL)	kónje
kóń	N;ACC(SG)	kóń
kóń	N;NOM(SG)	kóń
kóń	N;VOC(PL)	kónje
nazéwôcz	N;NOM(PL)	nazéwôcze
nazéwôcz	N;DAT(PL)	nazéwôczam
nazéwôcz	N;VOC(SG)	nazéwôczu
nazéwôcz	N;INS(PL)	nazéwôczami
nazéwôcz	N;ESS(SG)	nazéwôczu
nazéwôcz	N;DAT(SG)	nazéwôczoju
nazéwôcz	N;GEN(SG)	nazéwôcza
nazéwôcz	N;ESS(PL)	nazéwôczach
nazéwôcz	N;GEN(PL)	nazéwôczow
nazéwôcz	N;INS(SG)	nazéwôczom
nazéwôcz	N;ACC(PL)	nazéwôcze
nazéwôcz	N;ACC(SG)	nazéwôcz
nazéwôcz	N;NOM(SG)	nazéwôcz
nazéwôcz	N;VOC(PL)	nazéwôcze
piątk	N;NOM(PL)	piątki
piątk	N;DAT(PL)	piątkam
piątk	N;VOC(SG)	piątku
piątk	N;INS(PL)	piątkami
piątk	N;ESS(SG)	piątku
piątk	N;DAT(SG)	piątkoju
piątk	N;GEN(SG)	piątka
piątk	N;ESS(PL)	piątkach
piątk	N;GEN(PL)	piątkow
piątk	N;INS(SG)	piątkom
piątk	N;ACC(PL)	piątki
piątk	N;ACC(SG)	piątk
piątk	N;NOM(SG)	piątk
piątk	N;VOC(PL)	piątki
rënk	N;NOM(PL)	rënki
rënk	N;DAT(PL)	rënkam
rënk	N;VOC(SG)	rënku
rënk	N;INS(PL)	rënkami
rënk	N;ESS(SG)	rënku
rënk	N;DAT(SG)	rënkoju
rënk	N;GEN(SG)	rënka
rënk	N;ESS(PL)	rënkach
rënk	N;GEN(PL)	rënkow
rënk	N;INS(SG)	rënkom
rënk	N;ACC(PL)	rënki
rënk	N;ACC(SG)	rënk
rënk	N;NOM(SG)	rënk
rënk	N;VOC(PL)	rënki
wtórk	N;NOM(PL)	wtórki
wtórk	N;DAT(PL)	wtórkam
wtórk	N;VOC(SG)	wtórku
wtórk	N;INS(PL)	wtórkami
wtórk	N;ESS(SG)	wtórku
wtórk	N;DAT(SG)	wtórkoju
wtórk	N;GEN(SG)	wtórka
wtórk	N;ESS(PL)	wtórkach
wtórk	N;GEN(PL)	wtórkow
wtórk	N;INS(SG)	wtórkom
wtórk	N;ACC(PL)	wtórki
wtórk	N;ACC(SG)	wtórk
wtórk	N;NOM(SG)	wtórk
wtórk	N;VOC(PL)	wtórki
winowôcz	N;NOM(PL)	winowôcze
winowôcz	N;DAT(PL)	winowôczam
winowôcz	N;VOC(SG)	winowôczu
winowôcz	N;INS(PL)	winowôczami
winowôcz	N;ESS(SG)	winowôczu
winowôcz	N;DAT(SG)	winowôczoju
winowôcz	N;GEN(SG)	winowôcza
winowôcz	N;ESS(PL)	winowôczach
winowôcz	N;GEN(PL)	winowôczow
winowôcz	N;INS(SG)	winowôczom
winowôcz	N;ACC(PL)	winowôcze
winowôcz	N;ACC(SG)	winowôcz
winowôcz	N;NOM(SG)	winowôcz
winowôcz	N;VOC(PL)	winowôcze
òjc	N;NOM(PL)	òjcy
òjc	N;DAT(PL)	òjcam
òjc	N;VOC(SG)	òjcu
òjc	N;INS(PL)	òjcami
òjc	N;ESS(SG)	òjcu
òjc	N;DAT(SG)	òjcoju
òjc	N;GEN(SG)	òjca
òjc	N;ESS(PL)	òjcach
òjc	N;GEN(PL)	òjcow
òjc	N;INS(SG)	òjcom
òjc	N;INS(SG)	òjcom
òjc	N;ACC(PL)	òjcy
òjc	N;ACC(SG)	òjc
òjc	N;NOM(SG)	òjc
òjc	N;VOC(PL)	òjcy
latawiskò	N;NOM(PL)	latawisków
latawiskò	N;DAT(PL)	latawiskòm
latawiskò	N;VOC(SG)	latawisko
latawiskò	N;INS(PL)	latawiskami
latawiskò	N;ESS(SG)	latawisku
latawiskò	N;DAT(SG)	latawiskoju
latawiskò	N;GEN(SG)	latawiska
latawiskò	N;ESS(PL)	latawiskach
latawiskò	N;GEN(PL)	latawiskow
latawiskò	N;INS(SG)	latawiskòm
latawiskò	N;ACC(PL)	latawisków
latawiskò	N;ACC(SG)	latawiskò
latawiskò	N;NOM(SG)	latawiskò
latawiskò	N;VOC(PL)	latawiska
Jastra	N;VOC(PL)	Jastry
Jastra	N;ESS(PL)	Jastrach
Jastra	N;DAT(PL)	Jastram
Jastra	N;GEN(PL)	Jastrow
Jastra	N;ACC(PL)	Jastry
Jastra	N;ACC(PL)	Jastry
Jastra	N;NOM(PL)	Jastry
czerwińc	N;NOM(PL)	czerwińce
czerwińc	N;DAT(PL)	czerwińcam
czerwińc	N;VOC(SG)	czerwińcu
czerwińc	N;INS(PL)	czerwińcami
czerwińc	N;ESS(SG)	czerwińcu
czerwińc	N;DAT(SG)	czerwińcoju
czerwińc	N;GEN(SG)	czerwińca
czerwińc	N;ESS(PL)	czerwińcach
czerwińc	N;GEN(PL)	czerwińcow
czerwińc	N;INS(SG)	czerwińcom
czerwińc	N;ACC(PL)	czerwińce
czerwińc	N;ACC(SG)	czerwińc
czerwińc	N;NOM(SG)	czerwińc
czerwińc	N;VOC(PL)	czerwińce
rujan	N;NOM(PL)	rujany
rujan	N;DAT(PL)	rujanam
rujan	N;VOC(SG)	rujanu
rujan	N;INS(PL)	rujanami
rujan	N;ESS(SG)	rujanje
rujan	N;DAT(SG)	rujanoju
rujan	N;GEN(SG)	rujana
rujan	N;ESS(PL)	rujanach
rujan	N;GEN(PL)	rujanow
rujan	N;INS(SG)	rujanom
rujan	N;ACC(PL)	rujany
rujan	N;ACC(SG)	rujan
rujan	N;NOM(SG)	rujan
rujan	N;VOC(PL)	rujany
dôwôcz	N;NOM(PL)	dôwôcze
dôwôcz	N;DAT(PL)	dôwôczam
dôwôcz	N;VOC(SG)	dôwôczu
dôwôcz	N;INS(PL)	dôwôczami
dôwôcz	N;ESS(SG)	dôwôczu
dôwôcz	N;DAT(SG)	dôwôczoju
dôwôcz	N;GEN(SG)	dôwôcza
dôwôcz	N;ESS(PL)	dôwôczach
dôwôcz	N;GEN(PL)	dôwôczow
dôwôcz	N;INS(SG)	dôwôczom
dôwôcz	N;ACC(PL)	dôwôcze
dôwôcz	N;ACC(SG)	dôwôcz
dôwôcz	N;NOM(SG)	dôwôcz
dôwôcz	N;VOC(PL)	dôwôcze
serce	N;NOM(PL)	serce
serce	N;DAT(PL)	sercam
serce	N;VOC(SG)	serco
serce	N;INS(PL)	sercami
serce	N;ESS(SG)	sercy
serce	N;ESS(SG)	sercy
serce	N;DAT(SG)	serce
serce	N;GEN(SG)	serca
serce	N;ESS(PL)	sercach
serce	N;GEN(PL)	sercow
serce	N;GEN(PL)	sercow
serce	N;INS(SG)	sercem
serce	N;INS(SG)	sercem
serce	N;ACC(PL)	serce
serce	N;ACC(SG)	serce
serce	N;NOM(SG)	serce
serce	N;VOC(PL)	serce
lëpinc	N;NOM(PL)	lëpince
lëpinc	N;DAT(PL)	lëpincam
lëpinc	N;VOC(SG)	lëpincu
lëpinc	N;INS(PL)	lëpincami
lëpinc	N;ESS(SG)	lëpincu
lëpinc	N;DAT(SG)	lëpincoju
lëpinc	N;GEN(SG)	lëpinca
lëpinc	N;ESS(PL)	lëpincach
lëpinc	N;GEN(PL)	lëpincow
lëpinc	N;INS(SG)	lëpincom
lëpinc	N;ACC(PL)	lëpince
lëpinc	N;ACC(SG)	lëpinc
lëpinc	N;NOM(SG)	lëpinc
lëpinc	N;VOC(PL)	lëpince
séwnik	N;NOM(PL)	séwniki
séwnik	N;DAT(PL)	séwnikam
séwnik	N;VOC(SG)	séwniku
séwnik	N;INS(PL)	séwnikami
séwnik	N;ESS(SG)	séwniku
séwnik	N;DAT(SG)	séwnikoju
séwnik	N;GEN(SG)	séwnika
séwnik	N;ESS(PL)	séwnikach
séwnik	N;GEN(PL)	séwnikow
séwnik	N;INS(SG)	séwnikom
séwnik	N;ACC(PL)	séwniki
séwnik	N;ACC(SG)	séwnik
séwnik	N;NOM(SG)	séwnik
séwnik	N;VOC(PL)	séwniki
zélnik	N;NOM(PL)	zélniki
zélnik	N;DAT(PL)	zélnikam
zélnik	N;VOC(SG)	zélniku
zélnik	N;INS(PL)	zélnikami
zélnik	N;ESS(SG)	zélniku
zélnik	N;DAT(SG)	zélnikoju
zélnik	N;GEN(SG)	zélnika
zélnik	N;ESS(PL)	zélnikach
zélnik	N;GEN(PL)	zélnikow
zélnik	N;INS(SG)	zélnikom
zélnik	N;ACC(PL)	zélniki
zélnik	N;ACC(SG)	zélnik
zélnik	N;NOM(SG)	zélnik
zélnik	N;VOC(PL)	zélniki
stëcznik	N;NOM(PL)	stëczniki
stëcznik	N;DAT(PL)	stëcznikam
stëcznik	N;VOC(SG)	stëczniku
stëcznik	N;INS(PL)	stëcznikami
stëcznik	N;ESS(SG)	stëczniku
stëcznik	N;DAT(SG)	stëcznikoju
stëcznik	N;GEN(SG)	stëcznika
stëcznik	N;ESS(PL)	stëcznikach
stëcznik	N;GEN(PL)	stëcznikow
stëcznik	N;INS(SG)	stëcznikom
stëcznik	N;ACC(PL)	stëczniki
stëcznik	N;ACC(SG)	stëcznik
stëcznik	N;NOM(SG)	stëcznik
stëcznik	N;VOC(PL)	stëczniki
strzoda	N;NOM(PL)	strzody
strzoda	N;DAT(PL)	strzodam
strzoda	N;VOC(SG)	strzodo
strzoda	N;INS(PL)	strzodami
strzoda	N;ESS(SG)	strzodze
strzoda	N;DAT(SG)	strzodze
strzoda	N;GEN(SG)	strzody
strzoda	N;ESS(PL)	strzodach
strzoda	N;GEN(PL)	strzodow
strzoda	N;INS(SG)	strzodu
strzoda	N;ACC(PL)	strzody
strzoda	N;ACC(SG)	strzodu
strzoda	N;NOM(SG)	strzoda
strzoda	N;VOC(PL)	strzody
môj	N;NOM(PL)	môje
môj	N;DAT(PL)	môjam
môj	N;VOC(SG)	môju
môj	N;INS(PL)	môjami
môj	N;ESS(SG)	môju
môj	N;DAT(SG)	môjoju
môj	N;GEN(SG)	môja
môj	N;ESS(PL)	môjach
môj	N;GEN(PL)	môjow
môj	N;INS(SG)	môjom
môj	N;ACC(PL)	môje
môj	N;ACC(SG)	môj
môj	N;NOM(SG)	môj
môj	N;VOC(PL)	môje
strumiannik	N;NOM(PL)	strumianniki
strumiannik	N;DAT(PL)	strumiannikam
strumiannik	N;VOC(SG)	strumianniku
strumiannik	N;INS(PL)	strumiannikami
strumiannik	N;ESS(SG)	strumianniku
strumiannik	N;DAT(SG)	strumiannikoju
strumiannik	N;GEN(SG)	strumiannika
strumiannik	N;ESS(PL)	strumiannikach
strumiannik	N;GEN(PL)	strumiannikow
strumiannik	N;INS(SG)	strumiannikom
strumiannik	N;ACC(PL)	strumianniki
strumiannik	N;ACC(SG)	strumiannik
strumiannik	N;NOM(SG)	strumiannik
strumiannik	N;VOC(PL)	strumianniki
tidzéń	N;NOM(PL)	tidzéni
tidzéń	N;DAT(PL)	tidzénjam
tidzéń	N;VOC(SG)	tidzéni
tidzéń	N;INS(PL)	tidzénjami
tidzéń	N;ESS(SG)	tidzénju
tidzéń	N;DAT(SG)	tidzénjoju
tidzéń	N;GEN(SG)	tidzénia
tidzéń	N;ESS(PL)	tidzénjach
tidzéń	N;GEN(PL)	tidzénjow
tidzéń	N;INS(SG)	tidzénjom
tidzéń	N;ACC(PL)	tidzéni
tidzéń	N;ACC(SG)	tidzéń
tidzéń	N;NOM(SG)	tidzéń
tidzéń	N;VOC(PL)	tidzéni
czwôrtk	N;NOM(PL)	czwôrtki
czwôrtk	N;DAT(PL)	czwôrtkam
czwôrtk	N;VOC(SG)	czwôrtku
czwôrtk	N;INS(PL)	czwôrtkami
czwôrtk	N;ESS(SG)	czwôrtku
czwôrtk	N;DAT(SG)	czwôrtkoju
czwôrtk	N;GEN(SG)	czwôrtka
czwôrtk	N;ESS(PL)	czwôrtkach
czwôrtk	N;GEN(PL)	czwôrtkow
czwôrtk	N;INS(SG)	czwôrtkom
czwôrtk	N;ACC(PL)	czwôrtki
czwôrtk	N;ACC(SG)	czwôrtk
czwôrtk	N;NOM(SG)	czwôrtk
czwôrtk	N;VOC(PL)	czwôrtki
kòt	N;NOM(PL)	kòty
kòt	N;DAT(PL)	kòtam
kòt	N;VOC(SG)	kòto
kòt	N;INS(PL)	kòtami
kòt	N;ESS(SG)	kòtu
kòt	N;DAT(SG)	kòtoju
kòt	N;DAT(SG)	kòtoju
kòt	N;GEN(SG)	kòta
kòt	N;ESS(PL)	kòtach
kòt	N;GEN(PL)	kòtow
kòt	N;INS(SG)	kòtom
kòt	N;ACC(PL)	kòty
kòt	N;ACC(SG)	kòt
kòt	N;NOM(SG)	kòt
kòt	N;VOC(PL)	kòty
gromicznik	N;NOM(PL)	gromiczniki
gromicznik	N;DAT(PL)	gromicznikam
gromicznik	N;VOC(SG)	gromiczniku
gromicznik	N;INS(PL)	gromicznikami
gromicznik	N;ESS(SG)	gromiczniku
gromicznik	N;DAT(SG)	gromicznikoju
gromicznik	N;GEN(SG)	gromicznika
gromicznik	N;ESS(PL)	gromicznikach
gromicznik	N;GEN(PL)	gromicznikow
gromicznik	N;INS(SG)	gromicznikom
gromicznik	N;ACC(PL)	gromiczniki
gromicznik	N;ACC(SG)	gromicznik
gromicznik	N;NOM(SG)	gromicznik
gromicznik	N;VOC(PL)	gromiczniki
rodzôcz	N;NOM(PL)	rodzôcze
rodzôcz	N;DAT(PL)	rodzôczam
rodzôcz	N;VOC(SG)	rodzôczu
rodzôcz	N;INS(PL)	rodzôczami
rodzôcz	N;ESS(SG)	rodzôczu
rodzôcz	N;DAT(SG)	rodzôczoju
rodzôcz	N;GEN(SG)	rodzôcza
rodzôcz	N;ESS(PL)	rodzôczach
rodzôcz	N;GEN(PL)	rodzôczow
rodzôcz	N;INS(SG)	rodzôczom
rodzôcz	N;ACC(PL)	rodzôcze
rodzôcz	N;ACC(SG)	rodzôcz
rodzôcz	N;NOM(SG)	rodzôcz
rodzôcz	N;VOC(PL)	rodzôcze
niedzela	N;NOM(PL)	niedzele
niedzela	N;DAT(PL)	niedzelam
niedzela	N;VOC(SG)	niedzelo
niedzela	N;INS(PL)	niedzelami
niedzela	N;ESS(SG)	niedzelje
niedzela	N;DAT(SG)	niedzeli
niedzela	N;GEN(SG)	niedzely
niedzela	N;ESS(PL)	niedzelach
niedzela	N;GEN(PL)	niedzelow
niedzela	N;INS(SG)	niedzelu
niedzela	N;ACC(PL)	niedzele
niedzela	N;ACC(SG)	niedzelu
niedzela	N;NOM(SG)	niedzela
niedzela	N;VOC(PL)	niedzele
gòdnik	N;NOM(PL)	gòdniki
gòdnik	N;DAT(PL)	gòdnikam
gòdnik	N;VOC(SG)	gòdniku
gòdnik	N;INS(PL)	gòdnikami
gòdnik	N;ESS(SG)	gòdniku
gòdnik	N;DAT(SG)	gòdnikoju
gòdnik	N;GEN(SG)	gòdnika
gòdnik	N;ESS(PL)	gòdnikach
gòdnik	N;GEN(PL)	gòdnikow
gòdnik	N;INS(SG)	gòdnikom
gòdnik	N;ACC(PL)	gòdniki
gòdnik	N;ACC(SG)	gòdnik
gòdnik	N;NOM(SG)	gòdnik
gòdnik	N;VOC(PL)	gòdniki
stolem	N;NOM(PL)	stolemy
stolem	N;DAT(PL)	stolemam
stolem	N;VOC(SG)	stolem
stolem	N;INS(PL)	stolemami
stolem	N;ESS(SG)	stolemje
stolem	N;DAT(SG)	stolemoju
stolem	N;GEN(SG)	stolema
stolem	N;ESS(PL)	stolemach
stolem	N;GEN(PL)	stolemow
stolem	N;INS(SG)	stolemom
stolem	N;ACC(PL)	stolemy
stolem	N;ACC(SG)	stolem
stolem	N;NOM(SG)	stolem
stolem	N;VOC(PL)	stolemy
accuracy:0.24950884086444008