abstrákta	ADJ;ACC(PL)	abstrávttaid
abstrákta	ADJ;ACC(SG)	abstrávtta
abstrákta	ADJ;COM(PL)	abstrávttaiguin
abstrákta	ADJ;COM(SG)	abstrávttain
abstrákta	ADJ;FRML(SG)	abstrávttan
abstrákta	ADJ;GEN(PL)	abstrávttaid
abstrákta	ADJ;GEN(SG)	abstrávtta
abstrákta	ADJ;IN+ALL(PL)	abstrávttaide
abstrákta	ADJ;IN+ALL(SG)	abstrávttai
abstrákta	ADJ;NOM(PL)	abstrávttat
abstrákta	ADJ;NOM(SG)	abstrávtta
abstrákta	ADJ;PRP(PL)	abstrávttain
abstrákta	ADJ;PRP(SG)	abstrávttas
almmáskit	V;COND;NOM(1,DU)	almmáskkášeimme
almmáskit	V;COND;NOM(1,PL)	almmáskkášeimmet
almmáskit	V;COND;NOM(1,SG)	almmáskkášin
almmáskit	V;COND;NOM(2,DU)	almmáskkášeidde
almmáskit	V;COND;NOM(2,PL)	almmáskkášeiddet
almmáskit	V;COND;NOM(3,DU)	almmáskkášeigga
almmáskit	V;COND;NOM(3,SG)	almmáskkášii
almmáskit	V;IMP;NOM(1,PL)	almmáskot
almmáskit	V;IMP;NOM(2,DU)	almmásko
almmáskit	V;IMP;NOM(2,SG)	almmásko
almmáskit	V;IMP;NOM(3,PL)	almmáskoset
almmáskit	V;IMP;NOM(3,SG)	almmáskos
almmáskit	V;POT;NOM(1,DU)	almmáskkežetne
almmáskit	V;POT;NOM(1,PL)	almmáskkežit
almmáskit	V;POT;NOM(2,DU)	almmáskkežeahppi
almmáskit	V;POT;NOM(2,PL)	almmáskkežehpet
almmáskit	V;POT;NOM(2,SG)	almmáskkežat
almmáskit	V;POT;NOM(3,PL)	almmáskkežit
almmáskit	V;POT;NOM(3,SG)	almmáskkeža
almmáskit	V;PRS;IND;NOM(1,DU)	almmáske
almmáskit	V;PRS;IND;NOM(1,PL)	almmáskit
almmáskit	V;PRS;IND;NOM(1,SG)	almmáskin
almmáskit	V;PRS;IND;NOM(2,DU)	almmáskibeahtti
almmáskit	V;PRS;IND;NOM(2,PL)	almmáskibehtet
almmáskit	V;PRS;IND;NOM(2,SG)	almmáskit
almmáskit	V;PRS;IND;NOM(3,DU)	almmáskiba
almmáskit	V;PRS;IND;NOM(3,SG)	almmáski
almmáskit	V;PST;IND;NOM(1,DU)	almmáskeimme
almmáskit	V;PST;IND;NOM(1,SG)	almmásken
almmáskit	V;PST;IND;NOM(2,DU)	almmáskeidde
almmáskit	V;PST;IND;NOM(3,DU)	almmáskeigga
almmáskit	V;PST;IND;NOM(3,PL)	almmáske
amas	ADJ;ACC(PL)	amasiid
amas	ADJ;ACC(SG)	amasa
amas	ADJ;COM(PL)	amasiiguin
amas	ADJ;COM(SG)	amasiin
amas	ADJ;FRML(SG)	amasin
amas	ADJ;GEN(PL)	amasiid
amas	ADJ;GEN(SG)	amas
amas	ADJ;IN+ALL(PL)	amasiidda
amas	ADJ;IN+ALL(SG)	amasii
amas	ADJ;NOM(PL)	amasat
amas	ADJ;NOM(SG)	amas
amas	ADJ;PRP(PL)	amasiin
amas	ADJ;PRP(SG)	amasis
atoma	N;ACC(PL)	atomaid
atoma	N;ACC(SG)	atoma
atoma	N;COM(PL)	atomaiguin
atoma	N;COM(SG)	atomain
atoma	N;FRML(SG)	atoman
atoma	N;GEN(PL)	atomaid
atoma	N;GEN(SG)	atoma
atoma	N;IN+ALL(PL)	atomaide
atoma	N;IN+ALL(SG)	atomai
atoma	N;NOM(PL)	atomat
atoma	N;NOM(SG)	atoma
atoma	N;PRP(PL)	atomain
atoma	N;PRP(SG)	atomas
bieđgát	V;COND;LGSPEC1;NOM(1,PL)	bieđgáleimmet
bieđgát	V;COND;LGSPEC1;NOM(1,SG)	bieđgálin
bieđgát	V;COND;LGSPEC1;NOM(2,DU)	bieđgáleidde
bieđgát	V;COND;LGSPEC1;NOM(2,SG)	bieđgálit
bieđgát	V;COND;LGSPEC1;NOM(3,DU)	bieđgáleigga
bieđgát	V;COND;LGSPEC1;NOM(3,PL)	bieđgále
bieđgát	V;COND;LGSPEC1;NOM(3,SG)	bieđgálii
bieđgát	V;COND;NOM(1,DU)	bieđgášeimme
bieđgát	V;COND;NOM(1,PL)	bieđgášeimmet
bieđgát	V;COND;NOM(2,PL)	bieđgášeiddet
bieđgát	V;COND;NOM(2,SG)	bieđgášit
bieđgát	V;IMP;NOM(1,SG)	bieđgájehkon
bieđgát	V;IMP;NOM(2,DU)	bieđgájeahkki
bieđgát	V;IMP;NOM(2,PL)	bieđgájehket
bieđgát	V;IMP;NOM(2,SG)	bieđgá
bieđgát	V;IMP;NOM(3,DU)	bieđgájehkoska
bieđgát	V;POT;NOM(1,DU)	bieđgážetne
bieđgát	V;POT;NOM(1,PL)	bieđgážit
bieđgát	V;POT;NOM(1,SG)	bieđgážan
bieđgát	V;POT;NOM(2,DU)	bieđgážeahppi
bieđgát	V;POT;NOM(2,PL)	bieđgážehpet
bieđgát	V;POT;NOM(3,DU)	bieđgážeaba
bieđgát	V;PRS;IND;NOM(1,DU)	bieđgájetne
bieđgát	V;PRS;IND;NOM(1,PL)	bieđgát
bieđgát	V;PRS;IND;NOM(1,SG)	bieđgán
bieđgát	V;PRS;IND;NOM(2,DU)	bieđgábeahtti
bieđgát	V;PRS;IND;NOM(2,PL)	bieđgábehtet
bieđgát	V;PRS;IND;NOM(3,PL)	bieđgát
bieđgát	V;PST;IND;NOM(1,PL)	bieđgáimet
bieđgát	V;PST;IND;NOM(1,SG)	bieđgájin
bieđgát	V;PST;IND;NOM(2,PL)	bieđgáidet
bieđgát	V;PST;IND;NOM(3,PL)	bieđgáiga
buddet	V;COND;LGSPEC1;NOM(1,DU)	butteleimme
buddet	V;COND;LGSPEC1;NOM(1,SG)	buddelin
buddet	V;COND;LGSPEC1;NOM(2,PL)	buddeleiddet
buddet	V;COND;LGSPEC1;NOM(2,SG)	buddelit
buddet	V;COND;LGSPEC1;NOM(3,DU)	butteleigga
buddet	V;COND;LGSPEC1;NOM(3,PL)	buttele
buddet	V;COND;LGSPEC1;NOM(3,SG)	buttelii
buddet	V;COND;NOM(1,PL)	buttešeimmet
buddet	V;COND;NOM(1,SG)	buttešin
buddet	V;COND;NOM(2,DU)	buttešeidde
buddet	V;COND;NOM(2,SG)	buttešit
buddet	V;COND;NOM(3,DU)	buttešeigga
buddet	V;COND;NOM(3,PL)	butteše
buddet	V;IMP;NOM(1,PL)	buddot
buddet	V;IMP;NOM(1,SG)	buddon
buddet	V;IMP;NOM(2,PL)	buddet
buddet	V;IMP;NOM(2,SG)	budde
buddet	V;IMP;NOM(3,PL)	buddoset
buddet	V;POT;NOM(2,DU)	buttežeahppi
buddet	V;POT;NOM(2,PL)	buttežehpet
buddet	V;POT;NOM(2,SG)	buttežat
buddet	V;POT;NOM(3,DU)	buttežeaba
buddet	V;PRS;IND;NOM(1,PL)	buddet
buddet	V;PRS;IND;NOM(1,SG)	budden
buddet	V;PRS;IND;NOM(2,DU)	buddebeahtti
buddet	V;PRS;IND;NOM(2,PL)	buddebehtet
buddet	V;PRS;IND;NOM(3,PL)	buddet
buddet	V;PST;IND;NOM(1,DU)	buddeimme
buddet	V;PST;IND;NOM(1,SG)	budden
buddet	V;PST;IND;NOM(3,DU)	buddeigga
buddet	V;PST;IND;NOM(3,PL)	buddeigga
báistit	V;COND;LGSPEC1;NOM(1,PL)	báisttáleimmet
báistit	V;COND;LGSPEC1;NOM(1,SG)	báisttálin
báistit	V;COND;LGSPEC1;NOM(2,DU)	báisttáleidde
báistit	V;COND;LGSPEC1;NOM(2,PL)	báisttáleiddet
báistit	V;COND;LGSPEC1;NOM(2,SG)	báisttálit
báistit	V;COND;LGSPEC1;NOM(3,DU)	báisttáleigga
báistit	V;COND;LGSPEC1;NOM(3,PL)	báisttále
báistit	V;COND;LGSPEC1;NOM(3,SG)	báisttálii
báistit	V;COND;NOM(1,DU)	báisttášeimme
báistit	V;COND;NOM(1,SG)	báisttášin
báistit	V;COND;NOM(2,DU)	báisttášeidde
báistit	V;COND;NOM(3,DU)	báisttášeigga
báistit	V;COND;NOM(3,PL)	báisttáše
báistit	V;COND;NOM(3,SG)	báisttášii
báistit	V;IMP;NOM(1,DU)	báisto
báistit	V;IMP;NOM(1,PL)	báistot
báistit	V;IMP;NOM(2,PL)	báistot
báistit	V;POT;NOM(1,SG)	báisttežan
báistit	V;POT;NOM(2,PL)	báisttežehpet
báistit	V;POT;NOM(3,DU)	báisttežeaba
báistit	V;POT;NOM(3,PL)	báisttežit
báistit	V;POT;NOM(3,SG)	báistteža
báistit	V;PRS;IND;NOM(1,DU)	báiste
báistit	V;PRS;IND;NOM(2,PL)	báistibehtet
báistit	V;PRS;IND;NOM(3,SG)	báistá
báistit	V;PST;IND;NOM(1,DU)	báisttiime
báistit	V;PST;IND;NOM(1,PL)	báistiimet
báistit	V;PST;IND;NOM(1,SG)	báisttin
báistit	V;PST;IND;NOM(2,PL)	báistiidet
báistit	V;PST;IND;NOM(3,DU)	báistiiga
báistit	V;PST;IND;NOM(3,PL)	báistiiga
báistit	V;PST;IND;NOM(3,SG)	báistii
bálgán	N;ACC(PL)	bálgániid
bálgán	N;ACC(SG)	bálgán
bálgán	N;COM(PL)	bálgániiguin
bálgán	N;COM(SG)	bálgániin
bálgán	N;FRML(SG)	bálgánin
bálgán	N;GEN(PL)	bálgániid
bálgán	N;GEN(SG)	bálgán
bálgán	N;IN+ALL(PL)	bálgáide
bálgán	N;IN+ALL(SG)	bálgánii
bálgán	N;NOM(SG)	bálgán
bálgán	N;PRP(PL)	bálgániin
bálgán	N;PRP(SG)	bálgán
báralaš	ADJ;ACC(PL)	báralaččaid
báralaš	ADJ;ACC(SG)	báralačča
báralaš	ADJ;COM(PL)	báralaččaiguin
báralaš	ADJ;COM(SG)	báralaččain
báralaš	ADJ;FRML(SG)	báralaččan
báralaš	ADJ;GEN(PL)	báralaččaid
báralaš	ADJ;GEN(SG)	báralačča
báralaš	ADJ;IN+ALL(PL)	báralaččaide
báralaš	ADJ;IN+ALL(SG)	báralaččai
báralaš	ADJ;NOM(PL)	báralaččat
báralaš	ADJ;NOM(SG)	báralačča
báralaš	ADJ;PRP(PL)	báralaččain
báralaš	ADJ;PRP(SG)	báralaččas
bárdnat	V;COND;LGSPEC1;NOM(1,DU)	bárnnaleimme
bárdnat	V;COND;LGSPEC1;NOM(1,PL)	bárnnaleimmet
bárdnat	V;COND;LGSPEC1;NOM(2,DU)	bárnnaleidde
bárdnat	V;COND;LGSPEC1;NOM(2,PL)	bárnnaleiddet
bárdnat	V;COND;LGSPEC1;NOM(2,SG)	bárnnalit
bárdnat	V;COND;LGSPEC1;NOM(3,DU)	bárnnaleigga
bárdnat	V;COND;LGSPEC1;NOM(3,SG)	bárnnalii
bárdnat	V;COND;NOM(1,DU)	bárnnašeimme
bárdnat	V;COND;NOM(1,PL)	bárnnašeimmet
bárdnat	V;COND;NOM(2,DU)	bárnnašeidde
bárdnat	V;COND;NOM(2,SG)	bárnnašit
bárdnat	V;IMP;NOM(1,SG)	bárdnon
bárdnat	V;IMP;NOM(2,DU)	bárdno
bárdnat	V;IMP;NOM(2,SG)	bárdno
bárdnat	V;IMP;NOM(3,DU)	bárdnoska
bárdnat	V;IMP;NOM(3,PL)	bárdnoset
bárdnat	V;IMP;NOM(3,SG)	bárdnos
bárdnat	V;POT;NOM(1,DU)	bárnnažetne
bárdnat	V;POT;NOM(1,PL)	bárnnažit
bárdnat	V;POT;NOM(2,PL)	bárnnažehpet
bárdnat	V;POT;NOM(3,DU)	bárnnažeaba
bárdnat	V;POT;NOM(3,SG)	bárnnaža
bárdnat	V;PRS;IND;NOM(1,DU)	bárdnabu
bárdnat	V;PRS;IND;NOM(1,PL)	bárdnat
bárdnat	V;PRS;IND;NOM(1,SG)	bárdnan
bárdnat	V;PRS;IND;NOM(2,PL)	bárdnabehtet
bárdnat	V;PRS;IND;NOM(3,DU)	bárdnaba
bárdnat	V;PRS;IND;NOM(3,SG)	bárdna
bárdnat	V;PST;IND;NOM(1,DU)	bárdnaime
bárdnat	V;PST;IND;NOM(2,DU)	bárdnaide
bárdnat	V;PST;IND;NOM(3,PL)	bárdnaiga
bárdnat	V;PST;IND;NOM(3,SG)	bárdnai
ceggoseamos	ADJ;ACC(PL)	ceggosepmosiid
ceggoseamos	ADJ;ACC(SG)	ceggosepmosa
ceggoseamos	ADJ;COM(PL)	ceggosepmosiiguin
ceggoseamos	ADJ;COM(SG)	ceggosepmosiin
ceggoseamos	ADJ;FRML(SG)	ceggosepmosin
ceggoseamos	ADJ;GEN(PL)	ceggosepmosiid
ceggoseamos	ADJ;GEN(SG)	ceggosepmosa
ceggoseamos	ADJ;IN+ALL(PL)	ceggosepmosiidda
ceggoseamos	ADJ;IN+ALL(SG)	ceggosepmosii
ceggoseamos	ADJ;NOM(PL)	ceggosepmosat
ceggoseamos	ADJ;NOM(SG)	ceggosepmos
ceggoseamos	ADJ;PRP(PL)	ceggosepmosiin
ceggoseamos	ADJ;PRP(SG)	ceggosepmosis
cuoŋománnu	N;ACC(PL)	cuoŋománuid
cuoŋománnu	N;ACC(SG)	cuoŋománu
cuoŋománnu	N;COM(PL)	cuoŋománuiguin
cuoŋománnu	N;COM(SG)	cuoŋománuin
cuoŋománnu	N;FRML(SG)	cuoŋománun
cuoŋománnu	N;GEN(PL)	cuoŋománuid
cuoŋománnu	N;GEN(SG)	cuoŋománu
cuoŋománnu	N;IN+ALL(PL)	cuoŋománuide
cuoŋománnu	N;IN+ALL(SG)	cuoŋománui
cuoŋománnu	N;NOM(PL)	cuoŋománut
cuoŋománnu	N;NOM(SG)	cuoŋománu
cuoŋománnu	N;PRP(PL)	cuoŋománuin
cuoŋománnu	N;PRP(SG)	cuoŋománus
deaivat	V;COND;LGSPEC1;NOM(2,DU)	deivvaleidde
deaivat	V;COND;LGSPEC1;NOM(2,PL)	deivvaleiddet
deaivat	V;COND;LGSPEC1;NOM(2,SG)	deivvalit
deaivat	V;COND;LGSPEC1;NOM(3,DU)	deivvaleigga
deaivat	V;COND;LGSPEC1;NOM(3,PL)	deivvale
deaivat	V;COND;LGSPEC1;NOM(3,SG)	deivvalii
deaivat	V;COND;NOM(1,DU)	deaivvašeimme
deaivat	V;COND;NOM(2,DU)	deaivvašeidde
deaivat	V;COND;NOM(2,PL)	deivvašeiddet
deaivat	V;COND;NOM(3,DU)	deivvašeigga
deaivat	V;COND;NOM(3,PL)	deivvaše
deaivat	V;COND;NOM(3,SG)	deivvašii
deaivat	V;IMP;NOM(1,DU)	deivo
deaivat	V;IMP;NOM(2,DU)	deivo
deaivat	V;IMP;NOM(2,PL)	deivot
deaivat	V;IMP;NOM(2,SG)	deivo
deaivat	V;IMP;NOM(3,DU)	deivoska
deaivat	V;IMP;NOM(3,PL)	deivoset
deaivat	V;POT;NOM(1,PL)	deivvažit
deaivat	V;POT;NOM(1,SG)	deivvažan
deaivat	V;POT;NOM(2,PL)	deivvažehpet
deaivat	V;POT;NOM(2,SG)	deivvažat
deaivat	V;POT;NOM(3,DU)	deivvažeaba
deaivat	V;PRS;IND;NOM(1,DU)	deaiva
deaivat	V;PRS;IND;NOM(2,SG)	deaivat
deaivat	V;PRS;IND;NOM(3,PL)	deaivat
deaivat	V;PST;IND;NOM(1,DU)	deivviime
deaivat	V;PST;IND;NOM(1,PL)	deivviimet
deaivat	V;PST;IND;NOM(1,SG)	deivven
deaivat	V;PST;IND;NOM(2,SG)	deivvet
deaivat	V;PST;IND;NOM(3,DU)	deivviiga
deaivat	V;PST;IND;NOM(3,PL)	deivve
dievvat	V;COND;LGSPEC1;NOM(1,SG)	dievvalin
dievvat	V;COND;LGSPEC1;NOM(2,PL)	dievvaleiddet
dievvat	V;COND;LGSPEC1;NOM(2,SG)	dievvalit
dievvat	V;COND;LGSPEC1;NOM(3,PL)	dievvale
dievvat	V;COND;LGSPEC1;NOM(3,SG)	dievvalii
dievvat	V;COND;NOM(1,PL)	dievvašeimmet
dievvat	V;COND;NOM(2,DU)	dievvašeidde
dievvat	V;COND;NOM(2,SG)	dievvašit
dievvat	V;COND;NOM(3,DU)	dievvašeigga
dievvat	V;COND;NOM(3,PL)	dievvaše
dievvat	V;COND;NOM(3,SG)	dievvašii
dievvat	V;IMP;NOM(1,SG)	divvon
dievvat	V;IMP;NOM(2,PL)	divvot
dievvat	V;IMP;NOM(2,SG)	divvo
dievvat	V;IMP;NOM(3,DU)	divvoska
dievvat	V;IMP;NOM(3,SG)	divvos
dievvat	V;POT;NOM(1,SG)	dievvažan
dievvat	V;POT;NOM(2,DU)	dievvažeahppi
dievvat	V;POT;NOM(2,PL)	dievvažehpet
dievvat	V;POT;NOM(2,SG)	dievvažat
dievvat	V;POT;NOM(3,DU)	dievvažeaba
dievvat	V;POT;NOM(3,PL)	dievvažit
dievvat	V;PRS;IND;NOM(1,DU)	dievva
dievvat	V;PRS;IND;NOM(2,SG)	dievvat
dievvat	V;PRS;IND;NOM(3,SG)	dievva
dievvat	V;PST;IND;NOM(1,PL)	dievvaimet
dievvat	V;PST;IND;NOM(1,SG)	dievven
dievvat	V;PST;IND;NOM(2,DU)	dievvaide
dievvat	V;PST;IND;NOM(2,PL)	dievvaidet
dievvat	V;PST;IND;NOM(3,DU)	dievvaiga
dievvat	V;PST;IND;NOM(3,PL)	dievvaiga
dievvat	V;PST;IND;NOM(3,SG)	dievvai
dorvu	N;ACC(PL)	dorvvuid
dorvu	N;ACC(SG)	dorvvu
dorvu	N;COM(PL)	dorvvuiguin
dorvu	N;COM(SG)	dorvvuin
dorvu	N;FRML(SG)	dorvvun
dorvu	N;GEN(PL)	dorvvuid
dorvu	N;GEN(SG)	dorvvu
dorvu	N;IN+ALL(PL)	dorvvuide
dorvu	N;IN+ALL(SG)	dorvvui
dorvu	N;NOM(PL)	dorvvut
dorvu	N;NOM(SG)	dorvvu
dorvu	N;PRP(PL)	dorvvuin
dorvu	N;PRP(SG)	dorvvus
dorvvastit	V;COND;NOM(1,DU)	dorvvastivččiime
dorvvastit	V;COND;NOM(1,PL)	dorvvastivččiimet
dorvvastit	V;COND;NOM(1,SG)	dorvvastivččiin
dorvvastit	V;COND;NOM(2,DU)	dorvvastivččiide
dorvvastit	V;COND;NOM(2,PL)	dorvvastivččiidet
dorvvastit	V;COND;NOM(2,SG)	dorvvastivččiit
dorvvastit	V;COND;NOM(3,DU)	dorvvastivččiiga
dorvvastit	V;COND;NOM(3,PL)	dorvvastivččiiga
dorvvastit	V;COND;NOM(3,SG)	dorvvastivččii
dorvvastit	V;IMP;NOM(1,SG)	dorvvastehkon
dorvvastit	V;IMP;NOM(2,PL)	dorvvastehket
dorvvastit	V;IMP;NOM(2,SG)	dorvvastehket
dorvvastit	V;IMP;NOM(3,DU)	dorvvastehkoska
dorvvastit	V;IMP;NOM(3,PL)	dorvvastehkoset
dorvvastit	V;IMP;NOM(3,SG)	dorvvastehkos
dorvvastit	V;POT;NOM(1,DU)	dorvvasteažžabeahtti
dorvvastit	V;POT;NOM(1,SG)	dorvvasteaččan
dorvvastit	V;POT;NOM(2,DU)	dorvvasteažžabeahtti
dorvvastit	V;POT;NOM(2,PL)	dorvvasteažžabehtet
dorvvastit	V;POT;NOM(3,PL)	dorvvasteažžaba
dorvvastit	V;POT;NOM(3,SG)	dorvvasteažža
dorvvastit	V;PRS;IND;NOM(1,DU)	dorvvastetne
dorvvastit	V;PRS;IND;NOM(1,PL)	dorvvastit
dorvvastit	V;PRS;IND;NOM(1,SG)	dorvvastin
dorvvastit	V;PRS;IND;NOM(2,DU)	dorvvasteahppi
dorvvastit	V;PRS;IND;NOM(3,DU)	dorvvasteaba
dorvvastit	V;PST;IND;NOM(1,DU)	dorvvasteimme
dorvvastit	V;PST;IND;NOM(2,PL)	dorvvasteiddet
dorvvastit	V;PST;IND;NOM(2,SG)	dorvvastiit
dorvvastit	V;PST;IND;NOM(3,DU)	dorvvasteigga
dorvvastit	V;PST;IND;NOM(3,PL)	dorvvasteigga
dorvvastit	V;PST;IND;NOM(3,SG)	dorvvastii
dorvvolaččat	ADJ;ACC(PL)	dorvvolaččadiid
dorvvolaččat	ADJ;ACC(SG)	dorvvolaččada
dorvvolaččat	ADJ;COM(PL)	dorvvolaččadiiguin
dorvvolaččat	ADJ;COM(SG)	dorvvolaččadiin
dorvvolaččat	ADJ;FRML(SG)	dorvvolaččadin
dorvvolaččat	ADJ;GEN(PL)	dorvvolaččadiid
dorvvolaččat	ADJ;GEN(SG)	dorvvolaččada
dorvvolaččat	ADJ;IN+ALL(PL)	dorvvolaččadiidda
dorvvolaččat	ADJ;IN+ALL(SG)	dorvvolaččadii
dorvvolaččat	ADJ;NOM(PL)	dorvvolaččadat
dorvvolaččat	ADJ;NOM(SG)	dorvvolaččabu
dorvvolaččat	ADJ;PRP(PL)	dorvvolaččadiin
dorvvolaččat	ADJ;PRP(SG)	dorvvolaččadis
dápmat	V;COND;LGSPEC1;NOM(1,DU)	dápmaleimme
dápmat	V;COND;LGSPEC1;NOM(2,SG)	dápmalit
dápmat	V;COND;LGSPEC1;NOM(3,SG)	dápmalii
dápmat	V;COND;NOM(1,DU)	dápmašeimme
dápmat	V;COND;NOM(2,SG)	dápmašit
dápmat	V;COND;NOM(3,DU)	dápmašeigga
dápmat	V;COND;NOM(3,PL)	dápmaše
dápmat	V;COND;NOM(3,SG)	dápmašii
dápmat	V;IMP;NOM(1,PL)	dápmot
dápmat	V;IMP;NOM(1,SG)	dápmon
dápmat	V;IMP;NOM(2,DU)	dápmo
dápmat	V;IMP;NOM(3,PL)	dápmoset
dápmat	V;POT;NOM(1,DU)	dápmažetne
dápmat	V;POT;NOM(2,DU)	dápmažeahppi
dápmat	V;POT;NOM(2,SG)	dápmažat
dápmat	V;POT;NOM(3,DU)	dápmažeaba
dápmat	V;POT;NOM(3,PL)	dápmažit
dápmat	V;PRS;IND;NOM(1,DU)	dápmabu
dápmat	V;PRS;IND;NOM(1,PL)	dápmat
dápmat	V;PRS;IND;NOM(2,DU)	dápmabeahtti
dápmat	V;PRS;IND;NOM(2,SG)	dápmat
dápmat	V;PRS;IND;NOM(3,DU)	dápmaba
dápmat	V;PRS;IND;NOM(3,PL)	dápmat
dápmat	V;PRS;IND;NOM(3,SG)	dápma
dápmat	V;PST;IND;NOM(1,DU)	dápmaime
dápmat	V;PST;IND;NOM(1,PL)	dápmaimet
dápmat	V;PST;IND;NOM(1,SG)	dápman
dápmat	V;PST;IND;NOM(2,DU)	dápmaide
dápmat	V;PST;IND;NOM(2,PL)	dápmaidet
dápmat	V;PST;IND;NOM(3,DU)	dápmaiga
dápmat	V;PST;IND;NOM(3,SG)	dápmai
fuoikit	V;COND;LGSPEC1;NOM(1,DU)	fuikkáleimme
fuoikit	V;COND;LGSPEC1;NOM(1,PL)	fuikkáleimmet
fuoikit	V;COND;LGSPEC1;NOM(1,SG)	fuikkálin
fuoikit	V;COND;LGSPEC1;NOM(2,DU)	fuikkáleidde
fuoikit	V;COND;LGSPEC1;NOM(2,PL)	fuikkáleiddet
fuoikit	V;COND;LGSPEC1;NOM(3,PL)	fuikkále
fuoikit	V;COND;LGSPEC1;NOM(3,SG)	fuikkálii
fuoikit	V;COND;NOM(1,DU)	fuikkášeimme
fuoikit	V;COND;NOM(2,PL)	fuikkášeiddet
fuoikit	V;COND;NOM(2,SG)	fuikkášit
fuoikit	V;COND;NOM(3,DU)	fuikkášeigga
fuoikit	V;COND;NOM(3,SG)	fuikkášii
fuoikit	V;IMP;NOM(1,DU)	fuiko
fuoikit	V;IMP;NOM(1,PL)	fuikot
fuoikit	V;IMP;NOM(1,SG)	fuikon
fuoikit	V;IMP;NOM(2,DU)	fuiko
fuoikit	V;IMP;NOM(2,PL)	fuikot
fuoikit	V;IMP;NOM(2,SG)	fuiko
fuoikit	V;IMP;NOM(3,DU)	fuikoska
fuoikit	V;POT;NOM(1,PL)	fuikkežit
fuoikit	V;POT;NOM(1,SG)	fuikkežan
fuoikit	V;POT;NOM(2,SG)	fuikkežat
fuoikit	V;POT;NOM(3,DU)	fuikkežeaba
fuoikit	V;POT;NOM(3,SG)	fuikkeža
fuoikit	V;PRS;IND;NOM(1,PL)	fuoikit
fuoikit	V;PRS;IND;NOM(1,SG)	fuoikin
fuoikit	V;PRS;IND;NOM(2,PL)	fuoikibehtet
fuoikit	V;PST;IND;NOM(1,SG)	fuikkin
fuoikit	V;PST;IND;NOM(2,SG)	fuiket
fuoikit	V;PST;IND;NOM(3,DU)	fuikkiiga
fuoikit	V;PST;IND;NOM(3,SG)	fuikkii
geahppán	N;ACC(PL)	geahppániid
geahppán	N;ACC(SG)	geahppán
geahppán	N;COM(PL)	geahppámiiguin
geahppán	N;COM(SG)	geahppániin
geahppán	N;FRML(SG)	geahppánin
geahppán	N;GEN(PL)	geahppámiid
geahppán	N;GEN(SG)	geahppán
geahppán	N;IN+ALL(PL)	geahppáide
geahppán	N;IN+ALL(SG)	geahppánii
geahppán	N;NOM(SG)	geahppán
geahppán	N;PRP(PL)	geahppániin
geahppán	N;PRP(SG)	geahppán
guoggát	V;COND;LGSPEC1;NOM(1,DU)	guoggáleimme
guoggát	V;COND;LGSPEC1;NOM(2,SG)	guoggálit
guoggát	V;COND;LGSPEC1;NOM(3,DU)	guoggáleigga
guoggát	V;COND;LGSPEC1;NOM(3,PL)	guokkále
guoggát	V;COND;LGSPEC1;NOM(3,SG)	guoggálii
guoggát	V;COND;NOM(1,DU)	guoggášeimme
guoggát	V;COND;NOM(1,SG)	guoggášin
guoggát	V;COND;NOM(2,DU)	guoggášeidde
guoggát	V;COND;NOM(2,PL)	guoggášeiddet
guoggát	V;COND;NOM(3,DU)	guoggášeigga
guoggát	V;COND;NOM(3,SG)	guoggášii
guoggát	V;IMP;NOM(1,DU)	guoggájeadnu
guoggát	V;IMP;NOM(1,SG)	guoggájehkon
guoggát	V;IMP;NOM(2,SG)	guoggá
guoggát	V;IMP;NOM(3,DU)	guoggájehkoska
guoggát	V;IMP;NOM(3,SG)	guoggájehkos
guoggát	V;POT;NOM(1,DU)	guoggážetne
guoggát	V;POT;NOM(2,PL)	guoggážehpet
guoggát	V;POT;NOM(2,SG)	guoggážat
guoggát	V;POT;NOM(3,PL)	guoggážit
guoggát	V;PRS;IND;NOM(1,DU)	guoggájetne
guoggát	V;PRS;IND;NOM(1,PL)	guoggát
guoggát	V;PRS;IND;NOM(1,SG)	guoggán
guoggát	V;PRS;IND;NOM(2,PL)	guoggábehtet
guoggát	V;PRS;IND;NOM(2,SG)	guoggát
guoggát	V;PRS;IND;NOM(3,SG)	guoggá
guoggát	V;PST;IND;NOM(1,DU)	guoggáime
guoggát	V;PST;IND;NOM(1,PL)	guoggáimet
guoggát	V;PST;IND;NOM(1,SG)	guoggájin
guoggát	V;PST;IND;NOM(2,DU)	guoggáide
guoggát	V;PST;IND;NOM(2,SG)	guoggájit
guoggát	V;PST;IND;NOM(3,PL)	guoggáiga
guoktelogigoalmmát	ADJ;ACC(PL)	guoktelogigoalmmádiid
guoktelogigoalmmát	ADJ;ACC(SG)	guoktelogigoalmmáda
guoktelogigoalmmát	ADJ;COM(PL)	guoktelogigoalmmádiiguin
guoktelogigoalmmát	ADJ;COM(SG)	guoktelogigoalmmádiin
guoktelogigoalmmát	ADJ;FRML(SG)	guoktelogigoalmmádin
guoktelogigoalmmát	ADJ;GEN(PL)	guoktelogigoalmmádiid
guoktelogigoalmmát	ADJ;GEN(SG)	guoktelogigoalmmáda
guoktelogigoalmmát	ADJ;IN+ALL(PL)	guoktelogigoalmmádiidda
guoktelogigoalmmát	ADJ;IN+ALL(SG)	guoktelogigoalmmádii
guoktelogigoalmmát	ADJ;NOM(PL)	guoktelogigoalmmádat
guoktelogigoalmmát	ADJ;NOM(SG)	guoktelogigoalmmád
guoktelogigoalmmát	ADJ;PRP(PL)	guoktelogigoalmmádiin
guoktelogigoalmmát	ADJ;PRP(SG)	guoktelogigoalmmádis
guolástit	V;COND;NOM(1,PL)	guolástivččiimet
guolástit	V;COND;NOM(1,SG)	guolástivččiin
guolástit	V;COND;NOM(2,DU)	guolástivččiide
guolástit	V;COND;NOM(2,SG)	guolástivččiit
guolástit	V;COND;NOM(3,DU)	guolástivččiiga
guolástit	V;COND;NOM(3,SG)	guolástivččii
guolástit	V;IMP;NOM(1,DU)	guolástehko
guolástit	V;IMP;NOM(1,SG)	guoláston
guolástit	V;IMP;NOM(2,DU)	guolásteahkki
guolástit	V;IMP;NOM(2,PL)	guolástehket
guolástit	V;IMP;NOM(2,SG)	guolástehket
guolástit	V;IMP;NOM(3,DU)	guolástehkoska
guolástit	V;IMP;NOM(3,SG)	guolástehkos
guolástit	V;POT;NOM(1,DU)	guolásteažžabeahtti
guolástit	V;POT;NOM(1,PL)	guolásteažžat
guolástit	V;POT;NOM(2,PL)	guolásteažžabehtet
guolástit	V;POT;NOM(3,DU)	guolásteažžaba
guolástit	V;POT;NOM(3,PL)	guolásteažžaba
guolástit	V;POT;NOM(3,SG)	guolásteažža
guolástit	V;PRS;IND;NOM(1,DU)	guoláste
guolástit	V;PRS;IND;NOM(1,SG)	guolástin
guolástit	V;PRS;IND;NOM(2,PL)	guolástibehtet
guolástit	V;PRS;IND;NOM(2,SG)	guolástit
guolástit	V;PRS;IND;NOM(3,PL)	guolástit
guolástit	V;PST;IND;NOM(1,DU)	guolásteimme
guolástit	V;PST;IND;NOM(1,PL)	guolásteimmet
guolástit	V;PST;IND;NOM(1,SG)	guolástin
guolástit	V;PST;IND;NOM(2,DU)	guolásteidde
guolástit	V;PST;IND;NOM(2,PL)	guolásteiddet
guolástit	V;PST;IND;NOM(2,SG)	guolástiit
guolástit	V;PST;IND;NOM(3,SG)	guolástii
guvrát	V;COND;LGSPEC1;NOM(1,PL)	guvráleimmet
guvrát	V;COND;LGSPEC1;NOM(1,SG)	guvrálin
guvrát	V;COND;LGSPEC1;NOM(2,DU)	guvráleidde
guvrát	V;COND;LGSPEC1;NOM(3,DU)	guvráleigga
guvrát	V;COND;LGSPEC1;NOM(3,SG)	guvrálii
guvrát	V;COND;NOM(1,PL)	guvrášeimmet
guvrát	V;COND;NOM(1,SG)	guvrášin
guvrát	V;COND;NOM(2,DU)	guvrášeidde
guvrát	V;COND;NOM(2,PL)	guvrášeiddet
guvrát	V;IMP;NOM(1,DU)	guvrájeadnu
guvrát	V;IMP;NOM(2,DU)	guvrájeahkki
guvrát	V;IMP;NOM(2,PL)	guvrájehket
guvrát	V;IMP;NOM(3,PL)	guvrájehkoset
guvrát	V;IMP;NOM(3,SG)	guvrájehkos
guvrát	V;POT;NOM(1,DU)	guvrážetne
guvrát	V;POT;NOM(1,PL)	guvrážit
guvrát	V;POT;NOM(2,PL)	guvrážehpet
guvrát	V;POT;NOM(2,SG)	guvrážat
guvrát	V;POT;NOM(3,DU)	guvrážeaba
guvrát	V;POT;NOM(3,PL)	guvrážit
guvrát	V;POT;NOM(3,SG)	guvráža
guvrát	V;PRS;IND;NOM(1,DU)	guvrábu
guvrát	V;PRS;IND;NOM(1,SG)	guvrán
guvrát	V;PRS;IND;NOM(2,PL)	guvrábehtet
guvrát	V;PRS;IND;NOM(2,SG)	guvrát
guvrát	V;PRS;IND;NOM(3,PL)	guvrát
guvrát	V;PRS;IND;NOM(3,SG)	guvrá
guvrát	V;PST;IND;NOM(2,DU)	guvráide
guvrát	V;PST;IND;NOM(2,SG)	guvrájit
guvrát	V;PST;IND;NOM(3,DU)	guvráiga
guvrát	V;PST;IND;NOM(3,PL)	guvráiga
guvrát	V;PST;IND;NOM(3,SG)	guvrái
guđat	ADJ;ACC(PL)	guđadiid
guđat	ADJ;ACC(SG)	guđada
guđat	ADJ;COM(PL)	guđadiiguin
guđat	ADJ;COM(SG)	guđadiin
guđat	ADJ;FRML(SG)	guđadin
guđat	ADJ;GEN(PL)	guđadiid
guđat	ADJ;GEN(SG)	guđada
guđat	ADJ;IN+ALL(PL)	guđadiidda
guđat	ADJ;IN+ALL(SG)	guđadii
guđat	ADJ;NOM(PL)	guđadat
guđat	ADJ;NOM(SG)	guđat
guđat	ADJ;PRP(SG)	guđadis
gáisi	N;ACC(PL)	gáisiid
gáisi	N;ACC(SG)	gáisi
gáisi	N;COM(PL)	gáisiiguin
gáisi	N;COM(SG)	gáisiin
gáisi	N;FRML(SG)	gáisin
gáisi	N;GEN(PL)	gáisiid
gáisi	N;GEN(SG)	gáisi
gáisi	N;IN+ALL(PL)	gáisiide
gáisi	N;IN+ALL(SG)	gáisii
gáisi	N;NOM(PL)	gáisit
gáisi	N;NOM(SG)	gáisi
gáisi	N;PRP(PL)	gáisiin
gáisi	N;PRP(SG)	gáisis
gáranas	N;ACC(PL)	gáranasiid
gáranas	N;ACC(SG)	gáranasa
gáranas	N;COM(PL)	gáranasiiguin
gáranas	N;COM(SG)	gáranasiin
gáranas	N;FRML(SG)	gáranasin
gáranas	N;GEN(PL)	gáranasiid
gáranas	N;GEN(SG)	gáranas
gáranas	N;IN+ALL(PL)	gáranasiidda
gáranas	N;IN+ALL(SG)	gáranasii
gáranas	N;NOM(PL)	gáranasat
gáranas	N;NOM(SG)	gáranas
gáranas	N;PRP(PL)	gáranasiin
gáranas	N;PRP(SG)	gáranasis
gávrut	V;COND;LGSPEC1;NOM(1,PL)	gávrroleimmet
gávrut	V;COND;LGSPEC1;NOM(2,PL)	gávrroleiddet
gávrut	V;COND;LGSPEC1;NOM(3,PL)	gávrrole
gávrut	V;COND;LGSPEC1;NOM(3,SG)	gávrrolii
gávrut	V;COND;NOM(1,PL)	gávrrošeimmet
gávrut	V;COND;NOM(1,SG)	gávrrošin
gávrut	V;COND;NOM(2,DU)	gávrrošeidde
gávrut	V;COND;NOM(2,PL)	gávrrošeiddet
gávrut	V;COND;NOM(3,PL)	gávrroše
gávrut	V;COND;NOM(3,SG)	gávrrošii
gávrut	V;IMP;NOM(1,DU)	gávro
gávrut	V;IMP;NOM(1,PL)	gávrot
gávrut	V;IMP;NOM(2,SG)	gávro
gávrut	V;IMP;NOM(3,DU)	gávroska
gávrut	V;IMP;NOM(3,PL)	gávroset
gávrut	V;POT;NOM(1,DU)	gávrrožetne
gávrut	V;POT;NOM(1,PL)	gávrrožit
gávrut	V;POT;NOM(2,DU)	gávrrožeahppi
gávrut	V;POT;NOM(2,PL)	gávrrožehpet
gávrut	V;POT;NOM(2,SG)	gávrrožat
gávrut	V;POT;NOM(3,DU)	gávrrožeaba
gávrut	V;POT;NOM(3,SG)	gávrroža
gávrut	V;PRS;IND;NOM(1,SG)	gávrun
gávrut	V;PRS;IND;NOM(2,DU)	gávrubeahtti
gávrut	V;PRS;IND;NOM(2,SG)	gávrut
gávrut	V;PRS;IND;NOM(3,PL)	gávrut
gávrut	V;PST;IND;NOM(1,DU)	gávrruime
gávrut	V;PST;IND;NOM(1,PL)	gávrruimet
gávrut	V;PST;IND;NOM(2,DU)	gávrruide
gávrut	V;PST;IND;NOM(2,SG)	gávrruit
gávrut	V;PST;IND;NOM(3,DU)	gávrruiga
gávrut	V;PST;IND;NOM(3,PL)	gávrruiga
jiehtanas	N;ACC(PL)	jiehtanasiid
jiehtanas	N;ACC(SG)	jiehtanasa
jiehtanas	N;COM(PL)	jiehtanasiiguin
jiehtanas	N;FRML(SG)	jiehtanasin
jiehtanas	N;GEN(PL)	jiehtanasiid
jiehtanas	N;GEN(SG)	jiehtanas
jiehtanas	N;IN+ALL(PL)	jiehtanasiidda
jiehtanas	N;IN+ALL(SG)	jiehtanasii
jiehtanas	N;NOM(PL)	jiehtanasat
jiehtanas	N;NOM(SG)	jiehtanas
jiehtanas	N;PRP(PL)	jiehtanasiin
jiehtanas	N;PRP(SG)	jiehtanasis
jorbbas	ADJ;ACC(PL)	jorbbasiid
jorbbas	ADJ;ACC(SG)	jorbbas
jorbbas	ADJ;COM(PL)	jorbbasiiguin
jorbbas	ADJ;COM(SG)	jorbbasiin
jorbbas	ADJ;FRML(SG)	jorbbasin
jorbbas	ADJ;GEN(PL)	jorbbasiid
jorbbas	ADJ;GEN(SG)	jorbbas
jorbbas	ADJ;IN+ALL(PL)	jorbbasiidda
jorbbas	ADJ;IN+ALL(SG)	jorbbasii
jorbbas	ADJ;NOM(PL)	jorbbasat
jorbbas	ADJ;NOM(SG)	jorbbas
jorbbas	ADJ;PRP(PL)	jorbbasiin
jorbbas	ADJ;PRP(SG)	jorbbas
lasta	N;ACC(PL)	lasttaid
lasta	N;ACC(SG)	lastta
lasta	N;COM(PL)	lasttaiguin
lasta	N;COM(SG)	lasttain
lasta	N;FRML(SG)	lastan
lasta	N;GEN(PL)	lasttaid
lasta	N;GEN(SG)	lastta
lasta	N;IN+ALL(PL)	lasttaide
lasta	N;IN+ALL(SG)	lasttai
lasta	N;NOM(PL)	lasttat
lasta	N;NOM(SG)	lasta
lasta	N;PRP(PL)	lasttain
lasta	N;PRP(SG)	lastas
loahppat	V;COND;LGSPEC1;NOM(1,DU)	loahpaleimme
loahppat	V;COND;LGSPEC1;NOM(2,DU)	loahpaleidde
loahppat	V;COND;LGSPEC1;NOM(2,SG)	loahpalit
loahppat	V;COND;LGSPEC1;NOM(3,SG)	loahpalii
loahppat	V;COND;NOM(1,PL)	loahpašeimmet
loahppat	V;COND;NOM(1,SG)	loahpašin
loahppat	V;COND;NOM(2,DU)	loahpašeidde
loahppat	V;COND;NOM(2,SG)	loahpašit
loahppat	V;IMP;NOM(1,DU)	loahppo
loahppat	V;IMP;NOM(1,SG)	loahppon
loahppat	V;IMP;NOM(2,DU)	loahppo
loahppat	V;IMP;NOM(3,DU)	loahpposka
loahppat	V;IMP;NOM(3,PL)	loahpposet
loahppat	V;IMP;NOM(3,SG)	loahppos
loahppat	V;POT;NOM(1,DU)	loahpažetne
loahppat	V;POT;NOM(1,PL)	loahpažit
loahppat	V;POT;NOM(1,SG)	loahpažan
loahppat	V;POT;NOM(2,DU)	loahpažeahppi
loahppat	V;POT;NOM(2,PL)	loahpažehpet
loahppat	V;POT;NOM(2,SG)	loahpažat
loahppat	V;POT;NOM(3,PL)	loahpažit
loahppat	V;POT;NOM(3,SG)	loahpaža
loahppat	V;PRS;IND;NOM(1,DU)	loahppabu
loahppat	V;PRS;IND;NOM(2,PL)	loahppabehtet
loahppat	V;PRS;IND;NOM(3,PL)	loahppat
loahppat	V;PRS;IND;NOM(3,SG)	loahppa
loahppat	V;PST;IND;NOM(1,SG)	loahppin
loahppat	V;PST;IND;NOM(2,DU)	loahppiide
loahppat	V;PST;IND;NOM(2,PL)	loahppiidet
loahppat	V;PST;IND;NOM(2,SG)	loahppit
loahppat	V;PST;IND;NOM(3,DU)	loahppiiga
lákca	N;ACC(PL)	lávccaid
lákca	N;ACC(SG)	lávcca
lákca	N;COM(PL)	lávccaiguin
lákca	N;COM(SG)	lávccain
lákca	N;FRML(SG)	lávccan
lákca	N;GEN(PL)	lávccaid
lákca	N;GEN(SG)	lávcca
lákca	N;IN+ALL(PL)	lávccaide
lákca	N;IN+ALL(SG)	lávccai
lákca	N;NOM(PL)	lávccat
lákca	N;NOM(SG)	lávcca
lákca	N;PRP(PL)	lávccain
lákca	N;PRP(SG)	lávccas
mohkkámus	ADJ;ACC(PL)	mohkkámusaid
mohkkámus	ADJ;ACC(SG)	mohkkámusa
mohkkámus	ADJ;COM(PL)	mohkkámusaiguin
mohkkámus	ADJ;COM(SG)	mohkkámusain
mohkkámus	ADJ;FRML(SG)	mohkkámusan
mohkkámus	ADJ;GEN(PL)	mohkkámusaid
mohkkámus	ADJ;GEN(SG)	mohkkámusa
mohkkámus	ADJ;IN+ALL(PL)	mohkkámusiidda
mohkkámus	ADJ;IN+ALL(SG)	mohkkámusai
mohkkámus	ADJ;NOM(PL)	mohkkámusat
mohkkámus	ADJ;NOM(SG)	mohkkámusa
mohkkámus	ADJ;PRP(PL)	mohkkámusain
mohkkámus	ADJ;PRP(SG)	mohkkámusas
positiiva	ADJ;ACC(PL)	positiivvaid
positiiva	ADJ;ACC(SG)	positiivva
positiiva	ADJ;COM(PL)	positiivvaiguin
positiiva	ADJ;COM(SG)	positiivvain
positiiva	ADJ;FRML(SG)	positiivvan
positiiva	ADJ;GEN(PL)	positiivvaid
positiiva	ADJ;GEN(SG)	positiivva
positiiva	ADJ;IN+ALL(PL)	positiivvaide
positiiva	ADJ;IN+ALL(SG)	positiivvai
positiiva	ADJ;NOM(PL)	positiivvat
positiiva	ADJ;NOM(SG)	positiivva
positiiva	ADJ;PRP(PL)	positiivvain
positiiva	ADJ;PRP(SG)	positiivvas
ruhta	N;ACC(PL)	ruhtaid
ruhta	N;ACC(SG)	ruhta
ruhta	N;COM(PL)	ruhtaiguin
ruhta	N;COM(SG)	ruhtain
ruhta	N;FRML(SG)	ruhtan
ruhta	N;GEN(PL)	ruhtaid
ruhta	N;GEN(SG)	ruhta
ruhta	N;IN+ALL(PL)	ruhtaide
ruhta	N;NOM(PL)	ruhtat
ruhta	N;NOM(SG)	ruhta
ruhta	N;PRP(PL)	ruhtain
ruhta	N;PRP(SG)	ruhtas
russat	V;COND;LGSPEC1;NOM(1,DU)	rusaleimme
russat	V;COND;LGSPEC1;NOM(1,PL)	rusaleimmet
russat	V;COND;LGSPEC1;NOM(2,DU)	rusaleidde
russat	V;COND;LGSPEC1;NOM(2,SG)	rusalit
russat	V;COND;LGSPEC1;NOM(3,SG)	rusalii
russat	V;COND;NOM(1,DU)	rusašeimme
russat	V;COND;NOM(1,PL)	rusašeimmet
russat	V;COND;NOM(1,SG)	rusašin
russat	V;COND;NOM(2,PL)	rusašeiddet
russat	V;COND;NOM(2,SG)	rusašit
russat	V;COND;NOM(3,SG)	rusašii
russat	V;IMP;NOM(1,PL)	russot
russat	V;IMP;NOM(1,SG)	russon
russat	V;IMP;NOM(2,SG)	russo
russat	V;IMP;NOM(3,DU)	russoska
russat	V;POT;NOM(1,DU)	rusažetne
russat	V;POT;NOM(1,PL)	rusažit
russat	V;POT;NOM(2,DU)	rusažeahppi
russat	V;POT;NOM(3,DU)	rusažeaba
russat	V;PRS;IND;NOM(1,PL)	russat
russat	V;PRS;IND;NOM(1,SG)	russan
russat	V;PRS;IND;NOM(2,PL)	russabehtet
russat	V;PRS;IND;NOM(2,SG)	russat
russat	V;PRS;IND;NOM(3,PL)	russat
russat	V;PST;IND;NOM(1,DU)	russeimme
russat	V;PST;IND;NOM(1,PL)	russiimet
russat	V;PST;IND;NOM(1,SG)	russen
russat	V;PST;IND;NOM(2,DU)	russeidde
russat	V;PST;IND;NOM(2,PL)	russiidet
russat	V;PST;IND;NOM(2,SG)	russet
russat	V;PST;IND;NOM(3,PL)	russe
russat	V;PST;IND;NOM(3,SG)	russii
ráhkis	ADJ;ACC(PL)	rágisiid
ráhkis	ADJ;ACC(SG)	ráhkis
ráhkis	ADJ;COM(PL)	rágisiiguin
ráhkis	ADJ;COM(SG)	ráhkisiin
ráhkis	ADJ;FRML(SG)	ráhkisin
ráhkis	ADJ;GEN(PL)	rágisiid
ráhkis	ADJ;GEN(SG)	ráhkis
ráhkis	ADJ;IN+ALL(PL)	rágisiidda
ráhkis	ADJ;IN+ALL(SG)	ráhkisii
ráhkis	ADJ;NOM(PL)	ráhkisat
ráhkis	ADJ;NOM(SG)	ráhkis
ráhkis	ADJ;PRP(PL)	ráhkisiin
ráhkis	ADJ;PRP(SG)	ráhkis
skeaikit	V;COND;LGSPEC1;NOM(1,DU)	skeikkáleimme
skeaikit	V;COND;LGSPEC1;NOM(1,SG)	skeikkálin
skeaikit	V;COND;LGSPEC1;NOM(2,DU)	skeikkáleidde
skeaikit	V;COND;LGSPEC1;NOM(2,PL)	skeikkáleiddet
skeaikit	V;COND;LGSPEC1;NOM(2,SG)	skeikkálit
skeaikit	V;COND;LGSPEC1;NOM(3,PL)	skeikkále
skeaikit	V;COND;NOM(2,DU)	skeikkášeidde
skeaikit	V;COND;NOM(2,SG)	skeikkášit
skeaikit	V;COND;NOM(3,DU)	skeikkášeigga
skeaikit	V;IMP;NOM(1,PL)	skeikot
skeaikit	V;IMP;NOM(2,DU)	skeiko
skeaikit	V;IMP;NOM(2,SG)	skeiko
skeaikit	V;IMP;NOM(3,SG)	skeikos
skeaikit	V;POT;NOM(1,DU)	skeikkežetne
skeaikit	V;POT;NOM(1,PL)	skeikkežit
skeaikit	V;POT;NOM(1,SG)	skeikkežan
skeaikit	V;POT;NOM(2,DU)	skeikkežeahppi
skeaikit	V;POT;NOM(2,PL)	skeikkežehpet
skeaikit	V;POT;NOM(2,SG)	skeikkežat
skeaikit	V;POT;NOM(3,DU)	skeikkežeaba
skeaikit	V;POT;NOM(3,PL)	skeikkežit
skeaikit	V;POT;NOM(3,SG)	skeikkeža
skeaikit	V;PRS;IND;NOM(1,SG)	skeaikán
skeaikit	V;PRS;IND;NOM(2,DU)	skeaikebeahtti
skeaikit	V;PRS;IND;NOM(2,PL)	skeaikibehtet
skeaikit	V;PRS;IND;NOM(3,DU)	skeaikeba
skeaikit	V;PRS;IND;NOM(3,PL)	skeaiket
skeaikit	V;PST;IND;NOM(2,DU)	skeikkiide
skeaikit	V;PST;IND;NOM(2,PL)	skeikeiddet
skeaikit	V;PST;IND;NOM(2,SG)	skeiket
skeaikit	V;PST;IND;NOM(3,DU)	skeikkiiga
skeaikit	V;PST;IND;NOM(3,PL)	skeikkiiga
stoarbma	N;ACC(PL)	stoarbmaid
stoarbma	N;ACC(SG)	stoarbma
stoarbma	N;COM(PL)	stoarbmaiguin
stoarbma	N;COM(SG)	stoarbmain
stoarbma	N;FRML(SG)	stoarbman
stoarbma	N;GEN(PL)	stoarbmaid
stoarbma	N;GEN(SG)	stoarbma
stoarbma	N;IN+ALL(PL)	stoarbmaide
stoarbma	N;IN+ALL(SG)	stoarbmai
stoarbma	N;NOM(PL)	stoarbmat
stoarbma	N;NOM(SG)	stoarbma
stoarbma	N;PRP(PL)	stoarbmain
stoarbma	N;PRP(SG)	stoarbmas
stuorát	ADJ;ACC(PL)	stuorádiid
stuorát	ADJ;ACC(SG)	stuoráda
stuorát	ADJ;COM(PL)	stuorádiiguin
stuorát	ADJ;COM(SG)	stuorádiin
stuorát	ADJ;FRML(SG)	stuorádin
stuorát	ADJ;GEN(PL)	stuorádiid
stuorát	ADJ;GEN(SG)	stuoráda
stuorát	ADJ;IN+ALL(PL)	stuorádiidda
stuorát	ADJ;IN+ALL(SG)	stuorádii
stuorát	ADJ;NOM(PL)	stuorádat
stuorát	ADJ;NOM(SG)	stuoráda
stuorát	ADJ;PRP(PL)	stuorádiin
stuorát	ADJ;PRP(SG)	stuorádis
sávvat	V;COND;LGSPEC1;NOM(1,DU)	sávaleimme
sávvat	V;COND;LGSPEC1;NOM(1,PL)	sávaleimmet
sávvat	V;COND;LGSPEC1;NOM(1,SG)	sávalin
sávvat	V;COND;LGSPEC1;NOM(2,SG)	sávalit
sávvat	V;COND;LGSPEC1;NOM(3,DU)	sávaleigga
sávvat	V;COND;NOM(1,PL)	sávašeimmet
sávvat	V;COND;NOM(2,DU)	sávašeidde
sávvat	V;COND;NOM(2,PL)	sávašeiddet
sávvat	V;COND;NOM(2,SG)	sávašit
sávvat	V;COND;NOM(3,PL)	sávaše
sávvat	V;COND;NOM(3,SG)	sávašii
sávvat	V;IMP;NOM(1,PL)	sávvot
sávvat	V;IMP;NOM(1,SG)	sávvon
sávvat	V;IMP;NOM(2,DU)	sávvo
sávvat	V;IMP;NOM(2,PL)	sávvot
sávvat	V;IMP;NOM(2,SG)	sávvo
sávvat	V;IMP;NOM(3,PL)	sávvoset
sávvat	V;POT;NOM(1,PL)	sávažit
sávvat	V;POT;NOM(1,SG)	sávažan
sávvat	V;POT;NOM(2,SG)	sávažat
sávvat	V;POT;NOM(3,PL)	sávažit
sávvat	V;PRS;IND;NOM(1,DU)	sávvabu
sávvat	V;PRS;IND;NOM(1,PL)	sávvat
sávvat	V;PRS;IND;NOM(1,SG)	sávvan
sávvat	V;PRS;IND;NOM(2,DU)	sávvabeahtti
sávvat	V;PRS;IND;NOM(2,PL)	sávvabehtet
sávvat	V;PRS;IND;NOM(2,SG)	sávvat
sávvat	V;PRS;IND;NOM(3,DU)	sávvaba
sávvat	V;PRS;IND;NOM(3,PL)	sávvat
sávvat	V;PST;IND;NOM(2,DU)	sávaide
sávvat	V;PST;IND;NOM(2,PL)	sávaidet
sávvat	V;PST;IND;NOM(2,SG)	sávait
višuvdna	N;ACC(PL)	višuvnnaid
višuvdna	N;ACC(SG)	višuvnna
višuvdna	N;COM(PL)	višuvnnaiguin
višuvdna	N;COM(SG)	višuvnnain
višuvdna	N;FRML(SG)	višuvnnan
višuvdna	N;GEN(PL)	višuvnnaid
višuvdna	N;GEN(SG)	višuvnna
višuvdna	N;IN+ALL(PL)	višuvnnaide
višuvdna	N;IN+ALL(SG)	višuvnnai
višuvdna	N;NOM(PL)	višuvnnat
višuvdna	N;NOM(SG)	višuvnna
višuvdna	N;PRP(PL)	višuvnnain
višuvdna	N;PRP(SG)	višuvnnas
árgi	ADJ;ACC(PL)	árggiid
árgi	ADJ;ACC(SG)	árggi
árgi	ADJ;COM(PL)	árggiiguin
árgi	ADJ;COM(SG)	árggiin
árgi	ADJ;FRML(SG)	árggin
árgi	ADJ;GEN(PL)	árggiid
árgi	ADJ;GEN(SG)	árggi
árgi	ADJ;IN+ALL(PL)	árggiide
árgi	ADJ;IN+ALL(SG)	árggii
árgi	ADJ;NOM(PL)	árggit
árgi	ADJ;NOM(SG)	árggi
árgi	ADJ;PRP(PL)	árggiin
árgi	ADJ;PRP(SG)	árggis
čalmmeheamos	ADJ;ACC(PL)	čalmmehepmosiid
čalmmeheamos	ADJ;ACC(SG)	čalmmehepmosa
čalmmeheamos	ADJ;COM(PL)	čalmmehepmosiiguin
čalmmeheamos	ADJ;COM(SG)	čalmmehepmosiin
čalmmeheamos	ADJ;FRML(SG)	čalmmehepmosin
čalmmeheamos	ADJ;GEN(PL)	čalmmehepmosiid
čalmmeheamos	ADJ;GEN(SG)	čalmmehepmosa
čalmmeheamos	ADJ;IN+ALL(PL)	čalmmehepmosiidda
čalmmeheamos	ADJ;IN+ALL(SG)	čalmmehepmosii
čalmmeheamos	ADJ;NOM(PL)	čalmmehepmosat
čalmmeheamos	ADJ;NOM(SG)	čalmmehepmos
čalmmeheamos	ADJ;PRP(PL)	čalmmehepmosiin
čalmmeheamos	ADJ;PRP(SG)	čalmmehepmosis
čavgat	ADJ;ACC(PL)	čavggadiid
čavgat	ADJ;ACC(SG)	čavggabu
čavgat	ADJ;COM(PL)	čavggadiiguin
čavgat	ADJ;COM(SG)	čavggabuin
čavgat	ADJ;FRML(SG)	čavgadin
čavgat	ADJ;GEN(PL)	čavggadiid
čavgat	ADJ;GEN(SG)	čavggabu
čavgat	ADJ;IN+ALL(PL)	čavggadiidda
čavgat	ADJ;IN+ALL(SG)	čavggadii
čavgat	ADJ;NOM(PL)	čavggabut
čavgat	ADJ;NOM(SG)	čavgada
čavgat	ADJ;PRP(PL)	čavggabuin
čavgat	ADJ;PRP(SG)	čavggabus
čierrut	V;COND;LGSPEC1;NOM(1,DU)	čierroleimme
čierrut	V;COND;LGSPEC1;NOM(1,SG)	čierrolin
čierrut	V;COND;LGSPEC1;NOM(2,DU)	čierroleidde
čierrut	V;COND;LGSPEC1;NOM(3,SG)	čierrolii
čierrut	V;COND;NOM(1,DU)	čierrošeimme
čierrut	V;COND;NOM(1,SG)	čierrošin
čierrut	V;COND;NOM(2,DU)	čierrošeidde
čierrut	V;COND;NOM(2,SG)	čierrošit
čierrut	V;COND;NOM(3,DU)	čierrošeigga
čierrut	V;COND;NOM(3,PL)	čierroše
čierrut	V;COND;NOM(3,SG)	čierrošii
čierrut	V;IMP;NOM(1,DU)	čirro
čierrut	V;IMP;NOM(1,PL)	čirrot
čierrut	V;IMP;NOM(1,SG)	čirron
čierrut	V;IMP;NOM(2,DU)	čirro
čierrut	V;IMP;NOM(2,PL)	čirrot
čierrut	V;IMP;NOM(2,SG)	čirro
čierrut	V;IMP;NOM(3,DU)	čirroska
čierrut	V;IMP;NOM(3,SG)	čirros
čierrut	V;POT;NOM(2,DU)	čierrožeahppi
čierrut	V;POT;NOM(2,PL)	čierrožehpet
čierrut	V;POT;NOM(2,SG)	čierrožat
čierrut	V;POT;NOM(3,DU)	čierrožeaba
čierrut	V;PRS;IND;NOM(1,DU)	čierru
čierrut	V;PRS;IND;NOM(1,PL)	čierrut
čierrut	V;PRS;IND;NOM(2,PL)	čierrubehtet
čierrut	V;PRS;IND;NOM(3,PL)	čierrut
čierrut	V;PST;IND;NOM(1,DU)	čierruime
čierrut	V;PST;IND;NOM(1,SG)	čirrun
čierrut	V;PST;IND;NOM(2,PL)	čirruidet
čierrut	V;PST;IND;NOM(2,SG)	čirruit
čierrut	V;PST;IND;NOM(3,SG)	čirrui
čuovgat	ADJ;ACC(PL)	čuovgadiid
čuovgat	ADJ;ACC(SG)	čuovgada
čuovgat	ADJ;COM(PL)	čuovgadiiguin
čuovgat	ADJ;COM(SG)	čuovgadiin
čuovgat	ADJ;FRML(SG)	čuovgadin
čuovgat	ADJ;GEN(PL)	čuovgadiid
čuovgat	ADJ;GEN(SG)	čuovgada
čuovgat	ADJ;IN+ALL(PL)	čuovggadiidda
čuovgat	ADJ;IN+ALL(SG)	čuovgadii
čuovgat	ADJ;NOM(PL)	čuovgadat
čuovgat	ADJ;NOM(SG)	čuovgada
čuovgat	ADJ;PRP(PL)	čuovgadiin
čuovgat	ADJ;PRP(SG)	čuovgadis
čábbáseamos	ADJ;ACC(PL)	čábbásepmosiid
čábbáseamos	ADJ;ACC(SG)	čábbásepmosa
čábbáseamos	ADJ;COM(PL)	čábbásepmosiiguin
čábbáseamos	ADJ;COM(SG)	čábbásepmosiin
čábbáseamos	ADJ;FRML(SG)	čábbásepmosin
čábbáseamos	ADJ;GEN(PL)	čábbásepmosiid
čábbáseamos	ADJ;GEN(SG)	čábbásepmosa
čábbáseamos	ADJ;IN+ALL(PL)	čábbásepmosiidda
čábbáseamos	ADJ;IN+ALL(SG)	čábbásepmosii
čábbáseamos	ADJ;NOM(PL)	čábbásepmosat
čábbáseamos	ADJ;NOM(SG)	čábbásepmos
čábbáseamos	ADJ;PRP(PL)	čábbásepmosiin
čábbáseamos	ADJ;PRP(SG)	čábbásepmosis
čáppat	ADJ;ACC(PL)	čápadiid
čáppat	ADJ;ACC(SG)	čáppabu
čáppat	ADJ;COM(PL)	čábadiiguin
čáppat	ADJ;FRML(SG)	čáppabun
čáppat	ADJ;GEN(PL)	čáppabuid
čáppat	ADJ;GEN(SG)	čáppabu
čáppat	ADJ;IN+ALL(PL)	čáppadiidda
čáppat	ADJ;IN+ALL(SG)	čáppadii
čáppat	ADJ;NOM(PL)	čáppabut
čáppat	ADJ;NOM(SG)	čáppabu
čáppat	ADJ;PRP(PL)	čáppabusingiin
čáppat	ADJ;PRP(SG)	čáppabus
accuracy:0.515
