Βισάλτης	N;ACC(DU)	Βῐσᾰ́λτᾱ
Βισάλτης	N;ACC(PL)	Βῐσᾰ́λτᾱς
Βισάλτης	N;ACC(SG)	Βῐσᾰ́λτην
Βισάλτης	N;DAT(DU)	Βῐσᾰ́λταιν
Βισάλτης	N;DAT(PL)	Βῐσᾰ́λταις
Βισάλτης	N;DAT(SG)	Βῐσᾰ́λτῃ
Βισάλτης	N;GEN(DU)	Βῐσᾰ́λταιν
Βισάλτης	N;GEN(PL)	Βῐσᾰ́λτων
Βισάλτης	N;GEN(SG)	Βῐσᾰ́λτου
Βισάλτης	N;NOM(DU)	Βῐσᾰ́λτᾱ
Βισάλτης	N;NOM(PL)	Βῐσᾰ́λται
Βισάλτης	N;NOM(SG)	Βῐσᾰ́λτης
Βισάλτης	N;VOC(DU)	Βῐσᾰ́λτᾱ
Βισάλτης	N;VOC(PL)	Βῐσᾰ́λται
Βισάλτης	N;VOC(SG)	Βῐσᾰ́λτη
Μασσαλιώτης	N;ACC(DU)	Μᾰσσᾰλῐ́τᾱ
Μασσαλιώτης	N;ACC(PL)	Μᾰσσᾰλῐ́τᾱς
Μασσαλιώτης	N;ACC(SG)	Μᾰσσᾰλῐ́την
Μασσαλιώτης	N;DAT(DU)	Μᾰσσᾰλῐ́ταιν
Μασσαλιώτης	N;DAT(PL)	Μᾰσσᾰλῐ́ταις
Μασσαλιώτης	N;DAT(SG)	Μᾰσσᾰλῐ́τῃ
Μασσαλιώτης	N;GEN(DU)	Μᾰσσᾰλῐ́ταιν
Μασσαλιώτης	N;GEN(PL)	Μᾰσσᾰλῐώτων
Μασσαλιώτης	N;GEN(SG)	Μᾰσσᾰλῐ́του
Μασσαλιώτης	N;NOM(DU)	Μᾰσσᾰλῐ́τᾱ
Μασσαλιώτης	N;NOM(PL)	Μᾰσσᾰλῐ́ται
Μασσαλιώτης	N;NOM(SG)	Μᾰσσᾰλῐ́της
Μασσαλιώτης	N;VOC(DU)	Μᾰσσᾰλῐ́τᾱ
Μασσαλιώτης	N;VOC(PL)	Μᾰσσᾰλῐ́ται
Μασσαλιώτης	N;VOC(SG)	Μᾰσσᾰλῐ́τη
Μιθριακός	ADJ;ACC(DU;MASC)	Μιθριακώ
Μιθριακός	ADJ;ACC(DU;NEUT)	Μιθριακώ
Μιθριακός	ADJ;ACC(PL;FEM)	Μιθριακᾱ́ς
Μιθριακός	ADJ;ACC(PL;MASC)	Μιθριακούς
Μιθριακός	ADJ;ACC(PL;NEUT)	Μιθριακᾰ́
Μιθριακός	ADJ;ACC(SG;FEM)	Μιθριακήν
Μιθριακός	ADJ;DAT(DU;FEM)	Μιθριακαῖν
Μιθριακός	ADJ;DAT(DU;MASC)	Μιθριακοῖν
Μιθριακός	ADJ;DAT(PL;MASC)	Μιθριακοῖς
Μιθριακός	ADJ;DAT(SG;FEM)	Μιθριακῇ
Μιθριακός	ADJ;DAT(SG;MASC)	Μιθριακῷ
Μιθριακός	ADJ;DAT(SG;NEUT)	Μιθριακῷ
Μιθριακός	ADJ;GEN(DU;FEM)	Μιθριακαῖν
Μιθριακός	ADJ;GEN(DU;MASC)	Μιθριακοῖν
Μιθριακός	ADJ;GEN(DU;NEUT)	Μιθριακοῖν
Μιθριακός	ADJ;GEN(PL;MASC)	Μιθριακῶν
Μιθριακός	ADJ;GEN(PL;NEUT)	Μιθριακῶν
Μιθριακός	ADJ;GEN(SG;FEM)	Μιθριακῆς
Μιθριακός	ADJ;GEN(SG;MASC)	Μιθριακοῦ
Μιθριακός	ADJ;GEN(SG;NEUT)	Μιθριακοῦ
Μιθριακός	ADJ;NOM(DU;FEM)	Μιθριακᾱ́
Μιθριακός	ADJ;NOM(DU;MASC)	Μιθριακώ
Μιθριακός	ADJ;NOM(DU;NEUT)	Μιθριακώ
Μιθριακός	ADJ;NOM(PL;FEM)	Μιθριακαί
Μιθριακός	ADJ;NOM(PL;MASC)	Μιθριακοί
Μιθριακός	ADJ;NOM(PL;NEUT)	Μιθριακᾰ́
Μιθριακός	ADJ;NOM(SG;FEM)	Μιθριακή
Μιθριακός	ADJ;VOC(DU;MASC)	Μιθριακώ
Μιθριακός	ADJ;VOC(PL;FEM)	Μιθριακαί
Μιθριακός	ADJ;VOC(PL;NEUT)	Μιθριακᾰ́
Μιθριακός	ADJ;VOC(SG;FEM)	Μιθριακή
Μιθριακός	ADJ;VOC(SG;MASC)	Μιθριακέ
Μιθριακός	ADJ;VOC(SG;NEUT)	Μιθριακόν
αἴγιλος	N;ACC(DU)	αἰγῐ́λω
αἴγιλος	N;ACC(PL)	αἴγιλους
αἴγιλος	N;ACC(SG)	αἴγιλον
αἴγιλος	N;DAT(DU)	αἰγῐ́λοιν
αἴγιλος	N;DAT(PL)	αἰγῐ́λοις
αἴγιλος	N;DAT(SG)	αἴγιλῳ
αἴγιλος	N;GEN(DU)	αἰγῐ́λοιν
αἴγιλος	N;GEN(PL)	αἴγιλων
αἴγιλος	N;GEN(SG)	αἴγιλου
αἴγιλος	N;NOM(DU)	αἴγιλω
αἴγιλος	N;NOM(PL)	αἴγιλοι
αἴγιλος	N;NOM(SG)	αἴγιλος
αἴγιλος	N;VOC(DU)	αἴγιλω
αἴγιλος	N;VOC(PL)	αἴγιλοι
αἴγιλος	N;VOC(SG)	αἴγιλε
αὔρα	N;ACC(DU)	αὐρᾱ
αὔρα	N;ACC(PL)	αὐρᾱς
αὔρα	N;ACC(SG)	αὐρᾱν
αὔρα	N;DAT(DU)	αὐραῖν
αὔρα	N;DAT(PL)	αὐραῖς
αὔρα	N;DAT(SG)	αὐρᾳ
αὔρα	N;GEN(DU)	αὐραῖν
αὔρα	N;GEN(PL)	αὐρῶν
αὔρα	N;GEN(SG)	αὐρᾱς
αὔρα	N;NOM(DU)	αὐρᾱ
αὔρα	N;NOM(PL)	αὐραι
αὔρα	N;NOM(SG)	αὔρᾱ
αὔρα	N;VOC(DU)	αὐρᾱ
αὔρα	N;VOC(PL)	αὐραι
αὔρα	N;VOC(SG)	αὔρᾱ
βραχύτης	N;ACC(DU)	βρᾰχῠ́τᾱ
βραχύτης	N;ACC(PL)	βρᾰχῠ́τᾱς
βραχύτης	N;ACC(SG)	βρᾰχῠ́την
βραχύτης	N;DAT(DU)	βρᾰχῠταῖν
βραχύτης	N;DAT(PL)	βρᾰχῠ́ταις
βραχύτης	N;DAT(SG)	βρᾰχῠ́τῃ
βραχύτης	N;GEN(DU)	βρᾰχῠταῖν
βραχύτης	N;GEN(PL)	βρᾰχῠτῶν
βραχύτης	N;GEN(SG)	βρᾰχῠ́του
βραχύτης	N;NOM(DU)	βρᾰχῠ́τᾱ
βραχύτης	N;NOM(PL)	βρᾰχῠ́ται
βραχύτης	N;NOM(SG)	βραχύτης
βραχύτης	N;VOC(DU)	βρᾰχῠ́τᾱ
βραχύτης	N;VOC(PL)	βρᾰχῠ́ται
βραχύτης	N;VOC(SG)	βρᾰχῠ́τη
γοεδνός	ADJ;ACC(DU;FEM)	γοεδνᾱ́
γοεδνός	ADJ;ACC(DU;NEUT)	γοεδνώ
γοεδνός	ADJ;ACC(PL;FEM)	γοεδνᾱ́ς
γοεδνός	ADJ;ACC(PL;NEUT)	γοεδνᾰ́
γοεδνός	ADJ;ACC(SG;FEM)	γοεδνήν
γοεδνός	ADJ;ACC(SG;NEUT)	γοεδνόν
γοεδνός	ADJ;DAT(DU;MASC)	γοεδνοῖν
γοεδνός	ADJ;DAT(DU;NEUT)	γοεδνοῖν
γοεδνός	ADJ;DAT(PL;MASC)	γοεδνοῖς
γοεδνός	ADJ;DAT(SG;FEM)	γοεδνῇ
γοεδνός	ADJ;DAT(SG;MASC)	γοεδνῷ
γοεδνός	ADJ;DAT(SG;NEUT)	γοεδνῷ
γοεδνός	ADJ;GEN(DU;MASC)	γοεδνοῖν
γοεδνός	ADJ;GEN(DU;NEUT)	γοεδνοῖν
γοεδνός	ADJ;GEN(PL;FEM)	γοεδνῶν
γοεδνός	ADJ;GEN(PL;MASC)	γοεδνῶν
γοεδνός	ADJ;GEN(SG;FEM)	γοεδνῆς
γοεδνός	ADJ;GEN(SG;MASC)	γοεδνοῦ
γοεδνός	ADJ;GEN(SG;NEUT)	γοεδνοῦ
γοεδνός	ADJ;NOM(DU;FEM)	γοεδνᾱ́
γοεδνός	ADJ;NOM(DU;NEUT)	γοεδνώ
γοεδνός	ADJ;NOM(PL;FEM)	γοεδναί
γοεδνός	ADJ;NOM(PL;NEUT)	γοεδνᾰ́
γοεδνός	ADJ;NOM(SG;FEM)	γοεδνή
γοεδνός	ADJ;NOM(SG;MASC)	γοεδνός
γοεδνός	ADJ;VOC(DU;FEM)	γοεδνᾱ́
γοεδνός	ADJ;VOC(DU;NEUT)	γοεδνώ
γοεδνός	ADJ;VOC(PL;FEM)	γοεδναί
γοεδνός	ADJ;VOC(PL;MASC)	γοεδνοί
γοεδνός	ADJ;VOC(PL;NEUT)	γοεδνᾰ́
γοεδνός	ADJ;VOC(SG;FEM)	γοεδνή
γοεδνός	ADJ;VOC(SG;MASC)	γοεδνέ
γοεδνός	ADJ;VOC(SG;NEUT)	γοεδνόν
διθυμία	N;ACC(DU)	δῐθῡμῐ́ᾱ
διθυμία	N;ACC(PL)	δῐθῡμῐ́ᾱς
διθυμία	N;ACC(SG)	δῐθῡμῐ́ᾱν
διθυμία	N;DAT(DU)	δῐθῡμῐ́αιν
διθυμία	N;DAT(PL)	δῐθῡμῐ́αις
διθυμία	N;DAT(SG)	δῐθῡμῐ́ᾳ
διθυμία	N;GEN(DU)	δῐθῡμῐ́αιν
διθυμία	N;GEN(PL)	δῐθῡμῐῶν
διθυμία	N;GEN(SG)	δῐθῡμῐ́ᾱς
διθυμία	N;NOM(DU)	δῐθῡμῐ́ᾱ
διθυμία	N;NOM(PL)	δῐθῡμῐ́αι
διθυμία	N;NOM(SG)	δῐθῡμῐ́ᾱ
διθυμία	N;VOC(DU)	δῐθῡμῐ́ᾱ
διθυμία	N;VOC(PL)	δῐθῡμῐ́αι
διθυμία	N;VOC(SG)	δῐθῡμῐ́ᾱ
δορκάς	N;ACC(DU)	δορκᾰ́δε
δορκάς	N;ACC(PL)	δορκᾱ́ς
δορκάς	N;ACC(SG)	δορκᾱ́δν
δορκάς	N;DAT(DU)	δορκᾰ́δοιν
δορκάς	N;DAT(PL)	δορκᾰ́δοις
δορκάς	N;DAT(SG)	δορκᾰ́δῐ
δορκάς	N;GEN(DU)	δορκᾱ́δοιν
δορκάς	N;GEN(PL)	δορκᾱ́σων
δορκάς	N;GEN(SG)	δορκᾱ́ς
δορκάς	N;NOM(DU)	δορκᾱ́
δορκάς	N;NOM(PL)	δορκᾱ́ς
δορκάς	N;NOM(SG)	δορκᾱ́ς
δορκάς	N;VOC(DU)	δορκᾱ́
δορκάς	N;VOC(PL)	δορκᾱ́ς
δορκάς	N;VOC(SG)	δορκᾱ́
θήρα	N;ACC(DU)	θήρᾱ
θήρα	N;ACC(PL)	θήρᾱς
θήρα	N;ACC(SG)	θήρᾱν
θήρα	N;DAT(DU)	θηραῖν
θήρα	N;DAT(PL)	θήραις
θήρα	N;DAT(SG)	θήρᾳ
θήρα	N;GEN(DU)	θήραιν
θήρα	N;GEN(PL)	θηρῶν
θήρα	N;GEN(SG)	θήρᾱς
θήρα	N;NOM(DU)	θήρᾱ
θήρα	N;NOM(PL)	θήραι
θήρα	N;NOM(SG)	θήρᾱ
θήρα	N;VOC(DU)	θήρᾱ
θήρα	N;VOC(PL)	θήραι
θήρα	N;VOC(SG)	θήρᾱ
θρεπτικός	ADJ;ACC(DU;FEM)	θρεπτικᾱ́
θρεπτικός	ADJ;ACC(DU;MASC)	θρεπτικώ
θρεπτικός	ADJ;ACC(DU;NEUT)	θρεπτικώ
θρεπτικός	ADJ;ACC(PL;MASC)	θρεπτικούς
θρεπτικός	ADJ;ACC(PL;NEUT)	θρεπτικᾰ́
θρεπτικός	ADJ;ACC(SG;FEM)	θρεπτικήν
θρεπτικός	ADJ;ACC(SG;MASC)	θρεπτικόν
θρεπτικός	ADJ;ACC(SG;NEUT)	θρεπτικόν
θρεπτικός	ADJ;DAT(DU;FEM)	θρεπτικαῖν
θρεπτικός	ADJ;DAT(DU;NEUT)	θρεπτικοῖν
θρεπτικός	ADJ;DAT(PL;FEM)	θρεπτικαῖς
θρεπτικός	ADJ;DAT(PL;NEUT)	θρεπτικοῖς
θρεπτικός	ADJ;DAT(SG;FEM)	θρεπτικῇ
θρεπτικός	ADJ;DAT(SG;MASC)	θρεπτικῷ
θρεπτικός	ADJ;GEN(DU;NEUT)	θρεπτικοῖν
θρεπτικός	ADJ;GEN(PL;MASC)	θρεπτικῶν
θρεπτικός	ADJ;GEN(PL;NEUT)	θρεπτικῶν
θρεπτικός	ADJ;GEN(SG;MASC)	θρεπτικοῦ
θρεπτικός	ADJ;GEN(SG;NEUT)	θρεπτικοῦ
θρεπτικός	ADJ;NOM(DU;MASC)	θρεπτικώ
θρεπτικός	ADJ;NOM(DU;NEUT)	θρεπτικώ
θρεπτικός	ADJ;NOM(PL;MASC)	θρεπτικοί
θρεπτικός	ADJ;NOM(SG;NEUT)	θρεπτικόν
θρεπτικός	ADJ;VOC(DU;FEM)	θρεπτικᾱ́
θρεπτικός	ADJ;VOC(DU;MASC)	θρεπτικώ
θρεπτικός	ADJ;VOC(DU;NEUT)	θρεπτικώ
θρεπτικός	ADJ;VOC(PL;FEM)	θρεπτικαί
θρεπτικός	ADJ;VOC(PL;MASC)	θρεπτικοί
θρεπτικός	ADJ;VOC(PL;NEUT)	θρεπτικᾰ́
θρεπτικός	ADJ;VOC(SG;FEM)	θρεπτική
θρεπτικός	ADJ;VOC(SG;MASC)	θρεπτικέ
θρεπτικός	ADJ;VOC(SG;NEUT)	θρεπτικόν
θυγάτηρ	N;ACC(DU)	θῠγᾰ́τηρε
θυγάτηρ	N;ACC(PL)	θῠγᾰ́τηρᾰς
θυγάτηρ	N;ACC(SG)	θῠγᾰ́τηρν
θυγάτηρ	N;DAT(DU)	θῠγᾰτῆροιν
θυγάτηρ	N;DAT(PL)	θῠγᾰ́τηρσῐ(ν)
θυγάτηρ	N;DAT(SG)	θῠγᾰ́τῃ
θυγάτηρ	N;GEN(DU)	θῠγᾰτῆροιν
θυγάτηρ	N;GEN(PL)	θῠγᾰ́τηρων
θυγάτηρ	N;GEN(SG)	θῠγᾰ́τηρῆς
θυγάτηρ	N;NOM(DU)	θῠγᾰ́τηρε
θυγάτηρ	N;NOM(PL)	θῠγᾰ́τηρες
θυγάτηρ	N;NOM(SG)	θῠγᾰ́τηρ
θυγάτηρ	N;VOC(DU)	θῠγᾰ́τηρ
θυγάτηρ	N;VOC(PL)	θῠγᾰ́τηρες
θυγάτηρ	N;VOC(SG)	θῠγᾰ́τηρ
καδμία	N;ACC(DU)	κᾰδμῐ́ᾱ
καδμία	N;ACC(PL)	κᾰδμῐ́ᾱς
καδμία	N;ACC(SG)	κᾰδμῐ́ᾱν
καδμία	N;DAT(DU)	κᾰδμῐ́αιν
καδμία	N;DAT(PL)	κᾰδμῐ́αις
καδμία	N;DAT(SG)	κᾰδμῐ́ᾳ
καδμία	N;GEN(DU)	κᾰδμῐ́αιν
καδμία	N;GEN(PL)	κᾰδμῐῶν
καδμία	N;GEN(SG)	κᾰδμῐ́ᾱς
καδμία	N;NOM(DU)	κᾰδμῐ́ᾱ
καδμία	N;NOM(PL)	κᾰδμῐ́αι
καδμία	N;NOM(SG)	κᾰδμῐ́ᾱ
καδμία	N;VOC(DU)	κᾰδμῐ́ᾱ
καδμία	N;VOC(PL)	κᾰδμῐ́αι
καδμία	N;VOC(SG)	κᾰδμῐ́ᾱ
κενταύριον	N;ACC(DU)	κεντᾰυρῐ́ω
κενταύριον	N;ACC(PL)	κεντᾰύρῐους
κενταύριον	N;ACC(SG)	κεντᾰύρῐον
κενταύριον	N;DAT(DU)	κεντᾰυρῐ́οιν
κενταύριον	N;DAT(PL)	κεντᾰυρῐ́οις
κενταύριον	N;DAT(SG)	κεντᾰυρῐ́ῳ
κενταύριον	N;GEN(DU)	κεντᾰυρῐ́οιν
κενταύριον	N;GEN(PL)	κενταυρίων
κενταύριον	N;GEN(SG)	κενταυρίου
κενταύριον	N;NOM(DU)	κεντᾰυρῐ́ω
κενταύριον	N;NOM(PL)	κεντᾰύρῐοι
κενταύριον	N;NOM(SG)	κεντᾰύρῐον
κενταύριον	N;VOC(DU)	κεντᾰυρῐ́ω
κενταύριον	N;VOC(PL)	κεντᾰύρῐοι
κενταύριον	N;VOC(SG)	κεντᾰύρῐε
κενός	ADJ;ACC(DU;FEM)	κενᾱ́
κενός	ADJ;ACC(DU;MASC)	κενώ
κενός	ADJ;ACC(DU;NEUT)	κενώ
κενός	ADJ;ACC(PL;FEM)	κενᾱ́ς
κενός	ADJ;ACC(PL;MASC)	κενούς
κενός	ADJ;ACC(PL;NEUT)	κενᾰ́
κενός	ADJ;ACC(SG;FEM)	κενήν
κενός	ADJ;ACC(SG;MASC)	κενόν
κενός	ADJ;ACC(SG;NEUT)	κενόν
κενός	ADJ;DAT(DU;FEM)	κεναῖν
κενός	ADJ;DAT(DU;MASC)	κενοῖν
κενός	ADJ;DAT(PL;FEM)	κεναῖς
κενός	ADJ;DAT(PL;MASC)	κενοῖς
κενός	ADJ;DAT(PL;NEUT)	κενοῖς
κενός	ADJ;DAT(SG;MASC)	κενῷ
κενός	ADJ;DAT(SG;NEUT)	κενῷ
κενός	ADJ;GEN(DU;FEM)	κεναῖν
κενός	ADJ;GEN(PL;FEM)	κενῶν
κενός	ADJ;GEN(PL;MASC)	κενῶν
κενός	ADJ;GEN(SG;NEUT)	κενοῦ
κενός	ADJ;NOM(DU;FEM)	κενᾱ́
κενός	ADJ;NOM(DU;MASC)	κενώ
κενός	ADJ;NOM(PL;NEUT)	κενᾰ́
κενός	ADJ;NOM(SG;FEM)	κενή
κενός	ADJ;NOM(SG;MASC)	κενός
κενός	ADJ;NOM(SG;NEUT)	κενόν
κενός	ADJ;VOC(DU;FEM)	κενᾱ́
κενός	ADJ;VOC(DU;MASC)	κενώ
κενός	ADJ;VOC(DU;NEUT)	κενώ
κενός	ADJ;VOC(PL;MASC)	κενοί
κενός	ADJ;VOC(PL;NEUT)	κενᾰ́
κενός	ADJ;VOC(SG;FEM)	κενή
κενός	ADJ;VOC(SG;MASC)	κενέ
κωλόβαθρον	N;ACC(DU)	κωλοβᾰ́θρω
κωλόβαθρον	N;ACC(PL)	κωλοβᾰ́θρους
κωλόβαθρον	N;ACC(SG)	κωλόβᾰθρον
κωλόβαθρον	N;DAT(DU)	κωλοβᾰ́θροιν
κωλόβαθρον	N;DAT(PL)	κωλοβᾰ́θροις
κωλόβαθρον	N;DAT(SG)	κωλοβᾰ́θρῳ
κωλόβαθρον	N;GEN(DU)	κωλοβᾰ́θροιν
κωλόβαθρον	N;GEN(PL)	κωλοβᾰ́θρων
κωλόβαθρον	N;GEN(SG)	κωλοβᾰ́θρου
κωλόβαθρον	N;NOM(DU)	κωλοβᾰ́θρω
κωλόβαθρον	N;NOM(PL)	κωλοβᾰ́θροι
κωλόβαθρον	N;NOM(SG)	κωλόβᾰθρον
κωλόβαθρον	N;VOC(DU)	κωλοβᾰ́θρω
κωλόβαθρον	N;VOC(PL)	κωλοβᾰ́θροι
κωλόβαθρον	N;VOC(SG)	κωλόβᾰθρε
λειμώνιον	N;ACC(DU)	λειμωνῐ́ω
λειμώνιον	N;ACC(PL)	λειμώνῐους
λειμώνιον	N;ACC(SG)	λειμώνῐον
λειμώνιον	N;DAT(DU)	λειμωνῐ́οιν
λειμώνιον	N;DAT(PL)	λειμωνῐ́οις
λειμώνιον	N;DAT(SG)	λειμώνῐῳ
λειμώνιον	N;GEN(DU)	λειμωνῐ́οιν
λειμώνιον	N;GEN(PL)	λειμώνῐων
λειμώνιον	N;GEN(SG)	λειμωνῐ́ου
λειμώνιον	N;NOM(DU)	λειμωνῐ́ω
λειμώνιον	N;NOM(PL)	λειμώνῐοι
λειμώνιον	N;NOM(SG)	λειμώνῐον
λειμώνιον	N;VOC(DU)	λειμώνῐ́ω
λειμώνιον	N;VOC(PL)	λειμώνῐοι
λειμώνιον	N;VOC(SG)	λειμώνῐον
μελῳδία	N;ACC(DU)	μελῳδῐ́ᾱ
μελῳδία	N;ACC(PL)	μελῳδῐ́ᾱς
μελῳδία	N;ACC(SG)	μελῳδῐ́ᾱν
μελῳδία	N;DAT(DU)	μελῳδῐ́αιν
μελῳδία	N;DAT(PL)	μελῳδῐ́αις
μελῳδία	N;DAT(SG)	μελῳδῐ́ᾳ
μελῳδία	N;GEN(DU)	μελῳδῐ́αιν
μελῳδία	N;GEN(PL)	μελῳδῐῶν
μελῳδία	N;GEN(SG)	μελῳδῐ́ᾱς
μελῳδία	N;NOM(DU)	μελῳδῐ́ᾱ
μελῳδία	N;NOM(PL)	μελῳδῐ́αι
μελῳδία	N;NOM(SG)	μελῳδῐ́ᾱ
μελῳδία	N;VOC(DU)	μελῳδῐ́ᾱ
μελῳδία	N;VOC(PL)	μελῳδῐ́αι
μελῳδία	N;VOC(SG)	μελῳδῐ́ᾱ
οἶνος	N;ACC(DU)	οἶνω
οἶνος	N;ACC(PL)	οἶνους
οἶνος	N;ACC(SG)	οἶνον
οἶνος	N;DAT(DU)	οἶνοιν
οἶνος	N;DAT(PL)	οἶνοις
οἶνος	N;DAT(SG)	οἶνῳ
οἶνος	N;GEN(DU)	οἶνοιν
οἶνος	N;GEN(PL)	οἶνων
οἶνος	N;GEN(SG)	οἶνου
οἶνος	N;NOM(DU)	οἶνω
οἶνος	N;NOM(PL)	οἶνοι
οἶνος	N;NOM(SG)	οἶνος
οἶνος	N;VOC(DU)	οἶνω
οἶνος	N;VOC(PL)	οἶνοι
οἶνος	N;VOC(SG)	οἶνε
παλίμψηστος	ADJ;ACC(DU;FEM)	παλιμψήστω
παλίμψηστος	ADJ;ACC(DU;NEUT)	παλιμψήστω
παλίμψηστος	ADJ;ACC(PL;MASC)	παλιμψήστους
παλίμψηστος	ADJ;ACC(SG;FEM)	παλίμψηστον
παλίμψηστος	ADJ;ACC(SG;MASC)	παλίμψηστον
παλίμψηστος	ADJ;ACC(SG;NEUT)	παλίμψηστον
παλίμψηστος	ADJ;DAT(DU;FEM)	παλιμψήστοιν
παλίμψηστος	ADJ;DAT(DU;MASC)	παλιμψήστοιν
παλίμψηστος	ADJ;DAT(DU;NEUT)	παλιμψήστοιν
παλίμψηστος	ADJ;DAT(PL;MASC)	παλιμψήστοις
παλίμψηστος	ADJ;DAT(PL;NEUT)	παλιμψήστοις
παλίμψηστος	ADJ;DAT(SG;MASC)	παλιμψήστῳ
παλίμψηστος	ADJ;GEN(DU;FEM)	παλιμψήστοιν
παλίμψηστος	ADJ;GEN(DU;MASC)	παλιμψήστοιν
παλίμψηστος	ADJ;GEN(DU;NEUT)	παλιμψήστοιν
παλίμψηστος	ADJ;GEN(PL;FEM)	παλιμψήστων
παλίμψηστος	ADJ;GEN(PL;MASC)	παλιμψήστων
παλίμψηστος	ADJ;GEN(PL;NEUT)	παλιμψήστων
παλίμψηστος	ADJ;GEN(SG;FEM)	παλιμψήστων
παλίμψηστος	ADJ;GEN(SG;MASC)	παλιμψήστου
παλίμψηστος	ADJ;GEN(SG;NEUT)	παλιμψήστου
παλίμψηστος	ADJ;NOM(DU;NEUT)	παλιμψήστω
παλίμψηστος	ADJ;NOM(PL;FEM)	παλιμψήστοι
παλίμψηστος	ADJ;NOM(PL;MASC)	παλίμψηστοι
παλίμψηστος	ADJ;NOM(PL;NEUT)	παλιμψήστα
παλίμψηστος	ADJ;VOC(DU;FEM)	παλιμψήστω
παλίμψηστος	ADJ;VOC(DU;MASC)	παλιμψήστω
παλίμψηστος	ADJ;VOC(DU;NEUT)	παλιμψήστω
παλίμψηστος	ADJ;VOC(PL;MASC)	παλιμψήστοι
παλίμψηστος	ADJ;VOC(PL;NEUT)	παλιμψήστα
παλίμψηστος	ADJ;VOC(SG;FEM)	παλίμψηστε
παλίμψηστος	ADJ;VOC(SG;MASC)	παλίμψηστε
παλίμψηστος	ADJ;VOC(SG;NEUT)	παλίμψηστον
παραλυτικός	ADJ;ACC(DU;FEM)	παραλυτικᾱ́
παραλυτικός	ADJ;ACC(DU;MASC)	παραλῠτῐκώ
παραλυτικός	ADJ;ACC(DU;NEUT)	παραλυτικώ
παραλυτικός	ADJ;ACC(PL;FEM)	παραλῠτῐκᾱ́ς
παραλυτικός	ADJ;ACC(PL;MASC)	παραλῠτῐκούς
παραλυτικός	ADJ;ACC(PL;NEUT)	παρᾰλῠτῐκᾰ́
παραλυτικός	ADJ;ACC(SG;FEM)	παραλῠτῐκήν
παραλυτικός	ADJ;ACC(SG;MASC)	παραλῠτῐκόν
παραλυτικός	ADJ;ACC(SG;NEUT)	παραλῠτῐκόν
παραλυτικός	ADJ;DAT(DU;FEM)	παραλῠτῐκαῖν
παραλυτικός	ADJ;DAT(DU;MASC)	παραλῠτῐκοῖν
παραλυτικός	ADJ;DAT(DU;NEUT)	παραλῠτῐκοῖν
παραλυτικός	ADJ;DAT(PL;FEM)	παρᾰλῠτῐκαῖς
παραλυτικός	ADJ;DAT(PL;MASC)	παρᾰλῠτῐκοῖς
παραλυτικός	ADJ;DAT(PL;NEUT)	παρᾰλῠτῐκοῖς
παραλυτικός	ADJ;DAT(SG;FEM)	παρᾰλῠτῐκῇ
παραλυτικός	ADJ;DAT(SG;MASC)	παρᾰλῠτῐκῷ
παραλυτικός	ADJ;GEN(DU;FEM)	παραλῠτῐκαῖν
παραλυτικός	ADJ;GEN(PL;MASC)	παραλῠτῐκῶν
παραλυτικός	ADJ;GEN(PL;NEUT)	παραλῠτῐκῶν
παραλυτικός	ADJ;GEN(SG;FEM)	παραλῠτῐκῆς
παραλυτικός	ADJ;GEN(SG;MASC)	παραλῠτῐκοῦ
παραλυτικός	ADJ;GEN(SG;NEUT)	παραλυτικοῦ
παραλυτικός	ADJ;NOM(DU;FEM)	παραλυτικᾱ́
παραλυτικός	ADJ;NOM(DU;MASC)	παραλῠτῐκώ
παραλυτικός	ADJ;NOM(DU;NEUT)	παραλῠτῐκώ
παραλυτικός	ADJ;NOM(PL;FEM)	παραλῠτῐκαί
παραλυτικός	ADJ;NOM(SG;FEM)	παρᾰλῠτῐκή
παραλυτικός	ADJ;VOC(PL;FEM)	παραλυτικαί
παραλυτικός	ADJ;VOC(PL;MASC)	παραλῠτῐκοί
παραλυτικός	ADJ;VOC(PL;NEUT)	παραλυτικᾰ́
παραλυτικός	ADJ;VOC(SG;FEM)	παρᾰλῠτῐκή
παραλυτικός	ADJ;VOC(SG;MASC)	παρᾰλῠτῐκέ
ποτήριον	N;ACC(DU)	ποτηρῐ́ω
ποτήριον	N;ACC(PL)	ποτηρῐ́ᾱς
ποτήριον	N;ACC(SG)	ποτηρῐ́ον
ποτήριον	N;DAT(DU)	ποτηρῐ́οιν
ποτήριον	N;DAT(PL)	ποτηρῐ́οις
ποτήριον	N;DAT(SG)	ποτηρῐ́ῳ
ποτήριον	N;GEN(DU)	ποτηρῐ́οιν
ποτήριον	N;GEN(PL)	ποτηρῐ́ων
ποτήριον	N;GEN(SG)	ποτηρῐ́ου
ποτήριον	N;NOM(DU)	ποτηρῐ́ω
ποτήριον	N;NOM(PL)	ποτηρῐ́οι
ποτήριον	N;NOM(SG)	ποτήρῐον
ποτήριον	N;VOC(DU)	ποτηρῐ́ω
ποτήριον	N;VOC(PL)	ποτηρῐ́οι
ποτήριον	N;VOC(SG)	ποτήρῐε
πτέρνη	N;ACC(DU)	πτέρνᾱ
πτέρνη	N;ACC(PL)	πτέρνᾱς
πτέρνη	N;ACC(SG)	πτέρνην
πτέρνη	N;DAT(DU)	πτέρναιν
πτέρνη	N;DAT(PL)	πτέρναις
πτέρνη	N;DAT(SG)	πτέρνῳ
πτέρνη	N;GEN(DU)	πτέρναιν
πτέρνη	N;GEN(PL)	πτέρνων
πτέρνη	N;GEN(SG)	πτέρνου
πτέρνη	N;NOM(DU)	πτέρνᾱ
πτέρνη	N;NOM(PL)	πτέρναι
πτέρνη	N;NOM(SG)	πτέρνη
πτέρνη	N;VOC(DU)	πτέρνᾱ
πτέρνη	N;VOC(PL)	πτέρναι
πτέρνη	N;VOC(SG)	πτέρνη
πῆγμα	N;ACC(DU)	πῆγμᾰτε
πῆγμα	N;ACC(PL)	πῆγμᾰτᾰ
πῆγμα	N;ACC(SG)	πῆγμᾰν
πῆγμα	N;DAT(DU)	πῆγμᾰ́τοιν
πῆγμα	N;DAT(PL)	πῆγμᾰσῐ(ν)
πῆγμα	N;DAT(SG)	πῆγμᾰτῐ
πῆγμα	N;GEN(DU)	πῆγμᾰ́τοιν
πῆγμα	N;GEN(PL)	πῆγμᾰσῶν
πῆγμα	N;GEN(SG)	πῆγμᾰτῆς
πῆγμα	N;NOM(DU)	πῆγμᾰτε
πῆγμα	N;NOM(PL)	πῆγμᾰτᾰ
πῆγμα	N;NOM(SG)	πῆγμᾰ
πῆγμα	N;VOC(DU)	πῆγμᾰτε
πῆγμα	N;VOC(PL)	πῆγμᾰτες
πῆγμα	N;VOC(SG)	πῆγμᾰ
σίραιον	N;ACC(DU)	σῐρᾰ́ᾱ
σίραιον	N;ACC(PL)	σῐρᾰ́ους
σίραιον	N;ACC(SG)	σῐ́ραιον
σίραιον	N;DAT(DU)	σῐραίοιν
σίραιον	N;DAT(PL)	σῐρᾰ́οις
σίραιον	N;DAT(SG)	σῐρᾰ́ῳ
σίραιον	N;GEN(DU)	σῐραίοιν
σίραιον	N;GEN(PL)	σῐραίων
σίραιον	N;GEN(SG)	σῐρᾰ́ου
σίραιον	N;NOM(DU)	σῐρᾰ́ᾱ
σίραιον	N;NOM(PL)	σῐ́ραιοι
σίραιον	N;NOM(SG)	σῐ́ραιον
σίραιον	N;VOC(DU)	σῐρᾰ́ᾱ
σίραιον	N;VOC(PL)	σῐ́ραιοι
σίραιον	N;VOC(SG)	σῐ́ραιε
σκέπη	N;ACC(DU)	σκέπᾱ
σκέπη	N;ACC(PL)	σκέπᾱς
σκέπη	N;ACC(SG)	σκέπην
σκέπη	N;DAT(DU)	σκέπαιν
σκέπη	N;DAT(PL)	σκέπαις
σκέπη	N;DAT(SG)	σκέπῃ
σκέπη	N;GEN(DU)	σκέπαιν
σκέπη	N;GEN(PL)	σκέπων
σκέπη	N;GEN(SG)	σκέπης
σκέπη	N;NOM(DU)	σκέπᾱ
σκέπη	N;NOM(PL)	σκέπαι
σκέπη	N;NOM(SG)	σκέπη
σκέπη	N;VOC(DU)	σκέπᾱ
σκέπη	N;VOC(PL)	σκέπαι
σκέπη	N;VOC(SG)	σκέπη
σχόλιον	N;ACC(DU)	σχολῐ́ω
σχόλιον	N;ACC(PL)	σχολῐ́ους
σχόλιον	N;ACC(SG)	σχόλῐον
σχόλιον	N;DAT(DU)	σχολῐ́οιν
σχόλιον	N;DAT(PL)	σχολῐ́οις
σχόλιον	N;DAT(SG)	σχολῐ́ῳ
σχόλιον	N;GEN(DU)	σχολίοιν
σχόλιον	N;GEN(PL)	σχολίων
σχόλιον	N;GEN(SG)	σχολίου
σχόλιον	N;NOM(DU)	σχολῐ́ω
σχόλιον	N;NOM(PL)	σχολῐ́οι
σχόλιον	N;NOM(SG)	σχόλῐον
σχόλιον	N;VOC(DU)	σχολῐ́ω
σχόλιον	N;VOC(PL)	σχολῐ́οι
σχόλιον	N;VOC(SG)	σχόλῐε
τακτικός	ADJ;ACC(DU;FEM)	τακτικᾱ́
τακτικός	ADJ;ACC(DU;NEUT)	τακτικώ
τακτικός	ADJ;ACC(PL;FEM)	τακτικᾱ́ς
τακτικός	ADJ;ACC(SG;FEM)	τακτικήν
τακτικός	ADJ;ACC(SG;MASC)	τακτικόν
τακτικός	ADJ;ACC(SG;NEUT)	τακτικόν
τακτικός	ADJ;DAT(DU;FEM)	τακτικαῖν
τακτικός	ADJ;DAT(DU;MASC)	τακτικοῖν
τακτικός	ADJ;DAT(DU;NEUT)	τακτικοῖν
τακτικός	ADJ;DAT(PL;FEM)	τακτικαῖς
τακτικός	ADJ;DAT(PL;MASC)	τακτικοῖς
τακτικός	ADJ;DAT(PL;NEUT)	τακτικοῖς
τακτικός	ADJ;DAT(SG;FEM)	τακτικῇ
τακτικός	ADJ;DAT(SG;MASC)	τακτικῷ
τακτικός	ADJ;GEN(DU;FEM)	τακτικαῖν
τακτικός	ADJ;GEN(PL;MASC)	τακτικῶν
τακτικός	ADJ;GEN(PL;NEUT)	τακτικῶν
τακτικός	ADJ;GEN(SG;FEM)	τακτικῆς
τακτικός	ADJ;GEN(SG;MASC)	τακτικοῦ
τακτικός	ADJ;GEN(SG;NEUT)	τακτικοῦ
τακτικός	ADJ;NOM(DU;FEM)	τακτικᾱ́
τακτικός	ADJ;NOM(DU;NEUT)	τακτικώ
τακτικός	ADJ;NOM(PL;NEUT)	τακτικᾰ́
τακτικός	ADJ;NOM(SG;NEUT)	τακτικόν
τακτικός	ADJ;VOC(DU;FEM)	τακτικᾱ́
τακτικός	ADJ;VOC(DU;MASC)	τακτικώ
τακτικός	ADJ;VOC(DU;NEUT)	τακτικώ
τακτικός	ADJ;VOC(PL;FEM)	τακτικαί
τακτικός	ADJ;VOC(PL;MASC)	τακτικοί
τακτικός	ADJ;VOC(PL;NEUT)	τακτικᾰ́
τακτικός	ADJ;VOC(SG;FEM)	τακτική
τακτικός	ADJ;VOC(SG;MASC)	τακτικέ
τακτικός	ADJ;VOC(SG;NEUT)	τακτικόν
ταπεινός	ADJ;ACC(DU;FEM)	ταπεινᾱ́
ταπεινός	ADJ;ACC(DU;MASC)	ταπεινώ
ταπεινός	ADJ;ACC(PL;MASC)	ταπεινούς
ταπεινός	ADJ;ACC(PL;NEUT)	ταπεινᾰ́
ταπεινός	ADJ;ACC(SG;MASC)	ταπεινόν
ταπεινός	ADJ;DAT(DU;FEM)	ταπειναῖν
ταπεινός	ADJ;DAT(DU;NEUT)	ταπεινοῖν
ταπεινός	ADJ;DAT(PL;FEM)	ταπειναῖς
ταπεινός	ADJ;DAT(PL;MASC)	ταπεινοῖς
ταπεινός	ADJ;DAT(SG;MASC)	ταπεινῷ
ταπεινός	ADJ;DAT(SG;NEUT)	ταπεινῷ
ταπεινός	ADJ;GEN(DU;FEM)	ταπειναῖν
ταπεινός	ADJ;GEN(DU;MASC)	ταπεινοῖν
ταπεινός	ADJ;GEN(PL;FEM)	ταπεινῶν
ταπεινός	ADJ;GEN(SG;MASC)	ταπεινοῦ
ταπεινός	ADJ;GEN(SG;NEUT)	ταπεινοῦ
ταπεινός	ADJ;NOM(DU;FEM)	ταπεινᾱ́
ταπεινός	ADJ;NOM(DU;MASC)	ταπεινώ
ταπεινός	ADJ;NOM(DU;NEUT)	ταπεινώ
ταπεινός	ADJ;NOM(PL;FEM)	ταπειναί
ταπεινός	ADJ;NOM(PL;MASC)	ταπεινοί
ταπεινός	ADJ;NOM(PL;NEUT)	ταπεινᾰ́
ταπεινός	ADJ;NOM(SG;FEM)	ταπεινή
ταπεινός	ADJ;NOM(SG;MASC)	ταπεινός
ταπεινός	ADJ;NOM(SG;NEUT)	ταπεινόν
ταπεινός	ADJ;VOC(DU;FEM)	ταπεινᾱ́
ταπεινός	ADJ;VOC(DU;NEUT)	ταπεινώ
ταπεινός	ADJ;VOC(PL;FEM)	ταπειναί
ταπεινός	ADJ;VOC(PL;MASC)	ταπεινοί
ταπεινός	ADJ;VOC(PL;NEUT)	ταπεινᾰ́
ταπεινός	ADJ;VOC(SG;FEM)	ταπεινή
ταπεινός	ADJ;VOC(SG;MASC)	ταπεινέ
ταπεινός	ADJ;VOC(SG;NEUT)	ταπεινόν
ἀμέλεια	N;ACC(DU)	ἀμελείᾱ
ἀμέλεια	N;ACC(PL)	ἀμελείᾱς
ἀμέλεια	N;ACC(SG)	ἀμέλειᾱν
ἀμέλεια	N;DAT(DU)	ἀμελείαιν
ἀμέλεια	N;DAT(PL)	ἀμελείαις
ἀμέλεια	N;DAT(SG)	ἀμελείᾳ
ἀμέλεια	N;GEN(DU)	ἀμελείαιν
ἀμέλεια	N;GEN(PL)	ἀμελείων
ἀμέλεια	N;GEN(SG)	ἀμελείᾱς
ἀμέλεια	N;NOM(DU)	ἀμελείᾱ
ἀμέλεια	N;NOM(PL)	ἀμέλειαι
ἀμέλεια	N;NOM(SG)	ἀμέλειᾱ
ἀμέλεια	N;VOC(DU)	ἀμέλειᾱ
ἀμέλεια	N;VOC(PL)	ἀμέλειαι
ἀμέλεια	N;VOC(SG)	ἀμέλεια
ἀμβλυωπία	N;ACC(DU)	ἀμβλῠωπῐ́ᾱ
ἀμβλυωπία	N;ACC(PL)	ἀμβλῠωπῐ́ᾱς
ἀμβλυωπία	N;ACC(SG)	ἀμβλῠωπῐ́ᾱν
ἀμβλυωπία	N;DAT(DU)	ἀμβλῠωπῐ́αιν
ἀμβλυωπία	N;DAT(PL)	ἀμβλῠωπῐ́αις
ἀμβλυωπία	N;DAT(SG)	ἀμβλῠωπῐ́ᾳ
ἀμβλυωπία	N;GEN(DU)	ἀμβλῠωπῐ́αιν
ἀμβλυωπία	N;GEN(PL)	ἀμβλῠωπῐῶν
ἀμβλυωπία	N;GEN(SG)	ἀμβλῠωπῐ́ᾱς
ἀμβλυωπία	N;NOM(DU)	ἀμβλῠωπῐ́ᾱ
ἀμβλυωπία	N;NOM(PL)	ἀμβλῠωπῐ́αι
ἀμβλυωπία	N;NOM(SG)	ἀμβλῠωπῐ́ᾱ
ἀμβλυωπία	N;VOC(DU)	ἀμβλῠωπῐ́ᾱ
ἀμβλυωπία	N;VOC(PL)	ἀμβλῠωπῐ́αι
ἀμβλυωπία	N;VOC(SG)	ἀμβλῠωπῐ́ᾱ
ἀναστροφή	N;ACC(DU)	ἀναστροφᾱ́
ἀναστροφή	N;ACC(PL)	ἀναστροφᾱ́ς
ἀναστροφή	N;ACC(SG)	ἀναστροφήν
ἀναστροφή	N;DAT(DU)	ἀναστροφαῖν
ἀναστροφή	N;DAT(PL)	ἀναστροφαῖς
ἀναστροφή	N;DAT(SG)	ἀναστροφῇ
ἀναστροφή	N;GEN(DU)	ἀναστροφαῖν
ἀναστροφή	N;GEN(PL)	ἀναστροφῶν
ἀναστροφή	N;GEN(SG)	ἀναστροφῆς
ἀναστροφή	N;NOM(DU)	ἀναστροφᾱ́
ἀναστροφή	N;NOM(PL)	ἀναστροφαί
ἀναστροφή	N;NOM(SG)	ἀναστροφή
ἀναστροφή	N;VOC(DU)	ἀναστροφᾱ́
ἀναστροφή	N;VOC(PL)	ἀναστροφαί
ἀναστροφή	N;VOC(SG)	ἀναστροφή
ἀντιστοιχία	N;ACC(DU)	ἀντῐστοιχῐ́ᾱ
ἀντιστοιχία	N;ACC(PL)	ἀντῐστοιχῐ́ᾱς
ἀντιστοιχία	N;ACC(SG)	ἀντῐστοιχῐ́ᾱν
ἀντιστοιχία	N;DAT(DU)	ἀντῐστοιχῐ́αιν
ἀντιστοιχία	N;DAT(PL)	ἀντῐστοιχῐ́αις
ἀντιστοιχία	N;DAT(SG)	ἀντῐστοιχῐ́ᾳ
ἀντιστοιχία	N;GEN(DU)	ἀντῐστοιχῐ́αιν
ἀντιστοιχία	N;GEN(PL)	ἀντῐστοιχῐῶν
ἀντιστοιχία	N;GEN(SG)	ἀντῐστοιχῐ́ᾱς
ἀντιστοιχία	N;NOM(DU)	ἀντῐστοιχῐ́ᾱ
ἀντιστοιχία	N;NOM(PL)	ἀντῐστοιχῐ́αι
ἀντιστοιχία	N;NOM(SG)	ἀντῐστοιχῐ́ᾱ
ἀντιστοιχία	N;VOC(DU)	ἀντῐστοιχῐ́ᾱ
ἀντιστοιχία	N;VOC(PL)	ἀντῐστοιχῐ́αι
ἀντιστοιχία	N;VOC(SG)	ἀντῐστοιχῐ́ᾱ
ἀξίνη	N;ACC(DU)	ἀξῐ́νᾱ
ἀξίνη	N;ACC(PL)	ἀξῐ́νᾱς
ἀξίνη	N;ACC(SG)	ἀξῐ́νᾱν
ἀξίνη	N;DAT(DU)	ἀξῐ́ναιν
ἀξίνη	N;DAT(PL)	ἀξῐ́ναις
ἀξίνη	N;DAT(SG)	ἀξῐ́νῳ
ἀξίνη	N;GEN(DU)	ἀξῐ́ναιν
ἀξίνη	N;GEN(PL)	ἀξῐ́νων
ἀξίνη	N;GEN(SG)	ἀξῐ́νου
ἀξίνη	N;NOM(DU)	ἀξῐ́νᾱ
ἀξίνη	N;NOM(PL)	ἀξῐ́ναι
ἀξίνη	N;NOM(SG)	ἀξῐ́νη
ἀξίνη	N;VOC(DU)	ἀξῐ́νᾱ
ἀξίνη	N;VOC(PL)	ἀξῐ́ναι
ἀξίνη	N;VOC(SG)	ἀξῐ́νη
ἀρχισυνάγωγος	N;ACC(DU)	ἀρχισυνᾰ́γωγω
ἀρχισυνάγωγος	N;ACC(PL)	ἀρχισυναγώγους
ἀρχισυνάγωγος	N;ACC(SG)	ἀρχισυνᾰ́γωγον
ἀρχισυνάγωγος	N;DAT(DU)	ἀρχισυνᾰγώγοιν
ἀρχισυνάγωγος	N;DAT(PL)	ἀρχισυνᾰγώγοις
ἀρχισυνάγωγος	N;DAT(SG)	ἀρχισυνᾰ́γωγῳ
ἀρχισυνάγωγος	N;GEN(DU)	ἀρχισυναγώγοιν
ἀρχισυνάγωγος	N;GEN(PL)	ἀρχισυναγώγων
ἀρχισυνάγωγος	N;GEN(SG)	ἀρχισυναγώγου
ἀρχισυνάγωγος	N;NOM(DU)	ἀρχισυνᾰ́γωγω
ἀρχισυνάγωγος	N;NOM(PL)	ἀρχισυνᾰ́γωγοι
ἀρχισυνάγωγος	N;NOM(SG)	ἀρχισυνάγωγος
ἀρχισυνάγωγος	N;VOC(DU)	ἀρχισυνᾰ́γωγω
ἀρχισυνάγωγος	N;VOC(PL)	ἀρχισυνάγωγοι
ἀρχισυνάγωγος	N;VOC(SG)	ἀρχισυνάγωγε
ἄφωνος	ADJ;ACC(PL;FEM)	ἀφώνους
ἄφωνος	ADJ;ACC(PL;MASC)	ἀφώνους
ἄφωνος	ADJ;ACC(PL;NEUT)	ἀφώνα
ἄφωνος	ADJ;ACC(SG;FEM)	ἄφωνον
ἄφωνος	ADJ;ACC(SG;NEUT)	ἄφωνον
ἄφωνος	ADJ;DAT(DU;FEM)	ἀφώνοιν
ἄφωνος	ADJ;DAT(DU;MASC)	ἀφώνοιν
ἄφωνος	ADJ;DAT(DU;NEUT)	ἀφώνοιν
ἄφωνος	ADJ;DAT(PL;FEM)	ἀφώνοις
ἄφωνος	ADJ;DAT(PL;MASC)	ἀφώνοις
ἄφωνος	ADJ;DAT(PL;NEUT)	ἀφώνοις
ἄφωνος	ADJ;DAT(SG;FEM)	ἀφώνῳ
ἄφωνος	ADJ;DAT(SG;MASC)	ἀφώνῳ
ἄφωνος	ADJ;DAT(SG;NEUT)	ἀφώνῳ
ἄφωνος	ADJ;GEN(DU;FEM)	ἀφώνοιν
ἄφωνος	ADJ;GEN(PL;FEM)	ἀφώνων
ἄφωνος	ADJ;GEN(PL;MASC)	ἀφώνων
ἄφωνος	ADJ;GEN(PL;NEUT)	ἀφώνων
ἄφωνος	ADJ;GEN(SG;FEM)	ἀφώνου
ἄφωνος	ADJ;GEN(SG;MASC)	ἀφώνου
ἄφωνος	ADJ;NOM(DU;MASC)	ἀφώνω
ἄφωνος	ADJ;NOM(PL;FEM)	ἄφωνοι
ἄφωνος	ADJ;NOM(PL;MASC)	ἄφωνοι
ἄφωνος	ADJ;NOM(PL;NEUT)	ἄφωνα
ἄφωνος	ADJ;NOM(SG;FEM)	ἄφωνος
ἄφωνος	ADJ;NOM(SG;MASC)	ἄφωνος
ἄφωνος	ADJ;VOC(DU;FEM)	ἀφώνω
ἄφωνος	ADJ;VOC(DU;MASC)	ἀφώνω
ἄφωνος	ADJ;VOC(DU;NEUT)	ἀφώνω
ἄφωνος	ADJ;VOC(PL;MASC)	ἀφώνοι
ἄφωνος	ADJ;VOC(PL;NEUT)	ἀφώνα
ἄφωνος	ADJ;VOC(SG;MASC)	ἄφωνε
ἄφωνος	ADJ;VOC(SG;NEUT)	ἄφωνον
Ἀβδηρίτης	N;ACC(DU)	Ἀβδηρῑ́τᾱ
Ἀβδηρίτης	N;ACC(PL)	Ἀβδηρῑ́τᾱς
Ἀβδηρίτης	N;ACC(SG)	Ἀβδηρῑ́την
Ἀβδηρίτης	N;DAT(DU)	Ἀβδηρῑ́ταιν
Ἀβδηρίτης	N;DAT(PL)	Ἀβδηρῑ́ταις
Ἀβδηρίτης	N;DAT(SG)	Ἀβδηρῑ́τῳ
Ἀβδηρίτης	N;GEN(DU)	Ἀβδηρῑ́ταιν
Ἀβδηρίτης	N;GEN(PL)	Ἀβδηρῑ́των
Ἀβδηρίτης	N;GEN(SG)	Ἀβδηρῑ́του
Ἀβδηρίτης	N;NOM(DU)	Ἀβδηρῑ́τᾱ
Ἀβδηρίτης	N;NOM(PL)	Ἀβδηρῑ́ται
Ἀβδηρίτης	N;NOM(SG)	Ἀβδηρῑ́της
Ἀβδηρίτης	N;VOC(DU)	Ἀβδηρῑ́τᾱ
Ἀβδηρίτης	N;VOC(PL)	Ἀβδηρῑ́ται
Ἀβδηρίτης	N;VOC(SG)	Ἀβδηρῑ́τη
Ἀσεάτης	N;ACC(DU)	Ἀσεᾱ́τᾱ
Ἀσεάτης	N;ACC(PL)	Ἀσεᾱ́τᾱς
Ἀσεάτης	N;ACC(SG)	Ἀσεᾱ́την
Ἀσεάτης	N;DAT(DU)	Ἀσεᾱ́ταιν
Ἀσεάτης	N;DAT(PL)	Ἀσεᾱ́ταις
Ἀσεάτης	N;DAT(SG)	Ἀσεᾱ́τῳ
Ἀσεάτης	N;GEN(PL)	Ἀσεᾱ́των
Ἀσεάτης	N;GEN(SG)	Ἀσεᾱ́του
Ἀσεάτης	N;NOM(DU)	Ἀσεᾱ́τᾱ
Ἀσεάτης	N;NOM(PL)	Ἀσεᾱ́ται
Ἀσεάτης	N;NOM(SG)	Ἀσεᾱ́της
Ἀσεάτης	N;VOC(DU)	Ἀσεᾱ́τᾱ
Ἀσεάτης	N;VOC(PL)	Ἀσεᾱ́ται
Ἀσεάτης	N;VOC(SG)	Ἀσεᾱ́τη
ἐμπρακτικός	ADJ;ACC(DU;FEM)	ἐμπρακτικᾱ́
ἐμπρακτικός	ADJ;ACC(DU;MASC)	ἐμπρακτικώ
ἐμπρακτικός	ADJ;ACC(DU;NEUT)	ἐμπρακτικώ
ἐμπρακτικός	ADJ;ACC(PL;FEM)	ἐμπρακτικᾱ́ς
ἐμπρακτικός	ADJ;ACC(PL;MASC)	ἐμπρακτικούς
ἐμπρακτικός	ADJ;ACC(PL;NEUT)	ἐμπρακτικᾰ́
ἐμπρακτικός	ADJ;ACC(SG;FEM)	ἐμπρακτικήν
ἐμπρακτικός	ADJ;ACC(SG;MASC)	ἐμπρακτικόν
ἐμπρακτικός	ADJ;DAT(DU;MASC)	ἐμπρακτικοῖν
ἐμπρακτικός	ADJ;DAT(DU;NEUT)	ἐμπρακτικοῖν
ἐμπρακτικός	ADJ;DAT(SG;FEM)	ἐμπρακτικῇ
ἐμπρακτικός	ADJ;DAT(SG;MASC)	ἐμπρακτικῷ
ἐμπρακτικός	ADJ;DAT(SG;NEUT)	ἐμπρακτικῷ
ἐμπρακτικός	ADJ;GEN(DU;FEM)	ἐμπρακτικαῖν
ἐμπρακτικός	ADJ;GEN(DU;MASC)	ἐμπρακτικοῖν
ἐμπρακτικός	ADJ;GEN(DU;NEUT)	ἐμπρακτικοῖν
ἐμπρακτικός	ADJ;GEN(PL;FEM)	ἐμπρακτικῶν
ἐμπρακτικός	ADJ;GEN(PL;MASC)	ἐμπρακτικῶν
ἐμπρακτικός	ADJ;GEN(SG;MASC)	ἐμπρακτικοῦ
ἐμπρακτικός	ADJ;GEN(SG;NEUT)	ἐμπρακτικοῦ
ἐμπρακτικός	ADJ;NOM(DU;FEM)	ἐμπρακτικᾱ́
ἐμπρακτικός	ADJ;NOM(DU;MASC)	ἐμπρακτικώ
ἐμπρακτικός	ADJ;NOM(PL;FEM)	ἐμπρακτικαί
ἐμπρακτικός	ADJ;NOM(PL;MASC)	ἐμπρακτικοί
ἐμπρακτικός	ADJ;NOM(PL;NEUT)	ἐμπρακτικᾰ́
ἐμπρακτικός	ADJ;NOM(SG;FEM)	ἐμπρακτική
ἐμπρακτικός	ADJ;VOC(DU;FEM)	ἐμπρακτικᾱ́
ἐμπρακτικός	ADJ;VOC(DU;MASC)	ἐμπρακτικώ
ἐμπρακτικός	ADJ;VOC(DU;NEUT)	ἐμπρακτικώ
ἐμπρακτικός	ADJ;VOC(PL;MASC)	ἐμπρακτικοί
ἐμπρακτικός	ADJ;VOC(PL;NEUT)	ἐμπρακτικᾰ́
ἐμπρακτικός	ADJ;VOC(SG;MASC)	ἐμπρακτικέ
ἐμπρακτικός	ADJ;VOC(SG;NEUT)	ἐμπρακτικόν
ἐξομολογητικός	ADJ;ACC(DU;MASC)	ἐξομολογητῐκώ
ἐξομολογητικός	ADJ;ACC(DU;NEUT)	ἐξομολογητῐκώ
ἐξομολογητικός	ADJ;ACC(PL;MASC)	ἐξομολογητῐκούς
ἐξομολογητικός	ADJ;ACC(PL;NEUT)	ἐξομολογητῐκᾰ́
ἐξομολογητικός	ADJ;ACC(SG;FEM)	ἐξομολογητῐκήν
ἐξομολογητικός	ADJ;ACC(SG;MASC)	ἐξομολογητῐκόν
ἐξομολογητικός	ADJ;DAT(DU;MASC)	ἐξομολογητῐκοῖν
ἐξομολογητικός	ADJ;DAT(DU;NEUT)	ἐξομολογητῐκοῖν
ἐξομολογητικός	ADJ;DAT(PL;FEM)	ἐξομολογητῐκαῖς
ἐξομολογητικός	ADJ;DAT(PL;MASC)	ἐξομολογητῐκοῖς
ἐξομολογητικός	ADJ;DAT(PL;NEUT)	ἐξομολογητῐκοῖς
ἐξομολογητικός	ADJ;DAT(SG;FEM)	ἐξομολογητῐκῇ
ἐξομολογητικός	ADJ;DAT(SG;MASC)	ἐξομολογητῐκῷ
ἐξομολογητικός	ADJ;DAT(SG;NEUT)	ἐξομολογητῐκῷ
ἐξομολογητικός	ADJ;GEN(DU;MASC)	ἐξομολογητῐκοῖν
ἐξομολογητικός	ADJ;GEN(DU;NEUT)	ἐξομολογητῐκοῖν
ἐξομολογητικός	ADJ;GEN(PL;MASC)	ἐξομολογητῐκῶν
ἐξομολογητικός	ADJ;GEN(PL;NEUT)	ἐξομολογητῐκῶν
ἐξομολογητικός	ADJ;GEN(SG;FEM)	ἐξομολογητῐκῆς
ἐξομολογητικός	ADJ;GEN(SG;MASC)	ἐξομολογητῐκοῦ
ἐξομολογητικός	ADJ;NOM(DU;FEM)	ἐξομολογητῐκᾱ́
ἐξομολογητικός	ADJ;NOM(DU;MASC)	ἐξομολογητῐκώ
ἐξομολογητικός	ADJ;NOM(DU;NEUT)	ἐξομολογητῐκώ
ἐξομολογητικός	ADJ;NOM(PL;FEM)	ἐξομολογητῐκαί
ἐξομολογητικός	ADJ;NOM(PL;NEUT)	ἐξομολογητῐκᾰ́
ἐξομολογητικός	ADJ;NOM(SG;NEUT)	ἐξομολογητῐκόν
ἐξομολογητικός	ADJ;VOC(DU;FEM)	ἐξομολογητῐκᾱ́
ἐξομολογητικός	ADJ;VOC(DU;MASC)	ἐξομολογητῐκώ
ἐξομολογητικός	ADJ;VOC(PL;FEM)	ἐξομολογητῐκαί
ἐξομολογητικός	ADJ;VOC(PL;MASC)	ἐξομολογητῐκοί
ἐξομολογητικός	ADJ;VOC(SG;FEM)	ἐξομολογητῐκή
ἐξομολογητικός	ADJ;VOC(SG;MASC)	ἐξομολογητῐκέ
ἐξομολογητικός	ADJ;VOC(SG;NEUT)	ἐξομολογητῐκόν
Ἑλληνικός	ADJ;ACC(DU;FEM)	Ἑλληνικᾱ́
Ἑλληνικός	ADJ;ACC(DU;NEUT)	Ἑλληνικώ
Ἑλληνικός	ADJ;ACC(PL;FEM)	Ἑλληνικᾱ́ς
Ἑλληνικός	ADJ;ACC(PL;MASC)	Ἑλληνικούς
Ἑλληνικός	ADJ;ACC(SG;MASC)	Ἑλληνικόν
Ἑλληνικός	ADJ;ACC(SG;NEUT)	Ἑλληνικόν
Ἑλληνικός	ADJ;DAT(DU;FEM)	Ἑλληνικαῖν
Ἑλληνικός	ADJ;DAT(DU;MASC)	Ἑλληνικοῖν
Ἑλληνικός	ADJ;DAT(DU;NEUT)	Ἑλληνικοῖν
Ἑλληνικός	ADJ;DAT(PL;FEM)	Ἑλληνικαῖς
Ἑλληνικός	ADJ;DAT(SG;NEUT)	Ἑλληνικῷ
Ἑλληνικός	ADJ;GEN(DU;FEM)	Ἑλληνικαῖν
Ἑλληνικός	ADJ;GEN(DU;MASC)	Ἑλληνικοῖν
Ἑλληνικός	ADJ;GEN(DU;NEUT)	Ἑλληνικοῖν
Ἑλληνικός	ADJ;GEN(PL;FEM)	Ἑλληνικῶν
Ἑλληνικός	ADJ;GEN(PL;MASC)	Ἑλληνικῶν
Ἑλληνικός	ADJ;GEN(PL;NEUT)	Ἑλληνικῶν
Ἑλληνικός	ADJ;GEN(SG;MASC)	Ἑλληνικοῦ
Ἑλληνικός	ADJ;GEN(SG;NEUT)	Ἑλληνικοῦ
Ἑλληνικός	ADJ;NOM(DU;FEM)	Ἑλληνικᾱ́
Ἑλληνικός	ADJ;NOM(DU;MASC)	Ἑλληνικώ
Ἑλληνικός	ADJ;NOM(DU;NEUT)	Ἑλληνικώ
Ἑλληνικός	ADJ;NOM(PL;FEM)	Ἑλληνικαί
Ἑλληνικός	ADJ;NOM(PL;MASC)	Ἑλληνικοί
Ἑλληνικός	ADJ;NOM(PL;NEUT)	Ἑλληνικᾰ́
Ἑλληνικός	ADJ;NOM(SG;FEM)	Ἑλληνική
Ἑλληνικός	ADJ;NOM(SG;MASC)	Ἑλληνικός
Ἑλληνικός	ADJ;NOM(SG;NEUT)	Ἑλληνικόν
Ἑλληνικός	ADJ;VOC(DU;FEM)	Ἑλληνικᾱ́
Ἑλληνικός	ADJ;VOC(DU;MASC)	Ἑλληνικώ
Ἑλληνικός	ADJ;VOC(DU;NEUT)	Ἑλληνικώ
Ἑλληνικός	ADJ;VOC(PL;NEUT)	Ἑλληνικᾰ́
Ἑλληνικός	ADJ;VOC(SG;FEM)	Ἑλληνική
Ἔλυμος	N;ACC(DU)	Ἔλυμω
Ἔλυμος	N;ACC(PL)	Ἔλυμους
Ἔλυμος	N;ACC(SG)	Ἔλυμον
Ἔλυμος	N;DAT(DU)	Ἔλύμοιν
Ἔλυμος	N;DAT(PL)	Ἔλυμοις
Ἔλυμος	N;DAT(SG)	Ἔλυμῳ
Ἔλυμος	N;GEN(DU)	Ἔλύμοιν
Ἔλυμος	N;GEN(PL)	Ἔλυμων
Ἔλυμος	N;GEN(SG)	Ἔλυμου
Ἔλυμος	N;NOM(DU)	Ἔλυμω
Ἔλυμος	N;NOM(PL)	Ἔλυμοι
Ἔλυμος	N;NOM(SG)	Ἔλυμος
Ἔλυμος	N;VOC(DU)	Ἔλυμω
Ἔλυμος	N;VOC(PL)	Ἔλυμοι
Ἔλυμος	N;VOC(SG)	Ἔλυμε
ἡστικός	ADJ;ACC(DU;MASC)	ἡστικώ
ἡστικός	ADJ;ACC(PL;FEM)	ἡστικᾱ́ς
ἡστικός	ADJ;ACC(PL;NEUT)	ἡστικᾰ́
ἡστικός	ADJ;ACC(SG;FEM)	ἡστικήν
ἡστικός	ADJ;ACC(SG;MASC)	ἡστικόν
ἡστικός	ADJ;ACC(SG;NEUT)	ἡστικόν
ἡστικός	ADJ;DAT(DU;FEM)	ἡστικαῖν
ἡστικός	ADJ;DAT(DU;MASC)	ἡστικοῖν
ἡστικός	ADJ;DAT(DU;NEUT)	ἡστικοῖν
ἡστικός	ADJ;DAT(PL;FEM)	ἡστικαῖς
ἡστικός	ADJ;DAT(PL;MASC)	ἡστικοῖς
ἡστικός	ADJ;DAT(PL;NEUT)	ἡστικοῖς
ἡστικός	ADJ;DAT(SG;FEM)	ἡστικῇ
ἡστικός	ADJ;DAT(SG;NEUT)	ἡστικῷ
ἡστικός	ADJ;GEN(DU;MASC)	ἡστικοῖν
ἡστικός	ADJ;GEN(DU;NEUT)	ἡστικοῖν
ἡστικός	ADJ;GEN(PL;FEM)	ἡστικῶν
ἡστικός	ADJ;GEN(PL;NEUT)	ἡστικῶν
ἡστικός	ADJ;GEN(SG;MASC)	ἡστικοῦ
ἡστικός	ADJ;NOM(DU;FEM)	ἡστικᾱ́
ἡστικός	ADJ;NOM(DU;MASC)	ἡστικώ
ἡστικός	ADJ;NOM(DU;NEUT)	ἡστικώ
ἡστικός	ADJ;NOM(PL;FEM)	ἡστικαί
ἡστικός	ADJ;NOM(PL;MASC)	ἡστικοί
ἡστικός	ADJ;NOM(PL;NEUT)	ἡστικᾰ́
ἡστικός	ADJ;NOM(SG;FEM)	ἡστική
ἡστικός	ADJ;NOM(SG;NEUT)	ἡστικόν
ἡστικός	ADJ;VOC(DU;MASC)	ἡστικώ
ἡστικός	ADJ;VOC(DU;NEUT)	ἡστικώ
ἡστικός	ADJ;VOC(PL;MASC)	ἡστικοί
ἡστικός	ADJ;VOC(PL;NEUT)	ἡστικᾰ́
ἡστικός	ADJ;VOC(SG;MASC)	ἡστικέ
ἡστικός	ADJ;VOC(SG;NEUT)	ἡστικόν
Ἠπειρώτης	N;ACC(DU)	Ἠπειρώτᾱ
Ἠπειρώτης	N;ACC(PL)	Ἠπειρώτᾱς
Ἠπειρώτης	N;ACC(SG)	Ἠπειρώτην
Ἠπειρώτης	N;DAT(DU)	Ἠπειρώταιν
Ἠπειρώτης	N;DAT(PL)	Ἠπειρώταις
Ἠπειρώτης	N;DAT(SG)	Ἠπειρώτῃ
Ἠπειρώτης	N;GEN(DU)	Ἠπειρώταιν
Ἠπειρώτης	N;GEN(PL)	Ἠπειρώτων
Ἠπειρώτης	N;GEN(SG)	Ἠπειρώτου
Ἠπειρώτης	N;NOM(DU)	Ἠπειρώτᾱ
Ἠπειρώτης	N;NOM(PL)	Ἠπειρώται
Ἠπειρώτης	N;NOM(SG)	Ἠπειρώτης
Ἠπειρώτης	N;VOC(DU)	Ἠπειρώτᾱ
Ἠπειρώτης	N;VOC(PL)	Ἠπειρώται
Ἠπειρώτης	N;VOC(SG)	Ἠπειρώτη
ὀνοματοποιία	N;ACC(DU)	ὀνοματοποιῐ́ᾱ
ὀνοματοποιία	N;ACC(PL)	ὀνοματοποιῐ́ᾱς
ὀνοματοποιία	N;ACC(SG)	ὀνοματοποιῐ́ᾱν
ὀνοματοποιία	N;DAT(DU)	ὀνοματοποιῐ́αιν
ὀνοματοποιία	N;DAT(PL)	ὀνοματοποιῐ́αις
ὀνοματοποιία	N;DAT(SG)	ὀνοματοποιῐ́ᾳ
ὀνοματοποιία	N;GEN(DU)	ὀνοματοποιῐ́αιν
ὀνοματοποιία	N;GEN(PL)	ὀνοματοποιῐῶν
ὀνοματοποιία	N;GEN(SG)	ὀνοματοποιῐ́ᾱς
ὀνοματοποιία	N;NOM(DU)	ὀνοματοποιῐ́ᾱ
ὀνοματοποιία	N;NOM(PL)	ὀνοματοποιῐ́αι
ὀνοματοποιία	N;NOM(SG)	ὀνοματοποιῐ́ᾱ
ὀνοματοποιία	N;VOC(DU)	ὀνοματοποιῐ́ᾱ
ὀνοματοποιία	N;VOC(PL)	ὀνοματοποιῐ́αι
ὀνοματοποιία	N;VOC(SG)	ὀνοματοποιῐ́ᾱ
ὀστοῦν	N;ACC(DU)	ὀστοῦν
ὀστοῦν	N;ACC(PL)	ὀστοῦντᾰ
ὀστοῦν	N;ACC(SG)	ὀστοῦν
ὀστοῦν	N;DAT(DU)	ὀστοῖν
ὀστοῦν	N;DAT(PL)	ὀστοῖσῐ(ν)
ὀστοῦν	N;DAT(SG)	ὀστοῦν
ὀστοῦν	N;GEN(DU)	ὀστοῖν
ὀστοῦν	N;GEN(PL)	ὀστοῦσῶν
ὀστοῦν	N;GEN(SG)	ὀστοῦν
ὀστοῦν	N;NOM(DU)	ὀστοῦν
ὀστοῦν	N;NOM(PL)	ὀστοῦν
ὀστοῦν	N;NOM(SG)	ὀστοῦν
ὀστοῦν	N;VOC(DU)	ὀστοῦν
ὀστοῦν	N;VOC(PL)	ὀστοῦνες
ὀστοῦν	N;VOC(SG)	ὀστοῦν
ὁμόγραφος	ADJ;ACC(DU;FEM)	ὁμογράφω
ὁμόγραφος	ADJ;ACC(DU;NEUT)	ὁμογράφω
ὁμόγραφος	ADJ;ACC(PL;MASC)	ὁμογράφους
ὁμόγραφος	ADJ;ACC(PL;NEUT)	ὁμογράφα
ὁμόγραφος	ADJ;ACC(SG;MASC)	ὁμόγραφον
ὁμόγραφος	ADJ;ACC(SG;NEUT)	ὁμόγραφον
ὁμόγραφος	ADJ;DAT(DU;FEM)	ὁμογράφοιν
ὁμόγραφος	ADJ;DAT(DU;MASC)	ὁμογράφοιν
ὁμόγραφος	ADJ;DAT(DU;NEUT)	ὁμογράφοιν
ὁμόγραφος	ADJ;DAT(PL;FEM)	ὁμογράφοις
ὁμόγραφος	ADJ;DAT(PL;MASC)	ὁμογράφοις
ὁμόγραφος	ADJ;DAT(PL;NEUT)	ὁμογράφοις
ὁμόγραφος	ADJ;DAT(SG;FEM)	ὁμογράφῳ
ὁμόγραφος	ADJ;DAT(SG;MASC)	ὁμογράφῳ
ὁμόγραφος	ADJ;GEN(DU;MASC)	ὁμογράφοιν
ὁμόγραφος	ADJ;GEN(DU;NEUT)	ὁμογράφοιν
ὁμόγραφος	ADJ;GEN(PL;FEM)	ὁμογράφων
ὁμόγραφος	ADJ;GEN(PL;NEUT)	ὁμογράφων
ὁμόγραφος	ADJ;GEN(SG;FEM)	ὁμογράφων
ὁμόγραφος	ADJ;GEN(SG;NEUT)	ὁμογράφου
ὁμόγραφος	ADJ;NOM(DU;FEM)	ὁμογράφω
ὁμόγραφος	ADJ;NOM(DU;MASC)	ὁμογράφω
ὁμόγραφος	ADJ;NOM(DU;NEUT)	ὁμογράφω
ὁμόγραφος	ADJ;NOM(PL;MASC)	ὁμογράφοι
ὁμόγραφος	ADJ;NOM(SG;NEUT)	ὁμόγραφον
ὁμόγραφος	ADJ;VOC(DU;FEM)	ὁμογράφω
ὁμόγραφος	ADJ;VOC(DU;MASC)	ὁμογράφω
ὁμόγραφος	ADJ;VOC(DU;NEUT)	ὁμογράφω
ὁμόγραφος	ADJ;VOC(PL;FEM)	ὁμογράφοι
ὁμόγραφος	ADJ;VOC(PL;MASC)	ὁμογράφοι
ὁμόγραφος	ADJ;VOC(PL;NEUT)	ὁμογράφα
ὁμόγραφος	ADJ;VOC(SG;FEM)	ὁμόγραφε
ὁμόγραφος	ADJ;VOC(SG;MASC)	ὁμόγραφε
ὅμιλος	N;ACC(DU)	ὅμίλω
ὅμιλος	N;ACC(PL)	ὅμίλους
ὅμιλος	N;ACC(SG)	ὅμίλον
ὅμιλος	N;DAT(DU)	ὅμίλοιν
ὅμιλος	N;DAT(PL)	ὅμίλοις
ὅμιλος	N;DAT(SG)	ὅμίλῳ
ὅμιλος	N;GEN(DU)	ὅμίλοιν
ὅμιλος	N;GEN(PL)	ὅμίλων
ὅμιλος	N;GEN(SG)	ὅμίλου
ὅμιλος	N;NOM(DU)	ὅμίλω
ὅμιλος	N;NOM(PL)	ὅμίλοι
ὅμιλος	N;NOM(SG)	ὅμίλος
ὅμιλος	N;VOC(DU)	ὅμίλω
ὅμιλος	N;VOC(PL)	ὅμίλοι
ὅμιλος	N;VOC(SG)	ὅμίλε
ῥάδιξ	N;ACC(DU)	ῥᾰδῐ́κω
ῥάδιξ	N;ACC(PL)	ῥᾰδῐ́κᾰς
ῥάδιξ	N;ACC(SG)	ῥᾰδῐ́κεν
ῥάδιξ	N;DAT(DU)	ῥᾰδῐ́κοιν
ῥάδιξ	N;DAT(PL)	ῥᾰδῐ́κοις
ῥάδιξ	N;DAT(SG)	ῥᾰδῐ́κῐ
ῥάδιξ	N;GEN(DU)	ῥᾰδῐ́κοιν
ῥάδιξ	N;GEN(PL)	ῥᾰδῐκῶν
ῥάδιξ	N;GEN(SG)	ῥᾰδῐ́κου
ῥάδιξ	N;NOM(DU)	ῥᾰδῐ́κε
ῥάδιξ	N;NOM(PL)	ῥᾰδῐ́κες
ῥάδιξ	N;NOM(SG)	ῥᾰδῐᾰ
ῥάδιξ	N;VOC(DU)	ῥᾰδῐ́κε
ῥάδιξ	N;VOC(PL)	ῥᾰδῐ́κες
ῥάδιξ	N;VOC(SG)	ῥᾰ́δῐᾰ
ῥητίνη	N;ACC(DU)	ῥητῐ́νᾱ
ῥητίνη	N;ACC(PL)	ῥητῐ́νᾱς
ῥητίνη	N;ACC(SG)	ῥητῐ́νᾱν
ῥητίνη	N;DAT(DU)	ῥητῐ́ναιν
ῥητίνη	N;DAT(PL)	ῥητῐ́ναις
ῥητίνη	N;DAT(SG)	ῥητῐ́νῳ
ῥητίνη	N;GEN(DU)	ῥητῐ́ναιν
ῥητίνη	N;GEN(PL)	ῥητῐ́νων
ῥητίνη	N;GEN(SG)	ῥητῐ́νου
ῥητίνη	N;NOM(DU)	ῥητῐ́νᾱ
ῥητίνη	N;NOM(PL)	ῥητῐ́ναι
ῥητίνη	N;NOM(SG)	ῥητῐ́νη
ῥητίνη	N;VOC(DU)	ῥητῐ́νᾱ
ῥητίνη	N;VOC(PL)	ῥητῐ́ναι
ῥητίνη	N;VOC(SG)	ῥητῐ́νη
accuracy:0.581