ሀብታም	ADJ	ሀብታም
ሀብታም	ADJ;DEF;FEM	ሀብታም
ሀብታም	ADJ;DEF;MASC	ሀብታም
ሀብታም	ADJ;DEF;PL	ሀብታም
ሀብታም	ADJ;PL	ሀብታም
ሆነ	V.CVB;NOM(1,PL)	ሆናችሁ
ሆነ	V.CVB;NOM(2,PL)	ሆናችሁ
ሆነ	V.CVB;NOM(MASC;2,SG)	ሆን
ሆነ	V.MSDR	ሆነ
ሆነ	V;IMP;NOM(1,PL)	እንሆን
ሆነ	V;IMP;NOM(1,SG)	ሆን
ሆነ	V;IMP;NOM(MASC;2,SG)	ሆን
ሆነ	V;IPFV;NFIN;NOM(MASC;3,SG)	ትሆን
ሆነ	V;IPFV;NOM(1,PL)	እንሆን
ሆነ	V;IPFV;NOM(1,SG)	ሆን
ሆነ	V;IPFV;NOM(MASC;2,SG)	ሆን
ሆነ	V;IPFV;NOM(MASC;3,SG)	ትሆን
ሆነ	V;PFV;NOM(3,PL)	ሆን
ሆነ	V;PRF;NOM(1,PL)	ሆናችሁ
ለማኝ	N	ለማኝ
ለማኝ	N;DEF;MASC	ለማኝ
ለማኝ	N;DEF;PL	ለማኝ
ለማኝ	N;PL	ለማኝ
ልል	ADJ	ልሉ
ልል	ADJ;DEF;FEM	ልሉ
ልል	ADJ;DEF;MASC	ልሉ
ልሳን	N	ልሳን
ልሳን	N;DEF;MASC	ልሳን
ልሳን	N;DEF;PL	ልሳን
ልሳን	N;PL	ልሳን
ሐይማኖት	N	ሐይማኖት
ሐይማኖት	N;DEF;MASC	ሐይማኖቶች
ሐይማኖት	N;PL	ሐይማኖቶች
ሐይማኖት	N;PL;PSS(1,PL)	ሐይማኖቶቻቸው
ሐይማኖት	N;PL;PSS(1,SG)	ሐይማኖቶቻቸው
ሐይማኖት	N;PL;PSS(2,SG,FEM)	ሐይማኖቶቻቸው
ሐይማኖት	N;PL;PSS(2,SG,MASC)	ሐይማኖቶቻቸው
ሐይማኖት	N;PSS(1,PL)	ሐይማኖቶቻችን
ሐይማኖት	N;PSS(1,SG)	ሐይማኖቶቻቸው
ሐይማኖት	N;PSS(2,SG,FORM)	ሐይማኖቶቻቸው
ሐይማኖት	N;PSS(2,SG,MASC)	ሐይማኖቶቻቸው
ሐይማኖት	N;PSS(3,SG,MASC)	ሐይማኖቶቻቸው
መስቀል	N	መስቀሉ
መስቀል	N;DEF;PL	መስቀሉ
መስቀል	N;PL;PSS(1,PL)	መስቀሉችን
መስቀል	N;PL;PSS(2,PL)	መስቀሉችን
መስቀል	N;PL;PSS(2,SG,MASC)	መስቀሉ
መስቀል	N;PL;PSS(3,SG,FEM)	መስቀሉ
መስቀል	N;PL;PSS(3,SG,MASC)	መስቀሉ
መስቀል	N;PSS(1,SG)	መስቀሉ
መስቀል	N;PSS(2,PL)	መስቀሉችን
መስቀል	N;PSS(2,SG,FEM)	መስቀሉ
መስቀል	N;PSS(2,SG,FORM)	መስቀሉ
መስቀል	N;PSS(2,SG,MASC)	መስቀሉ
መስቀል	N;PSS(3,SG,FEM)	መስቀሉ
መስቀል	N;PSS(3,SG,MASC)	መስቀሉ
መስዋዕት	N	መስዋዕቶ
መስዋዕት	N;DEF;MASC;LGSPEC1	መስዋዕቶች
መስዋዕት	N;LGSPEC1;PSS(1,SG)	መስዋዕቶቻችሁ
መስዋዕት	N;LGSPEC1;PSS(2,PL)	መስዋዕቶቹ
መስዋዕት	N;LGSPEC1;PSS(2,SG,FEM)	መስዋዕቶቹ
መስዋዕት	N;LGSPEC1;PSS(2,SG,MASC)	መስዋዕቶቹ
መስዋዕት	N;LGSPEC1;PSS(3,SG,FEM)	መስዋዕቶቹ
መስዋዕት	N;PSS(1,PL)	መስዋዕቶቻችን
መስዋዕት	N;PSS(1,SG)	መስዋዕቶቹ
መስዋዕት	N;PSS(2,PL)	መስዋዕቶቹ
መስዋዕት	N;PSS(2,SG,MASC)	መስዋዕቶቹ
መስዋዕት	N;PSS(3,SG,FEM)	መስዋዕቶቹ
መስዋዕት	N;PSS(3,SG,MASC)	መስዋዕቶቹ
መከር	N	መከር
መከር	N;DEF;MASC	መከራችሁ
መከር	N;PSS(1,PL)	መከራችኋል
መከር	N;PSS(1,SG)	መከራችሁ
መከር	N;PSS(2,PL)	መከራችኋል
መከር	N;PSS(2,SG,FEM)	መከራችሁ
መከር	N;PSS(2,SG,FORM)	መከራችሁ
መከር	N;PSS(2,SG,MASC)	መከራችሁ
መከር	N;PSS(3,PL)	መከራችኋል
መከር	N;PSS(3,SG,FEM)	መከራችሁ
መከር	N;PSS(3,SG,MASC)	መከራችሁ
መድፍ	N;DEF;MASC	መድፉ
መድፍ	N;DEF;PL	መድፉ
መድፍ	N;PL	መድፉ
መፅሐፍ	N;DEF;MASC	መፅሐፉ
መፅሐፍ	N;DEF;PL	መፅሐፉ
መፅሐፍ	N;PL;PSS(1,PL)	መፅሐፎቹ
መፅሐፍ	N;PL;PSS(2,SG,FEM)	መፅሐፉ
መፅሐፍ	N;PL;PSS(2,SG,FORM)	መፅሐፉ
መፅሐፍ	N;PL;PSS(3,PL)	መፅሐፎቹ
መፅሐፍ	N;PL;PSS(3,SG,FEM)	መፅሐፉ
መፅሐፍ	N;PSS(1,PL)	መፅሐፎችን
መፅሐፍ	N;PSS(1,SG)	መፅሐፉ
መፅሐፍ	N;PSS(2,PL)	መፅሐፎቹ
መፅሐፍ	N;PSS(2,SG,FEM)	መፅሐፉ
መፅሐፍ	N;PSS(2,SG,MASC)	መፅሐፉ
መፅሐፍ	N;PSS(3,PL)	መፅሐፎቹ
መፅሐፍ	N;PSS(3,SG,FEM)	መፅሐፉ
ሚስት	N;DEF;PL	ሚስታችሁ
ሚስት	N;PL	ሚስቶች
ሚስት	N;PL;PSS(1,PL)	ሚስቶቻቸው
ሚስት	N;PL;PSS(1,SG)	ሚስቶቻቸው
ሚስት	N;PL;PSS(2,PL)	ሚስቶቻቸው
ሚስት	N;PL;PSS(2,SG,FEM)	ሚስቶቻቸው
ሚስት	N;PL;PSS(2,SG,FORM)	ሚስቶቻቸው
ሚስት	N;PL;PSS(2,SG,MASC)	ሚስቶቻቸው
ሚስት	N;PL;PSS(3,PL)	ሚስቶቻቸው
ሚስት	N;PSS(1,PL)	ሚስቶቻቸው
ሚስት	N;PSS(1,SG)	ሚስቶቻቸው
ሚስት	N;PSS(2,PL)	ሚስቶቻቸው
ሚስት	N;PSS(2,SG,FORM)	ሚስቶቻቸው
ሚስት	N;PSS(3,SG,MASC)	ሚስቶቻቸው
ሚኒስትር	N;DEF;FEM;LGSPEC1	ሚኒስትሮ
ሚኒስትር	N;DEF;MASC	ሚኒስትሮ
ሚኒስትር	N;DEF;PL	ሚኒስትሮች
ሚኒስትር	N;PL	ሚኒስትሮች
ሚኒስትር	N;PL;PSS(1,PL)	ሚኒስትሮችን
ሚኒስትር	N;PL;PSS(1,SG)	ሚኒስትሮቹ
ሚኒስትር	N;PL;PSS(2,PL)	ሚኒስትሮችን
ሚኒስትር	N;PL;PSS(2,SG,MASC)	ሚኒስትሮቹ
ሚኒስትር	N;PL;PSS(3,PL)	ሚኒስትሮችን
ሚኒስትር	N;PL;PSS(3,SG,MASC)	ሚኒስትሮቹ
ሚኒስትር	N;PSS(1,PL)	ሚኒስትሮችን
ሚኒስትር	N;PSS(2,PL)	ሚኒስትሮችን
ሚኒስትር	N;PSS(2,SG,FEM)	ሚኒስትራችሁ
ሚኒስትር	N;PSS(3,SG,FEM)	ሚኒስትራችሁ
ማህጸን	N	ማህጸን
ማህጸን	N;DEF;MASC	ማህጸን
ማህጸን	N;PSS(1,PL)	ማህጸንታችን
ማህጸን	N;PSS(1,SG)	ማህጸን
ማህጸን	N;PSS(2,PL)	ማህጸንታችን
ማህጸን	N;PSS(2,SG,FEM)	ማህጸን
ማህጸን	N;PSS(2,SG,FORM)	ማህጸን
ማህጸን	N;PSS(2,SG,MASC)	ማህጸን
ማህጸን	N;PSS(3,PL)	ማህጸንታችን
ማህጸን	N;PSS(3,SG,FEM)	ማህጸን
ማህጸን	N;PSS(3,SG,MASC)	ማህጸን
ማረ	V.CVB;NOM(2,PL)	ማራችኋል
ማረ	V.CVB;NOM(3,PL)	ማራችኋል
ማረ	V;IMP;NOM(1,PL)	እንማራችኋል
ማረ	V;IMP;NOM(FEM;2,SG)	ማራችሁ
ማረ	V;IPFV;NFIN;NOM(2,PL)	እንማር
ማረ	V;IPFV;NFIN;NOM(FEM;3,SG)	ትማር
ማረ	V;IPFV;NFIN;NOM(MASC;3,SG)	ትማር
ማረ	V;IPFV;NOM(1,SG)	ማር
ማረ	V;IPFV;NOM(2,PL)	ማራችኋል
ማረ	V;IPFV;NOM(FEM;2,SG)	ማር
ማረ	V;PFV;NOM(1,SG)	ማራለሁ
ማረ	V;PFV;NOM(MASC;3,SG)	ማራለሁ
ማረ	V;PRF;NOM(1,PL)	ማራችኋል
ማረ	V;PRF;NOM(MASC;2,SG)	ማራለሁ
ማእበል	N	ማእበል
ማእበል	N;DEF;MASC	ማእበል
ማእበል	N;DEF;PL	ማእበላችሁ
ማእበል	N;PL	ማእበል
ምርት	N	ምርት
ምርት	N;DEF;MASC	ምርቶች
ምርት	N;DEF;PL	ምርቶቻቸው
ምርት	N;PL	ምርቶች
ምርት	N;PL;PSS(1,SG)	ምርቶቻቸው
ምርት	N;PL;PSS(2,PL)	ምርቶቻቸው
ምርት	N;PL;PSS(2,SG,FORM)	ምርቶቻቸው
ምርት	N;PL;PSS(2,SG,MASC)	ምርቶቻቸው
ምርት	N;PL;PSS(3,PL)	ምርቶቻቸው
ምርት	N;PL;PSS(3,SG,MASC)	ምርቶቻቸው
ምርት	N;PSS(1,PL)	ምርቶችን
ምርት	N;PSS(2,SG,FORM)	ምርቶቻቸው
ምርት	N;PSS(3,PL)	ምርቶቻቸው
ምርት	N;PSS(3,SG,MASC)	ምርቶቻቸው
ምርጥ	N	ምርጥ
ምርጥ	N;DEF;MASC	ምርጥ
ምርጥ	N;PL	ምርጥ
ሣጥን	N	ሣጥን
ሣጥን	N;DEF;MASC	ሣጥን
ሣጥን	N;DEF;PL	ሣጥን
ሣጥን	N;PL	ሣጥን
ሣጥን	N;PL;PSS(1,PL)	ሣጥኖቻቸው
ሣጥን	N;PL;PSS(1,SG)	ሣጥኖቻቸው
ሣጥን	N;PL;PSS(2,PL)	ሣጥኖቻቸው
ሣጥን	N;PL;PSS(2,SG,FEM)	ሣጥኖቻቸው
ሣጥን	N;PL;PSS(2,SG,MASC)	ሣጥኖቻቸው
ሣጥን	N;PL;PSS(3,PL)	ሣጥኖቻቸው
ሣጥን	N;PSS(1,SG)	ሣጥን
ሣጥን	N;PSS(2,SG,FEM)	ሣጥኖችሁ
ሣጥን	N;PSS(2,SG,FORM)	ሣጥኖቻቸው
ሣጥን	N;PSS(3,SG,FEM)	ሣጥኖቻቸው
ረገጠ	V.CVB;NOM(1,SG)	ረግጥ
ረገጠ	V.CVB;NOM(2,PL)	ረግጣችኋል
ረገጠ	V.CVB;NOM(FEM;3,SG)	ረግጥ
ረገጠ	V.CVB;NOM(MASC;3,SG)	ረግጥ
ረገጠ	V;IMP;NOM(1,SG)	ረግጥ
ረገጠ	V;IMP;NOM(2,PL)	ረግጥ
ረገጠ	V;IMP;NOM(MASC;2,SG)	ረግጥ
ረገጠ	V;IPFV;NFIN;NOM(FEM;2,SG)	ረግጥ
ረገጠ	V;IPFV;NOM(2,PL)	ረግጣችኋል
ረገጠ	V;PFV;NOM(1,SG)	ረግጥ
ረገጠ	V;PFV;NOM(3,PL)	ረግጣችኋል
ረገጠ	V;PRF;NOM(1,PL)	ረግጦችኋል
ረገጠ	V;PRF;NOM(1,SG)	ረግጥ
ረገጠ	V;PRF;NOM(FEM;3,SG)	ረግጥ
ርቀት	N	ርቀት
ርቀት	N;DEF;MASC	ርቀት
ርቀት	N;DEF;PL	ርቀታችሁ
ርቀት	N;PL	ርቀቶች
ሰሞን	N	ሰሞን
ሰሞን	N;DEF;MASC	ሰሞን
ሰሞን	N;PSS(1,PL)	ሰሞኖቻችን
ሰሞን	N;PSS(1,SG)	ሰሞን
ሰሞን	N;PSS(2,PL)	ሰሞኖቻቸው
ሰሞን	N;PSS(2,SG,FEM)	ሰሞናችሁ
ሰሞን	N;PSS(2,SG,FORM)	ሰሞን
ሰሞን	N;PSS(2,SG,MASC)	ሰሞን
ሰሞን	N;PSS(3,PL)	ሰሞኖቻቸው
ሰሞን	N;PSS(3,SG,FEM)	ሰሞን
ሰሞን	N;PSS(3,SG,MASC)	ሰሞን
ሱቅ	N;DEF;MASC	ሱቅ
ሱቅ	N;PL	ሱቅ
ሱቅ	N;PL;PSS(1,SG)	ሱቅሽ
ሱቅ	N;PL;PSS(2,SG,FEM)	ሱቅታችሁ
ሱቅ	N;PL;PSS(2,SG,FORM)	ሱቅታችሁ
ሱቅ	N;PL;PSS(3,PL)	ሱቅታችኋል
ሱቅ	N;PL;PSS(3,SG,FEM)	ሱቅታችሁ
ሱቅ	N;PL;PSS(3,SG,MASC)	ሱቅሽ
ሱቅ	N;PSS(1,PL)	ሱቅታችን
ሱቅ	N;PSS(2,PL)	ሱቅታችኋል
ሱቅ	N;PSS(2,SG,FEM)	ሱቅሽ
ሱቅ	N;PSS(2,SG,FORM)	ሱቅሽ
ሱቅ	N;PSS(2,SG,MASC)	ሱቅሽ
ሱቅ	N;PSS(3,SG,MASC)	ሱቅሽ
ሳጥን	N	ሳጥን
ሳጥን	N;DEF;MASC	ሳጥን
ሳጥን	N;PL	ሳጥን
ሳጥን	N;PL;PSS(1,PL)	ሳጥኖቻቸው
ሳጥን	N;PL;PSS(2,PL)	ሳጥኖቻቸው
ሳጥን	N;PL;PSS(2,SG,FEM)	ሳጥኖቻቸው
ሳጥን	N;PL;PSS(2,SG,MASC)	ሳጥኖቻቸው
ሳጥን	N;PL;PSS(3,PL)	ሳጥኖቻቸው
ሳጥን	N;PL;PSS(3,SG,FEM)	ሳጥኖቻቸው
ሳጥን	N;PL;PSS(3,SG,MASC)	ሳጥኖቻቸው
ሳጥን	N;PSS(2,SG,FEM)	ሳጥኖቻቸው
ሳጥን	N;PSS(2,SG,FORM)	ሳጥኖቻቸው
ሳጥን	N;PSS(2,SG,MASC)	ሳጥኖቻቸው
ሳጥን	N;PSS(3,PL)	ሳጥኖቻቸው
ስልት	N;DEF;MASC	ስልቶች
ስልት	N;DEF;PL	ስልቶቻቸው
ስልት	N;PL	ስልቶች
ስልት	N;PL;PSS(2,PL)	ስልቶቻቸው
ስልት	N;PL;PSS(2,SG,FEM)	ስልቶቻቸው
ስልት	N;PL;PSS(3,SG,FEM)	ስልቶቻቸው
ስልት	N;PL;PSS(3,SG,MASC)	ስልቶቻቸው
ስልት	N;PSS(1,PL)	ስልቶችን
ስልት	N;PSS(1,SG)	ስልቶቻቸው
ስልት	N;PSS(2,SG,FORM)	ስልቶቻቸው
ስልት	N;PSS(2,SG,MASC)	ስልቶቻቸው
ስልት	N;PSS(3,PL)	ስልቶቻቸው
ስልት	N;PSS(3,SG,FEM)	ስልቶቻቸው
ስልት	N;PSS(3,SG,MASC)	ስልቶቻቸው
ስም	N	ስም
ስም	N;DEF;MASC	ስማችሁ
ስም	N;DEF;PL	ስማችሁ
ስም	N;PL;PSS(1,PL)	ስማችን
ስም	N;PL;PSS(1,SG)	ስማችሁ
ስም	N;PL;PSS(2,SG,FEM)	ስማችሁ
ስም	N;PL;PSS(2,SG,MASC)	ስማችሁ
ስም	N;PL;PSS(3,SG,FEM)	ስማችሁ
ስም	N;PL;PSS(3,SG,MASC)	ስማችሁ
ስም	N;PSS(2,PL)	ስማችን
ስም	N;PSS(2,SG,FORM)	ስማችሁ
ስም	N;PSS(2,SG,MASC)	ስማችሁ
ስም	N;PSS(3,SG,FEM)	ስማችሁ
ስም	N;PSS(3,SG,MASC)	ስማችሁ
ስብሀት	N	ስብሀት
ስብሀት	N;DEF;MASC	ስብሀት
ስጋት	N	ስጋት
ስጋት	N;DEF;MASC	ስጋቶቻችሁ
ስጋት	N;PL	ስጋቶች
ስጋት	N;PL;PSS(2,SG,FORM)	ስጋቶቻቸው
ስጋት	N;PL;PSS(3,SG,FEM)	ስጋቶቻችሁ
ስጋት	N;PL;PSS(3,SG,MASC)	ስጋቶቻችሁ
ስጋት	N;PSS(1,PL)	ስጋቶቻችን
ስጋት	N;PSS(2,PL)	ስጋቶቻችን
ስጋት	N;PSS(2,SG,FEM)	ስጋቶቻችሁ
ስጋት	N;PSS(2,SG,MASC)	ስጋቶቻችሁ
ስጋት	N;PSS(3,PL)	ስጋቶቻችን
ስጋት	N;PSS(3,SG,MASC)	ስጋቶቻችሁ
ሸክም	N	ሸክም
ሸክም	N;DEF;MASC	ሸክም
ሸክም	N;PSS(1,PL)	ሸክማችን
ሸክም	N;PSS(1,SG)	ሸክማችሁ
ሸክም	N;PSS(2,PL)	ሸክማችን
ሸክም	N;PSS(2,SG,FEM)	ሸክማችሁ
ሸክም	N;PSS(2,SG,FORM)	ሸክማችሁ
ሸክም	N;PSS(2,SG,MASC)	ሸክማችሁ
ሸክም	N;PSS(3,PL)	ሸክማችን
ሸክም	N;PSS(3,SG,FEM)	ሸክማችሁ
ሸክም	N;PSS(3,SG,MASC)	ሸክማችሁ
ቀረና	V.CVB;NOM(MASC;3,SG)	ቀረናለሁ
ቀረና	V.MSDR	ቀረና
ቀረና	V;IMP;NOM(MASC;3,SG)	ቀረናለሁ
ቀረና	V;IPFV;NFIN;NOM(MASC;3,SG)	ቀረናለሁ
ቀረና	V;IPFV;NOM(MASC;3,SG)	ቀረናለሁ
ቀረና	V;PFV;NOM(MASC;3,SG)	ቀረናለሁ
ቀረና	V;PRF;NOM(MASC;3,SG)	ቀረናለሁ
ቀሰቀሰ	V.CVB;NOM(MASC;3,SG)	ቀሰቀስ
ቀሰቀሰ	V.MSDR	ቀሰቀስ
ቀሰቀሰ	V;IMP;NOM(MASC;3,SG)	ቀስቀስ
ቀሰቀሰ	V;IPFV;NFIN;NOM(MASC;3,SG)	ቀስቀስ
ቀሰቀሰ	V;IPFV;NOM(MASC;3,SG)	ቀስቀስ
ቀሰቀሰ	V;PFV;NOM(MASC;3,SG)	ቀሰቀስ
ቀሰቀሰ	V;PRF;NOM(MASC;3,SG)	ቀሰቀስ
ቅርጽ	N	ቅርጽ
ቅርጽ	N;DEF;MASC	ቅርጽ
ቅርጽ	N;PL;PSS(1,SG)	ቅርጾችሁ
ቅርጽ	N;PL;PSS(2,PL)	ቅርጾችን
ቅርጽ	N;PL;PSS(2,SG,FEM)	ቅርጾችሁ
ቅርጽ	N;PL;PSS(2,SG,FORM)	ቅርጾችሁ
ቅርጽ	N;PL;PSS(2,SG,MASC)	ቅርጾችሁ
ቅርጽ	N;PL;PSS(3,SG,FEM)	ቅርጾችሁ
ቅርጽ	N;PSS(1,PL)	ቅርጾችን
ቅርጽ	N;PSS(1,SG)	ቅርጾችሁ
ቅርጽ	N;PSS(2,PL)	ቅርጾችን
ቅርጽ	N;PSS(2,SG,FEM)	ቅርጾችሁ
ቅርጽ	N;PSS(2,SG,FORM)	ቅርጾችሁ
ቅርጽ	N;PSS(3,SG,MASC)	ቅርጾችሁ
ቆመ	V.CVB;NOM(1,SG)	ቆምሽ
ቆመ	V;IMP;NOM(1,PL)	እንቆም
ቆመ	V;IMP;NOM(2,PL)	እንቆም
ቆመ	V;IPFV;NFIN;NOM(2,PL)	እንቆም
ቆመ	V;IPFV;NFIN;NOM(3,PL)	ቆምን
ቆመ	V;IPFV;NFIN;NOM(FEM;3,SG)	ቆም
ቆመ	V;IPFV;NOM(1,PL)	እንቆም
ቆመ	V;IPFV;NOM(2,PL)	ቆማችኋል
ቆመ	V;IPFV;NOM(FEM;2,SG)	ቆም
ቆመ	V;PFV;NOM(1,PL)	እንቆማችሁ
ቆመ	V;PFV;NOM(2,PL)	ቆማችኋል
ቆመ	V;PFV;NOM(MASC;3,SG)	ቆም
ቆመ	V;PRF;NOM(1,SG)	ቆምን
ቆመ	V;PRF;NOM(MASC;2,SG)	ቆም
ቆጠረ	V.CVB;NOM(FEM;3,SG)	ቆጥራለሁ
ቆጠረ	V;IMP;NOM(1,SG)	ቆጥራለሁ
ቆጠረ	V;IMP;NOM(2,PL)	ቆጥራችኋል
ቆጠረ	V;IMP;NOM(3,PL)	ቆጥራችኋል
ቆጠረ	V;IPFV;NFIN;NOM(MASC;2,SG)	ቆጥራለሁ
ቆጠረ	V;IPFV;NOM(1,SG)	ቆጥራለሁ
ቆጠረ	V;IPFV;NOM(3,PL)	ቆጥራችኋል
ቆጠረ	V;IPFV;NOM(FEM;3,SG)	ቆጥራለሁ
ቆጠረ	V;PFV;NOM(1,SG)	ቆጥራለሁ
ቆጠረ	V;PFV;NOM(FEM;2,SG)	ቆጥራለሁ
ቆጠረ	V;PFV;NOM(FEM;3,SG)	ቆጥራለሁ
ቆጠረ	V;PRF;NOM(1,PL)	ቆጥራችሁ
ቆጠረ	V;PRF;NOM(1,SG)	ቆጥራለሁ
ቆጠረ	V;PRF;NOM(FEM;2,SG)	ቆጥራለሁ
በድን	N	በድን
በድን	N;DEF;MASC	በድን
በድን	N;PL;PSS(1,SG)	በድኖቻቸው
በድን	N;PL;PSS(2,PL)	በድኖቻቸው
በድን	N;PL;PSS(2,SG,FORM)	በድኖቻቸው
በድን	N;PL;PSS(2,SG,MASC)	በድኖቻቸው
በድን	N;PL;PSS(3,PL)	በድኖቻቸው
በድን	N;PL;PSS(3,SG,FEM)	በድኖቻቸው
በድን	N;PL;PSS(3,SG,MASC)	በድኖቻቸው
በድን	N;PSS(1,PL)	በድኖቻችን
በድን	N;PSS(1,SG)	በድኖቻችሁ
በድን	N;PSS(3,SG,FEM)	በድኖቻችሁ
በድን	N;PSS(3,SG,MASC)	በድኖቻቸው
ብረት	N	ብረት
ብረት	N;DEF;MASC	ብረቶች
ብረት	N;DEF;PL	ብረታችሁ
ብረት	N;PL	ብረቶች
ተሰባሰበ	V.CVB;NOM(MASC;3,SG)	ተሰባስብ
ተሰባሰበ	V.MSDR	ተሰባሰብ
ተሰባሰበ	V;IMP;NOM(MASC;3,SG)	ተሰባስብ
ተሰባሰበ	V;IPFV;NFIN;NOM(MASC;3,SG)	ተሰባስብ
ተሰባሰበ	V;IPFV;NOM(MASC;3,SG)	ተሰባስብ
ተሰባሰበ	V;PFV;NOM(MASC;3,SG)	ተሰባስብ
ተሰባሰበ	V;PRF;NOM(MASC;3,SG)	ተሰባስብ
ተስተካከለ	V.CVB;NOM(MASC;3,SG)	ተስተካከል
ተስተካከለ	V.MSDR	ተስተካከል
ተስተካከለ	V;IMP;NOM(MASC;3,SG)	ተስተካከል
ተስተካከለ	V;IPFV;NFIN;NOM(MASC;3,SG)	ተስተካከል
ተስተካከለ	V;IPFV;NOM(MASC;3,SG)	ተስተካከል
ተስተካከለ	V;PFV;NOM(MASC;3,SG)	ተስተካከል
ተስተካከለ	V;PRF;NOM(MASC;3,SG)	ተስተካከል
ተቀበለ	V.CVB;NOM(1,PL)	ተቀበላችሁ
ተቀበለ	V.CVB;NOM(2,PL)	ተቀበላችሁ
ተቀበለ	V.CVB;NOM(3,PL)	ተቀበላችሁ
ተቀበለ	V.CVB;NOM(MASC;3,SG)	ተቀበል
ተቀበለ	V;IMP;NOM(1,SG)	ተቀበል
ተቀበለ	V;IMP;NOM(3,PL)	ተቀብላችኋል
ተቀበለ	V;IPFV;NFIN;NOM(1,PL)	እንቀብል
ተቀበለ	V;IPFV;NFIN;NOM(2,PL)	ተቀብላችሁ
ተቀበለ	V;IPFV;NFIN;NOM(MASC;2,SG)	ተቀበል
ተቀበለ	V;IPFV;NOM(3,PL)	ተቀብላችሁ
ተቀበለ	V;IPFV;NOM(MASC;3,SG)	ተቀበል
ተቀበለ	V;PFV;NOM(1,PL)	እንቀበላችሁ
ተቀበለ	V;PRF;NOM(2,PL)	ተቀበላችሁ
ተቀበለ	V;PRF;NOM(FEM;2,SG)	ተቀበላችሁ
ተቻለ	V.CVB;NOM(MASC;3,SG)	ተቻል
ተቻለ	V.MSDR	ተቻል
ተቻለ	V;IMP;NOM(MASC;3,SG)	ተቻል
ተቻለ	V;IPFV;NFIN;NOM(MASC;3,SG)	ተቻል
ተቻለ	V;IPFV;NOM(MASC;3,SG)	ተቻል
ተቻለ	V;PFV;NOM(MASC;3,SG)	ተቻል
ተቻለ	V;PRF;NOM(MASC;3,SG)	ተቻል
ተንገላታ	V.CVB;NOM(3,PL)	ተንገላታችሁ
ተንገላታ	V.CVB;NOM(FEM;3,SG)	ተንገላታችሁ
ተንገላታ	V;IMP;NOM(1,SG)	ተንገላታችሁ
ተንገላታ	V;IMP;NOM(2,PL)	ተንገላታችሁ
ተንገላታ	V;IMP;NOM(FEM;3,SG)	ተንገላታ
ተንገላታ	V;IMP;NOM(MASC;2,SG)	ተንገላታችሁ
ተንገላታ	V;IPFV;NFIN;NOM(FEM;2,SG)	ተንገላታ
ተንገላታ	V;IPFV;NFIN;NOM(MASC;3,SG)	ተንገላታለሁ
ተንገላታ	V;PFV;NOM(1,SG)	ተንገላታችሁ
ተንገላታ	V;PFV;NOM(2,PL)	ተንገላታችሁ
ተንገላታ	V;PFV;NOM(3,PL)	ተንገላታችሁ
ተንገላታ	V;PFV;NOM(FEM;2,SG)	ተንገላታችሁ
ተንገላታ	V;PRF;NOM(1,PL)	ተንገላታችሁ
ተወያየ	V.CVB;NOM(2,PL)	ተወያየችኋል
ተወያየ	V.CVB;NOM(3,PL)	ተወያያለሁ
ተወያየ	V;IMP;NOM(1,PL)	እንወያይ
ተወያየ	V;IMP;NOM(3,PL)	ተወያይ
ተወያየ	V;IPFV;NFIN;NOM(1,PL)	እንወያይ
ተወያየ	V;IPFV;NFIN;NOM(2,PL)	ተወያይ
ተወያየ	V;IPFV;NOM(1,PL)	እንወያይ
ተወያየ	V;IPFV;NOM(2,PL)	ተወያይ
ተወያየ	V;IPFV;NOM(3,PL)	ተወያይ
ተወያየ	V;PFV;NOM(1,PL)	እንወያያለን
ተወያየ	V;PFV;NOM(2,PL)	ተወያየችኋል
ተወያየ	V;PFV;NOM(3,PL)	ተወያየችኋል
ተወያየ	V;PRF;NOM(2,PL)	ተወያየችኋል
ተወያየ	V;PRF;NOM(3,PL)	ተወያያለሁ
ተወዳደረ	V.CVB;NOM(1,PL)	ተወዳድራችኋል
ተወዳደረ	V.CVB;NOM(3,PL)	ተወዳድራችኋል
ተወዳደረ	V.MSDR	ተወዳድረ
ተወዳደረ	V;IMP;NOM(1,PL)	እንወዳድራለን
ተወዳደረ	V;IPFV;NFIN;NOM(1,PL)	እንወዳድር
ተወዳደረ	V;IPFV;NFIN;NOM(3,PL)	ተወዳድር
ተወዳደረ	V;IPFV;NOM(1,PL)	እንወዳድራለን
ተወዳደረ	V;IPFV;NOM(3,PL)	ተወዳድር
ተወዳደረ	V;PFV;NOM(1,PL)	እንወዳድራለን
ተወዳደረ	V;PFV;NOM(2,PL)	ተወዳድራችኋል
ተወዳደረ	V;PFV;NOM(3,PL)	ተወዳድራችኋል
ተወዳደረ	V;PRF;NOM(1,PL)	እንወዳድራለን
ተወዳደረ	V;PRF;NOM(2,PL)	ተወዳድራችኋል
ተወዳደረ	V;PRF;NOM(3,PL)	ተወዳድራችኋል
ተዋረደ	V.CVB;NOM(1,PL)	ተዋርዱ
ተዋረደ	V.CVB;NOM(MASC;3,SG)	ተዋርዱ
ተዋረደ	V;IPFV;NFIN;NOM(1,SG)	እንዋርድ
ተዋረደ	V;IPFV;NFIN;NOM(2,PL)	ተዋርዱ
ተዋረደ	V;IPFV;NFIN;NOM(3,PL)	ተዋርድ
ተዋረደ	V;IPFV;NFIN;NOM(FEM;2,SG)	ተዋርድ
ተዋረደ	V;IPFV;NFIN;NOM(FEM;3,SG)	ተዋርድ
ተዋረደ	V;IPFV;NOM(MASC;3,SG)	ተዋርድ
ተዋረደ	V;PFV;NOM(1,SG)	ተዋርዱ
ተዋረደ	V;PFV;NOM(3,PL)	ተዋርዱ
ተዋረደ	V;PFV;NOM(FEM;3,SG)	ተዋርድ
ተዋረደ	V;PRF;NOM(2,PL)	ተዋርዱ
ተዋረደ	V;PRF;NOM(3,PL)	ተዋርዱ
ተዋረደ	V;PRF;NOM(MASC;2,SG)	ተዋርዱ
ተዘረጋ	V.CVB;NOM(FEM;3,SG)	ተዘርጋለሁ
ተዘረጋ	V.MSDR	ተዘረጋ
ተዘረጋ	V;IMP;NOM(MASC;2,SG)	ተዘርጋ
ተዘረጋ	V;IPFV;NFIN;NOM(1,SG)	እንዘረጋ
ተዘረጋ	V;IPFV;NFIN;NOM(2,PL)	ተዘርጋችሁ
ተዘረጋ	V;IPFV;NFIN;NOM(MASC;2,SG)	ተዘርጋ
ተዘረጋ	V;IPFV;NFIN;NOM(MASC;3,SG)	ይዘረጋ
ተዘረጋ	V;IPFV;NOM(3,PL)	ተዘርጋችሁ
ተዘረጋ	V;IPFV;NOM(FEM;3,SG)	ተዘርጋ
ተዘረጋ	V;PFV;NOM(1,SG)	ተዘርጋለሁ
ተዘረጋ	V;PFV;NOM(3,PL)	ተዘርጋችሁ
ተዘረጋ	V;PFV;NOM(MASC;2,SG)	ተዘርጋለሁ
ተዘረጋ	V;PRF;NOM(1,PL)	ተዘርጋችሁ
ተዘረጋ	V;PRF;NOM(FEM;2,SG)	ተዘርጋችሁ
ተገታ	V.CVB;NOM(MASC;3,SG)	ተገታችሁ
ተገታ	V.MSDR	ተገታ
ተገታ	V;IMP;NOM(MASC;3,SG)	ተገታ
ተገታ	V;IPFV;NFIN;NOM(MASC;3,SG)	ተገታ
ተገታ	V;IPFV;NOM(MASC;3,SG)	ተገታ
ተገታ	V;PFV;NOM(MASC;3,SG)	ተገታችሁ
ተገታ	V;PRF;NOM(MASC;3,SG)	ተገታችሁ
ተጋጠመ	V.CVB;NOM(MASC;3,SG)	ተጋጥም
ተጋጠመ	V.MSDR	ተጋጠም
ተጋጠመ	V;IMP;NOM(MASC;3,SG)	ተጋጥም
ተጋጠመ	V;IPFV;NFIN;NOM(MASC;3,SG)	ተጋጥም
ተጋጠመ	V;IPFV;NOM(MASC;3,SG)	ተጋጥም
ተጋጠመ	V;PFV;NOM(MASC;3,SG)	ተጋጥም
ተጋጠመ	V;PRF;NOM(MASC;3,SG)	ተጋጥም
ተጠመቀ	V.CVB;NOM(MASC;3,SG)	ተጠመቅ
ተጠመቀ	V.MSDR	ተጠመቅ
ተጠመቀ	V;IMP;NOM(MASC;3,SG)	ተጠመቅ
ተጠመቀ	V;IPFV;NFIN;NOM(MASC;3,SG)	ተጠመቅ
ተጠመቀ	V;IPFV;NOM(MASC;3,SG)	ተጠመቅ
ተጠመቀ	V;PFV;NOM(MASC;3,SG)	ተጠመቅ
ተጠመቀ	V;PRF;NOM(MASC;3,SG)	ተጠመቅ
ተጠቀመ	V.CVB;NOM(1,PL)	ተጠቀምተን
ተጠቀመ	V.CVB;NOM(MASC;3,SG)	ተጠቅም
ተጠቀመ	V;IMP;NOM(1,SG)	ተጠቅም
ተጠቀመ	V;IMP;NOM(FEM;3,SG)	ተጠቅም
ተጠቀመ	V;IPFV;NFIN;NOM(1,PL)	እንጠቅም
ተጠቀመ	V;IPFV;NOM(1,PL)	እንጠቅም
ተጠቀመ	V;IPFV;NOM(3,PL)	ተጠቅም
ተጠቀመ	V;IPFV;NOM(MASC;2,SG)	ተጠቅም
ተጠቀመ	V;PFV;NOM(2,PL)	ተጠቀምን
ተጠቀመ	V;PRF;NOM(2,PL)	ተጠቀምን
ተጠቀመ	V;PRF;NOM(FEM;3,SG)	ተጠቅም
ተጠቀመ	V;PRF;NOM(MASC;2,SG)	ተጠቅም
ተጠቀመ	V;PRF;NOM(MASC;3,SG)	ተጠቅም
ተፈረደ	V.CVB;NOM(MASC;3,SG)	ተፈረዱ
ተፈረደ	V.MSDR	ተፈረደ
ተፈረደ	V;IPFV;NFIN;NOM(MASC;3,SG)	ተፈረድ
ተፈረደ	V;IPFV;NOM(MASC;3,SG)	ተፈረድ
ተፈረደ	V;PFV;NOM(MASC;3,SG)	ተፈረድ
ተፈረደ	V;PRF;NOM(MASC;3,SG)	ተፈረድ
ታሰበ	V.CVB;NOM(MASC;3,SG)	ታስብ
ታሰበ	V.MSDR	ታሰብ
ታሰበ	V;IMP;NOM(MASC;3,SG)	ታስብ
ታሰበ	V;IPFV;NFIN;NOM(MASC;3,SG)	ታስብ
ታሰበ	V;IPFV;NOM(MASC;3,SG)	ታስብ
ታሰበ	V;PFV;NOM(MASC;3,SG)	ታስብ
ታሰበ	V;PRF;NOM(MASC;3,SG)	ታስብ
ነገር	N	ነገር
ነገር	N;DEF;FEM	ነገራችሁ
ነገር	N;DEF;MASC	ነገር
ነገር	N;DEF;PL	ነገራችሁ
ነገር	N;PL	ነገራችሁ
ነገር	N;PL;PSS(1,PL)	ነገራችን
ነገር	N;PL;PSS(1,SG)	ነገራችሁ
ነገር	N;PL;PSS(2,PL)	ነገራችኋል
ነገር	N;PL;PSS(2,SG,MASC)	ነገራችሁ
ነገር	N;PL;PSS(3,PL)	ነገራችኋል
ነገር	N;PL;PSS(3,SG,MASC)	ነገራችሁ
ነገር	N;PSS(2,PL)	ነገራችሁ
ነገር	N;PSS(3,SG,FEM)	ነገራችሁ
ነገር	N;PSS(3,SG,MASC)	ነገራችሁ
ንጹሕ	ADJ	ንጹሕ
ንጹሕ	ADJ;DEF;FEM	ንጹሑ
ንጹሕ	ADJ;DEF;MASC	ንጹሑ
አለፈ	V.CVB;NOM(2,PL)	አልፋችሁ
አለፈ	V.CVB;NOM(FEM;2,SG)	አልፍ
አለፈ	V.CVB;NOM(FEM;3,SG)	አልፍ
አለፈ	V.CVB;NOM(MASC;2,SG)	አልፍ
አለፈ	V;IMP;NOM(MASC;3,SG)	አልፍ
አለፈ	V;IPFV;NFIN;NOM(3,PL)	አልፍ
አለፈ	V;IPFV;NFIN;NOM(FEM;3,SG)	ታልፍ
አለፈ	V;IPFV;NFIN;NOM(MASC;3,SG)	ያልፍ
አለፈ	V;IPFV;NOM(MASC;3,SG)	አልፍ
አለፈ	V;PFV;NOM(3,PL)	አልፋችሁ
አለፈ	V;PFV;NOM(FEM;3,SG)	አልፍ
አለፈ	V;PRF;NOM(FEM;3,SG)	አልፍ
አለፈ	V;PRF;NOM(MASC;3,SG)	አልፍ
አስጠነቀቀ	V.CVB;NOM(1,SG)	አስጠንቀቅ
አስጠነቀቀ	V.CVB;NOM(FEM;2,SG)	አስጠንቀቅ
አስጠነቀቀ	V;IMP;NOM(3,PL)	አስጠንቀቅ
አስጠነቀቀ	V;IMP;NOM(FEM;2,SG)	ታስጠንቀቅ
አስጠነቀቀ	V;IMP;NOM(FEM;3,SG)	ታስጠንቀቅ
አስጠነቀቀ	V;IPFV;NFIN;NOM(MASC;2,SG)	አስጠንቀቅ
አስጠነቀቀ	V;IPFV;NOM(FEM;2,SG)	ታስጠንቀቅ
አስጠነቀቀ	V;IPFV;NOM(MASC;3,SG)	ያስጠንቀቅ
አስጠነቀቀ	V;PFV;NOM(1,PL)	አስጠንቀቅ
አስጠነቀቀ	V;PFV;NOM(2,PL)	አስጠንቀቅ
አስጠነቀቀ	V;PFV;NOM(FEM;2,SG)	አስጠንቀቅ
አስጠነቀቀ	V;PRF;NOM(2,PL)	አስጠንቀቅ
አስጠነቀቀ	V;PRF;NOM(FEM;2,SG)	አስጠንቀቅ
አስጠነቀቀ	V;PRF;NOM(MASC;3,SG)	አስጠንቀቅ
አሸ	V.CVB;NOM(2,PL)	አሸችሁ
አሸ	V;IMP;NOM(1,PL)	እንአሽ
አሸ	V;IPFV;NFIN;NOM(1,SG)	እንአሽ
አሸ	V;IPFV;NFIN;NOM(2,PL)	እንአሽ
አሸ	V;IPFV;NFIN;NOM(FEM;2,SG)	ትአሽ
አሸ	V;IPFV;NOM(2,PL)	እንአሽ
አሸ	V;IPFV;NOM(MASC;3,SG)	አሽ
አሸ	V;PFV;NOM(1,SG)	አሽ
አሸ	V;PFV;NOM(MASC;3,SG)	አሽ
አሸ	V;PRF;NOM(1,PL)	አሸችኋል
አሸ	V;PRF;NOM(1,SG)	አሽ
አሸ	V;PRF;NOM(2,PL)	አሸችኋል
አሸ	V;PRF;NOM(FEM;2,SG)	አሽ
አሸ	V;PRF;NOM(FEM;3,SG)	ትአሽ
አባልነት	N	አባልነት
አባልነት	N;DEF;MASC	አባልነት
አባልነት	N;PSS(1,PL)	አባልነቶቻችን
አባልነት	N;PSS(1,SG)	አባልነቶቻችሁ
አባልነት	N;PSS(2,PL)	አባልነቶቹ
አባልነት	N;PSS(2,SG,FEM)	አባልነቶቹ
አባልነት	N;PSS(2,SG,FORM)	አባልነቶቻቸው
አባልነት	N;PSS(2,SG,MASC)	አባልነቶቹ
አባልነት	N;PSS(3,PL)	አባልነቶቹ
አባልነት	N;PSS(3,SG,FEM)	አባልነቶቻችሁ
አባልነት	N;PSS(3,SG,MASC)	አባልነቶቹ
አተረፈ	V.CVB;NOM(3,PL)	አተረፋችሁ
አተረፈ	V;IMP;NOM(2,PL)	አተረፋችሁ
አተረፈ	V;IMP;NOM(3,PL)	አተረፋችሁ
አተረፈ	V;IMP;NOM(MASC;2,SG)	አተረፍ
አተረፈ	V;IPFV;NFIN;NOM(2,PL)	አተረፍ
አተረፈ	V;IPFV;NFIN;NOM(FEM;3,SG)	ታተረፍ
አተረፈ	V;IPFV;NOM(1,PL)	አተረፋችሁ
አተረፈ	V;IPFV;NOM(3,PL)	አተረፋችሁ
አተረፈ	V;PFV;NOM(1,PL)	አተረፋችሁ
አተረፈ	V;PFV;NOM(FEM;2,SG)	አተረፍ
አተረፈ	V;PFV;NOM(MASC;3,SG)	አተረፍ
አተረፈ	V;PRF;NOM(1,SG)	አተረፍ
አተረፈ	V;PRF;NOM(MASC;2,SG)	አተረፍ
አተረፈ	V;PRF;NOM(MASC;3,SG)	አተረፍ
አንቀፅ	N	አንቀፅ
አንቀፅ	N;DEF;MASC	አንቀፅ
አንቀፅ	N;PL	አንቀፅ
አንድ	N	አንድ
አንድ	N;DEF;FEM	አንዳችሁ
አንድ	N;DEF;FEM;LGSPEC1	አንዳችሁ
አንድ	N;DEF;MASC	አንዶች
አንድ	N;PSS(1,PL)	አንዶቻቸው
አንድ	N;PSS(1,SG)	አንዶቻቸው
አንድ	N;PSS(2,PL)	አንዶቻቸው
አንድ	N;PSS(2,SG,FEM)	አንዳችሁ
አንድ	N;PSS(2,SG,FORM)	አንዶቻቸው
አንድ	N;PSS(2,SG,MASC)	አንዶቻቸው
አንድ	N;PSS(3,PL)	አንዶቻቸው
አንድ	N;PSS(3,SG,FEM)	አንዳችሁ
አንድ	N;PSS(3,SG,MASC)	አንዶቻቸው
አከለ	V.CVB;NOM(MASC;3,SG)	አከል
አከለ	V.MSDR	አከል
አከለ	V;IMP;NOM(MASC;3,SG)	አከል
አከለ	V;IPFV;NFIN;NOM(MASC;3,SG)	አከል
አከለ	V;IPFV;NOM(MASC;3,SG)	አከል
አከለ	V;PFV;NOM(MASC;3,SG)	አከል
አከለ	V;PRF;NOM(MASC;3,SG)	አከል
አከበረ	V.CVB;NOM(FEM;2,SG)	አከብራለሁ
አከበረ	V.MSDR	አከብረ
አከበረ	V;IMP;NOM(1,PL)	አከብራችኋል
አከበረ	V;IMP;NOM(1,SG)	አከብራለሁ
አከበረ	V;IMP;NOM(FEM;3,SG)	ታከብራለሁ
አከበረ	V;IMP;NOM(MASC;3,SG)	አከብራለሁ
አከበረ	V;IPFV;NFIN;NOM(3,PL)	አከብራለሁ
አከበረ	V;IPFV;NOM(FEM;2,SG)	አከብራለሁ
አከበረ	V;PFV;NOM(FEM;3,SG)	አከብራለሁ
አከበረ	V;PFV;NOM(MASC;3,SG)	አከብራለሁ
አከበረ	V;PRF;NOM(1,PL)	አከብራችኋል
አከበረ	V;PRF;NOM(2,PL)	አከብራችኋል
አከበረ	V;PRF;NOM(FEM;2,SG)	አከብራለሁ
አከበረ	V;PRF;NOM(MASC;3,SG)	አከብራለሁ
አየ	V.CVB;NOM(1,SG)	አያለሁ
አየ	V.CVB;NOM(FEM;2,SG)	አያለሁ
አየ	V.CVB;NOM(MASC;2,SG)	አያለሁ
አየ	V.CVB;NOM(MASC;3,SG)	አያለሁ
አየ	V;IMP;NOM(1,PL)	እንአያለን
አየ	V;IMP;NOM(MASC;3,SG)	ይአይ
አየ	V;IPFV;NFIN;NOM(FEM;2,SG)	ትአያለሁ
አየ	V;IPFV;NOM(2,PL)	አይታችሁ
አየ	V;IPFV;NOM(FEM;2,SG)	ትአያለሁ
አየ	V;PFV;NOM(1,PL)	አይታችሁ
አየ	V;PFV;NOM(2,PL)	አይታችሁ
አየ	V;PFV;NOM(3,PL)	አይታችሁ
አየ	V;PFV;NOM(FEM;3,SG)	ትአያለሁ
አየ	V;PRF;NOM(FEM;3,SG)	ትአያለሁ
አይጥ	N	አይጥ
አይጥ	N;DEF;MASC	አይጥ
አይጥ	N;DEF;PL	አይጥ
አይጥ	N;PL	አይጥ
አደገ	V.CVB;NOM(2,PL)	አደጋችሁ
አደገ	V.CVB;NOM(FEM;2,SG)	አደግ
አደገ	V.CVB;NOM(FEM;3,SG)	አደግ
አደገ	V.CVB;NOM(MASC;2,SG)	አደግ
አደገ	V;IMP;NOM(FEM;2,SG)	አደግ
አደገ	V;IMP;NOM(MASC;3,SG)	ያደግ
አደገ	V;IPFV;NFIN;NOM(2,PL)	አደግ
አደገ	V;IPFV;NFIN;NOM(MASC;3,SG)	ያደግ
አደገ	V;IPFV;NOM(1,SG)	አደግ
አደገ	V;PFV;NOM(2,PL)	አደጋችሁ
አደገ	V;PRF;NOM(1,PL)	አደጋችሁ
አደገ	V;PRF;NOM(2,PL)	አደጋችሁ
አደገ	V;PRF;NOM(FEM;3,SG)	አደግ
አደገ	V;PRF;NOM(MASC;3,SG)	አደግ
አጠራጠረ	V.CVB;NOM(MASC;3,SG)	አጠራጥር
አጠራጠረ	V.MSDR	አጠራጥር
አጠራጠረ	V;IMP;NOM(MASC;3,SG)	ያጠራጥር
አጠራጠረ	V;IPFV;NFIN;NOM(MASC;3,SG)	ያጠራጥር
አጠራጠረ	V;IPFV;NOM(MASC;3,SG)	ያጠራጥር
አጠራጠረ	V;PFV;NOM(MASC;3,SG)	አጠራጥር
አጠራጠረ	V;PRF;NOM(MASC;3,SG)	አጠራጥር
አጠበ	V.CVB;NOM(MASC;3,SG)	አጠብ
አጠበ	V;IMP;NOM(3,PL)	አጠባችኋል
አጠበ	V;IPFV;NFIN;NOM(1,SG)	አጠብ
አጠበ	V;IPFV;NFIN;NOM(2,PL)	አጠብ
አጠበ	V;IPFV;NOM(FEM;2,SG)	ታጠብ
አጠበ	V;PFV;NOM(1,PL)	አጠባችሁ
አጠበ	V;PFV;NOM(1,SG)	አጠብ
አጠበ	V;PFV;NOM(3,PL)	አጠባችኋል
አጠበ	V;PFV;NOM(FEM;3,SG)	ታጠብ
አጠበ	V;PFV;NOM(MASC;2,SG)	አጠብ
አጠበ	V;PFV;NOM(MASC;3,SG)	አጠብ
አጠበ	V;PRF;NOM(3,PL)	አጠባችኋል
አጠበ	V;PRF;NOM(FEM;2,SG)	አጠባለሁ
አጠበ	V;PRF;NOM(FEM;3,SG)	ታጠብ
እስራኤል	N	እስራኤል
እስራኤል	N;DEF;MASC	እስራኤል
እስራኤል	N;DEF;PL	እስራኤል
እስራኤል	N;PL	እስራኤል
እጥረት	N	እጥረት
እጥረት	N;DEF;MASC	እጥረት
እጥረት	N;DEF;PL	እጥረቶች
እጥረት	N;PL	እጥረቶች
ከፈተ	V.CVB;NOM(1,PL)	ከፍተዋል
ከፈተ	V.CVB;NOM(1,SG)	ከፈት
ከፈተ	V.MSDR	ከፈት
ከፈተ	V;IMP;NOM(2,PL)	ከፍታችሁ
ከፈተ	V;IMP;NOM(FEM;3,SG)	ትከፈት
ከፈተ	V;IPFV;NFIN;NOM(1,SG)	ከፈት
ከፈተ	V;IPFV;NFIN;NOM(MASC;3,SG)	ከፈት
ከፈተ	V;IPFV;NOM(1,PL)	ከፍተዋል
ከፈተ	V;IPFV;NOM(2,PL)	ከፍተዋል
ከፈተ	V;IPFV;NOM(3,PL)	ከፍተዋል
ከፈተ	V;IPFV;NOM(FEM;2,SG)	ከፈት
ከፈተ	V;PFV;NOM(1,PL)	ከፍተዋል
ከፈተ	V;PRF;NOM(1,SG)	ከፈት
ከፈተ	V;PRF;NOM(FEM;2,SG)	ከፈት
ክበብ	N	ክበብ
ክበብ	N;DEF;MASC	ክበብ
ክበብ	N;DEF;PL	ክበብ
ክበብ	N;PL	ክበብ
ክንፍ	N	ክንፍ
ክንፍ	N;DEF;MASC	ክንፍ
ክንፍ	N;PL;PSS(1,PL)	ክንፎቻቸው
ክንፍ	N;PL;PSS(2,PL)	ክንፎቻቸው
ክንፍ	N;PL;PSS(2,SG,FEM)	ክንፎቻቸው
ክንፍ	N;PL;PSS(2,SG,FORM)	ክንፎቻቸው
ክንፍ	N;PL;PSS(2,SG,MASC)	ክንፎቹ
ክንፍ	N;PL;PSS(3,SG,MASC)	ክንፎቻቸው
ክንፍ	N;PSS(1,PL)	ክንፎቹ
ክንፍ	N;PSS(1,SG)	ክንፉ
ክንፍ	N;PSS(2,PL)	ክንፎቹ
ክንፍ	N;PSS(2,SG,FEM)	ክንፎቻቸው
ክንፍ	N;PSS(3,PL)	ክንፎቹ
ክንፍ	N;PSS(3,SG,MASC)	ክንፎቹ
ወረረ	V.CVB;NOM(FEM;2,SG)	ወረር
ወረረ	V.CVB;NOM(FEM;3,SG)	ወረር
ወረረ	V.CVB;NOM(MASC;2,SG)	ወረር
ወረረ	V.CVB;NOM(MASC;3,SG)	ወረር
ወረረ	V.MSDR	ወረረ
ወረረ	V;IPFV;NFIN;NOM(2,PL)	ወረራችሁ
ወረረ	V;IPFV;NFIN;NOM(3,PL)	ወረራችኋል
ወረረ	V;IPFV;NFIN;NOM(FEM;2,SG)	ወረር
ወረረ	V;IPFV;NFIN;NOM(FEM;3,SG)	ወረር
ወረረ	V;IPFV;NFIN;NOM(MASC;3,SG)	ወረር
ወረረ	V;PFV;NOM(1,PL)	ወረራችኋል
ወረረ	V;PFV;NOM(2,PL)	ወረራችኋል
ወረረ	V;PFV;NOM(MASC;2,SG)	ወረር
ወረረ	V;PRF;NOM(MASC;3,SG)	ወረራለሁ
ወደቀ	V.CVB;NOM(1,SG)	ወደቅ
ወደቀ	V.CVB;NOM(3,PL)	ወደቀችኋል
ወደቀ	V;IMP;NOM(MASC;3,SG)	ወድቅ
ወደቀ	V;IPFV;NFIN;NOM(1,PL)	እንወድቅ
ወደቀ	V;IPFV;NFIN;NOM(FEM;3,SG)	ወድቅ
ወደቀ	V;IPFV;NOM(1,PL)	ወድቅ
ወደቀ	V;IPFV;NOM(2,PL)	ወድቅ
ወደቀ	V;IPFV;NOM(FEM;3,SG)	ወድቅ
ወደቀ	V;IPFV;NOM(MASC;2,SG)	ወድቅ
ወደቀ	V;PFV;NOM(2,PL)	ወደቅ
ወደቀ	V;PFV;NOM(MASC;2,SG)	ወደቅ
ወደቀ	V;PRF;NOM(FEM;3,SG)	ወድቅ
ወደቀ	V;PRF;NOM(MASC;2,SG)	ወደቅ
ዕውቀት	N	ዕውቀት
ዕውቀት	N;DEF;MASC	ዕውቀቶቻችሁ
ዕውቀት	N;PL	ዕውቀቶች
ዕውቀት	N;PL;PSS(1,PL)	ዕውቀቶቻችን
ዕውቀት	N;PL;PSS(1,SG)	ዕውቀቶቻችሁ
ዕውቀት	N;PL;PSS(2,PL)	ዕውቀቶቻችን
ዕውቀት	N;PL;PSS(2,SG,MASC)	ዕውቀቶቻችሁ
ዕውቀት	N;PL;PSS(3,PL)	ዕውቀቶቻችን
ዕውቀት	N;PSS(1,PL)	ዕውቀቶቻችን
ዕውቀት	N;PSS(2,PL)	ዕውቀቶቻችን
ዕውቀት	N;PSS(2,SG,FEM)	ዕውቀቶቻችሁ
ዕውቀት	N;PSS(2,SG,FORM)	ዕውቀቶቻችሁ
ዕውቀት	N;PSS(2,SG,MASC)	ዕውቀቶቻችሁ
ዕውቀት	N;PSS(3,SG,MASC)	ዕውቀቶቻችሁ
ዕጣን	N	ዕጣን
ዕጣን	N;DEF;MASC	ዕጣን
ዘመተ	V.CVB;NOM(FEM;2,SG)	ዘመት
ዘመተ	V.CVB;NOM(MASC;3,SG)	ዘመት
ዘመተ	V;IMP;NOM(3,PL)	ዘመታችኋል
ዘመተ	V;IMP;NOM(FEM;3,SG)	ዘመት
ዘመተ	V;IPFV;NFIN;NOM(1,PL)	እንዘመት
ዘመተ	V;IPFV;NFIN;NOM(1,SG)	ዘመት
ዘመተ	V;IPFV;NFIN;NOM(3,PL)	ዘመት
ዘመተ	V;IPFV;NFIN;NOM(FEM;2,SG)	ዘመት
ዘመተ	V;IPFV;NFIN;NOM(FEM;3,SG)	ዘመት
ዘመተ	V;IPFV;NFIN;NOM(MASC;3,SG)	ዘመት
ዘመተ	V;IPFV;NOM(MASC;2,SG)	ዘመት
ዘመተ	V;PFV;NOM(1,SG)	ዘመት
ዘመተ	V;PRF;NOM(2,PL)	ዘመታችኋል
ዘመተ	V;PRF;NOM(FEM;3,SG)	ዘመት
ዘመን	N;DEF;FEM	ዘመን
ዘመን	N;DEF;MASC	ዘመን
ዘመን	N;PL;LGSPEC1;PSS(1,PL)	ዘመኖቻቸው
ዘመን	N;PL;LGSPEC1;PSS(3,PL)	ዘመኖቻቸው
ዘመን	N;PL;LGSPEC1;PSS(3,SG,FEM)	ዘመናችሁ
ዘመን	N;PL;PSS(1,PL)	ዘመኖቻችን
ዘመን	N;PL;PSS(1,SG)	ዘመኖቻቸው
ዘመን	N;PL;PSS(2,PL)	ዘመናቸው
ዘመን	N;PL;PSS(2,SG,FEM)	ዘመኖቻቸው
ዘመን	N;PL;PSS(3,SG,FEM)	ዘመኖቻቸው
ዘመን	N;PL;PSS(3,SG,MASC)	ዘመኖቻቸው
ዘመን	N;PSS(1,SG)	ዘመን
ዞረ	V.CVB;NOM(1,SG)	ዞራለሁ
ዞረ	V.CVB;NOM(2,PL)	ዞራችኋል
ዞረ	V.CVB;NOM(MASC;3,SG)	ዞራለሁ
ዞረ	V.MSDR	ዞር
ዞረ	V;IMP;NOM(FEM;2,SG)	ዞራለሁ
ዞረ	V;IMP;NOM(MASC;3,SG)	ዞራለሁ
ዞረ	V;IPFV;NFIN;NOM(2,PL)	እንዞር
ዞረ	V;IPFV;NFIN;NOM(FEM;2,SG)	ዞራለሁ
ዞረ	V;PFV;NOM(1,SG)	ዞራለሁ
ዞረ	V;PFV;NOM(3,PL)	ዞራችኋል
ዞረ	V;PFV;NOM(MASC;2,SG)	ዞራለሁ
ዞረ	V;PRF;NOM(FEM;2,SG)	ዞራለሁ
ዞረ	V;PRF;NOM(MASC;2,SG)	ዞራለሁ
ዞረ	V;PRF;NOM(MASC;3,SG)	ዞራለሁ
ደመደመ	V.CVB;NOM(1,PL)	ደመደምን
ደመደመ	V.CVB;NOM(1,SG)	ደመደም
ደመደመ	V.CVB;NOM(FEM;2,SG)	ደመደም
ደመደመ	V;IMP;NOM(1,PL)	ደመድም
ደመደመ	V;IMP;NOM(1,SG)	ደመደም
ደመደመ	V;IMP;NOM(FEM;3,SG)	ደመደም
ደመደመ	V;IMP;NOM(MASC;3,SG)	ደመደም
ደመደመ	V;IPFV;NFIN;NOM(2,PL)	ደመደም
ደመደመ	V;IPFV;NOM(1,PL)	ደመደማችሁ
ደመደመ	V;IPFV;NOM(FEM;3,SG)	ደመደም
ደመደመ	V;PFV;NOM(FEM;2,SG)	ደመደም
ደመደመ	V;PFV;NOM(MASC;2,SG)	ደመደም
ደመደመ	V;PRF;NOM(2,PL)	ደመደማችኋል
ደኅንነት	N;DEF;MASC	ደኅንነት
ደኅንነት	N;DEF;PL	ደኅንነቶቻቸው
ደኅንነት	N;PL;PSS(2,PL)	ደኅንነቶቻቸው
ደኅንነት	N;PL;PSS(2,SG,FEM)	ደኅንነቶቻቸው
ደኅንነት	N;PL;PSS(2,SG,MASC)	ደኅንነቶቻቸው
ደኅንነት	N;PL;PSS(3,PL)	ደኅንነቶቻቸው
ደኅንነት	N;PL;PSS(3,SG,FEM)	ደኅንነቶቻቸው
ደኅንነት	N;PL;PSS(3,SG,MASC)	ደኅንነቶቻቸው
ደኅንነት	N;PSS(1,PL)	ደኅንነቶቻቸው
ደኅንነት	N;PSS(1,SG)	ደኅንነቶቻቸው
ደኅንነት	N;PSS(2,SG,FEM)	ደኅንነቶቻቸው
ደኅንነት	N;PSS(3,PL)	ደኅንነቶቻቸው
ደኅንነት	N;PSS(3,SG,FEM)	ደኅንነቶቻቸው
ደኅንነት	N;PSS(3,SG,MASC)	ደኅንነቶቻቸው
ዳር	N	ዳር
ዳር	N;DEF;MASC	ዳራችሁ
ዳር	N;PSS(1,PL)	ዳሮቹ
ዳር	N;PSS(1,SG)	ዳራችሁ
ዳር	N;PSS(2,PL)	ዳሮቹ
ዳር	N;PSS(2,SG,FEM)	ዳራችሁ
ዳር	N;PSS(2,SG,FORM)	ዳሮቹ
ዳር	N;PSS(2,SG,MASC)	ዳሮቹ
ዳር	N;PSS(3,PL)	ዳሮቹ
ዳር	N;PSS(3,SG,FEM)	ዳራችሁ
ዳር	N;PSS(3,SG,MASC)	ዳሮቹ
ድርጅት	N;DEF;MASC	ድርጅቶች
ድርጅት	N;DEF;PL	ድርጅቶች
ድርጅት	N;PL	ድርጅቶች
ድርጅት	N;PL;PSS(1,PL)	ድርጅቶቻችን
ድርጅት	N;PL;PSS(1,SG)	ድርጅቶቻችሁ
ድርጅት	N;PL;PSS(2,PL)	ድርጅቶቻችን
ድርጅት	N;PL;PSS(2,SG,FEM)	ድርጅቶቻችሁ
ድርጅት	N;PL;PSS(2,SG,FORM)	ድርጅቶቻቸው
ድርጅት	N;PL;PSS(3,PL)	ድርጅቶቻችን
ድርጅት	N;PSS(2,PL)	ድርጅቶቻችን
ድርጅት	N;PSS(2,SG,FEM)	ድርጅቶቻችሁ
ድርጅት	N;PSS(3,PL)	ድርጅቶቻችን
ድርጅት	N;PSS(3,SG,FEM)	ድርጅቶቻችሁ
ድርጅት	N;PSS(3,SG,MASC)	ድርጅቶቻችሁ
ድፍረት	N	ድፍረት
ድፍረት	N;DEF;MASC	ድፍረት
ዶክተር	N	ዶክተር
ዶክተር	N;DEF;MASC	ዶክተር
ዶክተር	N;DEF;PL	ዶክተሮች
ዶክተር	N;PL	ዶክተር
ጀግንነት	N	ጀግንነት
ጀግንነት	N;DEF;MASC	ጀግንነት
ጀግንነት	N;PSS(1,PL)	ጀግንነቶቻቸው
ጀግንነት	N;PSS(1,SG)	ጀግንነቶቻቸው
ጀግንነት	N;PSS(2,PL)	ጀግንነቶቻቸው
ጀግንነት	N;PSS(2,SG,FEM)	ጀግንነቶቻቸው
ጀግንነት	N;PSS(2,SG,FORM)	ጀግንነቶቻቸው
ጀግንነት	N;PSS(2,SG,MASC)	ጀግንነቶቻቸው
ጀግንነት	N;PSS(3,PL)	ጀግንነቶቻቸው
ጀግንነት	N;PSS(3,SG,FEM)	ጀግንነቶቻቸው
ጀግንነት	N;PSS(3,SG,MASC)	ጀግንነቶቻቸው
ገዳም	N	ገዳም
ገዳም	N;DEF;MASC	ገዳም
ገዳም	N;DEF;PL	ገዳማችሁ
ገዳም	N;PL	ገዳም
ግሩም	ADJ	ግሩም
ግሩም	ADJ;DEF;FEM	ግሩም
ግሩም	ADJ;DEF;MASC	ግሩም
ግብ	N	ግብ
ግብ	N;DEF;MASC	ግቦችሁ
ግብ	N;DEF;PL	ግቦችሁ
ግብ	N;PL;PSS(1,PL)	ግቦቻቸው
ግብ	N;PL;PSS(2,SG,FEM)	ግቦችሁ
ግብ	N;PL;PSS(2,SG,MASC)	ግቦችሁ
ግብ	N;PL;PSS(3,PL)	ግቦችኋል
ግብ	N;PSS(1,PL)	ግቦችን
ግብ	N;PSS(1,SG)	ግቦችሁ
ግብ	N;PSS(2,PL)	ግቦችኋል
ግብ	N;PSS(2,SG,FEM)	ግቦችሁ
ግብ	N;PSS(2,SG,FORM)	ግቦችሁ
ግብ	N;PSS(2,SG,MASC)	ግቦችሁ
ግብ	N;PSS(3,SG,MASC)	ግቦችሁ
ግብር	N;DEF;MASC	ግብሮች
ግብር	N;DEF;PL	ግብሮቹ
ግብር	N;PL;PSS(1,SG)	ግብሮቹ
ግብር	N;PL;PSS(2,PL)	ግብሮቹ
ግብር	N;PL;PSS(2,SG,MASC)	ግብሮቹ
ግብር	N;PL;PSS(3,SG,FEM)	ግብሮቹ
ግብር	N;PL;PSS(3,SG,MASC)	ግብሮቹ
ግብር	N;PSS(1,PL)	ግብሮቹ
ግብር	N;PSS(2,PL)	ግብሮቹ
ግብር	N;PSS(2,SG,FEM)	ግብሮቹ
ግብር	N;PSS(2,SG,FORM)	ግብሮቹ
ግብር	N;PSS(2,SG,MASC)	ግብሮቹ
ግብር	N;PSS(3,SG,FEM)	ግብሮቹ
ግብር	N;PSS(3,SG,MASC)	ግብሮቹ
ጠላት	N	ጠላት
ጠላት	N;DEF;FEM	ጠላቶቻችሁ
ጠላት	N;DEF;MASC	ጠላቶቻችሁ
ጠላት	N;DEF;PL	ጠላቶቻችሁ
ጠላት	N;PL	ጠላቶች
ጠላት	N;PL;PSS(1,PL)	ጠላቶቻቸው
ጠላት	N;PL;PSS(2,SG,FORM)	ጠላቶቻቸው
ጠላት	N;PL;PSS(2,SG,MASC)	ጠላቶቻቸው
ጠላት	N;PL;PSS(3,SG,FEM)	ጠላቶቻችሁ
ጠላት	N;PSS(1,PL)	ጠላቶቻችን
ጠላት	N;PSS(1,SG)	ጠላቶቻችሁ
ጠላት	N;PSS(2,SG,FEM)	ጠላቶቻችሁ
ጠላት	N;PSS(2,SG,FORM)	ጠላቶቻቸው
ጠላት	N;PSS(3,SG,MASC)	ጠላቶቻችሁ
ጠቆመ	V.CVB;NOM(MASC;2,SG)	ጠቆም
ጠቆመ	V.CVB;NOM(MASC;3,SG)	ጠቆም
ጠቆመ	V;IMP;NOM(1,PL)	እንጠቆም
ጠቆመ	V;IMP;NOM(3,PL)	ይጠቆም
ጠቆመ	V;IPFV;NFIN;NOM(1,SG)	እንጠቆም
ጠቆመ	V;IPFV;NFIN;NOM(MASC;3,SG)	ይጠቆም
ጠቆመ	V;IPFV;NOM(1,PL)	እንጠቆም
ጠቆመ	V;IPFV;NOM(1,SG)	እንጠቆም
ጠቆመ	V;IPFV;NOM(3,PL)	ይጠቆም
ጠቆመ	V;IPFV;NOM(MASC;3,SG)	ይጠቆም
ጠቆመ	V;PFV;NOM(1,PL)	እንጠቆማችሁ
ጠቆመ	V;PFV;NOM(1,SG)	ጠቆም
ጠቆመ	V;PRF;NOM(3,PL)	ጠቆምን
ጠቆመ	V;PRF;NOM(FEM;3,SG)	ትጠቆም
ጣሰ	V.CVB;NOM(FEM;2,SG)	ጣሳችሁ
ጣሰ	V.CVB;NOM(MASC;2,SG)	ጣሳችሁ
ጣሰ	V;IMP;NOM(MASC;2,SG)	ጣስ
ጣሰ	V;IMP;NOM(MASC;3,SG)	ይጣስ
ጣሰ	V;IPFV;NFIN;NOM(1,PL)	እንጣስ
ጣሰ	V;IPFV;NFIN;NOM(3,PL)	ይጣስ
ጣሰ	V;IPFV;NFIN;NOM(MASC;2,SG)	ጣስ
ጣሰ	V;IPFV;NOM(1,PL)	እንጣሳችኋል
ጣሰ	V;IPFV;NOM(3,PL)	ይጣስ
ጣሰ	V;IPFV;NOM(FEM;2,SG)	ጣስ
ጣሰ	V;IPFV;NOM(MASC;3,SG)	ይጣስ
ጣሰ	V;PFV;NOM(MASC;3,SG)	ጣስ
ጣሰ	V;PRF;NOM(1,PL)	እንጣሳችኋል
ጣፋጭ	ADJ	ጣፋጮ
ጣፋጭ	ADJ;DEF;FEM	ጣፋጮ
ጣፋጭ	ADJ;DEF;MASC	ጣፋጮ
ጣፋጭ	ADJ;DEF;PL	ጣፋጫችሁ
ጣፋጭ	ADJ;PL	ጣፋጫችሁ
ጥቅስ	N	ጥቅስ
ጥቅስ	N;DEF;MASC	ጥቅሶ
ጥቅስ	N;DEF;PL	ጥቅሶች
ጥቅስ	N;PL	ጥቅሶች
ጥብቅ	ADJ	ጥብቅ
ጥብቅ	ADJ;DEF;FEM	ጥብቅ
ጥብቅ	ADJ;DEF;MASC	ጥብቅ
ጥብቅ	ADJ;DEF;PL	ጥብቅ
ጥብቅ	ADJ;PL	ጥብቅ
ጭንቀት	N	ጭንቀት
ጭንቀት	N;DEF;MASC	ጭንቀት
ጭንቀት	N;PSS(1,PL)	ጭንቀቶቻችን
ጭንቀት	N;PSS(1,SG)	ጭንቀቶቻችሁ
ጭንቀት	N;PSS(2,PL)	ጭንቀቶቻችን
ጭንቀት	N;PSS(2,SG,FEM)	ጭንቀቶቻችሁ
ጭንቀት	N;PSS(2,SG,FORM)	ጭንቀቶቻችሁ
ጭንቀት	N;PSS(2,SG,MASC)	ጭንቀቶቻችሁ
ጭንቀት	N;PSS(3,PL)	ጭንቀቶቻችን
ጭንቀት	N;PSS(3,SG,FEM)	ጭንቀቶቻችሁ
ጭንቀት	N;PSS(3,SG,MASC)	ጭንቀቶቻችሁ
ጸደቀ	V.CVB;NOM(MASC;3,SG)	ጸደቅ
ጸደቀ	V.MSDR	ጸደቀ
ጸደቀ	V;IMP;NOM(MASC;3,SG)	ይጸድቅ
ጸደቀ	V;IPFV;NFIN;NOM(MASC;3,SG)	ይጸድቅ
ጸደቀ	V;IPFV;NOM(MASC;3,SG)	ይጸድቅ
ጸደቀ	V;PFV;NOM(MASC;3,SG)	ጸደቅ
ጸደቀ	V;PRF;NOM(MASC;3,SG)	ጸደቅ
ፕላኔት	N	ፕላኔቶች
ፕላኔት	N;DEF;FEM	ፕላኔቶች
ፕላኔት	N;DEF;MASC	ፕላኔቶች
ፕላኔት	N;DEF;PL	ፕላኔቶች
ፕሬስ	N	ፕሬሶ
ፕሬስ	N;DEF;MASC	ፕሬሶ
ፕሬስ	N;DEF;PL	ፕሬሶች
ፕሬስ	N;PL	ፕሬሶች
accuracy:0.093