ሀብታም	ADJ	ሀብታም
ሀብታም	ADJ;DEF;FEM	ሀብታም
ሀብታም	ADJ;DEF;MASC	ሀብታም
ሀብታም	ADJ;DEF;PL	ሀብታም
ሀብታም	ADJ;PL	ሀብታም
ሆነ	V.CVB;NOM(1,PL)	ሆነችሁ
ሆነ	V.CVB;NOM(2,PL)	ሆነችኋል
ሆነ	V.CVB;NOM(MASC;2,SG)	ሆን
ሆነ	V.MSDR	ሆን
ሆነ	V;IMP;NOM(1,PL)	ሆን
ሆነ	V;IMP;NOM(1,SG)	ሆን
ሆነ	V;IMP;NOM(MASC;2,SG)	ሆን
ሆነ	V;IPFV;NFIN;NOM(MASC;3,SG)	ትሆን
ሆነ	V;IPFV;NOM(1,PL)	ሆን
ሆነ	V;IPFV;NOM(1,SG)	ሆን
ሆነ	V;IPFV;NOM(MASC;2,SG)	ሆን
ሆነ	V;IPFV;NOM(MASC;3,SG)	ሆን
ሆነ	V;PFV;NOM(3,PL)	ሆነችኋል
ሆነ	V;PRF;NOM(1,PL)	እንሆን
ለማኝ	N	ለማኝ
ለማኝ	N;DEF;MASC	ለማኝ
ለማኝ	N;DEF;PL	ለማኝ
ለማኝ	N;PL	ለማኝ
ልል	ADJ	ልል
ልል	ADJ;DEF;FEM	ልሉ
ልል	ADJ;DEF;MASC	ልሉ
ልሳን	N	ልሳን
ልሳን	N;DEF;MASC	ልሳን
ልሳን	N;DEF;PL	ልሳን
ልሳን	N;PL	ልሳን
ሐይማኖት	N	ሐይማኖት
ሐይማኖት	N;DEF;MASC	ሐይማኖቶች
ሐይማኖት	N;PL	ሐይማኖቶች
ሐይማኖት	N;PL;PSS(1,PL)	ሐይማኖቶቻቸው
ሐይማኖት	N;PL;PSS(1,SG)	ሐይማኖቶቻቸው
ሐይማኖት	N;PL;PSS(2,SG,FEM)	ሐይማኖቶቻቸው
ሐይማኖት	N;PL;PSS(2,SG,MASC)	ሐይማኖቶቻቸው
ሐይማኖት	N;PSS(1,PL)	ሐይማኖቶቻቸው
ሐይማኖት	N;PSS(1,SG)	ሐይማኖቶቻቸው
ሐይማኖት	N;PSS(2,SG,FORM)	ሐይማኖቶቻቸው
ሐይማኖት	N;PSS(2,SG,MASC)	ሐይማኖቶቻቸው
ሐይማኖት	N;PSS(3,SG,MASC)	ሐይማኖቶቻቸው
መስቀል	N	መስቀል
መስቀል	N;DEF;PL	መስቀሉ
መስቀል	N;PL;PSS(1,PL)	መስቀልን
መስቀል	N;PL;PSS(2,PL)	መስቀልን
መስቀል	N;PL;PSS(2,SG,MASC)	መስቀሉ
መስቀል	N;PL;PSS(3,SG,FEM)	መስቀሉ
መስቀል	N;PL;PSS(3,SG,MASC)	መስቀሉ
መስቀል	N;PSS(1,SG)	መስቀሉ
መስቀል	N;PSS(2,PL)	መስቀልን
መስቀል	N;PSS(2,SG,FEM)	መስቀሉ
መስቀል	N;PSS(2,SG,FORM)	መስቀሉ
መስቀል	N;PSS(2,SG,MASC)	መስቀሉ
መስቀል	N;PSS(3,SG,FEM)	መስቀሉ
መስቀል	N;PSS(3,SG,MASC)	መስቀሉ
መስዋዕት	N	መስዋዕት
መስዋዕት	N;DEF;MASC;LGSPEC1	መስዋዕቶች
መስዋዕት	N;LGSPEC1;PSS(1,SG)	መስዋዕቶቻቸው
መስዋዕት	N;LGSPEC1;PSS(2,PL)	መስዋዕቶቻቸው
መስዋዕት	N;LGSPEC1;PSS(2,SG,FEM)	መስዋዕቶቻቸው
መስዋዕት	N;LGSPEC1;PSS(2,SG,MASC)	መስዋዕቶቻቸው
መስዋዕት	N;LGSPEC1;PSS(3,SG,FEM)	መስዋዕቶቻቸው
መስዋዕት	N;PSS(1,PL)	መስዋዕቶችን
መስዋዕት	N;PSS(1,SG)	መስዋዕቶቻቸው
መስዋዕት	N;PSS(2,PL)	መስዋዕቶቹ
መስዋዕት	N;PSS(2,SG,MASC)	መስዋዕቶቹ
መስዋዕት	N;PSS(3,SG,FEM)	መስዋዕቶቹ
መስዋዕት	N;PSS(3,SG,MASC)	መስዋዕቶቹ
መከር	N	መከር
መከር	N;DEF;MASC	መከር
መከር	N;PSS(1,PL)	መከራችኋል
መከር	N;PSS(1,SG)	መከራችሁ
መከር	N;PSS(2,PL)	መከራችኋል
መከር	N;PSS(2,SG,FEM)	መከራችሁ
መከር	N;PSS(2,SG,FORM)	መከራችሁ
መከር	N;PSS(2,SG,MASC)	መከራችሁ
መከር	N;PSS(3,PL)	መከራችኋል
መከር	N;PSS(3,SG,FEM)	መከራችሁ
መከር	N;PSS(3,SG,MASC)	መከራችሁ
መድፍ	N;DEF;MASC	መድፉ
መድፍ	N;DEF;PL	መድፉ
መድፍ	N;PL	መድፉ
መፅሐፍ	N;DEF;MASC	መፅሐፉ
መፅሐፍ	N;DEF;PL	መፅሐፉ
መፅሐፍ	N;PL;PSS(1,PL)	መፅሐፎችን
መፅሐፍ	N;PL;PSS(2,SG,FEM)	መፅሐፉ
መፅሐፍ	N;PL;PSS(2,SG,FORM)	መፅሐፉ
መፅሐፍ	N;PL;PSS(3,PL)	መፅሐፎችን
መፅሐፍ	N;PL;PSS(3,SG,FEM)	መፅሐፉ
መፅሐፍ	N;PSS(1,PL)	መፅሐፎችን
መፅሐፍ	N;PSS(1,SG)	መፅሐፉ
መፅሐፍ	N;PSS(2,PL)	መፅሐፎችን
መፅሐፍ	N;PSS(2,SG,FEM)	መፅሐፉ
መፅሐፍ	N;PSS(2,SG,MASC)	መፅሐፉ
መፅሐፍ	N;PSS(3,PL)	መፅሐፎችን
መፅሐፍ	N;PSS(3,SG,FEM)	መፅሐፉ
ሚስት	N;DEF;PL	ሚስቶቻቸው
ሚስት	N;PL	ሚስታችሁ
ሚስት	N;PL;PSS(1,PL)	ሚስቶቻቸው
ሚስት	N;PL;PSS(1,SG)	ሚስቶቻቸው
ሚስት	N;PL;PSS(2,PL)	ሚስቶቻቸው
ሚስት	N;PL;PSS(2,SG,FEM)	ሚስቶቻቸው
ሚስት	N;PL;PSS(2,SG,FORM)	ሚስቶቻቸው
ሚስት	N;PL;PSS(2,SG,MASC)	ሚስቶቻቸው
ሚስት	N;PL;PSS(3,PL)	ሚስቶቻቸው
ሚስት	N;PSS(1,PL)	ሚስቶቻቸው
ሚስት	N;PSS(1,SG)	ሚስቶቻቸው
ሚስት	N;PSS(2,PL)	ሚስቶቻቸው
ሚስት	N;PSS(2,SG,FORM)	ሚስቶቻቸው
ሚስት	N;PSS(3,SG,MASC)	ሚስቶቻቸው
ሚኒስትር	N;DEF;FEM;LGSPEC1	ሚኒስትሮ
ሚኒስትር	N;DEF;MASC	ሚኒስትሮ
ሚኒስትር	N;DEF;PL	ሚኒስትራችሁ
ሚኒስትር	N;PL	ሚኒስትሮች
ሚኒስትር	N;PL;PSS(1,PL)	ሚኒስትሮችን
ሚኒስትር	N;PL;PSS(1,SG)	ሚኒስትሮችሁ
ሚኒስትር	N;PL;PSS(2,PL)	ሚኒስትሮችን
ሚኒስትር	N;PL;PSS(2,SG,MASC)	ሚኒስትሮችሁ
ሚኒስትር	N;PL;PSS(3,PL)	ሚኒስትሮችን
ሚኒስትር	N;PL;PSS(3,SG,MASC)	ሚኒስትሮችሁ
ሚኒስትር	N;PSS(1,PL)	ሚኒስትሮችን
ሚኒስትር	N;PSS(2,PL)	ሚኒስትሮችን
ሚኒስትር	N;PSS(2,SG,FEM)	ሚኒስትሮችሁ
ሚኒስትር	N;PSS(3,SG,FEM)	ሚኒስትሮችሁ
ማህጸን	N	ማህጸን
ማህጸን	N;DEF;MASC	ማህጽን
ማህጸን	N;PSS(1,PL)	ማህጸንታችን
ማህጸን	N;PSS(1,SG)	ማህጸን
ማህጸን	N;PSS(2,PL)	ማህጸንታችን
ማህጸን	N;PSS(2,SG,FEM)	ማህጽን
ማህጸን	N;PSS(2,SG,FORM)	ማህጽን
ማህጸን	N;PSS(2,SG,MASC)	ማህጸን
ማህጸን	N;PSS(3,PL)	ማህጸንታችን
ማህጸን	N;PSS(3,SG,FEM)	ማህጸን
ማህጸን	N;PSS(3,SG,MASC)	ማህጸን
ማረ	V.CVB;NOM(2,PL)	ማርታችሁ
ማረ	V.CVB;NOM(3,PL)	ማርታችኋል
ማረ	V;IMP;NOM(1,PL)	ማርታችኋል
ማረ	V;IMP;NOM(FEM;2,SG)	ማር
ማረ	V;IPFV;NFIN;NOM(2,PL)	እንማር
ማረ	V;IPFV;NFIN;NOM(FEM;3,SG)	ትማር
ማረ	V;IPFV;NFIN;NOM(MASC;3,SG)	ትማር
ማረ	V;IPFV;NOM(1,SG)	ማር
ማረ	V;IPFV;NOM(2,PL)	ማረን
ማረ	V;IPFV;NOM(FEM;2,SG)	ማር
ማረ	V;PFV;NOM(1,SG)	ማርሽ
ማረ	V;PFV;NOM(MASC;3,SG)	ማር
ማረ	V;PRF;NOM(1,PL)	ማርታችኋል
ማረ	V;PRF;NOM(MASC;2,SG)	ማርሽ
ማእበል	N	ማእበል
ማእበል	N;DEF;MASC	ማእበል
ማእበል	N;DEF;PL	ማእበል
ማእበል	N;PL	ማእበል
ምርት	N	ምርት
ምርት	N;DEF;MASC	ምርቶች
ምርት	N;DEF;PL	ምርቶቻቸው
ምርት	N;PL	ምርቶች
ምርት	N;PL;PSS(1,SG)	ምርቶቻቸው
ምርት	N;PL;PSS(2,PL)	ምርቶቻቸው
ምርት	N;PL;PSS(2,SG,FORM)	ምርቶቻቸው
ምርት	N;PL;PSS(2,SG,MASC)	ምርቶቻቸው
ምርት	N;PL;PSS(3,PL)	ምርቶቻቸው
ምርት	N;PL;PSS(3,SG,MASC)	ምርቶቻቸው
ምርት	N;PSS(1,PL)	ምርቶችን
ምርት	N;PSS(2,SG,FORM)	ምርቶቻቸው
ምርት	N;PSS(3,PL)	ምርቶችን
ምርት	N;PSS(3,SG,MASC)	ምርቶቻቸው
ምርጥ	N	ምርጥ
ምርጥ	N;DEF;MASC	ምርጥ
ምርጥ	N;PL	ምርጥ
ሣጥን	N	ሣጥን
ሣጥን	N;DEF;MASC	ሣጥን
ሣጥን	N;DEF;PL	ሣጥን
ሣጥን	N;PL	ሣጥን
ሣጥን	N;PL;PSS(1,PL)	ሣጥኖቻቸው
ሣጥን	N;PL;PSS(1,SG)	ሣጥኖቻቸው
ሣጥን	N;PL;PSS(2,PL)	ሣጥኖቻቸው
ሣጥን	N;PL;PSS(2,SG,FEM)	ሣጥኖችሁ
ሣጥን	N;PL;PSS(2,SG,MASC)	ሣጥኖቻቸው
ሣጥን	N;PL;PSS(3,PL)	ሣጥኖቻቸው
ሣጥን	N;PSS(1,SG)	ሣጥኖቻቸው
ሣጥን	N;PSS(2,SG,FEM)	ሣጥኖችሁ
ሣጥን	N;PSS(2,SG,FORM)	ሣጥኖችሁ
ሣጥን	N;PSS(3,SG,FEM)	ሣጥኖችሁ
ረገጠ	V.CVB;NOM(1,SG)	ረግጥ
ረገጠ	V.CVB;NOM(2,PL)	ረግጥናል
ረገጠ	V.CVB;NOM(FEM;3,SG)	ረግጥ
ረገጠ	V.CVB;NOM(MASC;3,SG)	ረግጥ
ረገጠ	V;IMP;NOM(1,SG)	ረግጥ
ረገጠ	V;IMP;NOM(2,PL)	ረግጥን
ረገጠ	V;IMP;NOM(MASC;2,SG)	ረግጥ
ረገጠ	V;IPFV;NFIN;NOM(FEM;2,SG)	ረግጥ
ረገጠ	V;IPFV;NOM(2,PL)	ረግጥን
ረገጠ	V;PFV;NOM(1,SG)	ረግጥ
ረገጠ	V;PFV;NOM(3,PL)	ረግጥን
ረገጠ	V;PRF;NOM(1,PL)	ረግጥን
ረገጠ	V;PRF;NOM(1,SG)	ረግጥ
ረገጠ	V;PRF;NOM(FEM;3,SG)	ረግጥ
ርቀት	N	ርቀት
ርቀት	N;DEF;MASC	ርቀት
ርቀት	N;DEF;PL	ርቀታችሁ
ርቀት	N;PL	ርቀታችሁ
ሰሞን	N	ሰሞን
ሰሞን	N;DEF;MASC	ሰሞን
ሰሞን	N;PSS(1,PL)	ሰሞኖቻቸው
ሰሞን	N;PSS(1,SG)	ሰሞን
ሰሞን	N;PSS(2,PL)	ሰሞኖቻቸው
ሰሞን	N;PSS(2,SG,FEM)	ሰሞን
ሰሞን	N;PSS(2,SG,FORM)	ሰሞን
ሰሞን	N;PSS(2,SG,MASC)	ሰሞን
ሰሞን	N;PSS(3,PL)	ሰሞኖቻቸው
ሰሞን	N;PSS(3,SG,FEM)	ሰሞን
ሰሞን	N;PSS(3,SG,MASC)	ሰሞን
ሱቅ	N;DEF;MASC	ሱቅ
ሱቅ	N;PL	ሱቅ
ሱቅ	N;PL;PSS(1,SG)	ሱቅሽ
ሱቅ	N;PL;PSS(2,SG,FEM)	ሱቅሽ
ሱቅ	N;PL;PSS(2,SG,FORM)	ሱቅሽ
ሱቅ	N;PL;PSS(3,PL)	ሱቅታችኋል
ሱቅ	N;PL;PSS(3,SG,FEM)	ሱቅሽ
ሱቅ	N;PL;PSS(3,SG,MASC)	ሱቅሽ
ሱቅ	N;PSS(1,PL)	ሱቅን
ሱቅ	N;PSS(2,PL)	ሱቅታችኋል
ሱቅ	N;PSS(2,SG,FEM)	ሱቅሽ
ሱቅ	N;PSS(2,SG,FORM)	ሱቅሽ
ሱቅ	N;PSS(2,SG,MASC)	ሱቅሽ
ሱቅ	N;PSS(3,SG,MASC)	ሱቅሽ
ሳጥን	N	ሳጥን
ሳጥን	N;DEF;MASC	ሳጥን
ሳጥን	N;PL	ሳጥን
ሳጥን	N;PL;PSS(1,PL)	ሳጥኖቻቸው
ሳጥን	N;PL;PSS(2,PL)	ሳጥኖቻቸው
ሳጥን	N;PL;PSS(2,SG,FEM)	ሳጥኖቻቸው
ሳጥን	N;PL;PSS(2,SG,MASC)	ሳጥኖቻቸው
ሳጥን	N;PL;PSS(3,PL)	ሳጥኖቻቸው
ሳጥን	N;PL;PSS(3,SG,FEM)	ሳጥኖቻቸው
ሳጥን	N;PL;PSS(3,SG,MASC)	ሳጥኖቻቸው
ሳጥን	N;PSS(2,SG,FEM)	ሳጥኖቻቸው
ሳጥን	N;PSS(2,SG,FORM)	ሳጥኖቻቸው
ሳጥን	N;PSS(2,SG,MASC)	ሳጥኖቻቸው
ሳጥን	N;PSS(3,PL)	ሳጥኖቻቸው
ስልት	N;DEF;MASC	ስልቶች
ስልት	N;DEF;PL	ስልቶቻቸው
ስልት	N;PL	ስልታችሁ
ስልት	N;PL;PSS(2,PL)	ስልቶቻቸው
ስልት	N;PL;PSS(2,SG,FEM)	ስልቶቻቸው
ስልት	N;PL;PSS(3,SG,FEM)	ስልቶቻቸው
ስልት	N;PL;PSS(3,SG,MASC)	ስልቶቻቸው
ስልት	N;PSS(1,PL)	ስልቶችን
ስልት	N;PSS(1,SG)	ስልቶቻቸው
ስልት	N;PSS(2,SG,FORM)	ስልቶቻቸው
ስልት	N;PSS(2,SG,MASC)	ስልቶቻቸው
ስልት	N;PSS(3,PL)	ስልቶችን
ስልት	N;PSS(3,SG,FEM)	ስልቶቻቸው
ስልት	N;PSS(3,SG,MASC)	ስልቶቻቸው
ስም	N	ስም
ስም	N;DEF;MASC	ስማችሁ
ስም	N;DEF;PL	ስማችሁ
ስም	N;PL;PSS(1,PL)	ስማችን
ስም	N;PL;PSS(1,SG)	ስማችሁ
ስም	N;PL;PSS(2,SG,FEM)	ስማችሁ
ስም	N;PL;PSS(2,SG,MASC)	ስማችሁ
ስም	N;PL;PSS(3,SG,FEM)	ስማችሁ
ስም	N;PL;PSS(3,SG,MASC)	ስማችሁ
ስም	N;PSS(2,PL)	ስማችኋል
ስም	N;PSS(2,SG,FORM)	ስማችሁ
ስም	N;PSS(2,SG,MASC)	ስማችሁ
ስም	N;PSS(3,SG,FEM)	ስማችሁ
ስም	N;PSS(3,SG,MASC)	ስማችሁ
ስብሀት	N	ስብሀት
ስብሀት	N;DEF;MASC	ስብሀት
ስጋት	N	ስጋት
ስጋት	N;DEF;MASC	ስጋቶች
ስጋት	N;PL	ስጋቶቻችሁ
ስጋት	N;PL;PSS(2,SG,FORM)	ስጋቶቻቸው
ስጋት	N;PL;PSS(3,SG,FEM)	ስጋቶቻቸው
ስጋት	N;PL;PSS(3,SG,MASC)	ስጋቶቻቸው
ስጋት	N;PSS(1,PL)	ስጋቶቻቸው
ስጋት	N;PSS(2,PL)	ስጋቶቻቸው
ስጋት	N;PSS(2,SG,FEM)	ስጋቶቻችሁ
ስጋት	N;PSS(2,SG,MASC)	ስጋቶቻቸው
ስጋት	N;PSS(3,PL)	ስጋቶቻቸው
ስጋት	N;PSS(3,SG,MASC)	ስጋቶቻቸው
ሸክም	N	ሸክም
ሸክም	N;DEF;MASC	ሸክም
ሸክም	N;PSS(1,PL)	ሸክማችን
ሸክም	N;PSS(1,SG)	ሸክማችሁ
ሸክም	N;PSS(2,PL)	ሸክማችን
ሸክም	N;PSS(2,SG,FEM)	ሸክማችሁ
ሸክም	N;PSS(2,SG,FORM)	ሸክማችሁ
ሸክም	N;PSS(2,SG,MASC)	ሸክማችሁ
ሸክም	N;PSS(3,PL)	ሸክማችን
ሸክም	N;PSS(3,SG,FEM)	ሸክማችሁ
ሸክም	N;PSS(3,SG,MASC)	ሸክማችሁ
ቀረና	V.CVB;NOM(MASC;3,SG)	ቀረናለሁ
ቀረና	V.MSDR	ቀረና
ቀረና	V;IMP;NOM(MASC;3,SG)	ቀረናለሁ
ቀረና	V;IPFV;NFIN;NOM(MASC;3,SG)	ቀረና
ቀረና	V;IPFV;NOM(MASC;3,SG)	ቀረናለሁ
ቀረና	V;PFV;NOM(MASC;3,SG)	ቀረናለሁ
ቀረና	V;PRF;NOM(MASC;3,SG)	ቀረናለሁ
ቀሰቀሰ	V.CVB;NOM(MASC;3,SG)	ቀሰቀስ
ቀሰቀሰ	V.MSDR	ቀሰቀስ
ቀሰቀሰ	V;IMP;NOM(MASC;3,SG)	ቀስቀስ
ቀሰቀሰ	V;IPFV;NFIN;NOM(MASC;3,SG)	ቀስቀስ
ቀሰቀሰ	V;IPFV;NOM(MASC;3,SG)	ቀሰቀስ
ቀሰቀሰ	V;PFV;NOM(MASC;3,SG)	ቀሰቀስ
ቀሰቀሰ	V;PRF;NOM(MASC;3,SG)	ቀሰቀስ
ቅርጽ	N	ቅርጽ
ቅርጽ	N;DEF;MASC	ቅርጽ
ቅርጽ	N;PL;PSS(1,SG)	ቅርጾችሁ
ቅርጽ	N;PL;PSS(2,PL)	ቅርጾችን
ቅርጽ	N;PL;PSS(2,SG,FEM)	ቅርጾችሁ
ቅርጽ	N;PL;PSS(2,SG,FORM)	ቅርጾችሁ
ቅርጽ	N;PL;PSS(2,SG,MASC)	ቅርጾችሁ
ቅርጽ	N;PL;PSS(3,SG,FEM)	ቅርጾችሁ
ቅርጽ	N;PSS(1,PL)	ቅርጾችን
ቅርጽ	N;PSS(1,SG)	ቅርጾችሁ
ቅርጽ	N;PSS(2,PL)	ቅርጾችን
ቅርጽ	N;PSS(2,SG,FEM)	ቅርጾችሁ
ቅርጽ	N;PSS(2,SG,FORM)	ቅርጾችሁ
ቅርጽ	N;PSS(3,SG,MASC)	ቅርጾችሁ
ቆመ	V.CVB;NOM(1,SG)	ቆምሽ
ቆመ	V;IMP;NOM(1,PL)	እንቆም
ቆመ	V;IMP;NOM(2,PL)	ቆምን
ቆመ	V;IPFV;NFIN;NOM(2,PL)	ቆምን
ቆመ	V;IPFV;NFIN;NOM(3,PL)	ቆምን
ቆመ	V;IPFV;NFIN;NOM(FEM;3,SG)	ቆም
ቆመ	V;IPFV;NOM(1,PL)	እንቆም
ቆመ	V;IPFV;NOM(2,PL)	ቆምን
ቆመ	V;IPFV;NOM(FEM;2,SG)	ቆም
ቆመ	V;PFV;NOM(1,PL)	ቆምን
ቆመ	V;PFV;NOM(2,PL)	ቆምን
ቆመ	V;PFV;NOM(MASC;3,SG)	ቆም
ቆመ	V;PRF;NOM(1,SG)	ቆምን
ቆመ	V;PRF;NOM(MASC;2,SG)	ቆም
ቆጠረ	V.CVB;NOM(FEM;3,SG)	ቆጥራለሁ
ቆጠረ	V;IMP;NOM(1,SG)	ቆጥር
ቆጠረ	V;IMP;NOM(2,PL)	ቆጥራለን
ቆጠረ	V;IMP;NOM(3,PL)	ቆጥራችሁ
ቆጠረ	V;IPFV;NFIN;NOM(MASC;2,SG)	ቆጥራለሁ
ቆጠረ	V;IPFV;NOM(1,SG)	ቆጥራለሁ
ቆጠረ	V;IPFV;NOM(3,PL)	ቆጥራችሁ
ቆጠረ	V;IPFV;NOM(FEM;3,SG)	ቆጥር
ቆጠረ	V;PFV;NOM(1,SG)	ቆጥራለሁ
ቆጠረ	V;PFV;NOM(FEM;2,SG)	ቆጥራለሁ
ቆጠረ	V;PFV;NOM(FEM;3,SG)	ቆጥራለሁ
ቆጠረ	V;PRF;NOM(1,PL)	ቆጥራለን
ቆጠረ	V;PRF;NOM(1,SG)	ቆጥራለሁ
ቆጠረ	V;PRF;NOM(FEM;2,SG)	ቆጥራለሁ
በድን	N	በድን
በድን	N;DEF;MASC	በድን
በድን	N;PL;PSS(1,SG)	በድኖቻችሁ
በድን	N;PL;PSS(2,PL)	በድኖቻቸው
በድን	N;PL;PSS(2,SG,FORM)	በድኖቻቸው
በድን	N;PL;PSS(2,SG,MASC)	በድኖቻችሁ
በድን	N;PL;PSS(3,PL)	በድኖቻቸው
በድን	N;PL;PSS(3,SG,FEM)	በድኖቻችሁ
በድን	N;PL;PSS(3,SG,MASC)	በድኖቻቸው
በድን	N;PSS(1,PL)	በድኖቻችን
በድን	N;PSS(1,SG)	በድኖችሁ
በድን	N;PSS(3,SG,FEM)	በድኖችሁ
በድን	N;PSS(3,SG,MASC)	በድኖቻችሁ
ብረት	N	ብረት
ብረት	N;DEF;MASC	ብረት
ብረት	N;DEF;PL	ብረታችሁ
ብረት	N;PL	ብረታችሁ
ተሰባሰበ	V.CVB;NOM(MASC;3,SG)	ተሰባስብ
ተሰባሰበ	V.MSDR	ተሰባሰብ
ተሰባሰበ	V;IMP;NOM(MASC;3,SG)	ተሰባስብ
ተሰባሰበ	V;IPFV;NFIN;NOM(MASC;3,SG)	ተሰባስብ
ተሰባሰበ	V;IPFV;NOM(MASC;3,SG)	ተሰባስብ
ተሰባሰበ	V;PFV;NOM(MASC;3,SG)	ተሰባስብ
ተሰባሰበ	V;PRF;NOM(MASC;3,SG)	ተሰባስብ
ተስተካከለ	V.CVB;NOM(MASC;3,SG)	ተስተካከል
ተስተካከለ	V.MSDR	ተስተካከል
ተስተካከለ	V;IMP;NOM(MASC;3,SG)	ተስተካከል
ተስተካከለ	V;IPFV;NFIN;NOM(MASC;3,SG)	ተስተካከል
ተስተካከለ	V;IPFV;NOM(MASC;3,SG)	ተስተካከል
ተስተካከለ	V;PFV;NOM(MASC;3,SG)	ተስተካከል
ተስተካከለ	V;PRF;NOM(MASC;3,SG)	ተስተካከል
ተቀበለ	V.CVB;NOM(1,PL)	ተቀበላችኋል
ተቀበለ	V.CVB;NOM(2,PL)	ተቀበላችኋል
ተቀበለ	V.CVB;NOM(3,PL)	ተቀበላችኋል
ተቀበለ	V.CVB;NOM(MASC;3,SG)	ተቀበል
ተቀበለ	V;IMP;NOM(1,SG)	ተቀበል
ተቀበለ	V;IMP;NOM(3,PL)	ተቀበላችኋል
ተቀበለ	V;IPFV;NFIN;NOM(1,PL)	እንቀበል
ተቀበለ	V;IPFV;NFIN;NOM(2,PL)	ተቀበል
ተቀበለ	V;IPFV;NFIN;NOM(MASC;2,SG)	ተቀበል
ተቀበለ	V;IPFV;NOM(3,PL)	ተቀበላችኋል
ተቀበለ	V;IPFV;NOM(MASC;3,SG)	ተቀበል
ተቀበለ	V;PFV;NOM(1,PL)	እንቀበላችሁ
ተቀበለ	V;PRF;NOM(2,PL)	ተቀበላችኋል
ተቀበለ	V;PRF;NOM(FEM;2,SG)	ተቀበል
ተቻለ	V.CVB;NOM(MASC;3,SG)	ተቻል
ተቻለ	V.MSDR	ተቻል
ተቻለ	V;IMP;NOM(MASC;3,SG)	ተቻል
ተቻለ	V;IPFV;NFIN;NOM(MASC;3,SG)	ተቻል
ተቻለ	V;IPFV;NOM(MASC;3,SG)	ተቻል
ተቻለ	V;PFV;NOM(MASC;3,SG)	ተቻል
ተቻለ	V;PRF;NOM(MASC;3,SG)	ተቻል
ተንገላታ	V.CVB;NOM(3,PL)	ተንገላታችሁ
ተንገላታ	V.CVB;NOM(FEM;3,SG)	ተንገላታችሁ
ተንገላታ	V;IMP;NOM(1,SG)	ተንገላታችሁ
ተንገላታ	V;IMP;NOM(2,PL)	ተንገላታችሁ
ተንገላታ	V;IMP;NOM(FEM;3,SG)	ተንገላታ
ተንገላታ	V;IMP;NOM(MASC;2,SG)	ተንገላታለሁ
ተንገላታ	V;IPFV;NFIN;NOM(FEM;2,SG)	ተንገላታ
ተንገላታ	V;IPFV;NFIN;NOM(MASC;3,SG)	ተንገላታ
ተንገላታ	V;PFV;NOM(1,SG)	ተንገላታችሁ
ተንገላታ	V;PFV;NOM(2,PL)	ተንገላታችሁ
ተንገላታ	V;PFV;NOM(3,PL)	ተንገላታችሁ
ተንገላታ	V;PFV;NOM(FEM;2,SG)	ተንገላታችሁ
ተንገላታ	V;PRF;NOM(1,PL)	ተንገላታችሁ
ተወያየ	V.CVB;NOM(2,PL)	ተወያየችኋል
ተወያየ	V.CVB;NOM(3,PL)	ተወያየችኋል
ተወያየ	V;IMP;NOM(1,PL)	እንወያይ
ተወያየ	V;IMP;NOM(3,PL)	ተወያይ
ተወያየ	V;IPFV;NFIN;NOM(1,PL)	እንወያይ
ተወያየ	V;IPFV;NFIN;NOM(2,PL)	ተወያይ
ተወያየ	V;IPFV;NOM(1,PL)	እንወያይ
ተወያየ	V;IPFV;NOM(2,PL)	ተወያይ
ተወያየ	V;IPFV;NOM(3,PL)	ተወያይ
ተወያየ	V;PFV;NOM(1,PL)	እንወያያለን
ተወያየ	V;PFV;NOM(2,PL)	ተወያየችኋል
ተወያየ	V;PFV;NOM(3,PL)	ተወያየችኋል
ተወያየ	V;PRF;NOM(2,PL)	ተወያየችኋል
ተወያየ	V;PRF;NOM(3,PL)	ተወያየችኋል
ተወዳደረ	V.CVB;NOM(1,PL)	ተወዳድረን
ተወዳደረ	V.CVB;NOM(3,PL)	ተወዳድረን
ተወዳደረ	V.MSDR	ተወዳድረ
ተወዳደረ	V;IMP;NOM(1,PL)	እንወዳድራለን
ተወዳደረ	V;IPFV;NFIN;NOM(1,PL)	እንወዳድር
ተወዳደረ	V;IPFV;NFIN;NOM(3,PL)	ተወዳድር
ተወዳደረ	V;IPFV;NOM(1,PL)	እንወዳድራለን
ተወዳደረ	V;IPFV;NOM(3,PL)	ተወዳድር
ተወዳደረ	V;PFV;NOM(1,PL)	እንወዳድራለን
ተወዳደረ	V;PFV;NOM(2,PL)	ተወዳድረን
ተወዳደረ	V;PFV;NOM(3,PL)	ተወዳድራችኋል
ተወዳደረ	V;PRF;NOM(1,PL)	እንወዳድራለን
ተወዳደረ	V;PRF;NOM(2,PL)	ተወዳድረን
ተወዳደረ	V;PRF;NOM(3,PL)	ተወዳድራችኋል
ተዋረደ	V.CVB;NOM(1,PL)	ተዋርድሽ
ተዋረደ	V.CVB;NOM(MASC;3,SG)	ተዋርድ
ተዋረደ	V;IPFV;NFIN;NOM(1,SG)	ተዋርድ
ተዋረደ	V;IPFV;NFIN;NOM(2,PL)	ተዋርድ
ተዋረደ	V;IPFV;NFIN;NOM(3,PL)	ተዋርድ
ተዋረደ	V;IPFV;NFIN;NOM(FEM;2,SG)	ተዋርድ
ተዋረደ	V;IPFV;NFIN;NOM(FEM;3,SG)	ተዋርድ
ተዋረደ	V;IPFV;NOM(MASC;3,SG)	ተዋርድ
ተዋረደ	V;PFV;NOM(1,SG)	ተዋርድ
ተዋረደ	V;PFV;NOM(3,PL)	ተዋርድሽ
ተዋረደ	V;PFV;NOM(FEM;3,SG)	ተዋርድ
ተዋረደ	V;PRF;NOM(2,PL)	ተዋርድሽ
ተዋረደ	V;PRF;NOM(3,PL)	ተዋርድሽ
ተዋረደ	V;PRF;NOM(MASC;2,SG)	ተዋርድ
ተዘረጋ	V.CVB;NOM(FEM;3,SG)	ተዘርጋለሁ
ተዘረጋ	V.MSDR	ተዘረጋ
ተዘረጋ	V;IMP;NOM(MASC;2,SG)	ተዘርጋለሁ
ተዘረጋ	V;IPFV;NFIN;NOM(1,SG)	እንዘረጋ
ተዘረጋ	V;IPFV;NFIN;NOM(2,PL)	ተዘርጋችሁ
ተዘረጋ	V;IPFV;NFIN;NOM(MASC;2,SG)	ተዘርጋ
ተዘረጋ	V;IPFV;NFIN;NOM(MASC;3,SG)	ይዘረጋ
ተዘረጋ	V;IPFV;NOM(3,PL)	ተዘርጋችኋል
ተዘረጋ	V;IPFV;NOM(FEM;3,SG)	ተዘረጋ
ተዘረጋ	V;PFV;NOM(1,SG)	ተዘርጋለሁ
ተዘረጋ	V;PFV;NOM(3,PL)	ተዘርጋችኋል
ተዘረጋ	V;PFV;NOM(MASC;2,SG)	ተዘርጋለሁ
ተዘረጋ	V;PRF;NOM(1,PL)	እንዘረጋለን
ተዘረጋ	V;PRF;NOM(FEM;2,SG)	ተዘርጋለሁ
ተገታ	V.CVB;NOM(MASC;3,SG)	ተገታችሁ
ተገታ	V.MSDR	ተገታ
ተገታ	V;IMP;NOM(MASC;3,SG)	ተገታ
ተገታ	V;IPFV;NFIN;NOM(MASC;3,SG)	ተገታ
ተገታ	V;IPFV;NOM(MASC;3,SG)	ተገታ
ተገታ	V;PFV;NOM(MASC;3,SG)	ተገታ
ተገታ	V;PRF;NOM(MASC;3,SG)	ተገታችሁ
ተጋጠመ	V.CVB;NOM(MASC;3,SG)	ተጋጥም
ተጋጠመ	V.MSDR	ተጋጠም
ተጋጠመ	V;IMP;NOM(MASC;3,SG)	ተጋጥም
ተጋጠመ	V;IPFV;NFIN;NOM(MASC;3,SG)	ተጋጥም
ተጋጠመ	V;IPFV;NOM(MASC;3,SG)	ተጋጥም
ተጋጠመ	V;PFV;NOM(MASC;3,SG)	ተጋጥም
ተጋጠመ	V;PRF;NOM(MASC;3,SG)	ተጋጥም
ተጠመቀ	V.CVB;NOM(MASC;3,SG)	ተጠመቅ
ተጠመቀ	V.MSDR	ተጠመቅ
ተጠመቀ	V;IMP;NOM(MASC;3,SG)	ተጠመቅ
ተጠመቀ	V;IPFV;NFIN;NOM(MASC;3,SG)	ተጠመቅ
ተጠመቀ	V;IPFV;NOM(MASC;3,SG)	ተጠመቅ
ተጠመቀ	V;PFV;NOM(MASC;3,SG)	ተጠመቅ
ተጠመቀ	V;PRF;NOM(MASC;3,SG)	ተጠመቅ
ተጠቀመ	V.CVB;NOM(1,PL)	ተጠቀምን
ተጠቀመ	V.CVB;NOM(MASC;3,SG)	ተጠቅም
ተጠቀመ	V;IMP;NOM(1,SG)	ተጠቅም
ተጠቀመ	V;IMP;NOM(FEM;3,SG)	ተጠቅም
ተጠቀመ	V;IPFV;NFIN;NOM(1,PL)	እንጠቅም
ተጠቀመ	V;IPFV;NOM(1,PL)	እንጠቅም
ተጠቀመ	V;IPFV;NOM(3,PL)	ተጠቀም
ተጠቀመ	V;IPFV;NOM(MASC;2,SG)	ተጠቅም
ተጠቀመ	V;PFV;NOM(2,PL)	ተጠቀምን
ተጠቀመ	V;PRF;NOM(2,PL)	ተጠቀምን
ተጠቀመ	V;PRF;NOM(FEM;3,SG)	ተጠቅም
ተጠቀመ	V;PRF;NOM(MASC;2,SG)	ተጠቅም
ተጠቀመ	V;PRF;NOM(MASC;3,SG)	ተጠቅም
ተፈረደ	V.CVB;NOM(MASC;3,SG)	ተፈረድ
ተፈረደ	V.MSDR	ተፈረድ
ተፈረደ	V;IPFV;NFIN;NOM(MASC;3,SG)	ተፈረድ
ተፈረደ	V;IPFV;NOM(MASC;3,SG)	ተፈረድ
ተፈረደ	V;PFV;NOM(MASC;3,SG)	ተፈረድ
ተፈረደ	V;PRF;NOM(MASC;3,SG)	ተፈረድ
ታሰበ	V.CVB;NOM(MASC;3,SG)	ታሰብ
ታሰበ	V.MSDR	ታሰብ
ታሰበ	V;IMP;NOM(MASC;3,SG)	ታስብ
ታሰበ	V;IPFV;NFIN;NOM(MASC;3,SG)	ታስብ
ታሰበ	V;IPFV;NOM(MASC;3,SG)	ታሰብ
ታሰበ	V;PFV;NOM(MASC;3,SG)	ታሰብ
ታሰበ	V;PRF;NOM(MASC;3,SG)	ታሰባለሁ
ነገር	N	ነገር
ነገር	N;DEF;FEM	ነገር
ነገር	N;DEF;MASC	ነገር
ነገር	N;DEF;PL	ነገራችሁ
ነገር	N;PL	ነገራችሁ
ነገር	N;PL;PSS(1,PL)	ነገሮችን
ነገር	N;PL;PSS(1,SG)	ነገሮችሁ
ነገር	N;PL;PSS(2,PL)	ነገሮችሁ
ነገር	N;PL;PSS(2,SG,MASC)	ነገሮችሁ
ነገር	N;PL;PSS(3,PL)	ነገሮችሁ
ነገር	N;PL;PSS(3,SG,MASC)	ነገሮችሁ
ነገር	N;PSS(2,PL)	ነግሮችሁ
ነገር	N;PSS(3,SG,FEM)	ነገሮችሁ
ነገር	N;PSS(3,SG,MASC)	ነገሮችሁ
ንጹሕ	ADJ	ንጹሕ
ንጹሕ	ADJ;DEF;FEM	ንጹሑ
ንጹሕ	ADJ;DEF;MASC	ንጹሑ
አለፈ	V.CVB;NOM(2,PL)	አልፈችኋል
አለፈ	V.CVB;NOM(FEM;2,SG)	አልፍ
አለፈ	V.CVB;NOM(FEM;3,SG)	ታልፍ
አለፈ	V.CVB;NOM(MASC;2,SG)	አልፍ
አለፈ	V;IMP;NOM(MASC;3,SG)	ያልፍ
አለፈ	V;IPFV;NFIN;NOM(3,PL)	አልፍ
አለፈ	V;IPFV;NFIN;NOM(FEM;3,SG)	ታልፍ
አለፈ	V;IPFV;NFIN;NOM(MASC;3,SG)	ያልፍ
አለፈ	V;IPFV;NOM(MASC;3,SG)	አልፍ
አለፈ	V;PFV;NOM(3,PL)	አልፈችኋል
አለፈ	V;PFV;NOM(FEM;3,SG)	ታልፍ
አለፈ	V;PRF;NOM(FEM;3,SG)	ታልፍ
አለፈ	V;PRF;NOM(MASC;3,SG)	አልፍ
አስጠነቀቀ	V.CVB;NOM(1,SG)	አስጠንቀቅ
አስጠነቀቀ	V.CVB;NOM(FEM;2,SG)	አስጠንቀቅ
አስጠነቀቀ	V;IMP;NOM(3,PL)	ያስጠንቀቅ
አስጠነቀቀ	V;IMP;NOM(FEM;2,SG)	ታስጠንቀቅ
አስጠነቀቀ	V;IMP;NOM(FEM;3,SG)	ታስጠንቀቅ
አስጠነቀቀ	V;IPFV;NFIN;NOM(MASC;2,SG)	አስጠንቀቅ
አስጠነቀቀ	V;IPFV;NOM(FEM;2,SG)	ታስጠንቀቅ
አስጠነቀቀ	V;IPFV;NOM(MASC;3,SG)	ያስጠንቀቅ
አስጠነቀቀ	V;PFV;NOM(1,PL)	አስጠንቀቅ
አስጠነቀቀ	V;PFV;NOM(2,PL)	አስጠንቀቅ
አስጠነቀቀ	V;PFV;NOM(FEM;2,SG)	አስጠንቀቅ
አስጠነቀቀ	V;PRF;NOM(2,PL)	አስጠንቀቅ
አስጠነቀቀ	V;PRF;NOM(FEM;2,SG)	አስጠንቀቅ
አስጠነቀቀ	V;PRF;NOM(MASC;3,SG)	ያስጠንቀቅ
አሸ	V.CVB;NOM(2,PL)	አሸችኋል
አሸ	V;IMP;NOM(1,PL)	እንአሽ
አሸ	V;IPFV;NFIN;NOM(1,SG)	እንአሽ
አሸ	V;IPFV;NFIN;NOM(2,PL)	እንአሽ
አሸ	V;IPFV;NFIN;NOM(FEM;2,SG)	ትአሽ
አሸ	V;IPFV;NOM(2,PL)	አሸችኋል
አሸ	V;IPFV;NOM(MASC;3,SG)	አሸሽ
አሸ	V;PFV;NOM(1,SG)	አሸሽ
አሸ	V;PFV;NOM(MASC;3,SG)	አሸሽ
አሸ	V;PRF;NOM(1,PL)	አሸችኋል
አሸ	V;PRF;NOM(1,SG)	አሸሽ
አሸ	V;PRF;NOM(2,PL)	አሸችኋል
አሸ	V;PRF;NOM(FEM;2,SG)	አሸችሁ
አሸ	V;PRF;NOM(FEM;3,SG)	ትአሽ
አባልነት	N	አባልነት
አባልነት	N;DEF;MASC	አባልነት
አባልነት	N;PSS(1,PL)	አባልነቶቹ
አባልነት	N;PSS(1,SG)	አባልነቶቻቸው
አባልነት	N;PSS(2,PL)	አባልነቶቹ
አባልነት	N;PSS(2,SG,FEM)	አባልነቶቻችሁ
አባልነት	N;PSS(2,SG,FORM)	አባልነቶቹ
አባልነት	N;PSS(2,SG,MASC)	አባልነቶቹ
አባልነት	N;PSS(3,PL)	አባልነቶቹ
አባልነት	N;PSS(3,SG,FEM)	አባልነቶቻችሁ
አባልነት	N;PSS(3,SG,MASC)	አባልነቶቻቸው
አተረፈ	V.CVB;NOM(3,PL)	አተረፋችኋል
አተረፈ	V;IMP;NOM(2,PL)	አተረፋችኋል
አተረፈ	V;IMP;NOM(3,PL)	ያተረፍ
አተረፈ	V;IMP;NOM(MASC;2,SG)	አተረፍ
አተረፈ	V;IPFV;NFIN;NOM(2,PL)	አተረፍ
አተረፈ	V;IPFV;NFIN;NOM(FEM;3,SG)	ታተረፍ
አተረፈ	V;IPFV;NOM(1,PL)	አተረፋችሁ
አተረፈ	V;IPFV;NOM(3,PL)	አተረፈናል
አተረፈ	V;PFV;NOM(1,PL)	አተረፋችሁ
አተረፈ	V;PFV;NOM(FEM;2,SG)	አተረፍ
አተረፈ	V;PFV;NOM(MASC;3,SG)	ያተረፍ
አተረፈ	V;PRF;NOM(1,SG)	አተረፍ
አተረፈ	V;PRF;NOM(MASC;2,SG)	አተረፍ
አተረፈ	V;PRF;NOM(MASC;3,SG)	ያተረፍ
አንቀፅ	N	አንቀፅ
አንቀፅ	N;DEF;MASC	አንቀፅ
አንቀፅ	N;PL	አንቀፅ
አንድ	N	አንድ
አንድ	N;DEF;FEM	አንድ
አንድ	N;DEF;FEM;LGSPEC1	አንዳችሁ
አንድ	N;DEF;MASC	አንድ
አንድ	N;PSS(1,PL)	አንዶቻቸው
አንድ	N;PSS(1,SG)	አንድሽ
አንድ	N;PSS(2,PL)	አንዶቻቸው
አንድ	N;PSS(2,SG,FEM)	አንዳችሁ
አንድ	N;PSS(2,SG,FORM)	አንዳችሁ
አንድ	N;PSS(2,SG,MASC)	አንድሽ
አንድ	N;PSS(3,PL)	አንዶቻቸው
አንድ	N;PSS(3,SG,FEM)	አንዳችሁ
አንድ	N;PSS(3,SG,MASC)	አንዶቻቸው
አከለ	V.CVB;NOM(MASC;3,SG)	አከል
አከለ	V.MSDR	አከል
አከለ	V;IMP;NOM(MASC;3,SG)	አከል
አከለ	V;IPFV;NFIN;NOM(MASC;3,SG)	አከል
አከለ	V;IPFV;NOM(MASC;3,SG)	አከል
አከለ	V;PFV;NOM(MASC;3,SG)	አከል
አከለ	V;PRF;NOM(MASC;3,SG)	አከል
አከበረ	V.CVB;NOM(FEM;2,SG)	አከብር
አከበረ	V.MSDR	አከብር
አከበረ	V;IMP;NOM(1,PL)	አከብር
አከበረ	V;IMP;NOM(1,SG)	አከብር
አከበረ	V;IMP;NOM(FEM;3,SG)	ታከብራለሁ
አከበረ	V;IMP;NOM(MASC;3,SG)	ያከብር
አከበረ	V;IPFV;NFIN;NOM(3,PL)	አከብር
አከበረ	V;IPFV;NOM(FEM;2,SG)	አከብር
አከበረ	V;PFV;NOM(FEM;3,SG)	ታከብር
አከበረ	V;PFV;NOM(MASC;3,SG)	አከብር
አከበረ	V;PRF;NOM(1,PL)	አከብረናል
አከበረ	V;PRF;NOM(2,PL)	አከብሮችኋል
አከበረ	V;PRF;NOM(FEM;2,SG)	አከብራለሁ
አከበረ	V;PRF;NOM(MASC;3,SG)	አከብር
አየ	V.CVB;NOM(1,SG)	አይአይ
አየ	V.CVB;NOM(FEM;2,SG)	አይታለሁ
አየ	V.CVB;NOM(MASC;2,SG)	አይአይ
አየ	V.CVB;NOM(MASC;3,SG)	ይአይ
አየ	V;IMP;NOM(1,PL)	እንአይ
አየ	V;IMP;NOM(MASC;3,SG)	ይአይ
አየ	V;IPFV;NFIN;NOM(FEM;2,SG)	ትአይ
አየ	V;IPFV;NOM(2,PL)	አይአይ
አየ	V;IPFV;NOM(FEM;2,SG)	ትአይ
አየ	V;PFV;NOM(1,PL)	እንአይታችሁ
አየ	V;PFV;NOM(2,PL)	አይታችሁ
አየ	V;PFV;NOM(3,PL)	አይታችሁ
አየ	V;PFV;NOM(FEM;3,SG)	ትአይ
አየ	V;PRF;NOM(FEM;3,SG)	ትአይ
አይጥ	N	አይጥ
አይጥ	N;DEF;MASC	አይጥ
አይጥ	N;DEF;PL	አይጥ
አይጥ	N;PL	አይጥ
አደገ	V.CVB;NOM(2,PL)	አደጋችሁ
አደገ	V.CVB;NOM(FEM;2,SG)	አደግ
አደገ	V.CVB;NOM(FEM;3,SG)	አደግ
አደገ	V.CVB;NOM(MASC;2,SG)	አደግ
አደገ	V;IMP;NOM(FEM;2,SG)	አደግ
አደገ	V;IMP;NOM(MASC;3,SG)	ያደግ
አደገ	V;IPFV;NFIN;NOM(2,PL)	አደግ
አደገ	V;IPFV;NFIN;NOM(MASC;3,SG)	ያደግ
አደገ	V;IPFV;NOM(1,SG)	አደግ
አደገ	V;PFV;NOM(2,PL)	አደጋችሁ
አደገ	V;PRF;NOM(1,PL)	አደጋችሁ
አደገ	V;PRF;NOM(2,PL)	አደጋችሁ
አደገ	V;PRF;NOM(FEM;3,SG)	ታደግ
አደገ	V;PRF;NOM(MASC;3,SG)	አደግ
አጠራጠረ	V.CVB;NOM(MASC;3,SG)	አጠራጥር
አጠራጠረ	V.MSDR	አጠራጥር
አጠራጠረ	V;IMP;NOM(MASC;3,SG)	ያጠራጥር
አጠራጠረ	V;IPFV;NFIN;NOM(MASC;3,SG)	ያጠራጥር
አጠራጠረ	V;IPFV;NOM(MASC;3,SG)	ያጠራጥር
አጠራጠረ	V;PFV;NOM(MASC;3,SG)	አጠራጥር
አጠራጠረ	V;PRF;NOM(MASC;3,SG)	አጠራጥር
አጠበ	V.CVB;NOM(MASC;3,SG)	አጠብሽ
አጠበ	V;IMP;NOM(3,PL)	አጠብናል
አጠበ	V;IPFV;NFIN;NOM(1,SG)	አጠብ
አጠበ	V;IPFV;NFIN;NOM(2,PL)	አጠብ
አጠበ	V;IPFV;NOM(FEM;2,SG)	ታጠብ
አጠበ	V;PFV;NOM(1,PL)	አጠብናል
አጠበ	V;PFV;NOM(1,SG)	አጠብ
አጠበ	V;PFV;NOM(3,PL)	አጠባችኋል
አጠበ	V;PFV;NOM(FEM;3,SG)	ታጠብ
አጠበ	V;PFV;NOM(MASC;2,SG)	አጠብ
አጠበ	V;PFV;NOM(MASC;3,SG)	አጠብ
አጠበ	V;PRF;NOM(3,PL)	አጠብናል
አጠበ	V;PRF;NOM(FEM;2,SG)	ታጠብ
አጠበ	V;PRF;NOM(FEM;3,SG)	ታጠብ
እስራኤል	N	እስራኤል
እስራኤል	N;DEF;MASC	እስራኤል
እስራኤል	N;DEF;PL	እስራኤል
እስራኤል	N;PL	እስራኤል
እጥረት	N	እጥረት
እጥረት	N;DEF;MASC	እጥረት
እጥረት	N;DEF;PL	እጥረቶች
እጥረት	N;PL	እጥረቶች
ከፈተ	V.CVB;NOM(1,PL)	ከፈትሽ
ከፈተ	V.CVB;NOM(1,SG)	ከፈት
ከፈተ	V.MSDR	ከፈት
ከፈተ	V;IMP;NOM(2,PL)	ከፈትሽ
ከፈተ	V;IMP;NOM(FEM;3,SG)	ከፈት
ከፈተ	V;IPFV;NFIN;NOM(1,SG)	ከፈት
ከፈተ	V;IPFV;NFIN;NOM(MASC;3,SG)	ከፈት
ከፈተ	V;IPFV;NOM(1,PL)	ከፈትሽ
ከፈተ	V;IPFV;NOM(2,PL)	ከፈትሽ
ከፈተ	V;IPFV;NOM(3,PL)	ከፍተዋል
ከፈተ	V;IPFV;NOM(FEM;2,SG)	ከፈት
ከፈተ	V;PFV;NOM(1,PL)	ከፈትሽ
ከፈተ	V;PRF;NOM(1,SG)	ከፈት
ከፈተ	V;PRF;NOM(FEM;2,SG)	ከፈት
ክበብ	N	ክበብ
ክበብ	N;DEF;MASC	ክበብ
ክበብ	N;DEF;PL	ክበብ
ክበብ	N;PL	ክበቦችሁ
ክንፍ	N	ክንፍ
ክንፍ	N;DEF;MASC	ክንፍ
ክንፍ	N;PL;PSS(1,PL)	ክንፎችን
ክንፍ	N;PL;PSS(2,PL)	ክንፎቹ
ክንፍ	N;PL;PSS(2,SG,FEM)	ክንፍሽ
ክንፍ	N;PL;PSS(2,SG,FORM)	ክንፍሽ
ክንፍ	N;PL;PSS(2,SG,MASC)	ክንፍሽ
ክንፍ	N;PL;PSS(3,SG,MASC)	ክንፍሽ
ክንፍ	N;PSS(1,PL)	ክንፎችን
ክንፍ	N;PSS(1,SG)	ክንፍሽ
ክንፍ	N;PSS(2,PL)	ክንፎቻቸው
ክንፍ	N;PSS(2,SG,FEM)	ክንፍሽ
ክንፍ	N;PSS(3,PL)	ክንፎቻቸው
ክንፍ	N;PSS(3,SG,MASC)	ክንፍሽ
ወረረ	V.CVB;NOM(FEM;2,SG)	ወረር
ወረረ	V.CVB;NOM(FEM;3,SG)	ወረር
ወረረ	V.CVB;NOM(MASC;2,SG)	ወረር
ወረረ	V.CVB;NOM(MASC;3,SG)	ወረር
ወረረ	V.MSDR	ወረር
ወረረ	V;IPFV;NFIN;NOM(2,PL)	ወረራችኋል
ወረረ	V;IPFV;NFIN;NOM(3,PL)	ወረር
ወረረ	V;IPFV;NFIN;NOM(FEM;2,SG)	ወረር
ወረረ	V;IPFV;NFIN;NOM(FEM;3,SG)	ወረር
ወረረ	V;IPFV;NFIN;NOM(MASC;3,SG)	ወረር
ወረረ	V;PFV;NOM(1,PL)	ወረራችኋል
ወረረ	V;PFV;NOM(2,PL)	ወረራችኋል
ወረረ	V;PFV;NOM(MASC;2,SG)	ወረር
ወረረ	V;PRF;NOM(MASC;3,SG)	ወረር
ወደቀ	V.CVB;NOM(1,SG)	ወደቅ
ወደቀ	V.CVB;NOM(3,PL)	ወደቀችኋል
ወደቀ	V;IMP;NOM(MASC;3,SG)	ወድቅ
ወደቀ	V;IPFV;NFIN;NOM(1,PL)	እንወድቅ
ወደቀ	V;IPFV;NFIN;NOM(FEM;3,SG)	ወድቅ
ወደቀ	V;IPFV;NOM(1,PL)	ወደቅ
ወደቀ	V;IPFV;NOM(2,PL)	ወደቅ
ወደቀ	V;IPFV;NOM(FEM;3,SG)	ወድቅ
ወደቀ	V;IPFV;NOM(MASC;2,SG)	ወድቅ
ወደቀ	V;PFV;NOM(2,PL)	ወደቅ
ወደቀ	V;PFV;NOM(MASC;2,SG)	ወደቅ
ወደቀ	V;PRF;NOM(FEM;3,SG)	ወድቅ
ወደቀ	V;PRF;NOM(MASC;2,SG)	ወደቅ
ዕውቀት	N	ዕውቀት
ዕውቀት	N;DEF;MASC	ዕውቀቶች
ዕውቀት	N;PL	ዕውቀቶች
ዕውቀት	N;PL;PSS(1,PL)	ዕውቀቶቻችን
ዕውቀት	N;PL;PSS(1,SG)	ዕውቀቶቻችሁ
ዕውቀት	N;PL;PSS(2,PL)	ዕውቀቶቻቸው
ዕውቀት	N;PL;PSS(2,SG,MASC)	ዕውቀቶቻችሁ
ዕውቀት	N;PL;PSS(3,PL)	ዕውቀቶቻቸው
ዕውቀት	N;PSS(1,PL)	ዕውቀቶችን
ዕውቀት	N;PSS(2,PL)	ዕውቀቶችን
ዕውቀት	N;PSS(2,SG,FEM)	ዕውቀቶቻችሁ
ዕውቀት	N;PSS(2,SG,FORM)	ዕውቀቶቻችሁ
ዕውቀት	N;PSS(2,SG,MASC)	ዕውቀቶቻችሁ
ዕውቀት	N;PSS(3,SG,MASC)	ዕውቀቶቻችሁ
ዕጣን	N	ዕጣን
ዕጣን	N;DEF;MASC	ዕጣን
ዘመተ	V.CVB;NOM(FEM;2,SG)	ዘመት
ዘመተ	V.CVB;NOM(MASC;3,SG)	ዘመት
ዘመተ	V;IMP;NOM(3,PL)	ዘመታችኋል
ዘመተ	V;IMP;NOM(FEM;3,SG)	ዘመት
ዘመተ	V;IPFV;NFIN;NOM(1,PL)	እንዘመት
ዘመተ	V;IPFV;NFIN;NOM(1,SG)	ዘመት
ዘመተ	V;IPFV;NFIN;NOM(3,PL)	ዘመት
ዘመተ	V;IPFV;NFIN;NOM(FEM;2,SG)	ዘመት
ዘመተ	V;IPFV;NFIN;NOM(FEM;3,SG)	ዘመት
ዘመተ	V;IPFV;NFIN;NOM(MASC;3,SG)	ዘመት
ዘመተ	V;IPFV;NOM(MASC;2,SG)	ዘመት
ዘመተ	V;PFV;NOM(1,SG)	ዘመት
ዘመተ	V;PRF;NOM(2,PL)	ዘመትዎ
ዘመተ	V;PRF;NOM(FEM;3,SG)	ዘመት
ዘመን	N;DEF;FEM	ዘመን
ዘመን	N;DEF;MASC	ዘመን
ዘመን	N;PL;LGSPEC1;PSS(1,PL)	ዘመናቸው
ዘመን	N;PL;LGSPEC1;PSS(3,PL)	ዘመናቸው
ዘመን	N;PL;LGSPEC1;PSS(3,SG,FEM)	ዘመናችሁ
ዘመን	N;PL;PSS(1,PL)	ዘመናቸው
ዘመን	N;PL;PSS(1,SG)	ዘመናቸው
ዘመን	N;PL;PSS(2,PL)	ዘመናቸው
ዘመን	N;PL;PSS(2,SG,FEM)	ዘመናቸው
ዘመን	N;PL;PSS(3,SG,FEM)	ዘመናቸው
ዘመን	N;PL;PSS(3,SG,MASC)	ዘመኖቻቸው
ዘመን	N;PSS(1,SG)	ዘመን
ዞረ	V.CVB;NOM(1,SG)	ዞራለሁ
ዞረ	V.CVB;NOM(2,PL)	ዞርታችኋል
ዞረ	V.CVB;NOM(MASC;3,SG)	ዞራለሁ
ዞረ	V.MSDR	ዞር
ዞረ	V;IMP;NOM(FEM;2,SG)	ዞር
ዞረ	V;IMP;NOM(MASC;3,SG)	ዞር
ዞረ	V;IPFV;NFIN;NOM(2,PL)	እንዞር
ዞረ	V;IPFV;NFIN;NOM(FEM;2,SG)	ዞር
ዞረ	V;PFV;NOM(1,SG)	ዞራለሁ
ዞረ	V;PFV;NOM(3,PL)	ዞራችኋል
ዞረ	V;PFV;NOM(MASC;2,SG)	ዞራለሁ
ዞረ	V;PRF;NOM(FEM;2,SG)	ዞራለሁ
ዞረ	V;PRF;NOM(MASC;2,SG)	ዞራለሁ
ዞረ	V;PRF;NOM(MASC;3,SG)	ዞራለሁ
ደመደመ	V.CVB;NOM(1,PL)	ደመደምን
ደመደመ	V.CVB;NOM(1,SG)	ደመደም
ደመደመ	V.CVB;NOM(FEM;2,SG)	ደመደም
ደመደመ	V;IMP;NOM(1,PL)	ደመደም
ደመደመ	V;IMP;NOM(1,SG)	ደመደም
ደመደመ	V;IMP;NOM(FEM;3,SG)	ደመደም
ደመደመ	V;IMP;NOM(MASC;3,SG)	ደመደም
ደመደመ	V;IPFV;NFIN;NOM(2,PL)	ደመደም
ደመደመ	V;IPFV;NOM(1,PL)	ደመደምን
ደመደመ	V;IPFV;NOM(FEM;3,SG)	ደመደም
ደመደመ	V;PFV;NOM(FEM;2,SG)	ደመደም
ደመደመ	V;PFV;NOM(MASC;2,SG)	ደመደም
ደመደመ	V;PRF;NOM(2,PL)	ደመደምን
ደኅንነት	N;DEF;MASC	ደኅንነት
ደኅንነት	N;DEF;PL	ደኅንነቶቻቸው
ደኅንነት	N;PL;PSS(2,PL)	ደኅንነቶቻቸው
ደኅንነት	N;PL;PSS(2,SG,FEM)	ደኅንነቶቻቸው
ደኅንነት	N;PL;PSS(2,SG,MASC)	ደኅንነቶቻቸው
ደኅንነት	N;PL;PSS(3,PL)	ደኅንነቶቻቸው
ደኅንነት	N;PL;PSS(3,SG,FEM)	ደኅንነቶቻቸው
ደኅንነት	N;PL;PSS(3,SG,MASC)	ደኅንነቶቻቸው
ደኅንነት	N;PSS(1,PL)	ደኅንነቶቻቸው
ደኅንነት	N;PSS(1,SG)	ደኅንነቶቻቸው
ደኅንነት	N;PSS(2,SG,FEM)	ደኅንነቶቻቸው
ደኅንነት	N;PSS(3,PL)	ደኅንነቶቻቸው
ደኅንነት	N;PSS(3,SG,FEM)	ደኅንነቶቻቸው
ደኅንነት	N;PSS(3,SG,MASC)	ደኅንነቶቻቸው
ዳር	N	ዳር
ዳር	N;DEF;MASC	ዳር
ዳር	N;PSS(1,PL)	ዳራችኋል
ዳር	N;PSS(1,SG)	ዳሮችሁ
ዳር	N;PSS(2,PL)	ዳራችኋል
ዳር	N;PSS(2,SG,FEM)	ዳሮችሁ
ዳር	N;PSS(2,SG,FORM)	ዳሮችሁ
ዳር	N;PSS(2,SG,MASC)	ዳሮችሁ
ዳር	N;PSS(3,PL)	ዳራችኋል
ዳር	N;PSS(3,SG,FEM)	ዳራችሁ
ዳር	N;PSS(3,SG,MASC)	ዳሮችሁ
ድርጅት	N;DEF;MASC	ድርጅቶች
ድርጅት	N;DEF;PL	ድርጅቶቻቸው
ድርጅት	N;PL	ድርጅቶች
ድርጅት	N;PL;PSS(1,PL)	ድርጅቶቻቸው
ድርጅት	N;PL;PSS(1,SG)	ድርጅቶቻቸው
ድርጅት	N;PL;PSS(2,PL)	ድርጅቶቻቸው
ድርጅት	N;PL;PSS(2,SG,FEM)	ድርጅቶቻቸው
ድርጅት	N;PL;PSS(2,SG,FORM)	ድርጅቶቻቸው
ድርጅት	N;PL;PSS(3,PL)	ድርጅቶቻቸው
ድርጅት	N;PSS(2,PL)	ድርጅቶቻቸው
ድርጅት	N;PSS(2,SG,FEM)	ድርጅቶቻቸው
ድርጅት	N;PSS(3,PL)	ድርጅቶቻቸው
ድርጅት	N;PSS(3,SG,FEM)	ድርጅቶቻቸው
ድርጅት	N;PSS(3,SG,MASC)	ድርጅቶቻቸው
ድፍረት	N	ድፍረት
ድፍረት	N;DEF;MASC	ድፍረት
ዶክተር	N	ዶክተር
ዶክተር	N;DEF;MASC	ዶክተር
ዶክተር	N;DEF;PL	ዶክተር
ዶክተር	N;PL	ዶክተር
ጀግንነት	N	ጀግንነት
ጀግንነት	N;DEF;MASC	ጀግንነት
ጀግንነት	N;PSS(1,PL)	ጀግንነቶቻቸው
ጀግንነት	N;PSS(1,SG)	ጀግንነቶቻቸው
ጀግንነት	N;PSS(2,PL)	ጀግንነቶቻቸው
ጀግንነት	N;PSS(2,SG,FEM)	ጀግንነቶቻቸው
ጀግንነት	N;PSS(2,SG,FORM)	ጀግንነቶቻቸው
ጀግንነት	N;PSS(2,SG,MASC)	ጀግንነቶቻቸው
ጀግንነት	N;PSS(3,PL)	ጀግንነቶቻቸው
ጀግንነት	N;PSS(3,SG,FEM)	ጀግንነቶቻቸው
ጀግንነት	N;PSS(3,SG,MASC)	ጀግንነቶቻቸው
ገዳም	N	ገዳም
ገዳም	N;DEF;MASC	ገዳም
ገዳም	N;DEF;PL	ገዳማችሁ
ገዳም	N;PL	ገዳማችሁ
ግሩም	ADJ	ግሩም
ግሩም	ADJ;DEF;FEM	ግሩም
ግሩም	ADJ;DEF;MASC	ግሩም
ግብ	N	ግብ
ግብ	N;DEF;MASC	ግብ
ግብ	N;DEF;PL	ግቦችሁ
ግብ	N;PL;PSS(1,PL)	ግቦቻቸው
ግብ	N;PL;PSS(2,SG,FEM)	ግቦችሁ
ግብ	N;PL;PSS(2,SG,MASC)	ግቦችሁ
ግብ	N;PL;PSS(3,PL)	ግቦችኋል
ግብ	N;PSS(1,PL)	ግቦችን
ግብ	N;PSS(1,SG)	ግቦችሁ
ግብ	N;PSS(2,PL)	ግቦችኋል
ግብ	N;PSS(2,SG,FEM)	ግቦችሁ
ግብ	N;PSS(2,SG,FORM)	ግቦችሁ
ግብ	N;PSS(2,SG,MASC)	ግቦችሁ
ግብ	N;PSS(3,SG,MASC)	ግቦችሁ
ግብር	N;DEF;MASC	ግብሮች
ግብር	N;DEF;PL	ግብራችሁ
ግብር	N;PL;PSS(1,SG)	ግብሮችሁ
ግብር	N;PL;PSS(2,PL)	ግብሮችን
ግብር	N;PL;PSS(2,SG,MASC)	ግብሮችሁ
ግብር	N;PL;PSS(3,SG,FEM)	ግብሮችሁ
ግብር	N;PL;PSS(3,SG,MASC)	ግብሮችሁ
ግብር	N;PSS(1,PL)	ግብሮችን
ግብር	N;PSS(2,PL)	ግብሮችን
ግብር	N;PSS(2,SG,FEM)	ግብሮችሁ
ግብር	N;PSS(2,SG,FORM)	ግብሮችሁ
ግብር	N;PSS(2,SG,MASC)	ግብሮችሁ
ግብር	N;PSS(3,SG,FEM)	ግብሮችሁ
ግብር	N;PSS(3,SG,MASC)	ግብሮችሁ
ጠላት	N	ጠላት
ጠላት	N;DEF;FEM	ጠላት
ጠላት	N;DEF;MASC	ጠላት
ጠላት	N;DEF;PL	ጠላቶቻቸው
ጠላት	N;PL	ጠላቶቻችሁ
ጠላት	N;PL;PSS(1,PL)	ጠላቶቻቸው
ጠላት	N;PL;PSS(2,SG,FORM)	ጠላቶቻቸው
ጠላት	N;PL;PSS(2,SG,MASC)	ጠላቶቻቸው
ጠላት	N;PL;PSS(3,SG,FEM)	ጠላቶቻቸው
ጠላት	N;PSS(1,PL)	ጠላቶቻቸው
ጠላት	N;PSS(1,SG)	ጠላቶቻቸው
ጠላት	N;PSS(2,SG,FEM)	ጠላቶቻቸው
ጠላት	N;PSS(2,SG,FORM)	ጠላቶቻቸው
ጠላት	N;PSS(3,SG,MASC)	ጠላቶቻቸው
ጠቆመ	V.CVB;NOM(MASC;2,SG)	ጠቆም
ጠቆመ	V.CVB;NOM(MASC;3,SG)	ጠቆም
ጠቆመ	V;IMP;NOM(1,PL)	እንጠቆም
ጠቆመ	V;IMP;NOM(3,PL)	ይጠቆም
ጠቆመ	V;IPFV;NFIN;NOM(1,SG)	እንጠቆም
ጠቆመ	V;IPFV;NFIN;NOM(MASC;3,SG)	ይጠቆም
ጠቆመ	V;IPFV;NOM(1,PL)	እንጠቆም
ጠቆመ	V;IPFV;NOM(1,SG)	ጠቆም
ጠቆመ	V;IPFV;NOM(3,PL)	ይጠቆም
ጠቆመ	V;IPFV;NOM(MASC;3,SG)	ጠቆም
ጠቆመ	V;PFV;NOM(1,PL)	እንጠቆምን
ጠቆመ	V;PFV;NOM(1,SG)	ጠቆም
ጠቆመ	V;PRF;NOM(3,PL)	ይጠቆሙ
ጠቆመ	V;PRF;NOM(FEM;3,SG)	ትጠቆም
ጣሰ	V.CVB;NOM(FEM;2,SG)	ጣስሽ
ጣሰ	V.CVB;NOM(MASC;2,SG)	ጣስሽ
ጣሰ	V;IMP;NOM(MASC;2,SG)	ጣስ
ጣሰ	V;IMP;NOM(MASC;3,SG)	ይጣስ
ጣሰ	V;IPFV;NFIN;NOM(1,PL)	እንጣስ
ጣሰ	V;IPFV;NFIN;NOM(3,PL)	ይጣስ
ጣሰ	V;IPFV;NFIN;NOM(MASC;2,SG)	ጣስ
ጣሰ	V;IPFV;NOM(1,PL)	እንጣስ
ጣሰ	V;IPFV;NOM(3,PL)	ይጣስ
ጣሰ	V;IPFV;NOM(FEM;2,SG)	ጣስ
ጣሰ	V;IPFV;NOM(MASC;3,SG)	ጣስ
ጣሰ	V;PFV;NOM(MASC;3,SG)	ጣስ
ጣሰ	V;PRF;NOM(1,PL)	እንጣሳችኋል
ጣፋጭ	ADJ	ጣፋጮ
ጣፋጭ	ADJ;DEF;FEM	ጣፋጮ
ጣፋጭ	ADJ;DEF;MASC	ጣፋጮ
ጣፋጭ	ADJ;DEF;PL	ጣፋጫችሁ
ጣፋጭ	ADJ;PL	ጣፋጫችሁ
ጥቅስ	N	ጥቅስ
ጥቅስ	N;DEF;MASC	ጥቅሶ
ጥቅስ	N;DEF;PL	ጥቅሶች
ጥቅስ	N;PL	ጥቅሶች
ጥብቅ	ADJ	ጥብቅ
ጥብቅ	ADJ;DEF;FEM	ጥብቅ
ጥብቅ	ADJ;DEF;MASC	ጥብቅ
ጥብቅ	ADJ;DEF;PL	ጥብቅ
ጥብቅ	ADJ;PL	ጥብቅ
ጭንቀት	N	ጭንቀት
ጭንቀት	N;DEF;MASC	ጭንቀት
ጭንቀት	N;PSS(1,PL)	ጭንቀቶቻችን
ጭንቀት	N;PSS(1,SG)	ጭንቀቶቻችሁ
ጭንቀት	N;PSS(2,PL)	ጭንቀቶቻችን
ጭንቀት	N;PSS(2,SG,FEM)	ጭንቀቶቻችሁ
ጭንቀት	N;PSS(2,SG,FORM)	ጭንቀቶቻችሁ
ጭንቀት	N;PSS(2,SG,MASC)	ጭንቀቶቻችሁ
ጭንቀት	N;PSS(3,PL)	ጭንቀቶቻችን
ጭንቀት	N;PSS(3,SG,FEM)	ጭንቀቶቻችሁ
ጭንቀት	N;PSS(3,SG,MASC)	ጭንቀቶቻችሁ
ጸደቀ	V.CVB;NOM(MASC;3,SG)	ጸድቅ
ጸደቀ	V.MSDR	ጸደቅ
ጸደቀ	V;IMP;NOM(MASC;3,SG)	ይጸድቅ
ጸደቀ	V;IPFV;NFIN;NOM(MASC;3,SG)	ይጸድቅ
ጸደቀ	V;IPFV;NOM(MASC;3,SG)	ይጸድቅ
ጸደቀ	V;PFV;NOM(MASC;3,SG)	ጸደቅ
ጸደቀ	V;PRF;NOM(MASC;3,SG)	ጸድቅ
ፕላኔት	N	ፕላኔቶች
ፕላኔት	N;DEF;FEM	ፕላኔቶች
ፕላኔት	N;DEF;MASC	ፕላኔቶች
ፕላኔት	N;DEF;PL	ፕላኔቶቻቸው
ፕሬስ	N	ፕሬስ
ፕሬስ	N;DEF;MASC	ፕሬሶ
ፕሬስ	N;DEF;PL	ፕሬሶች
ፕሬስ	N;PL	ፕሬሶች
accuracy:0.088