Aikido	N;ACC(SG)	Aikido
Aikido	N;DAT(SG)	Aikido
Aikido	N;GEN(SG)	Aikido
Aikido	N;NOM(SG)	Aikido
Anreise	N;ACC(PL)	Anreisen
Anreise	N;ACC(SG)	Anreise
Anreise	N;DAT(PL)	Anreisen
Anreise	N;DAT(SG)	Anreise
Anreise	N;GEN(PL)	Anreisen
Anreise	N;GEN(SG)	Anreise
Anreise	N;NOM(PL)	Anreisen
Anreise	N;NOM(SG)	Anreise
Arsenikesser	N;ACC(PL)	Arsenikessern
Arsenikesser	N;ACC(SG)	Arsenikesser
Arsenikesser	N;DAT(PL)	Arsenikessern
Arsenikesser	N;DAT(SG)	Arsenikesser
Arsenikesser	N;GEN(PL)	Arsenikessern
Arsenikesser	N;GEN(SG)	Arsenikesser
Arsenikesser	N;NOM(PL)	Arsenikessern
Arsenikesser	N;NOM(SG)	Arsenikesser
Auslassungszeichen	N;ACC(PL)	Auslassungszeichen
Auslassungszeichen	N;ACC(SG)	Auslassungszeichen
Auslassungszeichen	N;DAT(PL)	Auslassungszeichen
Auslassungszeichen	N;DAT(SG)	Auslassungszeichen
Auslassungszeichen	N;GEN(PL)	Auslassungszeichen
Auslassungszeichen	N;GEN(SG)	Auslassungszeichen
Auslassungszeichen	N;NOM(PL)	Auslassungszeichen
Auslassungszeichen	N;NOM(SG)	Auslassungszeichen
Bergente	N;ACC(PL)	Bergenten
Bergente	N;ACC(SG)	Bergente
Bergente	N;DAT(PL)	Bergenten
Bergente	N;DAT(SG)	Bergente
Bergente	N;GEN(PL)	Bergenten
Bergente	N;GEN(SG)	Bergente
Bergente	N;NOM(PL)	Bergenten
Bergente	N;NOM(SG)	Bergente
Berylliumsalz	N;ACC(PL)	Berylliumsalzen
Berylliumsalz	N;ACC(SG)	Berylliumsalz
Berylliumsalz	N;DAT(PL)	Berylliumsalzen
Berylliumsalz	N;DAT(SG)	Berylliumsalz
Berylliumsalz	N;GEN(PL)	Berylliumsalzen
Berylliumsalz	N;GEN(SG)	Berylliumsalz
Berylliumsalz	N;NOM(PL)	Berylliumsalzen
Berylliumsalz	N;NOM(SG)	Berylliumsalz
Bettlaken	N;ACC(PL)	Bettlaken
Bettlaken	N;ACC(SG)	Bettlaken
Bettlaken	N;DAT(PL)	Bettlaken
Bettlaken	N;DAT(SG)	Bettlaken
Bettlaken	N;GEN(PL)	Bettlaken
Bettlaken	N;GEN(SG)	Bettlaken
Bettlaken	N;NOM(PL)	Bettlaken
Bettlaken	N;NOM(SG)	Bettlaken
Bild	N;ACC(PL)	Bilder
Bild	N;ACC(SG)	Bild
Bild	N;DAT(PL)	Bilder
Bild	N;DAT(SG)	Bild
Bild	N;GEN(PL)	Bilder
Bild	N;GEN(SG)	Bild
Bild	N;NOM(PL)	Bilder
Bild	N;NOM(SG)	Bild
Brettspiel	N;ACC(PL)	Brettspielen
Brettspiel	N;ACC(SG)	Brettspiel
Brettspiel	N;DAT(PL)	Brettspielen
Brettspiel	N;DAT(SG)	Brettspiel
Brettspiel	N;GEN(PL)	Brettspielen
Brettspiel	N;GEN(SG)	Brettspiel
Brettspiel	N;NOM(PL)	Brettspielen
Brettspiel	N;NOM(SG)	Brettspiel
Bridge	N;ACC(SG)	Bridge
Bridge	N;DAT(SG)	Bridge
Bridge	N;GEN(SG)	Bridge
Bridge	N;NOM(SG)	Bridge
Denken	N;ACC(SG)	Denken
