Aikido	N;ACC(SG)	Aikidookido
Aikido	N;DAT(SG)	Aikidookido
Aikido	N;GEN(SG)	Aikidookido
Aikido	N;NOM(SG)	Aikidookido
Anreise	N;ACC(PL)	Anreisen
Anreise	N;ACC(SG)	Anreise
Anreise	N;DAT(PL)	Anreisen
Anreise	N;DAT(SG)	Anreise
Anreise	N;GEN(PL)	Anreisen
Anreise	N;GEN(SG)	Anreisest
Anreise	N;NOM(PL)	Anreisen
Anreise	N;NOM(SG)	Anreise
Arsenikesser	N;ACC(PL)	Arsenikessern
Arsenikesser	N;ACC(SG)	Arsenikesser
Arsenikesser	N;DAT(PL)	Arsenikessern
Arsenikesser	N;DAT(SG)	Arsenikesser
Arsenikesser	N;GEN(PL)	Arsenikessern
Arsenikesser	N;GEN(SG)	Arsenikesser
Arsenikesser	N;NOM(PL)	Arsenikessern
Arsenikesser	N;NOM(SG)	Arsenikesser
Auslassungszeichen	N;ACC(PL)	Auslassungszeichen
Auslassungszeichen	N;ACC(SG)	Auslassungszeichen
Auslassungszeichen	N;DAT(PL)	Auslassungszeichen
Auslassungszeichen	N;DAT(SG)	Auslassungszeichen
Auslassungszeichen	N;GEN(PL)	Auslassungszeichen
Auslassungszeichen	N;GEN(SG)	Auslassungszeichen
Auslassungszeichen	N;NOM(PL)	Auslassungszeichen
Auslassungszeichen	N;NOM(SG)	Auslassungszeichen
Bergente	N;ACC(PL)	Bergenten
Bergente	N;ACC(SG)	Bergente
Bergente	N;DAT(PL)	Bergenten
Bergente	N;DAT(SG)	Bergente
Bergente	N;GEN(PL)	Bergenten
Bergente	N;GEN(SG)	Bergente
Bergente	N;NOM(PL)	Bergenten
Bergente	N;NOM(SG)	Bergente
Berylliumsalz	N;ACC(PL)	Berylliumsalzen
Berylliumsalz	N;ACC(SG)	Berylliumsalz
Berylliumsalz	N;DAT(PL)	Berylliumsalzen
Berylliumsalz	N;DAT(SG)	Berylliumsalz
Berylliumsalz	N;GEN(PL)	Berylliumsalzen
Berylliumsalz	N;GEN(SG)	Berylliumsalz
Berylliumsalz	N;NOM(PL)	Berylliumsalzen
Berylliumsalz	N;NOM(SG)	Berylliumsalz
Bettlaken	N;ACC(PL)	Bettlaken
Bettlaken	N;ACC(SG)	Bettlaken
Bettlaken	N;DAT(PL)	Bettlaken
Bettlaken	N;DAT(SG)	Bettlaken
Bettlaken	N;GEN(PL)	Bettlaken usingen
Bettlaken	N;GEN(SG)	Bettlaken
Bettlaken	N;NOM(PL)	Bettlaken
Bettlaken	N;NOM(SG)	Bettlaken
Bild	N;ACC(PL)	Bild usingen
Bild	N;ACC(SG)	Bild using
Bild	N;DAT(PL)	Bild usingen
Bild	N;DAT(SG)	Bild using
Bild	N;GEN(PL)	Bild usingen
Bild	N;GEN(SG)	Bild using
Bild	N;NOM(PL)	Bildern
Bild	N;NOM(SG)	Bild using
Brettspiel	N;ACC(PL)	Brettspielen
Brettspiel	N;ACC(SG)	Brettspiel
Brettspiel	N;DAT(PL)	Brettspielen
Brettspiel	N;DAT(SG)	Brettspiel
Brettspiel	N;GEN(PL)	Brettspielen
Brettspiel	N;GEN(SG)	Brettspiel
Brettspiel	N;NOM(PL)	Brettspielen
Brettspiel	N;NOM(SG)	Brettspiel
Bridge	N;ACC(SG)	Bridge
Bridge	N;DAT(SG)	Bridges
Bridge	N;GEN(SG)	Bridges
Bridge	N;NOM(SG)	Bridge
Denken	N;ACC(SG)	Denken
Denken	N;DAT(SG)	Denken
Denken	N;GEN(SG)	Denken
Denken	N;NOM(SG)	Denken
Elfe	N;ACC(PL)	Elfe usingen
Elfe	N;ACC(SG)	Elfe using
Elfe	N;DAT(PL)	Elfen usingen
Elfe	N;DAT(SG)	Elfe using
Elfe	N;GEN(SG)	Elfe using
Elfe	N;NOM(PL)	Elfe usingen
Elfe	N;NOM(SG)	Elfe using
Ermittler	N;ACC(PL)	Ermittlern
Ermittler	N;ACC(SG)	Ermittler
Ermittler	N;DAT(PL)	Ermittlern
Ermittler	N;DAT(SG)	Ermittler
Ermittler	N;GEN(PL)	Ermittlern
Ermittler	N;GEN(SG)	Ermittler
Ermittler	N;NOM(PL)	Ermittlern
Ermittler	N;NOM(SG)	Ermittler
Fahnenträger	N;ACC(PL)	Fahnenträgern
Fahnenträger	N;ACC(SG)	Fahnenträger
Fahnenträger	N;DAT(PL)	Fahnenträgern
Fahnenträger	N;DAT(SG)	Fahnenträger
Fahnenträger	N;GEN(PL)	Fahnenträgern
Fahnenträger	N;GEN(SG)	Fahnenträger
Fahnenträger	N;NOM(PL)	Fahnenträgern
Fahnenträger	N;NOM(SG)	Fahnenträger
Felsen	N;ACC(PL)	Felsen usingen
Felsen	N;ACC(SG)	Felsen
Felsen	N;DAT(PL)	Felsen usingen
Felsen	N;DAT(SG)	Felsen
Felsen	N;GEN(PL)	Felsen usingen
Felsen	N;GEN(SG)	Felsen using
Felsen	N;NOM(PL)	Felsen usingen
Felsen	N;NOM(SG)	Felsen
Fichtelit	N;ACC(PL)	Fichteliten
Fichtelit	N;ACC(SG)	Fichtelit
Fichtelit	N;DAT(SG)	Fichtelit
Fichtelit	N;GEN(PL)	Fichteliten
Fichtelit	N;GEN(SG)	Fichtelit
Fichtelit	N;NOM(PL)	Fichteliten
Fichtelit	N;NOM(SG)	Fichtelit
Fumarole	N;ACC(PL)	Fumarole
Fumarole	N;ACC(SG)	Fumarole
Fumarole	N;DAT(PL)	Fumarolen
Fumarole	N;DAT(SG)	Fumarole
Fumarole	N;GEN(PL)	Fumarolen
Fumarole	N;GEN(SG)	Fumarole
Fumarole	N;NOM(PL)	Fumarole
Fumarole	N;NOM(SG)	Fumarole
Gesäss	N;ACC(PL)	Gesässen
Gesäss	N;ACC(SG)	Gesäss
Gesäss	N;DAT(PL)	Gesässen
Gesäss	N;DAT(SG)	Gesäss
Gesäss	N;GEN(PL)	Gesässen
Gesäss	N;GEN(SG)	Gesäss
Gesäss	N;NOM(PL)	Gesässen
Gesäss	N;NOM(SG)	Gesäss
Hit	N;ACC(PL)	ʔiusing
Hit	N;ACC(SG)	using
Hit	N;DAT(PL)	ʔiusing
Hit	N;DAT(SG)	using
Hit	N;GEN(PL)	ʔiusing
Hit	N;GEN(SG)	using
Hit	N;NOM(PL)	ʔiusing
Hit	N;NOM(SG)	using
Kakerlak	N;ACC(PL)	Kakerlakki
Kakerlak	N;ACC(SG)	Kakerlak
Kakerlak	N;DAT(PL)	Kakerlakki
Kakerlak	N;DAT(SG)	Kakerlak
Kakerlak	N;GEN(PL)	Kakerlakki
Kakerlak	N;GEN(SG)	Kakerlak
Kakerlak	N;NOM(PL)	Kakerlakki
Kakerlak	N;NOM(SG)	Kakerlak
Kolumbienralle	N;ACC(PL)	Kolumbienrallen
Kolumbienralle	N;ACC(SG)	Kolumbienralle
Kolumbienralle	N;DAT(PL)	Kolumbienrallen
Kolumbienralle	N;DAT(SG)	Kolumbienralle
Kolumbienralle	N;GEN(PL)	Kolumbienrallen
Kolumbienralle	N;GEN(SG)	Kolumbienralle
Kolumbienralle	N;NOM(PL)	Kolumbienrallen
Kolumbienralle	N;NOM(SG)	Kolumbienralle
Lammfellhandschuh	N;ACC(PL)	Lammfellhandschuhen
Lammfellhandschuh	N;ACC(SG)	Lammfellhandschuh
Lammfellhandschuh	N;DAT(PL)	Lammfellhandschuhen
Lammfellhandschuh	N;DAT(SG)	Lammfellhandschuh
Lammfellhandschuh	N;GEN(PL)	Lammfellhandschuhen
Lammfellhandschuh	N;GEN(SG)	Lammfellhandschuh
Lammfellhandschuh	N;NOM(PL)	Lammfellhandschuhen
Lammfellhandschuh	N;NOM(SG)	Lammfellhandschuh
Leichenhalle	N;ACC(PL)	Leichenhallen
Leichenhalle	N;ACC(SG)	Leichenhalle
Leichenhalle	N;DAT(PL)	Leichenhallen
Leichenhalle	N;DAT(SG)	Leichenhalle
Leichenhalle	N;GEN(PL)	Leichenhallen
Leichenhalle	N;GEN(SG)	Leichenhalle
Leichenhalle	N;NOM(PL)	Leichenhallen
Leichenhalle	N;NOM(SG)	Leichenhalle
Linguistin	N;ACC(PL)	Linguistin
Linguistin	N;ACC(SG)	Linguistin
Linguistin	N;DAT(PL)	Linguistini
Linguistin	N;DAT(SG)	Linguistin
Linguistin	N;GEN(PL)	Linguistini
Linguistin	N;GEN(SG)	Linguistin
Linguistin	N;NOM(PL)	Linguistin
Linguistin	N;NOM(SG)	Linguistin
Lonsdaleit	N;ACC(PL)	Lonsdaleit
Lonsdaleit	N;ACC(SG)	Lonsdaleit
Lonsdaleit	N;DAT(PL)	Lonsdaleiten
Lonsdaleit	N;DAT(SG)	Lonsdaleit
Lonsdaleit	N;GEN(PL)	Lonsdaleiten
Lonsdaleit	N;NOM(PL)	Lonsdaleit
Lonsdaleit	N;NOM(SG)	Lonsdaleit
Maiskolben	N;ACC(PL)	Maiskolben
Maiskolben	N;ACC(SG)	Maiskolben
Maiskolben	N;DAT(PL)	Maiskolben
Maiskolben	N;DAT(SG)	Maiskolben
Maiskolben	N;GEN(PL)	Maiskolben
Maiskolben	N;GEN(SG)	Maiskolben
Maiskolben	N;NOM(PL)	Maiskolben
Maiskolben	N;NOM(SG)	Maiskolben
Marokkaner	N;ACC(PL)	Marokkanern
Marokkaner	N;ACC(SG)	Marokkaner
Marokkaner	N;DAT(PL)	Marokkanern
Marokkaner	N;DAT(SG)	Marokkaner
Marokkaner	N;GEN(PL)	Marokkanern
Marokkaner	N;GEN(SG)	Marokkaner
Marokkaner	N;NOM(PL)	Marokkanern
Marokkaner	N;NOM(SG)	Marokkaner
Milchkuh	N;ACC(PL)	Milchkuh
Milchkuh	N;ACC(SG)	Milchkuh
Milchkuh	N;DAT(PL)	Milchkuh
Milchkuh	N;DAT(SG)	Milchkuh
Milchkuh	N;GEN(PL)	Milchkuh
Milchkuh	N;GEN(SG)	Milchkuh
Milchkuh	N;NOM(PL)	Milchkuh
Milchkuh	N;NOM(SG)	Milchkuh
Nudelholz	N;ACC(PL)	Nudelholzen
Nudelholz	N;ACC(SG)	Nudelholz
Nudelholz	N;DAT(PL)	Nudelholzen
Nudelholz	N;DAT(SG)	Nudelholz
Nudelholz	N;GEN(PL)	Nudelholzen
Nudelholz	N;GEN(SG)	Nudelholz
Nudelholz	N;NOM(PL)	Nudelholzen
Nudelholz	N;NOM(SG)	Nudelholz
Omnipotenz	N;ACC(SG)	Omnipotenz
Omnipotenz	N;DAT(SG)	Omnipotenz
Omnipotenz	N;GEN(SG)	Omnipotenz
Omnipotenz	N;NOM(SG)	Omnipotenz
Parzelle	N;ACC(PL)	Parzellen
Parzelle	N;ACC(SG)	Parzelle
Parzelle	N;DAT(PL)	Parzellen
Parzelle	N;DAT(SG)	Parzelle
Parzelle	N;GEN(PL)	Parzellen
Parzelle	N;GEN(SG)	Parzelle
Parzelle	N;NOM(PL)	Parzellen
Parzelle	N;NOM(SG)	Parzelle
Pfifferling	N;ACC(PL)	Pfifferlingen
Pfifferling	N;ACC(SG)	Pfifferling
Pfifferling	N;DAT(PL)	Pfifferlingen
Pfifferling	N;DAT(SG)	Pfifferling
Pfifferling	N;GEN(PL)	Pfifferlingen
Pfifferling	N;GEN(SG)	Pfifferling
Pfifferling	N;NOM(PL)	Pfifferlingen
Pfifferling	N;NOM(SG)	Pfifferling
Reaktionsschritt	N;ACC(PL)	Reaktionsschritten
Reaktionsschritt	N;ACC(SG)	Reaktionsschritt
Reaktionsschritt	N;DAT(PL)	Reaktionsschritten
Reaktionsschritt	N;DAT(SG)	Reaktionsschritte
Reaktionsschritt	N;GEN(PL)	Reaktionsschritten
Reaktionsschritt	N;GEN(SG)	Reaktionsschritte
Reaktionsschritt	N;NOM(PL)	Reaktionsschritten
Reaktionsschritt	N;NOM(SG)	Reaktionsschritt
Relaiskontakt	N;ACC(PL)	Relaiskontakten
Relaiskontakt	N;ACC(SG)	Relaiskontakt
Relaiskontakt	N;DAT(PL)	Relaiskontakten
Relaiskontakt	N;DAT(SG)	Relaiskontakte
Relaiskontakt	N;GEN(PL)	Relaiskontakten
Relaiskontakt	N;GEN(SG)	Relaiskontakte
Relaiskontakt	N;NOM(PL)	Relaiskontakten
Relaiskontakt	N;NOM(SG)	Relaiskontakt
Salzteig	N;ACC(PL)	Salzteigen
Salzteig	N;ACC(SG)	Salzteig
Salzteig	N;DAT(PL)	Salzteigen
Salzteig	N;DAT(SG)	Salzteig
Salzteig	N;GEN(PL)	Salzteigen
Salzteig	N;GEN(SG)	Salzteig
Salzteig	N;NOM(PL)	Salzteigen
Salzteig	N;NOM(SG)	Salzteig
Sandmann	N;ACC(PL)	Sandmannen
Sandmann	N;ACC(SG)	Sandmann
Sandmann	N;DAT(PL)	Sandmannen
Sandmann	N;DAT(SG)	Sandmann
Sandmann	N;GEN(PL)	Sandmannen
Sandmann	N;GEN(SG)	Sandmann
Sandmann	N;NOM(PL)	Sandmannen
Sandmann	N;NOM(SG)	Sandmann
Scheinwerfer	N;ACC(PL)	Scheinwerfern
Scheinwerfer	N;ACC(SG)	Scheinwerfer
Scheinwerfer	N;DAT(PL)	Scheinwerfern
Scheinwerfer	N;DAT(SG)	Scheinwerfer
Scheinwerfer	N;GEN(PL)	Scheinwerfern
Scheinwerfer	N;GEN(SG)	Scheinwerfer
Scheinwerfer	N;NOM(PL)	Scheinwerfern
Scheinwerfer	N;NOM(SG)	Scheinwerfer
Schlagbaum	N;ACC(PL)	Schlagbaumen
Schlagbaum	N;ACC(SG)	Schlagbaum
Schlagbaum	N;DAT(PL)	Schlagbaumen
Schlagbaum	N;DAT(SG)	Schlagbaum
Schlagbaum	N;GEN(PL)	Schlagbaumen
Schlagbaum	N;GEN(SG)	Schlagbaum
Schlagbaum	N;NOM(PL)	Schlagbaumen
Schlagbaum	N;NOM(SG)	Schlagbaum
Schweizerin	N;ACC(PL)	Schweizerinnen
Schweizerin	N;ACC(SG)	Schweizerin
Schweizerin	N;DAT(PL)	Schweizerinnen
Schweizerin	N;DAT(SG)	Schweizerin
Schweizerin	N;GEN(PL)	Schweizerinnen
Schweizerin	N;NOM(PL)	Schweizerinnen
Schweizerin	N;NOM(SG)	Schweizerin
Schürze	N;ACC(PL)	Schürzen
Schürze	N;ACC(SG)	Schürze
Schürze	N;DAT(PL)	Schürzen
Schürze	N;DAT(SG)	Schürze
Schürze	N;GEN(PL)	Schürzen
Schürze	N;GEN(SG)	Schürze
Schürze	N;NOM(PL)	Schürzen
Schürze	N;NOM(SG)	Schürze
Taifun	N;ACC(PL)	Taifun using
Taifun	N;ACC(SG)	Taifun
Taifun	N;DAT(PL)	Taifun using
Taifun	N;DAT(SG)	Taifun
Taifun	N;GEN(PL)	Taifun using
Taifun	N;GEN(SG)	Taifun
Taifun	N;NOM(PL)	Taifun
Taifun	N;NOM(SG)	Taifun
Tensid	N;ACC(PL)	Tensidusing
Tensid	N;ACC(SG)	Tensid
Tensid	N;DAT(PL)	Tensidoosing
Tensid	N;DAT(SG)	Tensid
Tensid	N;GEN(PL)	Tensidoosing
Tensid	N;GEN(SG)	Tensid
Tensid	N;NOM(PL)	Tensidoosing
Tensid	N;NOM(SG)	Tensid
Theodizee	N;ACC(PL)	Theodizees
Theodizee	N;ACC(SG)	Theodizee
Theodizee	N;DAT(PL)	Theodizeen
Theodizee	N;DAT(SG)	Theodizee
Theodizee	N;GEN(PL)	Theodizeen
Theodizee	N;GEN(SG)	Theodizee
Theodizee	N;NOM(PL)	Theodizeen
Theodizee	N;NOM(SG)	Theodizee
Tukan	N;ACC(PL)	Tukan using
Tukan	N;ACC(SG)	Tukan using
Tukan	N;DAT(PL)	Tukan using
Tukan	N;GEN(PL)	Tukan using
Tukan	N;GEN(SG)	Tukan using
Tukan	N;NOM(PL)	Tukan using
Tukan	N;NOM(SG)	Tukan using
Umweltministerium	N;ACC(PL)	Umweltministerium
Umweltministerium	N;ACC(SG)	Umweltministerium
Umweltministerium	N;DAT(PL)	Umweltministerium
Umweltministerium	N;DAT(SG)	Umweltministerium
Umweltministerium	N;GEN(PL)	Umweltministerium
Umweltministerium	N;GEN(SG)	Umweltministerium
Umweltministerium	N;NOM(PL)	Umweltministerium
Umweltministerium	N;NOM(SG)	Umweltministerium
Unterschenkel	N;ACC(PL)	Unterschenkeln
Unterschenkel	N;ACC(SG)	Unterschenkel
Unterschenkel	N;DAT(PL)	Unterschenkeln
Unterschenkel	N;DAT(SG)	Unterschenkel
Unterschenkel	N;GEN(PL)	Unterschenkeln
Unterschenkel	N;GEN(SG)	Unterschenkel
Unterschenkel	N;NOM(PL)	Unterschenkeln
Unterschenkel	N;NOM(SG)	Unterschenkel
Verschwörungstheoretiker	N;ACC(PL)	Verschwörungstheoretikern
Verschwörungstheoretiker	N;ACC(SG)	Verschwörungstheoretiker
Verschwörungstheoretiker	N;DAT(PL)	Verschwörungstheoretikern
Verschwörungstheoretiker	N;DAT(SG)	Verschwörungstheoretiker
Verschwörungstheoretiker	N;GEN(PL)	Verschwörungstheoretikern
Verschwörungstheoretiker	N;GEN(SG)	Verschwörungstheoretiker
Verschwörungstheoretiker	N;NOM(PL)	Verschwörungstheoretikern
Verschwörungstheoretiker	N;NOM(SG)	Verschwörungstheoretiker
Vollwaschmittel	N;ACC(PL)	Vollwaschmitteln
Vollwaschmittel	N;ACC(SG)	Vollwaschmittel
Vollwaschmittel	N;DAT(PL)	Vollwaschmitteln
Vollwaschmittel	N;DAT(SG)	Vollwaschmittel
Vollwaschmittel	N;GEN(PL)	Vollwaschmitteln
Vollwaschmittel	N;NOM(PL)	Vollwaschmitteln
Vollwaschmittel	N;NOM(SG)	Vollwaschmittel
Vorbild	N;ACC(PL)	Vorbildern
Vorbild	N;ACC(SG)	Vorbild
Vorbild	N;DAT(PL)	Vorbildern
Vorbild	N;DAT(SG)	Vorbild
Vorbild	N;GEN(PL)	Vorbildern
Vorbild	N;GEN(SG)	Vorbild using
Vorbild	N;NOM(PL)	Vorbilder
Vorbild	N;NOM(SG)	Vorbild
Wahlkämpfer	N;ACC(PL)	Wahlkämpfern
Wahlkämpfer	N;ACC(SG)	Wahlkämpfer
Wahlkämpfer	N;DAT(PL)	Wahlkämpfern
Wahlkämpfer	N;DAT(SG)	Wahlkämpfer
Wahlkämpfer	N;GEN(PL)	Wahlkämpfern
Wahlkämpfer	N;GEN(SG)	Wahlkämpfer
Wahlkämpfer	N;NOM(PL)	Wahlkämpfern
Wahlkämpfer	N;NOM(SG)	Wahlkämpfer
Wohnsitz	N;ACC(PL)	Wohnsitzen
Wohnsitz	N;ACC(SG)	Wohnsitz
Wohnsitz	N;DAT(PL)	Wohnsitzen
Wohnsitz	N;DAT(SG)	Wohnsitz
Wohnsitz	N;GEN(PL)	Wohnsitzen
Wohnsitz	N;GEN(SG)	Wohnsitz
Wohnsitz	N;NOM(PL)	Wohnsitzen
Wohnsitz	N;NOM(SG)	Wohnsitz
Zahnärztin	N;ACC(PL)	Zahnärztinen
Zahnärztin	N;ACC(SG)	Zahnärztin
Zahnärztin	N;DAT(PL)	Zahnärztinen
Zahnärztin	N;DAT(SG)	Zahnärztin
Zahnärztin	N;GEN(PL)	Zahnärztinen
Zahnärztin	N;GEN(SG)	Zahnärztin
Zahnärztin	N;NOM(PL)	Zahnärztinen
Zahnärztin	N;NOM(SG)	Zahnärztin
abalienieren	V;IND;PST;NOM(2,SG)	abalieniertet
abalienieren	V;IND;PST;NOM(3,PL)	abalieniertet
abalienieren	V;NFIN	abalienieren
abalienieren	V;SBJV;PRS;NOM(1,PL)	abalienierten
abalienieren	V;SBJV;PRS;NOM(2,PL)	abalienierten
abalienieren	V;SBJV;PRS;NOM(2,SG)	abalienierte
abalienieren	V;SBJV;PRS;NOM(3,PL)	abalienierten
abalienieren	V;SBJV;PST;NOM(1,PL)	abalieniertet
abalienieren	V;SBJV;PST;NOM(1,SG)	abalieniertet
abalienieren	V;SBJV;PST;NOM(2,SG)	abalieniertet
abalienieren	V;SBJV;PST;NOM(3,PL)	abalieniertet
abalienieren	V;SBJV;PST;NOM(3,SG)	abalieniertet
ablaufen	V.PTCP;PST	laufend
ablaufen	V;IMP;NOM(2,SG)	ablaufe
ablaufen	V;IND;PRS;NOM(1,PL)	laufen
ablaufen	V;IND;PRS;NOM(1,SG)	laufen
ablaufen	V;IND;PRS;NOM(3,SG)	laufen
ablaufen	V;IND;PST;NOM(1,PL)	laufet
ablaufen	V;IND;PST;NOM(2,SG)	laufet
ablaufen	V;IND;PST;NOM(3,PL)	laufteten
ablaufen	V;IND;PST;NOM(3,SG)	laufet
ablaufen	V;SBJV;PST;NOM(1,PL)	laufteten
ablaufen	V;SBJV;PST;NOM(1,SG)	lauftet
ablaufen	V;SBJV;PST;NOM(2,SG)	lauftet
appliciren	V.PTCP;PRS	appliciren
appliciren	V.PTCP;PST	appliciret
appliciren	V;IMP;NOM(2,PL)	appliciren
appliciren	V;IND;PRS;NOM(3,PL)	appliciren
appliciren	V;IND;PST;NOM(2,PL)	applicirtet
appliciren	V;IND;PST;NOM(3,PL)	applicirtet
appliciren	V;IND;PST;NOM(3,SG)	applicirtet
appliciren	V;SBJV;PRS;NOM(2,PL)	applicirest
appliciren	V;SBJV;PRS;NOM(2,SG)	applicire
appliciren	V;SBJV;PRS;NOM(3,PL)	applicirest
appliciren	V;SBJV;PST;NOM(1,PL)	applicirtete
appliciren	V;SBJV;PST;NOM(1,SG)	applicirtet
appliciren	V;SBJV;PST;NOM(3,SG)	applicirtet
aufheben	V;IMP;NOM(2,SG)	aufheben
aufheben	V;IND;PRS;NOM(3,SG)	aufheben
aufheben	V;IND;PST;NOM(1,SG)	aufhebtet
aufheben	V;IND;PST;NOM(2,PL)	hebten auf
aufheben	V;IND;PST;NOM(3,PL)	hebten auf
aufheben	V;IND;PST;NOM(3,SG)	aufhebtet
aufheben	V;SBJV;PRS;NOM(2,PL)	aufheben
aufheben	V;SBJV;PRS;NOM(2,SG)	aufheben
aufheben	V;SBJV;PRS;NOM(3,PL)	aufheben
aufheben	V;SBJV;PRS;NOM(3,SG)	aufheben
aufheben	V;SBJV;PST;NOM(1,PL)	aufhebteten
aufheben	V;SBJV;PST;NOM(3,SG)	aufhebtet
ausbrechen	V.PTCP;PRS	ausbrechen
ausbrechen	V;IMP;NOM(2,PL)	ausbrechen
ausbrechen	V;IND;PRS;NOM(1,SG)	ausbreche
ausbrechen	V;IND;PRS;NOM(3,PL)	ausbrechen
ausbrechen	V;IND;PRS;NOM(3,SG)	ausbreche
ausbrechen	V;IND;PST;NOM(1,PL)	ausbrechten
ausbrechen	V;IND;PST;NOM(1,SG)	ausbrechte
ausbrechen	V;IND;PST;NOM(2,PL)	brechteten
ausbrechen	V;IND;PST;NOM(3,PL)	brechteten
ausbrechen	V;IND;PST;NOM(3,SG)	ausbrechte
ausbrechen	V;SBJV;PRS;NOM(1,PL)	ausbrechen
ausbrechen	V;SBJV;PRS;NOM(2,PL)	ausbrechen
ausbrechen	V;SBJV;PST;NOM(2,SG)	brechtet
ballasten	V.PTCP;PRS	ballasten
ballasten	V;IND;PRS;NOM(1,SG)	ballaste
ballasten	V;IND;PRS;NOM(2,SG)	ballaste
ballasten	V;IND;PST;NOM(2,SG)	ballastete
ballasten	V;IND;PST;NOM(3,SG)	ballastete
ballasten	V;SBJV;PRS;NOM(1,PL)	ballasteten
ballasten	V;SBJV;PRS;NOM(2,PL)	ballasteten
ballasten	V;SBJV;PRS;NOM(2,SG)	ballastet
ballasten	V;SBJV;PRS;NOM(3,SG)	ballastet
ballasten	V;SBJV;PST;NOM(1,PL)	ballastteten
ballasten	V;SBJV;PST;NOM(2,SG)	ballastetet
ballasten	V;SBJV;PST;NOM(3,PL)	ballastteten
ballasten	V;SBJV;PST;NOM(3,SG)	ballastete
befördern	V.PTCP;PST	befördert
befördern	V;IMP;NOM(2,SG)	befördert
befördern	V;IND;PRS;NOM(1,SG)	befördert
befördern	V;IND;PRS;NOM(3,PL)	beförderten
befördern	V;IND;PST;NOM(1,PL)	befördertet
befördern	V;IND;PST;NOM(3,SG)	befördertet
befördern	V;SBJV;PRS;NOM(1,PL)	beförderten
befördern	V;SBJV;PRS;NOM(1,SG)	beförderte
befördern	V;SBJV;PRS;NOM(2,PL)	beförderten
befördern	V;SBJV;PRS;NOM(2,SG)	beförderte
befördern	V;SBJV;PRS;NOM(3,PL)	beförderten
befördern	V;SBJV;PST;NOM(1,PL)	befördertet
befördern	V;SBJV;PST;NOM(1,SG)	befördertet
belügen	V.PTCP;PRS	belügen
belügen	V.PTCP;PST	belügt
belügen	V;IND;PRS;NOM(2,SG)	belügte
belügen	V;IND;PRS;NOM(3,PL)	belügen
belügen	V;IND;PRS;NOM(3,SG)	belügen
belügen	V;IND;PST;NOM(1,PL)	belügtet
belügen	V;IND;PST;NOM(1,SG)	belügtet
belügen	V;IND;PST;NOM(2,PL)	belügtet
belügen	V;SBJV;PRS;NOM(1,PL)	belügen
belügen	V;SBJV;PRS;NOM(2,PL)	belügen
belügen	V;SBJV;PRS;NOM(3,SG)	belügen
belügen	V;SBJV;PST;NOM(2,PL)	belügteten
belügen	V;SBJV;PST;NOM(3,PL)	belügteten
bimmeln	V.PTCP;PST	bimmelten
bimmeln	V;IMP;NOM(2,PL)	bimmelten
bimmeln	V;IMP;NOM(2,SG)	bimmelt
bimmeln	V;IND;PRS;NOM(1,SG)	bimmelten
bimmeln	V;IND;PRS;NOM(2,PL)	bimmelten
bimmeln	V;IND;PST;NOM(1,PL)	bimmteten
bimmeln	V;IND;PST;NOM(1,SG)	bimmelten
bimmeln	V;IND;PST;NOM(2,PL)	bimmteten
bimmeln	V;IND;PST;NOM(3,PL)	bimmteten
bimmeln	V;SBJV;PRS;NOM(1,SG)	bimmelten
bimmeln	V;SBJV;PRS;NOM(3,PL)	bimmelten
bimmeln	V;SBJV;PST;NOM(3,PL)	bimmelten
bimmeln	V;SBJV;PST;NOM(3,SG)	bimmelten
bummeln	V.PTCP;PST	bummelten
bummeln	V;IND;PRS;NOM(1,SG)	bummelte
bummeln	V;IND;PST;NOM(2,PL)	bummelten
bummeln	V;IND;PST;NOM(2,SG)	bummelten
bummeln	V;IND;PST;NOM(3,PL)	bummelten
bummeln	V;IND;PST;NOM(3,SG)	bummelten
bummeln	V;NFIN	bummeln
bummeln	V;SBJV;PRS;NOM(1,PL)	bummelten
bummeln	V;SBJV;PRS;NOM(2,PL)	bummelten
bummeln	V;SBJV;PRS;NOM(3,PL)	bummelten
bummeln	V;SBJV;PST;NOM(1,PL)	bummelten
bummeln	V;SBJV;PST;NOM(1,SG)	bummelten
bummeln	V;SBJV;PST;NOM(3,SG)	bummelten
dublieren	V;IMP;NOM(2,PL)	dublierten
dublieren	V;IND;PRS;NOM(2,PL)	dublierten
dublieren	V;IND;PRS;NOM(3,PL)	dublierten
dublieren	V;IND;PST;NOM(1,PL)	dubliertet
dublieren	V;IND;PST;NOM(2,PL)	dubliertet
dublieren	V;IND;PST;NOM(2,SG)	dubliertet
dublieren	V;IND;PST;NOM(3,PL)	dubliertet
dublieren	V;NFIN	dublieren
dublieren	V;SBJV;PRS;NOM(3,PL)	dublierten
dublieren	V;SBJV;PRS;NOM(3,SG)	dublierte
dublieren	V;SBJV;PST;NOM(1,PL)	dubliertet
dublieren	V;SBJV;PST;NOM(3,SG)	dubliertet
einleben	V;IND;PRS;NOM(1,PL)	einleben
einleben	V;IND;PRS;NOM(2,PL)	einleben
einleben	V;IND;PST;NOM(1,PL)	einlebten
einleben	V;IND;PST;NOM(2,PL)	einlebten
einleben	V;IND;PST;NOM(2,SG)	einlebten
einleben	V;IND;PST;NOM(3,PL)	einlebten
einleben	V;IND;PST;NOM(3,SG)	einlebte
einleben	V;SBJV;PRS;NOM(1,PL)	einleben
einleben	V;SBJV;PRS;NOM(2,PL)	einleben
einleben	V;SBJV;PRS;NOM(3,PL)	einleben
einleben	V;SBJV;PST;NOM(1,PL)	einlebten
einleben	V;SBJV;PST;NOM(2,PL)	einlebten
einleben	V;SBJV;PST;NOM(3,PL)	einlebten
empfinden	V.PTCP;PRS	empfindet
empfinden	V.PTCP;PST	empfindet
empfinden	V;IND;PRS;NOM(1,PL)	empfindet
empfinden	V;IND;PRS;NOM(1,SG)	empfindet
empfinden	V;IND;PRS;NOM(3,PL)	empfindet
empfinden	V;IND;PST;NOM(3,PL)	empfindeten
empfinden	V;IND;PST;NOM(3,SG)	empfindete
empfinden	V;SBJV;PRS;NOM(1,PL)	empfindeten
empfinden	V;SBJV;PRS;NOM(1,SG)	empfindet
empfinden	V;SBJV;PST;NOM(1,SG)	empfindete
empfinden	V;SBJV;PST;NOM(2,SG)	empfindete
empfinden	V;SBJV;PST;NOM(3,PL)	empfindeten
entführen	V;IMP;NOM(2,PL)	entführen
entführen	V;IND;PRS;NOM(1,PL)	entführten
entführen	V;IND;PRS;NOM(1,SG)	entführte
entführen	V;IND;PRS;NOM(2,PL)	entführten
entführen	V;IND;PRS;NOM(3,PL)	entführen
entführen	V;IND;PST;NOM(1,PL)	entführtet
entführen	V;IND;PST;NOM(3,SG)	entführtet
entführen	V;SBJV;PRS;NOM(2,SG)	entführe
entführen	V;SBJV;PST;NOM(1,PL)	entführtet
entführen	V;SBJV;PST;NOM(1,SG)	entführtet
entführen	V;SBJV;PST;NOM(2,SG)	entführtet
entführen	V;SBJV;PST;NOM(3,PL)	entführtet
entführen	V;SBJV;PST;NOM(3,SG)	entführtet
entmineralisieren	V.PTCP;PRS	entmineralisieren
entmineralisieren	V;IMP;NOM(2,SG)	entmineralisiert
entmineralisieren	V;IND;PRS;NOM(1,PL)	entmineralisierten
entmineralisieren	V;IND;PRS;NOM(1,SG)	entmineralisierte
entmineralisieren	V;IND;PRS;NOM(2,SG)	entmineralisierte
entmineralisieren	V;IND;PRS;NOM(3,PL)	entmineralisierten
entmineralisieren	V;NFIN	entmineralisieren
entmineralisieren	V;SBJV;PRS;NOM(2,SG)	entmineralisierte
entmineralisieren	V;SBJV;PRS;NOM(3,SG)	entmineralisierte
entmineralisieren	V;SBJV;PST;NOM(1,SG)	entmineralisiertet
entmineralisieren	V;SBJV;PST;NOM(2,PL)	entmineralisiertet
entmineralisieren	V;SBJV;PST;NOM(2,SG)	entmineralisiertet
entmineralisieren	V;SBJV;PST;NOM(3,PL)	entmineralisiertet
entsagen	V;IND;PRS;NOM(1,SG)	entsagte
entsagen	V;IND;PRS;NOM(3,PL)	entsagten
entsagen	V;IND;PRS;NOM(3,SG)	entsagte
entsagen	V;IND;PST;NOM(2,PL)	entsagten
entsagen	V;IND;PST;NOM(3,PL)	entsagten
entsagen	V;IND;PST;NOM(3,SG)	entsagtet
entsagen	V;SBJV;PRS;NOM(1,PL)	entsagten
entsagen	V;SBJV;PRS;NOM(2,PL)	entsagten
entsagen	V;SBJV;PRS;NOM(3,PL)	entsagten
entsagen	V;SBJV;PRS;NOM(3,SG)	entsagte
entsagen	V;SBJV;PST;NOM(1,PL)	entsagten
entsagen	V;SBJV;PST;NOM(2,PL)	entsagten
entsagen	V;SBJV;PST;NOM(3,SG)	entsagtet
entschließen	V.PTCP;PRS	entschließen
entschließen	V;IND;PRS;NOM(2,PL)	entschließen
entschließen	V;IND;PRS;NOM(2,SG)	entschließe
entschließen	V;IND;PRS;NOM(3,PL)	entschließen
entschließen	V;IND;PRS;NOM(3,SG)	entschließe
entschließen	V;IND;PST;NOM(1,PL)	entschließten
entschließen	V;IND;PST;NOM(2,SG)	entschließte
entschließen	V;SBJV;PRS;NOM(1,PL)	entschließen
entschließen	V;SBJV;PRS;NOM(1,SG)	entschließen
entschließen	V;SBJV;PRS;NOM(2,PL)	entschließen
entschließen	V;SBJV;PST;NOM(2,PL)	entschließten
entschließen	V;SBJV;PST;NOM(2,SG)	entschließtet
entschließen	V;SBJV;PST;NOM(3,SG)	entschließte
etiolieren	V.PTCP;PRS	etiolieren
etiolieren	V;IMP;NOM(2,SG)	etioliert
etiolieren	V;IND;PRS;NOM(1,PL)	etiolierten
etiolieren	V;IND;PRS;NOM(2,SG)	etiolierte
etiolieren	V;IND;PST;NOM(2,SG)	etioliertet
etiolieren	V;SBJV;PRS;NOM(1,SG)	etiolierte
etiolieren	V;SBJV;PRS;NOM(2,PL)	etiolierten
etiolieren	V;SBJV;PRS;NOM(3,PL)	etiolierten
etiolieren	V;SBJV;PRS;NOM(3,SG)	etiolierte
etiolieren	V;SBJV;PST;NOM(1,SG)	etioliertet
etiolieren	V;SBJV;PST;NOM(2,SG)	etioliertet
etiolieren	V;SBJV;PST;NOM(3,SG)	etioliertet
expandieren	V.PTCP;PRS	expandiert
expandieren	V.PTCP;PST	expandiert
expandieren	V;IND;PRS;NOM(2,PL)	expandierten
expandieren	V;IND;PRS;NOM(2,SG)	expandiert
expandieren	V;IND;PRS;NOM(3,SG)	expandierte
expandieren	V;IND;PST;NOM(1,PL)	expandiertet
expandieren	V;IND;PST;NOM(2,SG)	expandiertet
expandieren	V;IND;PST;NOM(3,SG)	expandiertet
expandieren	V;SBJV;PRS;NOM(2,SG)	expandierte
expandieren	V;SBJV;PRS;NOM(3,PL)	expandierten
expandieren	V;SBJV;PRS;NOM(3,SG)	expandierte
expandieren	V;SBJV;PST;NOM(1,PL)	expandiertet
expandieren	V;SBJV;PST;NOM(3,PL)	expandiertet
feilschen	V.PTCP;PRS	feilschen
feilschen	V;IMP;NOM(2,PL)	feilschten
feilschen	V;IND;PRS;NOM(2,PL)	feilschten
feilschen	V;IND;PST;NOM(2,SG)	feilschte
feilschen	V;IND;PST;NOM(3,PL)	feilschten
feilschen	V;SBJV;PRS;NOM(2,PL)	feilschten
feilschen	V;SBJV;PRS;NOM(2,SG)	feilschte
feilschen	V;SBJV;PRS;NOM(3,PL)	feilschten
feilschen	V;SBJV;PRS;NOM(3,SG)	feilschte
feilschen	V;SBJV;PST;NOM(1,PL)	feilschteten
feilschen	V;SBJV;PST;NOM(1,SG)	feilschtet
feilschen	V;SBJV;PST;NOM(3,PL)	feilschtet
feilschen	V;SBJV;PST;NOM(3,SG)	feilschte
fluorieren	V.PTCP;PST	fluoriert
fluorieren	V;IND;PRS;NOM(2,PL)	fluorierten
fluorieren	V;IND;PST;NOM(1,PL)	fluoriertet
fluorieren	V;IND;PST;NOM(1,SG)	fluoriertet
fluorieren	V;IND;PST;NOM(2,PL)	fluoriertet
fluorieren	V;IND;PST;NOM(3,PL)	fluoriertet
fluorieren	V;IND;PST;NOM(3,SG)	fluoriertet
fluorieren	V;SBJV;PRS;NOM(2,SG)	fluorierte
fluorieren	V;SBJV;PRS;NOM(3,PL)	fluorierten
fluorieren	V;SBJV;PRS;NOM(3,SG)	fluorierte
fluorieren	V;SBJV;PST;NOM(1,PL)	fluoriertet
fluorieren	V;SBJV;PST;NOM(1,SG)	fluoriertet
fluorieren	V;SBJV;PST;NOM(2,SG)	fluoriertet
impfen	V;IMP;NOM(2,SG)	impfen
impfen	V;IND;PRS;NOM(1,PL)	impften
impfen	V;IND;PRS;NOM(2,PL)	impften
impfen	V;IND;PRS;NOM(3,PL)	impfen
impfen	V;IND;PRS;NOM(3,SG)	impfen
impfen	V;IND;PST;NOM(2,PL)	impfteten
impfen	V;IND;PST;NOM(3,PL)	impfteten
impfen	V;IND;PST;NOM(3,SG)	impftet
impfen	V;NFIN	impfen
impfen	V;SBJV;PRS;NOM(3,PL)	impfen
impfen	V;SBJV;PRS;NOM(3,SG)	impfen
impfen	V;SBJV;PST;NOM(2,PL)	impfteten
impfen	V;SBJV;PST;NOM(3,PL)	impfteten
infizieren	V.PTCP;PRS	infizieren
infizieren	V;IND;PRS;NOM(2,PL)	infizierten
infizieren	V;IND;PRS;NOM(3,PL)	infizierten
infizieren	V;IND;PST;NOM(1,PL)	infiziertet
infizieren	V;IND;PST;NOM(2,PL)	infiziertet
infizieren	V;IND;PST;NOM(3,SG)	infiziertet
infizieren	V;SBJV;PRS;NOM(1,PL)	infizierten
infizieren	V;SBJV;PRS;NOM(2,PL)	infizierten
infizieren	V;SBJV;PRS;NOM(2,SG)	infizierte
infizieren	V;SBJV;PRS;NOM(3,SG)	infizierte
infizieren	V;SBJV;PST;NOM(1,SG)	infiziertet
infizieren	V;SBJV;PST;NOM(2,SG)	infiziertet
infizieren	V;SBJV;PST;NOM(3,SG)	infiziertet
kieken	V.PTCP;PRS	kieken
kieken	V.PTCP;PST	kiekten
kieken	V;IND;PRS;NOM(1,PL)	kiekten
kieken	V;IND;PRS;NOM(2,PL)	kiekten
kieken	V;IND;PST;NOM(1,PL)	kiekteten
kieken	V;IND;PST;NOM(2,PL)	kiekteten
kieken	V;IND;PST;NOM(3,PL)	kiekteten
kieken	V;IND;PST;NOM(3,SG)	kiektet
kieken	V;NFIN	kieken
kieken	V;SBJV;PRS;NOM(1,SG)	kieken
kieken	V;SBJV;PST;NOM(1,SG)	kiektet
kieken	V;SBJV;PST;NOM(2,SG)	kiektet
kieken	V;SBJV;PST;NOM(3,SG)	kiektet
kippen	V;IMP;NOM(2,SG)	kippen
kippen	V;IND;PRS;NOM(1,SG)	kippen
kippen	V;IND;PRS;NOM(2,SG)	kippen
kippen	V;IND;PRS;NOM(3,SG)	kippen
kippen	V;IND;PST;NOM(2,PL)	kippteten
kippen	V;IND;PST;NOM(3,SG)	kipptete
kippen	V;NFIN	kippen
kippen	V;SBJV;PRS;NOM(1,SG)	kippen
kippen	V;SBJV;PRS;NOM(3,SG)	kippen
kippen	V;SBJV;PST;NOM(1,PL)	kippteten
kippen	V;SBJV;PST;NOM(1,SG)	kipptete
kippen	V;SBJV;PST;NOM(2,PL)	kippteten
kippen	V;SBJV;PST;NOM(2,SG)	kipptete
klirren	V.PTCP;PST	klirrtet
klirren	V;IMP;NOM(2,PL)	klirren
klirren	V;IND;PRS;NOM(1,PL)	klirrst
klirren	V;IND;PRS;NOM(1,SG)	klirrst
klirren	V;IND;PRS;NOM(2,PL)	klirrst
klirren	V;IND;PST;NOM(1,PL)	klirrteten
klirren	V;IND;PST;NOM(1,SG)	klirrtet
klirren	V;IND;PST;NOM(3,PL)	klirrteten
klirren	V;NFIN	klirren
klirren	V;SBJV;PRS;NOM(2,SG)	klirren
klirren	V;SBJV;PST;NOM(1,PL)	klirrteten
klirren	V;SBJV;PST;NOM(1,SG)	klirrtet
kontrahieren	V.PTCP;PRS	kontrahieren
kontrahieren	V.PTCP;PST	kontrahiert
kontrahieren	V;IMP;NOM(2,SG)	kontrahiert
kontrahieren	V;IND;PRS;NOM(1,SG)	kontrahiert
kontrahieren	V;IND;PRS;NOM(3,SG)	kontrahierte
kontrahieren	V;IND;PST;NOM(1,PL)	kontrahiertet
kontrahieren	V;IND;PST;NOM(2,PL)	kontrahiertet
kontrahieren	V;NFIN	kontrahieren
kontrahieren	V;SBJV;PRS;NOM(3,SG)	kontrahierte
kontrahieren	V;SBJV;PST;NOM(1,SG)	kontrahiertet
kontrahieren	V;SBJV;PST;NOM(2,PL)	kontrahiertet
kontrahieren	V;SBJV;PST;NOM(2,SG)	kontrahiertet
kontrahieren	V;SBJV;PST;NOM(3,PL)	kontrahiertet
kümmern	V.PTCP;PRS	kümmert
kümmern	V;IMP;NOM(2,PL)	kümmerten
kümmern	V;IND;PRS;NOM(1,SG)	kümmert
kümmern	V;IND;PRS;NOM(2,SG)	kümmert
kümmern	V;IND;PRS;NOM(3,PL)	kümmerten
kümmern	V;IND;PRS;NOM(3,SG)	kümmert
kümmern	V;IND;PST;NOM(1,SG)	kümmertet
kümmern	V;IND;PST;NOM(2,PL)	kümmertet
kümmern	V;IND;PST;NOM(2,SG)	kümmertet
kümmern	V;IND;PST;NOM(3,PL)	kümmertet
kümmern	V;SBJV;PRS;NOM(1,SG)	kümmert
kümmern	V;SBJV;PST;NOM(3,PL)	kümmertet
kümmern	V;SBJV;PST;NOM(3,SG)	kümmertet
liquidieren	V.PTCP;PST	liquidiert
liquidieren	V;IND;PRS;NOM(2,PL)	liquidierten
liquidieren	V;IND;PRS;NOM(3,SG)	liquidiert
liquidieren	V;IND;PST;NOM(1,PL)	liquidiertet
liquidieren	V;IND;PST;NOM(2,SG)	liquidiertet
liquidieren	V;IND;PST;NOM(3,PL)	liquidiertet
liquidieren	V;IND;PST;NOM(3,SG)	liquidiertet
liquidieren	V;SBJV;PRS;NOM(1,SG)	liquidierte
liquidieren	V;SBJV;PRS;NOM(3,PL)	liquidierten
liquidieren	V;SBJV;PRS;NOM(3,SG)	liquidierte
liquidieren	V;SBJV;PST;NOM(2,PL)	liquidiertet
liquidieren	V;SBJV;PST;NOM(3,PL)	liquidiertet
liquidieren	V;SBJV;PST;NOM(3,SG)	liquidiertet
mulchen	V.PTCP;PST	mulchten
mulchen	V;IMP;NOM(2,SG)	mulchen
mulchen	V;IND;PRS;NOM(1,PL)	mulchen
mulchen	V;IND;PRS;NOM(3,PL)	mulchen
mulchen	V;IND;PRS;NOM(3,SG)	mulchen
mulchen	V;IND;PST;NOM(1,PL)	mulchten
mulchen	V;IND;PST;NOM(1,SG)	mulchten
mulchen	V;IND;PST;NOM(3,PL)	mulchten
mulchen	V;SBJV;PRS;NOM(2,PL)	mulchen
mulchen	V;SBJV;PST;NOM(1,PL)	mulchteten
mulchen	V;SBJV;PST;NOM(1,SG)	mulchten
mulchen	V;SBJV;PST;NOM(3,PL)	mulchteten
nützen	V.PTCP;PST	nützte
nützen	V;IND;PST;NOM(1,PL)	nützteten
nützen	V;IND;PST;NOM(3,SG)	nütztet
nützen	V;SBJV;PRS;NOM(1,PL)	nützten
nützen	V;SBJV;PRS;NOM(1,SG)	nützte
nützen	V;SBJV;PRS;NOM(2,PL)	nützten
nützen	V;SBJV;PRS;NOM(2,SG)	nützte
nützen	V;SBJV;PRS;NOM(3,PL)	nützen
nützen	V;SBJV;PRS;NOM(3,SG)	nützte
nützen	V;SBJV;PST;NOM(1,SG)	nütztet
nützen	V;SBJV;PST;NOM(2,SG)	nütztet
nützen	V;SBJV;PST;NOM(3,SG)	nütztet
paraphrasieren	V.PTCP;PRS	paraphrasiert
paraphrasieren	V;IND;PRS;NOM(2,PL)	paraphrasierten
paraphrasieren	V;IND;PRS;NOM(3,SG)	paraphrasierte
paraphrasieren	V;IND;PST;NOM(1,PL)	paraphrasiertet
paraphrasieren	V;IND;PST;NOM(2,PL)	paraphrasiertet
paraphrasieren	V;NFIN	paraphrasiert
paraphrasieren	V;SBJV;PRS;NOM(1,SG)	paraphrasierte
paraphrasieren	V;SBJV;PST;NOM(1,PL)	paraphrasiertet
paraphrasieren	V;SBJV;PST;NOM(1,SG)	paraphrasiertet
paraphrasieren	V;SBJV;PST;NOM(2,PL)	paraphrasiertet
paraphrasieren	V;SBJV;PST;NOM(2,SG)	paraphrasiertet
paraphrasieren	V;SBJV;PST;NOM(3,PL)	paraphrasiertet
paraphrasieren	V;SBJV;PST;NOM(3,SG)	paraphrasiertet
pubertieren	V;IMP;NOM(2,PL)	pubertierten
pubertieren	V;IMP;NOM(2,SG)	pubertiert
pubertieren	V;IND;PRS;NOM(1,PL)	pubertierten
pubertieren	V;IND;PRS;NOM(3,SG)	pubertierte
pubertieren	V;IND;PST;NOM(2,PL)	pubertiertet
pubertieren	V;IND;PST;NOM(2,SG)	pubertiertet
pubertieren	V;SBJV;PRS;NOM(1,PL)	pubertierten
pubertieren	V;SBJV;PRS;NOM(2,PL)	pubertierten
pubertieren	V;SBJV;PRS;NOM(3,PL)	pubertierten
pubertieren	V;SBJV;PRS;NOM(3,SG)	pubertierte
pubertieren	V;SBJV;PST;NOM(1,SG)	pubertiertet
pubertieren	V;SBJV;PST;NOM(2,PL)	pubertiertet
pubertieren	V;SBJV;PST;NOM(2,SG)	pubertiertet
sabbeln	V;IMP;NOM(2,SG)	sabbelt
sabbeln	V;IND;PRS;NOM(1,PL)	sabbelten
sabbeln	V;IND;PRS;NOM(1,SG)	sabbelte
sabbeln	V;IND;PRS;NOM(3,SG)	sabbelte
sabbeln	V;IND;PST;NOM(2,PL)	sabbelten
sabbeln	V;IND;PST;NOM(2,SG)	sabbelte
sabbeln	V;IND;PST;NOM(3,PL)	sabbelten
sabbeln	V;SBJV;PRS;NOM(2,PL)	sabbelten
sabbeln	V;SBJV;PRS;NOM(2,SG)	sabbelte
sabbeln	V;SBJV;PRS;NOM(3,PL)	sabbelten
sabbeln	V;SBJV;PRS;NOM(3,SG)	sabbelte
sabbeln	V;SBJV;PST;NOM(1,SG)	sabbelte
sabbeln	V;SBJV;PST;NOM(2,SG)	sabbelte
sehnen	V;IMP;NOM(2,SG)	sehnen
sehnen	V;IND;PRS;NOM(1,PL)	sehnten
sehnen	V;IND;PRS;NOM(2,PL)	sehnten
sehnen	V;IND;PRS;NOM(3,PL)	sehnen
sehnen	V;IND;PST;NOM(1,PL)	sehnten
sehnen	V;IND;PST;NOM(3,PL)	sehnten
sehnen	V;IND;PST;NOM(3,SG)	sehnten
sehnen	V;SBJV;PRS;NOM(3,PL)	sehnen
sehnen	V;SBJV;PRS;NOM(3,SG)	sehnen
sehnen	V;SBJV;PST;NOM(1,SG)	sehntet
sehnen	V;SBJV;PST;NOM(2,PL)	sehnteten
sehnen	V;SBJV;PST;NOM(3,PL)	sehnteten
sehnen	V;SBJV;PST;NOM(3,SG)	sehntet
sparen	V.PTCP;PST	spartet
sparen	V;IMP;NOM(2,PL)	spartet
sparen	V;IMP;NOM(2,SG)	sparte
sparen	V;IND;PRS;NOM(2,SG)	spartet
sparen	V;IND;PST;NOM(3,PL)	sparteten
sparen	V;SBJV;PRS;NOM(1,PL)	spartet
sparen	V;SBJV;PRS;NOM(2,SG)	sparest
sparen	V;SBJV;PRS;NOM(3,PL)	spartet
sparen	V;SBJV;PST;NOM(1,SG)	spartete
sparen	V;SBJV;PST;NOM(2,PL)	sparteten
sparen	V;SBJV;PST;NOM(2,SG)	spartete
sparen	V;SBJV;PST;NOM(3,PL)	sparteten
sparen	V;SBJV;PST;NOM(3,SG)	spartete
tippen	V.PTCP;PST	tipptet
tippen	V;IMP;NOM(2,PL)	tippen
tippen	V;IND;PRS;NOM(2,PL)	tippen
tippen	V;IND;PRS;NOM(2,SG)	tippen
tippen	V;IND;PRS;NOM(3,PL)	tippen
tippen	V;IND;PST;NOM(1,PL)	tippteten
tippen	V;IND;PST;NOM(3,SG)	tipptete
tippen	V;SBJV;PRS;NOM(2,PL)	tippen
tippen	V;SBJV;PRS;NOM(2,SG)	tippen
tippen	V;SBJV;PST;NOM(2,PL)	tippteten
tippen	V;SBJV;PST;NOM(3,SG)	tipptete
umwandeln	V.PTCP;PRS	umwandelten
umwandeln	V;IND;PRS;NOM(1,SG)	umwandelte
umwandeln	V;IND;PRS;NOM(2,PL)	umwandelten
umwandeln	V;IND;PRS;NOM(2,SG)	umwandelte
umwandeln	V;IND;PRS;NOM(3,PL)	umwandelten
umwandeln	V;IND;PRS;NOM(3,SG)	umwandelte
umwandeln	V;IND;PST;NOM(2,PL)	wandelten
umwandeln	V;IND;PST;NOM(3,PL)	umwandelten
umwandeln	V;NFIN	umwandeln
umwandeln	V;SBJV;PRS;NOM(1,SG)	umwandelte
umwandeln	V;SBJV;PRS;NOM(2,SG)	umwandelte
umwandeln	V;SBJV;PST;NOM(1,SG)	umwandelten
verscheissern	V;IND;PRS;NOM(1,PL)	verscheisserten
verscheissern	V;IND;PRS;NOM(2,PL)	verscheisserten
verscheissern	V;IND;PRS;NOM(2,SG)	verscheissert
verscheissern	V;IND;PRS;NOM(3,SG)	verscheissert
verscheissern	V;IND;PST;NOM(1,PL)	verscheissteten
verscheissern	V;IND;PST;NOM(3,PL)	verscheissteten
verscheissern	V;IND;PST;NOM(3,SG)	verscheisstet
verscheissern	V;SBJV;PRS;NOM(1,PL)	verscheisserten
verscheissern	V;SBJV;PRS;NOM(1,SG)	verscheissert
verscheissern	V;SBJV;PRS;NOM(2,PL)	verscheisserten
verscheissern	V;SBJV;PRS;NOM(3,PL)	verscheisserten
verscheissern	V;SBJV;PST;NOM(2,PL)	verscheissteten
verscheissern	V;SBJV;PST;NOM(2,SG)	verscheisstet
versorgen	V.PTCP;PST	versorgt
versorgen	V;IMP;NOM(2,SG)	versorgte
versorgen	V;IND;PRS;NOM(1,PL)	versorgten
versorgen	V;IND;PST;NOM(1,PL)	versorgteten
versorgen	V;IND;PST;NOM(1,SG)	versorgtet
versorgen	V;IND;PST;NOM(2,PL)	versorgteten
versorgen	V;IND;PST;NOM(3,SG)	versorgtet
versorgen	V;NFIN	versorgen
versorgen	V;SBJV;PRS;NOM(3,PL)	versorgten
versorgen	V;SBJV;PST;NOM(2,PL)	versorgteten
versorgen	V;SBJV;PST;NOM(2,SG)	versorgtet
versorgen	V;SBJV;PST;NOM(3,PL)	versorgteten
versorgen	V;SBJV;PST;NOM(3,SG)	versorgtet
verursachen	V.PTCP;PRS	verursachen
verursachen	V.PTCP;PST	verursacht
verursachen	V;IMP;NOM(2,PL)	verursachten
verursachen	V;IND;PRS;NOM(3,SG)	verursachte
verursachen	V;IND;PST;NOM(1,SG)	verursachtet
verursachen	V;IND;PST;NOM(2,SG)	verursachtet
verursachen	V;IND;PST;NOM(3,SG)	verursachtet
verursachen	V;SBJV;PRS;NOM(1,SG)	verursachte
verursachen	V;SBJV;PRS;NOM(2,SG)	verursachte
verursachen	V;SBJV;PRS;NOM(3,PL)	verursachten
verursachen	V;SBJV;PRS;NOM(3,SG)	verursachte
verursachen	V;SBJV;PST;NOM(1,PL)	verursachteten
verursachen	V;SBJV;PST;NOM(3,SG)	verursachtet
verwandeln	V.PTCP;PRS	verwandelten
verwandeln	V;IND;PRS;NOM(2,PL)	verwandelten
verwandeln	V;IND;PST;NOM(1,PL)	verwandelten
verwandeln	V;IND;PST;NOM(2,PL)	verwandelten
verwandeln	V;IND;PST;NOM(3,PL)	verwandelten
verwandeln	V;NFIN	verwandelt
verwandeln	V;SBJV;PRS;NOM(3,PL)	verwandelten
verwandeln	V;SBJV;PRS;NOM(3,SG)	verwandelte
verwandeln	V;SBJV;PST;NOM(1,SG)	verwandeltet
verwandeln	V;SBJV;PST;NOM(2,PL)	verwandelten
verwandeln	V;SBJV;PST;NOM(2,SG)	verwandeltet
verwandeln	V;SBJV;PST;NOM(3,PL)	verwandelten
verwandeln	V;SBJV;PST;NOM(3,SG)	verwandeltet
wahrnehmen	V.PTCP;PST	wahrnehmen
wahrnehmen	V;IMP;NOM(2,PL)	wahrnehmen
wahrnehmen	V;IND;PRS;NOM(1,PL)	wahrnehmen
wahrnehmen	V;IND;PRS;NOM(1,SG)	wahrnehme
wahrnehmen	V;IND;PRS;NOM(2,SG)	wahrnehme
wahrnehmen	V;IND;PST;NOM(2,PL)	wahrnehmeten
wahrnehmen	V;IND;PST;NOM(2,SG)	wahrnehmet
wahrnehmen	V;IND;PST;NOM(3,PL)	wahrnehmeten
wahrnehmen	V;IND;PST;NOM(3,SG)	wahrnehmet
wahrnehmen	V;SBJV;PRS;NOM(1,PL)	wahrnehmen
wahrnehmen	V;SBJV;PRS;NOM(1,SG)	wahrnehme
wahrnehmen	V;SBJV;PRS;NOM(3,PL)	wahrnehmen
wahrnehmen	V;SBJV;PST;NOM(1,PL)	wahrnehmeten
walzen	V.PTCP;PST	walzten
walzen	V;IMP;NOM(2,PL)	walzen
walzen	V;IND;PRS;NOM(1,PL)	walzten
walzen	V;IND;PRS;NOM(2,SG)	walzen
walzen	V;IND;PST;NOM(1,PL)	walzten
walzen	V;IND;PST;NOM(2,SG)	walzten
walzen	V;SBJV;PRS;NOM(1,SG)	walzen
walzen	V;SBJV;PRS;NOM(2,PL)	walzen
walzen	V;SBJV;PRS;NOM(3,PL)	walzen
walzen	V;SBJV;PRS;NOM(3,SG)	walzen
walzen	V;SBJV;PST;NOM(1,SG)	walzten
walzen	V;SBJV;PST;NOM(2,SG)	walzten
walzen	V;SBJV;PST;NOM(3,SG)	walzten
werten	V;IMP;NOM(2,PL)	wertet
werten	V;IND;PRS;NOM(2,PL)	wertet
werten	V;IND;PRS;NOM(3,SG)	wertet
werten	V;IND;PST;NOM(1,PL)	werteten
werten	V;IND;PST;NOM(3,PL)	werteten
werten	V;SBJV;PRS;NOM(1,PL)	werteten
werten	V;SBJV;PRS;NOM(2,PL)	werteten
werten	V;SBJV;PRS;NOM(3,SG)	wertet
werten	V;SBJV;PST;NOM(1,SG)	wertetet
werten	V;SBJV;PST;NOM(2,SG)	wertetet
werten	V;SBJV;PST;NOM(3,PL)	werteten
werten	V;SBJV;PST;NOM(3,SG)	wertetet
zementieren	V.PTCP;PRS	zementieren
zementieren	V.PTCP;PST	zementiert
zementieren	V;IMP;NOM(2,PL)	zementieren
zementieren	V;IMP;NOM(2,SG)	zementiere
zementieren	V;IND;PRS;NOM(3,PL)	zementierten
zementieren	V;IND;PRS;NOM(3,SG)	zementierte
zementieren	V;IND;PST;NOM(1,PL)	zementiertet
zementieren	V;IND;PST;NOM(3,PL)	zementiertet
zementieren	V;IND;PST;NOM(3,SG)	zementiertet
zementieren	V;SBJV;PRS;NOM(1,PL)	zementierten
zementieren	V;SBJV;PRS;NOM(2,PL)	zementierten
zementieren	V;SBJV;PST;NOM(1,SG)	zementiertet
zementieren	V;SBJV;PST;NOM(3,PL)	zementiertet
zugeben	V.PTCP;PST	zugeben
zugeben	V;IMP;NOM(2,SG)	zugeben
zugeben	V;IND;PRS;NOM(1,PL)	zugeben
zugeben	V;IND;PRS;NOM(2,PL)	zugeben
zugeben	V;IND;PRS;NOM(2,SG)	zugeben
zugeben	V;IND;PRS;NOM(3,PL)	zugeben
zugeben	V;IND;PRS;NOM(3,SG)	zugeben
zugeben	V;IND;PST;NOM(1,PL)	zugebteten
zugeben	V;IND;PST;NOM(1,SG)	zugebtet
zugeben	V;IND;PST;NOM(2,SG)	zugebtet
zugeben	V;IND;PST;NOM(3,PL)	zugebteten
zugeben	V;IND;PST;NOM(3,SG)	zugebtet
zugeben	V;SBJV;PRS;NOM(3,SG)	zugeben
Überlebenskunst	N;ACC(PL)	Überlebenskunsten
Überlebenskunst	N;ACC(SG)	Überlebenskunst
Überlebenskunst	N;DAT(PL)	Überlebenskunsten
Überlebenskunst	N;DAT(SG)	Überlebenskunst
Überlebenskunst	N;GEN(PL)	Überlebenskunsten
Überlebenskunst	N;GEN(SG)	Überlebenskunst
Überlebenskunst	N;NOM(PL)	Überlebenskunsten
Überlebenskunst	N;NOM(SG)	Überlebenskunst
accuracy:0.293