Βισάλτης	N;ACC(DU)	Βισάλτες
Βισάλτης	N;ACC(PL)	Βισάλτες
Βισάλτης	N;ACC(SG)	Βισάλται
Βισάλτης	N;DAT(DU)	Βισάλτες
Βισάλτης	N;DAT(PL)	Βισάλτες
Βισάλτης	N;DAT(SG)	Βισάλτες
Βισάλτης	N;GEN(DU)	Βισάλτες
Βισάλτης	N;GEN(PL)	Βισάλτες
Βισάλτης	N;GEN(SG)	Βισάλτες
Βισάλτης	N;NOM(DU)	Βισάλτες
Βισάλτης	N;NOM(PL)	Βισάλτες
Βισάλτης	N;NOM(SG)	Βισάλται
Βισάλτης	N;VOC(DU)	Βισάλτες
Βισάλτης	N;VOC(PL)	Βισάλτες
Βισάλτης	N;VOC(SG)	Βισάλται
Μασσαλιώτης	N;ACC(DU)	Μασσαλιώτες
Μασσαλιώτης	N;ACC(PL)	Μασσαλιώτες
Μασσαλιώτης	N;ACC(SG)	Μασσαλιώται
Μασσαλιώτης	N;DAT(DU)	Μασσαλιώτες
Μασσαλιώτης	N;DAT(PL)	Μασσαλιώτες
Μασσαλιώτης	N;DAT(SG)	Μασσαλιώται
Μασσαλιώτης	N;GEN(DU)	Μασσαλιώτες
Μασσαλιώτης	N;GEN(PL)	Μασσαλιώτες
Μασσαλιώτης	N;GEN(SG)	Μασσαλιώται
Μασσαλιώτης	N;NOM(DU)	Μασσαλιώτες
Μασσαλιώτης	N;NOM(PL)	Μασσαλιώτες
Μασσαλιώτης	N;NOM(SG)	Μασσαλιώται
Μασσαλιώτης	N;VOC(DU)	Μασσαλιώτες
Μασσαλιώτης	N;VOC(PL)	Μασσαλιώτες
Μασσαλιώτης	N;VOC(SG)	Μασσαλιώται
Μιθριακός	ADJ;ACC(DU;MASC)	Μιθριακοῖν
Μιθριακός	ADJ;ACC(DU;NEUT)	Μιθριακοῖν
Μιθριακός	ADJ;ACC(PL;FEM)	Μιθριακοῖν
Μιθριακός	ADJ;ACC(PL;MASC)	Μιθριακοῖν
Μιθριακός	ADJ;ACC(PL;NEUT)	Μιθριακοῖν
Μιθριακός	ADJ;ACC(SG;FEM)	Μιθριακοῖν
Μιθριακός	ADJ;DAT(DU;FEM)	Μιθριακοῖν
Μιθριακός	ADJ;DAT(DU;MASC)	Μιθριακοῖν
Μιθριακός	ADJ;DAT(PL;MASC)	Μιθριακοῖν
Μιθριακός	ADJ;DAT(SG;FEM)	Μιθριακοῖν
Μιθριακός	ADJ;DAT(SG;MASC)	Μιθριακοῖν
Μιθριακός	ADJ;DAT(SG;NEUT)	Μιθριακοῖν
Μιθριακός	ADJ;GEN(DU;FEM)	Μιθριακοῖν
Μιθριακός	ADJ;GEN(DU;MASC)	Μιθριακοῖν
Μιθριακός	ADJ;GEN(DU;NEUT)	Μιθριακοῖν
Μιθριακός	ADJ;GEN(PL;MASC)	Μιθριακοῖν
Μιθριακός	ADJ;GEN(PL;NEUT)	Μιθριακοῖν
Μιθριακός	ADJ;GEN(SG;FEM)	Μιθριακοῖν
Μιθριακός	ADJ;GEN(SG;MASC)	Μιθριακοῖν
Μιθριακός	ADJ;GEN(SG;NEUT)	Μιθριακοῖν
Μιθριακός	ADJ;NOM(DU;FEM)	Μιθριακοῖν
Μιθριακός	ADJ;NOM(DU;MASC)	Μιθριακοῖν
Μιθριακός	ADJ;NOM(DU;NEUT)	Μιθριακοῖν
Μιθριακός	ADJ;NOM(PL;FEM)	Μιθριακοῖν
Μιθριακός	ADJ;NOM(PL;MASC)	Μιθριακοῖν
Μιθριακός	ADJ;NOM(PL;NEUT)	Μιθριακοῖν
Μιθριακός	ADJ;NOM(SG;FEM)	Μιθριακοῖν
Μιθριακός	ADJ;VOC(DU;MASC)	Μιθριακοῖν
Μιθριακός	ADJ;VOC(PL;FEM)	Μιθριακοῖν
Μιθριακός	ADJ;VOC(PL;NEUT)	Μιθριακοῖν
Μιθριακός	ADJ;VOC(SG;FEM)	Μιθριακοῖν
Μιθριακός	ADJ;VOC(SG;MASC)	Μιθριακοῖν
Μιθριακός	ADJ;VOC(SG;NEUT)	Μιθριακοῖν
αἴγιλος	N;ACC(DU)	αἴγιλοι
αἴγιλος	N;ACC(PL)	αἴγίλοις
αἴγιλος	N;ACC(SG)	αἴγιλοι
αἴγιλος	N;DAT(DU)	αἴγιλοι
αἴγιλος	N;DAT(PL)	αἴγίλοις
αἴγιλος	N;DAT(SG)	αἴγιλοι
αἴγιλος	N;GEN(DU)	αἴγιλοι
αἴγιλος	N;GEN(PL)	αἴγίλοις
αἴγιλος	N;GEN(SG)	αἴγιλοι
αἴγιλος	N;NOM(DU)	αἴγιλοι
αἴγιλος	N;NOM(PL)	αἴγίλοις
αἴγιλος	N;NOM(SG)	αἴγιλοι
αἴγιλος	N;VOC(DU)	αἴγιλοι
αἴγιλος	N;VOC(PL)	αἴγιλοι
αἴγιλος	N;VOC(SG)	αἴγιλοι
αὔρα	N;ACC(DU)	αὔρᾱ
αὔρα	N;ACC(PL)	αὔρᾱς
αὔρα	N;ACC(SG)	αὔρᾱ
αὔρα	N;DAT(DU)	αὔρᾱ
αὔρα	N;DAT(PL)	αὔρᾱς
αὔρα	N;DAT(SG)	αὔρᾱ
αὔρα	N;GEN(DU)	αὔρᾱ
αὔρα	N;GEN(PL)	αὔρᾱς
αὔρα	N;GEN(SG)	αὔρᾱ
αὔρα	N;NOM(DU)	αὔρᾱ
αὔρα	N;NOM(PL)	αὔρᾱς
αὔρα	N;NOM(SG)	αὔρᾱ
αὔρα	N;VOC(DU)	αὔρᾱ
αὔρα	N;VOC(PL)	αὔρᾱς
αὔρα	N;VOC(SG)	αὔρᾱ
βραχύτης	N;ACC(DU)	βραχύταιν
βραχύτης	N;ACC(PL)	βραχύταιν
βραχύτης	N;ACC(SG)	βραχύτην
βραχύτης	N;DAT(DU)	βραχύταιν
βραχύτης	N;DAT(PL)	βραχύτων
βραχύτης	N;DAT(SG)	βραχύταιν
βραχύτης	N;GEN(DU)	βραχύταιν
βραχύτης	N;GEN(PL)	βραχύτων
βραχύτης	N;GEN(SG)	βραχύτης
βραχύτης	N;NOM(DU)	βραχύταιν
βραχύτης	N;NOM(PL)	βραχύτες
βραχύτης	N;NOM(SG)	βραχύται
βραχύτης	N;VOC(DU)	βραχύταιν
βραχύτης	N;VOC(PL)	βραχύτες
βραχύτης	N;VOC(SG)	βραχύτης
γοεδνός	ADJ;ACC(DU;FEM)	γοεδνοῖν
γοεδνός	ADJ;ACC(DU;NEUT)	γοεδνοῖν
γοεδνός	ADJ;ACC(PL;FEM)	γοεδνοῖν
γοεδνός	ADJ;ACC(PL;NEUT)	γοεδνοῖν
γοεδνός	ADJ;ACC(SG;FEM)	γοεδνοῖν
γοεδνός	ADJ;ACC(SG;NEUT)	γοεδνοῖν
γοεδνός	ADJ;DAT(DU;MASC)	γοεδνοῖν
γοεδνός	ADJ;DAT(DU;NEUT)	γοεδνοῖν
γοεδνός	ADJ;DAT(PL;MASC)	γοεδνοῖν
γοεδνός	ADJ;DAT(SG;FEM)	γοεδνοῖν
γοεδνός	ADJ;DAT(SG;MASC)	γοεδνοῖν
γοεδνός	ADJ;DAT(SG;NEUT)	γοεδνοῖν
γοεδνός	ADJ;GEN(DU;MASC)	γοεδνοῖν
γοεδνός	ADJ;GEN(DU;NEUT)	γοεδνοῖν
γοεδνός	ADJ;GEN(PL;FEM)	γοεδνοῖν
γοεδνός	ADJ;GEN(PL;MASC)	γοεδνοῖν
γοεδνός	ADJ;GEN(SG;FEM)	γοεδνοῖν
γοεδνός	ADJ;GEN(SG;MASC)	γοεδνοῖν
γοεδνός	ADJ;GEN(SG;NEUT)	γοεδνοῖν
γοεδνός	ADJ;NOM(DU;FEM)	γοεδνώ
γοεδνός	ADJ;NOM(DU;NEUT)	γοεδνοῖν
γοεδνός	ADJ;NOM(PL;FEM)	γοεδνοῖν
γοεδνός	ADJ;NOM(PL;NEUT)	γοεδνοῖν
γοεδνός	ADJ;NOM(SG;FEM)	γοεδνώ
γοεδνός	ADJ;NOM(SG;MASC)	γοεδνώ
γοεδνός	ADJ;VOC(DU;FEM)	γοεδνοῖν
γοεδνός	ADJ;VOC(DU;NEUT)	γοεδνοῖν
γοεδνός	ADJ;VOC(PL;FEM)	γοεδνοῖν
γοεδνός	ADJ;VOC(PL;MASC)	γοεδνοῖν
γοεδνός	ADJ;VOC(PL;NEUT)	γοεδνοῖν
γοεδνός	ADJ;VOC(SG;FEM)	γοεδνοῖν
γοεδνός	ADJ;VOC(SG;MASC)	γοεδνοῖν
γοεδνός	ADJ;VOC(SG;NEUT)	γοεδνοῖν
διθυμία	N;ACC(DU)	διθυμῐ́ᾱ
διθυμία	N;ACC(PL)	διθυμῐ́ᾱς
διθυμία	N;ACC(SG)	διθυμῐ́ᾱ
διθυμία	N;DAT(DU)	διθυμῐ́ᾱ
διθυμία	N;DAT(PL)	διθυμῐ́ᾱς
διθυμία	N;DAT(SG)	διθυμῐ́ᾱ
διθυμία	N;GEN(DU)	διθυμῐ́ᾱ
διθυμία	N;GEN(PL)	διθυμῐ́ᾱς
διθυμία	N;GEN(SG)	διθυμῐ́ᾱ
διθυμία	N;NOM(DU)	διθυμῐ́ᾱ
διθυμία	N;NOM(PL)	διθυμῐ́ᾱς
διθυμία	N;NOM(SG)	διθυμῐ́ᾱ
διθυμία	N;VOC(DU)	διθυμῐ́ᾱ
διθυμία	N;VOC(PL)	διθυμῐ́ᾱς
διθυμία	N;VOC(SG)	διθυμῐ́ᾱ
δορκάς	N;ACC(DU)	δορκᾱ́
δορκάς	N;ACC(PL)	δορκᾱ́ς
δορκάς	N;ACC(SG)	δορκᾱ́
δορκάς	N;DAT(DU)	δορκᾱ́
δορκάς	N;DAT(PL)	δορκᾱ́ς
δορκάς	N;DAT(SG)	δορκᾱ́
δορκάς	N;GEN(DU)	δορκᾱ́
δορκάς	N;GEN(PL)	δορκᾱ́ς
δορκάς	N;GEN(SG)	δορκᾱ́
δορκάς	N;NOM(DU)	δορκᾱ́
δορκάς	N;NOM(PL)	δορκαῖν
δορκάς	N;NOM(SG)	δορκᾱ́
δορκάς	N;VOC(DU)	δορκᾱ́
δορκάς	N;VOC(PL)	δορκαῖν
δορκάς	N;VOC(SG)	δορκᾱ́
θήρα	N;ACC(DU)	θήραιν
θήρα	N;ACC(PL)	θήρᾱς
θήρα	N;ACC(SG)	θήρᾱ
θήρα	N;DAT(DU)	θήραιν
θήρα	N;DAT(PL)	θήραιν
θήρα	N;DAT(SG)	θήρᾱ
θήρα	N;GEN(DU)	θήραιν
θήρα	N;GEN(PL)	θήρᾱς
θήρα	N;GEN(SG)	θήρᾱ
θήρα	N;NOM(DU)	θήραιν
θήρα	N;NOM(PL)	θήρᾱς
θήρα	N;NOM(SG)	θήρᾱ
θήρα	N;VOC(DU)	θήρᾱ
θήρα	N;VOC(PL)	θήρᾱς
θήρα	N;VOC(SG)	θήρᾱ
θρεπτικός	ADJ;ACC(DU;FEM)	θρεπτικοῖν
θρεπτικός	ADJ;ACC(DU;MASC)	θρεπτικοῖν
θρεπτικός	ADJ;ACC(DU;NEUT)	θρεπτικοῖν
θρεπτικός	ADJ;ACC(PL;MASC)	θρεπτικοῖν
θρεπτικός	ADJ;ACC(PL;NEUT)	θρεπτικοῖν
θρεπτικός	ADJ;ACC(SG;FEM)	θρεπτικοῖν
θρεπτικός	ADJ;ACC(SG;MASC)	θρεπτικοῖν
θρεπτικός	ADJ;ACC(SG;NEUT)	θρεπτικοῖν
θρεπτικός	ADJ;DAT(DU;FEM)	θρεπτικοῖν
θρεπτικός	ADJ;DAT(DU;NEUT)	θρεπτικοῖν
θρεπτικός	ADJ;DAT(PL;FEM)	θρεπτικοῖν
θρεπτικός	ADJ;DAT(PL;NEUT)	θρεπτικοῖν
θρεπτικός	ADJ;DAT(SG;FEM)	θρεπτικοῖν
θρεπτικός	ADJ;DAT(SG;MASC)	θρεπτικοῖν
θρεπτικός	ADJ;GEN(DU;NEUT)	θρεπτικοῖν
θρεπτικός	ADJ;GEN(PL;MASC)	θρεπτικοῖν
θρεπτικός	ADJ;GEN(PL;NEUT)	θρεπτικοῖν
θρεπτικός	ADJ;GEN(SG;MASC)	θρεπτικοῖν
θρεπτικός	ADJ;GEN(SG;NEUT)	θρεπτικοῖν
θρεπτικός	ADJ;NOM(DU;MASC)	θρεπτικοῖν
θρεπτικός	ADJ;NOM(DU;NEUT)	θρεπτικοῖν
θρεπτικός	ADJ;NOM(PL;MASC)	θρεπτικοῖν
θρεπτικός	ADJ;NOM(SG;NEUT)	θρεπτικοῖν
θρεπτικός	ADJ;VOC(DU;FEM)	θρεπτικοῖν
θρεπτικός	ADJ;VOC(DU;MASC)	θρεπτικοῖν
θρεπτικός	ADJ;VOC(DU;NEUT)	θρεπτικοῖν
θρεπτικός	ADJ;VOC(PL;FEM)	θρεπτικοῖν
θρεπτικός	ADJ;VOC(PL;MASC)	θρεπτικοῖν
θρεπτικός	ADJ;VOC(PL;NEUT)	θρεπτικοῖν
θρεπτικός	ADJ;VOC(SG;FEM)	θρεπτικοῖν
θρεπτικός	ADJ;VOC(SG;MASC)	θρεπτικοῖν
θρεπτικός	ADJ;VOC(SG;NEUT)	θρεπτικοῖν
θυγάτηρ	N;ACC(DU)	θυγᾰτῐ́ᾱς
θυγάτηρ	N;ACC(PL)	θυγᾰτῐ́ᾱς
θυγάτηρ	N;ACC(SG)	θυγᾰτῐ́ᾱ
θυγάτηρ	N;DAT(DU)	θυγᾰτῐ́ᾱς
θυγάτηρ	N;DAT(PL)	θυγᾰτῐ́ᾱς
θυγάτηρ	N;DAT(SG)	θυγᾰτῐ́ᾱ
θυγάτηρ	N;GEN(DU)	θυγᾰτῐ́ᾱς
θυγάτηρ	N;GEN(PL)	θυγᾰτῐ́ᾱς
θυγάτηρ	N;GEN(SG)	θυγᾰτῐ́ᾱς
θυγάτηρ	N;NOM(DU)	θυγᾰτῐ́ᾱς
θυγάτηρ	N;NOM(PL)	θυγᾰτῐ́ᾱς
θυγάτηρ	N;NOM(SG)	θυγᾰτῐ́ᾱ
θυγάτηρ	N;VOC(DU)	θυγᾰτῐ́ᾱς
θυγάτηρ	N;VOC(PL)	θυγᾰτῐ́ᾱς
θυγάτηρ	N;VOC(SG)	θυγᾰτῐ́ᾱ
καδμία	N;ACC(DU)	κᾰδμῐ́ᾱ
καδμία	N;ACC(PL)	κᾰδμῐ́ᾱς
καδμία	N;ACC(SG)	κᾰδμῐ́ᾱ
καδμία	N;DAT(DU)	κᾰδμῐ́ᾱ
καδμία	N;DAT(PL)	κᾰδμῐ́ᾱς
καδμία	N;DAT(SG)	κᾰδμῐ́ᾱ
καδμία	N;GEN(DU)	κᾰδμῐ́ᾱ
καδμία	N;GEN(PL)	κᾰδμῐ́ᾱς
καδμία	N;GEN(SG)	κᾰδμῐ́ᾱ
καδμία	N;NOM(DU)	κᾰδμῐ́ᾱ
καδμία	N;NOM(PL)	κᾰδμῐ́ᾱς
καδμία	N;NOM(SG)	κᾰδμῐ́ᾱ
καδμία	N;VOC(DU)	κᾰδμῐ́ᾱ
καδμία	N;VOC(PL)	κᾰδμῐ́ᾱς
καδμία	N;VOC(SG)	κᾰδμῐ́ᾱ
κενταύριον	N;ACC(DU)	κενταύριον
κενταύριον	N;ACC(PL)	κενταύριον
κενταύριον	N;ACC(SG)	κενταύριον
κενταύριον	N;DAT(DU)	κενταύριον
κενταύριον	N;DAT(PL)	κενταύριον
κενταύριον	N;DAT(SG)	κενταύριον
κενταύριον	N;GEN(DU)	κενταύριον
κενταύριον	N;GEN(PL)	κενταύριον
κενταύριον	N;GEN(SG)	κενταύριον
κενταύριον	N;NOM(DU)	κενταύριον
κενταύριον	N;NOM(PL)	κενταύριον
κενταύριον	N;NOM(SG)	κενταύριον
κενταύριον	N;VOC(DU)	κενταύριον
κενταύριον	N;VOC(PL)	κενταύριον
κενταύριον	N;VOC(SG)	κενταύριον
κενός	ADJ;ACC(DU;FEM)	κενώ
κενός	ADJ;ACC(DU;MASC)	κενώ
κενός	ADJ;ACC(DU;NEUT)	κενώ
κενός	ADJ;ACC(PL;FEM)	κενώ
κενός	ADJ;ACC(PL;MASC)	κενώ
κενός	ADJ;ACC(PL;NEUT)	κενώ
κενός	ADJ;ACC(SG;FEM)	κενώ
κενός	ADJ;ACC(SG;MASC)	κενώ
κενός	ADJ;ACC(SG;NEUT)	κενώ
κενός	ADJ;DAT(DU;FEM)	κενώ
κενός	ADJ;DAT(DU;MASC)	κενώ
κενός	ADJ;DAT(PL;FEM)	κενώ
κενός	ADJ;DAT(PL;MASC)	κενώ
κενός	ADJ;DAT(PL;NEUT)	κενώ
κενός	ADJ;DAT(SG;MASC)	κενώ
κενός	ADJ;DAT(SG;NEUT)	κενώ
κενός	ADJ;GEN(DU;FEM)	κενώ
κενός	ADJ;GEN(PL;FEM)	κενώ
κενός	ADJ;GEN(PL;MASC)	κενώ
κενός	ADJ;GEN(SG;NEUT)	κενώ
κενός	ADJ;NOM(DU;FEM)	κενώ
κενός	ADJ;NOM(DU;MASC)	κενώ
κενός	ADJ;NOM(PL;NEUT)	κενώ
κενός	ADJ;NOM(SG;FEM)	κενώ
κενός	ADJ;NOM(SG;MASC)	κενώ
κενός	ADJ;NOM(SG;NEUT)	κενώ
κενός	ADJ;VOC(DU;FEM)	κενώ
κενός	ADJ;VOC(DU;MASC)	κενώ
κενός	ADJ;VOC(DU;NEUT)	κενώ
κενός	ADJ;VOC(PL;MASC)	κενώ
κενός	ADJ;VOC(PL;NEUT)	κενώ
κενός	ADJ;VOC(SG;FEM)	κενώ
κενός	ADJ;VOC(SG;MASC)	κενώ
κωλόβαθρον	N;ACC(DU)	κωλοβάθροιν
κωλόβαθρον	N;ACC(PL)	κωλοβάθροιν
κωλόβαθρον	N;ACC(SG)	κωλοβάθρον
κωλόβαθρον	N;DAT(DU)	κωλοβάθροιν
κωλόβαθρον	N;DAT(PL)	κωλοβάθροιν
κωλόβαθρον	N;DAT(SG)	κωλοβάθρον
κωλόβαθρον	N;GEN(DU)	κωλοβάθροιν
κωλόβαθρον	N;GEN(PL)	κωλοβάθροιν
κωλόβαθρον	N;GEN(SG)	κωλοβάθρον
κωλόβαθρον	N;NOM(DU)	κωλοβάθροιν
κωλόβαθρον	N;NOM(PL)	κωλοβάθροιν
κωλόβαθρον	N;NOM(SG)	κωλοβάθρον
κωλόβαθρον	N;VOC(DU)	κωλοβάθρον
κωλόβαθρον	N;VOC(PL)	κωλοβάθροιν
κωλόβαθρον	N;VOC(SG)	κωλοβάθρον
λειμώνιον	N;ACC(DU)	λειμώνιον
λειμώνιον	N;ACC(PL)	λειμώνιον
λειμώνιον	N;ACC(SG)	λειμώνιον
λειμώνιον	N;DAT(DU)	λειμώνιον
λειμώνιον	N;DAT(PL)	λειμώνιον
λειμώνιον	N;DAT(SG)	λειμώνιον
λειμώνιον	N;GEN(DU)	λειμώνιον
λειμώνιον	N;GEN(PL)	λειμώνιον
λειμώνιον	N;GEN(SG)	λειμώνιον
λειμώνιον	N;NOM(DU)	λειμώνιον
λειμώνιον	N;NOM(PL)	λειμώνιον
λειμώνιον	N;NOM(SG)	λειμώνιον
λειμώνιον	N;VOC(DU)	λειμώνιον
λειμώνιον	N;VOC(PL)	λειμώνιον
λειμώνιον	N;VOC(SG)	λειμώνιον
μελῳδία	N;ACC(DU)	μελῳδῐ́ᾱ
μελῳδία	N;ACC(PL)	μελῳδῐ́ᾱς
μελῳδία	N;ACC(SG)	μελῳδῐ́ᾱ
μελῳδία	N;DAT(DU)	μελῳδῐ́ᾱ
μελῳδία	N;DAT(PL)	μελῳδῐ́ᾱς
μελῳδία	N;DAT(SG)	μελῳδῐ́ᾱ
μελῳδία	N;GEN(DU)	μελῳδῐ́ᾱ
μελῳδία	N;GEN(PL)	μελῳδῐ́ᾱς
μελῳδία	N;GEN(SG)	μελῳδῐ́ᾱ
μελῳδία	N;NOM(DU)	μελῳδῐ́ᾱ
μελῳδία	N;NOM(PL)	μελῳδῐ́ᾱς
μελῳδία	N;NOM(SG)	μελῳδῐ́ᾱ
μελῳδία	N;VOC(DU)	μελῳδῐ́ᾱ
μελῳδία	N;VOC(PL)	μελῳδῐ́ᾱς
μελῳδία	N;VOC(SG)	μελῳδῐ́ᾱ
οἶνος	N;ACC(DU)	οἶνοι
οἶνος	N;ACC(PL)	οἶνοις
οἶνος	N;ACC(SG)	οἶνοι
οἶνος	N;DAT(DU)	οἶνοι
οἶνος	N;DAT(PL)	οἶνοις
οἶνος	N;DAT(SG)	οἶνοι
οἶνος	N;GEN(DU)	οἶνοι
οἶνος	N;GEN(PL)	οἶνοις
οἶνος	N;GEN(SG)	οἶνοι
οἶνος	N;NOM(DU)	οἶνοι
οἶνος	N;NOM(PL)	οἶνοι
οἶνος	N;NOM(SG)	οἶνοι
οἶνος	N;VOC(DU)	οἶνοι
οἶνος	N;VOC(PL)	οἶνοι
οἶνος	N;VOC(SG)	οἶνοι
παλίμψηστος	ADJ;ACC(DU;FEM)	παλίμψηστοι
παλίμψηστος	ADJ;ACC(DU;NEUT)	παλίμψηστοι
παλίμψηστος	ADJ;ACC(PL;MASC)	παλίμψηστοι
παλίμψηστος	ADJ;ACC(SG;FEM)	παλίμψηστοι
παλίμψηστος	ADJ;ACC(SG;MASC)	παλίμψηστοι
παλίμψηστος	ADJ;ACC(SG;NEUT)	παλίμψηστοι
παλίμψηστος	ADJ;DAT(DU;FEM)	παλίμψηστοι
παλίμψηστος	ADJ;DAT(DU;MASC)	παλίμψηστοι
παλίμψηστος	ADJ;DAT(DU;NEUT)	παλίμψηστοι
παλίμψηστος	ADJ;DAT(PL;MASC)	παλίμψηστοι
παλίμψηστος	ADJ;DAT(PL;NEUT)	παλίμψηστοι
παλίμψηστος	ADJ;DAT(SG;MASC)	παλίμψηστοι
παλίμψηστος	ADJ;GEN(DU;FEM)	παλίμψηστοι
παλίμψηστος	ADJ;GEN(DU;MASC)	παλίμψηστοι
παλίμψηστος	ADJ;GEN(DU;NEUT)	παλίμψηστοι
παλίμψηστος	ADJ;GEN(PL;FEM)	παλίμψηστοι
παλίμψηστος	ADJ;GEN(PL;MASC)	παλίμψηστοι
παλίμψηστος	ADJ;GEN(PL;NEUT)	παλίμψηστοι
παλίμψηστος	ADJ;GEN(SG;FEM)	παλίμψηστοι
παλίμψηστος	ADJ;GEN(SG;MASC)	παλίμψηστοι
παλίμψηστος	ADJ;GEN(SG;NEUT)	παλίμψηστοι
παλίμψηστος	ADJ;NOM(DU;NEUT)	παλίμψηστοι
παλίμψηστος	ADJ;NOM(PL;FEM)	παλίμψηστοι
παλίμψηστος	ADJ;NOM(PL;MASC)	παλίμψηστοι
παλίμψηστος	ADJ;NOM(PL;NEUT)	παλίμψηστοι
παλίμψηστος	ADJ;VOC(DU;FEM)	παλίμψηστοι
παλίμψηστος	ADJ;VOC(DU;MASC)	παλίμψηστοι
παλίμψηστος	ADJ;VOC(DU;NEUT)	παλίμψηστοι
παλίμψηστος	ADJ;VOC(PL;MASC)	παλίμψηστοι
παλίμψηστος	ADJ;VOC(PL;NEUT)	παλίμψηστοι
παλίμψηστος	ADJ;VOC(SG;FEM)	παλίμψηστοι
παλίμψηστος	ADJ;VOC(SG;MASC)	παλίμψηστοι
παλίμψηστος	ADJ;VOC(SG;NEUT)	παλίμψηστοι
παραλυτικός	ADJ;ACC(DU;FEM)	παραλυτικοῖν
παραλυτικός	ADJ;ACC(DU;MASC)	παραλυτικοῖν
παραλυτικός	ADJ;ACC(DU;NEUT)	παραλυτικοῖν
παραλυτικός	ADJ;ACC(PL;FEM)	παραλυτικοῖν
παραλυτικός	ADJ;ACC(PL;MASC)	παραλυτικοῖν
παραλυτικός	ADJ;ACC(PL;NEUT)	παραλυτικοῖν
παραλυτικός	ADJ;ACC(SG;FEM)	παραλυτικοῖν
παραλυτικός	ADJ;ACC(SG;MASC)	παραλυτικοῖν
παραλυτικός	ADJ;ACC(SG;NEUT)	παραλυτικοῖν
παραλυτικός	ADJ;DAT(DU;FEM)	παραλυτικοῖν
παραλυτικός	ADJ;DAT(DU;MASC)	παραλυτικοῖν
παραλυτικός	ADJ;DAT(DU;NEUT)	παραλυτικοῖν
παραλυτικός	ADJ;DAT(PL;FEM)	παραλυτικοῖν
παραλυτικός	ADJ;DAT(PL;MASC)	παραλυτικοῖν
παραλυτικός	ADJ;DAT(PL;NEUT)	παραλυτικοῖν
παραλυτικός	ADJ;DAT(SG;FEM)	παραλυτικοῖν
παραλυτικός	ADJ;DAT(SG;MASC)	παραλυτικοῖν
παραλυτικός	ADJ;GEN(DU;FEM)	παραλυτικοῖν
παραλυτικός	ADJ;GEN(PL;MASC)	παραλυτικοῖν
παραλυτικός	ADJ;GEN(PL;NEUT)	παραλυτικοῖν
παραλυτικός	ADJ;GEN(SG;FEM)	παραλυτικοῖν
παραλυτικός	ADJ;GEN(SG;MASC)	παραλυτικοῖν
παραλυτικός	ADJ;GEN(SG;NEUT)	παραλυτικοῖν
παραλυτικός	ADJ;NOM(DU;FEM)	παραλυτικοῖν
παραλυτικός	ADJ;NOM(DU;MASC)	παραλυτικοῖν
παραλυτικός	ADJ;NOM(DU;NEUT)	παραλυτικοῖν
παραλυτικός	ADJ;NOM(PL;FEM)	παραλυτικοῖν
παραλυτικός	ADJ;NOM(SG;FEM)	παραλυτικοῖν
παραλυτικός	ADJ;VOC(PL;FEM)	παραλυτικοῖν
παραλυτικός	ADJ;VOC(PL;MASC)	παραλυτικοῖν
παραλυτικός	ADJ;VOC(PL;NEUT)	παραλυτικοῖν
παραλυτικός	ADJ;VOC(SG;FEM)	παραλυτικοῖν
παραλυτικός	ADJ;VOC(SG;MASC)	παραλυτικοῖν
ποτήριον	N;ACC(DU)	ποτήριον
ποτήριον	N;ACC(PL)	ποτήριον
ποτήριον	N;ACC(SG)	ποτήριον
ποτήριον	N;DAT(DU)	ποτήριον
ποτήριον	N;DAT(PL)	ποτήριον
ποτήριον	N;DAT(SG)	ποτήριον
ποτήριον	N;GEN(DU)	ποτήριον
ποτήριον	N;GEN(PL)	ποτήριον
ποτήριον	N;GEN(SG)	ποτήριον
ποτήριον	N;NOM(DU)	ποτήριον
ποτήριον	N;NOM(PL)	ποτήριον
ποτήριον	N;NOM(SG)	ποτήριον
ποτήριον	N;VOC(DU)	ποτήριον
ποτήριον	N;VOC(PL)	ποτήριον
ποτήριον	N;VOC(SG)	ποτήριον
πτέρνη	N;ACC(DU)	πτέρνᾱ
πτέρνη	N;ACC(PL)	πτέρνᾱς
πτέρνη	N;ACC(SG)	πτέρνᾱ
πτέρνη	N;DAT(DU)	πτέρνᾱ
πτέρνη	N;DAT(PL)	πτέρνες
πτέρνη	N;DAT(SG)	πτέρνᾱ
πτέρνη	N;GEN(DU)	πτέρνᾱ
πτέρνη	N;GEN(PL)	πτέρνες
πτέρνη	N;GEN(SG)	πτέρνᾱ
πτέρνη	N;NOM(DU)	πτέρνᾱ
πτέρνη	N;NOM(PL)	πτέρνες
πτέρνη	N;NOM(SG)	πτέρνᾱ
πτέρνη	N;VOC(DU)	πτέρνᾱ
πτέρνη	N;VOC(PL)	πτέρνες
πτέρνη	N;VOC(SG)	πτέρνᾱ
πῆγμα	N;ACC(DU)	πῆγμᾱ
πῆγμα	N;ACC(PL)	πῆγμαιν
πῆγμα	N;ACC(SG)	πῆγμᾱ
πῆγμα	N;DAT(DU)	πῆγμᾱ
πῆγμα	N;DAT(PL)	πῆγμαιν
πῆγμα	N;DAT(SG)	πῆγμᾱ
πῆγμα	N;GEN(DU)	πῆγμᾱ
πῆγμα	N;GEN(PL)	πῆγμαιν
πῆγμα	N;GEN(SG)	πῆγμᾱ
πῆγμα	N;NOM(DU)	πῆγμᾱ
πῆγμα	N;NOM(PL)	πῆγμαιν
πῆγμα	N;NOM(SG)	πῆγμᾱ
πῆγμα	N;VOC(DU)	πῆγμᾱ
πῆγμα	N;VOC(PL)	πῆγμαιν
πῆγμα	N;VOC(SG)	πῆγμᾱ
σίραιον	N;ACC(DU)	σῠρᾰ́ᾱιον
σίραιον	N;ACC(PL)	σῠρᾰ́ᾱιον
σίραιον	N;ACC(SG)	σῠρᾰ́ᾱιον
σίραιον	N;DAT(DU)	σῠρᾰ́ᾱιον
σίραιον	N;DAT(PL)	σῠρᾰ́ᾱιον
σίραιον	N;DAT(SG)	σῠρᾰ́ᾱιον
σίραιον	N;GEN(DU)	σῠρᾰ́ᾱιον
σίραιον	N;GEN(PL)	σῠρᾰ́ᾱιον
σίραιον	N;GEN(SG)	σῠρᾰ́ᾱιον
σίραιον	N;NOM(DU)	σῠρᾰ́ᾱιον
σίραιον	N;NOM(PL)	σῠρᾰ́ᾱιον
σίραιον	N;NOM(SG)	σῠρᾰ́ᾱιον
σίραιον	N;VOC(DU)	σῠρᾰ́ᾱιον
σίραιον	N;VOC(PL)	σῠρᾰ́ᾱιον
σίραιον	N;VOC(SG)	σῠρᾰ́ᾱιον
σκέπη	N;ACC(DU)	σκέπαιν
σκέπη	N;ACC(PL)	σκέπαιν
σκέπη	N;ACC(SG)	σκέπη
σκέπη	N;DAT(DU)	σκέπαιν
σκέπη	N;DAT(PL)	σκέπαιν
σκέπη	N;DAT(SG)	σκέπη
σκέπη	N;GEN(DU)	σκέπαιν
σκέπη	N;GEN(PL)	σκέπαιν
σκέπη	N;GEN(SG)	σκέπη
σκέπη	N;NOM(DU)	σκέπαιν
σκέπη	N;NOM(PL)	σκέπαιν
σκέπη	N;NOM(SG)	σκέπη
σκέπη	N;VOC(DU)	σκέπαιν
σκέπη	N;VOC(PL)	σκέπαιν
σκέπη	N;VOC(SG)	σκέπη
σχόλιον	N;ACC(DU)	σχόλιον
σχόλιον	N;ACC(PL)	σχόλιον
σχόλιον	N;ACC(SG)	σχόλιον
σχόλιον	N;DAT(DU)	σχόλιον
σχόλιον	N;DAT(PL)	σχολίοιν
σχόλιον	N;DAT(SG)	σχόλιον
σχόλιον	N;GEN(DU)	σχολίοιν
σχόλιον	N;GEN(PL)	σχολίοιν
σχόλιον	N;GEN(SG)	σχόλιον
σχόλιον	N;NOM(DU)	σχόλιον
σχόλιον	N;NOM(PL)	σχόλιον
σχόλιον	N;NOM(SG)	σχόλιον
σχόλιον	N;VOC(DU)	σχόλιον
σχόλιον	N;VOC(PL)	σχόλιον
σχόλιον	N;VOC(SG)	σχόλιον
τακτικός	ADJ;ACC(DU;FEM)	τακτικοῖν
τακτικός	ADJ;ACC(DU;NEUT)	τακτικοῖν
τακτικός	ADJ;ACC(PL;FEM)	τακτικοῖν
τακτικός	ADJ;ACC(SG;FEM)	τακτικοῖν
τακτικός	ADJ;ACC(SG;MASC)	τακτικοῖν
τακτικός	ADJ;ACC(SG;NEUT)	τακτικοῖν
τακτικός	ADJ;DAT(DU;FEM)	τακτικοῖν
τακτικός	ADJ;DAT(DU;MASC)	τακτικοῖν
τακτικός	ADJ;DAT(DU;NEUT)	τακτικοῖν
τακτικός	ADJ;DAT(PL;FEM)	τακτικοῖν
τακτικός	ADJ;DAT(PL;MASC)	τακτικοῖν
τακτικός	ADJ;DAT(PL;NEUT)	τακτικοῖν
τακτικός	ADJ;DAT(SG;FEM)	τακτικοῖν
τακτικός	ADJ;DAT(SG;MASC)	τακτικοῖν
τακτικός	ADJ;GEN(DU;FEM)	τακτικοῖν
τακτικός	ADJ;GEN(PL;MASC)	τακτικοῖν
τακτικός	ADJ;GEN(PL;NEUT)	τακτικοῖν
τακτικός	ADJ;GEN(SG;FEM)	τακτικοῖν
τακτικός	ADJ;GEN(SG;MASC)	τακτικοῖν
τακτικός	ADJ;GEN(SG;NEUT)	τακτικοῖν
τακτικός	ADJ;NOM(DU;FEM)	τακτικοῖν
τακτικός	ADJ;NOM(DU;NEUT)	τακτικοῖν
τακτικός	ADJ;NOM(PL;NEUT)	τακτικοῖν
τακτικός	ADJ;NOM(SG;NEUT)	τακτικοῖν
τακτικός	ADJ;VOC(DU;FEM)	τακτικοῖν
τακτικός	ADJ;VOC(DU;MASC)	τακτικοῖν
τακτικός	ADJ;VOC(DU;NEUT)	τακτικοῖν
τακτικός	ADJ;VOC(PL;FEM)	τακτικοῖν
τακτικός	ADJ;VOC(PL;MASC)	τακτικοῖν
τακτικός	ADJ;VOC(PL;NEUT)	τακτικοῖν
τακτικός	ADJ;VOC(SG;FEM)	τακτικοῖν
τακτικός	ADJ;VOC(SG;MASC)	τακτικοῖν
τακτικός	ADJ;VOC(SG;NEUT)	τακτικοῖν
ταπεινός	ADJ;ACC(DU;FEM)	ταπεινοῖν
ταπεινός	ADJ;ACC(DU;MASC)	ταπεινοῖν
ταπεινός	ADJ;ACC(PL;MASC)	ταπεινοῖν
ταπεινός	ADJ;ACC(PL;NEUT)	ταπεινοῖν
ταπεινός	ADJ;ACC(SG;MASC)	ταπεινοῖν
ταπεινός	ADJ;DAT(DU;FEM)	ταπεινοῖν
ταπεινός	ADJ;DAT(DU;NEUT)	ταπεινοῖν
ταπεινός	ADJ;DAT(PL;FEM)	ταπεινοῖν
ταπεινός	ADJ;DAT(PL;MASC)	ταπεινοῖν
ταπεινός	ADJ;DAT(SG;MASC)	ταπεινοῖν
ταπεινός	ADJ;DAT(SG;NEUT)	ταπεινοῖν
ταπεινός	ADJ;GEN(DU;FEM)	ταπεινοῖν
ταπεινός	ADJ;GEN(DU;MASC)	ταπεινοῖν
ταπεινός	ADJ;GEN(PL;FEM)	ταπεινοῖν
ταπεινός	ADJ;GEN(SG;MASC)	ταπεινοῖν
ταπεινός	ADJ;GEN(SG;NEUT)	ταπεινοῖν
ταπεινός	ADJ;NOM(DU;FEM)	ταπεινοῖν
ταπεινός	ADJ;NOM(DU;MASC)	ταπεινοῖν
ταπεινός	ADJ;NOM(DU;NEUT)	ταπεινοῖν
ταπεινός	ADJ;NOM(PL;FEM)	ταπεινοῖν
ταπεινός	ADJ;NOM(PL;MASC)	ταπεινοῖν
ταπεινός	ADJ;NOM(PL;NEUT)	ταπεινοῖν
ταπεινός	ADJ;NOM(SG;FEM)	ταπεινοῖν
ταπεινός	ADJ;NOM(SG;MASC)	ταπεινοῖν
ταπεινός	ADJ;NOM(SG;NEUT)	ταπεινοῖν
ταπεινός	ADJ;VOC(DU;FEM)	ταπεινοῖν
ταπεινός	ADJ;VOC(DU;NEUT)	ταπεινοῖν
ταπεινός	ADJ;VOC(PL;FEM)	ταπεινοῖν
ταπεινός	ADJ;VOC(PL;MASC)	ταπεινοῖν
ταπεινός	ADJ;VOC(PL;NEUT)	ταπεινοῖν
ταπεινός	ADJ;VOC(SG;FEM)	ταπεινοῖν
ταπεινός	ADJ;VOC(SG;MASC)	ταπεινοῖν
ταπεινός	ADJ;VOC(SG;NEUT)	ταπεινοῖν
ἀμέλεια	N;ACC(DU)	ἀμελείᾱς
ἀμέλεια	N;ACC(PL)	ἀμελείᾱς
ἀμέλεια	N;ACC(SG)	ἀμελείᾱ
ἀμέλεια	N;DAT(DU)	ἀμελείᾱς
ἀμέλεια	N;DAT(PL)	ἀμελείᾱς
ἀμέλεια	N;DAT(SG)	ἀμελείᾱ
ἀμέλεια	N;GEN(DU)	ἀμελείᾱς
ἀμέλεια	N;GEN(PL)	ἀμελείᾱς
ἀμέλεια	N;GEN(SG)	ἀμελείᾱ
ἀμέλεια	N;NOM(DU)	ἀμελείᾱς
ἀμέλεια	N;NOM(PL)	ἀμελείᾱς
ἀμέλεια	N;NOM(SG)	ἀμελείᾱ
ἀμέλεια	N;VOC(DU)	ἀμέλεια
ἀμέλεια	N;VOC(PL)	ἀμελείᾱς
ἀμέλεια	N;VOC(SG)	ἀμελείᾱ
ἀμβλυωπία	N;ACC(DU)	ἀμβλυωπίᾱ
ἀμβλυωπία	N;ACC(PL)	ἀμβλυωπίᾱς
ἀμβλυωπία	N;ACC(SG)	ἀμβλυωπίᾱ
ἀμβλυωπία	N;DAT(DU)	ἀμβλυωπῐ́ᾱ
ἀμβλυωπία	N;DAT(PL)	ἀμβλυωπίᾱς
ἀμβλυωπία	N;DAT(SG)	ἀμβλυωπίᾱ
ἀμβλυωπία	N;GEN(DU)	ἀμβλυωπῐ́ᾱ
ἀμβλυωπία	N;GEN(PL)	ἀμβλυωπίᾱς
ἀμβλυωπία	N;GEN(SG)	ἀμβλυωπίᾱ
ἀμβλυωπία	N;NOM(DU)	ἀμβλυωπίᾱ
ἀμβλυωπία	N;NOM(PL)	ἀμβλυωπίᾱς
ἀμβλυωπία	N;NOM(SG)	ἀμβλυωπίᾱ
ἀμβλυωπία	N;VOC(DU)	ἀμβλυωπίᾱ
ἀμβλυωπία	N;VOC(PL)	ἀμβλυωπίᾱς
ἀμβλυωπία	N;VOC(SG)	ἀμβλυωπίᾱ
ἀναστροφή	N;ACC(DU)	ἀναστροφῐ́ᾱ
ἀναστροφή	N;ACC(PL)	ἀναστροφῶν
ἀναστροφή	N;ACC(SG)	ἀναστροφῐ́ᾱ
ἀναστροφή	N;DAT(DU)	ἀναστροφῐ́ᾱ
ἀναστροφή	N;DAT(PL)	ἀναστροφῶν
ἀναστροφή	N;DAT(SG)	ἀναστροφῐ́ᾱ
ἀναστροφή	N;GEN(DU)	ἀναστροφῐ́ᾱ
ἀναστροφή	N;GEN(PL)	ἀναστροφῶν
ἀναστροφή	N;GEN(SG)	ἀναστροφή
ἀναστροφή	N;NOM(DU)	ἀναστροφῐ́ᾱ
ἀναστροφή	N;NOM(PL)	ἀναστροφῶν
ἀναστροφή	N;NOM(SG)	ἀναστροφῐ́ᾱ
ἀναστροφή	N;VOC(DU)	ἀναστροφῐ́ᾱ
ἀναστροφή	N;VOC(PL)	ἀναστροφῶν
ἀναστροφή	N;VOC(SG)	ἀναστροφή
ἀντιστοιχία	N;ACC(DU)	ἀντιστοιχῐ́ᾱ
ἀντιστοιχία	N;ACC(PL)	ἀντιστοιχῐ́ᾱς
ἀντιστοιχία	N;ACC(SG)	ἀντιστοιχῐ́ᾱ
ἀντιστοιχία	N;DAT(DU)	ἀντιστοιχῐ́ᾱ
ἀντιστοιχία	N;DAT(PL)	ἀντιστοιχῐ́ᾱς
ἀντιστοιχία	N;DAT(SG)	ἀντιστοιχῐ́ᾱ
ἀντιστοιχία	N;GEN(DU)	ἀντιστοιχῐ́ᾱ
ἀντιστοιχία	N;GEN(PL)	ἀντιστοιχῐ́ᾱς
ἀντιστοιχία	N;GEN(SG)	ἀντιστοιχῐ́ᾱ
ἀντιστοιχία	N;NOM(DU)	ἀντιστοιχῐ́ᾱ
ἀντιστοιχία	N;NOM(PL)	ἀντιστοιχῐ́ᾱς
ἀντιστοιχία	N;NOM(SG)	ἀντιστοιχῐ́ᾱ
ἀντιστοιχία	N;VOC(DU)	ἀντιστοιχῐ́ᾱ
ἀντιστοιχία	N;VOC(PL)	ἀντιστοιχῐ́ᾱς
ἀντιστοιχία	N;VOC(SG)	ἀντιστοιχῐ́ᾱ
ἀξίνη	N;ACC(DU)	ἀξίνᾱ
ἀξίνη	N;ACC(PL)	ἀξίνᾱς
ἀξίνη	N;ACC(SG)	ἀξίνᾱ
ἀξίνη	N;DAT(DU)	ἀξίνᾱ
ἀξίνη	N;DAT(PL)	ἀξίνᾱς
ἀξίνη	N;DAT(SG)	ἀξίνᾱ
ἀξίνη	N;GEN(DU)	ἀξίνᾱ
ἀξίνη	N;GEN(PL)	ἀξίνᾱς
ἀξίνη	N;GEN(SG)	ἀξίνᾱ
ἀξίνη	N;NOM(DU)	ἀξίνᾱ
ἀξίνη	N;NOM(PL)	ἀξίνᾱς
ἀξίνη	N;NOM(SG)	ἀξίνᾱ
ἀξίνη	N;VOC(DU)	ἀξίνᾱ
ἀξίνη	N;VOC(PL)	ἀξίνᾱς
ἀξίνη	N;VOC(SG)	ἀξίνᾱ
ἀρχισυνάγωγος	N;ACC(DU)	ἀρχισυνάγωγοι
ἀρχισυνάγωγος	N;ACC(PL)	ἀρχισυνάγωγοι
ἀρχισυνάγωγος	N;ACC(SG)	ἀρχισυνάγωγοι
ἀρχισυνάγωγος	N;DAT(DU)	ἀρχισυνάγωγοι
ἀρχισυνάγωγος	N;DAT(PL)	ἀρχισυνάγωγοι
ἀρχισυνάγωγος	N;DAT(SG)	ἀρχισυνάγωγοι
ἀρχισυνάγωγος	N;GEN(DU)	ἀρχισυνάγωγοι
ἀρχισυνάγωγος	N;GEN(PL)	ἀρχισυνάγωγοι
ἀρχισυνάγωγος	N;GEN(SG)	ἀρχισυνάγωγοι
ἀρχισυνάγωγος	N;NOM(DU)	ἀρχισυνάγωγοι
ἀρχισυνάγωγος	N;NOM(PL)	ἀρχισυνάγωγοι
ἀρχισυνάγωγος	N;NOM(SG)	ἀρχισυνάγωγοι
ἀρχισυνάγωγος	N;VOC(DU)	ἀρχισυνάγωγοι
ἀρχισυνάγωγος	N;VOC(PL)	ἀρχισυνάγωγοι
ἀρχισυνάγωγος	N;VOC(SG)	ἀρχισυνάγωγοι
ἄφωνος	ADJ;ACC(PL;FEM)	ἄφωνοι
ἄφωνος	ADJ;ACC(PL;MASC)	ἄφωνοι
ἄφωνος	ADJ;ACC(PL;NEUT)	ἄφωνοι
ἄφωνος	ADJ;ACC(SG;FEM)	ἄφωνοι
ἄφωνος	ADJ;ACC(SG;NEUT)	ἄφωνοι
ἄφωνος	ADJ;DAT(DU;FEM)	ἄφωνοι
ἄφωνος	ADJ;DAT(DU;MASC)	ἄφωνοι
ἄφωνος	ADJ;DAT(DU;NEUT)	ἄφωνοι
ἄφωνος	ADJ;DAT(PL;FEM)	ἄφωνοι
ἄφωνος	ADJ;DAT(PL;MASC)	ἄφωνοι
ἄφωνος	ADJ;DAT(PL;NEUT)	ἄφωνοι
ἄφωνος	ADJ;DAT(SG;FEM)	ἄφωνοι
ἄφωνος	ADJ;DAT(SG;MASC)	ἄφωνοι
ἄφωνος	ADJ;DAT(SG;NEUT)	ἄφωνοι
ἄφωνος	ADJ;GEN(DU;FEM)	ἄφωνοι
ἄφωνος	ADJ;GEN(PL;FEM)	ἄφωνοι
ἄφωνος	ADJ;GEN(PL;MASC)	ἄφωνοι
ἄφωνος	ADJ;GEN(PL;NEUT)	ἄφωνοι
ἄφωνος	ADJ;GEN(SG;FEM)	ἄφωνοι
ἄφωνος	ADJ;GEN(SG;MASC)	ἄφωνοι
ἄφωνος	ADJ;NOM(DU;MASC)	ἄφωνοι
ἄφωνος	ADJ;NOM(PL;FEM)	ἄφωνοι
ἄφωνος	ADJ;NOM(PL;MASC)	ἄφωνοι
ἄφωνος	ADJ;NOM(PL;NEUT)	ἄφωνοι
ἄφωνος	ADJ;NOM(SG;FEM)	ἄφωνοι
ἄφωνος	ADJ;NOM(SG;MASC)	ἄφωνοι
ἄφωνος	ADJ;VOC(DU;FEM)	ἄφωνοι
ἄφωνος	ADJ;VOC(DU;MASC)	ἄφωνοι
ἄφωνος	ADJ;VOC(DU;NEUT)	ἄφωνοι
ἄφωνος	ADJ;VOC(PL;MASC)	ἄφωνοι
ἄφωνος	ADJ;VOC(PL;NEUT)	ἄφωνοι
ἄφωνος	ADJ;VOC(SG;MASC)	ἄφωνοι
ἄφωνος	ADJ;VOC(SG;NEUT)	ἄφωνοι
Ἀβδηρίτης	N;ACC(DU)	Ἀβδηρῐ́ταιν
Ἀβδηρίτης	N;ACC(PL)	Ἀβδηρῐ́ταις
Ἀβδηρίτης	N;ACC(SG)	Ἀβδηρῐ́ται
Ἀβδηρίτης	N;DAT(DU)	Ἀβδηρῐ́ταιν
Ἀβδηρίτης	N;DAT(PL)	Ἀβδηρῐ́ταις
Ἀβδηρίτης	N;DAT(SG)	Ἀβδηρῐ́ται
Ἀβδηρίτης	N;GEN(DU)	Ἀβδηρῐ́ταιν
Ἀβδηρίτης	N;GEN(PL)	Ἀβδηρῐ́ταις
Ἀβδηρίτης	N;GEN(SG)	Ἀβδηρῐ́ται
Ἀβδηρίτης	N;NOM(DU)	Ἀβδηρῐ́ταιν
Ἀβδηρίτης	N;NOM(PL)	Ἀβδηρῐ́ταις
Ἀβδηρίτης	N;NOM(SG)	Ἀβδηρῐ́ται
Ἀβδηρίτης	N;VOC(DU)	Ἀβδηρῐ́τες
Ἀβδηρίτης	N;VOC(PL)	Ἀβδηρῐ́ταις
Ἀβδηρίτης	N;VOC(SG)	Ἀβδηρῐ́ται
Ἀσεάτης	N;ACC(DU)	Ἀσεάταιν
Ἀσεάτης	N;ACC(PL)	Ἀσεάταιν
Ἀσεάτης	N;ACC(SG)	Ἀσεάται
Ἀσεάτης	N;DAT(DU)	Ἀσεάταιν
Ἀσεάτης	N;DAT(PL)	Ἀσεάταιν
Ἀσεάτης	N;DAT(SG)	Ἀσεάται
Ἀσεάτης	N;GEN(PL)	Ἀσεάταιν
Ἀσεάτης	N;GEN(SG)	Ἀσεάται
Ἀσεάτης	N;NOM(DU)	Ἀσεάταιν
Ἀσεάτης	N;NOM(PL)	Ἀσεάταιν
Ἀσεάτης	N;NOM(SG)	Ἀσεάται
Ἀσεάτης	N;VOC(DU)	Ἀσεάταιν
Ἀσεάτης	N;VOC(PL)	Ἀσεάταιν
Ἀσεάτης	N;VOC(SG)	Ἀσεάται
ἐμπρακτικός	ADJ;ACC(DU;FEM)	ἐμπρακτικοῖν
ἐμπρακτικός	ADJ;ACC(DU;MASC)	ἐμπρακτικοῖν
ἐμπρακτικός	ADJ;ACC(DU;NEUT)	ἐμπρακτικοῖν
ἐμπρακτικός	ADJ;ACC(PL;FEM)	ἐμπρακτικοῖν
ἐμπρακτικός	ADJ;ACC(PL;MASC)	ἐμπρακτικοῖν
ἐμπρακτικός	ADJ;ACC(PL;NEUT)	ἐμπρακτικοῖν
ἐμπρακτικός	ADJ;ACC(SG;FEM)	ἐμπρακτικοῖν
ἐμπρακτικός	ADJ;ACC(SG;MASC)	ἐμπρακτικοῖν
ἐμπρακτικός	ADJ;DAT(DU;MASC)	ἐμπρακτικοῖν
ἐμπρακτικός	ADJ;DAT(DU;NEUT)	ἐμπρακτικοῖν
ἐμπρακτικός	ADJ;DAT(SG;FEM)	ἐμπρακτικοῖν
ἐμπρακτικός	ADJ;DAT(SG;MASC)	ἐμπρακτικοῖν
ἐμπρακτικός	ADJ;DAT(SG;NEUT)	ἐμπρακτικοῖν
ἐμπρακτικός	ADJ;GEN(DU;FEM)	ἐμπρακτικοῖν
ἐμπρακτικός	ADJ;GEN(DU;MASC)	ἐμπρακτικοῖν
ἐμπρακτικός	ADJ;GEN(DU;NEUT)	ἐμπρακτικοῖν
ἐμπρακτικός	ADJ;GEN(PL;FEM)	ἐμπρακτικοῖν
ἐμπρακτικός	ADJ;GEN(PL;MASC)	ἐμπρακτικοῖν
ἐμπρακτικός	ADJ;GEN(SG;MASC)	ἐμπρακτικοῖν
ἐμπρακτικός	ADJ;GEN(SG;NEUT)	ἐμπρακτικοῖν
ἐμπρακτικός	ADJ;NOM(DU;FEM)	ἐμπρακτικοῖν
ἐμπρακτικός	ADJ;NOM(DU;MASC)	ἐμπρακτικοῖν
ἐμπρακτικός	ADJ;NOM(PL;FEM)	ἐμπρακτικοῖν
ἐμπρακτικός	ADJ;NOM(PL;MASC)	ἐμπρακτικοῖν
ἐμπρακτικός	ADJ;NOM(PL;NEUT)	ἐμπρακτικοῖν
ἐμπρακτικός	ADJ;NOM(SG;FEM)	ἐμπρακτικοῖν
ἐμπρακτικός	ADJ;VOC(DU;FEM)	ἐμπρακτικοῖν
ἐμπρακτικός	ADJ;VOC(DU;MASC)	ἐμπρακτικοῖν
ἐμπρακτικός	ADJ;VOC(DU;NEUT)	ἐμπρακτικοῖν
ἐμπρακτικός	ADJ;VOC(PL;MASC)	ἐμπρακτικοῖν
ἐμπρακτικός	ADJ;VOC(PL;NEUT)	ἐμπρακτικοῖν
ἐμπρακτικός	ADJ;VOC(SG;MASC)	ἐμπρακτικοῖν
ἐμπρακτικός	ADJ;VOC(SG;NEUT)	ἐμπρακτικοῖν
ἐξομολογητικός	ADJ;ACC(DU;MASC)	ἐξομολογητικοῖν
ἐξομολογητικός	ADJ;ACC(DU;NEUT)	ἐξομολογητικοῖν
ἐξομολογητικός	ADJ;ACC(PL;MASC)	ἐξομολογητικοῖν
ἐξομολογητικός	ADJ;ACC(PL;NEUT)	ἐξομολογητικοῖν
ἐξομολογητικός	ADJ;ACC(SG;FEM)	ἐξομολογητικᾱ́
ἐξομολογητικός	ADJ;ACC(SG;MASC)	ἐξομολογητικοῖν
ἐξομολογητικός	ADJ;DAT(DU;MASC)	ἐξομολογητικοῖν
ἐξομολογητικός	ADJ;DAT(DU;NEUT)	ἐξομολογητικοῖν
ἐξομολογητικός	ADJ;DAT(PL;FEM)	ἐξομολογητικοῖν
ἐξομολογητικός	ADJ;DAT(PL;MASC)	ἐξομολογητικοῖν
ἐξομολογητικός	ADJ;DAT(PL;NEUT)	ἐξομολογητικοῖν
ἐξομολογητικός	ADJ;DAT(SG;FEM)	ἐξομολογητικοῖν
ἐξομολογητικός	ADJ;DAT(SG;MASC)	ἐξομολογητικοῖν
ἐξομολογητικός	ADJ;DAT(SG;NEUT)	ἐξομολογητικοῖν
ἐξομολογητικός	ADJ;GEN(DU;MASC)	ἐξομολογητικοῖν
ἐξομολογητικός	ADJ;GEN(DU;NEUT)	ἐξομολογητικοῖν
ἐξομολογητικός	ADJ;GEN(PL;MASC)	ἐξομολογητικοῖν
ἐξομολογητικός	ADJ;GEN(PL;NEUT)	ἐξομολογητικοῖν
ἐξομολογητικός	ADJ;GEN(SG;FEM)	ἐξομολογητικοῖν
ἐξομολογητικός	ADJ;GEN(SG;MASC)	ἐξομολογητικοῖν
ἐξομολογητικός	ADJ;NOM(DU;FEM)	ἐξομολογητικοῖν
ἐξομολογητικός	ADJ;NOM(DU;MASC)	ἐξομολογητικοῖν
ἐξομολογητικός	ADJ;NOM(DU;NEUT)	ἐξομολογητικοῖν
ἐξομολογητικός	ADJ;NOM(PL;FEM)	ἐξομολογητικοῖν
ἐξομολογητικός	ADJ;NOM(PL;NEUT)	ἐξομολογητικοῖν
ἐξομολογητικός	ADJ;NOM(SG;NEUT)	ἐξομολογητικοῖν
ἐξομολογητικός	ADJ;VOC(DU;FEM)	ἐξομολογητικοῖν
ἐξομολογητικός	ADJ;VOC(DU;MASC)	ἐξομολογητικοῖν
ἐξομολογητικός	ADJ;VOC(PL;FEM)	ἐξομολογητικοῖν
ἐξομολογητικός	ADJ;VOC(PL;MASC)	ἐξομολογητικοῖν
ἐξομολογητικός	ADJ;VOC(SG;FEM)	ἐξομολογητικᾱ́
ἐξομολογητικός	ADJ;VOC(SG;MASC)	ἐξομολογητικοῖν
ἐξομολογητικός	ADJ;VOC(SG;NEUT)	ἐξομολογητικοῖν
Ἑλληνικός	ADJ;ACC(DU;FEM)	Ἑλληνικοῖν
Ἑλληνικός	ADJ;ACC(DU;NEUT)	Ἑλληνικοῖν
Ἑλληνικός	ADJ;ACC(PL;FEM)	Ἑλληνικοῖν
Ἑλληνικός	ADJ;ACC(PL;MASC)	Ἑλληνικοῖν
Ἑλληνικός	ADJ;ACC(SG;MASC)	Ἑλληνικοῖν
Ἑλληνικός	ADJ;ACC(SG;NEUT)	Ἑλληνικοῖν
Ἑλληνικός	ADJ;DAT(DU;FEM)	Ἑλληνικοῖν
Ἑλληνικός	ADJ;DAT(DU;MASC)	Ἑλληνικοῖν
Ἑλληνικός	ADJ;DAT(DU;NEUT)	Ἑλληνικοῖν
Ἑλληνικός	ADJ;DAT(PL;FEM)	Ἑλληνικοῖν
Ἑλληνικός	ADJ;DAT(SG;NEUT)	Ἑλληνικοῖν
Ἑλληνικός	ADJ;GEN(DU;FEM)	Ἑλληνικοῖν
Ἑλληνικός	ADJ;GEN(DU;MASC)	Ἑλληνικοῖν
Ἑλληνικός	ADJ;GEN(DU;NEUT)	Ἑλληνικοῖν
Ἑλληνικός	ADJ;GEN(PL;FEM)	Ἑλληνικοῖν
Ἑλληνικός	ADJ;GEN(PL;MASC)	Ἑλληνικοῖν
Ἑλληνικός	ADJ;GEN(PL;NEUT)	Ἑλληνικοῖν
Ἑλληνικός	ADJ;GEN(SG;MASC)	Ἑλληνικοῖν
Ἑλληνικός	ADJ;GEN(SG;NEUT)	Ἑλληνικοῖν
Ἑλληνικός	ADJ;NOM(DU;FEM)	Ἑλληνικοῖν
Ἑλληνικός	ADJ;NOM(DU;MASC)	Ἑλληνικοῖν
Ἑλληνικός	ADJ;NOM(DU;NEUT)	Ἑλληνικοῖν
Ἑλληνικός	ADJ;NOM(PL;FEM)	Ἑλληνικοῖν
Ἑλληνικός	ADJ;NOM(PL;MASC)	Ἑλληνικοῖν
Ἑλληνικός	ADJ;NOM(PL;NEUT)	Ἑλληνικοῖν
Ἑλληνικός	ADJ;NOM(SG;FEM)	Ἑλληνικοῖν
Ἑλληνικός	ADJ;NOM(SG;MASC)	Ἑλληνικοῖν
Ἑλληνικός	ADJ;NOM(SG;NEUT)	Ἑλληνικοῖν
Ἑλληνικός	ADJ;VOC(DU;FEM)	Ἑλληνικοῖν
Ἑλληνικός	ADJ;VOC(DU;MASC)	Ἑλληνικοῖν
Ἑλληνικός	ADJ;VOC(DU;NEUT)	Ἑλληνικοῖν
Ἑλληνικός	ADJ;VOC(PL;NEUT)	Ἑλληνικοῖν
Ἑλληνικός	ADJ;VOC(SG;FEM)	Ἑλληνικοῖν
Ἔλυμος	N;ACC(DU)	Ἔλυμοι
Ἔλυμος	N;ACC(PL)	Ἔλυμοιν
Ἔλυμος	N;ACC(SG)	Ἔλυμοι
Ἔλυμος	N;DAT(DU)	Ἔλυμοιν
Ἔλυμος	N;DAT(PL)	Ἔλυμοιν
Ἔλυμος	N;DAT(SG)	Ἔλυμοι
Ἔλυμος	N;GEN(DU)	Ἔλυμοιν
Ἔλυμος	N;GEN(PL)	Ἔλυμοιν
Ἔλυμος	N;GEN(SG)	Ἔλυμοι
Ἔλυμος	N;NOM(DU)	Ἔλυμοι
Ἔλυμος	N;NOM(PL)	Ἔλυμοιν
Ἔλυμος	N;NOM(SG)	Ἔλυμοι
Ἔλυμος	N;VOC(DU)	Ἔλυμοι
Ἔλυμος	N;VOC(PL)	Ἔλυμοιν
Ἔλυμος	N;VOC(SG)	Ἔλυμοι
ἡστικός	ADJ;ACC(DU;MASC)	ἡστικοῖν
ἡστικός	ADJ;ACC(PL;FEM)	ἡστικοῖν
ἡστικός	ADJ;ACC(PL;NEUT)	ἡστικοῖν
ἡστικός	ADJ;ACC(SG;FEM)	ἡστικοῖν
ἡστικός	ADJ;ACC(SG;MASC)	ἡστικοῖν
ἡστικός	ADJ;ACC(SG;NEUT)	ἡστικοῖν
ἡστικός	ADJ;DAT(DU;FEM)	ἡστικοῖν
ἡστικός	ADJ;DAT(DU;MASC)	ἡστικοῖν
ἡστικός	ADJ;DAT(DU;NEUT)	ἡστικοῖν
ἡστικός	ADJ;DAT(PL;FEM)	ἡστικοῖν
ἡστικός	ADJ;DAT(PL;MASC)	ἡστικοῖν
ἡστικός	ADJ;DAT(PL;NEUT)	ἡστικοῖν
ἡστικός	ADJ;DAT(SG;FEM)	ἡστικοῖν
ἡστικός	ADJ;DAT(SG;NEUT)	ἡστικοῖν
ἡστικός	ADJ;GEN(DU;MASC)	ἡστικοῖν
ἡστικός	ADJ;GEN(DU;NEUT)	ἡστικοῖν
ἡστικός	ADJ;GEN(PL;FEM)	ἡστικοῖν
ἡστικός	ADJ;GEN(PL;NEUT)	ἡστικοῖν
ἡστικός	ADJ;GEN(SG;MASC)	ἡστικοῖν
ἡστικός	ADJ;NOM(DU;FEM)	ἡστικοῖν
ἡστικός	ADJ;NOM(DU;MASC)	ἡστικοῖν
ἡστικός	ADJ;NOM(DU;NEUT)	ἡστικοῖν
ἡστικός	ADJ;NOM(PL;FEM)	ἡστικοῖν
ἡστικός	ADJ;NOM(PL;MASC)	ἡστικοῖν
ἡστικός	ADJ;NOM(PL;NEUT)	ἡστικοῖν
ἡστικός	ADJ;NOM(SG;FEM)	ἡστικοῖν
ἡστικός	ADJ;NOM(SG;NEUT)	ἡστικοῖν
ἡστικός	ADJ;VOC(DU;MASC)	ἡστικοῖν
ἡστικός	ADJ;VOC(DU;NEUT)	ἡστικοῖν
ἡστικός	ADJ;VOC(PL;MASC)	ἡστικοῖν
ἡστικός	ADJ;VOC(PL;NEUT)	ἡστικοῖν
ἡστικός	ADJ;VOC(SG;MASC)	ἡστικοῖν
ἡστικός	ADJ;VOC(SG;NEUT)	ἡστικοῖν
Ἠπειρώτης	N;ACC(DU)	Ἠπειρώτες
Ἠπειρώτης	N;ACC(PL)	Ἠπειρώτες
Ἠπειρώτης	N;ACC(SG)	Ἠπειρώτες
Ἠπειρώτης	N;DAT(DU)	Ἠπειρώτες
Ἠπειρώτης	N;DAT(PL)	Ἠπειρώτες
Ἠπειρώτης	N;DAT(SG)	Ἠπειρώτες
Ἠπειρώτης	N;GEN(DU)	Ἠπειρώτες
Ἠπειρώτης	N;GEN(PL)	Ἠπειρώτες
Ἠπειρώτης	N;GEN(SG)	Ἠπειρώτες
Ἠπειρώτης	N;NOM(DU)	Ἠπειρώτες
Ἠπειρώτης	N;NOM(PL)	Ἠπειρώτες
Ἠπειρώτης	N;NOM(SG)	Ἠπειρώτες
Ἠπειρώτης	N;VOC(DU)	Ἠπειρώτες
Ἠπειρώτης	N;VOC(PL)	Ἠπειρώτες
Ἠπειρώτης	N;VOC(SG)	Ἠπειρώται
ὀνοματοποιία	N;ACC(DU)	ὀνοματοποιίᾱ
ὀνοματοποιία	N;ACC(PL)	ὀνοματοποιίᾱς
ὀνοματοποιία	N;ACC(SG)	ὀνοματοποιίᾱ
ὀνοματοποιία	N;DAT(DU)	ὀνοματοποιίᾱ
ὀνοματοποιία	N;DAT(PL)	ὀνοματοποιίᾱς
ὀνοματοποιία	N;DAT(SG)	ὀνοματοποιίᾱ
ὀνοματοποιία	N;GEN(DU)	ὀνοματοποιίᾱ
ὀνοματοποιία	N;GEN(PL)	ὀνοματοποιίᾱς
ὀνοματοποιία	N;GEN(SG)	ὀνοματοποιίᾱ
ὀνοματοποιία	N;NOM(DU)	ὀνοματοποιίᾱ
ὀνοματοποιία	N;NOM(PL)	ὀνοματοποιίᾱς
ὀνοματοποιία	N;NOM(SG)	ὀνοματοποιίᾱ
ὀνοματοποιία	N;VOC(DU)	ὀνοματοποιίᾱ
ὀνοματοποιία	N;VOC(PL)	ὀνοματοποιίᾱς
ὀνοματοποιία	N;VOC(SG)	ὀνοματοποιίᾱ
ὀστοῦν	N;ACC(DU)	ὀστοῦν
ὀστοῦν	N;ACC(PL)	ὀστοῦν
ὀστοῦν	N;ACC(SG)	ὀστοῦν
ὀστοῦν	N;DAT(DU)	ὀστοῦν
ὀστοῦν	N;DAT(PL)	ὀστοῦν
ὀστοῦν	N;DAT(SG)	ὀστοῦν
ὀστοῦν	N;GEN(DU)	ὀστοῦν
ὀστοῦν	N;GEN(PL)	ὀστοῦν
ὀστοῦν	N;GEN(SG)	ὀστοῦν
ὀστοῦν	N;NOM(DU)	ὀστοῦν
ὀστοῦν	N;NOM(PL)	ὀστοῦν
ὀστοῦν	N;NOM(SG)	ὀστοῦν
ὀστοῦν	N;VOC(DU)	ὀστοῦν
ὀστοῦν	N;VOC(PL)	ὀστοῦν
ὀστοῦν	N;VOC(SG)	ὀστοῦν
ὁμόγραφος	ADJ;ACC(DU;FEM)	ὁμογράφοιν
ὁμόγραφος	ADJ;ACC(DU;NEUT)	ὁμογράφοιν
ὁμόγραφος	ADJ;ACC(PL;MASC)	ὁμογράφοιν
ὁμόγραφος	ADJ;ACC(PL;NEUT)	ὁμογράφοιν
ὁμόγραφος	ADJ;ACC(SG;MASC)	ὁμογράφοι
ὁμόγραφος	ADJ;ACC(SG;NEUT)	ὁμογράφοι
ὁμόγραφος	ADJ;DAT(DU;FEM)	ὁμογράφοιν
ὁμόγραφος	ADJ;DAT(DU;MASC)	ὁμογράφοιν
ὁμόγραφος	ADJ;DAT(DU;NEUT)	ὁμογράφοιν
ὁμόγραφος	ADJ;DAT(PL;FEM)	ὁμογράφοιν
ὁμόγραφος	ADJ;DAT(PL;MASC)	ὁμογράφοιν
ὁμόγραφος	ADJ;DAT(PL;NEUT)	ὁμογράφοιν
ὁμόγραφος	ADJ;DAT(SG;FEM)	ὁμογράφοιν
ὁμόγραφος	ADJ;DAT(SG;MASC)	ὁμογράφοιν
ὁμόγραφος	ADJ;GEN(DU;MASC)	ὁμογράφοιν
ὁμόγραφος	ADJ;GEN(DU;NEUT)	ὁμογράφοιν
ὁμόγραφος	ADJ;GEN(PL;FEM)	ὁμογράφοιν
ὁμόγραφος	ADJ;GEN(PL;NEUT)	ὁμογράφοιν
ὁμόγραφος	ADJ;GEN(SG;FEM)	ὁμογράφοιν
ὁμόγραφος	ADJ;GEN(SG;NEUT)	ὁμογράφοι
ὁμόγραφος	ADJ;NOM(DU;FEM)	ὁμογράφοι
ὁμόγραφος	ADJ;NOM(DU;MASC)	ὁμογράφοι
ὁμόγραφος	ADJ;NOM(DU;NEUT)	ὁμογράφοιν
ὁμόγραφος	ADJ;NOM(PL;MASC)	ὁμογράφοιν
ὁμόγραφος	ADJ;NOM(SG;NEUT)	ὁμογράφοι
ὁμόγραφος	ADJ;VOC(DU;FEM)	ὁμογράφοι
ὁμόγραφος	ADJ;VOC(DU;MASC)	ὁμογράφοι
ὁμόγραφος	ADJ;VOC(DU;NEUT)	ὁμογράφοι
ὁμόγραφος	ADJ;VOC(PL;FEM)	ὁμογράφοιν
ὁμόγραφος	ADJ;VOC(PL;MASC)	ὁμογράφοιν
ὁμόγραφος	ADJ;VOC(PL;NEUT)	ὁμογράφοιν
ὁμόγραφος	ADJ;VOC(SG;FEM)	ὁμογράφοι
ὁμόγραφος	ADJ;VOC(SG;MASC)	ὁμογράφοι
ὅμιλος	N;ACC(DU)	ὅμιλοι
ὅμιλος	N;ACC(PL)	ὅμιλοις
ὅμιλος	N;ACC(SG)	ὅμιλοι
ὅμιλος	N;DAT(DU)	ὅμιλοι
ὅμιλος	N;DAT(PL)	ὅμιλοις
ὅμιλος	N;DAT(SG)	ὅμιλοι
ὅμιλος	N;GEN(DU)	ὅμιλοι
ὅμιλος	N;GEN(PL)	ὅμιλοις
ὅμιλος	N;GEN(SG)	ὅμιλοι
ὅμιλος	N;NOM(DU)	ὅμιλοι
ὅμιλος	N;NOM(PL)	ὅμιλοι
ὅμιλος	N;NOM(SG)	ὅμιλοι
ὅμιλος	N;VOC(DU)	ὅμιλοι
ὅμιλος	N;VOC(PL)	ὅμιλοι
ὅμιλος	N;VOC(SG)	ὅμιλοι
ῥάδιξ	N;ACC(DU)	ῥᾰδῐ́ᾱ
ῥάδιξ	N;ACC(PL)	ῥᾰδᾰ́ξοιν
ῥάδιξ	N;ACC(SG)	ῥᾰδῐᾰ
ῥάδιξ	N;DAT(DU)	ῥᾰδῐ́ᾱ
ῥάδιξ	N;DAT(PL)	ῥᾰδᾰ́ξοιν
ῥάδιξ	N;DAT(SG)	ῥᾰδῐᾰ
ῥάδιξ	N;GEN(DU)	ῥᾰδῐ́ᾱ
ῥάδιξ	N;GEN(PL)	ῥᾰδῐ́ξοιν
ῥάδιξ	N;GEN(SG)	ῥᾰδῐ́ᾱ
ῥάδιξ	N;NOM(DU)	ῥᾰδῐ́ᾱ
ῥάδιξ	N;NOM(PL)	ῥᾰδῐ́ᾱ
ῥάδιξ	N;NOM(SG)	ῥᾰδῐᾰ
ῥάδιξ	N;VOC(DU)	ῥᾰδῐ́ᾱ
ῥάδιξ	N;VOC(PL)	ῥᾰδῐ́ᾱ
ῥάδιξ	N;VOC(SG)	ῥᾰδῐ́ᾱ
ῥητίνη	N;ACC(DU)	ῥητῐνᾱ́
ῥητίνη	N;ACC(PL)	ῥητῐνῶν
ῥητίνη	N;ACC(SG)	ῥητῐ́νᾱ
ῥητίνη	N;DAT(DU)	ῥητῐνᾱ́
ῥητίνη	N;DAT(PL)	ῥητῐνῶν
ῥητίνη	N;DAT(SG)	ῥητῐνᾱ́
ῥητίνη	N;GEN(DU)	ῥητῐνᾱ́
ῥητίνη	N;GEN(PL)	ῥητῐνῶν
ῥητίνη	N;GEN(SG)	ῥητῐνᾱ́
ῥητίνη	N;NOM(DU)	ῥητῐνᾱ́
ῥητίνη	N;NOM(PL)	ῥητῐνῶν
ῥητίνη	N;NOM(SG)	ῥητῐ́νᾱ
ῥητίνη	N;VOC(DU)	ῥητῐνᾱ́
ῥητίνη	N;VOC(PL)	ῥητῐνῶν
ῥητίνη	N;VOC(SG)	ῥητῐ́νᾱ
accuracy:0.085