blaŋt	V;IMP;NEG;TR;ABS(2,SG);ERG(3,SG)	mʌblaŋwɛnu
blaŋt	V;PRS;NEG;REFL;ABS(1,SG)	mʌblaŋwɛnu
blaŋt	V;PRS;NEG;REFL;ABS(2,SG)	mʌblaŋwɛnu
blaŋt	V;PRS;NEG;TR;ABS(1,EXCL,DU);ERG(3,SG)	mʌblaŋki
blaŋt	V;PRS;NEG;TR;ABS(1,INCL,DU);ERG(3,DU)	mʌblaŋki
blaŋt	V;PRS;NEG;TR;ABS(3,DU);ERG(1,INCL,DU)	mʌblaŋki
blaŋt	V;PRS;NEG;TR;ABS(3,PL);ERG(1,EXCL,DU)	mʌblaŋiwi
blaŋt	V;PRS;NEG;TR;ABS(3,PL);ERG(3,DU)	mʌblaŋiwi
blaŋt	V;PRS;NEG;TR;ABS(3,SG);ERG(1,SG)	mʌblaŋkʌ
blaŋt	V;PRS;POS;TR;ABS(1,EXCL,DU);ERG(3,DU)	blaŋkʌ
blaŋt	V;PRS;POS;TR;ABS(1,SG);ERG(2,SG,FORM)	blaŋkʌ
blaŋt	V;PRS;POS;TR;ABS(3,DU);ERG(1,SG)	ʔiblaŋkʌ
blaŋt	V;PRS;POS;TR;ABS(3,PL);ERG(3,SG)	ʔiblaŋkʌ
blaŋt	V;PRS;POS;TR;ABS(3,SG);ERG(3,SG)	blaŋkʌ
blaŋt	V;PST;NEG;TR;ABS(1,EXCL,PL);ERG(2,DU)	mʌblaŋwɛnu
blaŋt	V;PST;NEG;TR;ABS(2,DU);ERG(3,SG)	mʌblaŋwɛnu
blaŋt	V;PST;POS;TR;ABS(1,EXCL,DU);ERG(2,SG,FORM)	ʔiblaŋtɛnu
blaŋt	V;PST;POS;TR;ABS(2,PL);ERG(1,EXCL,DU)	ʔiblaŋtɛnu
blaŋt	V;PST;POS;TR;ABS(3,DU);ERG(3,DU)	blaŋtɛnu
blaŋt	V;PST;POS;TR;ABS(3,SG);ERG(2,DU)	ʔiblaŋtɛnu
bɛnt	V;IMP;NEG;TR;ABS(2,DU);ERG(3,PL)	mubɛːʦi
bɛnt	V;IMP;NEG;TR;ABS(2,PL);ERG(1,EXCL,DU)	mubɛːʦi
bɛnt	V;IMP;POS;TR;ABS(2,DU);ERG(3,DU)	ʔibɛːsti
bɛnt	V;IMP;POS;TR;ABS(2,PL);ERG(1,EXCL,PL)	ʔibɛːsti
bɛnt	V;PRS;NEG;TR;ABS(1,EXCL,DU);ERG(3,DU)	mʌbɛːʦi
bɛnt	V;PRS;NEG;TR;ABS(1,EXCL,PL);ERG(2,DU)	mʌbɛːʦi
bɛnt	V;PRS;NEG;TR;ABS(1,INCL,PL);ERG(3,PL)	mʌbɛːʦi
bɛnt	V;PRS;NEG;TR;ABS(2,SG);ERG(1,EXCL,PL)	mʌbɛːʦi
bɛnt	V;PRS;NEG;TR;ABS(2,SG);ERG(3,SG)	mʌbɛːʦu
bɛnt	V;PRS;NEG;TR;ABS(3,SG);ERG(1,INCL,DU)	mʌbɛːswi
bɛnt	V;PRS;POS;TR;ABS(3,SG);ERG(1,SG)	bɛːʦi
bɛnt	V;PRS;POS;TR;ABS(3,SG);ERG(2,SG,FORM)	ʔibɛːsti
bɛnt	V;PST;NEG;TR;ABS(3,DU);ERG(2,DU)	mʌbɛːswi
bɛnt	V;PST;NEG;TR;ABS(3,SG);ERG(1,INCL,DU)	mʌbɛːswi
bɛnt	V;PST;NEG;TR;ABS(3,SG);ERG(2,SG,FORM)	mʌbɛːswi
bɛnt	V;PST;POS;TR;ABS(1,EXCL,DU);ERG(2,PL)	ʔibɛːswi
bɛnt	V;PST;POS;TR;ABS(1,INCL,DU);ERG(3,SG)	bɛːswi
bɛnt	V;PST;POS;TR;ABS(1,INCL,PL);ERG(3,DU)	bɛːʦiwi
bɛnt	V;PST;POS;TR;ABS(2,PL);ERG(1,EXCL,PL)	ʔibɛːswi
bɛnt	V;PST;POS;TR;ABS(3,SG);ERG(1,INCL,PL)	ʔibɛːswi
bʰlept	V;IMP;NEG;TR;ABS(2,SG);ERG(1,EXCL,PL)	mʌbʰlepiwi
bʰlept	V;IMP;NEG;TR;ABS(2,SG);ERG(3,DU)	mʌbʰlepiwi
bʰlept	V;PRS;NEG;TR;ABS(2,PL);ERG(3,PL)	mʌbʰlepiwi
bʰlept	V;PRS;NEG;TR;ABS(3,DU);ERG(1,EXCL,PL)	mʌbʰlepiwi
bʰlept	V;PRS;NEG;TR;ABS(3,PL);ERG(3,PL)	mʌbʰlepkʌ
bʰlept	V;PRS;NEG;TR;ABS(3,SG);ERG(2,DU)	mʌbʰlepiwi
bʰlept	V;PRS;POS;TR;ABS(1,EXCL,DU);ERG(2,SG,FORM)	ʔibʰlepi
bʰlept	V;PRS;POS;TR;ABS(1,EXCL,DU);ERG(3,DU)	ʔibʰlepi
bʰlept	V;PRS;POS;TR;ABS(2,DU);ERG(3,PL)	ʔibʰlepi
bʰlept	V;PRS;POS;TR;ABS(3,DU);ERG(1,EXCL,DU)	ʔibʰlepi
bʰlept	V;PRS;POS;TR;ABS(3,PL);ERG(1,INCL,DU)	ʔibʰlepi
bʰlept	V;PST;NEG;TR;ABS(1,EXCL,DU);ERG(3,SG)	mʌbʰlepwɛnu
bʰlept	V;PST;NEG;TR;ABS(2,PL);ERG(3,PL)	mʌbʰlepwɛnu
bʰlept	V;PST;NEG;TR;ABS(3,DU);ERG(1,EXCL,PL)	mʌbʰlepwɛnu
bʰlept	V;PST;NEG;TR;ABS(3,PL);ERG(1,INCL,PL)	mʌbʰlepwɛnu
bʰlept	V;PST;POS;TR;ABS(1,EXCL,PL);ERG(2,DU)	ʔibʰlepwɛnu
bʰlept	V;PST;POS;TR;ABS(1,EXCL,PL);ERG(3,PL)	ʔibʰlepwɛnu
bʰlept	V;PST;POS;TR;ABS(1,SG);ERG(3,SG)	ʔibʰlepwɛnu
bʰlept	V;PST;POS;TR;ABS(2,PL);ERG(3,SG)	ʔibʰlepwɛnu
bʰlept	V;PST;POS;TR;ABS(2,SG);ERG(3,PL)	ʔibʰlepwɛnu
deŋt	V;IMP;POS;TR;ABS(2,DU);ERG(1,EXCL,DU)	ʔideŋkʌ
deŋt	V;PRS;NEG;TR;ABS(1,EXCL,DU);ERG(2,SG,FORM)	mʌdeŋki
deŋt	V;PRS;NEG;TR;ABS(2,PL);ERG(1,EXCL,DU)	mʌdeŋki
deŋt	V;PRS;NEG;TR;ABS(3,SG);ERG(1,SG)	mʌdeŋkʌ
deŋt	V;PRS;POS;TR;ABS(1,EXCL,DU);ERG(3,SG)	ʔideŋkʌ
deŋt	V;PRS;POS;TR;ABS(1,EXCL,PL);ERG(2,PL)	ʔideŋtiki
deŋt	V;PRS;POS;TR;ABS(1,EXCL,PL);ERG(3,SG)	ʔideŋkʌ
deŋt	V;PRS;POS;TR;ABS(1,SG);ERG(2,SG,FORM)	ʔideŋtɛnu
deŋt	V;PRS;POS;TR;ABS(2,SG);ERG(1,SG)	ʔideŋtɛnu
deŋt	V;PRS;POS;TR;ABS(3,PL);ERG(2,DU)	ʔideŋkʌ
deŋt	V;PRS;POS;TR;ABS(3,SG);ERG(1,INCL,DU)	ʔideŋi
deŋt	V;PRS;POS;TR;ABS(3,SG);ERG(3,PL)	ʔideŋkʌ
deŋt	V;PST;NEG;TR;ABS(3,DU);ERG(1,EXCL,PL)	mʌdeŋwiki
deŋt	V;PST;NEG;TR;ABS(3,PL);ERG(1,INCL,DU)	mʌdeŋwiki
deŋt	V;PST;NEG;TR;ABS(3,SG);ERG(3,DU)	mʌdeŋwɛnu
deŋt	V;PST;POS;TR;ABS(1,EXCL,DU);ERG(3,PL)	ʔideŋtɛnu
deŋt	V;PST;POS;TR;ABS(3,DU);ERG(2,PL)	ʔideŋtɛnu
deŋt	V;PST;POS;TR;ABS(3,PL);ERG(1,EXCL,DU)	ʔideŋtɛnu
deŋt	V;PST;POS;TR;ABS(3,PL);ERG(3,PL)	ʔideŋtɛnu
deŋt	V;PST;POS;TR;ABS(3,SG);ERG(1,EXCL,PL)	ʔideŋtɛnu
duŋt	V;IMP;POS;TR;ABS(2,DU);ERG(1,SG)	ʔidʉŋi
duŋt	V;PRS;NEG;TR;ABS(3,DU);ERG(1,EXCL,PL)	mʌdʉ̂ŋwɛnu
duŋt	V;PRS;NEG;TR;ABS(3,PL);ERG(2,PL)	mʌdʉ̂ŋwɛnu
duŋt	V;PRS;NEG;TR;ABS(3,PL);ERG(3,DU)	mʌdʉŋiwi
duŋt	V;PRS;NEG;TR;ABS(3,SG);ERG(2,SG,FORM)	mʌdʉŋi
duŋt	V;PRS;POS;TR;ABS(1,EXCL,DU);ERG(3,PL)	ʔidʉŋi
duŋt	V;PRS;POS;TR;ABS(1,EXCL,PL);ERG(2,DU)	ʔidʉŋi
duŋt	V;PRS;POS;TR;ABS(1,INCL,DU);ERG(3,DU)	ʔidʉŋi
duŋt	V;PRS;POS;TR;ABS(2,DU);ERG(1,SG)	ʔidʉŋi
duŋt	V;PRS;POS;TR;ABS(3,DU);ERG(1,SG)	ʔidʉŋi
duŋt	V;PST;NEG;TR;ABS(1,EXCL,DU);ERG(3,PL)	mʌdʉŋwɛnu
duŋt	V;PST;NEG;TR;ABS(1,SG);ERG(2,DU)	mʌdʉŋwɛnu
duŋt	V;PST;NEG;TR;ABS(1,SG);ERG(3,PL)	mʌdʉŋwɛnu
duŋt	V;PST;NEG;TR;ABS(2,PL);ERG(3,SG)	mʌdʉŋwɛnu
duŋt	V;PST;NEG;TR;ABS(2,SG);ERG(3,SG)	mʌdʉŋwɛnu
duŋt	V;PST;NEG;TR;ABS(3,DU);ERG(3,PL)	mʌdʉŋwɛnu
duŋt	V;PST;NEG;TR;ABS(3,DU);ERG(3,SG)	mʌdʉŋwɛnu
duŋt	V;PST;POS;TR;ABS(1,SG);ERG(2,DU)	ʔidʉŋiwi
duŋt	V;PST;POS;TR;ABS(2,PL);ERG(3,SG)	ʔidʌŋtɛnu
duŋt	V;PST;POS;TR;ABS(3,SG);ERG(1,SG)	ʔidʌŋtɛnu
gup	V;IMP;NEG;REFL;ABS(2,DU)	mugʉpiwi
gup	V;IMP;NEG;TR;ABS(2,DU);ERG(1,EXCL,DU)	mʌgʉpiwi
gup	V;IMP;POS;TR;ABS(2,DU);ERG(3,SG)	ʔigʉpi
gup	V;PRS;NEG;REFL;ABS(2,PL)	mʌgʉpiwi
gup	V;PRS;NEG;REFL;ABS(3,DU)	mʌgʉpiwi
gup	V;PRS;NEG;TR;ABS(1,EXCL,DU);ERG(2,SG,FORM)	mʌgʉpiwi
gup	V;PRS;NEG;TR;ABS(3,PL);ERG(2,DU)	mʌgʉpiwi
gup	V;PRS;NEG;TR;ABS(3,PL);ERG(3,PL)	mʌgʉpiwi
gup	V;PRS;POS;TR;ABS(2,PL);ERG(1,EXCL,PL)	ʔigʉpi
gup	V;PRS;POS;TR;ABS(3,DU);ERG(1,EXCL,DU)	ʔigʉpi
gup	V;PST;NEG;REFL;ABS(2,SG)	mʌgʉpwɛnu
gup	V;PST;NEG;TR;ABS(1,EXCL,PL);ERG(3,DU)	mʌgʉpwɛnu
gup	V;PST;NEG;TR;ABS(2,PL);ERG(1,EXCL,PL)	mʌgʉpwɛnu
gup	V;PST;NEG;TR;ABS(2,SG);ERG(1,EXCL,PL)	mʌgʉpwɛnu
gup	V;PST;NEG;TR;ABS(3,DU);ERG(1,INCL,PL)	mʌgʉpwɛnu
gup	V;PST;POS;REFL;ABS(1,SG)	gʉpwɛnu
gup	V;PST;POS;TR;ABS(1,SG);ERG(3,DU)	ʔigʉpiwi
gup	V;PST;POS;TR;ABS(3,DU);ERG(3,DU)	ʔigʉptɛnu
gup	V;PST;POS;TR;ABS(3,SG);ERG(2,DU)	ʔigʉpiwi
gup	V;PST;POS;TR;ABS(3,SG);ERG(3,SG)	ʔigʉptɛnu
gʰlaŋ	V;IMP;NEG;INTR;ABS(2,PL)	mugʰlaŋkʌ
gʰlaŋ	V;IMP;POS;INTR;ABS(2,DU)	gʰlaŋi
gʰlaŋ	V;IMP;POS;INTR;ABS(2,SG)	gʰlaŋi
gʰlaŋ	V;NFIN;POS;INTR	gʰlaŋ
gʰlaŋ	V;PRS;NEG;INTR;ABS(3,DU)	mʌgʰlaŋi
gʰlaŋ	V;PRS;NEG;INTR;ABS(3,PL)	mʌgʰlaŋi
gʰlaŋ	V;PRS;NEG;INTR;ABS(3,SG)	mugʰlaŋkʌ
gʰlaŋ	V;PRS;POS;INTR;ABS(1,EXCL,PL)	gʰlaŋi
gʰlaŋ	V;PRS;POS;INTR;ABS(1,SG)	gʰlaŋi
gʰlaŋ	V;PRS;POS;INTR;ABS(2,DU)	gʰlaŋi
gʰlaŋ	V;PRS;POS;INTR;ABS(2,SG)	gʰlaŋi
gʰlaŋ	V;PRS;POS;INTR;ABS(3,PL)	ʔigʰlaŋi
gʰlaŋ	V;PST;NEG;INTR;ABS(1,EXCL,PL)	mugʰlaŋwʌkʌ
gʰlaŋ	V;PST;NEG;INTR;ABS(1,INCL,PL)	mugʰlaŋwʌkʌ
gʰlaŋ	V;PST;NEG;INTR;ABS(1,SG)	mugʰlaŋwɛnu
gʰlaŋ	V;PST;NEG;INTR;ABS(2,PL)	mugʰlaŋwɛnu
gʰlaŋ	V;PST;POS;INTR;ABS(1,EXCL,DU)	gʰlaŋtʌkʌ
gʰlaŋ	V;PST;POS;INTR;ABS(1,INCL,PL)	gʰlaŋtʌkʌ
gʰlaŋ	V;PST;POS;INTR;ABS(2,DU)	gʰlaŋwɛnu
gʰlaŋ	V;PST;POS;INTR;ABS(3,DU)	gʰlaŋwɛnu
gʰum	V;IMP;POS;TR;ABS(2,DU);ERG(1,EXCL,DU)	ʔigʰʉmi
gʰum	V;PRS;NEG;TR;ABS(1,EXCL,DU);ERG(3,DU)	mʌgʰʉmiwi
gʰum	V;PRS;NEG;TR;ABS(1,INCL,PL);ERG(3,PL)	mʌgʰʉmiwi
gʰum	V;PRS;NEG;TR;ABS(2,DU);ERG(1,SG)	mʌgʰʉmiwi
gʰum	V;PRS;NEG;TR;ABS(2,SG);ERG(1,EXCL,PL)	mʌgʰʉmiwi
gʰum	V;PRS;NEG;TR;ABS(3,DU);ERG(3,PL)	mʌgʰʉmiwi
gʰum	V;PRS;NEG;TR;ABS(3,PL);ERG(2,DU)	mʌgʰʉmiwi
gʰum	V;PRS;POS;TR;ABS(1,EXCL,PL);ERG(2,SG,FORM)	ʔigʰʉmi
gʰum	V;PRS;POS;TR;ABS(1,EXCL,PL);ERG(3,SG)	ʔigʰʉmi
gʰum	V;PRS;POS;TR;ABS(2,DU);ERG(3,DU)	ʔigʰʉmi
gʰum	V;PRS;POS;TR;ABS(3,PL);ERG(1,INCL,PL)	ʔigʰʉmi
gʰum	V;PRS;POS;TR;ABS(3,SG);ERG(1,INCL,PL)	ʔigʰʉmi
gʰum	V;PRS;POS;TR;ABS(3,SG);ERG(2,PL)	ʔigʰʉmi
gʰum	V;PST;NEG;TR;ABS(1,INCL,DU);ERG(3,SG)	mʌgʰʉmwiki
gʰum	V;PST;NEG;TR;ABS(2,PL);ERG(1,EXCL,DU)	mʌgʰʉ̂mwɛnu
gʰum	V;PST;NEG;TR;ABS(3,SG);ERG(2,PL)	mʌgʰʉmwɛnu
gʰum	V;PST;POS;TR;ABS(1,SG);ERG(2,DU)	ʔigʰʉmiwi
gʰum	V;PST;POS;TR;ABS(3,PL);ERG(1,EXCL,PL)	ʔigʰʉmiwi
gʰum	V;PST;POS;TR;ABS(3,SG);ERG(1,INCL,PL)	ʔigʰʉmiwi
gʰum	V;PST;POS;TR;ABS(3,SG);ERG(2,SG,FORM)	ʔigʰʉmiwi
jokt	V;IMP;NEG;TR;ABS(2,PL);ERG(3,PL)	mʌjokwɛnu
jokt	V;IMP;NEG;TR;ABS(2,SG);ERG(1,EXCL,DU)	mʌjɵkiwi
jokt	V;IMP;POS;TR;ABS(2,SG);ERG(1,EXCL,PL)	ʔijokkʌ
jokt	V;NFIN;POS;TR	joktʌ
jokt	V;PRS;NEG;TR;ABS(1,EXCL,DU);ERG(2,DU)	mʌjokki
jokt	V;PRS;NEG;TR;ABS(1,INCL,DU);ERG(3,PL)	mʌjokki
jokt	V;PRS;NEG;TR;ABS(1,INCL,DU);ERG(3,SG)	mʌjokki
jokt	V;PRS;NEG;TR;ABS(1,SG);ERG(3,DU)	mʌjokki
jokt	V;PRS;NEG;TR;ABS(2,SG);ERG(3,DU)	mʌjôːkwɛnu
jokt	V;PRS;NEG;TR;ABS(3,DU);ERG(3,PL)	mʌjokki
jokt	V;PRS;NEG;TR;ABS(3,PL);ERG(2,SG,FORM)	mʌjokki
jokt	V;PRS;POS;TR;ABS(2,PL);ERG(1,EXCL,PL)	ʔijoktʌkʌ
jokt	V;PRS;POS;TR;ABS(2,SG);ERG(3,DU)	ʔijokkʌ
jokt	V;PRS;POS;TR;ABS(3,DU);ERG(2,SG,FORM)	ʔijokkʌ
jokt	V;PRS;POS;TR;ABS(3,PL);ERG(1,EXCL,DU)	ʔijoktʌkʌ
jokt	V;PRS;POS;TR;ABS(3,SG);ERG(1,INCL,DU)	ʔijɵki
jokt	V;PST;NEG;TR;ABS(1,EXCL,PL);ERG(2,DU)	mʌjokwɛnu
jokt	V;PST;NEG;TR;ABS(3,SG);ERG(1,EXCL,PL)	mʌjokwɛnu
jokt	V;PST;POS;TR;ABS(1,EXCL,PL);ERG(3,SG)	ʔijoktʌkʌ
jokt	V;PST;POS;TR;ABS(2,PL);ERG(3,SG)	ʔijoktʌkʌ
kik	V;PRS;NEG;REFL;ABS(3,PL)	mʌkiki
kik	V;PRS;NEG;TR;ABS(1,EXCL,PL);ERG(3,DU)	mʌkiki
kik	V;PRS;NEG;TR;ABS(2,PL);ERG(1,EXCL,DU)	mʌkiki
kik	V;PRS;NEG;TR;ABS(2,SG);ERG(3,SG)	mʌkiki
kik	V;PRS;NEG;TR;ABS(3,SG);ERG(2,PL)	mʌkiki
kik	V;PRS;NEG;TR;ABS(3,SG);ERG(3,PL)	mʌkiki
kik	V;PRS;POS;TR;ABS(1,EXCL,DU);ERG(3,DU)	ʔikiki
kik	V;PRS;POS;TR;ABS(1,EXCL,PL);ERG(2,PL)	ʔikiki
kik	V;PRS;POS;TR;ABS(3,PL);ERG(2,DU)	ʔikiki
kik	V;PST;NEG;REFL;ABS(2,PL)	mʌkikwɛnu
kik	V;PST;NEG;TR;ABS(1,SG);ERG(2,DU)	mʌkikwɛnu
kik	V;PST;NEG;TR;ABS(1,SG);ERG(3,DU)	mʌkikwɛnu
kik	V;PST;NEG;TR;ABS(2,SG);ERG(1,EXCL,PL)	mʌkikwɛnu
kik	V;PST;POS;TR;ABS(1,EXCL,DU);ERG(2,PL)	ʔikiktʌkʌ
kik	V;PST;POS;TR;ABS(1,EXCL,PL);ERG(2,PL)	ʔikiktʌkʌ
kik	V;PST;POS;TR;ABS(1,INCL,DU);ERG(3,DU)	ʔikiktʌkʌ
kik	V;PST;POS;TR;ABS(1,SG);ERG(3,DU)	ʔikiktʌkʌ
kik	V;PST;POS;TR;ABS(2,SG);ERG(1,EXCL,DU)	ʔikiktʌkʌ
kik	V;PST;POS;TR;ABS(3,DU);ERG(3,SG)	ʔikiktʌkʌ
kik	V;PST;POS;TR;ABS(3,SG);ERG(3,PL)	ʔikiktʌkʌ
kopt	V;IMP;NEG;TR;ABS(2,SG);ERG(1,EXCL,DU)	mʌkɵpiwi
kopt	V;IMP;NEG;TR;ABS(2,SG);ERG(1,EXCL,PL)	mʌkɵpiwi
kopt	V;IMP;POS;TR;ABS(2,PL);ERG(1,EXCL,DU)	ʔikɵpi
kopt	V;IMP;POS;TR;ABS(2,SG);ERG(1,SG)	ʔikɵptɛnu
kopt	V;IMP;POS;TR;ABS(2,SG);ERG(3,DU)	ʔikɵpi
kopt	V;PRS;NEG;TR;ABS(1,EXCL,DU);ERG(3,DU)	mʌkɵpiwi
kopt	V;PRS;NEG;TR;ABS(1,EXCL,PL);ERG(2,SG,FORM)	mʌkɵpiwi
kopt	V;PRS;NEG;TR;ABS(1,INCL,PL);ERG(3,DU)	mʌkɵpiwi
kopt	V;PRS;POS;TR;ABS(1,EXCL,DU);ERG(2,PL)	ʔikɵpi
kopt	V;PRS;POS;TR;ABS(1,EXCL,DU);ERG(2,SG,FORM)	ʔikɵpi
kopt	V;PRS;POS;TR;ABS(1,EXCL,PL);ERG(3,DU)	ʔikɵpi
kopt	V;PRS;POS;TR;ABS(1,INCL,DU);ERG(3,SG)	ʔikɵpi
kopt	V;PRS;POS;TR;ABS(1,SG);ERG(2,PL)	ʔikɵpi
kopt	V;PRS;POS;TR;ABS(1,SG);ERG(3,SG)	ʔikɵptɛnu
kopt	V;PST;NEG;TR;ABS(1,SG);ERG(2,PL)	mʌkɵpwɛnu
kopt	V;PST;NEG;TR;ABS(2,SG);ERG(1,EXCL,DU)	mʌkɵpwɛnu
kopt	V;PST;POS;TR;ABS(1,EXCL,PL);ERG(3,DU)	ʔikɵpiwi
kopt	V;PST;POS;TR;ABS(1,SG);ERG(3,SG)	ʔikɵptɛnu
kopt	V;PST;POS;TR;ABS(2,DU);ERG(3,SG)	ʔikɵpiwi
kopt	V;PST;POS;TR;ABS(3,DU);ERG(2,SG,FORM)	ʔikɵpiwi
kott	V;IMP;NEG;TR;ABS(2,DU);ERG(1,EXCL,PL)	mʌkɵ̂jwɛnu
kott	V;PRS;NEG;TR;ABS(1,INCL,PL);ERG(3,SG)	mʌkɵ̂ːswɛnu
kott	V;PRS;NEG;TR;ABS(3,SG);ERG(3,SG)	mʌkɵ̂ːswɛnu
kott	V;PRS;POS;TR;ABS(1,EXCL,DU);ERG(2,PL)	ʔikɵ̂ːstɛnu
kott	V;PRS;POS;TR;ABS(1,EXCL,PL);ERG(3,DU)	ʔikɵ̂ːstɛnu
kott	V;PRS;POS;TR;ABS(2,SG);ERG(1,SG)	ʔikɵ̂ːstɛnu
kott	V;PRS;POS;TR;ABS(3,PL);ERG(3,DU)	ʔikɵ̂ːstɛnu
kott	V;PRS;POS;TR;ABS(3,SG);ERG(3,PL)	ʔikɵ̂ːstɛnu
kott	V;PST;NEG;TR;ABS(1,EXCL,DU);ERG(2,DU)	mʌkɵ̂jwɛnu
kott	V;PST;NEG;TR;ABS(1,EXCL,DU);ERG(3,DU)	mʌkɵ̂jwɛnu
kott	V;PST;NEG;TR;ABS(2,DU);ERG(1,EXCL,PL)	mʌkɵ̂jwɛnu
kott	V;PST;NEG;TR;ABS(2,SG);ERG(1,EXCL,PL)	mʌkɵ̂jwɛnu
kott	V;PST;NEG;TR;ABS(3,DU);ERG(2,DU)	mʌkɵ̂jwɛnu
kott	V;PST;NEG;TR;ABS(3,SG);ERG(2,DU)	mʌkɵ̂jwɛnu
kott	V;PST;POS;TR;ABS(1,EXCL,DU);ERG(2,SG,FORM)	ʔikɵ̂jtɛnu
kott	V;PST;POS;TR;ABS(1,EXCL,PL);ERG(2,DU)	ʔikɵ̂nwɛnu
kott	V;PST;POS;TR;ABS(1,INCL,DU);ERG(3,SG)	ʔikɵ̂jtɛnu
kott	V;PST;POS;TR;ABS(1,SG);ERG(2,PL)	ʔikɵ̂jtɛnu
kott	V;PST;POS;TR;ABS(2,DU);ERG(1,EXCL,DU)	ʔikɵ̂jtɛnu
kott	V;PST;POS;TR;ABS(3,SG);ERG(1,EXCL,DU)	ʔikɵ̂jtɛnu
kʰe	V;PRS;NEG;TR;ABS(1,INCL,DU);ERG(3,SG)	mʌkʰeki
kʰe	V;PRS;NEG;TR;ABS(2,PL);ERG(3,PL)	mʌkʰewiki
kʰe	V;PRS;NEG;TR;ABS(2,SG);ERG(3,DU)	mʌkʰewi
kʰe	V;PRS;NEG;TR;ABS(3,DU);ERG(1,INCL,DU)	mʌkʰeki
kʰe	V;PRS;NEG;TR;ABS(3,DU);ERG(3,PL)	mʌkʰewiki
kʰe	V;PRS;NEG;TR;ABS(3,PL);ERG(1,INCL,PL)	mʌkʰewiki
kʰe	V;PRS;POS;TR;ABS(1,EXCL,DU);ERG(2,DU)	ʔikʰe
kʰe	V;PRS;POS;TR;ABS(1,INCL,DU);ERG(3,SG)	ʔikʰesu
kʰe	V;PRS;POS;TR;ABS(3,PL);ERG(1,SG)	ʔikʰesu
kʰe	V;PRS;POS;TR;ABS(3,SG);ERG(3,SG)	ʔikʰe
kʰe	V;PST;NEG;TR;ABS(2,DU);ERG(1,EXCL,PL)	mʌkʰewiki
kʰe	V;PST;NEG;TR;ABS(3,PL);ERG(1,INCL,PL)	mʌkʰewiki
kʰe	V;PST;NEG;TR;ABS(3,SG);ERG(3,SG)	mʌkʰewiki
kʰe	V;PST;POS;INTR;ABS(2,SG)	ʔikʰetiki
kʰe	V;PST;POS;TR;ABS(1,EXCL,PL);ERG(2,PL)	ʔikʰetiki
kʰe	V;PST;POS;TR;ABS(1,EXCL,PL);ERG(3,PL)	ʔikʰetiki
kʰe	V;PST;POS;TR;ABS(1,INCL,PL);ERG(3,PL)	ʔikʰetiki
kʰe	V;PST;POS;TR;ABS(1,SG);ERG(3,DU)	ʔikʰetiki
kʰe	V;PST;POS;TR;ABS(2,PL);ERG(3,DU)	ʔikʰetiki
kʰe	V;PST;POS;TR;ABS(3,SG);ERG(1,EXCL,DU)	ʔikʰetiki
kʰipt	V;IMP;NEG;TR;ABS(2,SG);ERG(1,EXCL,DU)	mʌkʰipiwi
kʰipt	V;IMP;NEG;TR;ABS(2,SG);ERG(3,PL)	mʌkʰipiwi
kʰipt	V;PRS;NEG;TR;ABS(1,EXCL,PL);ERG(2,DU)	mʌkʰipiwi
kʰipt	V;PRS;NEG;TR;ABS(2,PL);ERG(3,SG)	mʌkʰipiwi
kʰipt	V;PRS;NEG;TR;ABS(2,SG);ERG(3,DU)	mʌkʰipiwi
kʰipt	V;PRS;NEG;TR;ABS(2,SG);ERG(3,PL)	mʌkʰipiwi
kʰipt	V;PRS;NEG;TR;ABS(3,PL);ERG(1,EXCL,PL)	mʌkʰipiwi
kʰipt	V;PRS;NEG;TR;ABS(3,SG);ERG(1,SG)	mʌkʰipkʌ
kʰipt	V;PRS;POS;TR;ABS(1,EXCL,DU);ERG(3,DU)	ʔikʰipi
kʰipt	V;PRS;POS;TR;ABS(1,INCL,DU);ERG(3,DU)	ʔikʰipi
kʰipt	V;PRS;POS;TR;ABS(2,DU);ERG(1,EXCL,PL)	ʔikʰipi
kʰipt	V;PRS;POS;TR;ABS(2,PL);ERG(3,SG)	ʔikʰipi
kʰipt	V;PRS;POS;TR;ABS(3,DU);ERG(1,INCL,PL)	ʔikʰipi
kʰipt	V;PRS;POS;TR;ABS(3,SG);ERG(1,SG)	ʔikʰiptɛnu
kʰipt	V;PRS;POS;TR;ABS(3,SG);ERG(2,DU)	ʔikʰipi
kʰipt	V;PST;NEG;TR;ABS(1,EXCL,DU);ERG(2,SG,FORM)	mʌkʰipwɛnu
kʰipt	V;PST;NEG;TR;ABS(3,SG);ERG(2,PL)	mʌkʰipwɛnu
kʰipt	V;PST;POS;TR;ABS(3,DU);ERG(2,DU)	ʔikʰipwɛnu
kʰipt	V;PST;POS;TR;ABS(3,PL);ERG(1,EXCL,PL)	ʔikʰipwɛnu
kʰipt	V;PST;POS;TR;ABS(3,PL);ERG(3,DU)	ʔikʰipwɛnu
kʰok	V;IMP;NEG;TR;ABS(2,DU);ERG(1,SG)	mʌkʰɵki
kʰok	V;PRS;NEG;TR;ABS(1,EXCL,PL);ERG(3,PL)	mʌkʰɵki
kʰok	V;PRS;NEG;TR;ABS(2,PL);ERG(3,SG)	mʌkʰɵki
kʰok	V;PRS;NEG;TR;ABS(3,SG);ERG(1,EXCL,PL)	mʌkʰɵki
kʰok	V;PRS;POS;TR;ABS(1,EXCL,DU);ERG(3,SG)	ʔikʰɵki
kʰok	V;PRS;POS;TR;ABS(1,INCL,PL);ERG(3,PL)	ʔikʰɵki
kʰok	V;PRS;POS;TR;ABS(2,DU);ERG(3,DU)	ʔikʰɵki
kʰok	V;PRS;POS;TR;ABS(3,DU);ERG(2,SG,FORM)	ʔikʰɵki
kʰok	V;PRS;POS;TR;ABS(3,DU);ERG(3,PL)	ʔikʰɵki
kʰok	V;PRS;POS;TR;ABS(3,PL);ERG(2,PL)	ʔikʰɵki
kʰok	V;PST;NEG;TR;ABS(1,EXCL,DU);ERG(3,DU)	mʌkʰɵkwɛnu
kʰok	V;PST;NEG;TR;ABS(1,EXCL,DU);ERG(3,PL)	mʌkʰɵkwɛnu
kʰok	V;PST;NEG;TR;ABS(2,SG);ERG(1,EXCL,DU)	mʌkʰɵkwɛnu
kʰok	V;PST;NEG;TR;ABS(3,PL);ERG(3,SG)	mʌkʰɵkwɛnu
kʰok	V;PST;NEG;TR;ABS(3,SG);ERG(2,SG,FORM)	mʌkʰɵkwɛnu
kʰok	V;PST;POS;TR;ABS(1,INCL,PL);ERG(3,SG)	ʔikʰɵkwɛnu
kʰok	V;PST;POS;TR;ABS(1,SG);ERG(3,PL)	ʔikʰɵkwɛnu
kʰok	V;PST;POS;TR;ABS(2,DU);ERG(3,PL)	ʔikʰɵkwɛnu
kʰok	V;PST;POS;TR;ABS(3,DU);ERG(1,INCL,DU)	ʔikʰɵkwɛnu
kʰok	V;PST;POS;TR;ABS(3,DU);ERG(2,SG,FORM)	ʔikʰɵkwɛnu
kʰop	V;IMP;NEG;REFL;ABS(2,PL)	mʌkʰɵpiwi
kʰop	V;IMP;POS;TR;ABS(2,DU);ERG(3,PL)	ʔikʰɵpi
kʰop	V;IMP;POS;TR;ABS(2,PL);ERG(1,EXCL,DU)	ʔikʰɵpi
kʰop	V;IMP;POS;TR;ABS(2,PL);ERG(3,PL)	ʔikʰɵpi
kʰop	V;PRS;NEG;REFL;ABS(2,DU)	mʌkʰɵpi
kʰop	V;PRS;NEG;TR;ABS(1,SG);ERG(3,DU)	mʌkʰɵpi
kʰop	V;PRS;NEG;TR;ABS(2,SG);ERG(3,SG)	mʌkʰɵpi
kʰop	V;PRS;NEG;TR;ABS(3,DU);ERG(1,INCL,DU)	mʌkʰɵpi
kʰop	V;PRS;NEG;TR;ABS(3,SG);ERG(3,DU)	mʌkʰɵpi
kʰop	V;PRS;POS;REFL;ABS(1,INCL,DU)	ʔikʰɵpi
kʰop	V;PRS;POS;TR;ABS(1,INCL,PL);ERG(3,SG)	ʔikʰɵpi
kʰop	V;PRS;POS;TR;ABS(2,DU);ERG(3,DU)	ʔikʰɵpi
kʰop	V;PRS;POS;TR;ABS(2,SG);ERG(3,PL)	ʔikʰɵpi
kʰop	V;PRS;POS;TR;ABS(2,SG);ERG(3,SG)	ʔikʰɵpi
kʰop	V;PRS;POS;TR;ABS(3,PL);ERG(3,SG)	ʔikʰɵpi
kʰop	V;PST;NEG;TR;ABS(3,PL);ERG(3,PL)	mʌkʰɵpwɛnu
kʰop	V;PST;NEG;TR;ABS(3,SG);ERG(2,PL)	mʌkʰɵpwɛnu
kʰop	V;PST;POS;TR;ABS(2,SG);ERG(3,SG)	ʔikʰɵpwɛnu
kʰop	V;PST;POS;TR;ABS(3,PL);ERG(1,INCL,DU)	ʔikʰɵpiwi
kʰop	V;PST;POS;TR;ABS(3,SG);ERG(2,PL)	ʔikʰɵpwɛnu
kʰoŋt	V;IMP;NEG;TR;ABS(2,PL);ERG(1,SG)	mʌkʰɵŋiwi
kʰoŋt	V;IMP;POS;TR;ABS(2,DU);ERG(3,SG)	ʔikʰoŋkʌ
kʰoŋt	V;PRS;NEG;TR;ABS(1,EXCL,DU);ERG(2,PL)	mʌkʰɵŋi
kʰoŋt	V;PRS;NEG;TR;ABS(1,EXCL,PL);ERG(3,SG)	mʌkʰɵŋi
kʰoŋt	V;PRS;NEG;TR;ABS(1,SG);ERG(2,SG,FORM)	mʌkʰɵŋi
kʰoŋt	V;PRS;NEG;TR;ABS(1,SG);ERG(3,SG)	mʌkʰoŋkʌ
kʰoŋt	V;PRS;NEG;TR;ABS(2,PL);ERG(1,EXCL,PL)	mʌkʰɵŋiwi
kʰoŋt	V;PRS;NEG;TR;ABS(2,SG);ERG(1,EXCL,PL)	mʌkʰɵŋi
kʰoŋt	V;PRS;NEG;TR;ABS(3,DU);ERG(1,EXCL,DU)	mʌkʰɵŋi
kʰoŋt	V;PRS;POS;TR;ABS(3,DU);ERG(1,EXCL,PL)	ʔikʰoŋkʌ
kʰoŋt	V;PRS;POS;TR;ABS(3,DU);ERG(1,INCL,DU)	ʔikʰɵŋi
kʰoŋt	V;PST;NEG;TR;ABS(2,DU);ERG(1,EXCL,PL)	mʌkʰɵŋwʌkʌ
kʰoŋt	V;PST;NEG;TR;ABS(2,PL);ERG(3,SG)	mʌkʰɵŋwʌkʌ
kʰoŋt	V;PST;NEG;TR;ABS(2,SG);ERG(1,EXCL,DU)	mʌkʰɵŋwʌkʌ
kʰoŋt	V;PST;NEG;TR;ABS(3,PL);ERG(1,INCL,PL)	mʌkʰɵŋwʌkʌ
kʰoŋt	V;PST;NEG;TR;ABS(3,SG);ERG(1,SG)	mʌkʰɵŋwɛnu
kʰoŋt	V;PST;POS;TR;ABS(1,SG);ERG(3,PL)	ʔikʰoŋtɛnu
kʰoŋt	V;PST;POS;TR;ABS(1,SG);ERG(3,SG)	ʔikʰoŋtɛnu
kʰoŋt	V;PST;POS;TR;ABS(3,DU);ERG(1,EXCL,DU)	ʔikʰoŋtɛnu
kʰoŋt	V;PST;POS;TR;ABS(3,SG);ERG(1,INCL,PL)	ʔikʰoŋtɛnu
kʰunt	V;IMP;NEG;REFL;ABS(2,PL)	mʌkʰʉːswi
kʰunt	V;IMP;POS;TR;ABS(2,DU);ERG(1,EXCL,DU)	ʔikʰʉːsti
kʰunt	V;PRS;NEG;TR;ABS(1,INCL,PL);ERG(3,PL)	mʌkʰʉːswi
kʰunt	V;PRS;NEG;TR;ABS(2,PL);ERG(1,SG)	mʌkʰʉːswi
kʰunt	V;PRS;NEG;TR;ABS(3,PL);ERG(1,INCL,DU)	mʌkʰʉːswi
kʰunt	V;PRS;POS;TR;ABS(1,EXCL,DU);ERG(3,DU)	ʔikʰʉːsti
kʰunt	V;PRS;POS;TR;ABS(1,EXCL,PL);ERG(2,PL)	ʔikʰʉːsti
kʰunt	V;PRS;POS;TR;ABS(1,EXCL,PL);ERG(2,SG,FORM)	ʔikʰʉːsti
kʰunt	V;PRS;POS;TR;ABS(2,PL);ERG(3,PL)	ʔikʰʉːsti
kʰunt	V;PRS;POS;TR;ABS(2,SG);ERG(1,SG)	ʔikʰʉ̂ːstɛnu
kʰunt	V;PST;NEG;REFL;ABS(2,SG)	mʌkʰʉːswi
kʰunt	V;PST;NEG;TR;ABS(1,EXCL,PL);ERG(2,DU)	mʌkʰʉːswi
kʰunt	V;PST;NEG;TR;ABS(1,SG);ERG(3,SG)	mʌkʰʉːswi
kʰunt	V;PST;NEG;TR;ABS(2,PL);ERG(3,DU)	mʌkʰʉːswi
kʰunt	V;PST;NEG;TR;ABS(2,PL);ERG(3,PL)	mʌkʰʉːswi
kʰunt	V;PST;NEG;TR;ABS(3,PL);ERG(1,SG)	mʌkʰʉːswi
kʰunt	V;PST;NEG;TR;ABS(3,SG);ERG(3,DU)	mʌkʰʉːswi
kʰunt	V;PST;POS;REFL;ABS(1,EXCL,PL)	ʔikʰʉːswi
kʰunt	V;PST;POS;TR;ABS(1,INCL,PL);ERG(3,DU)	ʔikʰʉːswi
kʰunt	V;PST;POS;TR;ABS(3,PL);ERG(1,SG)	ʔikʰʉːswi
kʰɛl	V;IMP;NEG;TR;ABS(2,DU);ERG(1,EXCL,DU)	mʌkʰɛliwi
kʰɛl	V;IMP;POS;TR;ABS(2,PL);ERG(1,EXCL,PL)	ʔikʰɛlkʌ
kʰɛl	V;PRS;NEG;TR;ABS(1,EXCL,PL);ERG(2,DU)	mʌkʰɛlkʌ
kʰɛl	V;PRS;NEG;TR;ABS(2,SG);ERG(1,EXCL,PL)	mʌkʰɛlkʌ
kʰɛl	V;PRS;NEG;TR;ABS(3,PL);ERG(2,SG,FORM)	mʌkʰɛlkʌ
kʰɛl	V;PRS;NEG;TR;ABS(3,SG);ERG(1,SG)	mʌkʰɛlkʌ
kʰɛl	V;PRS;POS;TR;ABS(1,EXCL,DU);ERG(2,DU)	ʔikʰɛlkʌ
kʰɛl	V;PRS;POS;TR;ABS(1,EXCL,PL);ERG(2,PL)	ʔikʰɛlkʌ
kʰɛl	V;PRS;POS;TR;ABS(3,DU);ERG(2,SG,FORM)	ʔikʰɛlkʌ
kʰɛl	V;PRS;POS;TR;ABS(3,DU);ERG(3,PL)	ʔikʰɛlkʌ
kʰɛl	V;PRS;POS;TR;ABS(3,SG);ERG(3,SG)	ʔikʰɛlkʌ
kʰɛl	V;PST;NEG;TR;ABS(2,DU);ERG(1,EXCL,PL)	mʌkʰɛlwɛnu
kʰɛl	V;PST;NEG;TR;ABS(3,DU);ERG(3,PL)	mʌkʰɛlwɛnu
kʰɛl	V;PST;NEG;TR;ABS(3,PL);ERG(3,PL)	mʌkʰɛlwɛnu
kʰɛl	V;PST;POS;TR;ABS(1,INCL,DU);ERG(3,DU)	ʔikʰɛlwɛnu
kʰɛl	V;PST;POS;TR;ABS(1,INCL,DU);ERG(3,SG)	ʔikʰɛlwɛnu
kʰɛl	V;PST;POS;TR;ABS(2,PL);ERG(3,PL)	ʔikʰɛlwɛnu
kʰɛl	V;PST;POS;TR;ABS(3,PL);ERG(1,INCL,DU)	ʔikʰɛlwɛnu
kʰɛl	V;PST;POS;TR;ABS(3,PL);ERG(2,PL)	ʔikʰɛlwɛnu
kʰɛl	V;PST;POS;TR;ABS(3,SG);ERG(1,EXCL,PL)	ʔikʰɛlwɛnu
nott	V;IMP;POS;TR;ABS(2,DU);ERG(3,DU)	ʔinɵ̂jtɛnu
nott	V;IMP;POS;TR;ABS(2,PL);ERG(1,EXCL,DU)	ʔinɵ̂jtɛnu
nott	V;PRS;NEG;TR;ABS(2,SG);ERG(1,EXCL,PL)	mʌnɵ̂ːswɛnu
nott	V;PRS;NEG;TR;ABS(3,DU);ERG(2,DU)	mʌnɵ̂ːswɛnu
nott	V;PRS;NEG;TR;ABS(3,DU);ERG(2,SG,FORM)	mʌnɵ̂ːswɛnu
nott	V;PRS;NEG;TR;ABS(3,DU);ERG(3,SG)	mʌnɵ̂jwɛnu
nott	V;PRS;POS;TR;ABS(1,EXCL,DU);ERG(3,SG)	ʔinɵ̂ːstɛnu
nott	V;PRS;POS;TR;ABS(1,SG);ERG(3,DU)	ʔinɵ̂ːstɛnu
nott	V;PRS;POS;TR;ABS(3,SG);ERG(1,EXCL,PL)	ʔinɵ̂ːstɛnu
nott	V;PRS;POS;TR;ABS(3,SG);ERG(2,SG,FORM)	ʔinɵ̂ːstɛnu
nott	V;PRS;POS;TR;ABS(3,SG);ERG(3,DU)	ʔinɵ̂ːstɛnu
nott	V;PST;NEG;TR;ABS(1,INCL,DU);ERG(3,SG)	mʌnɵ̂jwɛnu
nott	V;PST;NEG;TR;ABS(3,SG);ERG(1,INCL,PL)	mʌnɵ̂jwɛnu
nott	V;PST;NEG;TR;ABS(3,SG);ERG(3,DU)	mʌnɵ̂jwɛnu
nott	V;PST;POS;TR;ABS(1,EXCL,DU);ERG(2,DU)	ʔinɵ̂jtɛnu
nott	V;PST;POS;TR;ABS(1,EXCL,PL);ERG(3,PL)	ʔinɵ̂ːswɛnu
nott	V;PST;POS;TR;ABS(1,INCL,PL);ERG(3,PL)	ʔinɵ̂ːswɛnu
nott	V;PST;POS;TR;ABS(1,SG);ERG(2,SG,FORM)	ʔinɵ̂jtɛnu
nott	V;PST;POS;TR;ABS(3,DU);ERG(1,EXCL,DU)	ʔinɵ̂jtɛnu
nott	V;PST;POS;TR;ABS(3,DU);ERG(1,SG)	ʔinɵ̂ːswɛnu
nu	V;IMP;NEG;INTR;ABS(2,SG)	munʉki
nu	V;PRS;NEG;INTR;ABS(1,EXCL,PL)	mʌnʉki
nu	V;PRS;NEG;INTR;ABS(1,INCL,DU)	mʌnʉki
nu	V;PRS;NEG;INTR;ABS(1,INCL,PL)	mʌnʉki
nu	V;PRS;NEG;INTR;ABS(1,SG)	mʌnʉki
nu	V;PRS;NEG;INTR;ABS(3,PL)	mʌnʉki
nu	V;PRS;NEG;INTR;ABS(3,SG)	mʌnʉki
nu	V;PRS;POS;INTR;ABS(1,EXCL,PL)	ʔinʉkʌ
nu	V;PRS;POS;INTR;ABS(1,INCL,DU)	ʔinʉ
nu	V;PRS;POS;INTR;ABS(2,PL)	ʔinʉ̂ːstɛnu
nu	V;PRS;POS;INTR;ABS(3,DU)	ʔinʉ
nu	V;PRS;POS;INTR;ABS(3,SG)	ʔinʉ
nu	V;PST;NEG;INTR;ABS(1,EXCL,DU)	mʌnʉwiki
nu	V;PST;NEG;INTR;ABS(1,INCL,PL)	mʌnʉwiki
nu	V;PST;NEG;INTR;ABS(2,SG)	munʉkwɛnu
nu	V;PST;NEG;INTR;ABS(3,DU)	mʌnʉwiki
nu	V;PST;POS;INTR;ABS(1,INCL,PL)	ʔinʉ̂jtɛnu
nu	V;PST;POS;INTR;ABS(3,DU)	ʔinʉ̂jtɛnu
nu	V;PST;POS;INTR;ABS(3,PL)	ʔinʉ̂jtɛnu
nu	V;PST;POS;INTR;ABS(3,SG)	nʉ̂jtɛnu
nuk	V;IMP;POS;REFL;ABS(2,DU)	ʔinʉki
nuk	V;IMP;POS;TR;ABS(2,DU);ERG(1,EXCL,DU)	ʔinʉki
nuk	V;IMP;POS;TR;ABS(2,DU);ERG(1,SG)	ʔinʉki
nuk	V;PRS;NEG;REFL;ABS(2,SG)	mʌnʉki
nuk	V;PRS;NEG;TR;ABS(1,EXCL,PL);ERG(3,PL)	mʌnʉki
nuk	V;PRS;POS;TR;ABS(2,DU);ERG(1,EXCL,DU)	ʔinʉki
nuk	V;PRS;POS;TR;ABS(2,PL);ERG(1,EXCL,PL)	ʔinʉki
nuk	V;PRS;POS;TR;ABS(2,SG);ERG(1,EXCL,DU)	ʔinʉki
nuk	V;PRS;POS;TR;ABS(3,DU);ERG(1,EXCL,PL)	ʔinʉki
nuk	V;PST;NEG;REFL;ABS(1,INCL,DU)	mʌnʉkwiki
nuk	V;PST;NEG;TR;ABS(1,EXCL,DU);ERG(2,PL)	mʌnʉkwɛnu
nuk	V;PST;NEG;TR;ABS(1,EXCL,DU);ERG(3,PL)	mʌnʉkwɛnu
nuk	V;PST;NEG;TR;ABS(1,SG);ERG(3,DU)	mʌnʉkwɛnu
nuk	V;PST;NEG;TR;ABS(2,SG);ERG(3,PL)	mʌnʉkwɛnu
nuk	V;PST;NEG;TR;ABS(3,DU);ERG(1,EXCL,PL)	mʌnʉkwɛnu
nuk	V;PST;POS;REFL;ABS(1,EXCL,PL)	ʔinʉktʌkʌ
nuk	V;PST;POS;TR;ABS(1,EXCL,DU);ERG(2,DU)	ʔinʉkiwi
nuk	V;PST;POS;TR;ABS(3,DU);ERG(3,PL)	ʔinʉkiwi
nuk	V;PST;POS;TR;ABS(3,PL);ERG(3,DU)	ʔinʉkiwi
nuk	V;PST;POS;TR;ABS(3,SG);ERG(1,SG)	ʔinʉkwɛnu
nɛl	V;IMP;NEG;TR;ABS(2,PL);ERG(1,EXCL,PL)	mʌnɛlwɛnu
nɛl	V;IMP;POS;TR;ABS(2,SG);ERG(1,SG)	ʔinɛlkʌ
nɛl	V;IMP;POS;TR;ABS(2,SG);ERG(3,SG)	ʔinɛlkʌ
nɛl	V;PRS;NEG;TR;ABS(2,SG);ERG(3,DU)	mʌnɛlkʌ
nɛl	V;PRS;NEG;TR;ABS(2,SG);ERG(3,PL)	mʌnɛlkʌ
nɛl	V;PRS;POS;TR;ABS(1,INCL,PL);ERG(3,SG)	ʔinɛlkʌ
nɛl	V;PRS;POS;TR;ABS(2,SG);ERG(1,EXCL,DU)	ʔinɛlkʌ
nɛl	V;PRS;POS;TR;ABS(3,DU);ERG(1,EXCL,PL)	ʔinɛlkʌ
nɛl	V;PRS;POS;TR;ABS(3,PL);ERG(3,SG)	ʔinɛlkʌ
nɛl	V;PST;NEG;INTR;ABS(1,SG)	munɛlwɛnu
nɛl	V;PST;NEG;TR;ABS(1,INCL,DU);ERG(3,PL)	mʌnɛlwɛnu
nɛl	V;PST;NEG;TR;ABS(1,INCL,DU);ERG(3,SG)	mʌnɛlwɛnu
nɛl	V;PST;NEG;TR;ABS(1,INCL,PL);ERG(3,SG)	mʌnɛlwɛnu
nɛl	V;PST;NEG;TR;ABS(2,PL);ERG(1,EXCL,PL)	mʌnɛlwɛnu
nɛl	V;PST;NEG;TR;ABS(3,PL);ERG(2,DU)	mʌnɛlwɛnu
nɛl	V;PST;NEG;TR;ABS(3,SG);ERG(1,INCL,DU)	mʌnɛlwɛnu
nɛl	V;PST;NEG;TR;ABS(3,SG);ERG(1,INCL,PL)	mʌnɛlwɛnu
nɛl	V;PST;NEG;TR;ABS(3,SG);ERG(3,SG)	mʌnɛlwɛnu
nɛl	V;PST;POS;TR;ABS(1,EXCL,PL);ERG(3,PL)	ʔinɛltʌkʌ
nɛl	V;PST;POS;TR;ABS(3,PL);ERG(2,SG,FORM)	ʔinɛltʌkʌ
paŋ	V;IMP;NEG;INTR;ABS(2,PL)	mupaŋwʌkʌ
paŋ	V;PRS;NEG;INTR;ABS(1,EXCL,PL)	mʌpaŋki
paŋ	V;PRS;NEG;INTR;ABS(1,INCL,DU)	mʌpaŋki
paŋ	V;PRS;NEG;INTR;ABS(1,INCL,PL)	mʌpaŋki
paŋ	V;PRS;NEG;INTR;ABS(1,SG)	mupaŋkʌ
paŋ	V;PRS;NEG;INTR;ABS(2,PL)	mupaŋkʌ
paŋ	V;PRS;NEG;INTR;ABS(3,DU)	mʌpaŋi
paŋ	V;PRS;NEG;INTR;ABS(3,SG)	mupaŋkʌ
paŋ	V;PRS;POS;INTR;ABS(1,EXCL,DU)	ʔipaŋkʌ
paŋ	V;PRS;POS;INTR;ABS(1,INCL,DU)	ʔipaŋi
paŋ	V;PRS;POS;INTR;ABS(1,SG)	paŋkʌ
paŋ	V;PRS;POS;INTR;ABS(3,DU)	ʔipaŋi
paŋ	V;PST;NEG;INTR;ABS(2,PL)	mupaŋwʌkʌ
paŋ	V;PST;NEG;INTR;ABS(3,DU)	mupaŋwʌkʌ
paŋ	V;PST;NEG;INTR;ABS(3,PL)	mupaŋwʌkʌ
paŋ	V;PST;POS;INTR;ABS(2,DU)	ʔipaŋtɛnu
paŋ	V;PST;POS;INTR;ABS(2,PL)	ʔipaŋtɛnu
paŋ	V;PST;POS;INTR;ABS(2,SG)	ʔipaŋtɛnu
paŋ	V;PST;POS;INTR;ABS(3,DU)	ʔipaŋtɛnu
paŋ	V;PST;POS;INTR;ABS(3,PL)	ʔipaŋtɛnu
pʰaŋt	V;IMP;NEG;TR;ABS(2,PL);ERG(3,SG)	mʌpʰaŋwʌkʌ
pʰaŋt	V;IMP;NEG;TR;ABS(2,SG);ERG(1,SG)	mʌpʰaŋkʌ
pʰaŋt	V;PRS;NEG;TR;ABS(1,EXCL,PL);ERG(2,PL)	mʌpʰaŋkʌ
pʰaŋt	V;PRS;NEG;TR;ABS(1,INCL,PL);ERG(3,SG)	mʌpʰaŋki
pʰaŋt	V;PRS;NEG;TR;ABS(3,SG);ERG(1,EXCL,PL)	mʌpʰaŋkʌ
pʰaŋt	V;PRS;NEG;TR;ABS(3,SG);ERG(2,SG,FORM)	mʌpʰaŋkʌ
pʰaŋt	V;PRS;POS;TR;ABS(1,EXCL,PL);ERG(3,SG)	ʔipʰaŋkʌ
pʰaŋt	V;PRS;POS;TR;ABS(2,DU);ERG(1,EXCL,DU)	ʔipʰaŋkʌ
pʰaŋt	V;PRS;POS;TR;ABS(2,PL);ERG(1,EXCL,PL)	ʔipʰaŋkʌ
pʰaŋt	V;PRS;POS;TR;ABS(3,PL);ERG(2,DU)	ʔipʰaŋkʌ
pʰaŋt	V;PRS;POS;TR;ABS(3,SG);ERG(1,INCL,PL)	ʔipʰaŋkʌ
pʰaŋt	V;PRS;POS;TR;ABS(3,SG);ERG(2,SG,FORM)	ʔipʰaŋkʌ
pʰaŋt	V;PRS;POS;TR;ABS(3,SG);ERG(3,DU)	ʔipʰaŋkʌ
pʰaŋt	V;PST;NEG;TR;ABS(1,EXCL,PL);ERG(3,SG)	mʌpʰaŋwʌkʌ
pʰaŋt	V;PST;NEG;TR;ABS(1,SG);ERG(3,DU)	mʌpʰaŋwɛnu
pʰaŋt	V;PST;NEG;TR;ABS(3,DU);ERG(2,DU)	mʌpʰaŋwɛnu
pʰaŋt	V;PST;NEG;TR;ABS(3,PL);ERG(2,DU)	mʌpʰaŋwʌkʌ
pʰaŋt	V;PST;POS;TR;ABS(2,SG);ERG(3,SG)	ʔipʰaŋtɛnu
pʰaŋt	V;PST;POS;TR;ABS(3,PL);ERG(2,DU)	ʔipʰaŋtɛnu
pʰaŋt	V;PST;POS;TR;ABS(3,SG);ERG(1,INCL,PL)	ʔipʰaŋtɛnu
pʰer	V;IMP;NEG;TR;ABS(2,PL);ERG(3,PL)	mʌpʰeriwi
pʰer	V;IMP;POS;INTR;ABS(2,DU)	ʔipʰeri
pʰer	V;IMP;POS;TR;ABS(2,PL);ERG(3,PL)	ʔipʰerije
pʰer	V;PRS;NEG;INTR;ABS(3,SG)	mʌpʰeri
pʰer	V;PRS;NEG;TR;ABS(1,EXCL,PL);ERG(3,SG)	mʌpʰeriwi
pʰer	V;PRS;NEG;TR;ABS(3,SG);ERG(2,DU)	mʌpʰeriwi
pʰer	V;PRS;NEG;TR;ABS(3,SG);ERG(2,PL)	mʌpʰeriwi
pʰer	V;PRS;POS;TR;ABS(1,EXCL,DU);ERG(3,SG)	ʔipʰeri
pʰer	V;PRS;POS;TR;ABS(1,SG);ERG(2,PL)	ʔipʰêrnu
pʰer	V;PST;NEG;TR;ABS(2,DU);ERG(1,EXCL,DU)	mʌpʰerwiki
pʰer	V;PST;NEG;TR;ABS(2,DU);ERG(3,SG)	mʌpʰerwiki
pʰer	V;PST;NEG;TR;ABS(3,PL);ERG(1,SG)	mʌpʰerwiki
pʰer	V;PST;NEG;TR;ABS(3,PL);ERG(3,SG)	mʌpʰerwiki
pʰer	V;PST;NEG;TR;ABS(3,SG);ERG(3,SG)	mʌpʰerwiki
pʰer	V;PST;POS;INTR;ABS(3,DU)	ʔipʰerwiki
pʰer	V;PST;POS;TR;ABS(1,INCL,PL);ERG(3,PL)	ʔipʰerwiki
pʰer	V;PST;POS;TR;ABS(3,DU);ERG(2,PL)	ʔipʰerwʌkʌ
pʰer	V;PST;POS;TR;ABS(3,PL);ERG(1,SG)	ʔipʰerwʌkʌ
pʰer	V;PST;POS;TR;ABS(3,PL);ERG(3,PL)	ʔipʰerwʌkʌ
pʰer	V;PST;POS;TR;ABS(3,SG);ERG(1,SG)	ʔipʰerwɛnu
pʰrɛpt	V;IMP;NEG;TR;ABS(2,PL);ERG(3,SG)	mʌpʰrɛpwɛnu
pʰrɛpt	V;IMP;POS;TR;ABS(2,DU);ERG(1,EXCL,PL)	ʔipʰrɛpkʌ
pʰrɛpt	V;PRS;NEG;TR;ABS(1,EXCL,PL);ERG(2,PL)	mʌpʰrɛpkʌ
pʰrɛpt	V;PRS;NEG;TR;ABS(1,INCL,DU);ERG(3,SG)	mʌpʰrɛpkʌ
pʰrɛpt	V;PRS;NEG;TR;ABS(2,PL);ERG(1,EXCL,PL)	mʌpʰrɛpkʌ
pʰrɛpt	V;PRS;NEG;TR;ABS(2,PL);ERG(3,SG)	mʌpʰrɛpkʌ
pʰrɛpt	V;PRS;NEG;TR;ABS(3,DU);ERG(2,DU)	mʌpʰrɛpkʌ
pʰrɛpt	V;PRS;NEG;TR;ABS(3,PL);ERG(2,PL)	mʌpʰrɛpkʌ
pʰrɛpt	V;PRS;NEG;TR;ABS(3,SG);ERG(1,EXCL,DU)	mʌpʰrɛpkʌ
pʰrɛpt	V;PRS;NEG;TR;ABS(3,SG);ERG(2,PL)	mʌpʰrɛpkʌ
pʰrɛpt	V;PRS;POS;TR;ABS(1,EXCL,PL);ERG(3,DU)	ʔipʰrɛpkʌ
pʰrɛpt	V;PRS;POS;TR;ABS(1,INCL,DU);ERG(3,SG)	ʔipʰrɛpkʌ
pʰrɛpt	V;PRS;POS;TR;ABS(2,DU);ERG(3,DU)	ʔipʰrɛpkʌ
pʰrɛpt	V;PRS;POS;TR;ABS(2,PL);ERG(1,SG)	ʔipʰrɛpkʌ
pʰrɛpt	V;PRS;POS;TR;ABS(2,PL);ERG(3,SG)	ʔipʰrɛpkʌ
pʰrɛpt	V;PRS;POS;TR;ABS(3,DU);ERG(1,EXCL,PL)	ʔipʰrɛpkʌ
pʰrɛpt	V;PRS;POS;TR;ABS(3,DU);ERG(1,SG)	ʔipʰrɛpkʌ
pʰrɛpt	V;PST;NEG;TR;ABS(2,DU);ERG(3,SG)	mʌpʰrɛpwɛnu
pʰrɛpt	V;PST;POS;TR;ABS(3,PL);ERG(2,SG,FORM)	ʔipʰrɛpwɛnu
pʰrɛpt	V;PST;POS;TR;ABS(3,SG);ERG(3,DU)	ʔipʰrɛpwɛnu
pʰɛm	V;IMP;NEG;INTR;ABS(2,PL)	mupʰɛmnuje
pʰɛm	V;IMP;POS;INTR;ABS(2,SG)	ʔipʰɛmnu
pʰɛm	V;PRS;NEG;INTR;ABS(1,EXCL,DU)	mʌpʰɛmiwi
pʰɛm	V;PRS;NEG;INTR;ABS(1,EXCL,PL)	mʌpʰɛmiwi
pʰɛm	V;PRS;NEG;INTR;ABS(1,SG)	mʌpʰɛ̂mnu
pʰɛm	V;PRS;NEG;INTR;ABS(2,DU)	mʌpʰɛmiwi
pʰɛm	V;PRS;NEG;INTR;ABS(2,SG)	mʌpʰɛ̂mnu
pʰɛm	V;PRS;POS;INTR;ABS(1,EXCL,PL)	ʔipʰɛmnuje
pʰɛm	V;PRS;POS;INTR;ABS(2,DU)	ʔipʰɛmi
pʰɛm	V;PST;NEG;INTR;ABS(1,EXCL,PL)	mʌpʰɛmwɛnu
pʰɛm	V;PST;NEG;INTR;ABS(1,SG)	mupʰɛmwɛnu
pʰɛm	V;PST;NEG;INTR;ABS(2,DU)	mupʰɛmwɛnu
pʰɛm	V;PST;NEG;INTR;ABS(2,PL)	mʌpʰɛmwɛnu
pʰɛm	V;PST;NEG;INTR;ABS(3,DU)	mupʰɛmwɛnu
pʰɛm	V;PST;NEG;INTR;ABS(3,PL)	mʌpʰɛmwɛnu
pʰɛm	V;PST;NEG;INTR;ABS(3,SG)	mʌpʰɛmwɛnu
pʰɛm	V;PST;POS;INTR;ABS(1,INCL,DU)	ʔipʰɛmtɛnu
pʰɛm	V;PST;POS;INTR;ABS(2,DU)	ʔipʰɛmwɛnu
pʰɛm	V;PST;POS;INTR;ABS(2,SG)	ʔipʰɛmwɛnu
pʰɛm	V;PST;POS;INTR;ABS(3,SG)	ʔipʰɛmwɛnu
rekt	V;IMP;NEG;TR;ABS(2,DU);ERG(1,EXCL,DU)	mʌrekwɛnu
rekt	V;IMP;NEG;TR;ABS(2,SG);ERG(3,SG)	mʌrekwɛnu
rekt	V;IMP;POS;TR;ABS(2,PL);ERG(3,SG)	ʔirekkʌ
rekt	V;IMP;POS;TR;ABS(2,SG);ERG(3,SG)	ʔirekkʌ
rekt	V;PRS;NEG;TR;ABS(1,EXCL,PL);ERG(3,PL)	mʌrekwɛnu
rekt	V;PRS;NEG;TR;ABS(2,DU);ERG(1,EXCL,PL)	mʌrekiwi
rekt	V;PRS;NEG;TR;ABS(3,DU);ERG(1,INCL,PL)	mʌrekiwi
rekt	V;PRS;NEG;TR;ABS(3,PL);ERG(1,EXCL,PL)	mʌrekwɛnu
rekt	V;PRS;POS;TR;ABS(1,EXCL,DU);ERG(3,PL)	ʔirekkʌ
rekt	V;PRS;POS;TR;ABS(2,DU);ERG(3,PL)	ʔirekkʌ
rekt	V;PRS;POS;TR;ABS(3,SG);ERG(2,DU)	ʔirekkʌ
rekt	V;PST;NEG;TR;ABS(3,DU);ERG(3,SG)	mʌrekwɛnu
rekt	V;PST;NEG;TR;ABS(3,PL);ERG(1,INCL,DU)	mʌrekwɛnu
rekt	V;PST;NEG;TR;ABS(3,PL);ERG(2,PL)	mʌrekwɛnu
rekt	V;PST;NEG;TR;ABS(3,PL);ERG(3,DU)	mʌrekwɛnu
rekt	V;PST;NEG;TR;ABS(3,PL);ERG(3,SG)	mʌrekwɛnu
rekt	V;PST;NEG;TR;ABS(3,SG);ERG(2,SG,FORM)	mʌrekwɛnu
rekt	V;PST;POS;TR;ABS(1,SG);ERG(2,PL)	ʔirektɛnu
rekt	V;PST;POS;TR;ABS(2,SG);ERG(1,EXCL,DU)	ʔirekwɛnu
rekt	V;PST;POS;TR;ABS(2,SG);ERG(1,EXCL,PL)	ʔirektɛnu
reŋt	V;IMP;NEG;TR;ABS(2,SG);ERG(3,DU)	mʌreŋiwi
reŋt	V;IMP;POS;TR;ABS(2,PL);ERG(3,DU)	ʔireŋtɛnu
reŋt	V;PRS;NEG;TR;ABS(1,EXCL,DU);ERG(3,PL)	mʌreŋiwi
reŋt	V;PRS;NEG;TR;ABS(2,DU);ERG(1,EXCL,DU)	mʌreŋiwi
reŋt	V;PRS;NEG;TR;ABS(2,DU);ERG(1,SG)	mʌreŋiwi
reŋt	V;PRS;NEG;TR;ABS(3,DU);ERG(1,INCL,PL)	mʌreŋiwi
reŋt	V;PRS;NEG;TR;ABS(3,DU);ERG(2,SG,FORM)	mʌreŋiwi
reŋt	V;PRS;POS;TR;ABS(1,EXCL,DU);ERG(2,PL)	ʔireŋtɛnu
reŋt	V;PRS;POS;TR;ABS(3,DU);ERG(1,EXCL,DU)	ʔireŋtɛnu
reŋt	V;PRS;POS;TR;ABS(3,DU);ERG(1,INCL,PL)	ʔireŋtɛnu
reŋt	V;PRS;POS;TR;ABS(3,DU);ERG(1,SG)	ʔireŋtɛnu
reŋt	V;PRS;POS;TR;ABS(3,PL);ERG(1,SG)	ʔireŋtɛnu
reŋt	V;PST;NEG;TR;ABS(3,DU);ERG(1,EXCL,PL)	mʌreŋwɛnu
reŋt	V;PST;NEG;TR;ABS(3,DU);ERG(2,PL)	mʌreŋwɛnu
reŋt	V;PST;NEG;TR;ABS(3,DU);ERG(3,SG)	mʌreŋwɛnu
reŋt	V;PST;NEG;TR;ABS(3,SG);ERG(1,SG)	mʌreŋwɛnu
reŋt	V;PST;POS;TR;ABS(1,EXCL,PL);ERG(2,PL)	ʔireŋtɛnu
reŋt	V;PST;POS;TR;ABS(1,SG);ERG(3,SG)	reŋtɛnu
reŋt	V;PST;POS;TR;ABS(3,DU);ERG(2,SG,FORM)	ʔireŋtɛnu
reŋt	V;PST;POS;TR;ABS(3,SG);ERG(1,EXCL,DU)	ʔireŋtɛnu
ritt	V;IMP;NEG;TR;ABS(2,DU);ERG(1,SG)	mʌrîːswɛnu
ritt	V;IMP;NEG;TR;ABS(2,SG);ERG(1,SG)	mʌriswɛnu
ritt	V;IMP;POS;TR;ABS(2,DU);ERG(3,SG)	ʔiriti
ritt	V;PRS;NEG;TR;ABS(1,EXCL,DU);ERG(3,DU)	mʌrîːswɛnu
ritt	V;PRS;NEG;TR;ABS(2,PL);ERG(1,EXCL,PL)	mʌrîːswɛnu
ritt	V;PRS;NEG;TR;ABS(3,PL);ERG(2,PL)	mʌrîːswɛnu
ritt	V;PRS;POS;TR;ABS(1,EXCL,PL);ERG(2,PL)	ʔiritiki
ritt	V;PRS;POS;TR;ABS(1,SG);ERG(3,SG)	rʌ̂ːstɛnu
ritt	V;PRS;POS;TR;ABS(2,PL);ERG(3,SG)	ʔirîːstɛnu
ritt	V;PRS;POS;TR;ABS(2,SG);ERG(3,DU)	ʔirîːstɛnu
ritt	V;PRS;POS;TR;ABS(3,PL);ERG(2,SG,FORM)	ʔiriti
ritt	V;PST;NEG;TR;ABS(1,INCL,DU);ERG(3,PL)	mʌriswiwi
ritt	V;PST;NEG;TR;ABS(1,INCL,PL);ERG(3,PL)	mʌritwɛnu
ritt	V;PST;NEG;TR;ABS(1,SG);ERG(3,PL)	mʌritwɛnu
ritt	V;PST;NEG;TR;ABS(2,SG);ERG(1,EXCL,DU)	mʌriswiwi
ritt	V;PST;NEG;TR;ABS(2,SG);ERG(3,SG)	mʌritwɛnu
ritt	V;PST;POS;TR;ABS(2,DU);ERG(3,SG)	rʌ̂ːswɛnu
ritt	V;PST;POS;TR;ABS(2,PL);ERG(1,EXCL,PL)	ʔirittʌkʌ
ritt	V;PST;POS;TR;ABS(3,DU);ERG(1,EXCL,DU)	rʌ̂ːswɛnu
ritt	V;PST;POS;TR;ABS(3,SG);ERG(1,EXCL,PL)	ʔirittʌkʌ
rol	V;IMP;NEG;TR;ABS(2,PL);ERG(3,DU)	mʌrɵliwi
rol	V;IMP;NEG;TR;ABS(2,SG);ERG(3,DU)	mʌrɵliwi
rol	V;IMP;POS;TR;ABS(2,DU);ERG(1,EXCL,DU)	ʔirɵli
rol	V;PRS;NEG;TR;ABS(1,EXCL,DU);ERG(3,SG)	mʌrɵliwi
rol	V;PRS;NEG;TR;ABS(1,SG);ERG(3,DU)	mʌrɵliwi
rol	V;PRS;NEG;TR;ABS(2,DU);ERG(1,EXCL,PL)	mʌrɵliwi
rol	V;PRS;POS;TR;ABS(1,INCL,DU);ERG(3,DU)	ʔirɵli
rol	V;PRS;POS;TR;ABS(2,SG);ERG(1,EXCL,DU)	ʔirɵli
rol	V;PRS;POS;TR;ABS(3,DU);ERG(3,PL)	ʔirɵli
rol	V;PST;NEG;TR;ABS(1,EXCL,DU);ERG(2,SG,FORM)	mʌrɵlwɛnu
rol	V;PST;NEG;TR;ABS(1,EXCL,DU);ERG(3,PL)	mʌrɵlwɛnu
rol	V;PST;NEG;TR;ABS(1,SG);ERG(3,PL)	mʌrɵlwɛnu
rol	V;PST;NEG;TR;ABS(2,SG);ERG(1,EXCL,PL)	mʌrɵlwɛnu
rol	V;PST;NEG;TR;ABS(2,SG);ERG(3,SG)	mʌrɵlwɛnu
rol	V;PST;NEG;TR;ABS(3,PL);ERG(1,INCL,PL)	mʌrɵlwɛnu
rol	V;PST;NEG;TR;ABS(3,PL);ERG(3,DU)	mʌrɵlwɛnu
rol	V;PST;NEG;TR;ABS(3,SG);ERG(2,SG,FORM)	mʌrɵlwɛnu
rol	V;PST;POS;TR;ABS(1,SG);ERG(2,PL)	ʔirɵltɛnu
rol	V;PST;POS;TR;ABS(3,DU);ERG(1,INCL,DU)	roɔltɛnu
rol	V;PST;POS;TR;ABS(3,SG);ERG(2,PL)	ʔirɵltɛnu
rot	V;IMP;POS;TR;ABS(2,SG);ERG(1,EXCL,PL)	ʔirɵ̂ːstɛnu
rot	V;PRS;NEG;TR;ABS(1,SG);ERG(2,DU)	mʌrɵ̂ːswɛnu
rot	V;PRS;NEG;TR;ABS(2,DU);ERG(1,EXCL,DU)	mʌrɵ̂ːswɛnu
rot	V;PRS;NEG;TR;ABS(2,DU);ERG(3,DU)	mʌrɵ̂ːswɛnu
rot	V;PRS;NEG;TR;ABS(2,DU);ERG(3,PL)	mʌrɵ̂ːswɛnu
rot	V;PRS;NEG;TR;ABS(3,SG);ERG(2,PL)	mʌrɵ̂ːswɛnu
rot	V;PRS;POS;TR;ABS(2,PL);ERG(1,EXCL,PL)	ʔirɵ̂ːstɛnu
rot	V;PRS;POS;TR;ABS(3,DU);ERG(3,SG)	ʔirɵ̂ːstɛnu
rot	V;PST;NEG;TR;ABS(1,EXCL,PL);ERG(3,PL)	mʌrɵ̂jwɛnu
rot	V;PST;NEG;TR;ABS(2,PL);ERG(1,EXCL,DU)	mʌrɵwiwi
rot	V;PST;NEG;TR;ABS(2,PL);ERG(3,SG)	mʌrɵ̂jwɛnu
rot	V;PST;NEG;TR;ABS(3,PL);ERG(3,DU)	mʌrɵwiwi
rot	V;PST;POS;TR;ABS(1,EXCL,DU);ERG(2,DU)	ʔirɵ̂ːswɛnu
rot	V;PST;POS;TR;ABS(1,EXCL,DU);ERG(3,PL)	ʔirɵ̂nwɛnu
rot	V;PST;POS;TR;ABS(1,EXCL,DU);ERG(3,SG)	ʔirɵ̂jtɛnu
rot	V;PST;POS;TR;ABS(1,INCL,PL);ERG(3,DU)	rɵ̂ːswɛnu
rot	V;PST;POS;TR;ABS(2,DU);ERG(3,PL)	ʔirɵ̂nwɛnu
rot	V;PST;POS;TR;ABS(2,SG);ERG(1,EXCL,PL)	ʔirɵ̂jtɛnu
rot	V;PST;POS;TR;ABS(3,PL);ERG(3,DU)	ʔirɵ̂nwɛnu
rot	V;PST;POS;TR;ABS(3,SG);ERG(1,INCL,PL)	ʔirɵ̂nwɛnu
set	V;IMP;NEG;TR;ABS(2,DU);ERG(1,EXCL,DU)	mʌsêjwɛnu
set	V;IMP;POS;TR;ABS(2,SG);ERG(3,DU)	ʔiseçkʌ
set	V;IMP;POS;TR;ABS(2,SG);ERG(3,SG)	ʔisêːstɛnu
set	V;PRS;NEG;TR;ABS(1,INCL,DU);ERG(3,SG)	mʌsêjwɛnu
set	V;PRS;NEG;TR;ABS(2,DU);ERG(3,DU)	mʌsêjwɛnu
set	V;PRS;NEG;TR;ABS(2,SG);ERG(3,PL)	mʌsêjwɛnu
set	V;PRS;NEG;TR;ABS(3,PL);ERG(2,DU)	mʌsêjwɛnu
set	V;PRS;POS;TR;ABS(1,EXCL,PL);ERG(2,SG,FORM)	ʔisêːstɛnu
set	V;PRS;POS;TR;ABS(1,INCL,DU);ERG(3,SG)	ʔisêːstɛnu
set	V;PRS;POS;TR;ABS(1,SG);ERG(2,SG,FORM)	ʔisêːstɛnu
set	V;PST;NEG;TR;ABS(1,EXCL,PL);ERG(2,SG,FORM)	mʌsêjwɛnu
set	V;PST;NEG;TR;ABS(1,INCL,DU);ERG(3,DU)	mʌsêjwɛnu
set	V;PST;POS;TR;ABS(1,INCL,DU);ERG(3,PL)	ʔisêjtɛnu
set	V;PST;POS;TR;ABS(2,PL);ERG(3,SG)	ʔisêjtɛnu
set	V;PST;POS;TR;ABS(2,SG);ERG(3,SG)	ʔisêjtɛnu
set	V;PST;POS;TR;ABS(3,DU);ERG(1,EXCL,PL)	ʔisêjtɛnu
set	V;PST;POS;TR;ABS(3,DU);ERG(3,DU)	ʔisêjtɛnu
set	V;PST;POS;TR;ABS(3,PL);ERG(1,EXCL,DU)	ʔisêjtɛnu
set	V;PST;POS;TR;ABS(3,PL);ERG(1,INCL,DU)	ʔisêjtɛnu
set	V;PST;POS;TR;ABS(3,PL);ERG(2,PL)	ʔisêjtɛnu
sit	V;IMP;NEG;TR;ABS(2,PL);ERG(3,PL)	mʌsiwi
sit	V;IMP;POS;TR;ABS(2,PL);ERG(3,PL)	ʔisiti
sit	V;PRS;NEG;TR;ABS(1,EXCL,DU);ERG(2,SG,FORM)	mʌsiiwi
sit	V;PRS;NEG;TR;ABS(1,EXCL,DU);ERG(3,DU)	mʌsiiwi
sit	V;PRS;NEG;TR;ABS(2,DU);ERG(3,SG)	mʌsiwi
sit	V;PRS;NEG;TR;ABS(2,PL);ERG(1,EXCL,PL)	mʌsiiwi
sit	V;PRS;NEG;TR;ABS(3,DU);ERG(1,EXCL,DU)	mʌsiiwi
sit	V;PRS;NEG;TR;ABS(3,DU);ERG(3,DU)	mʌsiwi
sit	V;PRS;NEG;TR;ABS(3,SG);ERG(1,INCL,DU)	mʌsiiwi
sit	V;PRS;POS;TR;ABS(1,EXCL,PL);ERG(2,PL)	ʔisiti
sit	V;PRS;POS;TR;ABS(2,SG);ERG(3,SG)	ʔisiti
sit	V;PST;NEG;TR;ABS(1,EXCL,DU);ERG(2,SG,FORM)	mʌsiwiwi
sit	V;PST;NEG;TR;ABS(1,EXCL,PL);ERG(3,PL)	mʌsiwiwi
sit	V;PST;NEG;TR;ABS(2,DU);ERG(1,EXCL,DU)	mʌsiwiwi
sit	V;PST;NEG;TR;ABS(2,DU);ERG(3,DU)	mʌsiwiwi
sit	V;PST;NEG;TR;ABS(2,PL);ERG(3,SG)	mʌsiwiwi
sit	V;PST;NEG;TR;ABS(3,DU);ERG(1,EXCL,DU)	mʌsiwiwi
sit	V;PST;NEG;TR;ABS(3,DU);ERG(1,EXCL,PL)	mʌsiwiwi
sit	V;PST;NEG;TR;ABS(3,PL);ERG(3,SG)	mʌsiwiwi
sit	V;PST;POS;TR;ABS(2,PL);ERG(3,SG)	ʔisîjtɛnu
tɛm	V;PRS;NEG;TR;ABS(1,EXCL,PL);ERG(2,SG,FORM)	mʌtɛmu
tɛm	V;PRS;NEG;TR;ABS(2,DU);ERG(1,EXCL,DU)	mʌtɛmu
tɛm	V;PRS;NEG;TR;ABS(2,DU);ERG(3,PL)	mʌtɛmu
tɛm	V;PRS;NEG;TR;ABS(2,PL);ERG(1,EXCL,DU)	mʌtɛmiwi
tɛm	V;PRS;NEG;TR;ABS(2,PL);ERG(3,SG)	mʌtɛmu
tɛm	V;PRS;NEG;TR;ABS(3,DU);ERG(1,INCL,PL)	mʌtɛmu
tɛm	V;PRS;NEG;TR;ABS(3,PL);ERG(1,INCL,DU)	mʌtɛmiwi
tɛm	V;PRS;POS;TR;ABS(1,EXCL,PL);ERG(2,DU)	ʔitɛmnuje
tɛm	V;PRS;POS;TR;ABS(1,EXCL,PL);ERG(3,DU)	ʔitɛmnuje
tɛm	V;PRS;POS;TR;ABS(2,PL);ERG(1,SG)	ʔitɛmnuje
tɛm	V;PRS;POS;TR;ABS(2,PL);ERG(3,PL)	ʔitɛmnuje
tɛm	V;PRS;POS;TR;ABS(2,SG);ERG(3,PL)	ʔitɛmnuje
tɛm	V;PRS;POS;TR;ABS(3,DU);ERG(3,DU)	ʔitɛmu
tɛm	V;PST;NEG;TR;ABS(3,DU);ERG(3,PL)	mʌtɛmwɛnu
tɛm	V;PST;NEG;TR;ABS(3,PL);ERG(2,SG,FORM)	mʌtɛmwɛnu
tɛm	V;PST;POS;TR;ABS(1,EXCL,DU);ERG(2,PL)	ʔitɛmtɛnu
tɛm	V;PST;POS;TR;ABS(1,INCL,DU);ERG(3,DU)	tɛmtɛnu
tɛm	V;PST;POS;TR;ABS(1,INCL,PL);ERG(3,DU)	ʔitɛmtɛnu
tɛm	V;PST;POS;TR;ABS(3,DU);ERG(1,INCL,DU)	ʔitɛmtɛnu
tɛm	V;PST;POS;TR;ABS(3,DU);ERG(2,PL)	ʔitɛmtɛnu
tʰint	V;IMP;NEG;TR;ABS(2,DU);ERG(1,EXCL,DU)	mʌtʰiːswi
tʰint	V;IMP;NEG;TR;ABS(2,DU);ERG(3,DU)	mʌtʰiːʦi
tʰint	V;IMP;NEG;TR;ABS(2,PL);ERG(3,DU)	mʌtʰiːʦi
tʰint	V;IMP;NEG;TR;ABS(2,SG);ERG(3,PL)	mʌtʰiːʦi
tʰint	V;IMP;NEG;TR;ABS(2,SG);ERG(3,SG)	mʌtʰiːʦu
tʰint	V;PRS;NEG;TR;ABS(1,SG);ERG(3,DU)	mʌtʰiːʦi
tʰint	V;PRS;NEG;TR;ABS(1,SG);ERG(3,SG)	mʌtʰiːʦu
tʰint	V;PRS;NEG;TR;ABS(3,DU);ERG(1,INCL,PL)	mʌtʰiːʦi
tʰint	V;PRS;NEG;TR;ABS(3,DU);ERG(2,DU)	mʌtʰiːʦi
tʰint	V;PRS;NEG;TR;ABS(3,PL);ERG(3,SG)	mʌtʰiːʦi
tʰint	V;PRS;NEG;TR;ABS(3,SG);ERG(3,DU)	mʌtʰiːʦi
tʰint	V;PRS;POS;TR;ABS(1,EXCL,PL);ERG(3,SG)	ʔitʰiːʦi
tʰint	V;PRS;POS;TR;ABS(1,INCL,PL);ERG(3,SG)	ʔitʰiːsti
tʰint	V;PRS;POS;TR;ABS(1,SG);ERG(3,SG)	ʔitʰiːʦi
tʰint	V;PST;NEG;TR;ABS(3,DU);ERG(2,PL)	mʌtʰiːswi
tʰint	V;PST;NEG;TR;ABS(3,PL);ERG(2,DU)	mʌtʰiːswi
tʰint	V;PST;POS;TR;ABS(1,EXCL,DU);ERG(2,DU)	ʔitʰiːswi
tʰint	V;PST;POS;TR;ABS(3,DU);ERG(1,EXCL,DU)	ʔitʰiːswi
tʰint	V;PST;POS;TR;ABS(3,DU);ERG(2,SG,FORM)	ʔitʰiːswi
tʰint	V;PST;POS;TR;ABS(3,PL);ERG(3,SG)	ʔitʰiːswi
tʰol	V;IMP;NEG;TR;ABS(2,PL);ERG(1,EXCL,DU)	mʌtʰɵliwi
tʰol	V;IMP;NEG;TR;ABS(2,SG);ERG(3,PL)	mʌtʰɵliwi
tʰol	V;PRS;NEG;TR;ABS(1,EXCL,DU);ERG(3,PL)	mʌtʰɵliwi
tʰol	V;PRS;NEG;TR;ABS(1,SG);ERG(3,SG)	mʌtʰɵli
tʰol	V;PRS;NEG;TR;ABS(2,DU);ERG(1,EXCL,DU)	mʌtʰɵliwi
tʰol	V;PRS;POS;TR;ABS(1,EXCL,DU);ERG(3,SG)	ʔitʰɵli
tʰol	V;PRS;POS;TR;ABS(1,INCL,DU);ERG(3,DU)	ʔitʰɵli
tʰol	V;PRS;POS;TR;ABS(1,INCL,DU);ERG(3,PL)	ʔitʰɵli
tʰol	V;PRS;POS;TR;ABS(1,SG);ERG(3,PL)	ʔitʰɵli
tʰol	V;PRS;POS;TR;ABS(3,DU);ERG(3,SG)	ʔitʰɵli
tʰol	V;PRS;POS;TR;ABS(3,PL);ERG(2,DU)	ʔitʰɵli
tʰol	V;PST;NEG;TR;ABS(1,EXCL,DU);ERG(3,PL)	mʌtʰɵlwɛnu
tʰol	V;PST;NEG;TR;ABS(2,PL);ERG(1,EXCL,DU)	mʌtʰɵlwiki
tʰol	V;PST;NEG;TR;ABS(3,DU);ERG(1,INCL,DU)	mʌtʰɵlwiki
tʰol	V;PST;NEG;TR;ABS(3,SG);ERG(2,PL)	mʌtʰɵlwɛnu
tʰol	V;PST;POS;TR;ABS(1,EXCL,PL);ERG(2,DU)	ʔitʰɵlwɛnu
tʰol	V;PST;POS;TR;ABS(1,INCL,PL);ERG(3,DU)	ʔitʰɵlwɛnu
tʰol	V;PST;POS;TR;ABS(2,PL);ERG(3,SG)	ʔitʰɵlwɛnu
tʰol	V;PST;POS;TR;ABS(3,DU);ERG(1,INCL,PL)	ʔitʰɵlwɛnu
tʰol	V;PST;POS;TR;ABS(3,DU);ERG(1,SG)	ʔitʰɵlwɛnu
tʰɛpt	V;IMP;POS;TR;ABS(2,SG);ERG(3,DU)	ʔitʰɛpkʌ
tʰɛpt	V;PRS;NEG;TR;ABS(1,EXCL,PL);ERG(2,PL)	mʌtʰɛpkʌ
tʰɛpt	V;PRS;NEG;TR;ABS(3,DU);ERG(1,INCL,PL)	mʌtʰɛpiwi
tʰɛpt	V;PRS;NEG;TR;ABS(3,SG);ERG(1,INCL,DU)	mʌtʰɛpiwi
tʰɛpt	V;PRS;POS;TR;ABS(1,EXCL,PL);ERG(3,SG)	ʔitʰɛpkʌ
tʰɛpt	V;PRS;POS;TR;ABS(2,DU);ERG(1,SG)	ʔitʰɛpkʌ
tʰɛpt	V;PRS;POS;TR;ABS(2,PL);ERG(3,SG)	ʔitʰɛpkʌ
tʰɛpt	V;PRS;POS;TR;ABS(3,DU);ERG(1,INCL,PL)	ʔitʰɛpkʌ
tʰɛpt	V;PRS;POS;TR;ABS(3,SG);ERG(1,EXCL,PL)	ʔitʰɛpkʌ
tʰɛpt	V;PRS;POS;TR;ABS(3,SG);ERG(1,INCL,DU)	ʔitʰɛpi
tʰɛpt	V;PST;NEG;TR;ABS(1,EXCL,DU);ERG(3,PL)	mʌtʰɛpwɛnu
tʰɛpt	V;PST;NEG;TR;ABS(1,INCL,DU);ERG(3,SG)	mʌtʰɛpwɛnu
tʰɛpt	V;PST;NEG;TR;ABS(3,PL);ERG(2,SG,FORM)	mʌtʰɛpwɛnu
tʰɛpt	V;PST;POS;TR;ABS(1,EXCL,DU);ERG(3,SG)	ʔitʰɛpwɛnu
tʰɛpt	V;PST;POS;TR;ABS(1,SG);ERG(3,DU)	ʔitʰɛpwɛnu
tʰɛpt	V;PST;POS;TR;ABS(2,PL);ERG(3,PL)	ʔitʰɛpwɛnu
tʰɛpt	V;PST;POS;TR;ABS(3,DU);ERG(3,DU)	ʔitʰɛpwɛnu
tʰɛpt	V;PST;POS;TR;ABS(3,PL);ERG(1,EXCL,DU)	ʔitʰɛpwɛnu
tʰɛpt	V;PST;POS;TR;ABS(3,PL);ERG(2,SG,FORM)	ʔitʰɛpwɛnu
tʰɛpt	V;PST;POS;TR;ABS(3,SG);ERG(1,EXCL,PL)	ʔitʰɛpwɛnu
wɛn	V;IMP;NEG;INTR;ABS(2,SG)	muwɛːswɛ
wɛn	V;IMP;POS;INTR;ABS(2,DU)	wɛːʦi
wɛn	V;NFIN;POS;INTR	wɛːʦi
wɛn	V;PRS;NEG;INTR;ABS(1,EXCL,DU)	muwɛːʦi
wɛn	V;PRS;NEG;INTR;ABS(1,EXCL,PL)	muwɛːʦi
wɛn	V;PRS;NEG;INTR;ABS(1,INCL,DU)	muwɛːʦi
wɛn	V;PRS;NEG;INTR;ABS(2,SG)	muwɛːswɛ
wɛn	V;PRS;NEG;INTR;ABS(3,DU)	muwɛːʦi
wɛn	V;PRS;POS;INTR;ABS(1,EXCL,PL)	wɛːʦi
wɛn	V;PRS;POS;INTR;ABS(1,INCL,PL)	wɛːʦi
wɛn	V;PRS;POS;INTR;ABS(3,DU)	wɛːʦi
wɛn	V;PRS;POS;INTR;ABS(3,PL)	wɛːʦi
wɛn	V;PST;NEG;INTR;ABS(1,INCL,DU)	muwɛːswi
wɛn	V;PST;NEG;INTR;ABS(2,SG)	muwɛːswɛsu
wɛn	V;PST;POS;INTR;ABS(1,INCL,DU)	wɛːswɛ
wɛn	V;PST;POS;INTR;ABS(1,SG)	wɛːswɛ
wɛn	V;PST;POS;INTR;ABS(2,PL)	wɛːswɛnu
wɛn	V;PST;POS;INTR;ABS(2,SG)	wɛːswɛ
wɛn	V;PST;POS;INTR;ABS(3,DU)	wɛːʦi
wɛn	V;PST;POS;INTR;ABS(3,SG)	wɛːswɛ
ɦip	V;IMP;NEG;TR;ABS(2,DU);ERG(1,EXCL,DU)	mʌɦipiwi
ɦip	V;IMP;POS;TR;ABS(2,DU);ERG(3,SG)	ʔiɦipi
ɦip	V;PRS;NEG;TR;ABS(1,SG);ERG(2,SG,FORM)	mʌɦipi
ɦip	V;PRS;NEG;TR;ABS(3,SG);ERG(1,EXCL,DU)	mʌɦipi
ɦip	V;PRS;NEG;TR;ABS(3,SG);ERG(2,DU)	mʌɦipi
ɦip	V;PRS;NEG;TR;ABS(3,SG);ERG(3,SG)	mʌɦipi
ɦip	V;PRS;POS;TR;ABS(1,EXCL,DU);ERG(2,DU)	ʔiɦipi
ɦip	V;PRS;POS;TR;ABS(1,EXCL,PL);ERG(2,DU)	ʔiɦipi
ɦip	V;PRS;POS;TR;ABS(2,DU);ERG(1,SG)	ʔiɦipi
ɦip	V;PST;NEG;TR;ABS(1,INCL,PL);ERG(3,SG)	mʌɦipwɛnu
ɦip	V;PST;NEG;TR;ABS(1,SG);ERG(3,DU)	mʌɦipwɛnu
ɦip	V;PST;NEG;TR;ABS(2,SG);ERG(3,PL)	mʌɦipwɛnu
ɦip	V;PST;NEG;TR;ABS(3,DU);ERG(3,DU)	mʌɦipwɛnu
ɦip	V;PST;NEG;TR;ABS(3,PL);ERG(3,DU)	mʌɦipwɛnu
ɦip	V;PST;NEG;TR;ABS(3,SG);ERG(1,EXCL,DU)	mʌɦipwɛnu
ɦip	V;PST;NEG;TR;ABS(3,SG);ERG(2,DU)	mʌɦipwɛnu
ɦip	V;PST;POS;TR;ABS(1,EXCL,DU);ERG(3,PL)	ʔiɦipwɛnu
ɦip	V;PST;POS;TR;ABS(1,EXCL,PL);ERG(2,DU)	ʔiɦipwɛnu
ɦip	V;PST;POS;TR;ABS(1,EXCL,PL);ERG(3,DU)	ʔiɦipwɛnu
ɦip	V;PST;POS;TR;ABS(3,DU);ERG(2,PL)	ʔiɦipwɛnu
ɦont	V;IMP;POS;TR;ABS(2,SG);ERG(3,SG)	ʔiɦɵ̂ːstɛnu
ɦont	V;PRS;NEG;TR;ABS(1,EXCL,DU);ERG(2,DU)	mʌɦɵːswi
ɦont	V;PRS;NEG;TR;ABS(1,SG);ERG(2,DU)	mʌɦɵ̂ːswɛnu
ɦont	V;PRS;NEG;TR;ABS(2,SG);ERG(3,SG)	mʌɦɵ̂ːswɛnu
ɦont	V;PRS;NEG;TR;ABS(3,DU);ERG(1,EXCL,DU)	mʌɦɵːswi
ɦont	V;PRS;NEG;TR;ABS(3,DU);ERG(1,INCL,DU)	mʌɦɵːswi
ɦont	V;PRS;NEG;TR;ABS(3,DU);ERG(2,SG,FORM)	mʌɦɵ̂ːsti
ɦont	V;PRS;NEG;TR;ABS(3,SG);ERG(1,SG)	mʌɦɵ̂ːswɛnu
ɦont	V;PRS;POS;TR;ABS(1,EXCL,PL);ERG(2,DU)	ʔiɦɵ̂ːstɛnu
ɦont	V;PRS;POS;TR;ABS(2,PL);ERG(1,EXCL,DU)	ʔiɦɵ̂ːstɛnu
ɦont	V;PRS;POS;TR;ABS(2,PL);ERG(3,DU)	ʔiɦɵ̂ːstɛnu
ɦont	V;PRS;POS;TR;ABS(2,SG);ERG(1,EXCL,PL)	ʔiɦɵ̂ːstɛnu
ɦont	V;PRS;POS;TR;ABS(2,SG);ERG(3,DU)	ʔiɦɵ̂ːstɛnu
ɦont	V;PRS;POS;TR;ABS(3,PL);ERG(2,DU)	ʔiɦɵ̂ːstɛnu
ɦont	V;PST;NEG;TR;ABS(2,PL);ERG(3,PL)	mʌɦɵ̂ːswɛnu
ɦont	V;PST;NEG;TR;ABS(2,SG);ERG(1,EXCL,PL)	mʌɦɵ̂ːswɛnu
ɦont	V;PST;NEG;TR;ABS(3,DU);ERG(1,EXCL,PL)	mʌɦɵ̂ːswɛnu
ɦont	V;PST;POS;TR;ABS(2,SG);ERG(1,EXCL,DU)	ʔiɦɵ̂ːswɛnu
ɦont	V;PST;POS;TR;ABS(3,PL);ERG(2,PL)	ʔiɦɵ̂ːttɛnu
ɦont	V;PST;POS;TR;ABS(3,SG);ERG(3,SG)	ʔiɦɵ̂ːttɛnu
ɦɛm	V;IMP;NEG;TR;ABS(2,PL);ERG(1,EXCL,DU)	mʌɦɛmiwi
ɦɛm	V;IMP;NEG;TR;ABS(2,SG);ERG(3,SG)	muɦɛmnuje
ɦɛm	V;IMP;POS;TR;ABS(2,PL);ERG(3,SG)	ʔiɦɛmnuje
ɦɛm	V;PRS;NEG;TR;ABS(1,EXCL,DU);ERG(3,DU)	mʌɦɛmu
ɦɛm	V;PRS;NEG;TR;ABS(1,SG);ERG(2,SG,FORM)	mʌɦɛmi
ɦɛm	V;PRS;NEG;TR;ABS(2,DU);ERG(1,EXCL,PL)	mʌɦɛmiwi
ɦɛm	V;PRS;NEG;TR;ABS(3,DU);ERG(1,EXCL,DU)	mʌɦɛmu
ɦɛm	V;PRS;NEG;TR;ABS(3,DU);ERG(1,EXCL,PL)	mʌɦɛmiwi
ɦɛm	V;PRS;NEG;TR;ABS(3,DU);ERG(1,INCL,DU)	mʌɦɛmu
ɦɛm	V;PRS;NEG;TR;ABS(3,SG);ERG(2,SG,FORM)	mʌɦɛmi
ɦɛm	V;PRS;POS;TR;ABS(1,SG);ERG(2,PL)	ʔiɦɛmi
ɦɛm	V;PRS;POS;TR;ABS(2,PL);ERG(3,DU)	ʔiɦɛmi
ɦɛm	V;PST;NEG;TR;ABS(1,INCL,PL);ERG(3,PL)	mʌɦɛmwɛnu
ɦɛm	V;PST;NEG;TR;ABS(1,SG);ERG(3,DU)	mʌɦɛmwɛnu
ɦɛm	V;PST;NEG;TR;ABS(3,DU);ERG(1,INCL,DU)	mʌɦɛmwɛnu
ɦɛm	V;PST;NEG;TR;ABS(3,SG);ERG(1,EXCL,DU)	mʌɦɛmwɛnu
ɦɛm	V;PST;POS;TR;ABS(1,EXCL,PL);ERG(2,DU)	ʔiɦɛmtɛnu
ɦɛm	V;PST;POS;TR;ABS(1,INCL,DU);ERG(3,SG)	ɦɛmtɛnu
ɦɛm	V;PST;POS;TR;ABS(2,PL);ERG(1,EXCL,PL)	ʔiɦɛmtɛnu
ɦɛm	V;PST;POS;TR;ABS(3,DU);ERG(2,PL)	ʔiɦɛmtɛnu
ʔi	V;IMP;NEG;INTR;ABS(2,PL)	muʔiʔiki
ʔi	V;IMP;NEG;INTR;ABS(2,SG)	muʔiʔi
ʔi	V;IMP;POS;INTR;ABS(2,DU)	ʔiʔi
ʔi	V;IMP;POS;INTR;ABS(2,SG)	ʔiʔi
ʔi	V;NFIN;POS;INTR	ʔiʔi
ʔi	V;PRS;NEG;INTR;ABS(1,EXCL,PL)	mʌʔiki
ʔi	V;PRS;NEG;INTR;ABS(1,INCL,DU)	mʌʔiki
ʔi	V;PRS;NEG;INTR;ABS(1,INCL,PL)	mʌʔiki
ʔi	V;PRS;NEG;INTR;ABS(2,SG)	mʌʔiki
ʔi	V;PRS;NEG;INTR;ABS(3,PL)	mʌʔiki
ʔi	V;PRS;POS;INTR;ABS(1,EXCL,PL)	ʔiʔiki
ʔi	V;PRS;POS;INTR;ABS(1,INCL,DU)	ʔiʔi
ʔi	V;PRS;POS;INTR;ABS(2,PL)	ʔiʔi
ʔi	V;PRS;POS;INTR;ABS(2,SG)	ʔiʔi
ʔi	V;PRS;POS;INTR;ABS(3,PL)	ʔiʔi
ʔi	V;PST;NEG;INTR;ABS(1,EXCL,PL)	mʌʔiwi
ʔi	V;PST;NEG;INTR;ABS(3,SG)	mʌʔiwi
ʔi	V;PST;POS;INTR;ABS(1,EXCL,PL)	ʔiʔiti
ʔi	V;PST;POS;INTR;ABS(1,SG)	ʔiʔiti
ʔi	V;PST;POS;INTR;ABS(2,DU)	ʔiʔiti
ʔok	V;IMP;NEG;INTR;ABS(2,SG)	muʔɵki
ʔok	V;NFIN;POS;INTR	ʔɵki
ʔok	V;PRS;NEG;INTR;ABS(1,INCL,PL)	mʌʔɵki
ʔok	V;PRS;NEG;INTR;ABS(2,DU)	mʌʔɵki
ʔok	V;PRS;NEG;INTR;ABS(2,PL)	mʌʔɵki
ʔok	V;PRS;NEG;INTR;ABS(2,SG)	mʌʔɵki
ʔok	V;PRS;NEG;INTR;ABS(3,DU)	mʌʔɵki
ʔok	V;PRS;POS;INTR;ABS(1,INCL,DU)	ʔɵki
ʔok	V;PRS;POS;INTR;ABS(1,INCL,PL)	ʔɵki
ʔok	V;PRS;POS;INTR;ABS(2,DU)	ʔɵki
ʔok	V;PRS;POS;INTR;ABS(3,PL)	ʔɵki
ʔok	V;PRS;POS;INTR;ABS(3,SG)	ʔɵki
ʔok	V;PST;NEG;INTR;ABS(1,INCL,PL)	muʔɵkwiki
ʔok	V;PST;NEG;INTR;ABS(2,DU)	muʔɵkwiki
ʔok	V;PST;NEG;INTR;ABS(2,PL)	mʌʔɵkwɛnu
ʔok	V;PST;POS;INTR;ABS(1,EXCL,DU)	ʔɵktɛnu
ʔok	V;PST;POS;INTR;ABS(1,SG)	ʔɵktɛnu
ʔok	V;PST;POS;INTR;ABS(2,PL)	ʔɵktɛnu
ʔok	V;PST;POS;INTR;ABS(3,DU)	ʔɵktɛnu
ʔok	V;PST;POS;INTR;ABS(3,SG)	ʔɵktɛnu
ʔont	V;IMP;NEG;TR;ABS(2,PL);ERG(1,EXCL,PL)	mʌʔɵːswi
ʔont	V;IMP;POS;TR;ABS(2,DU);ERG(1,EXCL,PL)	ʔɵːʦi
ʔont	V;IMP;POS;TR;ABS(2,PL);ERG(3,SG)	ʔɵːʦi
ʔont	V;IMP;POS;TR;ABS(2,SG);ERG(3,SG)	ʔɵːʦi
ʔont	V;PRS;NEG;TR;ABS(2,SG);ERG(3,SG)	mʌʔɵːʦu
ʔont	V;PRS;NEG;TR;ABS(3,DU);ERG(1,EXCL,PL)	mʌʔɵːʦi
ʔont	V;PRS;NEG;TR;ABS(3,DU);ERG(2,DU)	mʌʔɵːʦi
ʔont	V;PRS;NEG;TR;ABS(3,PL);ERG(3,DU)	mʌʔɵːʦi
ʔont	V;PRS;NEG;TR;ABS(3,SG);ERG(3,SG)	mʌʔɵːʦu
ʔont	V;PRS;POS;TR;ABS(1,EXCL,DU);ERG(2,DU)	ʔɵːʦi
ʔont	V;PRS;POS;TR;ABS(1,EXCL,PL);ERG(2,PL)	ʔɵːʦi
ʔont	V;PRS;POS;TR;ABS(1,SG);ERG(2,PL)	ʔɵːʦi
ʔont	V;PRS;POS;TR;ABS(1,SG);ERG(3,DU)	ʔɵːʦi
ʔont	V;PRS;POS;TR;ABS(3,DU);ERG(3,SG)	ʔɵːʦi
ʔont	V;PRS;POS;TR;ABS(3,PL);ERG(1,EXCL,DU)	ʔɵːʦi
ʔont	V;PST;NEG;TR;ABS(1,EXCL,PL);ERG(2,DU)	mʌʔɵːswi
ʔont	V;PST;NEG;TR;ABS(1,SG);ERG(2,PL)	mʌʔɵːswi
ʔont	V;PST;NEG;TR;ABS(3,DU);ERG(2,PL)	mʌʔɵːswi
ʔont	V;PST;POS;TR;ABS(2,SG);ERG(3,SG)	ʔɵːstɛnu
ʔont	V;PST;POS;TR;ABS(3,PL);ERG(2,SG,FORM)	ʔɵːswi
ʦik	V;IMP;NEG;INTR;ABS(2,PL)	muʦiki
ʦik	V;NFIN;POS;INTR	ʔiʦiki
ʦik	V;PRS;NEG;INTR;ABS(1,EXCL,PL)	mʌʦiki
ʦik	V;PRS;NEG;INTR;ABS(1,SG)	mʌʦiki
ʦik	V;PRS;NEG;INTR;ABS(2,DU)	mʌʦiki
ʦik	V;PRS;NEG;INTR;ABS(2,SG)	mʌʦiki
ʦik	V;PRS;NEG;INTR;ABS(3,DU)	mʌʦiki
ʦik	V;PRS;POS;INTR;ABS(1,EXCL,DU)	ʔiʦiki
ʦik	V;PRS;POS;INTR;ABS(1,EXCL,PL)	ʔiʦiki
ʦik	V;PRS;POS;INTR;ABS(1,INCL,PL)	ʔiʦiki
ʦik	V;PRS;POS;INTR;ABS(2,SG)	ʔiʦiki
ʦik	V;PRS;POS;INTR;ABS(3,DU)	ʔiʦiki
ʦik	V;PRS;POS;INTR;ABS(3,SG)	ʔiʦiki
ʦik	V;PST;NEG;INTR;ABS(1,EXCL,DU)	mʌʦikwɛnu
ʦik	V;PST;NEG;INTR;ABS(1,INCL,DU)	muʦikwɛnu
ʦik	V;PST;NEG;INTR;ABS(1,INCL,PL)	mʌʦikwɛnu
ʦik	V;PST;NEG;INTR;ABS(2,PL)	mʌʦikwɛnu
ʦik	V;PST;NEG;INTR;ABS(2,SG)	muʦikwɛnu
ʦik	V;PST;POS;INTR;ABS(1,EXCL,PL)	ʔiʦikwɛnu
ʦik	V;PST;POS;INTR;ABS(3,PL)	ʔiʦikwɛnu
ʦir	V;IMP;NEG;TR;ABS(2,PL);ERG(3,DU)	mʌʦirwiki
ʦir	V;PRS;NEG;REFL;ABS(1,EXCL,DU)	mʌʦiri
ʦir	V;PRS;NEG;REFL;ABS(1,EXCL,PL)	mʌʦiri
ʦir	V;PRS;NEG;REFL;ABS(1,INCL,DU)	mʌʦiri
ʦir	V;PRS;NEG;TR;ABS(1,EXCL,DU);ERG(2,PL)	mʌʦiriwi
ʦir	V;PRS;NEG;TR;ABS(3,PL);ERG(3,DU)	mʌʦiriwi
ʦir	V;PRS;POS;TR;ABS(1,EXCL,DU);ERG(2,PL)	ʔiʦiri
ʦir	V;PRS;POS;TR;ABS(2,DU);ERG(1,EXCL,DU)	ʔiʦiri
ʦir	V;PRS;POS;TR;ABS(2,SG);ERG(1,EXCL,DU)	ʔiʦiri
ʦir	V;PRS;POS;TR;ABS(3,DU);ERG(1,INCL,PL)	ʔiʦiri
ʦir	V;PRS;POS;TR;ABS(3,SG);ERG(1,EXCL,PL)	ʔiʦiri
ʦir	V;PRS;POS;TR;ABS(3,SG);ERG(3,PL)	ʔiʦiri
ʦir	V;PST;NEG;TR;ABS(2,DU);ERG(3,PL)	mʌʦirwiki
ʦir	V;PST;NEG;TR;ABS(3,DU);ERG(3,DU)	mʌʦirwiki
ʦir	V;PST;NEG;TR;ABS(3,PL);ERG(3,DU)	mʌʦirwiki
ʦir	V;PST;POS;TR;ABS(1,EXCL,DU);ERG(3,SG)	ʔiʦirwiki
ʦir	V;PST;POS;TR;ABS(1,INCL,PL);ERG(3,DU)	ʔiʦirwiki
ʦir	V;PST;POS;TR;ABS(1,SG);ERG(2,PL)	ʔiʦirwiki
ʦir	V;PST;POS;TR;ABS(1,SG);ERG(3,PL)	ʔiʦirwiki
ʦir	V;PST;POS;TR;ABS(3,PL);ERG(1,EXCL,PL)	ʔiʦirwiki
ʦʰop	V;IMP;NEG;TR;ABS(2,DU);ERG(3,SG)	mʌʦʰɵpiwi
ʦʰop	V;PRS;NEG;TR;ABS(1,EXCL,DU);ERG(3,SG)	mʌʦʰɵpi
ʦʰop	V;PRS;NEG;TR;ABS(2,DU);ERG(1,EXCL,DU)	mʌʦʰɵpi
ʦʰop	V;PRS;NEG;TR;ABS(2,PL);ERG(1,EXCL,PL)	mʌʦʰɵpiwi
ʦʰop	V;PRS;NEG;TR;ABS(3,DU);ERG(2,SG,FORM)	mʌʦʰɵpi
ʦʰop	V;PRS;NEG;TR;ABS(3,DU);ERG(3,PL)	mʌʦʰɵpi
ʦʰop	V;PRS;POS;TR;ABS(1,EXCL,PL);ERG(2,DU)	ʦʰɵpi
ʦʰop	V;PRS;POS;TR;ABS(1,EXCL,PL);ERG(2,PL)	ʦʰɵpi
ʦʰop	V;PRS;POS;TR;ABS(1,INCL,PL);ERG(3,PL)	ʦʰɵpi
ʦʰop	V;PRS;POS;TR;ABS(3,DU);ERG(3,PL)	ʦʰɵpi
ʦʰop	V;PRS;POS;TR;ABS(3,PL);ERG(1,INCL,PL)	ʦʰɵpi
ʦʰop	V;PRS;POS;TR;ABS(3,SG);ERG(1,INCL,PL)	ʦʰɵpi
ʦʰop	V;PRS;POS;TR;ABS(3,SG);ERG(3,SG)	ʦʰɵpi
ʦʰop	V;PST;NEG;TR;ABS(1,EXCL,DU);ERG(2,SG,FORM)	mʌʦʰɵpwɛnu
ʦʰop	V;PST;NEG;TR;ABS(3,DU);ERG(1,INCL,DU)	mʌʦʰɵpwɛnu
ʦʰop	V;PST;NEG;TR;ABS(3,DU);ERG(3,PL)	mʌʦʰɵpwɛnu
ʦʰop	V;PST;NEG;TR;ABS(3,PL);ERG(1,SG)	mʌʦʰɵpwɛnu
ʦʰop	V;PST;POS;TR;ABS(1,EXCL,PL);ERG(3,PL)	ʦʰɵpiwi
ʦʰop	V;PST;POS;TR;ABS(1,SG);ERG(2,PL)	ʦʰɵpiwi
ʦʰop	V;PST;POS;TR;ABS(3,PL);ERG(3,SG)	ʦʰɵpiwi
ʦʰɛtt	V;IMP;NEG;REFL;ABS(2,PL)	mʌʦʰɛtiki
ʦʰɛtt	V;IMP;POS;TR;ABS(2,PL);ERG(1,EXCL,PL)	ʦʰɛtiki
ʦʰɛtt	V;IMP;POS;TR;ABS(2,PL);ERG(1,SG)	ʦʰɛ̂mnu
ʦʰɛtt	V;PRS;NEG;TR;ABS(1,EXCL,PL);ERG(3,SG)	mʌʦʰɛ̂jwɛnu
ʦʰɛtt	V;PRS;POS;TR;ABS(1,EXCL,PL);ERG(3,DU)	ʦʰɛ̂jtɛnu
ʦʰɛtt	V;PRS;POS;TR;ABS(1,INCL,PL);ERG(3,PL)	ʦʰɛtiki
ʦʰɛtt	V;PRS;POS;TR;ABS(2,DU);ERG(1,EXCL,PL)	ʦʰɛ̂ːsti
ʦʰɛtt	V;PRS;POS;TR;ABS(2,SG);ERG(3,DU)	ʦʰɛ̂mnu
ʦʰɛtt	V;PRS;POS;TR;ABS(3,DU);ERG(2,PL)	ʦʰɛ̂ːstɛnu
ʦʰɛtt	V;PRS;POS;TR;ABS(3,PL);ERG(3,PL)	ʦʰɛ̂jtɛnu
ʦʰɛtt	V;PST;NEG;TR;ABS(1,INCL,PL);ERG(3,PL)	mʌʦʰɛ̂jwɛnu
ʦʰɛtt	V;PST;NEG;TR;ABS(3,SG);ERG(3,DU)	mʌʦʰɛ̂jwɛnu
ʦʰɛtt	V;PST;POS;REFL;ABS(1,EXCL,PL)	ʦʰɛ̂jtɛnu
ʦʰɛtt	V;PST;POS;TR;ABS(1,EXCL,DU);ERG(2,PL)	ʦʰɛ̂jtɛnu
ʦʰɛtt	V;PST;POS;TR;ABS(1,EXCL,PL);ERG(2,SG,FORM)	ʦʰɛ̂jtɛnu
ʦʰɛtt	V;PST;POS;TR;ABS(1,SG);ERG(2,PL)	ʦʰɛ̂jtɛnu
ʦʰɛtt	V;PST;POS;TR;ABS(2,PL);ERG(3,PL)	ʦʰɛ̂jtɛnu
ʦʰɛtt	V;PST;POS;TR;ABS(3,DU);ERG(3,PL)	ʦʰɛ̂jtɛnu
ʦʰɛtt	V;PST;POS;TR;ABS(3,PL);ERG(1,EXCL,DU)	ʦʰɛ̂jtɛnu
ʦʰɛtt	V;PST;POS;TR;ABS(3,PL);ERG(1,INCL,PL)	ʦʰɛ̂jtɛnu
accuracy:0.054