blaŋt	V;IMP;NEG;TR;ABS(2,SG);ERG(3,SG)	mʌblaŋi
blaŋt	V;PRS;NEG;REFL;ABS(1,SG)	mublaŋi
blaŋt	V;PRS;NEG;REFL;ABS(2,SG)	mublaŋi
blaŋt	V;PRS;NEG;TR;ABS(1,EXCL,DU);ERG(3,SG)	mʌblaŋi
blaŋt	V;PRS;NEG;TR;ABS(1,INCL,DU);ERG(3,DU)	mʌblaŋi
blaŋt	V;PRS;NEG;TR;ABS(3,DU);ERG(1,INCL,DU)	mʌblaŋi
blaŋt	V;PRS;NEG;TR;ABS(3,PL);ERG(1,EXCL,DU)	mʌblaŋi
blaŋt	V;PRS;NEG;TR;ABS(3,PL);ERG(3,DU)	mʌblaŋi
blaŋt	V;PRS;NEG;TR;ABS(3,SG);ERG(1,SG)	mʌblaŋi
blaŋt	V;PRS;POS;TR;ABS(1,EXCL,DU);ERG(3,DU)	blaŋti
blaŋt	V;PRS;POS;TR;ABS(1,SG);ERG(2,SG,FORM)	blaŋti
blaŋt	V;PRS;POS;TR;ABS(3,DU);ERG(1,SG)	ʔiblaŋti
blaŋt	V;PRS;POS;TR;ABS(3,PL);ERG(3,SG)	ʔiblaŋti
blaŋt	V;PRS;POS;TR;ABS(3,SG);ERG(3,SG)	blaŋti
blaŋt	V;PST;NEG;TR;ABS(1,EXCL,PL);ERG(2,DU)	mʌblaŋwʌkʌ
blaŋt	V;PST;NEG;TR;ABS(2,DU);ERG(3,SG)	mʌblaŋwɛnu
blaŋt	V;PST;POS;TR;ABS(1,EXCL,DU);ERG(2,SG,FORM)	blaŋtiki
blaŋt	V;PST;POS;TR;ABS(2,PL);ERG(1,EXCL,DU)	ʔiblaŋtiki
blaŋt	V;PST;POS;TR;ABS(3,DU);ERG(3,DU)	blaŋtiki
blaŋt	V;PST;POS;TR;ABS(3,SG);ERG(2,DU)	ʔiblaŋti
bɛnt	V;IMP;NEG;TR;ABS(2,DU);ERG(3,PL)	mubɛːʦi
bɛnt	V;IMP;NEG;TR;ABS(2,PL);ERG(1,EXCL,DU)	mubɛːʦi
bɛnt	V;IMP;POS;TR;ABS(2,DU);ERG(3,DU)	bɛːʦi
bɛnt	V;IMP;POS;TR;ABS(2,PL);ERG(1,EXCL,PL)	ʔibɛːsti
bɛnt	V;PRS;NEG;TR;ABS(1,EXCL,DU);ERG(3,DU)	mubɛːʦi
bɛnt	V;PRS;NEG;TR;ABS(1,EXCL,PL);ERG(2,DU)	mubɛːʦi
bɛnt	V;PRS;NEG;TR;ABS(1,INCL,PL);ERG(3,PL)	mubɛːʦu
bɛnt	V;PRS;NEG;TR;ABS(2,SG);ERG(1,EXCL,PL)	mʌbɛːʦi
bɛnt	V;PRS;NEG;TR;ABS(2,SG);ERG(3,SG)	mubɛːʦi
bɛnt	V;PRS;NEG;TR;ABS(3,SG);ERG(1,INCL,DU)	mubɛːʦi
bɛnt	V;PRS;POS;TR;ABS(3,SG);ERG(1,SG)	bɛːʦi
bɛnt	V;PRS;POS;TR;ABS(3,SG);ERG(2,SG,FORM)	bɛːʦi
bɛnt	V;PST;NEG;TR;ABS(3,DU);ERG(2,DU)	mubɛːʦiwi
bɛnt	V;PST;NEG;TR;ABS(3,SG);ERG(1,INCL,DU)	mubɛːʦiwi
bɛnt	V;PST;NEG;TR;ABS(3,SG);ERG(2,SG,FORM)	mʌbɛːswɛ
bɛnt	V;PST;POS;TR;ABS(1,EXCL,DU);ERG(2,PL)	bɛːʦiti
bɛnt	V;PST;POS;TR;ABS(1,INCL,DU);ERG(3,SG)	bɛːsti
bɛnt	V;PST;POS;TR;ABS(1,INCL,PL);ERG(3,DU)	bɛːʦiti
bɛnt	V;PST;POS;TR;ABS(2,PL);ERG(1,EXCL,PL)	ʔibɛːstɛnu
bɛnt	V;PST;POS;TR;ABS(3,SG);ERG(1,INCL,PL)	bɛːsti
bʰlept	V;IMP;NEG;TR;ABS(2,SG);ERG(1,EXCL,PL)	mʌbʰlepwʌkʌ
bʰlept	V;IMP;NEG;TR;ABS(2,SG);ERG(3,DU)	mʌbʰlepi
bʰlept	V;PRS;NEG;TR;ABS(2,PL);ERG(3,PL)	mʌbʰlepi
bʰlept	V;PRS;NEG;TR;ABS(3,DU);ERG(1,EXCL,PL)	mʌbʰlepi
bʰlept	V;PRS;NEG;TR;ABS(3,PL);ERG(3,PL)	mʌbʰlepi
bʰlept	V;PRS;NEG;TR;ABS(3,SG);ERG(2,DU)	mʌbʰlepi
bʰlept	V;PRS;POS;TR;ABS(1,EXCL,DU);ERG(2,SG,FORM)	ʔibʰlepi
bʰlept	V;PRS;POS;TR;ABS(1,EXCL,DU);ERG(3,DU)	ʔibʰlepi
bʰlept	V;PRS;POS;TR;ABS(2,DU);ERG(3,PL)	ʔibʰlepi
bʰlept	V;PRS;POS;TR;ABS(3,DU);ERG(1,EXCL,DU)	ʔibʰlepi
bʰlept	V;PRS;POS;TR;ABS(3,PL);ERG(1,INCL,DU)	ʔibʰlepi
bʰlept	V;PST;NEG;TR;ABS(1,EXCL,DU);ERG(3,SG)	mʌbʰlepwɛnu
bʰlept	V;PST;NEG;TR;ABS(2,PL);ERG(3,PL)	mʌbʰlepwɛnu
bʰlept	V;PST;NEG;TR;ABS(3,DU);ERG(1,EXCL,PL)	mʌbʰlepwɛnu
bʰlept	V;PST;NEG;TR;ABS(3,PL);ERG(1,INCL,PL)	mʌbʰlepwɛnu
bʰlept	V;PST;POS;TR;ABS(1,EXCL,PL);ERG(2,DU)	bʰlepwɛnu
bʰlept	V;PST;POS;TR;ABS(1,EXCL,PL);ERG(3,PL)	ʔibʰlepwɛnu
bʰlept	V;PST;POS;TR;ABS(1,SG);ERG(3,SG)	ʔibʰlepwɛnu
bʰlept	V;PST;POS;TR;ABS(2,PL);ERG(3,SG)	ʔibʰlepwɛnu
bʰlept	V;PST;POS;TR;ABS(2,SG);ERG(3,PL)	ʔibʰlepwɛnu
deŋt	V;IMP;POS;TR;ABS(2,DU);ERG(1,EXCL,DU)	ʔideŋti
deŋt	V;PRS;NEG;TR;ABS(1,EXCL,DU);ERG(2,SG,FORM)	mʌdeŋi
deŋt	V;PRS;NEG;TR;ABS(2,PL);ERG(1,EXCL,DU)	mʌdeŋi
deŋt	V;PRS;NEG;TR;ABS(3,SG);ERG(1,SG)	mʌdeŋi
deŋt	V;PRS;POS;TR;ABS(1,EXCL,DU);ERG(3,SG)	ʔideŋti
deŋt	V;PRS;POS;TR;ABS(1,EXCL,PL);ERG(2,PL)	ʔideŋti
deŋt	V;PRS;POS;TR;ABS(1,EXCL,PL);ERG(3,SG)	ʔideŋti
deŋt	V;PRS;POS;TR;ABS(1,SG);ERG(2,SG,FORM)	ʔideŋti
deŋt	V;PRS;POS;TR;ABS(2,SG);ERG(1,SG)	ʔideŋti
deŋt	V;PRS;POS;TR;ABS(3,PL);ERG(2,DU)	ʔideŋti
deŋt	V;PRS;POS;TR;ABS(3,SG);ERG(1,INCL,DU)	ʔideŋti
deŋt	V;PRS;POS;TR;ABS(3,SG);ERG(3,PL)	ʔideŋti
deŋt	V;PST;NEG;TR;ABS(3,DU);ERG(1,EXCL,PL)	mʌdeŋiwi
deŋt	V;PST;NEG;TR;ABS(3,PL);ERG(1,INCL,DU)	mʌdeŋiwi
deŋt	V;PST;NEG;TR;ABS(3,SG);ERG(3,DU)	mʌdeŋiwi
deŋt	V;PST;POS;TR;ABS(1,EXCL,DU);ERG(3,PL)	ʔideŋtiki
deŋt	V;PST;POS;TR;ABS(3,DU);ERG(2,PL)	ʔideŋtiki
deŋt	V;PST;POS;TR;ABS(3,PL);ERG(1,EXCL,DU)	ʔideŋtiki
deŋt	V;PST;POS;TR;ABS(3,PL);ERG(3,PL)	ʔideŋti
deŋt	V;PST;POS;TR;ABS(3,SG);ERG(1,EXCL,PL)	ʔideŋtiki
duŋt	V;IMP;POS;TR;ABS(2,DU);ERG(1,SG)	ʔidʌŋi
duŋt	V;PRS;NEG;TR;ABS(3,DU);ERG(1,EXCL,PL)	mʌdʌŋiwi
duŋt	V;PRS;NEG;TR;ABS(3,PL);ERG(2,PL)	mʌdʌŋiwi
duŋt	V;PRS;NEG;TR;ABS(3,PL);ERG(3,DU)	mʌdʌŋiwi
duŋt	V;PRS;NEG;TR;ABS(3,SG);ERG(2,SG,FORM)	mʌdʌŋi
duŋt	V;PRS;POS;TR;ABS(1,EXCL,DU);ERG(3,PL)	ʔidʌŋʌsu
duŋt	V;PRS;POS;TR;ABS(1,EXCL,PL);ERG(2,DU)	ʔidʌŋʌsu
duŋt	V;PRS;POS;TR;ABS(1,INCL,DU);ERG(3,DU)	ʔidʌŋi
duŋt	V;PRS;POS;TR;ABS(2,DU);ERG(1,SG)	ʔidʌŋi
duŋt	V;PRS;POS;TR;ABS(3,DU);ERG(1,SG)	ʔidʌŋi
duŋt	V;PST;NEG;TR;ABS(1,EXCL,DU);ERG(3,PL)	mʌdʌŋiwi
duŋt	V;PST;NEG;TR;ABS(1,SG);ERG(2,DU)	mʌdʌŋiwi
duŋt	V;PST;NEG;TR;ABS(1,SG);ERG(3,PL)	mʌdʌŋiwi
duŋt	V;PST;NEG;TR;ABS(2,PL);ERG(3,SG)	mʌdʌŋiwi
duŋt	V;PST;NEG;TR;ABS(2,SG);ERG(3,SG)	mʌdʌŋiwi
duŋt	V;PST;NEG;TR;ABS(3,DU);ERG(3,PL)	mudʉŋiwi
duŋt	V;PST;NEG;TR;ABS(3,DU);ERG(3,SG)	mudʉŋiwi
duŋt	V;PST;POS;TR;ABS(1,SG);ERG(2,DU)	ʔidʌŋiti
duŋt	V;PST;POS;TR;ABS(2,PL);ERG(3,SG)	ʔidʌŋtɛsu
duŋt	V;PST;POS;TR;ABS(3,SG);ERG(1,SG)	ʔidʌŋtɛsu
gup	V;IMP;NEG;REFL;ABS(2,DU)	mugʉpi
gup	V;IMP;NEG;TR;ABS(2,DU);ERG(1,EXCL,DU)	mʌgʉpiwi
gup	V;IMP;POS;TR;ABS(2,DU);ERG(3,SG)	ʔigʉpi
gup	V;PRS;NEG;REFL;ABS(2,PL)	mʌgʉpi
gup	V;PRS;NEG;REFL;ABS(3,DU)	mʌgʉpi
gup	V;PRS;NEG;TR;ABS(1,EXCL,DU);ERG(2,SG,FORM)	mʌgʉpi
gup	V;PRS;NEG;TR;ABS(3,PL);ERG(2,DU)	mʌgʉpi
gup	V;PRS;NEG;TR;ABS(3,PL);ERG(3,PL)	mʌgʉpi
gup	V;PRS;POS;TR;ABS(2,PL);ERG(1,EXCL,PL)	ʔigʉpi
gup	V;PRS;POS;TR;ABS(3,DU);ERG(1,EXCL,DU)	ʔigʉpi
gup	V;PST;NEG;REFL;ABS(2,SG)	mʌgʉpwɛnu
gup	V;PST;NEG;TR;ABS(1,EXCL,PL);ERG(3,DU)	mʌgʉpwɛnu
gup	V;PST;NEG;TR;ABS(2,PL);ERG(1,EXCL,PL)	mʌgʉpwɛnu
gup	V;PST;NEG;TR;ABS(2,SG);ERG(1,EXCL,PL)	mʌgʉpwɛnu
gup	V;PST;NEG;TR;ABS(3,DU);ERG(1,INCL,PL)	mʌgʉpwɛnu
gup	V;PST;POS;REFL;ABS(1,SG)	gʉptʌkʌ
gup	V;PST;POS;TR;ABS(1,SG);ERG(3,DU)	ʔigʉptʌkʌ
gup	V;PST;POS;TR;ABS(3,DU);ERG(3,DU)	ʔigʉptʌkʌ
gup	V;PST;POS;TR;ABS(3,SG);ERG(2,DU)	ʔigʉptʌkʌ
gup	V;PST;POS;TR;ABS(3,SG);ERG(3,SG)	ʔigʉptʌkʌ
gʰlaŋ	V;IMP;NEG;INTR;ABS(2,PL)	mugʰlaŋi
gʰlaŋ	V;IMP;POS;INTR;ABS(2,DU)	gʰlaŋi
gʰlaŋ	V;IMP;POS;INTR;ABS(2,SG)	gʰlaŋi
gʰlaŋ	V;NFIN;POS;INTR	gʰlaŋi
gʰlaŋ	V;PRS;NEG;INTR;ABS(3,DU)	mugʰlaŋi
gʰlaŋ	V;PRS;NEG;INTR;ABS(3,PL)	mʌgʰlaŋi
gʰlaŋ	V;PRS;NEG;INTR;ABS(3,SG)	mugʰlaŋi
gʰlaŋ	V;PRS;POS;INTR;ABS(1,EXCL,PL)	gʰlaŋi
gʰlaŋ	V;PRS;POS;INTR;ABS(1,SG)	gʰlaŋi
gʰlaŋ	V;PRS;POS;INTR;ABS(2,DU)	ʔigʰlaŋi
gʰlaŋ	V;PRS;POS;INTR;ABS(2,SG)	gʰlaŋi
gʰlaŋ	V;PRS;POS;INTR;ABS(3,PL)	ʔigʰlaŋi
gʰlaŋ	V;PST;NEG;INTR;ABS(1,EXCL,PL)	mugʰlaŋwʌkʌ
gʰlaŋ	V;PST;NEG;INTR;ABS(1,INCL,PL)	mugʰlaŋwʌkʌ
gʰlaŋ	V;PST;NEG;INTR;ABS(1,SG)	mugʰlaŋwɛnu
gʰlaŋ	V;PST;NEG;INTR;ABS(2,PL)	mugʰlaŋwɛnu
gʰlaŋ	V;PST;POS;INTR;ABS(1,EXCL,DU)	gʰlaŋtʌkʌ
gʰlaŋ	V;PST;POS;INTR;ABS(1,INCL,PL)	gʰlaŋtʌkʌ
gʰlaŋ	V;PST;POS;INTR;ABS(2,DU)	gʰlaŋtʌkʌ
gʰlaŋ	V;PST;POS;INTR;ABS(3,DU)	gʰlaŋtʌkʌ
gʰum	V;IMP;POS;TR;ABS(2,DU);ERG(1,EXCL,DU)	ʔigʰʉmi
gʰum	V;PRS;NEG;TR;ABS(1,EXCL,DU);ERG(3,DU)	mʌgʰʉmi
gʰum	V;PRS;NEG;TR;ABS(1,INCL,PL);ERG(3,PL)	mʌgʰʉmi
gʰum	V;PRS;NEG;TR;ABS(2,DU);ERG(1,SG)	mʌgʰʉmi
gʰum	V;PRS;NEG;TR;ABS(2,SG);ERG(1,EXCL,PL)	mʌgʰʉmi
gʰum	V;PRS;NEG;TR;ABS(3,DU);ERG(3,PL)	mʌgʰʉmi
gʰum	V;PRS;NEG;TR;ABS(3,PL);ERG(2,DU)	mʌgʰʉmi
gʰum	V;PRS;POS;TR;ABS(1,EXCL,PL);ERG(2,SG,FORM)	ʔigʰʉmi
gʰum	V;PRS;POS;TR;ABS(1,EXCL,PL);ERG(3,SG)	ʔigʰʉmi
gʰum	V;PRS;POS;TR;ABS(2,DU);ERG(3,DU)	ʔigʰʉmi
gʰum	V;PRS;POS;TR;ABS(3,PL);ERG(1,INCL,PL)	ʔigʰʉmi
gʰum	V;PRS;POS;TR;ABS(3,SG);ERG(1,INCL,PL)	ʔigʰʉmi
gʰum	V;PRS;POS;TR;ABS(3,SG);ERG(2,PL)	ʔigʰʉmi
gʰum	V;PST;NEG;TR;ABS(1,INCL,DU);ERG(3,SG)	mʌgʰʉmiwi
gʰum	V;PST;NEG;TR;ABS(2,PL);ERG(1,EXCL,DU)	mʌgʰʉmiwi
gʰum	V;PST;NEG;TR;ABS(3,SG);ERG(2,PL)	mʌgʰʉmiwi
gʰum	V;PST;POS;TR;ABS(1,SG);ERG(2,DU)	ʔigʰʉmiwi
gʰum	V;PST;POS;TR;ABS(3,PL);ERG(1,EXCL,PL)	ʔigʰʉmiti
gʰum	V;PST;POS;TR;ABS(3,SG);ERG(1,INCL,PL)	ʔigʰʉmiti
gʰum	V;PST;POS;TR;ABS(3,SG);ERG(2,SG,FORM)	ʔigʰʉmiti
jokt	V;IMP;NEG;TR;ABS(2,PL);ERG(3,PL)	mujoktʌkʌ
jokt	V;IMP;NEG;TR;ABS(2,SG);ERG(1,EXCL,DU)	mʌjokki
jokt	V;IMP;POS;TR;ABS(2,SG);ERG(1,EXCL,PL)	ʔijoktʌkʌ
jokt	V;NFIN;POS;TR	jokti
jokt	V;PRS;NEG;TR;ABS(1,EXCL,DU);ERG(2,DU)	mʌjokki
jokt	V;PRS;NEG;TR;ABS(1,INCL,DU);ERG(3,PL)	mʌjokki
jokt	V;PRS;NEG;TR;ABS(1,INCL,DU);ERG(3,SG)	mʌjokki
jokt	V;PRS;NEG;TR;ABS(1,SG);ERG(3,DU)	mʌjokkʌ
jokt	V;PRS;NEG;TR;ABS(2,SG);ERG(3,DU)	mʌjokkʌ
jokt	V;PRS;NEG;TR;ABS(3,DU);ERG(3,PL)	mʌjokki
jokt	V;PRS;NEG;TR;ABS(3,PL);ERG(2,SG,FORM)	mʌjokki
jokt	V;PRS;POS;TR;ABS(2,PL);ERG(1,EXCL,PL)	ʔijoktʌkʌ
jokt	V;PRS;POS;TR;ABS(2,SG);ERG(3,DU)	ʔijoktʌkʌ
jokt	V;PRS;POS;TR;ABS(3,DU);ERG(2,SG,FORM)	ʔijoktʌ
jokt	V;PRS;POS;TR;ABS(3,PL);ERG(1,EXCL,DU)	ʔijoktʌkʌ
jokt	V;PRS;POS;TR;ABS(3,SG);ERG(1,INCL,DU)	ʔijoktʌkʌ
jokt	V;PST;NEG;TR;ABS(1,EXCL,PL);ERG(2,DU)	mʌjokwɛnu
jokt	V;PST;NEG;TR;ABS(3,SG);ERG(1,EXCL,PL)	mʌjokwʌkʌ
jokt	V;PST;POS;TR;ABS(1,EXCL,PL);ERG(3,SG)	ʔijoktʌkʌ
jokt	V;PST;POS;TR;ABS(2,PL);ERG(3,SG)	ʔijoktʌkʌ
kik	V;PRS;NEG;REFL;ABS(3,PL)	mʌkiki
kik	V;PRS;NEG;TR;ABS(1,EXCL,PL);ERG(3,DU)	mʌkiki
kik	V;PRS;NEG;TR;ABS(2,PL);ERG(1,EXCL,DU)	mʌkiki
kik	V;PRS;NEG;TR;ABS(2,SG);ERG(3,SG)	mʌkiki
kik	V;PRS;NEG;TR;ABS(3,SG);ERG(2,PL)	mʌkiki
kik	V;PRS;NEG;TR;ABS(3,SG);ERG(3,PL)	mʌkiki
kik	V;PRS;POS;TR;ABS(1,EXCL,DU);ERG(3,DU)	ʔikiki
kik	V;PRS;POS;TR;ABS(1,EXCL,PL);ERG(2,PL)	ʔikiki
kik	V;PRS;POS;TR;ABS(3,PL);ERG(2,DU)	ʔikiki
kik	V;PST;NEG;REFL;ABS(2,PL)	mukikiki
kik	V;PST;NEG;TR;ABS(1,SG);ERG(2,DU)	mukikwʌkʌ
kik	V;PST;NEG;TR;ABS(1,SG);ERG(3,DU)	mʌkikwʌkʌ
kik	V;PST;NEG;TR;ABS(2,SG);ERG(1,EXCL,PL)	mʌkikwʌkʌ
kik	V;PST;POS;TR;ABS(1,EXCL,DU);ERG(2,PL)	ʔikiki
kik	V;PST;POS;TR;ABS(1,EXCL,PL);ERG(2,PL)	ʔikiktʌkʌ
kik	V;PST;POS;TR;ABS(1,INCL,DU);ERG(3,DU)	ʔikiki
kik	V;PST;POS;TR;ABS(1,SG);ERG(3,DU)	ʔikiki
kik	V;PST;POS;TR;ABS(2,SG);ERG(1,EXCL,DU)	ʔikiki
kik	V;PST;POS;TR;ABS(3,DU);ERG(3,SG)	ʔikiki
kik	V;PST;POS;TR;ABS(3,SG);ERG(3,PL)	ʔikiki
kopt	V;IMP;NEG;TR;ABS(2,SG);ERG(1,EXCL,DU)	mʌkopwɛnu
kopt	V;IMP;NEG;TR;ABS(2,SG);ERG(1,EXCL,PL)	mʌkopwɛnu
kopt	V;IMP;POS;TR;ABS(2,PL);ERG(1,EXCL,DU)	ʔikopti
kopt	V;IMP;POS;TR;ABS(2,SG);ERG(1,SG)	ʔikopti
kopt	V;IMP;POS;TR;ABS(2,SG);ERG(3,DU)	ʔikopti
kopt	V;PRS;NEG;TR;ABS(1,EXCL,DU);ERG(3,DU)	mʌkopwɛnu
kopt	V;PRS;NEG;TR;ABS(1,EXCL,PL);ERG(2,SG,FORM)	mʌkopwɛnu
kopt	V;PRS;NEG;TR;ABS(1,INCL,PL);ERG(3,DU)	mʌkopwɛnu
kopt	V;PRS;POS;TR;ABS(1,EXCL,DU);ERG(2,PL)	ʔikoptʌkʌ
kopt	V;PRS;POS;TR;ABS(1,EXCL,DU);ERG(2,SG,FORM)	ʔikopti
kopt	V;PRS;POS;TR;ABS(1,EXCL,PL);ERG(3,DU)	ʔikopti
kopt	V;PRS;POS;TR;ABS(1,INCL,DU);ERG(3,SG)	ʔikopti
kopt	V;PRS;POS;TR;ABS(1,SG);ERG(2,PL)	ʔikoptʌkʌ
kopt	V;PRS;POS;TR;ABS(1,SG);ERG(3,SG)	ʔikopti
kopt	V;PST;NEG;TR;ABS(1,SG);ERG(2,PL)	mʌkopwɛnu
kopt	V;PST;NEG;TR;ABS(2,SG);ERG(1,EXCL,DU)	mʌkopwɛnu
kopt	V;PST;POS;TR;ABS(1,EXCL,PL);ERG(3,DU)	ʔikoptʌkʌ
kopt	V;PST;POS;TR;ABS(1,SG);ERG(3,SG)	ʔikopti
kopt	V;PST;POS;TR;ABS(2,DU);ERG(3,SG)	ʔikoptʌkʌ
kopt	V;PST;POS;TR;ABS(3,DU);ERG(2,SG,FORM)	ʔikoptʌkʌ
kott	V;IMP;NEG;TR;ABS(2,DU);ERG(1,EXCL,PL)	mʌkoɔçkʌ
kott	V;PRS;NEG;TR;ABS(1,INCL,PL);ERG(3,SG)	mʌkoɔçkʌ
kott	V;PRS;NEG;TR;ABS(3,SG);ERG(3,SG)	mʌkosi
kott	V;PRS;POS;TR;ABS(1,EXCL,DU);ERG(2,PL)	ʔikottʌkʌ
kott	V;PRS;POS;TR;ABS(1,EXCL,PL);ERG(3,DU)	ʔikotti
kott	V;PRS;POS;TR;ABS(2,SG);ERG(1,SG)	ʔikott
kott	V;PRS;POS;TR;ABS(3,PL);ERG(3,DU)	ʔikotti
kott	V;PRS;POS;TR;ABS(3,SG);ERG(3,PL)	ʔikotti
kott	V;PST;NEG;TR;ABS(1,EXCL,DU);ERG(2,DU)	mʌkotwiki
kott	V;PST;NEG;TR;ABS(1,EXCL,DU);ERG(3,DU)	mʌkotwiki
kott	V;PST;NEG;TR;ABS(2,DU);ERG(1,EXCL,PL)	mʌkotwiki
kott	V;PST;NEG;TR;ABS(2,SG);ERG(1,EXCL,PL)	mʌkotwiki
kott	V;PST;NEG;TR;ABS(3,DU);ERG(2,DU)	mʌkotwʌkʌ
kott	V;PST;NEG;TR;ABS(3,SG);ERG(2,DU)	mʌkɵ̂nwɛnu
kott	V;PST;POS;TR;ABS(1,EXCL,DU);ERG(2,SG,FORM)	ʔikottʌkʌ
kott	V;PST;POS;TR;ABS(1,EXCL,PL);ERG(2,DU)	ʔikottʌkʌ
kott	V;PST;POS;TR;ABS(1,INCL,DU);ERG(3,SG)	ʔikotti
kott	V;PST;POS;TR;ABS(1,SG);ERG(2,PL)	ʔikottʌkʌ
kott	V;PST;POS;TR;ABS(2,DU);ERG(1,EXCL,DU)	ʔikotti
kott	V;PST;POS;TR;ABS(3,SG);ERG(1,EXCL,DU)	ʔikottʌkʌ
kʰe	V;PRS;NEG;TR;ABS(1,INCL,DU);ERG(3,SG)	mʌkʰe
kʰe	V;PRS;NEG;TR;ABS(2,PL);ERG(3,PL)	mʌkʰe
kʰe	V;PRS;NEG;TR;ABS(2,SG);ERG(3,DU)	mʌkʰe
kʰe	V;PRS;NEG;TR;ABS(3,DU);ERG(1,INCL,DU)	mʌkʰe
kʰe	V;PRS;NEG;TR;ABS(3,DU);ERG(3,PL)	mʌkʰe
kʰe	V;PRS;NEG;TR;ABS(3,PL);ERG(1,INCL,PL)	mʌkʰe
kʰe	V;PRS;POS;TR;ABS(1,EXCL,DU);ERG(2,DU)	ʔikʰe
kʰe	V;PRS;POS;TR;ABS(1,INCL,DU);ERG(3,SG)	ʔikʰe
kʰe	V;PRS;POS;TR;ABS(3,PL);ERG(1,SG)	ʔikʰe
kʰe	V;PRS;POS;TR;ABS(3,SG);ERG(3,SG)	ʔikʰe
kʰe	V;PST;NEG;TR;ABS(2,DU);ERG(1,EXCL,PL)	mʌkʰewʌkʰe
kʰe	V;PST;NEG;TR;ABS(3,PL);ERG(1,INCL,PL)	mʌkʰetiki
kʰe	V;PST;NEG;TR;ABS(3,SG);ERG(3,SG)	mʌkʰe
kʰe	V;PST;POS;INTR;ABS(2,SG)	ʔikʰe
kʰe	V;PST;POS;TR;ABS(1,EXCL,PL);ERG(2,PL)	ʔikʰetiki
kʰe	V;PST;POS;TR;ABS(1,EXCL,PL);ERG(3,PL)	ʔikʰetiki
kʰe	V;PST;POS;TR;ABS(1,INCL,PL);ERG(3,PL)	ʔikʰetiki
kʰe	V;PST;POS;TR;ABS(1,SG);ERG(3,DU)	ʔikʰe
kʰe	V;PST;POS;TR;ABS(2,PL);ERG(3,DU)	ʔikʰetʌkʰe
kʰe	V;PST;POS;TR;ABS(3,SG);ERG(1,EXCL,DU)	ʔikʰe
kʰipt	V;IMP;NEG;TR;ABS(2,SG);ERG(1,EXCL,DU)	mʌkʰipi
kʰipt	V;IMP;NEG;TR;ABS(2,SG);ERG(3,PL)	mʌkʰipi
kʰipt	V;PRS;NEG;TR;ABS(1,EXCL,PL);ERG(2,DU)	mʌkʰipi
kʰipt	V;PRS;NEG;TR;ABS(2,PL);ERG(3,SG)	mʌkʰipi
kʰipt	V;PRS;NEG;TR;ABS(2,SG);ERG(3,DU)	mʌkʰipi
kʰipt	V;PRS;NEG;TR;ABS(2,SG);ERG(3,PL)	mʌkʰipi
kʰipt	V;PRS;NEG;TR;ABS(3,PL);ERG(1,EXCL,PL)	mʌkʰipi
kʰipt	V;PRS;NEG;TR;ABS(3,SG);ERG(1,SG)	mʌkʰipi
kʰipt	V;PRS;POS;TR;ABS(1,EXCL,DU);ERG(3,DU)	ʔikʰipi
kʰipt	V;PRS;POS;TR;ABS(1,INCL,DU);ERG(3,DU)	ʔikʰipi
kʰipt	V;PRS;POS;TR;ABS(2,DU);ERG(1,EXCL,PL)	ʔikʰipi
kʰipt	V;PRS;POS;TR;ABS(2,PL);ERG(3,SG)	ʔikʰipi
kʰipt	V;PRS;POS;TR;ABS(3,DU);ERG(1,INCL,PL)	ʔikʰipi
kʰipt	V;PRS;POS;TR;ABS(3,SG);ERG(1,SG)	ʔikʰipi
kʰipt	V;PRS;POS;TR;ABS(3,SG);ERG(2,DU)	ʔikʰipi
kʰipt	V;PST;NEG;TR;ABS(1,EXCL,DU);ERG(2,SG,FORM)	mʌkʰipwɛnu
kʰipt	V;PST;NEG;TR;ABS(3,SG);ERG(2,PL)	mʌkʰipwɛnu
kʰipt	V;PST;POS;TR;ABS(3,DU);ERG(2,DU)	ʔikʰipwɛnu
kʰipt	V;PST;POS;TR;ABS(3,PL);ERG(1,EXCL,PL)	ʔikʰipwɛnu
kʰipt	V;PST;POS;TR;ABS(3,PL);ERG(3,DU)	ʔikʰipwɛnu
kʰok	V;IMP;NEG;TR;ABS(2,DU);ERG(1,SG)	mʌkʰokkʌ
kʰok	V;PRS;NEG;TR;ABS(1,EXCL,PL);ERG(3,PL)	mʌkʰokkʌ
kʰok	V;PRS;NEG;TR;ABS(2,PL);ERG(3,SG)	mʌkʰokkʌ
kʰok	V;PRS;NEG;TR;ABS(3,SG);ERG(1,EXCL,PL)	mʌkʰokkʌ
kʰok	V;PRS;POS;TR;ABS(1,EXCL,DU);ERG(3,SG)	ʔikʰokkʌ
kʰok	V;PRS;POS;TR;ABS(1,INCL,PL);ERG(3,PL)	ʔikʰokkʌ
kʰok	V;PRS;POS;TR;ABS(2,DU);ERG(3,DU)	ʔikʰokkʌ
kʰok	V;PRS;POS;TR;ABS(3,DU);ERG(2,SG,FORM)	ʔikʰokkʌ
kʰok	V;PRS;POS;TR;ABS(3,DU);ERG(3,PL)	ʔikʰokkʌ
kʰok	V;PRS;POS;TR;ABS(3,PL);ERG(2,PL)	ʔikʰokkʌ
kʰok	V;PST;NEG;TR;ABS(1,EXCL,DU);ERG(3,DU)	mʌkʰokwɛnu
kʰok	V;PST;NEG;TR;ABS(1,EXCL,DU);ERG(3,PL)	mʌkʰokwɛnu
kʰok	V;PST;NEG;TR;ABS(2,SG);ERG(1,EXCL,DU)	mʌkʰokwɛnu
kʰok	V;PST;NEG;TR;ABS(3,PL);ERG(3,SG)	mʌkʰokwɛnu
kʰok	V;PST;NEG;TR;ABS(3,SG);ERG(2,SG,FORM)	mʌkʰokwɛnu
kʰok	V;PST;POS;TR;ABS(1,INCL,PL);ERG(3,SG)	ʔikʰokwɛnu
kʰok	V;PST;POS;TR;ABS(1,SG);ERG(3,PL)	ʔikʰoktʌkʌ
kʰok	V;PST;POS;TR;ABS(2,DU);ERG(3,PL)	ʔikʰokwʌkʌ
kʰok	V;PST;POS;TR;ABS(3,DU);ERG(1,INCL,DU)	ʔikʰoktʌkʌ
kʰok	V;PST;POS;TR;ABS(3,DU);ERG(2,SG,FORM)	ʔikʰoktʌkʌ
kʰop	V;IMP;NEG;REFL;ABS(2,PL)	mʌkʰoɔpkʌ
kʰop	V;IMP;POS;TR;ABS(2,DU);ERG(3,PL)	ʔikʰopkʌ
kʰop	V;IMP;POS;TR;ABS(2,PL);ERG(1,EXCL,DU)	ʔikʰopkʌ
kʰop	V;IMP;POS;TR;ABS(2,PL);ERG(3,PL)	ʔikʰopkʌ
kʰop	V;PRS;NEG;REFL;ABS(2,DU)	mʌkʰoɔpkʌ
kʰop	V;PRS;NEG;TR;ABS(1,SG);ERG(3,DU)	mʌkʰoɔpkʌ
kʰop	V;PRS;NEG;TR;ABS(2,SG);ERG(3,SG)	mʌkʰoɔpkʌ
kʰop	V;PRS;NEG;TR;ABS(3,DU);ERG(1,INCL,DU)	mʌkʰoɔpkʌ
kʰop	V;PRS;NEG;TR;ABS(3,SG);ERG(3,DU)	mʌkʰoɔpkʌ
kʰop	V;PRS;POS;REFL;ABS(1,INCL,DU)	ʔikʰop
kʰop	V;PRS;POS;TR;ABS(1,INCL,PL);ERG(3,SG)	ʔikʰopkʌ
kʰop	V;PRS;POS;TR;ABS(2,DU);ERG(3,DU)	ʔikʰopkʌ
kʰop	V;PRS;POS;TR;ABS(2,SG);ERG(3,PL)	ʔikʰopkʌ
kʰop	V;PRS;POS;TR;ABS(2,SG);ERG(3,SG)	ʔikʰop
kʰop	V;PRS;POS;TR;ABS(3,PL);ERG(3,SG)	ʔikʰopkʌ
kʰop	V;PST;NEG;TR;ABS(3,PL);ERG(3,PL)	mʌkʰɵpwɛnu
kʰop	V;PST;NEG;TR;ABS(3,SG);ERG(2,PL)	mʌkʰoɔpwɛnu
kʰop	V;PST;POS;TR;ABS(2,SG);ERG(3,SG)	ʔikʰoptʌkʰopwɛnu
kʰop	V;PST;POS;TR;ABS(3,PL);ERG(1,INCL,DU)	ʔikʰopwɛnu
kʰop	V;PST;POS;TR;ABS(3,SG);ERG(2,PL)	ʔikʰopwɛnu
kʰoŋt	V;IMP;NEG;TR;ABS(2,PL);ERG(1,SG)	mʌkʰoŋkʌ
kʰoŋt	V;IMP;POS;TR;ABS(2,DU);ERG(3,SG)	ʔikʰoŋti
kʰoŋt	V;PRS;NEG;TR;ABS(1,EXCL,DU);ERG(2,PL)	mʌkʰoŋkʌ
kʰoŋt	V;PRS;NEG;TR;ABS(1,EXCL,PL);ERG(3,SG)	mʌkʰoŋkʌ
kʰoŋt	V;PRS;NEG;TR;ABS(1,SG);ERG(2,SG,FORM)	mʌkʰoŋkʌ
kʰoŋt	V;PRS;NEG;TR;ABS(1,SG);ERG(3,SG)	mʌkʰoŋkʌ
kʰoŋt	V;PRS;NEG;TR;ABS(2,PL);ERG(1,EXCL,PL)	mʌkʰoŋkʌ
kʰoŋt	V;PRS;NEG;TR;ABS(2,SG);ERG(1,EXCL,PL)	mʌkʰoŋkʌ
kʰoŋt	V;PRS;NEG;TR;ABS(3,DU);ERG(1,EXCL,DU)	mʌkʰoŋkʌ
kʰoŋt	V;PRS;POS;TR;ABS(3,DU);ERG(1,EXCL,PL)	ʔikʰoŋti
kʰoŋt	V;PRS;POS;TR;ABS(3,DU);ERG(1,INCL,DU)	ʔikʰoŋti
kʰoŋt	V;PST;NEG;TR;ABS(2,DU);ERG(1,EXCL,PL)	mʌkʰoŋwʌkʌ
kʰoŋt	V;PST;NEG;TR;ABS(2,PL);ERG(3,SG)	mʌkʰoŋwɛnu
kʰoŋt	V;PST;NEG;TR;ABS(2,SG);ERG(1,EXCL,DU)	mʌkʰoŋwɛnu
kʰoŋt	V;PST;NEG;TR;ABS(3,PL);ERG(1,INCL,PL)	mʌkʰoŋwɛnu
kʰoŋt	V;PST;NEG;TR;ABS(3,SG);ERG(1,SG)	mʌkʰoŋwɛnu
kʰoŋt	V;PST;POS;TR;ABS(1,SG);ERG(3,PL)	ʔikʰoŋtɛnu
kʰoŋt	V;PST;POS;TR;ABS(1,SG);ERG(3,SG)	ʔikʰoŋti
kʰoŋt	V;PST;POS;TR;ABS(3,DU);ERG(1,EXCL,DU)	ʔikʰoŋti
kʰoŋt	V;PST;POS;TR;ABS(3,SG);ERG(1,INCL,PL)	ʔikʰoŋti
kʰunt	V;IMP;NEG;REFL;ABS(2,PL)	mʌkʰʌni
kʰunt	V;IMP;POS;TR;ABS(2,DU);ERG(1,EXCL,DU)	ʔikʰʌjki
kʰunt	V;PRS;NEG;TR;ABS(1,INCL,PL);ERG(3,PL)	mʌkʰʌjki
kʰunt	V;PRS;NEG;TR;ABS(2,PL);ERG(1,SG)	mʌkʰʉ̂ːswɛnu
kʰunt	V;PRS;NEG;TR;ABS(3,PL);ERG(1,INCL,DU)	mʌkʰʌjki
kʰunt	V;PRS;POS;TR;ABS(1,EXCL,DU);ERG(3,DU)	ʔikʰʌjki
kʰunt	V;PRS;POS;TR;ABS(1,EXCL,PL);ERG(2,PL)	ʔikʰʌjki
kʰunt	V;PRS;POS;TR;ABS(1,EXCL,PL);ERG(2,SG,FORM)	ʔikʰʌjki
kʰunt	V;PRS;POS;TR;ABS(2,PL);ERG(3,PL)	ʔikʰʌni
kʰunt	V;PRS;POS;TR;ABS(2,SG);ERG(1,SG)	ʔikʰʌni
kʰunt	V;PST;NEG;REFL;ABS(2,SG)	mʌkʰʌjwiki
kʰunt	V;PST;NEG;TR;ABS(1,EXCL,PL);ERG(2,DU)	mʌkʰʌjwiki
kʰunt	V;PST;NEG;TR;ABS(1,SG);ERG(3,SG)	mʌkʰʌjwiki
kʰunt	V;PST;NEG;TR;ABS(2,PL);ERG(3,DU)	mʌkʰʌjwiki
kʰunt	V;PST;NEG;TR;ABS(2,PL);ERG(3,PL)	mʌkʰʌjwiki
kʰunt	V;PST;NEG;TR;ABS(3,PL);ERG(1,SG)	mʌkʰʌjwiki
kʰunt	V;PST;NEG;TR;ABS(3,SG);ERG(3,DU)	mʌkʰʌjwiki
kʰunt	V;PST;POS;REFL;ABS(1,EXCL,PL)	ʔikʰʌjtiki
kʰunt	V;PST;POS;TR;ABS(1,INCL,PL);ERG(3,DU)	ʔikʰʌjwiki
kʰunt	V;PST;POS;TR;ABS(3,PL);ERG(1,SG)	ʔikʰʌjwiki
kʰɛl	V;IMP;NEG;TR;ABS(2,DU);ERG(1,EXCL,DU)	mʌkʰɛlkʌ
kʰɛl	V;IMP;POS;TR;ABS(2,PL);ERG(1,EXCL,PL)	ʔikʰɛlkʌ
kʰɛl	V;PRS;NEG;TR;ABS(1,EXCL,PL);ERG(2,DU)	mʌkʰɛlkʌ
kʰɛl	V;PRS;NEG;TR;ABS(2,SG);ERG(1,EXCL,PL)	mʌkʰɛlkʌ
kʰɛl	V;PRS;NEG;TR;ABS(3,PL);ERG(2,SG,FORM)	mʌkʰɛlkʌ
kʰɛl	V;PRS;NEG;TR;ABS(3,SG);ERG(1,SG)	mʌkʰɛlkʌ
kʰɛl	V;PRS;POS;TR;ABS(1,EXCL,DU);ERG(2,DU)	ʔikʰɛlkʌ
kʰɛl	V;PRS;POS;TR;ABS(1,EXCL,PL);ERG(2,PL)	ʔikʰɛlkʌ
kʰɛl	V;PRS;POS;TR;ABS(3,DU);ERG(2,SG,FORM)	ʔikʰɛli
kʰɛl	V;PRS;POS;TR;ABS(3,DU);ERG(3,PL)	ʔikʰɛli
kʰɛl	V;PRS;POS;TR;ABS(3,SG);ERG(3,SG)	ʔikʰɛl
kʰɛl	V;PST;NEG;TR;ABS(2,DU);ERG(1,EXCL,PL)	mʌkʰɛlwɛnu
kʰɛl	V;PST;NEG;TR;ABS(3,DU);ERG(3,PL)	mʌkʰɛlwɛnu
kʰɛl	V;PST;NEG;TR;ABS(3,PL);ERG(3,PL)	mʌkʰɛlwɛnu
kʰɛl	V;PST;POS;TR;ABS(1,INCL,DU);ERG(3,DU)	ʔikʰɛltʌkʰɛlwɛnu
kʰɛl	V;PST;POS;TR;ABS(1,INCL,DU);ERG(3,SG)	ʔikʰɛltʌkʰɛlwɛnu
kʰɛl	V;PST;POS;TR;ABS(2,PL);ERG(3,PL)	ʔikʰɛltʌkʰɛlwɛnu
kʰɛl	V;PST;POS;TR;ABS(3,PL);ERG(1,INCL,DU)	ʔikʰɛltʌkʰɛlwɛnu
kʰɛl	V;PST;POS;TR;ABS(3,PL);ERG(2,PL)	ʔikʰɛltʌkʰɛlwɛnu
kʰɛl	V;PST;POS;TR;ABS(3,SG);ERG(1,EXCL,PL)	ʔikʰɛltʌkʰɛlwɛnu
nott	V;IMP;POS;TR;ABS(2,DU);ERG(3,DU)	ʔinotti
nott	V;IMP;POS;TR;ABS(2,PL);ERG(1,EXCL,DU)	ʔinotti
nott	V;PRS;NEG;TR;ABS(2,SG);ERG(1,EXCL,PL)	mʌnoɔçkʌ
nott	V;PRS;NEG;TR;ABS(3,DU);ERG(2,DU)	mʌnɵsi
nott	V;PRS;NEG;TR;ABS(3,DU);ERG(2,SG,FORM)	mʌnɵsi
nott	V;PRS;NEG;TR;ABS(3,DU);ERG(3,SG)	mʌnɵsi
nott	V;PRS;POS;TR;ABS(1,EXCL,DU);ERG(3,SG)	ʔinotti
nott	V;PRS;POS;TR;ABS(1,SG);ERG(3,DU)	ʔinotti
nott	V;PRS;POS;TR;ABS(3,SG);ERG(1,EXCL,PL)	ʔinotti
nott	V;PRS;POS;TR;ABS(3,SG);ERG(2,SG,FORM)	ʔinotti
nott	V;PRS;POS;TR;ABS(3,SG);ERG(3,DU)	ʔinotti
nott	V;PST;NEG;TR;ABS(1,INCL,DU);ERG(3,SG)	mʌnɵsiwi
nott	V;PST;NEG;TR;ABS(3,SG);ERG(1,INCL,PL)	mʌnɵsiwi
nott	V;PST;NEG;TR;ABS(3,SG);ERG(3,DU)	mʌnɵsiwi
nott	V;PST;POS;TR;ABS(1,EXCL,DU);ERG(2,DU)	ʔinotti
nott	V;PST;POS;TR;ABS(1,EXCL,PL);ERG(3,PL)	ʔinotti
nott	V;PST;POS;TR;ABS(1,INCL,PL);ERG(3,PL)	ʔinotti
nott	V;PST;POS;TR;ABS(1,SG);ERG(2,SG,FORM)	ʔinotti
nott	V;PST;POS;TR;ABS(3,DU);ERG(1,EXCL,DU)	ʔinotti
nott	V;PST;POS;TR;ABS(3,DU);ERG(1,SG)	ʔinotti
nu	V;IMP;NEG;INTR;ABS(2,SG)	muusing
nu	V;PRS;NEG;INTR;ABS(1,EXCL,PL)	mʌnuje
nu	V;PRS;NEG;INTR;ABS(1,INCL,DU)	mʌnuje
nu	V;PRS;NEG;INTR;ABS(1,INCL,PL)	mʌnʉ̂swɛnu
nu	V;PRS;NEG;INTR;ABS(1,SG)	mʌnʉ̂ːsi
nu	V;PRS;NEG;INTR;ABS(3,PL)	ʔinu
nu	V;PRS;NEG;INTR;ABS(3,SG)	ʔinu
nu	V;PRS;POS;INTR;ABS(1,EXCL,PL)	ʔinu
nu	V;PRS;POS;INTR;ABS(1,INCL,DU)	ʔinu
nu	V;PRS;POS;INTR;ABS(2,PL)	ʔinu
nu	V;PRS;POS;INTR;ABS(3,DU)	ʔinʉ
nu	V;PRS;POS;INTR;ABS(3,SG)	ʔinu
nu	V;PST;NEG;INTR;ABS(1,EXCL,DU)	munʉsiwi
nu	V;PST;NEG;INTR;ABS(1,INCL,PL)	mʌnʉ̂ːswɛnu
nu	V;PST;NEG;INTR;ABS(2,SG)	munʉsiti
nu	V;PST;NEG;INTR;ABS(3,DU)	munʉsiti
nu	V;PST;POS;INTR;ABS(1,INCL,PL)	ʔinʉsiti
nu	V;PST;POS;INTR;ABS(3,DU)	ʔinʉ
nu	V;PST;POS;INTR;ABS(3,PL)	ʔinʉsiti
nu	V;PST;POS;INTR;ABS(3,SG)	ʔinu
nuk	V;IMP;POS;REFL;ABS(2,DU)	ʔinukkʌ
nuk	V;IMP;POS;TR;ABS(2,DU);ERG(1,EXCL,DU)	ʔinʉki
nuk	V;IMP;POS;TR;ABS(2,DU);ERG(1,SG)	ʔinʉkʌ
nuk	V;PRS;NEG;REFL;ABS(2,SG)	mʌnukkʌ
nuk	V;PRS;NEG;TR;ABS(1,EXCL,PL);ERG(3,PL)	mʌnʉki
nuk	V;PRS;POS;TR;ABS(2,DU);ERG(1,EXCL,DU)	ʔinʉki
nuk	V;PRS;POS;TR;ABS(2,PL);ERG(1,EXCL,PL)	ʔinʉki
nuk	V;PRS;POS;TR;ABS(2,SG);ERG(1,EXCL,DU)	ʔinʉki
nuk	V;PRS;POS;TR;ABS(3,DU);ERG(1,EXCL,PL)	ʔinʉki
nuk	V;PST;NEG;REFL;ABS(1,INCL,DU)	munʉkiwi
nuk	V;PST;NEG;TR;ABS(1,EXCL,DU);ERG(2,PL)	mʌnʉkiwi
nuk	V;PST;NEG;TR;ABS(1,EXCL,DU);ERG(3,PL)	mʌnʉkiwi
nuk	V;PST;NEG;TR;ABS(1,SG);ERG(3,DU)	mʌnʉkiwi
nuk	V;PST;NEG;TR;ABS(2,SG);ERG(3,PL)	mʌnʉkiwi
nuk	V;PST;NEG;TR;ABS(3,DU);ERG(1,EXCL,PL)	mʌnʉkiwi
nuk	V;PST;POS;REFL;ABS(1,EXCL,PL)	ʔinuktʌkʌ
nuk	V;PST;POS;TR;ABS(1,EXCL,DU);ERG(2,DU)	ʔinuktʌkʌ
nuk	V;PST;POS;TR;ABS(3,DU);ERG(3,PL)	ʔinuktʌkʌ
nuk	V;PST;POS;TR;ABS(3,PL);ERG(3,DU)	ʔinuktʌkʌ
nuk	V;PST;POS;TR;ABS(3,SG);ERG(1,SG)	ʔinuktʌkʌ
nɛl	V;IMP;NEG;TR;ABS(2,PL);ERG(1,EXCL,PL)	mʌnɛlusiwi
nɛl	V;IMP;POS;TR;ABS(2,SG);ERG(1,SG)	ʔinɛl
nɛl	V;IMP;POS;TR;ABS(2,SG);ERG(3,SG)	ʔinɛl
nɛl	V;PRS;NEG;TR;ABS(2,SG);ERG(3,DU)	mʌnɛli
nɛl	V;PRS;NEG;TR;ABS(2,SG);ERG(3,PL)	mʌnɛli
nɛl	V;PRS;POS;TR;ABS(1,INCL,PL);ERG(3,SG)	ʔinɛli
nɛl	V;PRS;POS;TR;ABS(2,SG);ERG(1,EXCL,DU)	ʔinɛli
nɛl	V;PRS;POS;TR;ABS(3,DU);ERG(1,EXCL,PL)	ʔinɛlkʌ
nɛl	V;PRS;POS;TR;ABS(3,PL);ERG(3,SG)	ʔinɛli
nɛl	V;PST;NEG;INTR;ABS(1,SG)	munɛlwɛnu
nɛl	V;PST;NEG;TR;ABS(1,INCL,DU);ERG(3,PL)	mʌnɛlwɛnu
nɛl	V;PST;NEG;TR;ABS(1,INCL,DU);ERG(3,SG)	munɛlwɛnu
nɛl	V;PST;NEG;TR;ABS(1,INCL,PL);ERG(3,SG)	mʌnɛlwɛnu
nɛl	V;PST;NEG;TR;ABS(2,PL);ERG(1,EXCL,PL)	mʌnɛlwɛnu
nɛl	V;PST;NEG;TR;ABS(3,PL);ERG(2,DU)	mʌnɛlwɛnu
nɛl	V;PST;NEG;TR;ABS(3,SG);ERG(1,INCL,DU)	mʌnɛlwɛnu
nɛl	V;PST;NEG;TR;ABS(3,SG);ERG(1,INCL,PL)	mʌnɛlwɛnu
nɛl	V;PST;NEG;TR;ABS(3,SG);ERG(3,SG)	munɛlwɛnu
nɛl	V;PST;POS;TR;ABS(1,EXCL,PL);ERG(3,PL)	ʔinɛltʌkʌ
nɛl	V;PST;POS;TR;ABS(3,PL);ERG(2,SG,FORM)	ʔinɛltʌkʌ
paŋ	V;IMP;NEG;INTR;ABS(2,PL)	mupaŋnuje
paŋ	V;PRS;NEG;INTR;ABS(1,EXCL,PL)	mʌpaŋkʌ
paŋ	V;PRS;NEG;INTR;ABS(1,INCL,DU)	mupaŋusi
paŋ	V;PRS;NEG;INTR;ABS(1,INCL,PL)	mupaŋusi
paŋ	V;PRS;NEG;INTR;ABS(1,SG)	mupaŋusi
paŋ	V;PRS;NEG;INTR;ABS(2,PL)	mupaŋusi
paŋ	V;PRS;NEG;INTR;ABS(3,DU)	mupaŋusi
paŋ	V;PRS;NEG;INTR;ABS(3,SG)	mupaŋusi
paŋ	V;PRS;POS;INTR;ABS(1,EXCL,DU)	ʔipaŋi
paŋ	V;PRS;POS;INTR;ABS(1,INCL,DU)	ʔipaŋi
paŋ	V;PRS;POS;INTR;ABS(1,SG)	ʔipaŋi
paŋ	V;PRS;POS;INTR;ABS(3,DU)	ʔipaŋi
paŋ	V;PST;NEG;INTR;ABS(2,PL)	mupaŋwɛnu
paŋ	V;PST;NEG;INTR;ABS(3,DU)	mupaŋwɛnu
paŋ	V;PST;NEG;INTR;ABS(3,PL)	mupaŋwɛnu
paŋ	V;PST;POS;INTR;ABS(2,DU)	ʔipaŋtʌkʌ
paŋ	V;PST;POS;INTR;ABS(2,PL)	ʔipaŋtʌkʌ
paŋ	V;PST;POS;INTR;ABS(2,SG)	ʔipaŋtʌkʌ
paŋ	V;PST;POS;INTR;ABS(3,DU)	ʔipaŋtʌkʌ
paŋ	V;PST;POS;INTR;ABS(3,PL)	ʔipaŋtʌkʌ
pʰaŋt	V;IMP;NEG;TR;ABS(2,PL);ERG(3,SG)	mʌpʰaŋkʌ
pʰaŋt	V;IMP;NEG;TR;ABS(2,SG);ERG(1,SG)	mʌpʰaŋkʌ
pʰaŋt	V;PRS;NEG;TR;ABS(1,EXCL,PL);ERG(2,PL)	mʌpʰaŋkʌ
pʰaŋt	V;PRS;NEG;TR;ABS(1,INCL,PL);ERG(3,SG)	mʌpʰaŋkʌ
pʰaŋt	V;PRS;NEG;TR;ABS(3,SG);ERG(1,EXCL,PL)	mʌpʰaŋkʌ
pʰaŋt	V;PRS;NEG;TR;ABS(3,SG);ERG(2,SG,FORM)	mʌpʰaŋkʌ
pʰaŋt	V;PRS;POS;TR;ABS(1,EXCL,PL);ERG(3,SG)	ʔipʰaŋtʌkʌ
pʰaŋt	V;PRS;POS;TR;ABS(2,DU);ERG(1,EXCL,DU)	ʔipʰaŋtʌkʌ
pʰaŋt	V;PRS;POS;TR;ABS(2,PL);ERG(1,EXCL,PL)	ʔipʰaŋtiki
pʰaŋt	V;PRS;POS;TR;ABS(3,PL);ERG(2,DU)	ʔipʰaŋtʌkʌ
pʰaŋt	V;PRS;POS;TR;ABS(3,SG);ERG(1,INCL,PL)	ʔipʰaŋtʌkʌ
pʰaŋt	V;PRS;POS;TR;ABS(3,SG);ERG(2,SG,FORM)	ʔipʰaŋti
pʰaŋt	V;PRS;POS;TR;ABS(3,SG);ERG(3,DU)	ʔipʰaŋti
pʰaŋt	V;PST;NEG;TR;ABS(1,EXCL,PL);ERG(3,SG)	mʌpʰaŋwʌkʌ
pʰaŋt	V;PST;NEG;TR;ABS(1,SG);ERG(3,DU)	mʌpʰaŋwʌkʌ
pʰaŋt	V;PST;NEG;TR;ABS(3,DU);ERG(2,DU)	mʌpʰaŋwʌkʌ
pʰaŋt	V;PST;NEG;TR;ABS(3,PL);ERG(2,DU)	mʌpʰaŋwʌkʌ
pʰaŋt	V;PST;POS;TR;ABS(2,SG);ERG(3,SG)	ʔipʰaŋti
pʰaŋt	V;PST;POS;TR;ABS(3,PL);ERG(2,DU)	ʔipʰaŋtiki
pʰaŋt	V;PST;POS;TR;ABS(3,SG);ERG(1,INCL,PL)	ʔipʰaŋtiki
pʰer	V;IMP;NEG;TR;ABS(2,PL);ERG(3,PL)	mʌpʰeriwi
pʰer	V;IMP;POS;INTR;ABS(2,DU)	ʔipʰeri
pʰer	V;IMP;POS;TR;ABS(2,PL);ERG(3,PL)	ʔipʰeri
pʰer	V;PRS;NEG;INTR;ABS(3,SG)	mʌpʰeri
pʰer	V;PRS;NEG;TR;ABS(1,EXCL,PL);ERG(3,SG)	mʌpʰersu
pʰer	V;PRS;NEG;TR;ABS(3,SG);ERG(2,DU)	mʌpʰeri
pʰer	V;PRS;NEG;TR;ABS(3,SG);ERG(2,PL)	mʌpʰersu
pʰer	V;PRS;POS;TR;ABS(1,EXCL,DU);ERG(3,SG)	ʔipʰeri
pʰer	V;PRS;POS;TR;ABS(1,SG);ERG(2,PL)	ʔipʰersi
pʰer	V;PST;NEG;TR;ABS(2,DU);ERG(1,EXCL,DU)	mʌpʰerwiki
pʰer	V;PST;NEG;TR;ABS(2,DU);ERG(3,SG)	mʌpʰerwiki
pʰer	V;PST;NEG;TR;ABS(3,PL);ERG(1,SG)	mʌpʰerwiki
pʰer	V;PST;NEG;TR;ABS(3,PL);ERG(3,SG)	mʌpʰerwiki
pʰer	V;PST;NEG;TR;ABS(3,SG);ERG(3,SG)	mʌpʰerwiki
pʰer	V;PST;POS;INTR;ABS(3,DU)	ʔipʰeriti
pʰer	V;PST;POS;TR;ABS(1,INCL,PL);ERG(3,PL)	ʔipʰertʌkʌ
pʰer	V;PST;POS;TR;ABS(3,DU);ERG(2,PL)	ʔipʰertʌkʌ
pʰer	V;PST;POS;TR;ABS(3,PL);ERG(1,SG)	ʔipʰertʌkʌ
pʰer	V;PST;POS;TR;ABS(3,PL);ERG(3,PL)	ʔipʰertʌkʌ
pʰer	V;PST;POS;TR;ABS(3,SG);ERG(1,SG)	ʔipʰertʌkʌ
pʰrɛpt	V;IMP;NEG;TR;ABS(2,PL);ERG(3,SG)	mʌpʰrɛpkʌ
pʰrɛpt	V;IMP;POS;TR;ABS(2,DU);ERG(1,EXCL,PL)	ʔipʰrɛpi
pʰrɛpt	V;PRS;NEG;TR;ABS(1,EXCL,PL);ERG(2,PL)	mʌpʰrɛpkʌ
pʰrɛpt	V;PRS;NEG;TR;ABS(1,INCL,DU);ERG(3,SG)	mʌpʰrɛpi
pʰrɛpt	V;PRS;NEG;TR;ABS(2,PL);ERG(1,EXCL,PL)	mʌpʰrɛpkʌ
pʰrɛpt	V;PRS;NEG;TR;ABS(2,PL);ERG(3,SG)	mʌpʰrɛpi
pʰrɛpt	V;PRS;NEG;TR;ABS(3,DU);ERG(2,DU)	mʌpʰrɛpi
pʰrɛpt	V;PRS;NEG;TR;ABS(3,PL);ERG(2,PL)	mʌpʰrɛpkʌ
pʰrɛpt	V;PRS;NEG;TR;ABS(3,SG);ERG(1,EXCL,DU)	mʌpʰrɛpi
pʰrɛpt	V;PRS;NEG;TR;ABS(3,SG);ERG(2,PL)	mʌpʰrɛpi
pʰrɛpt	V;PRS;POS;TR;ABS(1,EXCL,PL);ERG(3,DU)	ʔipʰrɛpi
pʰrɛpt	V;PRS;POS;TR;ABS(1,INCL,DU);ERG(3,SG)	ʔipʰrɛpi
pʰrɛpt	V;PRS;POS;TR;ABS(2,DU);ERG(3,DU)	ʔipʰrɛpi
pʰrɛpt	V;PRS;POS;TR;ABS(2,PL);ERG(1,SG)	ʔipʰrɛpi
pʰrɛpt	V;PRS;POS;TR;ABS(2,PL);ERG(3,SG)	ʔipʰrɛpi
pʰrɛpt	V;PRS;POS;TR;ABS(3,DU);ERG(1,EXCL,PL)	ʔipʰrɛpi
pʰrɛpt	V;PRS;POS;TR;ABS(3,DU);ERG(1,SG)	ʔipʰrɛpi
pʰrɛpt	V;PST;NEG;TR;ABS(2,DU);ERG(3,SG)	mʌpʰrɛpwɛnu
pʰrɛpt	V;PST;POS;TR;ABS(3,PL);ERG(2,SG,FORM)	ʔipʰrɛpwɛnu
pʰrɛpt	V;PST;POS;TR;ABS(3,SG);ERG(3,DU)	ʔipʰrɛpwɛnu
pʰɛm	V;IMP;NEG;INTR;ABS(2,PL)	mʌpʰɛmu
pʰɛm	V;IMP;POS;INTR;ABS(2,SG)	ʔipʰɛmi
pʰɛm	V;PRS;NEG;INTR;ABS(1,EXCL,DU)	mʌpʰɛmu
pʰɛm	V;PRS;NEG;INTR;ABS(1,EXCL,PL)	mʌpʰɛmu
pʰɛm	V;PRS;NEG;INTR;ABS(1,SG)	mʌpʰɛmu
pʰɛm	V;PRS;NEG;INTR;ABS(2,DU)	mʌpʰɛmu
pʰɛm	V;PRS;NEG;INTR;ABS(2,SG)	mʌpʰɛmu
pʰɛm	V;PRS;POS;INTR;ABS(1,EXCL,PL)	ʔipʰɛmi
pʰɛm	V;PRS;POS;INTR;ABS(2,DU)	ʔipʰɛmi
pʰɛm	V;PST;NEG;INTR;ABS(1,EXCL,PL)	mʌpʰɛmwʌkʌ
pʰɛm	V;PST;NEG;INTR;ABS(1,SG)	mupʰɛmwɛnu
pʰɛm	V;PST;NEG;INTR;ABS(2,DU)	mʌpʰɛmwʌkʌ
pʰɛm	V;PST;NEG;INTR;ABS(2,PL)	mʌpʰɛmwʌkʌ
pʰɛm	V;PST;NEG;INTR;ABS(3,DU)	mʌpʰɛmwʌkʌ
pʰɛm	V;PST;NEG;INTR;ABS(3,PL)	mʌpʰɛmwʌkʌ
pʰɛm	V;PST;NEG;INTR;ABS(3,SG)	mʌpʰɛmwʌkʌ
pʰɛm	V;PST;POS;INTR;ABS(1,INCL,DU)	ʔipʰɛmwʌkʌ
pʰɛm	V;PST;POS;INTR;ABS(2,DU)	ʔipʰɛmwʌkʌ
pʰɛm	V;PST;POS;INTR;ABS(2,SG)	ʔipʰɛmtʌkʌ
pʰɛm	V;PST;POS;INTR;ABS(3,SG)	ʔipʰɛmtʌkʌ
rekt	V;IMP;NEG;TR;ABS(2,DU);ERG(1,EXCL,DU)	mʌreki
rekt	V;IMP;NEG;TR;ABS(2,SG);ERG(3,SG)	mʌreki
rekt	V;IMP;POS;TR;ABS(2,PL);ERG(3,SG)	ʔireki
rekt	V;IMP;POS;TR;ABS(2,SG);ERG(3,SG)	ʔireki
rekt	V;PRS;NEG;TR;ABS(1,EXCL,PL);ERG(3,PL)	mʌrekki
rekt	V;PRS;NEG;TR;ABS(2,DU);ERG(1,EXCL,PL)	mʌreki
rekt	V;PRS;NEG;TR;ABS(3,DU);ERG(1,INCL,PL)	mʌreki
rekt	V;PRS;NEG;TR;ABS(3,PL);ERG(1,EXCL,PL)	mʌreki
rekt	V;PRS;POS;TR;ABS(1,EXCL,DU);ERG(3,PL)	ʔirektiki
rekt	V;PRS;POS;TR;ABS(2,DU);ERG(3,PL)	ʔireki
rekt	V;PRS;POS;TR;ABS(3,SG);ERG(2,DU)	ʔireki
rekt	V;PST;NEG;TR;ABS(3,DU);ERG(3,SG)	mʌrekwɛnu
rekt	V;PST;NEG;TR;ABS(3,PL);ERG(1,INCL,DU)	mʌrekwɛnu
rekt	V;PST;NEG;TR;ABS(3,PL);ERG(2,PL)	mʌrekwɛnu
rekt	V;PST;NEG;TR;ABS(3,PL);ERG(3,DU)	mʌrekwɛnu
rekt	V;PST;NEG;TR;ABS(3,PL);ERG(3,SG)	mʌrekwɛnu
rekt	V;PST;NEG;TR;ABS(3,SG);ERG(2,SG,FORM)	mʌrekwɛnu
rekt	V;PST;POS;TR;ABS(1,SG);ERG(2,PL)	ʔirektʌkʌ
rekt	V;PST;POS;TR;ABS(2,SG);ERG(1,EXCL,DU)	ʔirektʌkʌ
rekt	V;PST;POS;TR;ABS(2,SG);ERG(1,EXCL,PL)	ʔirektʌkʌ
reŋt	V;IMP;NEG;TR;ABS(2,SG);ERG(3,DU)	mʌreŋiwi
reŋt	V;IMP;POS;TR;ABS(2,PL);ERG(3,DU)	ʔireŋti
reŋt	V;PRS;NEG;TR;ABS(1,EXCL,DU);ERG(3,PL)	mʌreŋiwi
reŋt	V;PRS;NEG;TR;ABS(2,DU);ERG(1,EXCL,DU)	mʌreŋiwi
reŋt	V;PRS;NEG;TR;ABS(2,DU);ERG(1,SG)	mʌreŋi
reŋt	V;PRS;NEG;TR;ABS(3,DU);ERG(1,INCL,PL)	mʌreŋiwi
reŋt	V;PRS;NEG;TR;ABS(3,DU);ERG(2,SG,FORM)	mʌreŋi
reŋt	V;PRS;POS;TR;ABS(1,EXCL,DU);ERG(2,PL)	ʔireŋti
reŋt	V;PRS;POS;TR;ABS(3,DU);ERG(1,EXCL,DU)	ʔireŋti
reŋt	V;PRS;POS;TR;ABS(3,DU);ERG(1,INCL,PL)	ʔireŋti
reŋt	V;PRS;POS;TR;ABS(3,DU);ERG(1,SG)	ʔireŋti
reŋt	V;PRS;POS;TR;ABS(3,PL);ERG(1,SG)	ʔireŋti
reŋt	V;PST;NEG;TR;ABS(3,DU);ERG(1,EXCL,PL)	mʌreŋiwi
reŋt	V;PST;NEG;TR;ABS(3,DU);ERG(2,PL)	mʌreŋwɛnu
reŋt	V;PST;NEG;TR;ABS(3,DU);ERG(3,SG)	mʌreŋwɛnu
reŋt	V;PST;NEG;TR;ABS(3,SG);ERG(1,SG)	mʌreŋwɛnu
reŋt	V;PST;POS;TR;ABS(1,EXCL,PL);ERG(2,PL)	reŋtiti
reŋt	V;PST;POS;TR;ABS(1,SG);ERG(3,SG)	reŋtiti
reŋt	V;PST;POS;TR;ABS(3,DU);ERG(2,SG,FORM)	ʔireŋti
reŋt	V;PST;POS;TR;ABS(3,SG);ERG(1,EXCL,DU)	ʔireŋti
ritt	V;IMP;NEG;TR;ABS(2,DU);ERG(1,SG)	mʌriti
ritt	V;IMP;NEG;TR;ABS(2,SG);ERG(1,SG)	mʌriti
ritt	V;IMP;POS;TR;ABS(2,DU);ERG(3,SG)	ʔiritti
ritt	V;PRS;NEG;TR;ABS(1,EXCL,DU);ERG(3,DU)	mʌriti
ritt	V;PRS;NEG;TR;ABS(2,PL);ERG(1,EXCL,PL)	mʌriti
ritt	V;PRS;NEG;TR;ABS(3,PL);ERG(2,PL)	mʌriti
ritt	V;PRS;POS;TR;ABS(1,EXCL,PL);ERG(2,PL)	ʔiritti
ritt	V;PRS;POS;TR;ABS(1,SG);ERG(3,SG)	ʔiritti
ritt	V;PRS;POS;TR;ABS(2,PL);ERG(3,SG)	ʔiritti
ritt	V;PRS;POS;TR;ABS(2,SG);ERG(3,DU)	ʔiritti
ritt	V;PRS;POS;TR;ABS(3,PL);ERG(2,SG,FORM)	ʔiritti
ritt	V;PST;NEG;TR;ABS(1,INCL,DU);ERG(3,PL)	mʌritiwi
ritt	V;PST;NEG;TR;ABS(1,INCL,PL);ERG(3,PL)	mʌritwiki
ritt	V;PST;NEG;TR;ABS(1,SG);ERG(3,PL)	mʌritiwi
ritt	V;PST;NEG;TR;ABS(2,SG);ERG(1,EXCL,DU)	mʌriswi
ritt	V;PST;NEG;TR;ABS(2,SG);ERG(3,SG)	mʌriswi
ritt	V;PST;POS;TR;ABS(2,DU);ERG(3,SG)	ʔiritti
ritt	V;PST;POS;TR;ABS(2,PL);ERG(1,EXCL,PL)	ʔiritti
ritt	V;PST;POS;TR;ABS(3,DU);ERG(1,EXCL,DU)	ʔiritti
ritt	V;PST;POS;TR;ABS(3,SG);ERG(1,EXCL,PL)	ʔiritti
rol	V;IMP;NEG;TR;ABS(2,PL);ERG(3,DU)	mʌrɵliwi
rol	V;IMP;NEG;TR;ABS(2,SG);ERG(3,DU)	mʌrɵliwi
rol	V;IMP;POS;TR;ABS(2,DU);ERG(1,EXCL,DU)	ʔirolusi
rol	V;PRS;NEG;TR;ABS(1,EXCL,DU);ERG(3,SG)	mʌrɵliwi
rol	V;PRS;NEG;TR;ABS(1,SG);ERG(3,DU)	mʌrɵliwi
rol	V;PRS;NEG;TR;ABS(2,DU);ERG(1,EXCL,PL)	mʌrɵliwi
rol	V;PRS;POS;TR;ABS(1,INCL,DU);ERG(3,DU)	rolusing
rol	V;PRS;POS;TR;ABS(2,SG);ERG(1,EXCL,DU)	ʔirolusi
rol	V;PRS;POS;TR;ABS(3,DU);ERG(3,PL)	ʔirolusing
rol	V;PST;NEG;TR;ABS(1,EXCL,DU);ERG(2,SG,FORM)	mʌrɵlwiki
rol	V;PST;NEG;TR;ABS(1,EXCL,DU);ERG(3,PL)	mʌrɵlwiki
rol	V;PST;NEG;TR;ABS(1,SG);ERG(3,PL)	mʌrɵlwɛnu
rol	V;PST;NEG;TR;ABS(2,SG);ERG(1,EXCL,PL)	mʌrɵlwiki
rol	V;PST;NEG;TR;ABS(2,SG);ERG(3,SG)	mʌrɵlwɛnu
rol	V;PST;NEG;TR;ABS(3,PL);ERG(1,INCL,PL)	mʌrɵlwiki
rol	V;PST;NEG;TR;ABS(3,PL);ERG(3,DU)	mʌrɵlwɛnu
rol	V;PST;NEG;TR;ABS(3,SG);ERG(2,SG,FORM)	mʌrɵlwɛnu
rol	V;PST;POS;TR;ABS(1,SG);ERG(2,PL)	ʔiroltʌkʌ
rol	V;PST;POS;TR;ABS(3,DU);ERG(1,INCL,DU)	ʔiroltʌkʌ
rol	V;PST;POS;TR;ABS(3,SG);ERG(2,PL)	ʔiroltʌkʌ
rot	V;IMP;POS;TR;ABS(2,SG);ERG(1,EXCL,PL)	ʔirɵti
rot	V;PRS;NEG;TR;ABS(1,SG);ERG(2,DU)	mʌroɔ̂nnu
rot	V;PRS;NEG;TR;ABS(2,DU);ERG(1,EXCL,DU)	mʌrɵ̂ːswi
rot	V;PRS;NEG;TR;ABS(2,DU);ERG(3,DU)	mʌrɵ̂ːsi
rot	V;PRS;NEG;TR;ABS(2,DU);ERG(3,PL)	mʌroɔ̂nnu
rot	V;PRS;NEG;TR;ABS(3,SG);ERG(2,PL)	mʌrɵ̂ːswɛnu
rot	V;PRS;POS;TR;ABS(2,PL);ERG(1,EXCL,PL)	ʔirotusing
rot	V;PRS;POS;TR;ABS(3,DU);ERG(3,SG)	ʔiroti
rot	V;PST;NEG;TR;ABS(1,EXCL,PL);ERG(3,PL)	mʌrɵ̂ːswɛnu
rot	V;PST;NEG;TR;ABS(2,PL);ERG(1,EXCL,DU)	mʌrɵ̂nwɛnu
rot	V;PST;NEG;TR;ABS(2,PL);ERG(3,SG)	mʌrɵ̂ːswɛnu
rot	V;PST;NEG;TR;ABS(3,PL);ERG(3,DU)	mʌrɵ̂ːswɛnu
rot	V;PST;POS;TR;ABS(1,EXCL,DU);ERG(2,DU)	ʔirɵttʌkʌ
rot	V;PST;POS;TR;ABS(1,EXCL,DU);ERG(3,PL)	ʔirottʌkʌ
rot	V;PST;POS;TR;ABS(1,EXCL,DU);ERG(3,SG)	ʔirottʌkʌ
rot	V;PST;POS;TR;ABS(1,INCL,PL);ERG(3,DU)	ʔirottʌkʌ
rot	V;PST;POS;TR;ABS(2,DU);ERG(3,PL)	ʔirottʌkʌ
rot	V;PST;POS;TR;ABS(2,SG);ERG(1,EXCL,PL)	ʔirottʌkʌ
rot	V;PST;POS;TR;ABS(3,PL);ERG(3,DU)	ʔirotiti
rot	V;PST;POS;TR;ABS(3,SG);ERG(1,INCL,PL)	ʔirottʌkʌ
set	V;IMP;NEG;TR;ABS(2,DU);ERG(1,EXCL,DU)	mʌseti
set	V;IMP;POS;TR;ABS(2,SG);ERG(3,DU)	ʔiseti
set	V;IMP;POS;TR;ABS(2,SG);ERG(3,SG)	ʔiseti
set	V;PRS;NEG;TR;ABS(1,INCL,DU);ERG(3,SG)	mʌseti
set	V;PRS;NEG;TR;ABS(2,DU);ERG(3,DU)	mʌseti
set	V;PRS;NEG;TR;ABS(2,SG);ERG(3,PL)	mʌseti
set	V;PRS;NEG;TR;ABS(3,PL);ERG(2,DU)	mʌseti
set	V;PRS;POS;TR;ABS(1,EXCL,PL);ERG(2,SG,FORM)	ʔiseti
set	V;PRS;POS;TR;ABS(1,INCL,DU);ERG(3,SG)	ʔiseti
set	V;PRS;POS;TR;ABS(1,SG);ERG(2,SG,FORM)	ʔiseti
set	V;PST;NEG;TR;ABS(1,EXCL,PL);ERG(2,SG,FORM)	mʌseti
set	V;PST;NEG;TR;ABS(1,INCL,DU);ERG(3,DU)	mʌseti
set	V;PST;POS;TR;ABS(1,INCL,DU);ERG(3,PL)	ʔiseting
set	V;PST;POS;TR;ABS(2,PL);ERG(3,SG)	ʔiseting
set	V;PST;POS;TR;ABS(2,SG);ERG(3,SG)	ʔiseti
set	V;PST;POS;TR;ABS(3,DU);ERG(1,EXCL,PL)	ʔiseting
set	V;PST;POS;TR;ABS(3,DU);ERG(3,DU)	ʔiseti
set	V;PST;POS;TR;ABS(3,PL);ERG(1,EXCL,DU)	ʔiseting
set	V;PST;POS;TR;ABS(3,PL);ERG(1,INCL,DU)	ʔiseti
set	V;PST;POS;TR;ABS(3,PL);ERG(2,PL)	ʔiseting
sit	V;IMP;NEG;TR;ABS(2,PL);ERG(3,PL)	mʌsiti
sit	V;IMP;POS;TR;ABS(2,PL);ERG(3,PL)	ʔisiti
sit	V;PRS;NEG;TR;ABS(1,EXCL,DU);ERG(2,SG,FORM)	mʌsiti
sit	V;PRS;NEG;TR;ABS(1,EXCL,DU);ERG(3,DU)	mʌsiti
sit	V;PRS;NEG;TR;ABS(2,DU);ERG(3,SG)	mʌsiti
sit	V;PRS;NEG;TR;ABS(2,PL);ERG(1,EXCL,PL)	mʌsiti
sit	V;PRS;NEG;TR;ABS(3,DU);ERG(1,EXCL,DU)	mʌsiti
sit	V;PRS;NEG;TR;ABS(3,DU);ERG(3,DU)	mʌsiti
sit	V;PRS;NEG;TR;ABS(3,SG);ERG(1,INCL,DU)	mʌsiti
sit	V;PRS;POS;TR;ABS(1,EXCL,PL);ERG(2,PL)	ʔisiti
sit	V;PRS;POS;TR;ABS(2,SG);ERG(3,SG)	ʔisiti
sit	V;PST;NEG;TR;ABS(1,EXCL,DU);ERG(2,SG,FORM)	mʌsiti
sit	V;PST;NEG;TR;ABS(1,EXCL,PL);ERG(3,PL)	mʌsiti
sit	V;PST;NEG;TR;ABS(2,DU);ERG(1,EXCL,DU)	mʌsiti
sit	V;PST;NEG;TR;ABS(2,DU);ERG(3,DU)	mʌsiti
sit	V;PST;NEG;TR;ABS(2,PL);ERG(3,SG)	mʌsiti
sit	V;PST;NEG;TR;ABS(3,DU);ERG(1,EXCL,DU)	mʌsiti
sit	V;PST;NEG;TR;ABS(3,DU);ERG(1,EXCL,PL)	mʌsiwi
sit	V;PST;NEG;TR;ABS(3,PL);ERG(3,SG)	musiti
sit	V;PST;POS;TR;ABS(2,PL);ERG(3,SG)	ʔisiti
tɛm	V;PRS;NEG;TR;ABS(1,EXCL,PL);ERG(2,SG,FORM)	mʌtɛmu
tɛm	V;PRS;NEG;TR;ABS(2,DU);ERG(1,EXCL,DU)	mʌtɛmu
tɛm	V;PRS;NEG;TR;ABS(2,DU);ERG(3,PL)	mʌtɛmu
tɛm	V;PRS;NEG;TR;ABS(2,PL);ERG(1,EXCL,DU)	mʌtɛmu
tɛm	V;PRS;NEG;TR;ABS(2,PL);ERG(3,SG)	mʌtɛmu
tɛm	V;PRS;NEG;TR;ABS(3,DU);ERG(1,INCL,PL)	mʌtɛmu
tɛm	V;PRS;NEG;TR;ABS(3,PL);ERG(1,INCL,DU)	mʌtɛmu
tɛm	V;PRS;POS;TR;ABS(1,EXCL,PL);ERG(2,DU)	ʔitɛmu
tɛm	V;PRS;POS;TR;ABS(1,EXCL,PL);ERG(3,DU)	ʔitɛmu
tɛm	V;PRS;POS;TR;ABS(2,PL);ERG(1,SG)	ʔitɛmi
tɛm	V;PRS;POS;TR;ABS(2,PL);ERG(3,PL)	ʔitɛmnu
tɛm	V;PRS;POS;TR;ABS(2,SG);ERG(3,PL)	ʔitɛmi
tɛm	V;PRS;POS;TR;ABS(3,DU);ERG(3,DU)	ʔitɛmu
tɛm	V;PST;NEG;TR;ABS(3,DU);ERG(3,PL)	mʌtɛmwʌkʌ
tɛm	V;PST;NEG;TR;ABS(3,PL);ERG(2,SG,FORM)	mʌtɛmwɛnu
tɛm	V;PST;POS;TR;ABS(1,EXCL,DU);ERG(2,PL)	ʔitɛmtʌkʌ
tɛm	V;PST;POS;TR;ABS(1,INCL,DU);ERG(3,DU)	ʔitɛmtʌkʌ
tɛm	V;PST;POS;TR;ABS(1,INCL,PL);ERG(3,DU)	ʔitɛmtʌkʌ
tɛm	V;PST;POS;TR;ABS(3,DU);ERG(1,INCL,DU)	ʔitɛmtʌkʌ
tɛm	V;PST;POS;TR;ABS(3,DU);ERG(2,PL)	ʔitɛmtʌkʌ
tʰint	V;IMP;NEG;TR;ABS(2,DU);ERG(1,EXCL,DU)	mʌtʰini
tʰint	V;IMP;NEG;TR;ABS(2,DU);ERG(3,DU)	mʌtʰini
tʰint	V;IMP;NEG;TR;ABS(2,PL);ERG(3,DU)	mʌtʰini
tʰint	V;IMP;NEG;TR;ABS(2,SG);ERG(3,PL)	mʌtʰini
tʰint	V;IMP;NEG;TR;ABS(2,SG);ERG(3,SG)	mʌtʰini
tʰint	V;PRS;NEG;TR;ABS(1,SG);ERG(3,DU)	mʌtʰini
tʰint	V;PRS;NEG;TR;ABS(1,SG);ERG(3,SG)	mʌtʰini
tʰint	V;PRS;NEG;TR;ABS(3,DU);ERG(1,INCL,PL)	mʌtʰini
tʰint	V;PRS;NEG;TR;ABS(3,DU);ERG(2,DU)	mʌtʰini
tʰint	V;PRS;NEG;TR;ABS(3,PL);ERG(3,SG)	mʌtʰini
tʰint	V;PRS;NEG;TR;ABS(3,SG);ERG(3,DU)	mʌtʰini
tʰint	V;PRS;POS;TR;ABS(1,EXCL,PL);ERG(3,SG)	ʔitʰini
tʰint	V;PRS;POS;TR;ABS(1,INCL,PL);ERG(3,SG)	ʔitʰini
tʰint	V;PRS;POS;TR;ABS(1,SG);ERG(3,SG)	ʔitʰini
tʰint	V;PST;NEG;TR;ABS(3,DU);ERG(2,PL)	mʌtʰiniwi
tʰint	V;PST;NEG;TR;ABS(3,PL);ERG(2,DU)	mʌtʰʌjwiki
tʰint	V;PST;POS;TR;ABS(1,EXCL,DU);ERG(2,DU)	ʔitʰiːsti
tʰint	V;PST;POS;TR;ABS(3,DU);ERG(1,EXCL,DU)	ʔitʰinti
tʰint	V;PST;POS;TR;ABS(3,DU);ERG(2,SG,FORM)	ʔitʰinti
tʰint	V;PST;POS;TR;ABS(3,PL);ERG(3,SG)	ʔitʰinti
tʰol	V;IMP;NEG;TR;ABS(2,PL);ERG(1,EXCL,DU)	mʌtʰɵliwi
tʰol	V;IMP;NEG;TR;ABS(2,SG);ERG(3,PL)	mʌtʰɵliwi
tʰol	V;PRS;NEG;TR;ABS(1,EXCL,DU);ERG(3,PL)	mʌtʰɵliwi
tʰol	V;PRS;NEG;TR;ABS(1,SG);ERG(3,SG)	mʌtʰol
tʰol	V;PRS;NEG;TR;ABS(2,DU);ERG(1,EXCL,DU)	mʌtʰɵliwi
tʰol	V;PRS;POS;TR;ABS(1,EXCL,DU);ERG(3,SG)	ʔitʰol
tʰol	V;PRS;POS;TR;ABS(1,INCL,DU);ERG(3,DU)	ʔitʰol
tʰol	V;PRS;POS;TR;ABS(1,INCL,DU);ERG(3,PL)	ʔitʰoli
tʰol	V;PRS;POS;TR;ABS(1,SG);ERG(3,PL)	ʔitʰol
tʰol	V;PRS;POS;TR;ABS(3,DU);ERG(3,SG)	ʔitʰol
tʰol	V;PRS;POS;TR;ABS(3,PL);ERG(2,DU)	ʔitʰoli
tʰol	V;PST;NEG;TR;ABS(1,EXCL,DU);ERG(3,PL)	mʌtʰolwiki
tʰol	V;PST;NEG;TR;ABS(2,PL);ERG(1,EXCL,DU)	mʌtʰolwiki
tʰol	V;PST;NEG;TR;ABS(3,DU);ERG(1,INCL,DU)	mʌtʰolwiki
tʰol	V;PST;NEG;TR;ABS(3,SG);ERG(2,PL)	mʌtʰolwiki
tʰol	V;PST;POS;TR;ABS(1,EXCL,PL);ERG(2,DU)	ʔitʰoltʌkʌ
tʰol	V;PST;POS;TR;ABS(1,INCL,PL);ERG(3,DU)	ʔitʰoltʌkʌ
tʰol	V;PST;POS;TR;ABS(2,PL);ERG(3,SG)	ʔitʰoltʌkʌ
tʰol	V;PST;POS;TR;ABS(3,DU);ERG(1,INCL,PL)	ʔitʰoltʌkʌ
tʰol	V;PST;POS;TR;ABS(3,DU);ERG(1,SG)	ʔitʰoltʌkʌ
tʰɛpt	V;IMP;POS;TR;ABS(2,SG);ERG(3,DU)	ʔitʰɛpi
tʰɛpt	V;PRS;NEG;TR;ABS(1,EXCL,PL);ERG(2,PL)	mʌtʰɛpkʌ
tʰɛpt	V;PRS;NEG;TR;ABS(3,DU);ERG(1,INCL,PL)	mʌtʰɛpi
tʰɛpt	V;PRS;NEG;TR;ABS(3,SG);ERG(1,INCL,DU)	mʌtʰɛpi
tʰɛpt	V;PRS;POS;TR;ABS(1,EXCL,PL);ERG(3,SG)	ʔitʰɛpkʌ
tʰɛpt	V;PRS;POS;TR;ABS(2,DU);ERG(1,SG)	ʔitʰɛpi
tʰɛpt	V;PRS;POS;TR;ABS(2,PL);ERG(3,SG)	ʔitʰɛpi
tʰɛpt	V;PRS;POS;TR;ABS(3,DU);ERG(1,INCL,PL)	ʔitʰɛpi
tʰɛpt	V;PRS;POS;TR;ABS(3,SG);ERG(1,EXCL,PL)	ʔitʰɛpi
tʰɛpt	V;PRS;POS;TR;ABS(3,SG);ERG(1,INCL,DU)	ʔitʰɛpi
tʰɛpt	V;PST;NEG;TR;ABS(1,EXCL,DU);ERG(3,PL)	mʌtʰɛpwɛnu
tʰɛpt	V;PST;NEG;TR;ABS(1,INCL,DU);ERG(3,SG)	mʌtʰɛpwɛnu
tʰɛpt	V;PST;NEG;TR;ABS(3,PL);ERG(2,SG,FORM)	mʌtʰɛpwɛnu
tʰɛpt	V;PST;POS;TR;ABS(1,EXCL,DU);ERG(3,SG)	ʔitʰɛpwɛnu
tʰɛpt	V;PST;POS;TR;ABS(1,SG);ERG(3,DU)	ʔitʰɛpwɛnu
tʰɛpt	V;PST;POS;TR;ABS(2,PL);ERG(3,PL)	ʔitʰɛpwɛnu
tʰɛpt	V;PST;POS;TR;ABS(3,DU);ERG(3,DU)	ʔitʰɛpwɛnu
tʰɛpt	V;PST;POS;TR;ABS(3,PL);ERG(1,EXCL,DU)	ʔitʰɛpwɛnu
tʰɛpt	V;PST;POS;TR;ABS(3,PL);ERG(2,SG,FORM)	ʔitʰɛpwɛnu
tʰɛpt	V;PST;POS;TR;ABS(3,SG);ERG(1,EXCL,PL)	ʔitʰɛpwɛnu
wɛn	V;IMP;NEG;INTR;ABS(2,SG)	muwɛnu
wɛn	V;IMP;POS;INTR;ABS(2,DU)	ʔiwɛnu
wɛn	V;NFIN;POS;INTR	wɛnusi
wɛn	V;PRS;NEG;INTR;ABS(1,EXCL,DU)	muwɛnu
wɛn	V;PRS;NEG;INTR;ABS(1,EXCL,PL)	muwɛnu
wɛn	V;PRS;NEG;INTR;ABS(1,INCL,DU)	muwɛnu
wɛn	V;PRS;NEG;INTR;ABS(2,SG)	muwɛnu
wɛn	V;PRS;NEG;INTR;ABS(3,DU)	muwɛnu
wɛn	V;PRS;POS;INTR;ABS(1,EXCL,PL)	ʔiwɛnu
wɛn	V;PRS;POS;INTR;ABS(1,INCL,PL)	ʔiwɛnu
wɛn	V;PRS;POS;INTR;ABS(3,DU)	ʔiwɛnu
wɛn	V;PRS;POS;INTR;ABS(3,PL)	ʔiwɛnu
wɛn	V;PST;NEG;INTR;ABS(1,INCL,DU)	muwɛnwɛnu
wɛn	V;PST;NEG;INTR;ABS(2,SG)	muwɛnwɛnu
wɛn	V;PST;POS;INTR;ABS(1,INCL,DU)	wɛ̂ːstɛnu
wɛn	V;PST;POS;INTR;ABS(1,SG)	wɛntɛnu
wɛn	V;PST;POS;INTR;ABS(2,PL)	wɛntɛnu
wɛn	V;PST;POS;INTR;ABS(2,SG)	wɛntɛnu
wɛn	V;PST;POS;INTR;ABS(3,DU)	ʔiwɛnu
wɛn	V;PST;POS;INTR;ABS(3,SG)	wɛntɛnu
ɦip	V;IMP;NEG;TR;ABS(2,DU);ERG(1,EXCL,DU)	mʌɦipi
ɦip	V;IMP;POS;TR;ABS(2,DU);ERG(3,SG)	ʔiɦip
ɦip	V;PRS;NEG;TR;ABS(1,SG);ERG(2,SG,FORM)	mʌɦipi
ɦip	V;PRS;NEG;TR;ABS(3,SG);ERG(1,EXCL,DU)	mʌɦipi
ɦip	V;PRS;NEG;TR;ABS(3,SG);ERG(2,DU)	mʌɦipi
ɦip	V;PRS;NEG;TR;ABS(3,SG);ERG(3,SG)	mʌɦip
ɦip	V;PRS;POS;TR;ABS(1,EXCL,DU);ERG(2,DU)	ʔiɦipi
ɦip	V;PRS;POS;TR;ABS(1,EXCL,PL);ERG(2,DU)	ʔiɦipi
ɦip	V;PRS;POS;TR;ABS(2,DU);ERG(1,SG)	ʔiɦip
ɦip	V;PST;NEG;TR;ABS(1,INCL,PL);ERG(3,SG)	mʌɦipwɛnu
ɦip	V;PST;NEG;TR;ABS(1,SG);ERG(3,DU)	mʌɦipwɛnu
ɦip	V;PST;NEG;TR;ABS(2,SG);ERG(3,PL)	mʌɦipwɛnu
ɦip	V;PST;NEG;TR;ABS(3,DU);ERG(3,DU)	mʌɦipwɛnu
ɦip	V;PST;NEG;TR;ABS(3,PL);ERG(3,DU)	mʌɦipwɛnu
ɦip	V;PST;NEG;TR;ABS(3,SG);ERG(1,EXCL,DU)	mʌɦipwɛnu
ɦip	V;PST;NEG;TR;ABS(3,SG);ERG(2,DU)	mʌɦipwɛnu
ɦip	V;PST;POS;TR;ABS(1,EXCL,DU);ERG(3,PL)	ʔiɦiptʌkʌ
ɦip	V;PST;POS;TR;ABS(1,EXCL,PL);ERG(2,DU)	ʔiɦiptʌkʌ
ɦip	V;PST;POS;TR;ABS(1,EXCL,PL);ERG(3,DU)	ʔiɦiptʌkʌ
ɦip	V;PST;POS;TR;ABS(3,DU);ERG(2,PL)	ʔiɦiptʌkʌ
ɦont	V;IMP;POS;TR;ABS(2,SG);ERG(3,SG)	ʔiɦôːsti
ɦont	V;PRS;NEG;TR;ABS(1,EXCL,DU);ERG(2,DU)	mʌɦôːsti
ɦont	V;PRS;NEG;TR;ABS(1,SG);ERG(2,DU)	mʌɦôːsti
ɦont	V;PRS;NEG;TR;ABS(2,SG);ERG(3,SG)	mʌɦôːsi
ɦont	V;PRS;NEG;TR;ABS(3,DU);ERG(1,EXCL,DU)	mʌɦôːsti
ɦont	V;PRS;NEG;TR;ABS(3,DU);ERG(1,INCL,DU)	mʌɦôːsti
ɦont	V;PRS;NEG;TR;ABS(3,DU);ERG(2,SG,FORM)	mʌɦôːsti
ɦont	V;PRS;NEG;TR;ABS(3,SG);ERG(1,SG)	mʌɦôːsi
ɦont	V;PRS;POS;TR;ABS(1,EXCL,PL);ERG(2,DU)	ʔiɦôːsti
ɦont	V;PRS;POS;TR;ABS(2,PL);ERG(1,EXCL,DU)	ʔiɦôːsti
ɦont	V;PRS;POS;TR;ABS(2,PL);ERG(3,DU)	ʔiɦôːsti
ɦont	V;PRS;POS;TR;ABS(2,SG);ERG(1,EXCL,PL)	ʔiɦôːsti
ɦont	V;PRS;POS;TR;ABS(2,SG);ERG(3,DU)	ʔiɦôːsti
ɦont	V;PRS;POS;TR;ABS(3,PL);ERG(2,DU)	ʔiɦôːsti
ɦont	V;PST;NEG;TR;ABS(2,PL);ERG(3,PL)	mʌɦôːswɛnu
ɦont	V;PST;NEG;TR;ABS(2,SG);ERG(1,EXCL,PL)	mʌɦôːswɛnu
ɦont	V;PST;NEG;TR;ABS(3,DU);ERG(1,EXCL,PL)	mʌɦôːswɛnu
ɦont	V;PST;POS;TR;ABS(2,SG);ERG(1,EXCL,DU)	ʔiɦôːstɛnu
ɦont	V;PST;POS;TR;ABS(3,PL);ERG(2,PL)	ʔiɦôːstɛnu
ɦont	V;PST;POS;TR;ABS(3,SG);ERG(3,SG)	ʔiɦôːstɛnu
ɦɛm	V;IMP;NEG;TR;ABS(2,PL);ERG(1,EXCL,DU)	mʌɦɛmu
ɦɛm	V;IMP;NEG;TR;ABS(2,SG);ERG(3,SG)	mʌɦɛmu
ɦɛm	V;IMP;POS;TR;ABS(2,PL);ERG(3,SG)	ʔiɦɛmi
ɦɛm	V;PRS;NEG;TR;ABS(1,EXCL,DU);ERG(3,DU)	mʌɦɛmu
ɦɛm	V;PRS;NEG;TR;ABS(1,SG);ERG(2,SG,FORM)	mʌɦɛmu
ɦɛm	V;PRS;NEG;TR;ABS(2,DU);ERG(1,EXCL,PL)	mʌɦɛmu
ɦɛm	V;PRS;NEG;TR;ABS(3,DU);ERG(1,EXCL,DU)	mʌɦɛmu
ɦɛm	V;PRS;NEG;TR;ABS(3,DU);ERG(1,EXCL,PL)	mʌɦɛmu
ɦɛm	V;PRS;NEG;TR;ABS(3,DU);ERG(1,INCL,DU)	mʌɦɛmu
ɦɛm	V;PRS;NEG;TR;ABS(3,SG);ERG(2,SG,FORM)	mʌɦɛmu
ɦɛm	V;PRS;POS;TR;ABS(1,SG);ERG(2,PL)	ʔiɦɛmi
ɦɛm	V;PRS;POS;TR;ABS(2,PL);ERG(3,DU)	ʔiɦɛmi
ɦɛm	V;PST;NEG;TR;ABS(1,INCL,PL);ERG(3,PL)	mʌɦɛmwʌkʌ
ɦɛm	V;PST;NEG;TR;ABS(1,SG);ERG(3,DU)	mʌɦɛmwʌkʌ
ɦɛm	V;PST;NEG;TR;ABS(3,DU);ERG(1,INCL,DU)	mʌɦɛmwʌkʌ
ɦɛm	V;PST;NEG;TR;ABS(3,SG);ERG(1,EXCL,DU)	mʌɦɛmwʌkʌ
ɦɛm	V;PST;POS;TR;ABS(1,EXCL,PL);ERG(2,DU)	ɦɛmtɛnu
ɦɛm	V;PST;POS;TR;ABS(1,INCL,DU);ERG(3,SG)	ɦɛmtɛnu
ɦɛm	V;PST;POS;TR;ABS(2,PL);ERG(1,EXCL,PL)	ʔiɦɛmtɛnu
ɦɛm	V;PST;POS;TR;ABS(3,DU);ERG(2,PL)	ʔiɦɛmtɛnu
ʔi	V;IMP;NEG;INTR;ABS(2,PL)	mʌʔiʔiʔi
ʔi	V;IMP;NEG;INTR;ABS(2,SG)	muʔiʔiʔi
ʔi	V;IMP;POS;INTR;ABS(2,DU)	ʔiʔiʔi
ʔi	V;IMP;POS;INTR;ABS(2,SG)	ʔiʔiʔi
ʔi	V;NFIN;POS;INTR	ʔiʔiʔi
ʔi	V;PRS;NEG;INTR;ABS(1,EXCL,PL)	mʌʔiʔiʔi
ʔi	V;PRS;NEG;INTR;ABS(1,INCL,DU)	mʌʔiʔiʔi
ʔi	V;PRS;NEG;INTR;ABS(1,INCL,PL)	mʌʔiʔiʔi
ʔi	V;PRS;NEG;INTR;ABS(2,SG)	mʌʔiʔiʔi
ʔi	V;PRS;NEG;INTR;ABS(3,PL)	mʌʔiʔiʔi
ʔi	V;PRS;POS;INTR;ABS(1,EXCL,PL)	ʔiʔiʔi
ʔi	V;PRS;POS;INTR;ABS(1,INCL,DU)	ʔiʔiʔi
ʔi	V;PRS;POS;INTR;ABS(2,PL)	ʔiʔiʔi
ʔi	V;PRS;POS;INTR;ABS(2,SG)	ʔiʔiʔi
ʔi	V;PRS;POS;INTR;ABS(3,PL)	ʔiʔiʔi
ʔi	V;PST;NEG;INTR;ABS(1,EXCL,PL)	mʌʔiʔiti
ʔi	V;PST;NEG;INTR;ABS(3,SG)	muʔiʔiʔi
ʔi	V;PST;POS;INTR;ABS(1,EXCL,PL)	ʔiʔiʔiti
ʔi	V;PST;POS;INTR;ABS(1,SG)	ʔiʔiʔiti
ʔi	V;PST;POS;INTR;ABS(2,DU)	ʔiʔiʔiti
ʔok	V;IMP;NEG;INTR;ABS(2,SG)	muʔokkʌ
ʔok	V;NFIN;POS;INTR	ʔoki
ʔok	V;PRS;NEG;INTR;ABS(1,INCL,PL)	mʌʔokkʌ
ʔok	V;PRS;NEG;INTR;ABS(2,DU)	mʌʔokkʌ
ʔok	V;PRS;NEG;INTR;ABS(2,PL)	mʌʔokkʌ
ʔok	V;PRS;NEG;INTR;ABS(2,SG)	mʌʔokkʌ
ʔok	V;PRS;NEG;INTR;ABS(3,DU)	mʌʔokkʌ
ʔok	V;PRS;POS;INTR;ABS(1,INCL,DU)	ʔokkʌ
ʔok	V;PRS;POS;INTR;ABS(1,INCL,PL)	ʔiʔokkʌ
ʔok	V;PRS;POS;INTR;ABS(2,DU)	ʔokkʌ
ʔok	V;PRS;POS;INTR;ABS(3,PL)	ʔokkʌ
ʔok	V;PRS;POS;INTR;ABS(3,SG)	ʔokkʌ
ʔok	V;PST;NEG;INTR;ABS(1,INCL,PL)	mʌʔokwɛnu
ʔok	V;PST;NEG;INTR;ABS(2,DU)	mʌʔokwɛnu
ʔok	V;PST;NEG;INTR;ABS(2,PL)	mʌʔokwɛnu
ʔok	V;PST;POS;INTR;ABS(1,EXCL,DU)	ʔoktʌkʌ
ʔok	V;PST;POS;INTR;ABS(1,SG)	ʔoktʌkʌ
ʔok	V;PST;POS;INTR;ABS(2,PL)	ʔoktʌkʌ
ʔok	V;PST;POS;INTR;ABS(3,DU)	ʔoktʌkʌ
ʔok	V;PST;POS;INTR;ABS(3,SG)	ʔoktʌkʌ
ʔont	V;IMP;NEG;TR;ABS(2,PL);ERG(1,EXCL,PL)	mʌʔoɔnu
ʔont	V;IMP;POS;TR;ABS(2,DU);ERG(1,EXCL,PL)	ʔiʔoːsti
ʔont	V;IMP;POS;TR;ABS(2,PL);ERG(3,SG)	ʔiʔoɔ̂ːsti
ʔont	V;IMP;POS;TR;ABS(2,SG);ERG(3,SG)	ʔiʔoɔ̂nnu
ʔont	V;PRS;NEG;TR;ABS(2,SG);ERG(3,SG)	mʌʔoɔ̂nnu
ʔont	V;PRS;NEG;TR;ABS(3,DU);ERG(1,EXCL,PL)	mʌʔoɔnu
ʔont	V;PRS;NEG;TR;ABS(3,DU);ERG(2,DU)	mʌʔoɔnu
ʔont	V;PRS;NEG;TR;ABS(3,PL);ERG(3,DU)	mʌʔoɔnu
ʔont	V;PRS;NEG;TR;ABS(3,SG);ERG(3,SG)	mʌʔoɔ̂nnu
ʔont	V;PRS;POS;TR;ABS(1,EXCL,DU);ERG(2,DU)	ʔiʔoːsti
ʔont	V;PRS;POS;TR;ABS(1,EXCL,PL);ERG(2,PL)	ʔiʔoːsti
ʔont	V;PRS;POS;TR;ABS(1,SG);ERG(2,PL)	ʔiʔoɔ̂nnu
ʔont	V;PRS;POS;TR;ABS(1,SG);ERG(3,DU)	ʔiʔoɔnti
ʔont	V;PRS;POS;TR;ABS(3,DU);ERG(3,SG)	ʔiʔoɔ̂nnu
ʔont	V;PRS;POS;TR;ABS(3,PL);ERG(1,EXCL,DU)	ʔiʔoːsti
ʔont	V;PST;NEG;TR;ABS(1,EXCL,PL);ERG(2,DU)	mʌʔoɔ̂nwɛnu
ʔont	V;PST;NEG;TR;ABS(1,SG);ERG(2,PL)	mʌʔoɔ̂nwɛnu
ʔont	V;PST;NEG;TR;ABS(3,DU);ERG(2,PL)	mʌʔoɔ̂nwɛnu
ʔont	V;PST;POS;TR;ABS(2,SG);ERG(3,SG)	ʔiʔoɔ̂ːstɛnu
ʔont	V;PST;POS;TR;ABS(3,PL);ERG(2,SG,FORM)	ʔiʔoːsti
ʦik	V;IMP;NEG;INTR;ABS(2,PL)	muʦiki
ʦik	V;NFIN;POS;INTR	ʦiki
ʦik	V;PRS;NEG;INTR;ABS(1,EXCL,PL)	mʌʦiki
ʦik	V;PRS;NEG;INTR;ABS(1,SG)	muʦiki
ʦik	V;PRS;NEG;INTR;ABS(2,DU)	mʌʦiki
ʦik	V;PRS;NEG;INTR;ABS(2,SG)	mʌʦiki
ʦik	V;PRS;NEG;INTR;ABS(3,DU)	mʌʦiki
ʦik	V;PRS;POS;INTR;ABS(1,EXCL,DU)	ʔiʦiki
ʦik	V;PRS;POS;INTR;ABS(1,EXCL,PL)	ʔiʦiki
ʦik	V;PRS;POS;INTR;ABS(1,INCL,PL)	ʔiʦiki
ʦik	V;PRS;POS;INTR;ABS(2,SG)	ʔiʦiki
ʦik	V;PRS;POS;INTR;ABS(3,DU)	ʔiʦiki
ʦik	V;PRS;POS;INTR;ABS(3,SG)	ʦiki
ʦik	V;PST;NEG;INTR;ABS(1,EXCL,DU)	muʦikwɛnu
ʦik	V;PST;NEG;INTR;ABS(1,INCL,DU)	muʦikwɛnu
ʦik	V;PST;NEG;INTR;ABS(1,INCL,PL)	mʌʦikwɛnu
ʦik	V;PST;NEG;INTR;ABS(2,PL)	mʌʦikwɛnu
ʦik	V;PST;NEG;INTR;ABS(2,SG)	mʌʦikwɛsu
ʦik	V;PST;POS;INTR;ABS(1,EXCL,PL)	ʔiʦiktʌkʌ
ʦik	V;PST;POS;INTR;ABS(3,PL)	ʔiʦiktʌkʌ
ʦir	V;IMP;NEG;TR;ABS(2,PL);ERG(3,DU)	mʌʦiri
ʦir	V;PRS;NEG;REFL;ABS(1,EXCL,DU)	mʌʦiri
ʦir	V;PRS;NEG;REFL;ABS(1,EXCL,PL)	mʌʦiri
ʦir	V;PRS;NEG;REFL;ABS(1,INCL,DU)	mʌʦiri
ʦir	V;PRS;NEG;TR;ABS(1,EXCL,DU);ERG(2,PL)	mʌʦiri
ʦir	V;PRS;NEG;TR;ABS(3,PL);ERG(3,DU)	mʌʦiri
ʦir	V;PRS;POS;TR;ABS(1,EXCL,DU);ERG(2,PL)	ʔiʦiri
ʦir	V;PRS;POS;TR;ABS(2,DU);ERG(1,EXCL,DU)	ʔiʦiri
ʦir	V;PRS;POS;TR;ABS(2,SG);ERG(1,EXCL,DU)	ʔiʦiri
ʦir	V;PRS;POS;TR;ABS(3,DU);ERG(1,INCL,PL)	ʔiʦiri
ʦir	V;PRS;POS;TR;ABS(3,SG);ERG(1,EXCL,PL)	ʔiʦiri
ʦir	V;PRS;POS;TR;ABS(3,SG);ERG(3,PL)	ʔiʦiri
ʦir	V;PST;NEG;TR;ABS(2,DU);ERG(3,PL)	mʌʦirwiki
ʦir	V;PST;NEG;TR;ABS(3,DU);ERG(3,DU)	mʌʦirwiki
ʦir	V;PST;NEG;TR;ABS(3,PL);ERG(3,DU)	mʌʦirwiki
ʦir	V;PST;POS;TR;ABS(1,EXCL,DU);ERG(3,SG)	ʔiʦirtʌkʌ
ʦir	V;PST;POS;TR;ABS(1,INCL,PL);ERG(3,DU)	ʔiʦirtʌkʌ
ʦir	V;PST;POS;TR;ABS(1,SG);ERG(2,PL)	ʔiʦirtʌkʌ
ʦir	V;PST;POS;TR;ABS(1,SG);ERG(3,PL)	ʔiʦirtʌkʌ
ʦir	V;PST;POS;TR;ABS(3,PL);ERG(1,EXCL,PL)	ʔiʦirtʌkʌ
ʦʰop	V;IMP;NEG;TR;ABS(2,DU);ERG(3,SG)	mʌʦʰoɔpkʌ
ʦʰop	V;PRS;NEG;TR;ABS(1,EXCL,DU);ERG(3,SG)	mʌʦʰoɔpkʌ
ʦʰop	V;PRS;NEG;TR;ABS(2,DU);ERG(1,EXCL,DU)	mʌʦʰoɔpkʌ
ʦʰop	V;PRS;NEG;TR;ABS(2,PL);ERG(1,EXCL,PL)	mʌʦʰoɔpkʌ
ʦʰop	V;PRS;NEG;TR;ABS(3,DU);ERG(2,SG,FORM)	mʌʦʰoɔpkʌ
ʦʰop	V;PRS;NEG;TR;ABS(3,DU);ERG(3,PL)	mʌʦʰoɔpkʌ
ʦʰop	V;PRS;POS;TR;ABS(1,EXCL,PL);ERG(2,DU)	ʦʰoɔpkʌ
ʦʰop	V;PRS;POS;TR;ABS(1,EXCL,PL);ERG(2,PL)	ʦʰoɔpkʌ
ʦʰop	V;PRS;POS;TR;ABS(1,INCL,PL);ERG(3,PL)	ʦʰoɔpkʌ
ʦʰop	V;PRS;POS;TR;ABS(3,DU);ERG(3,PL)	ʦʰoɔpkʌ
ʦʰop	V;PRS;POS;TR;ABS(3,PL);ERG(1,INCL,PL)	ʦʰoɔpkʌ
ʦʰop	V;PRS;POS;TR;ABS(3,SG);ERG(1,INCL,PL)	ʦʰoɔpkʌ
ʦʰop	V;PRS;POS;TR;ABS(3,SG);ERG(3,SG)	ʦʰoɔpkʌ
ʦʰop	V;PST;NEG;TR;ABS(1,EXCL,DU);ERG(2,SG,FORM)	mʌʦʰoɔpwɛnu
ʦʰop	V;PST;NEG;TR;ABS(3,DU);ERG(1,INCL,DU)	mʌʦʰoɔpwʌkʌ
ʦʰop	V;PST;NEG;TR;ABS(3,DU);ERG(3,PL)	mʌʦʰoɔpwɛnu
ʦʰop	V;PST;NEG;TR;ABS(3,PL);ERG(1,SG)	mʌʦʰoɔpwɛnu
ʦʰop	V;PST;POS;TR;ABS(1,EXCL,PL);ERG(3,PL)	ʦʰoɔptʌkʌ
ʦʰop	V;PST;POS;TR;ABS(1,SG);ERG(2,PL)	ʦʰoɔptʌkʌ
ʦʰop	V;PST;POS;TR;ABS(3,PL);ERG(3,SG)	ʦʰoɔptʌkʌ
ʦʰɛtt	V;IMP;NEG;REFL;ABS(2,PL)	mʌʦʰɛtti
ʦʰɛtt	V;IMP;POS;TR;ABS(2,PL);ERG(1,EXCL,PL)	ʦʰɛtti
ʦʰɛtt	V;IMP;POS;TR;ABS(2,PL);ERG(1,SG)	ʦʰɛtti
ʦʰɛtt	V;PRS;NEG;TR;ABS(1,EXCL,PL);ERG(3,SG)	mʌʦʰɛsu
ʦʰɛtt	V;PRS;POS;TR;ABS(1,EXCL,PL);ERG(3,DU)	ʦʰɛttʌkʌ
ʦʰɛtt	V;PRS;POS;TR;ABS(1,INCL,PL);ERG(3,PL)	ʦʰɛttʌkʌ
ʦʰɛtt	V;PRS;POS;TR;ABS(2,DU);ERG(1,EXCL,PL)	ʦʰɛ̂ːsti
ʦʰɛtt	V;PRS;POS;TR;ABS(2,SG);ERG(3,DU)	ʦʰɛttʌkʌ
ʦʰɛtt	V;PRS;POS;TR;ABS(3,DU);ERG(2,PL)	ʦʰɛttʌkʌ
ʦʰɛtt	V;PRS;POS;TR;ABS(3,PL);ERG(3,PL)	ʦʰɛttʌkʌ
ʦʰɛtt	V;PST;NEG;TR;ABS(1,INCL,PL);ERG(3,PL)	mʌʦʰɛtwʌkʌ
ʦʰɛtt	V;PST;NEG;TR;ABS(3,SG);ERG(3,DU)	mʌʦʰɛtwʌkʌ
ʦʰɛtt	V;PST;POS;REFL;ABS(1,EXCL,PL)	ʦʰɛttiti
ʦʰɛtt	V;PST;POS;TR;ABS(1,EXCL,DU);ERG(2,PL)	ʦʰɛttʌkʌ
ʦʰɛtt	V;PST;POS;TR;ABS(1,EXCL,PL);ERG(2,SG,FORM)	ʦʰɛttʌkʌ
ʦʰɛtt	V;PST;POS;TR;ABS(1,SG);ERG(2,PL)	ʦʰɛttʌkʌ
ʦʰɛtt	V;PST;POS;TR;ABS(2,PL);ERG(3,PL)	ʦʰɛttiti
ʦʰɛtt	V;PST;POS;TR;ABS(3,DU);ERG(3,PL)	ʦʰɛttʌkʌ
ʦʰɛtt	V;PST;POS;TR;ABS(3,PL);ERG(1,EXCL,DU)	ʦʰɛttʌkʌ
ʦʰɛtt	V;PST;POS;TR;ABS(3,PL);ERG(1,INCL,PL)	ʦʰɛttʌkʌ
accuracy:0.047