adiníłdíín	V;IND;PFV;NOM(1,GRPL)	adiiniłdíín
adiníłdíín	V;IND;PFV;NOM(1,PL)	adiiniłdíín
adiníłdíín	V;IND;PFV;NOM(1,SG)	adiiníłdíín
adiníłdíín	V;IND;PFV;NOM(2,GRPL)	adiiniłdíín
adiníłdíín	V;IND;PFV;NOM(2,PL)	adiiniłdíín
adiníłdíín	V;IND;PFV;NOM(2,SG)	adiníłdíín
adiníłdíín	V;IND;PFV;NOM(3,GRPL)	adiiniłdíín
adiníłdíín	V;IND;PFV;NOM(3,PL)	adiiniłdíín
adiníłdíín	V;IND;PFV;NOM(3,SG)	adiiníłdíín
adiníłdíín	V;IND;PFV;NOM(4,GRPL)	ajiníłdíín
adiníłdíín	V;IND;PFV;NOM(4,PL)	jííníłdíín
adiníłdíín	V;IND;PFV;NOM(4,SG)	jííníłdíín
aheełtʼé	V;IND;PFV;NOM(1,GRPL)	aheełtʼé
aheełtʼé	V;IND;PFV;NOM(1,PL)	aheełtʼé
aheełtʼé	V;IND;PFV;NOM(1,SG)	aheełtʼé
aheełtʼé	V;IND;PFV;NOM(2,GRPL)	aheełtʼé
aheełtʼé	V;IND;PFV;NOM(2,PL)	aheełtʼé
aheełtʼé	V;IND;PFV;NOM(2,SG)	aheełtʼé
aheełtʼé	V;IND;PFV;NOM(3,GRPL)	aheełtʼé
aheełtʼé	V;IND;PFV;NOM(3,PL)	aheełtʼé
aheełtʼé	V;IND;PFV;NOM(3,SG)	aheełtʼé
aheełtʼé	V;IND;PFV;NOM(4,GRPL)	jííłtʼé
aheełtʼé	V;IND;PFV;NOM(4,PL)	jííłtʼé
aheełtʼé	V;IND;PFV;NOM(4,SG)	jííłtʼé
diłhił	V;IND;PFV;NOM(1,GRPL)	diłhił
diłhił	V;IND;PFV;NOM(1,PL)	diłhił
diłhił	V;IND;PFV;NOM(1,SG)	diłhił
diłhił	V;IND;PFV;NOM(2,GRPL)	diłhił
diłhił	V;IND;PFV;NOM(2,PL)	diłhił
diłhił	V;IND;PFV;NOM(2,SG)	diłhił
diłhił	V;IND;PFV;NOM(3,GRPL)	diilhił
diłhił	V;IND;PFV;NOM(3,PL)	diilhił
diłhił	V;IND;PFV;NOM(3,SG)	diłhił
diłhił	V;IND;PFV;NOM(4,GRPL)	dajiłhił
diłhił	V;IND;PFV;NOM(4,PL)	dajiłhił
diłhił	V;IND;PFV;NOM(4,SG)	jiłhił
diʼil	V;IND;PFV;NOM(1,GRPL)	diʼil
diʼil	V;IND;PFV;NOM(1,PL)	diʼil
diʼil	V;IND;PFV;NOM(1,SG)	diʼil
diʼil	V;IND;PFV;NOM(2,GRPL)	diʼil
diʼil	V;IND;PFV;NOM(2,PL)	diʼil
diʼil	V;IND;PFV;NOM(2,SG)	diʼil
diʼil	V;IND;PFV;NOM(3,GRPL)	diʼil
diʼil	V;IND;PFV;NOM(3,PL)	diʼil
diʼil	V;IND;PFV;NOM(3,SG)	diʼil
diʼil	V;IND;PFV;NOM(4,GRPL)	dajiʼil
diʼil	V;IND;PFV;NOM(4,PL)	dajiʼil
diʼil	V;IND;PFV;NOM(4,SG)	jiʼil
hashké	V;IND;IPFV;NOM(1,GRPL)	hashké
hashké	V;IND;IPFV;NOM(1,PL)	hashké
hashké	V;IND;IPFV;NOM(1,SG)	hashké
hashké	V;IND;IPFV;NOM(2,GRPL)	hashké
hashké	V;IND;IPFV;NOM(2,PL)	hashké
hashké	V;IND;IPFV;NOM(2,SG)	hashké
hashké	V;IND;IPFV;NOM(3,GRPL)	hashké
hashké	V;IND;IPFV;NOM(3,PL)	hashké
hashké	V;IND;IPFV;NOM(3,SG)	hashké
hashké	V;IND;IPFV;NOM(4,GRPL)	hajííshké
hashké	V;IND;IPFV;NOM(4,PL)	hajííshké
hashké	V;IND;IPFV;NOM(4,SG)	hajííshké
hashké	V;IND;PFV;NOM(1,GRPL)	hashké
hashké	V;IND;PFV;NOM(1,PL)	hashké
hashké	V;IND;PFV;NOM(1,SG)	hashké
hashké	V;IND;PFV;NOM(2,GRPL)	hashké
hashké	V;IND;PFV;NOM(2,PL)	hashké
hashké	V;IND;PFV;NOM(2,SG)	hashké
hashké	V;IND;PFV;NOM(3,GRPL)	hashké
hashké	V;IND;PFV;NOM(3,PL)	hashké
hashké	V;IND;PFV;NOM(3,SG)	hashké
hashké	V;IND;PFV;NOM(4,GRPL)	hajííshké
hashké	V;IND;PFV;NOM(4,PL)	hajííshké
hashké	V;IND;PFV;NOM(4,SG)	hajííshké
iildlóósh	V;IND;IPFV;NOM(1,GRPL)	iildlóósh
iildlóósh	V;IND;IPFV;NOM(2,GRPL)	iildlóósh
iildlóósh	V;IND;IPFV;NOM(2,PL)	iildlóósh
iildlóósh	V;IND;IPFV;NOM(2,SG)	iildlóósh
iildlóósh	V;IND;IPFV;NOM(3,PL)	iildlóósh
iildlóósh	V;IND;IPFV;NOM(3,SG)	iildlóósh
iildlóósh	V;IND;IPFV;NOM(4,GRPL)	jííldlóósh
iildlóósh	V;IND;IPFV;NOM(4,PL)	jííldlóósh
iildlóósh	V;IND;PFV;NOM(1,GRPL)	iildlóósh
iildlóósh	V;IND;PFV;NOM(1,SG)	iildlóósh
iildlóósh	V;IND;PFV;NOM(2,GRPL)	iildlóósh
iildlóósh	V;IND;PFV;NOM(2,PL)	iildlóósh
iildlóósh	V;IND;PFV;NOM(3,GRPL)	iildlóósh
iildlóósh	V;IND;PFV;NOM(3,PL)	iildlóósh
iildlóósh	V;IND;PFV;NOM(3,SG)	iildlóósh
iildlóósh	V;IND;PFV;NOM(4,PL)	jííldlóósh
iildlóósh	V;IND;PFV;NOM(4,SG)	jííldlóósh
iildlóósh	V;IND;PROSP;NOM(1,PL)	iildlóósh
iildlóósh	V;IND;PROSP;NOM(1,SG)	iildlóósh
iildlóósh	V;IND;PROSP;NOM(2,SG)	iildlóósh
iildlóósh	V;IND;PROSP;NOM(3,PL)	iildlóósh
iildlóósh	V;IND;PROSP;NOM(4,PL)	jííldlóósh
iizǫ́ǫ́s	V;IND;IPFV;NOM(1,GRPL)	iizǫ́ǫ́s
iizǫ́ǫ́s	V;IND;IPFV;NOM(1,PL)	iizǫ́ǫ́s
iizǫ́ǫ́s	V;IND;IPFV;NOM(1,SG)	iizǫ́ǫ́s
iizǫ́ǫ́s	V;IND;IPFV;NOM(2,GRPL)	iizǫ́ǫ́s
iizǫ́ǫ́s	V;IND;IPFV;NOM(3,GRPL)	iizǫ́ǫ́s
iizǫ́ǫ́s	V;IND;IPFV;NOM(3,SG)	iizǫ́ǫ́s
iizǫ́ǫ́s	V;IND;IPFV;NOM(4,GRPL)	jizǫ́ǫ́s
iizǫ́ǫ́s	V;IND;IPFV;NOM(4,PL)	jizǫ́ǫ́s
iizǫ́ǫ́s	V;IND;PFV;NOM(1,SG)	iizǫ́ǫ́s
iizǫ́ǫ́s	V;IND;PFV;NOM(2,GRPL)	iizǫ́ǫ́s
iizǫ́ǫ́s	V;IND;PFV;NOM(2,SG)	iizǫ́ǫ́s
iizǫ́ǫ́s	V;IND;PFV;NOM(3,GRPL)	iizǫ́ǫ́s
iizǫ́ǫ́s	V;IND;PFV;NOM(3,SG)	iizǫ́ǫ́s
iizǫ́ǫ́s	V;IND;PFV;NOM(4,GRPL)	jizǫ́ǫ́s
iizǫ́ǫ́s	V;IND;PFV;NOM(4,SG)	jizǫ́ǫ́s
iizǫ́ǫ́s	V;IND;PROSP;NOM(1,PL)	iizǫ́ǫ́s
iizǫ́ǫ́s	V;IND;PROSP;NOM(1,SG)	iizǫ́ǫ́s
iizǫ́ǫ́s	V;IND;PROSP;NOM(2,GRPL)	iizǫ́ǫ́s
iizǫ́ǫ́s	V;IND;PROSP;NOM(3,GRPL)	iizǫ́ǫ́s
iizǫ́ǫ́s	V;IND;PROSP;NOM(3,SG)	iizǫ́ǫ́s
iizǫ́ǫ́s	V;IND;PROSP;NOM(4,GRPL)	jizǫ́ǫ́s
iizǫ́ǫ́s	V;IND;PROSP;NOM(4,PL)	jizǫ́ǫ́s
iizǫ́ǫ́s	V;IND;PROSP;NOM(4,SG)	jizǫ́ǫ́s
naadá	V;IND;IPFV;NOM(1,GRPL)	naadá
naadá	V;IND;IPFV;NOM(2,GRPL)	naadá
naadá	V;IND;IPFV;NOM(2,SG)	naadá
naadá	V;IND;IPFV;NOM(3,GRPL)	naadá
naadá	V;IND;IPFV;NOM(4,SG)	jíídá
naadá	V;IND;PFV;NOM(1,PL)	naadá
naadá	V;IND;PFV;NOM(2,GRPL)	ndadiidoodá
naadá	V;IND;PFV;NOM(2,PL)	naadá
naadá	V;IND;PFV;NOM(2,SG)	naadá
naadá	V;IND;PFV;NOM(3,GRPL)	naadá
naadá	V;IND;PFV;NOM(3,PL)	naashdá
naadá	V;IND;PFV;NOM(3,SG)	naadá
naadá	V;IND;PFV;NOM(4,GRPL)	ndajizdá
naadá	V;IND;PFV;NOM(4,PL)	jíídá
naadá	V;IND;PFV;NOM(4,SG)	jíídá
naadá	V;IND;PROSP;NOM(1,GRPL)	ndeiidoodá
naadá	V;IND;PROSP;NOM(1,PL)	ndadiidoodá
naadá	V;IND;PROSP;NOM(2,GRPL)	ndeiidoodá
naadá	V;IND;PROSP;NOM(2,SG)	ndoohdá
naadá	V;IND;PROSP;NOM(3,GRPL)	ndeiidoodá
naadá	V;IND;PROSP;NOM(3,SG)	naashdá
naadá	V;IND;PROSP;NOM(4,GRPL)	ndajidoodá
naadá	V;IND;PROSP;NOM(4,PL)	ndajidoodá
naaljooł	V;IND;IPFV;NOM(1,GRPL)	naashjooł
naaljooł	V;IND;IPFV;NOM(1,PL)	naashjooł
naaljooł	V;IND;IPFV;NOM(1,SG)	naashjooł
naaljooł	V;IND;IPFV;NOM(2,GRPL)	naashjooł
naaljooł	V;IND;IPFV;NOM(2,PL)	naashjooł
naaljooł	V;IND;IPFV;NOM(3,GRPL)	naashjooł
naaljooł	V;IND;IPFV;NOM(3,SG)	naashjooł
naaljooł	V;IND;IPFV;NOM(4,GRPL)	ndajiljooł
naaljooł	V;IND;IPFV;NOM(4,PL)	ndajiljooł
naaljooł	V;IND;PFV;NOM(1,GRPL)	naashjooł
naaljooł	V;IND;PFV;NOM(1,SG)	naashjooł
naaljooł	V;IND;PFV;NOM(2,GRPL)	naashjooł
naaljooł	V;IND;PFV;NOM(2,PL)	naashjooł
naaljooł	V;IND;PFV;NOM(3,GRPL)	naashjooł
naaljooł	V;IND;PFV;NOM(3,PL)	naashjooł
naaljooł	V;IND;PFV;NOM(4,PL)	ndajiljooł
naaljooł	V;IND;PFV;NOM(4,SG)	ndajiljooł
naaljooł	V;IND;PROSP;NOM(1,GRPL)	ndadiiljooł
naaljooł	V;IND;PROSP;NOM(2,PL)	naashjooł
naaljooł	V;IND;PROSP;NOM(3,PL)	naashjooł
naaljooł	V;IND;PROSP;NOM(3,SG)	naashjooł
naaljooł	V;IND;PROSP;NOM(4,GRPL)	ndajiljooł
naaljooł	V;IND;PROSP;NOM(4,PL)	ndajiljooł
naamaas	V;IND;IPFV;NOM(1,GRPL)	naashmaas
naamaas	V;IND;IPFV;NOM(1,PL)	naamaas
naamaas	V;IND;IPFV;NOM(1,SG)	naamaas
naamaas	V;IND;IPFV;NOM(2,PL)	naamaas
naamaas	V;IND;IPFV;NOM(3,PL)	naamaas
naamaas	V;IND;IPFV;NOM(3,SG)	naamaas
naamaas	V;IND;IPFV;NOM(4,GRPL)	ndajizmaas
naamaas	V;IND;IPFV;NOM(4,PL)	njizmaas
naamaas	V;IND;IPFV;NOM(4,SG)	njizmaas
naamaas	V;IND;PFV;NOM(1,PL)	naashmaas
naamaas	V;IND;PFV;NOM(1,SG)	naamaas
naamaas	V;IND;PFV;NOM(2,GRPL)	naashmaas
naamaas	V;IND;PFV;NOM(3,GRPL)	naashmaas
naamaas	V;IND;PFV;NOM(3,PL)	naamaas
naamaas	V;IND;PFV;NOM(3,SG)	naamaas
naamaas	V;IND;PFV;NOM(4,GRPL)	ndajizmaas
naamaas	V;IND;PROSP;NOM(1,PL)	naashmaas
naamaas	V;IND;PROSP;NOM(1,SG)	naashmaas
naamaas	V;IND;PROSP;NOM(2,SG)	naashmaas
naamaas	V;IND;PROSP;NOM(3,SG)	naashmaas
naamaas	V;IND;PROSP;NOM(4,PL)	ndajizmaas
naamaas	V;IND;PROSP;NOM(4,SG)	njidoomas
naataz	V;IND;IPFV;NOM(1,GRPL)	naataz
naataz	V;IND;IPFV;NOM(1,SG)	naataz
naataz	V;IND;IPFV;NOM(2,GRPL)	naataz
naataz	V;IND;IPFV;NOM(2,PL)	naataz
naataz	V;IND;IPFV;NOM(2,SG)	naataz
naataz	V;IND;IPFV;NOM(3,GRPL)	naataz
naataz	V;IND;IPFV;NOM(3,PL)	naataz
naataz	V;IND;IPFV;NOM(3,SG)	naataz
naataz	V;IND;IPFV;NOM(4,PL)	jíítaz
naataz	V;IND;IPFV;NOM(4,SG)	jíítaz
naataz	V;IND;PFV;NOM(1,SG)	naataz
naataz	V;IND;PFV;NOM(2,GRPL)	ndadiitaz
naataz	V;IND;PFV;NOM(2,PL)	naataz
naataz	V;IND;PFV;NOM(2,SG)	naataz
naataz	V;IND;PFV;NOM(3,GRPL)	naataz
naataz	V;IND;PFV;NOM(3,PL)	naataz
naataz	V;IND;PFV;NOM(3,SG)	naataz
naataz	V;IND;PROSP;NOM(1,GRPL)	ndeiitaz
naataz	V;IND;PROSP;NOM(2,GRPL)	ndadiitaz
naataz	V;IND;PROSP;NOM(3,PL)	naashtaz
naataz	V;IND;PROSP;NOM(3,SG)	naashtaz
naataz	V;IND;PROSP;NOM(4,GRPL)	ndajitaz
naataz	V;IND;PROSP;NOM(4,SG)	ndajitaz
neitłeeh	V;IND;IPFV;NOM(1,GRPL)	nishtłeeh
neitłeeh	V;IND;IPFV;NOM(1,PL)	nishtłeeh
neitłeeh	V;IND;IPFV;NOM(1,SG)	nishtłeeh
neitłeeh	V;IND;IPFV;NOM(2,GRPL)	ndeiitłeeh
neitłeeh	V;IND;IPFV;NOM(2,PL)	neitłeeh
neitłeeh	V;IND;IPFV;NOM(3,GRPL)	ndeiitłeeh
neitłeeh	V;IND;IPFV;NOM(3,SG)	neitłeeh
neitłeeh	V;IND;IPFV;NOM(4,GRPL)	ndajitłeeh
neitłeeh	V;IND;IPFV;NOM(4,PL)	nijitłeeh
neitłeeh	V;IND;IPFV;NOM(4,SG)	nijitłeeh
neitłeeh	V;IND;PFV;NOM(1,PL)	nishtłeeh
neitłeeh	V;IND;PFV;NOM(2,GRPL)	ndeiitłeeh
neitłeeh	V;IND;PFV;NOM(2,SG)	neitłeeh
neitłeeh	V;IND;PFV;NOM(3,GRPL)	ndeiitłeeh
neitłeeh	V;IND;PFV;NOM(4,SG)	nijitłeeh
neitłeeh	V;IND;PROSP;NOM(1,GRPL)	ndeiitłeeh
neitłeeh	V;IND;PROSP;NOM(1,PL)	ndeiitłeeh
neitłeeh	V;IND;PROSP;NOM(2,PL)	ndeiitłeeh
neitłeeh	V;IND;PROSP;NOM(2,SG)	ndeiitłeeh
neitłeeh	V;IND;PROSP;NOM(3,GRPL)	ndeiitłeeh
neitłeeh	V;IND;PROSP;NOM(4,GRPL)	ndajitłeeh
neitłeeh	V;IND;PROSP;NOM(4,PL)	nijitłeeh
neitłeeh	V;IND;PROSP;NOM(4,SG)	nijitłeeh
neiłbąąs	V;IND;IPFV;NOM(1,GRPL)	ndeiilbąąs
neiłbąąs	V;IND;IPFV;NOM(3,GRPL)	ndeiilbąąs
neiłbąąs	V;IND;IPFV;NOM(3,PL)	neidoołbąąs
neiłbąąs	V;IND;IPFV;NOM(4,PL)	njiłbąąs
neiłbąąs	V;IND;PFV;NOM(1,GRPL)	ndeiilbąąs
neiłbąąs	V;IND;PFV;NOM(1,PL)	neidoołbąąs
neiłbąąs	V;IND;PFV;NOM(1,SG)	nishbąąs
neiłbąąs	V;IND;PFV;NOM(2,GRPL)	ndeiilbąąs
neiłbąąs	V;IND;PFV;NOM(2,PL)	ndadiilbąąs
neiłbąąs	V;IND;PFV;NOM(2,SG)	ndadiilbąąs
neiłbąąs	V;IND;PFV;NOM(3,GRPL)	ndeiilbąąs
neiłbąąs	V;IND;PFV;NOM(3,PL)	neidoołbąąs
neiłbąąs	V;IND;PFV;NOM(3,SG)	neidoołbąąs
neiłbąąs	V;IND;PFV;NOM(4,GRPL)	ndajiłbąąs
neiłbąąs	V;IND;PFV;NOM(4,SG)	njiłbąąs
neiłbąąs	V;IND;PROSP;NOM(1,PL)	nidoołbąąs
neiłbąąs	V;IND;PROSP;NOM(2,GRPL)	ndoołbąąs
neiłbąąs	V;IND;PROSP;NOM(2,PL)	ndoołbąąs
neiłbąąs	V;IND;PROSP;NOM(3,PL)	nidoołbąąs
neiłbąąs	V;IND;PROSP;NOM(3,SG)	nidoołbąąs
neiłbąąs	V;IND;PROSP;NOM(4,GRPL)	ndajiłbąąs
neiłbąąs	V;IND;PROSP;NOM(4,PL)	njiłbąąs
neiłbąąs	V;IND;PROSP;NOM(4,SG)	njiłbąąs
neiłgizh	V;IND;IPFV;NOM(2,GRPL)	ndeiilgizh
neiłgizh	V;IND;IPFV;NOM(2,PL)	ndeiilgizh
neiłgizh	V;IND;IPFV;NOM(3,PL)	ndeiilgizh
neiłgizh	V;IND;IPFV;NOM(3,SG)	neiłgizh
neiłgizh	V;IND;IPFV;NOM(4,GRPL)	ndajiłgizh
neiłgizh	V;IND;IPFV;NOM(4,SG)	njiłgizh
neiłgizh	V;IND;PFV;NOM(1,PL)	nishgizh
neiłgizh	V;IND;PFV;NOM(1,SG)	nishgizh
neiłgizh	V;IND;PFV;NOM(2,GRPL)	ndeiilgizh
neiłgizh	V;IND;PFV;NOM(2,PL)	ndeiilgizh
neiłgizh	V;IND;PFV;NOM(2,SG)	neiłgizh
neiłgizh	V;IND;PFV;NOM(3,GRPL)	ndeiilgizh
neiłgizh	V;IND;PFV;NOM(3,SG)	nishgizh
neiłgizh	V;IND;PFV;NOM(4,SG)	njiłgizh
neiłgizh	V;IND;PROSP;NOM(1,GRPL)	ndoołgizh
neiłgizh	V;IND;PROSP;NOM(1,PL)	nidoołgizh
neiłgizh	V;IND;PROSP;NOM(2,GRPL)	ndoołgizh
neiłgizh	V;IND;PROSP;NOM(2,PL)	ndoołgizh
neiłgizh	V;IND;PROSP;NOM(2,SG)	ndoołgizh
neiłgizh	V;IND;PROSP;NOM(3,GRPL)	nidoołgizh
neiłgizh	V;IND;PROSP;NOM(3,SG)	nidoołgizh
neiłgizh	V;IND;PROSP;NOM(4,GRPL)	ndajiłgizh
neiłgizh	V;IND;PROSP;NOM(4,SG)	njiłgizh
neiłmaas	V;IND;IPFV;NOM(1,SG)	neiłmaas
neiłmaas	V;IND;IPFV;NOM(2,GRPL)	ndeiilmaas
neiłmaas	V;IND;IPFV;NOM(2,SG)	neiłmaas
neiłmaas	V;IND;IPFV;NOM(3,GRPL)	ndeiilmaas
neiłmaas	V;IND;IPFV;NOM(3,PL)	ndeiilmaas
neiłmaas	V;IND;IPFV;NOM(3,SG)	neiłmaas
neiłmaas	V;IND;IPFV;NOM(4,PL)	njiłmaas
neiłmaas	V;IND;IPFV;NOM(4,SG)	njiłmaas
neiłmaas	V;IND;PFV;NOM(1,PL)	ndeiilmaas
neiłmaas	V;IND;PFV;NOM(2,GRPL)	ndeiilmaas
neiłmaas	V;IND;PFV;NOM(2,PL)	ndeiilmaas
neiłmaas	V;IND;PFV;NOM(2,SG)	neiłmaas
neiłmaas	V;IND;PFV;NOM(3,GRPL)	ndeiilmaas
neiłmaas	V;IND;PFV;NOM(3,PL)	ndeiilmaas
neiłmaas	V;IND;PFV;NOM(3,SG)	neiłmaas
neiłmaas	V;IND;PFV;NOM(4,GRPL)	ndajiłmaas
neiłmaas	V;IND;PROSP;NOM(1,GRPL)	ndeiilmaas
neiłmaas	V;IND;PROSP;NOM(1,PL)	ndeiilmaas
neiłmaas	V;IND;PROSP;NOM(2,GRPL)	ndeiilmaas
neiłmaas	V;IND;PROSP;NOM(2,SG)	ndoołmaas
neiłmaas	V;IND;PROSP;NOM(3,GRPL)	ndeiilmaas
neiłmaas	V;IND;PROSP;NOM(3,SG)	nidoołmas
neiłmaas	V;IND;PROSP;NOM(4,SG)	njiłmaas
neiłtseed	V;IND;IPFV;NOM(1,GRPL)	ndeiiltseed
neiłtseed	V;IND;IPFV;NOM(1,PL)	ndeiiltseed
neiłtseed	V;IND;IPFV;NOM(2,GRPL)	ndeiiltseed
neiłtseed	V;IND;IPFV;NOM(2,PL)	ndeiiltseed
neiłtseed	V;IND;IPFV;NOM(4,PL)	njiłtseed
neiłtseed	V;IND;IPFV;NOM(4,SG)	njiłtseed
neiłtseed	V;IND;PFV;NOM(1,GRPL)	ndeiiltseed
neiłtseed	V;IND;PFV;NOM(1,PL)	ndeiiltseed
neiłtseed	V;IND;PFV;NOM(1,SG)	nishtseed
neiłtseed	V;IND;PFV;NOM(2,GRPL)	ndeiiltseed
neiłtseed	V;IND;PFV;NOM(3,GRPL)	ndeiiltseed
neiłtseed	V;IND;PFV;NOM(3,PL)	ndeiiltseed
neiłtseed	V;IND;PFV;NOM(3,SG)	ndeiiltseed
neiłtseed	V;IND;PFV;NOM(4,GRPL)	ndajiłtseed
neiłtseed	V;IND;PFV;NOM(4,PL)	njiłtseed
neiłtseed	V;IND;PROSP;NOM(1,GRPL)	ndoołtseed
neiłtseed	V;IND;PROSP;NOM(1,PL)	nidoołtseed
neiłtseed	V;IND;PROSP;NOM(1,SG)	ndeiiltseed
neiłtseed	V;IND;PROSP;NOM(2,GRPL)	ndoołtseed
neiłtseed	V;IND;PROSP;NOM(2,SG)	ndoołtseed
neiłtseed	V;IND;PROSP;NOM(3,PL)	nidoołtseed
neiłtseed	V;IND;PROSP;NOM(3,SG)	nidoołtseed
neiłtseed	V;IND;PROSP;NOM(4,SG)	njiłtseed
neiłtʼiʼ	V;IND;IPFV;NOM(1,GRPL)	ndeiiltʼiʼ
neiłtʼiʼ	V;IND;IPFV;NOM(1,PL)	neiłtʼiʼ
neiłtʼiʼ	V;IND;IPFV;NOM(2,GRPL)	ndeiiltʼiʼ
neiłtʼiʼ	V;IND;IPFV;NOM(3,GRPL)	ndeiiltʼiʼ
neiłtʼiʼ	V;IND;IPFV;NOM(3,PL)	ndeiiltʼiʼ
neiłtʼiʼ	V;IND;IPFV;NOM(3,SG)	neiłtʼiʼ
neiłtʼiʼ	V;IND;IPFV;NOM(4,PL)	njiłtʼiʼ
neiłtʼiʼ	V;IND;PFV;NOM(1,GRPL)	ndeiiltʼiʼ
neiłtʼiʼ	V;IND;PFV;NOM(1,SG)	neiłtʼiʼ
neiłtʼiʼ	V;IND;PFV;NOM(2,GRPL)	ndeiiltʼiʼ
neiłtʼiʼ	V;IND;PFV;NOM(2,PL)	neidoołtʼiʼ
neiłtʼiʼ	V;IND;PFV;NOM(2,SG)	neiłtʼiʼ
neiłtʼiʼ	V;IND;PFV;NOM(3,SG)	neiłtʼiʼ
neiłtʼiʼ	V;IND;PFV;NOM(4,PL)	njiłtʼiʼ
neiłtʼiʼ	V;IND;PFV;NOM(4,SG)	njiłtʼiʼ
neiłtʼiʼ	V;IND;PROSP;NOM(1,GRPL)	nidoołtʼiʼ
neiłtʼiʼ	V;IND;PROSP;NOM(1,PL)	nidoołtʼiʼ
neiłtʼiʼ	V;IND;PROSP;NOM(1,SG)	ndeiiltʼiʼ
neiłtʼiʼ	V;IND;PROSP;NOM(2,PL)	ndoołtʼiʼ
neiłtʼiʼ	V;IND;PROSP;NOM(2,SG)	ndoołtʼiʼ
neiłtʼiʼ	V;IND;PROSP;NOM(3,PL)	nidoołtʼiʼ
neiłtʼiʼ	V;IND;PROSP;NOM(4,PL)	nijiłtʼiʼ
neiłtʼiʼ	V;IND;PROSP;NOM(4,SG)	njiłtʼiʼ
neiʼeesh	V;IND;IPFV;NOM(1,PL)	neiʼeesh
neiʼeesh	V;IND;IPFV;NOM(1,SG)	neiʼeesh
neiʼeesh	V;IND;IPFV;NOM(2,GRPL)	neiʼeesh
neiʼeesh	V;IND;IPFV;NOM(2,PL)	neiʼeesh
neiʼeesh	V;IND;IPFV;NOM(2,SG)	neiʼeesh
neiʼeesh	V;IND;IPFV;NOM(3,PL)	neiʼeesh
neiʼeesh	V;IND;IPFV;NOM(4,SG)	njiʼeesh
neiʼeesh	V;IND;PFV;NOM(1,PL)	neiʼeesh
neiʼeesh	V;IND;PFV;NOM(1,SG)	neiʼeesh
neiʼeesh	V;IND;PFV;NOM(2,GRPL)	ndeiiʼeesh
neiʼeesh	V;IND;PFV;NOM(2,PL)	neiʼeesh
neiʼeesh	V;IND;PFV;NOM(2,SG)	neiʼeesh
neiʼeesh	V;IND;PFV;NOM(3,GRPL)	neiʼeesh
neiʼeesh	V;IND;PFV;NOM(4,GRPL)	ndajiʼeesh
neiʼeesh	V;IND;PROSP;NOM(1,GRPL)	ndeiiʼeesh
neiʼeesh	V;IND;PROSP;NOM(1,SG)	neiʼeesh
neiʼeesh	V;IND;PROSP;NOM(2,GRPL)	ndeiiʼeesh
neiʼeesh	V;IND;PROSP;NOM(2,SG)	neiʼeesh
neiʼeesh	V;IND;PROSP;NOM(3,GRPL)	ndeiiʼeesh
neiʼeesh	V;IND;PROSP;NOM(3,PL)	neiʼeesh
neiʼeesh	V;IND;PROSP;NOM(4,GRPL)	ndajiʼeesh
neiʼeesh	V;IND;PROSP;NOM(4,PL)	nijiʼeesh
neiʼeesh	V;IND;PROSP;NOM(4,SG)	nijiʼeesh
noodǫ́ǫ́z	V;IND;PFV;NOM(1,GRPL)	noodǫ́ǫ́z
noodǫ́ǫ́z	V;IND;PFV;NOM(1,PL)	noodǫ́ǫ́z
noodǫ́ǫ́z	V;IND;PFV;NOM(1,SG)	noodǫ́ǫ́z
noodǫ́ǫ́z	V;IND;PFV;NOM(2,GRPL)	noodǫ́ǫ́z
noodǫ́ǫ́z	V;IND;PFV;NOM(2,PL)	noodǫ́ǫ́z
noodǫ́ǫ́z	V;IND;PFV;NOM(2,SG)	noodǫ́ǫ́z
noodǫ́ǫ́z	V;IND;PFV;NOM(3,GRPL)	noodǫ́ǫ́z
noodǫ́ǫ́z	V;IND;PFV;NOM(3,PL)	noodǫ́ǫ́z
noodǫ́ǫ́z	V;IND;PFV;NOM(3,SG)	noodǫ́ǫ́z
noodǫ́ǫ́z	V;IND;PFV;NOM(4,GRPL)	noodǫ́ǫ́z
noodǫ́ǫ́z	V;IND;PFV;NOM(4,PL)	noodǫ́ǫ́z
noodǫ́ǫ́z	V;IND;PFV;NOM(4,SG)	noodǫ́ǫ́z
yichʼid	V;IND;IPFV;NOM(1,GRPL)	deiichʼid
yichʼid	V;IND;IPFV;NOM(1,SG)	yishchʼid
yichʼid	V;IND;IPFV;NOM(2,GRPL)	deiichʼid
yichʼid	V;IND;IPFV;NOM(2,PL)	yishchʼid
yichʼid	V;IND;IPFV;NOM(3,GRPL)	yiichʼid
yichʼid	V;IND;IPFV;NOM(3,PL)	yiichʼid
yichʼid	V;IND;IPFV;NOM(3,SG)	yishchʼid
yichʼid	V;IND;IPFV;NOM(4,GRPL)	jichʼid
yichʼid	V;IND;IPFV;NOM(4,SG)	jichʼid
yichʼid	V;IND;PFV;NOM(1,SG)	yishchʼid
yichʼid	V;IND;PFV;NOM(2,GRPL)	deiichʼid
yichʼid	V;IND;PFV;NOM(2,PL)	yishchʼid
yichʼid	V;IND;PFV;NOM(2,SG)	yishchʼid
yichʼid	V;IND;PFV;NOM(3,GRPL)	yishchʼid
yichʼid	V;IND;PFV;NOM(3,SG)	yishchʼid
yichʼid	V;IND;PFV;NOM(4,PL)	jííchʼid
yichʼid	V;IND;PROSP;NOM(1,GRPL)	deiichʼid
yichʼid	V;IND;PROSP;NOM(1,PL)	deiichʼid
yichʼid	V;IND;PROSP;NOM(2,PL)	deiichʼid
yichʼid	V;IND;PROSP;NOM(2,SG)	deiichʼid
yichʼid	V;IND;PROSP;NOM(3,GRPL)	deiichʼid
yichʼid	V;IND;PROSP;NOM(3,SG)	yishchʼid
yichʼid	V;IND;PROSP;NOM(4,PL)	jichʼid
yidiitsʼį́į́h	V;IND;IPFV;NOM(1,GRPL)	yidiitsʼį́į́h
yidiitsʼį́į́h	V;IND;IPFV;NOM(1,PL)	yidiitsʼį́į́h
yidiitsʼį́į́h	V;IND;IPFV;NOM(1,SG)	yidiitsʼį́į́h
yidiitsʼį́į́h	V;IND;IPFV;NOM(2,PL)	yidiitsʼį́į́h
yidiitsʼį́į́h	V;IND;IPFV;NOM(2,SG)	yidiitsʼį́į́h
yidiitsʼį́į́h	V;IND;IPFV;NOM(3,SG)	yidiitsʼį́į́h
yidiitsʼį́į́h	V;IND;IPFV;NOM(4,GRPL)	jidiitsʼį́į́h
yidiitsʼį́į́h	V;IND;PFV;NOM(1,GRPL)	yidiitsʼį́į́h
yidiitsʼį́į́h	V;IND;PFV;NOM(1,PL)	yidiitsʼį́į́h
yidiitsʼį́į́h	V;IND;PFV;NOM(1,SG)	yidiitsʼį́į́h
yidiitsʼį́į́h	V;IND;PFV;NOM(2,PL)	yidiitsʼį́į́h
yidiitsʼį́į́h	V;IND;PFV;NOM(2,SG)	yidiitsʼį́į́h
yidiitsʼį́į́h	V;IND;PFV;NOM(3,GRPL)	yidiitsʼį́į́h
yidiitsʼį́į́h	V;IND;PFV;NOM(3,SG)	yidiitsʼį́į́h
yidiitsʼį́į́h	V;IND;PFV;NOM(4,GRPL)	jidiitsʼį́į́h
yidiitsʼį́į́h	V;IND;PFV;NOM(4,PL)	jidiitsʼį́į́h
yidiitsʼį́į́h	V;IND;PFV;NOM(4,SG)	jidiitsʼį́į́h
yidiitsʼį́į́h	V;IND;PROSP;NOM(1,GRPL)	deiitsʼį́į́h
yidiitsʼį́į́h	V;IND;PROSP;NOM(1,SG)	yidiitsʼį́į́h
yidiitsʼį́į́h	V;IND;PROSP;NOM(2,GRPL)	deiitsʼį́į́h
yidiitsʼį́į́h	V;IND;PROSP;NOM(2,PL)	deiitsʼį́į́h
yidiitsʼį́į́h	V;IND;PROSP;NOM(3,GRPL)	deiitsʼį́į́h
yidiitsʼį́į́h	V;IND;PROSP;NOM(4,GRPL)	jidiitsʼį́į́h
yigeeh	V;IND;IPFV;NOM(1,GRPL)	deiigeeh
yigeeh	V;IND;IPFV;NOM(1,SG)	yishgeeh
yigeeh	V;IND;IPFV;NOM(2,GRPL)	deiigeeh
yigeeh	V;IND;IPFV;NOM(2,SG)	yishgeeh
yigeeh	V;IND;IPFV;NOM(3,GRPL)	deiigeeh
yigeeh	V;IND;IPFV;NOM(3,PL)	yiigeeh
yigeeh	V;IND;IPFV;NOM(3,SG)	yiigeeh
yigeeh	V;IND;IPFV;NOM(4,GRPL)	jigeeh
yigeeh	V;IND;IPFV;NOM(4,SG)	jigeeh
yigeeh	V;IND;PFV;NOM(1,GRPL)	deiigeeh
yigeeh	V;IND;PFV;NOM(1,PL)	deiigeeh
yigeeh	V;IND;PFV;NOM(2,GRPL)	deiigeeh
yigeeh	V;IND;PFV;NOM(2,PL)	deiigeeh
yigeeh	V;IND;PFV;NOM(3,PL)	yiigeeh
yigeeh	V;IND;PFV;NOM(3,SG)	yiigeeh
yigeeh	V;IND;PROSP;NOM(1,SG)	deiigeeh
yigeeh	V;IND;PROSP;NOM(2,GRPL)	deiigeeh
yigeeh	V;IND;PROSP;NOM(3,GRPL)	deiigeeh
yigeeh	V;IND;PROSP;NOM(3,PL)	yiigeeh
yigeeh	V;IND;PROSP;NOM(4,GRPL)	dajigeeh
yigeeh	V;IND;PROSP;NOM(4,PL)	jigeeh
yigeeh	V;IND;PROSP;NOM(4,SG)	jigeeh
yighááh	V;IND;IPFV;NOM(1,GRPL)	deiighááh
yighááh	V;IND;IPFV;NOM(1,SG)	yishghááh
yighááh	V;IND;IPFV;NOM(2,GRPL)	deiighááh
yighááh	V;IND;IPFV;NOM(2,PL)	yishghááh
yighááh	V;IND;IPFV;NOM(2,SG)	yishghááh
yighááh	V;IND;IPFV;NOM(3,PL)	yiighááh
yighááh	V;IND;IPFV;NOM(3,SG)	yiighááh
yighááh	V;IND;IPFV;NOM(4,GRPL)	jighááh
yighááh	V;IND;IPFV;NOM(4,PL)	jighááh
yighááh	V;IND;PFV;NOM(1,GRPL)	deiighááh
yighááh	V;IND;PFV;NOM(1,PL)	yishghááh
yighááh	V;IND;PFV;NOM(1,SG)	yishghááh
yighááh	V;IND;PFV;NOM(2,GRPL)	deiighááh
yighááh	V;IND;PFV;NOM(3,GRPL)	deiighááh
yighááh	V;IND;PFV;NOM(4,GRPL)	jighááh
yighááh	V;IND;PFV;NOM(4,SG)	jighááh
yighááh	V;IND;PROSP;NOM(1,GRPL)	deiighááh
yighááh	V;IND;PROSP;NOM(1,PL)	deiighááh
yighááh	V;IND;PROSP;NOM(2,GRPL)	deiighááh
yighááh	V;IND;PROSP;NOM(3,PL)	yishghááh
yighááh	V;IND;PROSP;NOM(3,SG)	yishghááh
yighááh	V;IND;PROSP;NOM(4,PL)	jighááh
yighááh	V;IND;PROSP;NOM(4,SG)	jighááh
yigoh	V;IND;PFV;NOM(1,GRPL)	deiigoh
yigoh	V;IND;PFV;NOM(1,PL)	deiigoh
yigoh	V;IND;PFV;NOM(1,SG)	yishgoh
yigoh	V;IND;PFV;NOM(2,GRPL)	deiigoh
yigoh	V;IND;PFV;NOM(2,PL)	yishgoh
yigoh	V;IND;PFV;NOM(2,SG)	yishgoh
yigoh	V;IND;PFV;NOM(3,GRPL)	deiigoh
yigoh	V;IND;PFV;NOM(3,PL)	yiigoh
yigoh	V;IND;PFV;NOM(3,SG)	yishgoh
yigoh	V;IND;PFV;NOM(4,GRPL)	jigoh
yigoh	V;IND;PFV;NOM(4,PL)	jigoh
yigoh	V;IND;PFV;NOM(4,SG)	jigoh
yijeeh	V;IND;IPFV;NOM(1,GRPL)	deiijeeh
yijeeh	V;IND;IPFV;NOM(1,PL)	yishjeeh
yijeeh	V;IND;IPFV;NOM(1,SG)	yishjeeh
yijeeh	V;IND;IPFV;NOM(2,GRPL)	deiijeeh
yijeeh	V;IND;IPFV;NOM(2,PL)	yishjeeh
yijeeh	V;IND;IPFV;NOM(3,PL)	yiijeeh
yijeeh	V;IND;IPFV;NOM(3,SG)	yishjeeh
yijeeh	V;IND;IPFV;NOM(4,PL)	jijeeh
yijeeh	V;IND;IPFV;NOM(4,SG)	jijeeh
yijeeh	V;IND;PFV;NOM(1,PL)	yishjeeh
yijeeh	V;IND;PFV;NOM(1,SG)	yishjeeh
yijeeh	V;IND;PFV;NOM(2,GRPL)	deiijeeh
yijeeh	V;IND;PFV;NOM(2,PL)	yishjeeh
yijeeh	V;IND;PFV;NOM(3,PL)	yiijeeh
yijeeh	V;IND;PFV;NOM(3,SG)	yishjeeh
yijeeh	V;IND;PFV;NOM(4,SG)	jijeeh
yijeeh	V;IND;PROSP;NOM(1,GRPL)	deiijeeh
yijeeh	V;IND;PROSP;NOM(1,PL)	deiijeeh
yijeeh	V;IND;PROSP;NOM(1,SG)	yishjeeh
yijeeh	V;IND;PROSP;NOM(2,GRPL)	deiijeeh
yijeeh	V;IND;PROSP;NOM(2,SG)	deiijeeh
yijeeh	V;IND;PROSP;NOM(4,GRPL)	jijeeh
yijeeh	V;IND;PROSP;NOM(4,PL)	jijeeh
yijį́į́ł	V;IND;PFV;NOM(1,GRPL)	deiijį́į́ł
yijį́į́ł	V;IND;PFV;NOM(1,PL)	yijį́į́ł
yijį́į́ł	V;IND;PFV;NOM(1,SG)	yijį́į́ł
yijį́į́ł	V;IND;PFV;NOM(2,GRPL)	deiijį́į́ł
yijį́į́ł	V;IND;PFV;NOM(2,PL)	yijį́į́ł
yijį́į́ł	V;IND;PFV;NOM(2,SG)	yijį́į́ł
yijį́į́ł	V;IND;PFV;NOM(3,GRPL)	yijį́į́ł
yijį́į́ł	V;IND;PFV;NOM(3,PL)	yijį́į́ł
yijį́į́ł	V;IND;PFV;NOM(3,SG)	yijį́į́ł
yijį́į́ł	V;IND;PFV;NOM(4,GRPL)	jijį́į́ł
yijį́į́ł	V;IND;PFV;NOM(4,PL)	jijį́į́ł
yijį́į́ł	V;IND;PFV;NOM(4,SG)	jijį́į́ł
yiltłʼééł	V;IND;PFV;NOM(1,GRPL)	deiiltłʼééł
yiltłʼééł	V;IND;PFV;NOM(1,PL)	deiiltłʼééł
yiltłʼééł	V;IND;PFV;NOM(1,SG)	yishtłʼééł
yiltłʼééł	V;IND;PFV;NOM(2,GRPL)	deiiltłʼééł
yiltłʼééł	V;IND;PFV;NOM(2,PL)	deiiltłʼééł
yiltłʼééł	V;IND;PFV;NOM(2,SG)	yishtłʼééł
yiltłʼééł	V;IND;PFV;NOM(3,GRPL)	deiiltłʼééł
yiltłʼééł	V;IND;PFV;NOM(3,PL)	yiiltłʼééł
yiltłʼééł	V;IND;PFV;NOM(3,SG)	yiltłʼééł
yiltłʼééł	V;IND;PFV;NOM(4,GRPL)	jiltłʼééł
yiltłʼééł	V;IND;PFV;NOM(4,PL)	jiltłʼééł
yiltłʼééł	V;IND;PFV;NOM(4,SG)	jiltłʼééł
yilʼaah	V;IND;IPFV;NOM(1,PL)	yiilʼaah
yilʼaah	V;IND;IPFV;NOM(1,SG)	yishlʼaah
yilʼaah	V;IND;IPFV;NOM(2,GRPL)	deiilʼaah
yilʼaah	V;IND;IPFV;NOM(2,PL)	yishlʼaah
yilʼaah	V;IND;IPFV;NOM(2,SG)	yishlʼaah
yilʼaah	V;IND;IPFV;NOM(3,GRPL)	yiilʼaah
yilʼaah	V;IND;IPFV;NOM(3,PL)	yiilʼaah
yilʼaah	V;IND;IPFV;NOM(4,GRPL)	jilʼaah
yilʼaah	V;IND;IPFV;NOM(4,PL)	jíílʼaah
yilʼaah	V;IND;IPFV;NOM(4,SG)	jilʼaah
yilʼaah	V;IND;PFV;NOM(1,GRPL)	deiilʼaah
yilʼaah	V;IND;PFV;NOM(1,PL)	yiilʼaah
yilʼaah	V;IND;PFV;NOM(2,GRPL)	deiilʼaah
yilʼaah	V;IND;PFV;NOM(2,PL)	yishlʼaah
yilʼaah	V;IND;PFV;NOM(2,SG)	yishlʼaah
yilʼaah	V;IND;PFV;NOM(3,GRPL)	yiilʼaah
yilʼaah	V;IND;PFV;NOM(3,PL)	yiilʼaah
yilʼaah	V;IND;PFV;NOM(4,SG)	jíílʼaah
yilʼaah	V;IND;PROSP;NOM(1,SG)	deiilʼaah
yilʼaah	V;IND;PROSP;NOM(2,PL)	deiilʼaah
yilʼaah	V;IND;PROSP;NOM(3,GRPL)	deiilʼaah
yilʼaah	V;IND;PROSP;NOM(4,PL)	jidoolʼaah
yishood	V;IND;IPFV;NOM(1,GRPL)	yishood
yishood	V;IND;IPFV;NOM(1,PL)	yishood
yishood	V;IND;IPFV;NOM(1,SG)	yishood
yishood	V;IND;IPFV;NOM(2,GRPL)	yishood
yishood	V;IND;IPFV;NOM(2,PL)	yishood
yishood	V;IND;IPFV;NOM(2,SG)	yishood
yishood	V;IND;IPFV;NOM(3,GRPL)	yishood
yishood	V;IND;IPFV;NOM(3,PL)	yishood
yishood	V;IND;IPFV;NOM(3,SG)	yishood
yishood	V;IND;IPFV;NOM(4,GRPL)	jishood
yishood	V;IND;IPFV;NOM(4,PL)	jishood
yishood	V;IND;IPFV;NOM(4,SG)	jishood
yishood	V;IND;PFV;NOM(1,GRPL)	yishood
yishood	V;IND;PFV;NOM(1,PL)	yishood
yishood	V;IND;PFV;NOM(1,SG)	yishood
yishood	V;IND;PFV;NOM(2,GRPL)	yishood
yishood	V;IND;PFV;NOM(2,PL)	yishood
yishood	V;IND;PFV;NOM(2,SG)	yishood
yishood	V;IND;PFV;NOM(3,GRPL)	yishood
yishood	V;IND;PFV;NOM(3,PL)	yishood
yishood	V;IND;PFV;NOM(3,SG)	yishood
yishood	V;IND;PFV;NOM(4,GRPL)	jishood
yishood	V;IND;PFV;NOM(4,PL)	jishood
yishood	V;IND;PFV;NOM(4,SG)	jishood
yishóósh	V;IND;IPFV;NOM(1,GRPL)	yishóósh
yishóósh	V;IND;IPFV;NOM(1,PL)	yishóósh
yishóósh	V;IND;IPFV;NOM(1,SG)	yishóósh
yishóósh	V;IND;IPFV;NOM(2,GRPL)	yishóósh
yishóósh	V;IND;IPFV;NOM(2,PL)	yishóósh
yishóósh	V;IND;IPFV;NOM(2,SG)	yishóósh
yishóósh	V;IND;IPFV;NOM(3,GRPL)	yishóósh
yishóósh	V;IND;IPFV;NOM(3,PL)	yishóósh
yishóósh	V;IND;IPFV;NOM(3,SG)	yishóósh
yishóósh	V;IND;IPFV;NOM(4,GRPL)	jishóósh
yishóósh	V;IND;IPFV;NOM(4,PL)	jishóósh
yishóósh	V;IND;IPFV;NOM(4,SG)	jishóósh
yishóósh	V;IND;PFV;NOM(1,GRPL)	yishóósh
yishóósh	V;IND;PFV;NOM(1,PL)	yishóósh
yishóósh	V;IND;PFV;NOM(1,SG)	yishóósh
yishóósh	V;IND;PFV;NOM(2,GRPL)	yishóósh
yishóósh	V;IND;PFV;NOM(2,PL)	yishóósh
yishóósh	V;IND;PFV;NOM(2,SG)	yishóósh
yishóósh	V;IND;PFV;NOM(3,GRPL)	yishóósh
yishóósh	V;IND;PFV;NOM(3,PL)	yishóósh
yishóósh	V;IND;PFV;NOM(3,SG)	yishóósh
yishóósh	V;IND;PFV;NOM(4,GRPL)	jishóósh
yishóósh	V;IND;PFV;NOM(4,PL)	jishóósh
yishóósh	V;IND;PFV;NOM(4,SG)	jishóósh
yitłeeh	V;IND;IPFV;NOM(1,GRPL)	deiitłeeh
yitłeeh	V;IND;IPFV;NOM(1,PL)	yishtłeeh
yitłeeh	V;IND;IPFV;NOM(1,SG)	yishtłeeh
yitłeeh	V;IND;IPFV;NOM(2,GRPL)	deiitłeeh
yitłeeh	V;IND;IPFV;NOM(2,PL)	yishtłeeh
yitłeeh	V;IND;IPFV;NOM(2,SG)	yishtłeeh
yitłeeh	V;IND;IPFV;NOM(3,GRPL)	yishtłeeh
yitłeeh	V;IND;IPFV;NOM(3,PL)	yiitłeeh
yitłeeh	V;IND;IPFV;NOM(3,SG)	yishtłeeh
yitłeeh	V;IND;IPFV;NOM(4,GRPL)	jitłeeh
yitłeeh	V;IND;IPFV;NOM(4,PL)	jitłeeh
yitłeeh	V;IND;IPFV;NOM(4,SG)	jitłeeh
yitłeeh	V;IND;PFV;NOM(1,GRPL)	deiitłeeh
yitłeeh	V;IND;PFV;NOM(1,PL)	yishtłeeh
yitłeeh	V;IND;PFV;NOM(1,SG)	yishtłeeh
yitłeeh	V;IND;PFV;NOM(2,GRPL)	deiitłeeh
yitłeeh	V;IND;PFV;NOM(2,PL)	yishtłeeh
yitłeeh	V;IND;PFV;NOM(2,SG)	yishtłeeh
yitłeeh	V;IND;PFV;NOM(3,GRPL)	yishtłeeh
yitłeeh	V;IND;PFV;NOM(3,PL)	yiitłeeh
yitłeeh	V;IND;PFV;NOM(3,SG)	yishtłeeh
yitłeeh	V;IND;PFV;NOM(4,GRPL)	jitłeeh
yitłeeh	V;IND;PFV;NOM(4,PL)	jitłeeh
yitłeeh	V;IND;PFV;NOM(4,SG)	jitłeeh
yiyiitsʼǫs	V;IND;IPFV;NOM(1,GRPL)	deiitsʼǫs
yiyiitsʼǫs	V;IND;IPFV;NOM(1,PL)	yiitsʼǫs
yiyiitsʼǫs	V;IND;IPFV;NOM(2,GRPL)	deiitsʼǫs
yiyiitsʼǫs	V;IND;IPFV;NOM(2,SG)	yiyiitsʼǫs
yiyiitsʼǫs	V;IND;IPFV;NOM(3,PL)	yiyiitsʼǫs
yiyiitsʼǫs	V;IND;IPFV;NOM(4,SG)	jijitsʼǫs
yiyiitsʼǫs	V;IND;PFV;NOM(2,GRPL)	deiitsʼǫs
yiyiitsʼǫs	V;IND;PFV;NOM(2,PL)	yiyiitsʼǫs
yiyiitsʼǫs	V;IND;PFV;NOM(2,SG)	yiyiitsʼǫs
yiyiitsʼǫs	V;IND;PFV;NOM(3,GRPL)	yiyiitsʼǫs
yiyiitsʼǫs	V;IND;PFV;NOM(3,PL)	yiyiitsʼǫs
yiyiitsʼǫs	V;IND;PFV;NOM(3,SG)	yiyiitsʼǫs
yiyiitsʼǫs	V;IND;PFV;NOM(4,GRPL)	jiyiitsʼǫs
yiyiitsʼǫs	V;IND;PFV;NOM(4,PL)	jijitsʼǫs
yiyiitsʼǫs	V;IND;PFV;NOM(4,SG)	jijitsʼǫs
yiyiitsʼǫs	V;IND;PROSP;NOM(1,GRPL)	deiitsʼǫs
yiyiitsʼǫs	V;IND;PROSP;NOM(1,SG)	deiitsʼǫs
yiyiitsʼǫs	V;IND;PROSP;NOM(2,PL)	deiitsʼǫs
yiyiitsʼǫs	V;IND;PROSP;NOM(2,SG)	deiitsʼǫs
yiyiitsʼǫs	V;IND;PROSP;NOM(3,GRPL)	deiitsʼǫs
yiyiitsʼǫs	V;IND;PROSP;NOM(3,PL)	yiitsʼǫs
yiyiitsʼǫs	V;IND;PROSP;NOM(4,GRPL)	dajiitsʼǫs
yiyiitsʼǫs	V;IND;PROSP;NOM(4,SG)	jiyiitsʼǫs
yiyiiłtsééh	V;IND;IPFV;NOM(1,GRPL)	deiiltsééh
yiyiiłtsééh	V;IND;IPFV;NOM(1,PL)	yiyiiłtsééh
yiyiiłtsééh	V;IND;IPFV;NOM(1,SG)	yiyiiłtsééh
yiyiiłtsééh	V;IND;IPFV;NOM(2,GRPL)	yiyiiłtsééh
yiyiiłtsééh	V;IND;IPFV;NOM(2,SG)	yiyiiłtsééh
yiyiiłtsééh	V;IND;IPFV;NOM(3,GRPL)	yiyiiłtsééh
yiyiiłtsééh	V;IND;IPFV;NOM(3,PL)	yiyiiłtsééh
yiyiiłtsééh	V;IND;IPFV;NOM(3,SG)	yiyiiłtsééh
yiyiiłtsééh	V;IND;IPFV;NOM(4,GRPL)	jiiłtsééh
yiyiiłtsééh	V;IND;IPFV;NOM(4,SG)	jijiiłtsééh
yiyiiłtsééh	V;IND;PFV;NOM(1,PL)	yiyiiłtsééh
yiyiiłtsééh	V;IND;PFV;NOM(1,SG)	yiyiiłtsééh
yiyiiłtsééh	V;IND;PFV;NOM(2,PL)	yiyiiłtsééh
yiyiiłtsééh	V;IND;PFV;NOM(2,SG)	yiyiiłtsééh
yiyiiłtsééh	V;IND;PFV;NOM(3,SG)	yiyiiłtsééh
yiyiiłtsééh	V;IND;PFV;NOM(4,GRPL)	dajiiłtsééh
yiyiiłtsééh	V;IND;PFV;NOM(4,PL)	jijiiłtsééh
yiyiiłtsééh	V;IND;PFV;NOM(4,SG)	jijiiłtsééh
yiyiiłtsééh	V;IND;PROSP;NOM(1,GRPL)	doołtsééh
yiyiiłtsééh	V;IND;PROSP;NOM(1,SG)	doołtsééh
yiyiiłtsééh	V;IND;PROSP;NOM(2,GRPL)	doołtsééh
yiyiiłtsééh	V;IND;PROSP;NOM(2,PL)	doołtsééh
yiyiiłtsééh	V;IND;PROSP;NOM(4,GRPL)	dajiiłtsééh
yiyiiłtsóóh	V;IND;IPFV;NOM(1,GRPL)	deiiltsóóh
yiyiiłtsóóh	V;IND;IPFV;NOM(1,PL)	yiyiiłtsóóh
yiyiiłtsóóh	V;IND;IPFV;NOM(1,SG)	yiyiiłtsóóh
yiyiiłtsóóh	V;IND;IPFV;NOM(2,GRPL)	yiyiiłtsóóh
yiyiiłtsóóh	V;IND;IPFV;NOM(2,PL)	yiyiiłtsóóh
yiyiiłtsóóh	V;IND;IPFV;NOM(2,SG)	yiyiiłtsóóh
yiyiiłtsóóh	V;IND;IPFV;NOM(3,GRPL)	yiyiiłtsóóh
yiyiiłtsóóh	V;IND;IPFV;NOM(3,PL)	yiyiiłtsóóh
yiyiiłtsóóh	V;IND;IPFV;NOM(3,SG)	yiyiiłtsóóh
yiyiiłtsóóh	V;IND;IPFV;NOM(4,GRPL)	jiiłtsóóh
yiyiiłtsóóh	V;IND;IPFV;NOM(4,PL)	jijiiłtsóóh
yiyiiłtsóóh	V;IND;IPFV;NOM(4,SG)	jijiiłtsóóh
yiyiiłtsóóh	V;IND;PFV;NOM(1,GRPL)	deiiltsóóh
yiyiiłtsóóh	V;IND;PFV;NOM(1,PL)	yiiłtsóóh
yiyiiłtsóóh	V;IND;PFV;NOM(1,SG)	yiyiiłtsóóh
yiyiiłtsóóh	V;IND;PFV;NOM(2,GRPL)	deiiltsóóh
yiyiiłtsóóh	V;IND;PFV;NOM(2,PL)	yiyiiłtsóóh
yiyiiłtsóóh	V;IND;PFV;NOM(2,SG)	yiyiiłtsóóh
yiyiiłtsóóh	V;IND;PFV;NOM(3,GRPL)	yiyiiłtsóóh
yiyiiłtsóóh	V;IND;PFV;NOM(3,PL)	yiyiiłtsóóh
yiyiiłtsóóh	V;IND;PFV;NOM(3,SG)	yiyiiłtsóóh
yiyiiłtsóóh	V;IND;PFV;NOM(4,GRPL)	dajiiłtsóóh
yiyiiłtsóóh	V;IND;PFV;NOM(4,PL)	jijiiłtsóóh
yiyiiłtsóóh	V;IND;PFV;NOM(4,SG)	jijiiłtsóóh
yiłchʼal	V;IND;IPFV;NOM(1,GRPL)	deiilchʼal
yiłchʼal	V;IND;IPFV;NOM(2,PL)	yishchʼal
yiłchʼal	V;IND;IPFV;NOM(2,SG)	yishchʼal
yiłchʼal	V;IND;IPFV;NOM(3,SG)	yishchʼal
yiłchʼal	V;IND;IPFV;NOM(4,GRPL)	jiłchʼal
yiłchʼal	V;IND;IPFV;NOM(4,SG)	jiłchʼal
yiłchʼal	V;IND;PFV;NOM(1,GRPL)	deiilchʼal
yiłchʼal	V;IND;PFV;NOM(1,SG)	yishchʼal
yiłchʼal	V;IND;PFV;NOM(2,GRPL)	deiilchʼal
yiłchʼal	V;IND;PFV;NOM(2,PL)	yishchʼal
yiłchʼal	V;IND;PFV;NOM(2,SG)	yishchʼal
yiłchʼal	V;IND;PFV;NOM(3,PL)	yiilchʼal
yiłchʼal	V;IND;PFV;NOM(3,SG)	yishchʼal
yiłchʼal	V;IND;PFV;NOM(4,GRPL)	jiłchʼal
yiłchʼal	V;IND;PFV;NOM(4,PL)	jiłchʼal
yiłchʼal	V;IND;PFV;NOM(4,SG)	jiłchʼal
yiłchʼal	V;IND;PROSP;NOM(1,SG)	doołchʼal
yiłchʼal	V;IND;PROSP;NOM(3,GRPL)	doołchʼal
yiłchʼal	V;IND;PROSP;NOM(3,PL)	yishchʼal
yiłchʼal	V;IND;PROSP;NOM(3,SG)	yishchʼal
yiłchʼal	V;IND;PROSP;NOM(4,GRPL)	dajiłchʼal
yiłchʼal	V;IND;PROSP;NOM(4,PL)	jiłchʼal
yiłchʼal	V;IND;PROSP;NOM(4,SG)	jiłchʼal
yiłdin	V;IND;IPFV;NOM(1,GRPL)	deiildin
yiłdin	V;IND;IPFV;NOM(1,PL)	deiildin
yiłdin	V;IND;IPFV;NOM(1,SG)	yiłdin
yiłdin	V;IND;IPFV;NOM(2,GRPL)	deiildin
yiłdin	V;IND;IPFV;NOM(2,PL)	yiłdin
yiłdin	V;IND;IPFV;NOM(2,SG)	yiłdin
yiłdin	V;IND;IPFV;NOM(3,GRPL)	yiildin
yiłdin	V;IND;IPFV;NOM(3,PL)	yiildin
yiłdin	V;IND;IPFV;NOM(3,SG)	yiłdin
yiłdin	V;IND;IPFV;NOM(4,GRPL)	jiłdin
yiłdin	V;IND;IPFV;NOM(4,PL)	jiłdin
yiłdin	V;IND;IPFV;NOM(4,SG)	jiłdin
yiłdin	V;IND;PFV;NOM(1,GRPL)	deiildin
yiłdin	V;IND;PFV;NOM(1,PL)	deiildin
yiłdin	V;IND;PFV;NOM(1,SG)	yiłdin
yiłdin	V;IND;PFV;NOM(2,GRPL)	deiildin
yiłdin	V;IND;PFV;NOM(2,PL)	deiildin
yiłdin	V;IND;PFV;NOM(2,SG)	yiłdin
yiłdin	V;IND;PFV;NOM(3,GRPL)	deiildin
yiłdin	V;IND;PFV;NOM(3,SG)	yiłdin
yiłdin	V;IND;PFV;NOM(4,GRPL)	jiłdin
yiłdin	V;IND;PFV;NOM(4,PL)	jiłdin
yiłdin	V;IND;PFV;NOM(4,SG)	jiłdin
yiłhaał	V;IND;IPFV;NOM(1,GRPL)	deiilhaał
yiłhaał	V;IND;IPFV;NOM(1,PL)	deiilhaał
yiłhaał	V;IND;IPFV;NOM(1,SG)	yishhaał
yiłhaał	V;IND;IPFV;NOM(2,GRPL)	deiilhaał
yiłhaał	V;IND;IPFV;NOM(2,PL)	deiilhaał
yiłhaał	V;IND;IPFV;NOM(2,SG)	yiłhaał
yiłhaał	V;IND;IPFV;NOM(3,GRPL)	yiilhaał
yiłhaał	V;IND;IPFV;NOM(3,PL)	yiilhaał
yiłhaał	V;IND;IPFV;NOM(3,SG)	yishhaał
yiłhaał	V;IND;IPFV;NOM(4,GRPL)	jiłhaał
yiłhaał	V;IND;IPFV;NOM(4,PL)	jiłhaał
yiłhaał	V;IND;IPFV;NOM(4,SG)	jiłhaał
yiłhaał	V;IND;PFV;NOM(1,GRPL)	deiilhaał
yiłhaał	V;IND;PFV;NOM(1,PL)	deiilhaał
yiłhaał	V;IND;PFV;NOM(1,SG)	yishhaał
yiłhaał	V;IND;PFV;NOM(2,GRPL)	deiilhaał
yiłhaał	V;IND;PFV;NOM(2,PL)	deiilhaał
yiłhaał	V;IND;PFV;NOM(2,SG)	yishhaał
yiłhaał	V;IND;PFV;NOM(3,GRPL)	yiilhaał
yiłhaał	V;IND;PFV;NOM(3,PL)	yiilhaał
yiłhaał	V;IND;PFV;NOM(3,SG)	yishhaał
yiłhaał	V;IND;PFV;NOM(4,GRPL)	jiłhaał
yiłhaał	V;IND;PFV;NOM(4,PL)	jiłhaał
yiłhaał	V;IND;PFV;NOM(4,SG)	jiłhaał
yiłnaad	V;IND;IPFV;NOM(1,GRPL)	deiilnaad
yiłnaad	V;IND;IPFV;NOM(1,PL)	deiilnaad
yiłnaad	V;IND;IPFV;NOM(1,SG)	yiłnaad
yiłnaad	V;IND;IPFV;NOM(2,SG)	yiłnaad
yiłnaad	V;IND;IPFV;NOM(3,PL)	yiilnaad
yiłnaad	V;IND;IPFV;NOM(4,GRPL)	jiłnaad
yiłnaad	V;IND;IPFV;NOM(4,PL)	jiłnaad
yiłnaad	V;IND;IPFV;NOM(4,SG)	jiłnaad
yiłnaad	V;IND;PFV;NOM(1,GRPL)	deiilnaad
yiłnaad	V;IND;PFV;NOM(1,PL)	deiilnaad
yiłnaad	V;IND;PFV;NOM(1,SG)	yiłnaad
yiłnaad	V;IND;PFV;NOM(2,SG)	yiłnaad
yiłnaad	V;IND;PFV;NOM(3,GRPL)	yiilnaad
yiłnaad	V;IND;PFV;NOM(3,SG)	yiilnaad
yiłnaad	V;IND;PFV;NOM(4,GRPL)	jiłnaad
yiłnaad	V;IND;PFV;NOM(4,PL)	jiłnaad
yiłnaad	V;IND;PFV;NOM(4,SG)	jiłnaad
yiłnaad	V;IND;PROSP;NOM(1,PL)	doołnaad
yiłnaad	V;IND;PROSP;NOM(1,SG)	doołnaad
yiłnaad	V;IND;PROSP;NOM(2,PL)	doołnaad
yiłnaad	V;IND;PROSP;NOM(3,GRPL)	doołnaad
yiłnaad	V;IND;PROSP;NOM(4,SG)	jiłnaad
yiłneʼ	V;IND;IPFV;NOM(1,GRPL)	deiilneʼ
yiłneʼ	V;IND;IPFV;NOM(1,PL)	deiilneʼ
yiłneʼ	V;IND;IPFV;NOM(1,SG)	yiłneʼ
yiłneʼ	V;IND;IPFV;NOM(2,GRPL)	deiilneʼ
yiłneʼ	V;IND;IPFV;NOM(2,PL)	deiilneʼ
yiłneʼ	V;IND;IPFV;NOM(2,SG)	yiłneʼ
yiłneʼ	V;IND;IPFV;NOM(3,GRPL)	deiilneʼ
yiłneʼ	V;IND;IPFV;NOM(3,PL)	yiilneʼ
yiłneʼ	V;IND;IPFV;NOM(3,SG)	yiłneʼ
yiłneʼ	V;IND;IPFV;NOM(4,GRPL)	jiłneʼ
yiłneʼ	V;IND;IPFV;NOM(4,PL)	jiłneʼ
yiłneʼ	V;IND;IPFV;NOM(4,SG)	jiłneʼ
yiłneʼ	V;IND;PFV;NOM(1,GRPL)	deiilneʼ
yiłneʼ	V;IND;PFV;NOM(1,PL)	deiilneʼ
yiłneʼ	V;IND;PFV;NOM(1,SG)	yiłneʼ
yiłneʼ	V;IND;PFV;NOM(2,GRPL)	deiilneʼ
yiłneʼ	V;IND;PFV;NOM(2,PL)	deiilneʼ
yiłneʼ	V;IND;PFV;NOM(2,SG)	yiłneʼ
yiłneʼ	V;IND;PFV;NOM(3,GRPL)	deiilneʼ
yiłneʼ	V;IND;PFV;NOM(3,PL)	yiilneʼ
yiłneʼ	V;IND;PFV;NOM(3,SG)	yiilneʼ
yiłneʼ	V;IND;PFV;NOM(4,GRPL)	jiłneʼ
yiłneʼ	V;IND;PFV;NOM(4,PL)	jiłneʼ
yiłneʼ	V;IND;PFV;NOM(4,SG)	jiłneʼ
yiłtin	V;IND;IPFV;NOM(1,GRPL)	deiiltin
yiłtin	V;IND;IPFV;NOM(1,PL)	deiiltin
yiłtin	V;IND;IPFV;NOM(1,SG)	yiłtin
yiłtin	V;IND;IPFV;NOM(2,GRPL)	deiiltin
yiłtin	V;IND;IPFV;NOM(2,PL)	yiłtin
yiłtin	V;IND;IPFV;NOM(2,SG)	yiłtin
yiłtin	V;IND;IPFV;NOM(3,GRPL)	deiiltin
yiłtin	V;IND;IPFV;NOM(3,PL)	yiiltin
yiłtin	V;IND;IPFV;NOM(3,SG)	yiłtin
yiłtin	V;IND;IPFV;NOM(4,GRPL)	jiłtin
yiłtin	V;IND;IPFV;NOM(4,PL)	jiłtin
yiłtin	V;IND;IPFV;NOM(4,SG)	jiłtin
yiłtin	V;IND;PFV;NOM(1,GRPL)	deiiltin
yiłtin	V;IND;PFV;NOM(1,PL)	deiiltin
yiłtin	V;IND;PFV;NOM(1,SG)	yiłtin
yiłtin	V;IND;PFV;NOM(2,GRPL)	deiiltin
yiłtin	V;IND;PFV;NOM(2,PL)	deiiltin
yiłtin	V;IND;PFV;NOM(2,SG)	yiłtin
yiłtin	V;IND;PFV;NOM(3,GRPL)	deiiltin
yiłtin	V;IND;PFV;NOM(3,PL)	yiiltin
yiłtin	V;IND;PFV;NOM(3,SG)	yiłtin
yiłtin	V;IND;PFV;NOM(4,GRPL)	jiłtin
yiłtin	V;IND;PFV;NOM(4,PL)	jiłtin
yiłtin	V;IND;PFV;NOM(4,SG)	jiłtin
yiłtsʼééh	V;IND;IPFV;NOM(1,GRPL)	deiiltsʼééh
yiłtsʼééh	V;IND;IPFV;NOM(1,PL)	yiłtsʼééh
yiłtsʼééh	V;IND;IPFV;NOM(1,SG)	yiłtsʼééh
yiłtsʼééh	V;IND;IPFV;NOM(2,GRPL)	deiiltsʼééh
yiłtsʼééh	V;IND;IPFV;NOM(2,PL)	yiłtsʼééh
yiłtsʼééh	V;IND;IPFV;NOM(2,SG)	yiłtsʼééh
yiłtsʼééh	V;IND;IPFV;NOM(3,GRPL)	deiiltsʼééh
yiłtsʼééh	V;IND;IPFV;NOM(3,PL)	yiłtsʼééh
yiłtsʼééh	V;IND;IPFV;NOM(3,SG)	yiłtsʼééh
yiłtsʼééh	V;IND;IPFV;NOM(4,GRPL)	jiłtsʼééh
yiłtsʼééh	V;IND;IPFV;NOM(4,PL)	jiłtsʼééh
yiłtsʼééh	V;IND;IPFV;NOM(4,SG)	jiłtsʼééh
yiłtsʼééh	V;IND;PFV;NOM(1,GRPL)	deiiltsʼééh
yiłtsʼééh	V;IND;PFV;NOM(1,PL)	yiłtsʼééh
yiłtsʼééh	V;IND;PFV;NOM(1,SG)	yiłtsʼééh
yiłtsʼééh	V;IND;PFV;NOM(2,GRPL)	deiiltsʼééh
yiłtsʼééh	V;IND;PFV;NOM(2,PL)	yiłtsʼééh
yiłtsʼééh	V;IND;PFV;NOM(2,SG)	yiłtsʼééh
yiłtsʼééh	V;IND;PFV;NOM(3,GRPL)	deiiltsʼééh
yiłtsʼééh	V;IND;PFV;NOM(3,PL)	yiiltsʼééh
yiłtsʼééh	V;IND;PFV;NOM(3,SG)	yiłtsʼééh
yiłtsʼééh	V;IND;PFV;NOM(4,GRPL)	jiłtsʼééh
yiłtsʼééh	V;IND;PFV;NOM(4,PL)	jiłtsʼééh
yiłtsʼééh	V;IND;PFV;NOM(4,SG)	jiłtsʼééh
yiłtʼees	V;IND;IPFV;NOM(1,GRPL)	deiiltʼees
yiłtʼees	V;IND;IPFV;NOM(1,PL)	deiiltʼees
yiłtʼees	V;IND;IPFV;NOM(1,SG)	yiłtʼees
yiłtʼees	V;IND;IPFV;NOM(2,GRPL)	deiiltʼees
yiłtʼees	V;IND;IPFV;NOM(2,PL)	yiłtʼees
yiłtʼees	V;IND;IPFV;NOM(3,GRPL)	deiiltʼees
yiłtʼees	V;IND;IPFV;NOM(4,SG)	jiłtʼees
yiłtʼees	V;IND;PFV;NOM(1,PL)	deiiltʼees
yiłtʼees	V;IND;PFV;NOM(2,GRPL)	deiiltʼees
yiłtʼees	V;IND;PFV;NOM(2,PL)	deiiltʼees
yiłtʼees	V;IND;PFV;NOM(3,GRPL)	deiiltʼees
yiłtʼees	V;IND;PFV;NOM(3,PL)	yiiltʼees
yiłtʼees	V;IND;PFV;NOM(3,SG)	yiłtʼees
yiłtʼees	V;IND;PROSP;NOM(1,PL)	doołtʼees
yiłtʼees	V;IND;PROSP;NOM(2,GRPL)	doołtʼees
yiłtʼees	V;IND;PROSP;NOM(2,PL)	doołtʼees
yiłtʼees	V;IND;PROSP;NOM(2,SG)	doołtʼees
yiłtʼees	V;IND;PROSP;NOM(3,GRPL)	deiiltʼees
yiłtʼees	V;IND;PROSP;NOM(3,PL)	yiiltʼees
yiłtʼees	V;IND;PROSP;NOM(3,SG)	yiiltʼees
yiłtʼees	V;IND;PROSP;NOM(4,PL)	jiłtʼees
yiłtʼees	V;IND;PROSP;NOM(4,SG)	jiłtʼees
yootʼááł	V;IND;PFV;NOM(1,GRPL)	yootʼááł
yootʼááł	V;IND;PFV;NOM(1,PL)	yootʼááł
yootʼááł	V;IND;PFV;NOM(1,SG)	yootʼááł
yootʼááł	V;IND;PFV;NOM(2,GRPL)	yootʼááł
yootʼááł	V;IND;PFV;NOM(2,PL)	yootʼááł
yootʼááł	V;IND;PFV;NOM(2,SG)	yootʼááł
yootʼááł	V;IND;PFV;NOM(3,GRPL)	yootʼááł
yootʼááł	V;IND;PFV;NOM(3,PL)	yootʼááł
yootʼááł	V;IND;PFV;NOM(3,SG)	yootʼááł
yootʼááł	V;IND;PFV;NOM(4,GRPL)	jíítʼááł
yootʼááł	V;IND;PFV;NOM(4,PL)	jíítʼááł
yootʼááł	V;IND;PFV;NOM(4,SG)	jootʼááł
yooznah	V;IND;IPFV;NOM(2,SG)	yooznah
yooznah	V;IND;IPFV;NOM(4,GRPL)	jooznah
yooznah	V;IND;ITER;NOM(1,GRPL)	yooznah
yooznah	V;IND;ITER;NOM(1,PL)	yooznah
yooznah	V;IND;ITER;NOM(1,SG)	yooznah
yooznah	V;IND;ITER;NOM(2,PL)	yooznah
yooznah	V;IND;ITER;NOM(3,PL)	yooznah
yooznah	V;IND;ITER;NOM(4,PL)	jooznah
yooznah	V;IND;ITER;NOM(4,SG)	jooznah
yooznah	V;IND;PFV;NOM(2,PL)	yooznah
yooznah	V;IND;PFV;NOM(3,PL)	yooznah
yooznah	V;IND;PFV;NOM(3,SG)	yooznah
yooznah	V;IND;PROSP;NOM(1,GRPL)	dooznah
yooznah	V;IND;PROSP;NOM(2,GRPL)	dooznah
yooznah	V;IND;PROSP;NOM(2,SG)	yooznah
yooznah	V;IND;PROSP;NOM(3,GRPL)	dooznah
yooznah	V;IND;PROSP;NOM(3,SG)	yooznah
yooznah	V;IND;PROSP;NOM(4,GRPL)	jooznah
yooznah	V;IND;PROSP;NOM(4,SG)	jooznah
yooznah	V;OPT;NOM(3,GRPL)	yooznah
yooznah	V;OPT;NOM(3,SG)	yooznah
yooznah	V;OPT;NOM(4,GRPL)	jooznah
yooznah	V;OPT;NOM(4,SG)	jooznah
yoozǫ́ǫ́s	V;IND;PFV;NOM(1,GRPL)	yoozǫ́ǫ́s
yoozǫ́ǫ́s	V;IND;PFV;NOM(1,PL)	yoozǫ́ǫ́s
yoozǫ́ǫ́s	V;IND;PFV;NOM(1,SG)	yoozǫ́ǫ́s
yoozǫ́ǫ́s	V;IND;PFV;NOM(2,GRPL)	yoozǫ́ǫ́s
yoozǫ́ǫ́s	V;IND;PFV;NOM(2,PL)	yoozǫ́ǫ́s
yoozǫ́ǫ́s	V;IND;PFV;NOM(2,SG)	yoozǫ́ǫ́s
yoozǫ́ǫ́s	V;IND;PFV;NOM(3,GRPL)	yoozǫ́ǫ́s
yoozǫ́ǫ́s	V;IND;PFV;NOM(3,PL)	yoozǫ́ǫ́s
yoozǫ́ǫ́s	V;IND;PFV;NOM(3,SG)	yoozǫ́ǫ́s
yoozǫ́ǫ́s	V;IND;PFV;NOM(4,GRPL)	joozǫ́ǫ́s
yoozǫ́ǫ́s	V;IND;PFV;NOM(4,PL)	joozǫ́ǫ́s
yoozǫ́ǫ́s	V;IND;PFV;NOM(4,SG)	joozǫ́ǫ́s
yoołbąs	V;IND;PFV;NOM(1,GRPL)	yoołbąs
yoołbąs	V;IND;PFV;NOM(1,PL)	yoołbąs
yoołbąs	V;IND;PFV;NOM(1,SG)	yoołbąs
yoołbąs	V;IND;PFV;NOM(2,GRPL)	yoołbąs
yoołbąs	V;IND;PFV;NOM(2,PL)	yoołbąs
yoołbąs	V;IND;PFV;NOM(2,SG)	yoołbąs
yoołbąs	V;IND;PFV;NOM(3,GRPL)	yoołbąs
yoołbąs	V;IND;PFV;NOM(3,PL)	yoołbąs
yoołbąs	V;IND;PFV;NOM(3,SG)	yoołbąs
yoołbąs	V;IND;PFV;NOM(4,GRPL)	joołbąs
yoołbąs	V;IND;PFV;NOM(4,PL)	joołbąs
yoołbąs	V;IND;PFV;NOM(4,SG)	joołbąs
yoołtʼah	V;IND;PFV;NOM(1,GRPL)	yoołtʼah
yoołtʼah	V;IND;PFV;NOM(1,PL)	yoołtʼah
yoołtʼah	V;IND;PFV;NOM(1,SG)	yoołtʼah
yoołtʼah	V;IND;PFV;NOM(2,GRPL)	yoołtʼah
yoołtʼah	V;IND;PFV;NOM(2,PL)	yoołtʼah
yoołtʼah	V;IND;PFV;NOM(2,SG)	yoołtʼah
yoołtʼah	V;IND;PFV;NOM(3,GRPL)	yoołtʼah
yoołtʼah	V;IND;PFV;NOM(3,PL)	yoołtʼah
yoołtʼah	V;IND;PFV;NOM(3,SG)	yoołtʼah
yoołtʼah	V;IND;PFV;NOM(4,GRPL)	joołtʼah
yoołtʼah	V;IND;PFV;NOM(4,PL)	joołtʼah
yoołtʼah	V;IND;PFV;NOM(4,SG)	joołtʼah
yólgę́ę́zh	V;IND;PFV;NOM(1,GRPL)	deínólgę́ę́zh
yólgę́ę́zh	V;IND;PFV;NOM(1,PL)	yínólgę́ę́zh
yólgę́ę́zh	V;IND;PFV;NOM(1,SG)	yólgę́ę́zh
yólgę́ę́zh	V;IND;PFV;NOM(2,GRPL)	deínólgę́ę́zh
yólgę́ę́zh	V;IND;PFV;NOM(2,PL)	yínólgę́ę́zh
yólgę́ę́zh	V;IND;PFV;NOM(2,SG)	yólgę́ę́zh
yólgę́ę́zh	V;IND;PFV;NOM(3,GRPL)	yínólgę́ę́zh
yólgę́ę́zh	V;IND;PFV;NOM(3,PL)	yínólgę́ę́zh
yólgę́ę́zh	V;IND;PFV;NOM(3,SG)	yólgę́ę́zh
yólgę́ę́zh	V;IND;PFV;NOM(4,GRPL)	jíílgę́ę́zh
yólgę́ę́zh	V;IND;PFV;NOM(4,PL)	jíílgę́ę́zh
yólgę́ę́zh	V;IND;PFV;NOM(4,SG)	jólgę́ę́zh
łitsxo	V;IND;PFV;NOM(1,GRPL)	łitsxo
łitsxo	V;IND;PFV;NOM(1,PL)	łitsxo
łitsxo	V;IND;PFV;NOM(1,SG)	łitsxo
łitsxo	V;IND;PFV;NOM(2,GRPL)	łitsxo
łitsxo	V;IND;PFV;NOM(2,PL)	łitsxo
łitsxo	V;IND;PFV;NOM(2,SG)	łitsxo
łitsxo	V;IND;PFV;NOM(3,GRPL)	łitsxo
łitsxo	V;IND;PFV;NOM(3,PL)	łitsxo
łitsxo	V;IND;PFV;NOM(3,SG)	łitsxo
łitsxo	V;IND;PFV;NOM(4,GRPL)	łitsxo
łitsxo	V;IND;PFV;NOM(4,PL)	łitsxo
łitsxo	V;IND;PFV;NOM(4,SG)	łitsxo
łíidilchí	V;IND;IPFV;NOM(1,GRPL)	łíidilchí
łíidilchí	V;IND;IPFV;NOM(1,PL)	łíidilchí
łíidilchí	V;IND;IPFV;NOM(1,SG)	łíidilchí
łíidilchí	V;IND;IPFV;NOM(2,GRPL)	łíidilchí
łíidilchí	V;IND;IPFV;NOM(2,PL)	łíidilchí
łíidilchí	V;IND;IPFV;NOM(2,SG)	łíidilchí
łíidilchí	V;IND;IPFV;NOM(3,GRPL)	łíidilchí
łíidilchí	V;IND;IPFV;NOM(3,PL)	łíidilchí
łíidilchí	V;IND;IPFV;NOM(3,SG)	łíidilchí
łíidilchí	V;IND;IPFV;NOM(4,GRPL)	łíidilchí
łíidilchí	V;IND;IPFV;NOM(4,PL)	łíidilchí
łíidilchí	V;IND;IPFV;NOM(4,SG)	łíidilchí
łíidilchí	V;IND;PFV;NOM(1,GRPL)	łíidilchí
łíidilchí	V;IND;PFV;NOM(1,PL)	łíidilchí
łíidilchí	V;IND;PFV;NOM(1,SG)	łíidilchí
łíidilchí	V;IND;PFV;NOM(2,GRPL)	łíidilchí
łíidilchí	V;IND;PFV;NOM(2,PL)	łíidilchí
łíidilchí	V;IND;PFV;NOM(2,SG)	łíidilchí
łíidilchí	V;IND;PFV;NOM(3,GRPL)	łíidilchí
łíidilchí	V;IND;PFV;NOM(3,PL)	łíidilchí
łíidilchí	V;IND;PFV;NOM(3,SG)	łíidilchí
łíidilchí	V;IND;PFV;NOM(4,GRPL)	łíidilchí
łíidilchí	V;IND;PFV;NOM(4,PL)	łíidilchí
łíidilchí	V;IND;PFV;NOM(4,SG)	łíidilchí
accuracy:0.13