adiníłdíín	V;IND;PFV;NOM(1,GRPL)	adiníłdíín
adiníłdíín	V;IND;PFV;NOM(1,PL)	adiníłdíín
adiníłdíín	V;IND;PFV;NOM(1,SG)	adiníłdíín
adiníłdíín	V;IND;PFV;NOM(2,GRPL)	adiníłdíín
adiníłdíín	V;IND;PFV;NOM(2,PL)	adiníłdíín
adiníłdíín	V;IND;PFV;NOM(2,SG)	adiníłdíín
adiníłdíín	V;IND;PFV;NOM(3,GRPL)	adiníłdíín
adiníłdíín	V;IND;PFV;NOM(3,PL)	adiníłdíín
adiníłdíín	V;IND;PFV;NOM(3,SG)	adiníłdíín
adiníłdíín	V;IND;PFV;NOM(4,GRPL)	jidiníłdíín
adiníłdíín	V;IND;PFV;NOM(4,PL)	jííníłdíín
adiníłdíín	V;IND;PFV;NOM(4,SG)	jidiníłdíín
aheełtʼé	V;IND;PFV;NOM(1,GRPL)	aheełtʼé
aheełtʼé	V;IND;PFV;NOM(1,PL)	aheełtʼé
aheełtʼé	V;IND;PFV;NOM(1,SG)	aheełtʼé
aheełtʼé	V;IND;PFV;NOM(2,GRPL)	aheełtʼé
aheełtʼé	V;IND;PFV;NOM(2,PL)	aheełtʼé
aheełtʼé	V;IND;PFV;NOM(2,SG)	aheełtʼé
aheełtʼé	V;IND;PFV;NOM(3,GRPL)	aheełtʼé
aheełtʼé	V;IND;PFV;NOM(3,PL)	aheełtʼé
aheełtʼé	V;IND;PFV;NOM(3,SG)	aheełtʼé
aheełtʼé	V;IND;PFV;NOM(4,GRPL)	jííłtʼé
aheełtʼé	V;IND;PFV;NOM(4,PL)	jííłtʼé
aheełtʼé	V;IND;PFV;NOM(4,SG)	jííłtʼé
diłhił	V;IND;PFV;NOM(1,GRPL)	diłhił
diłhił	V;IND;PFV;NOM(1,PL)	diłhił
diłhił	V;IND;PFV;NOM(1,SG)	diłhił
diłhił	V;IND;PFV;NOM(2,GRPL)	diłhił
diłhił	V;IND;PFV;NOM(2,PL)	diłhił
diłhił	V;IND;PFV;NOM(2,SG)	diłhił
diłhił	V;IND;PFV;NOM(3,GRPL)	diłhił
diłhił	V;IND;PFV;NOM(3,PL)	diłhił
diłhił	V;IND;PFV;NOM(3,SG)	diłhił
diłhił	V;IND;PFV;NOM(4,GRPL)	diłhił
diłhił	V;IND;PFV;NOM(4,PL)	jiłhił
diłhił	V;IND;PFV;NOM(4,SG)	jiłhił
diʼil	V;IND;PFV;NOM(1,GRPL)	diʼil
diʼil	V;IND;PFV;NOM(1,PL)	diʼil
diʼil	V;IND;PFV;NOM(1,SG)	diʼil
diʼil	V;IND;PFV;NOM(2,GRPL)	diʼil
diʼil	V;IND;PFV;NOM(2,PL)	diʼil
diʼil	V;IND;PFV;NOM(2,SG)	diʼil
diʼil	V;IND;PFV;NOM(3,GRPL)	diʼil
diʼil	V;IND;PFV;NOM(3,PL)	diʼil
diʼil	V;IND;PFV;NOM(3,SG)	diʼil
diʼil	V;IND;PFV;NOM(4,GRPL)	diʼil
diʼil	V;IND;PFV;NOM(4,PL)	jiʼil
diʼil	V;IND;PFV;NOM(4,SG)	jiʼil
hashké	V;IND;IPFV;NOM(1,GRPL)	hashké
hashké	V;IND;IPFV;NOM(1,PL)	hashké
hashké	V;IND;IPFV;NOM(1,SG)	hashké
hashké	V;IND;IPFV;NOM(2,GRPL)	hashké
hashké	V;IND;IPFV;NOM(2,PL)	hashké
hashké	V;IND;IPFV;NOM(2,SG)	hashké
hashké	V;IND;IPFV;NOM(3,GRPL)	hashké
hashké	V;IND;IPFV;NOM(3,PL)	hashké
hashké	V;IND;IPFV;NOM(3,SG)	hashké
hashké	V;IND;IPFV;NOM(4,GRPL)	hashké
hashké	V;IND;IPFV;NOM(4,PL)	hajííshké
hashké	V;IND;IPFV;NOM(4,SG)	hajííshké
hashké	V;IND;PFV;NOM(1,GRPL)	hashké
hashké	V;IND;PFV;NOM(1,PL)	hashké
hashké	V;IND;PFV;NOM(1,SG)	hashké
hashké	V;IND;PFV;NOM(2,GRPL)	hashké
hashké	V;IND;PFV;NOM(2,PL)	hashké
hashké	V;IND;PFV;NOM(2,SG)	hashké
hashké	V;IND;PFV;NOM(3,GRPL)	hashké
hashké	V;IND;PFV;NOM(3,PL)	hashké
hashké	V;IND;PFV;NOM(3,SG)	hashké
hashké	V;IND;PFV;NOM(4,GRPL)	hajishké
hashké	V;IND;PFV;NOM(4,PL)	hajííshké
hashké	V;IND;PFV;NOM(4,SG)	hajííshké
iildlóósh	V;IND;IPFV;NOM(1,GRPL)	iildlóósh
iildlóósh	V;IND;IPFV;NOM(2,GRPL)	iildlóósh
iildlóósh	V;IND;IPFV;NOM(2,PL)	iildlóósh
iildlóósh	V;IND;IPFV;NOM(2,SG)	iildlóósh
iildlóósh	V;IND;IPFV;NOM(3,PL)	iildlóósh
iildlóósh	V;IND;IPFV;NOM(3,SG)	iildlóósh
iildlóósh	V;IND;IPFV;NOM(4,GRPL)	jííldlóósh
iildlóósh	V;IND;IPFV;NOM(4,PL)	jííldlóósh
iildlóósh	V;IND;PFV;NOM(1,GRPL)	iildlóósh
iildlóósh	V;IND;PFV;NOM(1,SG)	iildlóósh
iildlóósh	V;IND;PFV;NOM(2,GRPL)	iildlóósh
iildlóósh	V;IND;PFV;NOM(2,PL)	iildlóósh
iildlóósh	V;IND;PFV;NOM(3,GRPL)	iildlóósh
iildlóósh	V;IND;PFV;NOM(3,PL)	iildlóósh
iildlóósh	V;IND;PFV;NOM(3,SG)	iildlóósh
iildlóósh	V;IND;PFV;NOM(4,PL)	jííldlóósh
iildlóósh	V;IND;PFV;NOM(4,SG)	jildlóósh
iildlóósh	V;IND;PROSP;NOM(1,PL)	iildlóósh
iildlóósh	V;IND;PROSP;NOM(1,SG)	iildlóósh
iildlóósh	V;IND;PROSP;NOM(2,SG)	iildlóósh
iildlóósh	V;IND;PROSP;NOM(3,PL)	iildlóósh
iildlóósh	V;IND;PROSP;NOM(4,PL)	jííldlóósh
iizǫ́ǫ́s	V;IND;IPFV;NOM(1,GRPL)	iizǫ́ǫ́s
iizǫ́ǫ́s	V;IND;IPFV;NOM(1,PL)	iizǫ́ǫ́s
iizǫ́ǫ́s	V;IND;IPFV;NOM(1,SG)	iizǫ́ǫ́s
iizǫ́ǫ́s	V;IND;IPFV;NOM(2,GRPL)	iizǫ́ǫ́s
iizǫ́ǫ́s	V;IND;IPFV;NOM(3,GRPL)	iizǫ́ǫ́s
iizǫ́ǫ́s	V;IND;IPFV;NOM(3,SG)	iizǫ́ǫ́s
iizǫ́ǫ́s	V;IND;IPFV;NOM(4,GRPL)	jizǫ́ǫ́s
iizǫ́ǫ́s	V;IND;IPFV;NOM(4,PL)	jizǫ́ǫ́s
iizǫ́ǫ́s	V;IND;PFV;NOM(1,SG)	iizǫ́ǫ́s
iizǫ́ǫ́s	V;IND;PFV;NOM(2,GRPL)	iizǫ́ǫ́s
iizǫ́ǫ́s	V;IND;PFV;NOM(2,SG)	iizǫ́ǫ́s
iizǫ́ǫ́s	V;IND;PFV;NOM(3,GRPL)	iizǫ́ǫ́s
iizǫ́ǫ́s	V;IND;PFV;NOM(3,SG)	iizǫ́ǫ́s
iizǫ́ǫ́s	V;IND;PFV;NOM(4,GRPL)	jizǫ́ǫ́s
iizǫ́ǫ́s	V;IND;PFV;NOM(4,SG)	jizǫ́ǫ́s
iizǫ́ǫ́s	V;IND;PROSP;NOM(1,PL)	iizǫ́ǫ́s
iizǫ́ǫ́s	V;IND;PROSP;NOM(1,SG)	iizǫ́ǫ́s
iizǫ́ǫ́s	V;IND;PROSP;NOM(2,GRPL)	iizǫ́ǫ́s
iizǫ́ǫ́s	V;IND;PROSP;NOM(3,GRPL)	iizǫ́ǫ́s
iizǫ́ǫ́s	V;IND;PROSP;NOM(3,SG)	iizǫ́ǫ́s
iizǫ́ǫ́s	V;IND;PROSP;NOM(4,GRPL)	jizǫ́ǫ́s
iizǫ́ǫ́s	V;IND;PROSP;NOM(4,PL)	jizǫ́ǫ́s
iizǫ́ǫ́s	V;IND;PROSP;NOM(4,SG)	jizǫ́ǫ́s
naadá	V;IND;IPFV;NOM(1,GRPL)	naadádá
naadá	V;IND;IPFV;NOM(2,GRPL)	naasing
naadá	V;IND;IPFV;NOM(2,SG)	naadásing
naadá	V;IND;IPFV;NOM(3,GRPL)	naadádá
naadá	V;IND;IPFV;NOM(4,SG)	jíídá
naadá	V;IND;PFV;NOM(1,PL)	naadádá
naadá	V;IND;PFV;NOM(2,GRPL)	naasing
naadá	V;IND;PFV;NOM(2,PL)	naasing
naadá	V;IND;PFV;NOM(2,SG)	naadásing
naadá	V;IND;PFV;NOM(3,GRPL)	naasing
naadá	V;IND;PFV;NOM(3,PL)	naadádá
naadá	V;IND;PFV;NOM(3,SG)	naadásing
naadá	V;IND;PFV;NOM(4,GRPL)	naadajizing
naadá	V;IND;PFV;NOM(4,PL)	jíínídá
naadá	V;IND;PFV;NOM(4,SG)	jíídá
naadá	V;IND;PROSP;NOM(1,GRPL)	nidoodáł
naadá	V;IND;PROSP;NOM(1,PL)	nidoodásing
naadá	V;IND;PROSP;NOM(2,GRPL)	naasing
naadá	V;IND;PROSP;NOM(2,SG)	naadásing
naadá	V;IND;PROSP;NOM(3,GRPL)	nidoodáł
naadá	V;IND;PROSP;NOM(3,SG)	naadásing
naadá	V;IND;PROSP;NOM(4,GRPL)	nijidoodá
naadá	V;IND;PROSP;NOM(4,PL)	nijidoodá
naaljooł	V;IND;IPFV;NOM(1,GRPL)	naashjooł
naaljooł	V;IND;IPFV;NOM(1,PL)	naashjooł
naaljooł	V;IND;IPFV;NOM(1,SG)	naaljooł
naaljooł	V;IND;IPFV;NOM(2,GRPL)	naashjooł
naaljooł	V;IND;IPFV;NOM(2,PL)	naashjooł
naaljooł	V;IND;IPFV;NOM(3,GRPL)	naashjooł
naaljooł	V;IND;IPFV;NOM(3,SG)	naaljooł
naaljooł	V;IND;IPFV;NOM(4,GRPL)	naashjooł
naaljooł	V;IND;IPFV;NOM(4,PL)	jííljooł
naaljooł	V;IND;PFV;NOM(1,GRPL)	naashjooł
naaljooł	V;IND;PFV;NOM(1,SG)	naashjooł
naaljooł	V;IND;PFV;NOM(2,GRPL)	naashjooł
naaljooł	V;IND;PFV;NOM(2,PL)	naashjooł
naaljooł	V;IND;PFV;NOM(3,GRPL)	naashjooł
naaljooł	V;IND;PFV;NOM(3,PL)	naashjooł
naaljooł	V;IND;PFV;NOM(4,PL)	jííljooł
naaljooł	V;IND;PFV;NOM(4,SG)	joołjooł
naaljooł	V;IND;PROSP;NOM(1,GRPL)	naashjooł
naaljooł	V;IND;PROSP;NOM(2,PL)	naashjooł
naaljooł	V;IND;PROSP;NOM(3,PL)	naashjooł
naaljooł	V;IND;PROSP;NOM(3,SG)	naashjooł
naaljooł	V;IND;PROSP;NOM(4,GRPL)	naashjooł
naaljooł	V;IND;PROSP;NOM(4,PL)	naashjooł
naamaas	V;IND;IPFV;NOM(1,GRPL)	naamaas
naamaas	V;IND;IPFV;NOM(1,PL)	naamaas
naamaas	V;IND;IPFV;NOM(1,SG)	naamaas
naamaas	V;IND;IPFV;NOM(2,PL)	naamaas
naamaas	V;IND;IPFV;NOM(3,PL)	naamaas
naamaas	V;IND;IPFV;NOM(3,SG)	naamaas
naamaas	V;IND;IPFV;NOM(4,GRPL)	naamaas
naamaas	V;IND;IPFV;NOM(4,PL)	naamaas
naamaas	V;IND;IPFV;NOM(4,SG)	naamaas
naamaas	V;IND;PFV;NOM(1,PL)	naamaas
naamaas	V;IND;PFV;NOM(1,SG)	naamaas
naamaas	V;IND;PFV;NOM(2,GRPL)	naamaas
naamaas	V;IND;PFV;NOM(3,GRPL)	naamaas
naamaas	V;IND;PFV;NOM(3,PL)	naamaas
naamaas	V;IND;PFV;NOM(3,SG)	naamaas
naamaas	V;IND;PFV;NOM(4,GRPL)	naamaas
naamaas	V;IND;PROSP;NOM(1,PL)	naamaas
naamaas	V;IND;PROSP;NOM(1,SG)	naamaas
naamaas	V;IND;PROSP;NOM(2,SG)	naamaas
naamaas	V;IND;PROSP;NOM(3,SG)	naamaas
naamaas	V;IND;PROSP;NOM(4,PL)	naamaas
naamaas	V;IND;PROSP;NOM(4,SG)	naamaas
naataz	V;IND;IPFV;NOM(1,GRPL)	naatazhdootaz
naataz	V;IND;IPFV;NOM(1,SG)	naataz
naataz	V;IND;IPFV;NOM(2,GRPL)	naatazhdootaz
naataz	V;IND;IPFV;NOM(2,PL)	naatazhdootaz
naataz	V;IND;IPFV;NOM(2,SG)	naataz
naataz	V;IND;IPFV;NOM(3,GRPL)	naatazhdootaz
naataz	V;IND;IPFV;NOM(3,PL)	naatazhdootaz
naataz	V;IND;IPFV;NOM(3,SG)	naataz
naataz	V;IND;IPFV;NOM(4,PL)	jíítaz
naataz	V;IND;IPFV;NOM(4,SG)	jíítaz
naataz	V;IND;PFV;NOM(1,SG)	naataz
naataz	V;IND;PFV;NOM(2,GRPL)	naatazhdootaz
naataz	V;IND;PFV;NOM(2,PL)	naatazhdootaz
naataz	V;IND;PFV;NOM(2,SG)	naataz
naataz	V;IND;PFV;NOM(3,GRPL)	naatazhdootaz
naataz	V;IND;PFV;NOM(3,PL)	naatazhdootaz
naataz	V;IND;PFV;NOM(3,SG)	naataz
naataz	V;IND;PROSP;NOM(1,GRPL)	naatazhdootaz
naataz	V;IND;PROSP;NOM(2,GRPL)	naatazhdootaz
naataz	V;IND;PROSP;NOM(3,PL)	naashtaz
naataz	V;IND;PROSP;NOM(3,SG)	naashtaz
naataz	V;IND;PROSP;NOM(4,GRPL)	naatazhdootaz
naataz	V;IND;PROSP;NOM(4,SG)	naashtaz
neitłeeh	V;IND;IPFV;NOM(1,GRPL)	neitłeeh
neitłeeh	V;IND;IPFV;NOM(1,PL)	neitłeeh
neitłeeh	V;IND;IPFV;NOM(1,SG)	neitłeeh
neitłeeh	V;IND;IPFV;NOM(2,GRPL)	neitłeeh
neitłeeh	V;IND;IPFV;NOM(2,PL)	neitłeeh
neitłeeh	V;IND;IPFV;NOM(3,GRPL)	neitłeeh
neitłeeh	V;IND;IPFV;NOM(3,SG)	neitłeeh
neitłeeh	V;IND;IPFV;NOM(4,GRPL)	nijitłeeh
neitłeeh	V;IND;IPFV;NOM(4,PL)	njitłeeh
neitłeeh	V;IND;IPFV;NOM(4,SG)	njitłeeh
neitłeeh	V;IND;PFV;NOM(1,PL)	neitłeeh
neitłeeh	V;IND;PFV;NOM(2,GRPL)	neitłeeh
neitłeeh	V;IND;PFV;NOM(2,SG)	neitłeeh
neitłeeh	V;IND;PFV;NOM(3,GRPL)	neitłeeh
neitłeeh	V;IND;PFV;NOM(4,SG)	njitłeeh
neitłeeh	V;IND;PROSP;NOM(1,GRPL)	nidootłeeh
neitłeeh	V;IND;PROSP;NOM(1,PL)	neitłeeh
neitłeeh	V;IND;PROSP;NOM(2,PL)	neitłeeh
neitłeeh	V;IND;PROSP;NOM(2,SG)	neitłeeh
neitłeeh	V;IND;PROSP;NOM(3,GRPL)	nidootłeeh
neitłeeh	V;IND;PROSP;NOM(4,GRPL)	nijitłeeh
neitłeeh	V;IND;PROSP;NOM(4,PL)	nijitłeeh
neitłeeh	V;IND;PROSP;NOM(4,SG)	nijitłeeh
neiłbąąs	V;IND;IPFV;NOM(1,GRPL)	neiłbąąs
neiłbąąs	V;IND;IPFV;NOM(3,GRPL)	neiłbąąs
neiłbąąs	V;IND;IPFV;NOM(3,PL)	neiłbąąs
neiłbąąs	V;IND;IPFV;NOM(4,PL)	njiłbąąs
neiłbąąs	V;IND;PFV;NOM(1,GRPL)	neiłbąąs
neiłbąąs	V;IND;PFV;NOM(1,PL)	neiłbąąs
neiłbąąs	V;IND;PFV;NOM(1,SG)	neiłbąąs
neiłbąąs	V;IND;PFV;NOM(2,GRPL)	neiłbąąs
neiłbąąs	V;IND;PFV;NOM(2,PL)	neiłbąąs
neiłbąąs	V;IND;PFV;NOM(2,SG)	neiłbąąs
neiłbąąs	V;IND;PFV;NOM(3,GRPL)	neiłbąąs
neiłbąąs	V;IND;PFV;NOM(3,PL)	neiłbąąs
neiłbąąs	V;IND;PFV;NOM(3,SG)	neiłbąąs
neiłbąąs	V;IND;PFV;NOM(4,GRPL)	njiłbąąs
neiłbąąs	V;IND;PFV;NOM(4,SG)	njiłbąąs
neiłbąąs	V;IND;PROSP;NOM(1,PL)	nidoołbąąs
neiłbąąs	V;IND;PROSP;NOM(2,GRPL)	neidoołbąąs
neiłbąąs	V;IND;PROSP;NOM(2,PL)	neidoołbąąs
neiłbąąs	V;IND;PROSP;NOM(3,PL)	nidoołbąąs
neiłbąąs	V;IND;PROSP;NOM(3,SG)	nidoołbąąs
neiłbąąs	V;IND;PROSP;NOM(4,GRPL)	njiłbąąs
neiłbąąs	V;IND;PROSP;NOM(4,PL)	njiłbąąs
neiłbąąs	V;IND;PROSP;NOM(4,SG)	njiłbąąs
neiłgizh	V;IND;IPFV;NOM(2,GRPL)	neiłgizh
neiłgizh	V;IND;IPFV;NOM(2,PL)	neiłgizh
neiłgizh	V;IND;IPFV;NOM(3,PL)	neiłgizh
neiłgizh	V;IND;IPFV;NOM(3,SG)	neiłgizh
neiłgizh	V;IND;IPFV;NOM(4,GRPL)	njiłgizh
neiłgizh	V;IND;IPFV;NOM(4,SG)	njiłgizh
neiłgizh	V;IND;PFV;NOM(1,PL)	neiłgizh
neiłgizh	V;IND;PFV;NOM(1,SG)	neiłgizh
neiłgizh	V;IND;PFV;NOM(2,GRPL)	neiłgizh
neiłgizh	V;IND;PFV;NOM(2,PL)	neiłgizh
neiłgizh	V;IND;PFV;NOM(2,SG)	neiłgizh
neiłgizh	V;IND;PFV;NOM(3,GRPL)	neiłgizh
neiłgizh	V;IND;PFV;NOM(3,SG)	neiłgizh
neiłgizh	V;IND;PFV;NOM(4,SG)	njiłgizh
neiłgizh	V;IND;PROSP;NOM(1,GRPL)	nidoołgizh
neiłgizh	V;IND;PROSP;NOM(1,PL)	neidoołgizh
neiłgizh	V;IND;PROSP;NOM(2,GRPL)	neidoołgizh
neiłgizh	V;IND;PROSP;NOM(2,PL)	neidoołgizh
neiłgizh	V;IND;PROSP;NOM(2,SG)	neiłgizh
neiłgizh	V;IND;PROSP;NOM(3,GRPL)	nidoołgizh
neiłgizh	V;IND;PROSP;NOM(3,SG)	nidoołgizh
neiłgizh	V;IND;PROSP;NOM(4,GRPL)	nijiłgizh
neiłgizh	V;IND;PROSP;NOM(4,SG)	njiłgizh
neiłmaas	V;IND;IPFV;NOM(1,SG)	neiłmaas
neiłmaas	V;IND;IPFV;NOM(2,GRPL)	neiłmaas
neiłmaas	V;IND;IPFV;NOM(2,SG)	neiłmaas
neiłmaas	V;IND;IPFV;NOM(3,GRPL)	neiłmaas
neiłmaas	V;IND;IPFV;NOM(3,PL)	neiłmaas
neiłmaas	V;IND;IPFV;NOM(3,SG)	neiłmaas
neiłmaas	V;IND;IPFV;NOM(4,PL)	njiłmaas
neiłmaas	V;IND;IPFV;NOM(4,SG)	njiłmaas
neiłmaas	V;IND;PFV;NOM(1,PL)	neiłmaas
neiłmaas	V;IND;PFV;NOM(2,GRPL)	neiłmaas
neiłmaas	V;IND;PFV;NOM(2,PL)	neiłmaas
neiłmaas	V;IND;PFV;NOM(2,SG)	neiłmaas
neiłmaas	V;IND;PFV;NOM(3,GRPL)	neiłmaas
neiłmaas	V;IND;PFV;NOM(3,PL)	neiłmaas
neiłmaas	V;IND;PFV;NOM(3,SG)	neiłmaas
neiłmaas	V;IND;PFV;NOM(4,GRPL)	njiłmaas
neiłmaas	V;IND;PROSP;NOM(1,GRPL)	neiłmaas
neiłmaas	V;IND;PROSP;NOM(1,PL)	neiłmaas
neiłmaas	V;IND;PROSP;NOM(2,GRPL)	neiłmaas
neiłmaas	V;IND;PROSP;NOM(2,SG)	neiłmaas
neiłmaas	V;IND;PROSP;NOM(3,GRPL)	neidoołmaas
neiłmaas	V;IND;PROSP;NOM(3,SG)	neiłmaas
neiłmaas	V;IND;PROSP;NOM(4,SG)	njiłmaas
neiłtseed	V;IND;IPFV;NOM(1,GRPL)	neiłtseed
neiłtseed	V;IND;IPFV;NOM(1,PL)	neiłtseed
neiłtseed	V;IND;IPFV;NOM(2,GRPL)	neiłtseed
neiłtseed	V;IND;IPFV;NOM(2,PL)	neiłtseed
neiłtseed	V;IND;IPFV;NOM(4,PL)	njiłtseed
neiłtseed	V;IND;IPFV;NOM(4,SG)	njiłtseed
neiłtseed	V;IND;PFV;NOM(1,GRPL)	neiłtseed
neiłtseed	V;IND;PFV;NOM(1,PL)	neiłtseed
neiłtseed	V;IND;PFV;NOM(1,SG)	neiłtseed
neiłtseed	V;IND;PFV;NOM(2,GRPL)	neiłtseed
neiłtseed	V;IND;PFV;NOM(3,GRPL)	neiłtseed
neiłtseed	V;IND;PFV;NOM(3,PL)	neiłtseed
neiłtseed	V;IND;PFV;NOM(3,SG)	neiłtseed
neiłtseed	V;IND;PFV;NOM(4,GRPL)	njiłtseed
neiłtseed	V;IND;PFV;NOM(4,PL)	njiłtseed
neiłtseed	V;IND;PROSP;NOM(1,GRPL)	nidoołtseed
neiłtseed	V;IND;PROSP;NOM(1,PL)	nidoołtseed
neiłtseed	V;IND;PROSP;NOM(1,SG)	neiłtseed
neiłtseed	V;IND;PROSP;NOM(2,GRPL)	neidoołtseed
neiłtseed	V;IND;PROSP;NOM(2,SG)	neiłtseed
neiłtseed	V;IND;PROSP;NOM(3,PL)	nidoołtseed
neiłtseed	V;IND;PROSP;NOM(3,SG)	nidoołtseed
neiłtseed	V;IND;PROSP;NOM(4,SG)	njiłtseed
neiłtʼiʼ	V;IND;IPFV;NOM(1,GRPL)	neiłtʼiʼ
neiłtʼiʼ	V;IND;IPFV;NOM(1,PL)	neiłtʼiʼ
neiłtʼiʼ	V;IND;IPFV;NOM(2,GRPL)	neiłtʼiʼ
neiłtʼiʼ	V;IND;IPFV;NOM(3,GRPL)	neiłtʼiʼ
neiłtʼiʼ	V;IND;IPFV;NOM(3,PL)	neiłtʼiʼ
neiłtʼiʼ	V;IND;IPFV;NOM(3,SG)	neiłtʼiʼ
neiłtʼiʼ	V;IND;IPFV;NOM(4,PL)	njiłtʼiʼ
neiłtʼiʼ	V;IND;PFV;NOM(1,GRPL)	neiłtʼiʼ
neiłtʼiʼ	V;IND;PFV;NOM(1,SG)	neiłtʼiʼ
neiłtʼiʼ	V;IND;PFV;NOM(2,GRPL)	neiłtʼiʼ
neiłtʼiʼ	V;IND;PFV;NOM(2,PL)	neiłtʼiʼ
neiłtʼiʼ	V;IND;PFV;NOM(2,SG)	neiłtʼiʼ
neiłtʼiʼ	V;IND;PFV;NOM(3,SG)	neiłtʼiʼ
neiłtʼiʼ	V;IND;PFV;NOM(4,PL)	njiłtʼiʼ
neiłtʼiʼ	V;IND;PFV;NOM(4,SG)	njiłtʼiʼ
neiłtʼiʼ	V;IND;PROSP;NOM(1,GRPL)	neiłtʼiʼ
neiłtʼiʼ	V;IND;PROSP;NOM(1,PL)	neiłtʼiʼ
neiłtʼiʼ	V;IND;PROSP;NOM(1,SG)	neiłtʼiʼ
neiłtʼiʼ	V;IND;PROSP;NOM(2,PL)	neiłtʼiʼ
neiłtʼiʼ	V;IND;PROSP;NOM(2,SG)	neiłtʼiʼ
neiłtʼiʼ	V;IND;PROSP;NOM(3,PL)	nidoołtʼiʼ
neiłtʼiʼ	V;IND;PROSP;NOM(4,PL)	njiłtʼiʼ
neiłtʼiʼ	V;IND;PROSP;NOM(4,SG)	njiłtʼiʼ
neiʼeesh	V;IND;IPFV;NOM(1,PL)	neiʼeesh
neiʼeesh	V;IND;IPFV;NOM(1,SG)	neiʼeesh
neiʼeesh	V;IND;IPFV;NOM(2,GRPL)	neiʼeesh
neiʼeesh	V;IND;IPFV;NOM(2,PL)	neiʼeesh
neiʼeesh	V;IND;IPFV;NOM(2,SG)	neiʼeesh
neiʼeesh	V;IND;IPFV;NOM(3,PL)	neiʼeesh
neiʼeesh	V;IND;IPFV;NOM(4,SG)	njiʼeesh
neiʼeesh	V;IND;PFV;NOM(1,PL)	neiʼeesh
neiʼeesh	V;IND;PFV;NOM(1,SG)	neiʼeesh
neiʼeesh	V;IND;PFV;NOM(2,GRPL)	neiʼeesh
neiʼeesh	V;IND;PFV;NOM(2,PL)	neiʼeesh
neiʼeesh	V;IND;PFV;NOM(2,SG)	neiʼeesh
neiʼeesh	V;IND;PFV;NOM(3,GRPL)	neiʼeesh
neiʼeesh	V;IND;PFV;NOM(4,GRPL)	neiʼeesh
neiʼeesh	V;IND;PROSP;NOM(1,GRPL)	neiʼeesh
neiʼeesh	V;IND;PROSP;NOM(1,SG)	neiʼeesh
neiʼeesh	V;IND;PROSP;NOM(2,GRPL)	neiʼeesh
neiʼeesh	V;IND;PROSP;NOM(2,SG)	neiʼeesh
neiʼeesh	V;IND;PROSP;NOM(3,GRPL)	neiʼeesh
neiʼeesh	V;IND;PROSP;NOM(3,PL)	neiʼeesh
neiʼeesh	V;IND;PROSP;NOM(4,GRPL)	neiʼeesh
neiʼeesh	V;IND;PROSP;NOM(4,PL)	neiʼeesh
neiʼeesh	V;IND;PROSP;NOM(4,SG)	neiʼeesh
noodǫ́ǫ́z	V;IND;PFV;NOM(1,GRPL)	noodǫ́ǫ́z
noodǫ́ǫ́z	V;IND;PFV;NOM(1,PL)	noodǫ́ǫ́z
noodǫ́ǫ́z	V;IND;PFV;NOM(1,SG)	noodǫ́ǫ́z
noodǫ́ǫ́z	V;IND;PFV;NOM(2,GRPL)	noodǫ́ǫ́z
noodǫ́ǫ́z	V;IND;PFV;NOM(2,PL)	noodǫ́ǫ́z
noodǫ́ǫ́z	V;IND;PFV;NOM(2,SG)	noodǫ́ǫ́z
noodǫ́ǫ́z	V;IND;PFV;NOM(3,GRPL)	noodǫ́ǫ́z
noodǫ́ǫ́z	V;IND;PFV;NOM(3,PL)	noodǫ́ǫ́z
noodǫ́ǫ́z	V;IND;PFV;NOM(3,SG)	noodǫ́ǫ́z
noodǫ́ǫ́z	V;IND;PFV;NOM(4,GRPL)	noodǫ́ǫ́z
noodǫ́ǫ́z	V;IND;PFV;NOM(4,PL)	noodǫ́ǫ́z
noodǫ́ǫ́z	V;IND;PFV;NOM(4,SG)	noodǫ́ǫ́z
yichʼid	V;IND;IPFV;NOM(1,GRPL)	deiichʼid
yichʼid	V;IND;IPFV;NOM(1,SG)	yichʼid
yichʼid	V;IND;IPFV;NOM(2,GRPL)	deiichʼid
yichʼid	V;IND;IPFV;NOM(2,PL)	yichʼid
yichʼid	V;IND;IPFV;NOM(3,GRPL)	yichʼid
yichʼid	V;IND;IPFV;NOM(3,PL)	yichʼid
yichʼid	V;IND;IPFV;NOM(3,SG)	yichʼid
yichʼid	V;IND;IPFV;NOM(4,GRPL)	jichʼid
yichʼid	V;IND;IPFV;NOM(4,SG)	jichʼid
yichʼid	V;IND;PFV;NOM(1,SG)	yichʼid
yichʼid	V;IND;PFV;NOM(2,GRPL)	deiichʼid
yichʼid	V;IND;PFV;NOM(2,PL)	yichʼid
yichʼid	V;IND;PFV;NOM(2,SG)	yichʼid
yichʼid	V;IND;PFV;NOM(3,GRPL)	yichʼid
yichʼid	V;IND;PFV;NOM(3,SG)	yichʼid
yichʼid	V;IND;PFV;NOM(4,PL)	jichʼid
yichʼid	V;IND;PROSP;NOM(1,GRPL)	doochʼid
yichʼid	V;IND;PROSP;NOM(1,PL)	doochʼid
yichʼid	V;IND;PROSP;NOM(2,PL)	doochʼid
yichʼid	V;IND;PROSP;NOM(2,SG)	doochʼid
yichʼid	V;IND;PROSP;NOM(3,GRPL)	deiichʼid
yichʼid	V;IND;PROSP;NOM(3,SG)	yishchʼid
yichʼid	V;IND;PROSP;NOM(4,PL)	jichʼid
yidiitsʼį́į́h	V;IND;IPFV;NOM(1,GRPL)	yidiitsʼį́į́h
yidiitsʼį́į́h	V;IND;IPFV;NOM(1,PL)	yidiitsʼį́į́h
yidiitsʼį́į́h	V;IND;IPFV;NOM(1,SG)	yidiitsʼį́į́h
yidiitsʼį́į́h	V;IND;IPFV;NOM(2,PL)	yidiitsʼį́į́h
yidiitsʼį́į́h	V;IND;IPFV;NOM(2,SG)	yidiitsʼį́į́h
yidiitsʼį́į́h	V;IND;IPFV;NOM(3,SG)	yidiitsʼį́į́h
yidiitsʼį́į́h	V;IND;IPFV;NOM(4,GRPL)	jidiitsʼį́į́h
yidiitsʼį́į́h	V;IND;PFV;NOM(1,GRPL)	yidiitsʼį́į́h
yidiitsʼį́į́h	V;IND;PFV;NOM(1,PL)	yidiitsʼį́į́h
yidiitsʼį́į́h	V;IND;PFV;NOM(1,SG)	yidiitsʼį́į́h
yidiitsʼį́į́h	V;IND;PFV;NOM(2,PL)	yidiitsʼį́į́h
yidiitsʼį́į́h	V;IND;PFV;NOM(2,SG)	yidiitsʼį́į́h
yidiitsʼį́į́h	V;IND;PFV;NOM(3,GRPL)	yidiitsʼį́į́h
yidiitsʼį́į́h	V;IND;PFV;NOM(3,SG)	yidiitsʼį́į́h
yidiitsʼį́į́h	V;IND;PFV;NOM(4,GRPL)	jidiitsʼį́į́h
yidiitsʼį́į́h	V;IND;PFV;NOM(4,PL)	jidiitsʼį́į́h
yidiitsʼį́į́h	V;IND;PFV;NOM(4,SG)	jidiitsʼį́į́h
yidiitsʼį́į́h	V;IND;PROSP;NOM(1,GRPL)	diitsʼį́į́h
yidiitsʼį́į́h	V;IND;PROSP;NOM(1,SG)	diitsʼį́į́h
yidiitsʼį́į́h	V;IND;PROSP;NOM(2,GRPL)	diitsʼį́į́h
yidiitsʼį́į́h	V;IND;PROSP;NOM(2,PL)	diitsʼį́į́h
yidiitsʼį́į́h	V;IND;PROSP;NOM(3,GRPL)	yidiitsʼį́į́h
yidiitsʼį́į́h	V;IND;PROSP;NOM(4,GRPL)	jidiitsʼį́į́h
yigeeh	V;IND;IPFV;NOM(1,GRPL)	deiigeeh
yigeeh	V;IND;IPFV;NOM(1,SG)	yigeeh
yigeeh	V;IND;IPFV;NOM(2,GRPL)	deiigeeh
yigeeh	V;IND;IPFV;NOM(2,SG)	yigeeh
yigeeh	V;IND;IPFV;NOM(3,GRPL)	yigeeh
yigeeh	V;IND;IPFV;NOM(3,PL)	yigeeh
yigeeh	V;IND;IPFV;NOM(3,SG)	yigeeh
yigeeh	V;IND;IPFV;NOM(4,GRPL)	jigeeh
yigeeh	V;IND;IPFV;NOM(4,SG)	jigeeh
yigeeh	V;IND;PFV;NOM(1,GRPL)	deiigeeh
yigeeh	V;IND;PFV;NOM(1,PL)	yigeeh
yigeeh	V;IND;PFV;NOM(2,GRPL)	deiigeeh
yigeeh	V;IND;PFV;NOM(2,PL)	yigeeh
yigeeh	V;IND;PFV;NOM(3,PL)	yigeeh
yigeeh	V;IND;PFV;NOM(3,SG)	yigeeh
yigeeh	V;IND;PROSP;NOM(1,SG)	deiigeeh
yigeeh	V;IND;PROSP;NOM(2,GRPL)	deiigeeh
yigeeh	V;IND;PROSP;NOM(3,GRPL)	deiigeeh
yigeeh	V;IND;PROSP;NOM(3,PL)	yigeeh
yigeeh	V;IND;PROSP;NOM(4,GRPL)	jigeeh
yigeeh	V;IND;PROSP;NOM(4,PL)	jigeeh
yigeeh	V;IND;PROSP;NOM(4,SG)	jigeeh
yighááh	V;IND;IPFV;NOM(1,GRPL)	deiighááh
yighááh	V;IND;IPFV;NOM(1,SG)	yighááh
yighááh	V;IND;IPFV;NOM(2,GRPL)	deiighááh
yighááh	V;IND;IPFV;NOM(2,PL)	deiighááh
yighááh	V;IND;IPFV;NOM(2,SG)	yighááh
yighááh	V;IND;IPFV;NOM(3,PL)	yighááh
yighááh	V;IND;IPFV;NOM(3,SG)	yighááh
yighááh	V;IND;IPFV;NOM(4,GRPL)	jighááh
yighááh	V;IND;IPFV;NOM(4,PL)	jighááh
yighááh	V;IND;PFV;NOM(1,GRPL)	deiighááh
yighááh	V;IND;PFV;NOM(1,PL)	yighááh
yighááh	V;IND;PFV;NOM(1,SG)	yighááh
yighááh	V;IND;PFV;NOM(2,GRPL)	deiighááh
yighááh	V;IND;PFV;NOM(3,GRPL)	yighááh
yighááh	V;IND;PFV;NOM(4,GRPL)	jighááh
yighááh	V;IND;PFV;NOM(4,SG)	jighááh
yighááh	V;IND;PROSP;NOM(1,GRPL)	deiighááh
yighááh	V;IND;PROSP;NOM(1,PL)	dooghááh
yighááh	V;IND;PROSP;NOM(2,GRPL)	dooghááh
yighááh	V;IND;PROSP;NOM(3,PL)	yighááh
yighááh	V;IND;PROSP;NOM(3,SG)	yighááh
yighááh	V;IND;PROSP;NOM(4,PL)	jighááh
yighááh	V;IND;PROSP;NOM(4,SG)	jighááh
yigoh	V;IND;PFV;NOM(1,GRPL)	deiigoh
yigoh	V;IND;PFV;NOM(1,PL)	deiigoh
yigoh	V;IND;PFV;NOM(1,SG)	yigoh
yigoh	V;IND;PFV;NOM(2,GRPL)	deiigoh
yigoh	V;IND;PFV;NOM(2,PL)	deiigoh
yigoh	V;IND;PFV;NOM(2,SG)	yising
yigoh	V;IND;PFV;NOM(3,GRPL)	yigoh
yigoh	V;IND;PFV;NOM(3,PL)	yigoh
yigoh	V;IND;PFV;NOM(3,SG)	yigoh
yigoh	V;IND;PFV;NOM(4,GRPL)	jigoh
yigoh	V;IND;PFV;NOM(4,PL)	jigoh
yigoh	V;IND;PFV;NOM(4,SG)	jigoh
yijeeh	V;IND;IPFV;NOM(1,GRPL)	deiijeeh
yijeeh	V;IND;IPFV;NOM(1,PL)	yijeeh
yijeeh	V;IND;IPFV;NOM(1,SG)	yijeeh
yijeeh	V;IND;IPFV;NOM(2,GRPL)	deiijeeh
yijeeh	V;IND;IPFV;NOM(2,PL)	jijeeh
yijeeh	V;IND;IPFV;NOM(3,PL)	yijeeh
yijeeh	V;IND;IPFV;NOM(3,SG)	yijeeh
yijeeh	V;IND;IPFV;NOM(4,PL)	jijeeh
yijeeh	V;IND;IPFV;NOM(4,SG)	jijeeh
yijeeh	V;IND;PFV;NOM(1,PL)	yijeeh
yijeeh	V;IND;PFV;NOM(1,SG)	yijeeh
yijeeh	V;IND;PFV;NOM(2,GRPL)	deiijeeh
yijeeh	V;IND;PFV;NOM(2,PL)	deiijeeh
yijeeh	V;IND;PFV;NOM(3,PL)	yijeeh
yijeeh	V;IND;PFV;NOM(3,SG)	yijeeh
yijeeh	V;IND;PFV;NOM(4,SG)	jijeeh
yijeeh	V;IND;PROSP;NOM(1,GRPL)	deiijeeh
yijeeh	V;IND;PROSP;NOM(1,PL)	deiijeeh
yijeeh	V;IND;PROSP;NOM(1,SG)	deiijeeh
yijeeh	V;IND;PROSP;NOM(2,GRPL)	deiijeeh
yijeeh	V;IND;PROSP;NOM(2,SG)	deiijeeh
yijeeh	V;IND;PROSP;NOM(4,GRPL)	jijeeh
yijeeh	V;IND;PROSP;NOM(4,PL)	jijeeh
yijį́į́ł	V;IND;PFV;NOM(1,GRPL)	yijį́į́ł
yijį́į́ł	V;IND;PFV;NOM(1,PL)	yijį́į́ł
yijį́į́ł	V;IND;PFV;NOM(1,SG)	yijį́į́ł
yijį́į́ł	V;IND;PFV;NOM(2,GRPL)	yijį́į́ł
yijį́į́ł	V;IND;PFV;NOM(2,PL)	yijį́į́ł
yijį́į́ł	V;IND;PFV;NOM(2,SG)	yijį́į́ł
yijį́į́ł	V;IND;PFV;NOM(3,GRPL)	yijį́į́ł
yijį́į́ł	V;IND;PFV;NOM(3,PL)	yijį́į́ł
yijį́į́ł	V;IND;PFV;NOM(3,SG)	yijį́į́ł
yijį́į́ł	V;IND;PFV;NOM(4,GRPL)	jijį́į́ł
yijį́į́ł	V;IND;PFV;NOM(4,PL)	jijį́į́ł
yijį́į́ł	V;IND;PFV;NOM(4,SG)	jį́į́ł
yiltłʼééł	V;IND;PFV;NOM(1,GRPL)	deiiltłʼééł
yiltłʼééł	V;IND;PFV;NOM(1,PL)	yiltłʼééł
yiltłʼééł	V;IND;PFV;NOM(1,SG)	yiltłʼééł
yiltłʼééł	V;IND;PFV;NOM(2,GRPL)	deiiltłʼééł
yiltłʼééł	V;IND;PFV;NOM(2,PL)	yiltłʼééł
yiltłʼééł	V;IND;PFV;NOM(2,SG)	yiltłʼééł
yiltłʼééł	V;IND;PFV;NOM(3,GRPL)	yiltłʼééł
yiltłʼééł	V;IND;PFV;NOM(3,PL)	yiltłʼééł
yiltłʼééł	V;IND;PFV;NOM(3,SG)	yiltłʼééł
yiltłʼééł	V;IND;PFV;NOM(4,GRPL)	jiltłʼééł
yiltłʼééł	V;IND;PFV;NOM(4,PL)	jiltłʼééł
yiltłʼééł	V;IND;PFV;NOM(4,SG)	jiltłʼééł
yilʼaah	V;IND;IPFV;NOM(1,PL)	yiilʼaah
yilʼaah	V;IND;IPFV;NOM(1,SG)	yisilʼaah
yilʼaah	V;IND;IPFV;NOM(2,GRPL)	deiilʼaah
yilʼaah	V;IND;IPFV;NOM(2,PL)	deiilʼaah
yilʼaah	V;IND;IPFV;NOM(2,SG)	yisilʼaah
yilʼaah	V;IND;IPFV;NOM(3,GRPL)	yiilʼaah
yilʼaah	V;IND;IPFV;NOM(3,PL)	yiilʼaah
yilʼaah	V;IND;IPFV;NOM(4,GRPL)	jilʼaah
yilʼaah	V;IND;IPFV;NOM(4,PL)	jíílʼaah
yilʼaah	V;IND;IPFV;NOM(4,SG)	jilʼaah
yilʼaah	V;IND;PFV;NOM(1,GRPL)	deiilʼaah
yilʼaah	V;IND;PFV;NOM(1,PL)	yiilʼaah
yilʼaah	V;IND;PFV;NOM(2,GRPL)	deiilʼaah
yilʼaah	V;IND;PFV;NOM(2,PL)	deiilʼaah
yilʼaah	V;IND;PFV;NOM(2,SG)	yisilʼaah
yilʼaah	V;IND;PFV;NOM(3,GRPL)	yiilʼaah
yilʼaah	V;IND;PFV;NOM(3,PL)	yiilʼaah
yilʼaah	V;IND;PFV;NOM(4,SG)	jíílʼaah
yilʼaah	V;IND;PROSP;NOM(1,SG)	deiilʼaah
yilʼaah	V;IND;PROSP;NOM(2,PL)	deiilʼaah
yilʼaah	V;IND;PROSP;NOM(3,GRPL)	deiilʼaah
yilʼaah	V;IND;PROSP;NOM(4,PL)	jíílʼaah
yishood	V;IND;IPFV;NOM(1,GRPL)	yishood
yishood	V;IND;IPFV;NOM(1,PL)	yishood
yishood	V;IND;IPFV;NOM(1,SG)	yishood
yishood	V;IND;IPFV;NOM(2,GRPL)	yishood
yishood	V;IND;IPFV;NOM(2,PL)	yishood
yishood	V;IND;IPFV;NOM(2,SG)	yishood
yishood	V;IND;IPFV;NOM(3,GRPL)	yishood
yishood	V;IND;IPFV;NOM(3,PL)	yishood
yishood	V;IND;IPFV;NOM(3,SG)	yishood
yishood	V;IND;IPFV;NOM(4,GRPL)	jishood
yishood	V;IND;IPFV;NOM(4,PL)	jishood
yishood	V;IND;IPFV;NOM(4,SG)	jishood
yishood	V;IND;PFV;NOM(1,GRPL)	yishood
yishood	V;IND;PFV;NOM(1,PL)	yishood
yishood	V;IND;PFV;NOM(1,SG)	yishood
yishood	V;IND;PFV;NOM(2,GRPL)	yishood
yishood	V;IND;PFV;NOM(2,PL)	yishood
yishood	V;IND;PFV;NOM(2,SG)	yishood
yishood	V;IND;PFV;NOM(3,GRPL)	yishood
yishood	V;IND;PFV;NOM(3,PL)	yishood
yishood	V;IND;PFV;NOM(3,SG)	yishood
yishood	V;IND;PFV;NOM(4,GRPL)	jishood
yishood	V;IND;PFV;NOM(4,PL)	jishood
yishood	V;IND;PFV;NOM(4,SG)	jishood
yishóósh	V;IND;IPFV;NOM(1,GRPL)	yishóósh
yishóósh	V;IND;IPFV;NOM(1,PL)	yishóósh
yishóósh	V;IND;IPFV;NOM(1,SG)	yishóósh
yishóósh	V;IND;IPFV;NOM(2,GRPL)	yishóósh
yishóósh	V;IND;IPFV;NOM(2,PL)	yishóósh
yishóósh	V;IND;IPFV;NOM(2,SG)	yishóósh
yishóósh	V;IND;IPFV;NOM(3,GRPL)	yishóósh
yishóósh	V;IND;IPFV;NOM(3,PL)	yishóósh
yishóósh	V;IND;IPFV;NOM(3,SG)	yishóósh
yishóósh	V;IND;IPFV;NOM(4,GRPL)	jishóósh
yishóósh	V;IND;IPFV;NOM(4,PL)	jishóósh
yishóósh	V;IND;IPFV;NOM(4,SG)	jishóósh
yishóósh	V;IND;PFV;NOM(1,GRPL)	yishóósh
yishóósh	V;IND;PFV;NOM(1,PL)	yishóósh
yishóósh	V;IND;PFV;NOM(1,SG)	yishóósh
yishóósh	V;IND;PFV;NOM(2,GRPL)	yishóósh
yishóósh	V;IND;PFV;NOM(2,PL)	yishóósh
yishóósh	V;IND;PFV;NOM(2,SG)	yishóósh
yishóósh	V;IND;PFV;NOM(3,GRPL)	yishóósh
yishóósh	V;IND;PFV;NOM(3,PL)	yishóósh
yishóósh	V;IND;PFV;NOM(3,SG)	yishóósh
yishóósh	V;IND;PFV;NOM(4,GRPL)	jishóósh
yishóósh	V;IND;PFV;NOM(4,PL)	jishóósh
yishóósh	V;IND;PFV;NOM(4,SG)	jishóósh
yitłeeh	V;IND;IPFV;NOM(1,GRPL)	deiitłeeh
yitłeeh	V;IND;IPFV;NOM(1,PL)	yitłeeh
yitłeeh	V;IND;IPFV;NOM(1,SG)	yitłeeh
yitłeeh	V;IND;IPFV;NOM(2,GRPL)	deiitłeeh
yitłeeh	V;IND;IPFV;NOM(2,PL)	yitłeeh
yitłeeh	V;IND;IPFV;NOM(2,SG)	yitłeeh
yitłeeh	V;IND;IPFV;NOM(3,GRPL)	yitłeeh
yitłeeh	V;IND;IPFV;NOM(3,PL)	yitłeeh
yitłeeh	V;IND;IPFV;NOM(3,SG)	yitłeeh
yitłeeh	V;IND;IPFV;NOM(4,GRPL)	jitłeeh
yitłeeh	V;IND;IPFV;NOM(4,PL)	jitłeeh
yitłeeh	V;IND;IPFV;NOM(4,SG)	jitłeeh
yitłeeh	V;IND;PFV;NOM(1,GRPL)	deiitłeeh
yitłeeh	V;IND;PFV;NOM(1,PL)	yitłeeh
yitłeeh	V;IND;PFV;NOM(1,SG)	yitłeeh
yitłeeh	V;IND;PFV;NOM(2,GRPL)	deiitłeeh
yitłeeh	V;IND;PFV;NOM(2,PL)	yitłeeh
yitłeeh	V;IND;PFV;NOM(2,SG)	yitłeeh
yitłeeh	V;IND;PFV;NOM(3,GRPL)	yitłeeh
yitłeeh	V;IND;PFV;NOM(3,PL)	yitłeeh
yitłeeh	V;IND;PFV;NOM(3,SG)	yitłeeh
yitłeeh	V;IND;PFV;NOM(4,GRPL)	jitłeeh
yitłeeh	V;IND;PFV;NOM(4,PL)	jitłeeh
yitłeeh	V;IND;PFV;NOM(4,SG)	jitłeeh
yiyiitsʼǫs	V;IND;IPFV;NOM(1,GRPL)	yiyiitsʼǫs
yiyiitsʼǫs	V;IND;IPFV;NOM(1,PL)	yiyiitsʼǫs
yiyiitsʼǫs	V;IND;IPFV;NOM(2,GRPL)	yiyiitsʼǫs
yiyiitsʼǫs	V;IND;IPFV;NOM(2,SG)	yiyiitsʼǫs
yiyiitsʼǫs	V;IND;IPFV;NOM(3,PL)	yiyiitsʼǫs
yiyiitsʼǫs	V;IND;IPFV;NOM(4,SG)	jijitsʼǫs
yiyiitsʼǫs	V;IND;PFV;NOM(2,GRPL)	yiyiitsʼǫs
yiyiitsʼǫs	V;IND;PFV;NOM(2,PL)	yiyiitsʼǫs
yiyiitsʼǫs	V;IND;PFV;NOM(2,SG)	yiyiitsʼǫs
yiyiitsʼǫs	V;IND;PFV;NOM(3,GRPL)	yiyiitsʼǫs
yiyiitsʼǫs	V;IND;PFV;NOM(3,PL)	yiyiitsʼǫs
yiyiitsʼǫs	V;IND;PFV;NOM(3,SG)	yiyiitsʼǫs
yiyiitsʼǫs	V;IND;PFV;NOM(4,GRPL)	jiyiitsʼǫs
yiyiitsʼǫs	V;IND;PFV;NOM(4,PL)	jijitsʼǫs
yiyiitsʼǫs	V;IND;PFV;NOM(4,SG)	jijitsʼǫs
yiyiitsʼǫs	V;IND;PROSP;NOM(1,GRPL)	deiitsʼǫs
yiyiitsʼǫs	V;IND;PROSP;NOM(1,SG)	yiyiitsʼǫs
yiyiitsʼǫs	V;IND;PROSP;NOM(2,PL)	yiyiitsʼǫs
yiyiitsʼǫs	V;IND;PROSP;NOM(2,SG)	yiyiitsʼǫs
yiyiitsʼǫs	V;IND;PROSP;NOM(3,GRPL)	yiyiitsʼǫs
yiyiitsʼǫs	V;IND;PROSP;NOM(3,PL)	yiyiitsʼǫs
yiyiitsʼǫs	V;IND;PROSP;NOM(4,GRPL)	jiyiitsʼǫs
yiyiitsʼǫs	V;IND;PROSP;NOM(4,SG)	jiyiitsʼǫs
yiyiiłtsééh	V;IND;IPFV;NOM(1,GRPL)	yiyiiłtsééh
yiyiiłtsééh	V;IND;IPFV;NOM(1,PL)	yiyiiłtsééh
yiyiiłtsééh	V;IND;IPFV;NOM(1,SG)	yiyiiłtsééh
yiyiiłtsééh	V;IND;IPFV;NOM(2,GRPL)	yiyiiłtsééh
yiyiiłtsééh	V;IND;IPFV;NOM(2,SG)	yiyiiłtsééh
yiyiiłtsééh	V;IND;IPFV;NOM(3,GRPL)	yiyiiłtsééh
yiyiiłtsééh	V;IND;IPFV;NOM(3,PL)	yiyiiłtsééh
yiyiiłtsééh	V;IND;IPFV;NOM(3,SG)	yiyiiłtsééh
yiyiiłtsééh	V;IND;IPFV;NOM(4,GRPL)	jííłtsééh
yiyiiłtsééh	V;IND;IPFV;NOM(4,SG)	jííłtsééh
yiyiiłtsééh	V;IND;PFV;NOM(1,PL)	yiyiiłtsééh
yiyiiłtsééh	V;IND;PFV;NOM(1,SG)	yiyiiłtsééh
yiyiiłtsééh	V;IND;PFV;NOM(2,PL)	yiyiiłtsééh
yiyiiłtsééh	V;IND;PFV;NOM(2,SG)	yiyiiłtsééh
yiyiiłtsééh	V;IND;PFV;NOM(3,SG)	yiyiiłtsééh
yiyiiłtsééh	V;IND;PFV;NOM(4,GRPL)	jííłtsééh
yiyiiłtsééh	V;IND;PFV;NOM(4,PL)	jííłtsééh
yiyiiłtsééh	V;IND;PFV;NOM(4,SG)	jííłtsééh
yiyiiłtsééh	V;IND;PROSP;NOM(1,GRPL)	doołtsééh
yiyiiłtsééh	V;IND;PROSP;NOM(1,SG)	yiyiiłtsééh
yiyiiłtsééh	V;IND;PROSP;NOM(2,GRPL)	doołtsééh
yiyiiłtsééh	V;IND;PROSP;NOM(2,PL)	doołtsééh
yiyiiłtsééh	V;IND;PROSP;NOM(4,GRPL)	jiiłtsééh
yiyiiłtsóóh	V;IND;IPFV;NOM(1,GRPL)	yiyiiłtsóóh
yiyiiłtsóóh	V;IND;IPFV;NOM(1,PL)	yiyiiłtsóóh
yiyiiłtsóóh	V;IND;IPFV;NOM(1,SG)	yiyiiłtsóóh
yiyiiłtsóóh	V;IND;IPFV;NOM(2,GRPL)	yiyiiłtsóóh
yiyiiłtsóóh	V;IND;IPFV;NOM(2,PL)	yiyiiłtsóóh
yiyiiłtsóóh	V;IND;IPFV;NOM(2,SG)	yiyiiłtsóóh
yiyiiłtsóóh	V;IND;IPFV;NOM(3,GRPL)	yiyiiłtsóóh
yiyiiłtsóóh	V;IND;IPFV;NOM(3,PL)	yiyiiłtsóóh
yiyiiłtsóóh	V;IND;IPFV;NOM(3,SG)	yiyiiłtsóóh
yiyiiłtsóóh	V;IND;IPFV;NOM(4,GRPL)	jííłtsóóh
yiyiiłtsóóh	V;IND;IPFV;NOM(4,PL)	jííłtsóóh
yiyiiłtsóóh	V;IND;IPFV;NOM(4,SG)	jííłtsóóh
yiyiiłtsóóh	V;IND;PFV;NOM(1,GRPL)	yiyiiłtsóóh
yiyiiłtsóóh	V;IND;PFV;NOM(1,PL)	yiyiiłtsóóh
yiyiiłtsóóh	V;IND;PFV;NOM(1,SG)	yiyiiłtsóóh
yiyiiłtsóóh	V;IND;PFV;NOM(2,GRPL)	yiyiiłtsóóh
yiyiiłtsóóh	V;IND;PFV;NOM(2,PL)	yiyiiłtsóóh
yiyiiłtsóóh	V;IND;PFV;NOM(2,SG)	yiyiiłtsóóh
yiyiiłtsóóh	V;IND;PFV;NOM(3,GRPL)	yiyiiłtsóóh
yiyiiłtsóóh	V;IND;PFV;NOM(3,PL)	yiyiiłtsóóh
yiyiiłtsóóh	V;IND;PFV;NOM(3,SG)	yiyiiłtsóóh
yiyiiłtsóóh	V;IND;PFV;NOM(4,GRPL)	jííłtsóóh
yiyiiłtsóóh	V;IND;PFV;NOM(4,PL)	jííłtsóóh
yiyiiłtsóóh	V;IND;PFV;NOM(4,SG)	jííłtsóóh
yiłchʼal	V;IND;IPFV;NOM(1,GRPL)	yiłchʼal
yiłchʼal	V;IND;IPFV;NOM(2,PL)	yiłchʼal
yiłchʼal	V;IND;IPFV;NOM(2,SG)	yiłchʼal
yiłchʼal	V;IND;IPFV;NOM(3,SG)	yiłchʼal
yiłchʼal	V;IND;IPFV;NOM(4,GRPL)	jiłchʼal
yiłchʼal	V;IND;IPFV;NOM(4,SG)	jiłchʼal
yiłchʼal	V;IND;PFV;NOM(1,GRPL)	deiilchʼal
yiłchʼal	V;IND;PFV;NOM(1,SG)	yiłchʼal
yiłchʼal	V;IND;PFV;NOM(2,GRPL)	deiłchʼal
yiłchʼal	V;IND;PFV;NOM(2,PL)	yiłchʼal
yiłchʼal	V;IND;PFV;NOM(2,SG)	yiłchʼal
yiłchʼal	V;IND;PFV;NOM(3,PL)	yiłchʼal
yiłchʼal	V;IND;PFV;NOM(3,SG)	yiłchʼal
yiłchʼal	V;IND;PFV;NOM(4,GRPL)	jiłchʼal
yiłchʼal	V;IND;PFV;NOM(4,PL)	jiłchʼal
yiłchʼal	V;IND;PFV;NOM(4,SG)	jiłchʼal
yiłchʼal	V;IND;PROSP;NOM(1,SG)	doołchʼal
yiłchʼal	V;IND;PROSP;NOM(3,GRPL)	doołchʼal
yiłchʼal	V;IND;PROSP;NOM(3,PL)	yiłchʼal
yiłchʼal	V;IND;PROSP;NOM(3,SG)	yiłchʼal
yiłchʼal	V;IND;PROSP;NOM(4,GRPL)	jiłchʼal
yiłchʼal	V;IND;PROSP;NOM(4,PL)	jiłchʼal
yiłchʼal	V;IND;PROSP;NOM(4,SG)	jiłchʼal
yiłdin	V;IND;IPFV;NOM(1,GRPL)	yiłdin
yiłdin	V;IND;IPFV;NOM(1,PL)	yiłdin
yiłdin	V;IND;IPFV;NOM(1,SG)	yiłdin
yiłdin	V;IND;IPFV;NOM(2,GRPL)	yiłdin
yiłdin	V;IND;IPFV;NOM(2,PL)	yiłdin
yiłdin	V;IND;IPFV;NOM(2,SG)	yiłdin
yiłdin	V;IND;IPFV;NOM(3,GRPL)	yiłdin
yiłdin	V;IND;IPFV;NOM(3,PL)	yiłdin
yiłdin	V;IND;IPFV;NOM(3,SG)	yiłdin
yiłdin	V;IND;IPFV;NOM(4,GRPL)	jiłdin
yiłdin	V;IND;IPFV;NOM(4,PL)	jiłdin
yiłdin	V;IND;IPFV;NOM(4,SG)	jiłdin
yiłdin	V;IND;PFV;NOM(1,GRPL)	yiłdin
yiłdin	V;IND;PFV;NOM(1,PL)	yiłdin
yiłdin	V;IND;PFV;NOM(1,SG)	yiłdin
yiłdin	V;IND;PFV;NOM(2,GRPL)	deiłdin
yiłdin	V;IND;PFV;NOM(2,PL)	yiłdin
yiłdin	V;IND;PFV;NOM(2,SG)	yiłdin
yiłdin	V;IND;PFV;NOM(3,GRPL)	yiłdin
yiłdin	V;IND;PFV;NOM(3,SG)	yiłdin
yiłdin	V;IND;PFV;NOM(4,GRPL)	jiłdin
yiłdin	V;IND;PFV;NOM(4,PL)	jiłdin
yiłdin	V;IND;PFV;NOM(4,SG)	jiłdin
yiłhaał	V;IND;IPFV;NOM(1,GRPL)	yiłhaał
yiłhaał	V;IND;IPFV;NOM(1,PL)	yiłhaał
yiłhaał	V;IND;IPFV;NOM(1,SG)	yiłhaał
yiłhaał	V;IND;IPFV;NOM(2,GRPL)	yiłhaał
yiłhaał	V;IND;IPFV;NOM(2,PL)	yiłhaał
yiłhaał	V;IND;IPFV;NOM(2,SG)	yiłhaał
yiłhaał	V;IND;IPFV;NOM(3,GRPL)	yiłhaał
yiłhaał	V;IND;IPFV;NOM(3,PL)	yiłhaał
yiłhaał	V;IND;IPFV;NOM(3,SG)	yiłhaał
yiłhaał	V;IND;IPFV;NOM(4,GRPL)	jiłhaał
yiłhaał	V;IND;IPFV;NOM(4,PL)	jiłhaał
yiłhaał	V;IND;IPFV;NOM(4,SG)	jiłhaał
yiłhaał	V;IND;PFV;NOM(1,GRPL)	yiłhaał
yiłhaał	V;IND;PFV;NOM(1,PL)	yiłhaał
yiłhaał	V;IND;PFV;NOM(1,SG)	yiłhaał
yiłhaał	V;IND;PFV;NOM(2,GRPL)	yiłhaał
yiłhaał	V;IND;PFV;NOM(2,PL)	yiłhaał
yiłhaał	V;IND;PFV;NOM(2,SG)	yiłhaał
yiłhaał	V;IND;PFV;NOM(3,GRPL)	yiłhaał
yiłhaał	V;IND;PFV;NOM(3,PL)	yiłhaał
yiłhaał	V;IND;PFV;NOM(3,SG)	yiłhaał
yiłhaał	V;IND;PFV;NOM(4,GRPL)	jiłhaał
yiłhaał	V;IND;PFV;NOM(4,PL)	jiłhaał
yiłhaał	V;IND;PFV;NOM(4,SG)	jiłhaał
yiłnaad	V;IND;IPFV;NOM(1,GRPL)	yiłnaad
yiłnaad	V;IND;IPFV;NOM(1,PL)	yiłnaad
yiłnaad	V;IND;IPFV;NOM(1,SG)	yiłnaad
yiłnaad	V;IND;IPFV;NOM(2,SG)	yiłnaad
yiłnaad	V;IND;IPFV;NOM(3,PL)	yiłnaad
yiłnaad	V;IND;IPFV;NOM(4,GRPL)	jiłnaad
yiłnaad	V;IND;IPFV;NOM(4,PL)	jiłnaad
yiłnaad	V;IND;IPFV;NOM(4,SG)	jiłnaad
yiłnaad	V;IND;PFV;NOM(1,GRPL)	yiłnaad
yiłnaad	V;IND;PFV;NOM(1,PL)	yiłnaad
yiłnaad	V;IND;PFV;NOM(1,SG)	yiłnaad
yiłnaad	V;IND;PFV;NOM(2,SG)	yiłnaad
yiłnaad	V;IND;PFV;NOM(3,GRPL)	yiłnaad
yiłnaad	V;IND;PFV;NOM(3,SG)	yiłnaad
yiłnaad	V;IND;PFV;NOM(4,GRPL)	jiłnaad
yiłnaad	V;IND;PFV;NOM(4,PL)	jiłnaad
yiłnaad	V;IND;PFV;NOM(4,SG)	jiłnaad
yiłnaad	V;IND;PROSP;NOM(1,PL)	doołnaad
yiłnaad	V;IND;PROSP;NOM(1,SG)	doołnaad
yiłnaad	V;IND;PROSP;NOM(2,PL)	doołnaad
yiłnaad	V;IND;PROSP;NOM(3,GRPL)	doołnaad
yiłnaad	V;IND;PROSP;NOM(4,SG)	jiłnaad
yiłneʼ	V;IND;IPFV;NOM(1,GRPL)	yiłneʼ
yiłneʼ	V;IND;IPFV;NOM(1,PL)	yiłneʼ
yiłneʼ	V;IND;IPFV;NOM(1,SG)	yiłneʼ
yiłneʼ	V;IND;IPFV;NOM(2,GRPL)	yiłneʼ
yiłneʼ	V;IND;IPFV;NOM(2,PL)	yiłneʼ
yiłneʼ	V;IND;IPFV;NOM(2,SG)	yiłneʼ
yiłneʼ	V;IND;IPFV;NOM(3,GRPL)	yiłneʼ
yiłneʼ	V;IND;IPFV;NOM(3,PL)	yiłneʼ
yiłneʼ	V;IND;IPFV;NOM(3,SG)	yiłneʼ
yiłneʼ	V;IND;IPFV;NOM(4,GRPL)	jiłneʼ
yiłneʼ	V;IND;IPFV;NOM(4,PL)	jiłneʼ
yiłneʼ	V;IND;IPFV;NOM(4,SG)	jiłneʼ
yiłneʼ	V;IND;PFV;NOM(1,GRPL)	yiłneʼ
yiłneʼ	V;IND;PFV;NOM(1,PL)	yiłneʼ
yiłneʼ	V;IND;PFV;NOM(1,SG)	yiłneʼ
yiłneʼ	V;IND;PFV;NOM(2,GRPL)	yiłneʼ
yiłneʼ	V;IND;PFV;NOM(2,PL)	yiłneʼ
yiłneʼ	V;IND;PFV;NOM(2,SG)	yiłneʼ
yiłneʼ	V;IND;PFV;NOM(3,GRPL)	yiłneʼ
yiłneʼ	V;IND;PFV;NOM(3,PL)	yiłneʼ
yiłneʼ	V;IND;PFV;NOM(3,SG)	yiłneʼ
yiłneʼ	V;IND;PFV;NOM(4,GRPL)	jiłneʼ
yiłneʼ	V;IND;PFV;NOM(4,PL)	jiłneʼ
yiłneʼ	V;IND;PFV;NOM(4,SG)	jiłneʼ
yiłtin	V;IND;IPFV;NOM(1,GRPL)	yiłtin
yiłtin	V;IND;IPFV;NOM(1,PL)	yiłtin
yiłtin	V;IND;IPFV;NOM(1,SG)	yiłtin
yiłtin	V;IND;IPFV;NOM(2,GRPL)	yiłtin
yiłtin	V;IND;IPFV;NOM(2,PL)	yiłtin
yiłtin	V;IND;IPFV;NOM(2,SG)	yiłtin
yiłtin	V;IND;IPFV;NOM(3,GRPL)	yiłtin
yiłtin	V;IND;IPFV;NOM(3,PL)	yiłtin
yiłtin	V;IND;IPFV;NOM(3,SG)	yiłtin
yiłtin	V;IND;IPFV;NOM(4,GRPL)	jiłtin
yiłtin	V;IND;IPFV;NOM(4,PL)	jiłtin
yiłtin	V;IND;IPFV;NOM(4,SG)	jiłtin
yiłtin	V;IND;PFV;NOM(1,GRPL)	yiłtin
yiłtin	V;IND;PFV;NOM(1,PL)	yiłtin
yiłtin	V;IND;PFV;NOM(1,SG)	yiłtin
yiłtin	V;IND;PFV;NOM(2,GRPL)	yiłtin
yiłtin	V;IND;PFV;NOM(2,PL)	yiłtin
yiłtin	V;IND;PFV;NOM(2,SG)	yiłtin
yiłtin	V;IND;PFV;NOM(3,GRPL)	yiłtin
yiłtin	V;IND;PFV;NOM(3,PL)	yiłtin
yiłtin	V;IND;PFV;NOM(3,SG)	yiłtin
yiłtin	V;IND;PFV;NOM(4,GRPL)	jiłtin
yiłtin	V;IND;PFV;NOM(4,PL)	jiłtin
yiłtin	V;IND;PFV;NOM(4,SG)	jiłtin
yiłtsʼééh	V;IND;IPFV;NOM(1,GRPL)	yiłtsʼééh
yiłtsʼééh	V;IND;IPFV;NOM(1,PL)	yiłtsʼééh
yiłtsʼééh	V;IND;IPFV;NOM(1,SG)	yiłtsʼééh
yiłtsʼééh	V;IND;IPFV;NOM(2,GRPL)	yiłtsʼééh
yiłtsʼééh	V;IND;IPFV;NOM(2,PL)	yiłtsʼééh
yiłtsʼééh	V;IND;IPFV;NOM(2,SG)	yiłtsʼééh
yiłtsʼééh	V;IND;IPFV;NOM(3,GRPL)	yiłtsʼééh
yiłtsʼééh	V;IND;IPFV;NOM(3,PL)	yiłtsʼééh
yiłtsʼééh	V;IND;IPFV;NOM(3,SG)	yiłtsʼééh
yiłtsʼééh	V;IND;IPFV;NOM(4,GRPL)	jiłtsʼééh
yiłtsʼééh	V;IND;IPFV;NOM(4,PL)	jiłtsʼééh
yiłtsʼééh	V;IND;IPFV;NOM(4,SG)	jiłtsʼééh
yiłtsʼééh	V;IND;PFV;NOM(1,GRPL)	yiłtsʼééh
yiłtsʼééh	V;IND;PFV;NOM(1,PL)	yiłtsʼééh
yiłtsʼééh	V;IND;PFV;NOM(1,SG)	yiłtsʼééh
yiłtsʼééh	V;IND;PFV;NOM(2,GRPL)	yiłtsʼééh
yiłtsʼééh	V;IND;PFV;NOM(2,PL)	yiłtsʼééh
yiłtsʼééh	V;IND;PFV;NOM(2,SG)	yiłtsʼééh
yiłtsʼééh	V;IND;PFV;NOM(3,GRPL)	yiłtsʼééh
yiłtsʼééh	V;IND;PFV;NOM(3,PL)	yiłtsʼééh
yiłtsʼééh	V;IND;PFV;NOM(3,SG)	yiłtsʼééh
yiłtsʼééh	V;IND;PFV;NOM(4,GRPL)	jiłtsʼééh
yiłtsʼééh	V;IND;PFV;NOM(4,PL)	jiłtsʼééh
yiłtsʼééh	V;IND;PFV;NOM(4,SG)	jiłtsʼééh
yiłtʼees	V;IND;IPFV;NOM(1,GRPL)	yiłtʼees
yiłtʼees	V;IND;IPFV;NOM(1,PL)	yiłtʼees
yiłtʼees	V;IND;IPFV;NOM(1,SG)	yiłtʼees
yiłtʼees	V;IND;IPFV;NOM(2,GRPL)	yiłtʼees
yiłtʼees	V;IND;IPFV;NOM(2,PL)	yiłtʼees
yiłtʼees	V;IND;IPFV;NOM(3,GRPL)	yiłtʼees
yiłtʼees	V;IND;IPFV;NOM(4,SG)	jiłtʼees
yiłtʼees	V;IND;PFV;NOM(1,PL)	yiłtʼees
yiłtʼees	V;IND;PFV;NOM(2,GRPL)	yiłtʼees
yiłtʼees	V;IND;PFV;NOM(2,PL)	yiłtʼees
yiłtʼees	V;IND;PFV;NOM(3,GRPL)	yiłtʼees
yiłtʼees	V;IND;PFV;NOM(3,PL)	yiłtʼees
yiłtʼees	V;IND;PFV;NOM(3,SG)	yiłtʼees
yiłtʼees	V;IND;PROSP;NOM(1,PL)	yiłtʼees
yiłtʼees	V;IND;PROSP;NOM(2,GRPL)	doołtʼees
yiłtʼees	V;IND;PROSP;NOM(2,PL)	doołtʼees
yiłtʼees	V;IND;PROSP;NOM(2,SG)	doołtʼees
yiłtʼees	V;IND;PROSP;NOM(3,GRPL)	yiłtʼees
yiłtʼees	V;IND;PROSP;NOM(3,PL)	yiłtʼees
yiłtʼees	V;IND;PROSP;NOM(3,SG)	yiłtʼees
yiłtʼees	V;IND;PROSP;NOM(4,PL)	jiłtʼees
yiłtʼees	V;IND;PROSP;NOM(4,SG)	jiłtʼees
yootʼááł	V;IND;PFV;NOM(1,GRPL)	yootʼááł
yootʼááł	V;IND;PFV;NOM(1,PL)	yootʼááł
yootʼááł	V;IND;PFV;NOM(1,SG)	yootʼááł
yootʼááł	V;IND;PFV;NOM(2,GRPL)	yootʼááł
yootʼááł	V;IND;PFV;NOM(2,PL)	yootʼááł
yootʼááł	V;IND;PFV;NOM(2,SG)	yootʼááł
yootʼááł	V;IND;PFV;NOM(3,GRPL)	yootʼááł
yootʼááł	V;IND;PFV;NOM(3,PL)	yootʼááł
yootʼááł	V;IND;PFV;NOM(3,SG)	yootʼááł
yootʼááł	V;IND;PFV;NOM(4,GRPL)	jootʼááł
yootʼááł	V;IND;PFV;NOM(4,PL)	jootʼááł
yootʼááł	V;IND;PFV;NOM(4,SG)	jootʼááł
yooznah	V;IND;IPFV;NOM(2,SG)	yooznah
yooznah	V;IND;IPFV;NOM(4,GRPL)	jooznah
yooznah	V;IND;ITER;NOM(1,GRPL)	yooznah
yooznah	V;IND;ITER;NOM(1,PL)	yooznah
yooznah	V;IND;ITER;NOM(1,SG)	yooznah
yooznah	V;IND;ITER;NOM(2,PL)	yooznah
yooznah	V;IND;ITER;NOM(3,PL)	yooznah
yooznah	V;IND;ITER;NOM(4,PL)	jooznah
yooznah	V;IND;ITER;NOM(4,SG)	jooznah
yooznah	V;IND;PFV;NOM(2,PL)	yooznah
yooznah	V;IND;PFV;NOM(3,PL)	yooznah
yooznah	V;IND;PFV;NOM(3,SG)	yooznah
yooznah	V;IND;PROSP;NOM(1,GRPL)	dooznah
yooznah	V;IND;PROSP;NOM(2,GRPL)	dooznah
yooznah	V;IND;PROSP;NOM(2,SG)	yooznah
yooznah	V;IND;PROSP;NOM(3,GRPL)	yooznah
yooznah	V;IND;PROSP;NOM(3,SG)	yooznah
yooznah	V;IND;PROSP;NOM(4,GRPL)	jooznah
yooznah	V;IND;PROSP;NOM(4,SG)	jooznah
yooznah	V;OPT;NOM(3,GRPL)	yooznah
yooznah	V;OPT;NOM(3,SG)	yooznah
yooznah	V;OPT;NOM(4,GRPL)	jooznah
yooznah	V;OPT;NOM(4,SG)	jooznah
yoozǫ́ǫ́s	V;IND;PFV;NOM(1,GRPL)	yoozǫ́ǫ́s
yoozǫ́ǫ́s	V;IND;PFV;NOM(1,PL)	yoozǫ́ǫ́s
yoozǫ́ǫ́s	V;IND;PFV;NOM(1,SG)	yoozǫ́ǫ́s
yoozǫ́ǫ́s	V;IND;PFV;NOM(2,GRPL)	yoozǫ́ǫ́s
yoozǫ́ǫ́s	V;IND;PFV;NOM(2,PL)	yoozǫ́ǫ́s
yoozǫ́ǫ́s	V;IND;PFV;NOM(2,SG)	yoozǫ́ǫ́s
yoozǫ́ǫ́s	V;IND;PFV;NOM(3,GRPL)	yoozǫ́ǫ́s
yoozǫ́ǫ́s	V;IND;PFV;NOM(3,PL)	yoozǫ́ǫ́s
yoozǫ́ǫ́s	V;IND;PFV;NOM(3,SG)	yoozǫ́ǫ́s
yoozǫ́ǫ́s	V;IND;PFV;NOM(4,GRPL)	joozǫ́ǫ́s
yoozǫ́ǫ́s	V;IND;PFV;NOM(4,PL)	joozǫ́ǫ́s
yoozǫ́ǫ́s	V;IND;PFV;NOM(4,SG)	joozǫ́ǫ́s
yoołbąs	V;IND;PFV;NOM(1,GRPL)	yoołbąs
yoołbąs	V;IND;PFV;NOM(1,PL)	yoołbąs
yoołbąs	V;IND;PFV;NOM(1,SG)	yoołbąs
yoołbąs	V;IND;PFV;NOM(2,GRPL)	yoołbąs
yoołbąs	V;IND;PFV;NOM(2,PL)	yoołbąs
yoołbąs	V;IND;PFV;NOM(2,SG)	yoołbąs
yoołbąs	V;IND;PFV;NOM(3,GRPL)	yoołbąs
yoołbąs	V;IND;PFV;NOM(3,PL)	yoołbąs
yoołbąs	V;IND;PFV;NOM(3,SG)	yoołbąs
yoołbąs	V;IND;PFV;NOM(4,GRPL)	joołbąs
yoołbąs	V;IND;PFV;NOM(4,PL)	joołbąs
yoołbąs	V;IND;PFV;NOM(4,SG)	joołbąs
yoołtʼah	V;IND;PFV;NOM(1,GRPL)	yoołtʼah
yoołtʼah	V;IND;PFV;NOM(1,PL)	yoołtʼah
yoołtʼah	V;IND;PFV;NOM(1,SG)	yoołtʼah
yoołtʼah	V;IND;PFV;NOM(2,GRPL)	yoołtʼah
yoołtʼah	V;IND;PFV;NOM(2,PL)	yoołtʼah
yoołtʼah	V;IND;PFV;NOM(2,SG)	yoołtʼah
yoołtʼah	V;IND;PFV;NOM(3,GRPL)	yoołtʼah
yoołtʼah	V;IND;PFV;NOM(3,PL)	yoołtʼah
yoołtʼah	V;IND;PFV;NOM(3,SG)	yoołtʼah
yoołtʼah	V;IND;PFV;NOM(4,GRPL)	joołtʼah
yoołtʼah	V;IND;PFV;NOM(4,PL)	joołtʼah
yoołtʼah	V;IND;PFV;NOM(4,SG)	joołtʼah
yólgę́ę́zh	V;IND;PFV;NOM(1,GRPL)	yólgę́ę́zh
yólgę́ę́zh	V;IND;PFV;NOM(1,PL)	yólgę́ę́zh
yólgę́ę́zh	V;IND;PFV;NOM(1,SG)	yólgę́ę́zh
yólgę́ę́zh	V;IND;PFV;NOM(2,GRPL)	yólgę́ę́zh
yólgę́ę́zh	V;IND;PFV;NOM(2,PL)	yólgę́ę́zh
yólgę́ę́zh	V;IND;PFV;NOM(2,SG)	yólgę́ę́zh
yólgę́ę́zh	V;IND;PFV;NOM(3,GRPL)	yólgę́ę́zh
yólgę́ę́zh	V;IND;PFV;NOM(3,PL)	yólgę́ę́zh
yólgę́ę́zh	V;IND;PFV;NOM(3,SG)	yólgę́ę́zh
yólgę́ę́zh	V;IND;PFV;NOM(4,GRPL)	jólgę́ę́zh
yólgę́ę́zh	V;IND;PFV;NOM(4,PL)	jólgę́ę́zh
yólgę́ę́zh	V;IND;PFV;NOM(4,SG)	jólgę́ę́zh
łitsxo	V;IND;PFV;NOM(1,GRPL)	łitsxo
łitsxo	V;IND;PFV;NOM(1,PL)	łitsxo
łitsxo	V;IND;PFV;NOM(1,SG)	łitsxo
łitsxo	V;IND;PFV;NOM(2,GRPL)	łitsxo
łitsxo	V;IND;PFV;NOM(2,PL)	łitsxo
łitsxo	V;IND;PFV;NOM(2,SG)	łitsxo
łitsxo	V;IND;PFV;NOM(3,GRPL)	łitsxo
łitsxo	V;IND;PFV;NOM(3,PL)	łitsxo
łitsxo	V;IND;PFV;NOM(3,SG)	łitsxo
łitsxo	V;IND;PFV;NOM(4,GRPL)	łitsxo
łitsxo	V;IND;PFV;NOM(4,PL)	łitsxo
łitsxo	V;IND;PFV;NOM(4,SG)	łitsxo
łíidilchí	V;IND;IPFV;NOM(1,GRPL)	łíidilchí
łíidilchí	V;IND;IPFV;NOM(1,PL)	łíidilchí
łíidilchí	V;IND;IPFV;NOM(1,SG)	łíidilchí
łíidilchí	V;IND;IPFV;NOM(2,GRPL)	łíidilchí
łíidilchí	V;IND;IPFV;NOM(2,PL)	łíidilchí
łíidilchí	V;IND;IPFV;NOM(2,SG)	łíidilchí
łíidilchí	V;IND;IPFV;NOM(3,GRPL)	łíidilchí
łíidilchí	V;IND;IPFV;NOM(3,PL)	łíidilchí
łíidilchí	V;IND;IPFV;NOM(3,SG)	łíidilchí
łíidilchí	V;IND;IPFV;NOM(4,GRPL)	łíidilchí
łíidilchí	V;IND;IPFV;NOM(4,PL)	łíidilchí
łíidilchí	V;IND;IPFV;NOM(4,SG)	łíidilchí
łíidilchí	V;IND;PFV;NOM(1,GRPL)	łíidilchí
łíidilchí	V;IND;PFV;NOM(1,PL)	łíidilchí
łíidilchí	V;IND;PFV;NOM(1,SG)	łíidilchí
łíidilchí	V;IND;PFV;NOM(2,GRPL)	łíidilchí
łíidilchí	V;IND;PFV;NOM(2,PL)	łíidilchí
łíidilchí	V;IND;PFV;NOM(2,SG)	łíidilchí
łíidilchí	V;IND;PFV;NOM(3,GRPL)	łíidilchí
łíidilchí	V;IND;PFV;NOM(3,PL)	łíidilchí
łíidilchí	V;IND;PFV;NOM(3,SG)	łíidilchí
łíidilchí	V;IND;PFV;NOM(4,GRPL)	łíidilchí
łíidilchí	V;IND;PFV;NOM(4,PL)	łíidilchí
łíidilchí	V;IND;PFV;NOM(4,SG)	łíidilchí
accuracy:0.133