ሀብታም	ADJ	ሀብታም
ሀብታም	ADJ;DEF;FEM	ሀብታሙ
ሀብታም	ADJ;DEF;MASC	ሀብታሙ
ሀብታም	ADJ;DEF;PL	ሀብታሞቹ
ሀብታም	ADJ;PL	ሀብታሞቹ
ሆነ	V.CVB;NOM(1,PL)	ሆንን
ሆነ	V.CVB;NOM(2,PL)	ሆናችሁ
ሆነ	V.CVB;NOM(MASC;2,SG)	ሆንህ
ሆነ	V.MSDR	መሆን
ሆነ	V;IMP;NOM(1,PL)	እንሆን
ሆነ	V;IMP;NOM(1,SG)	ልሆን
ሆነ	V;IMP;NOM(MASC;2,SG)	ሆን
ሆነ	V;IPFV;NFIN;NOM(MASC;3,SG)	ይሆን
ሆነ	V;IPFV;NOM(1,PL)	እንሆናለን
ሆነ	V;IPFV;NOM(1,SG)	እሆናለሁ
ሆነ	V;IPFV;NOM(MASC;2,SG)	ትሆናለህ
ሆነ	V;IPFV;NOM(MASC;3,SG)	ይሆናል
ሆነ	V;PFV;NOM(3,PL)	ሆነዋል
ሆነ	V;PRF;NOM(1,PL)	ሆናል
ለማኝ	N	ለማኝ
ለማኝ	N;DEF;MASC	ለማኙ
ለማኝ	N;DEF;PL	ለማኞቹ
ለማኝ	N;PL	ለማኞች
ልል	ADJ	ልሉ
ልል	ADJ;DEF;FEM	ልሉ
ልል	ADJ;DEF;MASC	ልሉ
ልሳን	N	ልሳን
ልሳን	N;DEF;MASC	ልሳኑ
ልሳን	N;DEF;PL	ልሳኖቹ
ልሳን	N;PL	ልሳኖች
ሐይማኖት	N	ሐይማኖት
ሐይማኖት	N;DEF;MASC	ሐይማኖቱ
ሐይማኖት	N;PL	ሐይማኖቶች
ሐይማኖት	N;PL;PSS(1,PL)	ሐይማኖቶቻችን
ሐይማኖት	N;PL;PSS(1,SG)	ሐይማኖቶቼ
ሐይማኖት	N;PL;PSS(2,SG,FEM)	ሐይማኖቶችሽ
ሐይማኖት	N;PL;PSS(2,SG,MASC)	ሐይማኖቶችህ
ሐይማኖት	N;PSS(1,PL)	ሐይማኖታችን
ሐይማኖት	N;PSS(1,SG)	ሐይማኖቴ
ሐይማኖት	N;PSS(2,SG,FORM)	ሐይማኖትዎ
ሐይማኖት	N;PSS(2,SG,MASC)	ሐይማኖትህ
ሐይማኖት	N;PSS(3,SG,MASC)	ሐይማኖቱ
መስቀል	N	መስቀል
መስቀል	N;DEF;PL	መስቀሎቹ
መስቀል	N;PL;PSS(1,PL)	መስቀሎቻችን
መስቀል	N;PL;PSS(2,PL)	መስቀሎቻችሁ
መስቀል	N;PL;PSS(2,SG,MASC)	መስቀሎችህ
መስቀል	N;PL;PSS(3,SG,FEM)	መስቀሎቿ
መስቀል	N;PL;PSS(3,SG,MASC)	መስቀሎቹ
መስቀል	N;PSS(1,SG)	መስቀል
መስቀል	N;PSS(2,PL)	መስቀላችሁ
መስቀል	N;PSS(2,SG,FEM)	መስቀልሽ
መስቀል	N;PSS(2,SG,FORM)	መስቀልዎ
መስቀል	N;PSS(2,SG,MASC)	መስቀልህ
መስቀል	N;PSS(3,SG,FEM)	መስቀል
መስቀል	N;PSS(3,SG,MASC)	መስቀል
መስዋዕት	N	መስዋዕት
መስዋዕት	N;DEF;MASC;LGSPEC1	መስዋዕቱ
መስዋዕት	N;LGSPEC1;PSS(1,SG)	መስዋዕቶቼ
መስዋዕት	N;LGSPEC1;PSS(2,PL)	መስዋዕቶቻችሁ
መስዋዕት	N;LGSPEC1;PSS(2,SG,FEM)	መስዋዕትሽ
መስዋዕት	N;LGSPEC1;PSS(2,SG,MASC)	መስዋዕትህ
መስዋዕት	N;LGSPEC1;PSS(3,SG,FEM)	መስዋዕቷ
መስዋዕት	N;PSS(1,PL)	መስዋዕታችን
መስዋዕት	N;PSS(1,SG)	መስዋዕቴ
መስዋዕት	N;PSS(2,PL)	መስዋዕታችሁ
መስዋዕት	N;PSS(2,SG,MASC)	መስዋዕትህ
መስዋዕት	N;PSS(3,SG,FEM)	መስዋዕቷ
መስዋዕት	N;PSS(3,SG,MASC)	መስዋዕቱ
መከር	N	መከር
መከር	N;DEF;MASC	መከሩ
መከር	N;PSS(1,PL)	መከራችን
መከር	N;PSS(1,SG)	መከርሼ
መከር	N;PSS(2,PL)	መከራችሁ
መከር	N;PSS(2,SG,FEM)	መከርሽ
መከር	N;PSS(2,SG,FORM)	መከርዎ
መከር	N;PSS(2,SG,MASC)	መከርህ
መከር	N;PSS(3,PL)	መከራቸው
መከር	N;PSS(3,SG,FEM)	መከሩ
መከር	N;PSS(3,SG,MASC)	መከሩ
መድፍ	N;DEF;MASC	መድፉ
መድፍ	N;DEF;PL	መድፎቹ
መድፍ	N;PL	መድፎች
መፅሐፍ	N;DEF;MASC	መፅሐፉ
መፅሐፍ	N;DEF;PL	መፅሐፎቹ
መፅሐፍ	N;PL;PSS(1,PL)	መፅሐፎቻችን
መፅሐፍ	N;PL;PSS(2,SG,FEM)	መፅሐፎችሽ
መፅሐፍ	N;PL;PSS(2,SG,FORM)	መፅሐፎችዎ
መፅሐፍ	N;PL;PSS(3,PL)	መፅሐፎቻቸው
መፅሐፍ	N;PL;PSS(3,SG,FEM)	መፅሐፎቿ
መፅሐፍ	N;PSS(1,PL)	መፅሐፋችን
መፅሐፍ	N;PSS(1,SG)	መፅሐፎቼ
መፅሐፍ	N;PSS(2,PL)	መፅሐፋችሁ
መፅሐፍ	N;PSS(2,SG,FEM)	መፅሐፍሽ
መፅሐፍ	N;PSS(2,SG,MASC)	መፅሐፍህ
መፅሐፍ	N;PSS(3,PL)	መፅሐፋቸው
መፅሐፍ	N;PSS(3,SG,FEM)	መፅሐፏ
ሚስት	N;DEF;PL	ሚስቶቹ
ሚስት	N;PL	ሚስቶች
ሚስት	N;PL;PSS(1,PL)	ሚስቶቻችን
ሚስት	N;PL;PSS(1,SG)	ሚስቶቼ
ሚስት	N;PL;PSS(2,PL)	ሚስቶቻችሁ
ሚስት	N;PL;PSS(2,SG,FEM)	ሚስቶችሽ
ሚስት	N;PL;PSS(2,SG,FORM)	ሚስቶችዎ
ሚስት	N;PL;PSS(2,SG,MASC)	ሚስቶችህ
ሚስት	N;PL;PSS(3,PL)	ሚስቶቻቸው
ሚስት	N;PSS(1,PL)	ሚስታችን
ሚስት	N;PSS(1,SG)	ሚስቴ
ሚስት	N;PSS(2,PL)	ሚስታችሁ
ሚስት	N;PSS(2,SG,FORM)	ሚስትዎ
ሚስት	N;PSS(3,SG,MASC)	ሚስቱ
ሚኒስትር	N;DEF;FEM;LGSPEC1	ሚኒስትሩ
ሚኒስትር	N;DEF;MASC	ሚኒስትሩ
ሚኒስትር	N;DEF;PL	ሚኒስትሮቹ
ሚኒስትር	N;PL	ሚኒስትሮች
ሚኒስትር	N;PL;PSS(1,PL)	ሚኒስትሮቻችን
ሚኒስትር	N;PL;PSS(1,SG)	ሚኒስትሮቼ
ሚኒስትር	N;PL;PSS(2,PL)	ሚኒስትሮቻችሁ
ሚኒስትር	N;PL;PSS(2,SG,MASC)	ሚኒስትሮችህ
ሚኒስትር	N;PL;PSS(3,PL)	ሚኒስትሮቻቸው
ሚኒስትር	N;PL;PSS(3,SG,MASC)	ሚኒስትሮቹ
ሚኒስትር	N;PSS(1,PL)	ሚኒስትራችን
ሚኒስትር	N;PSS(2,PL)	ሚኒስትራችሁ
ሚኒስትር	N;PSS(2,SG,FEM)	ሚኒስትርሽ
ሚኒስትር	N;PSS(3,SG,FEM)	ሚኒስትሩ
ማህጸን	N	ማህጸን
ማህጸን	N;DEF;MASC	ማህጸኑ
ማህጸን	N;PSS(1,PL)	ማህጸናችን
ማህጸን	N;PSS(1,SG)	ማህጸናለሁ
ማህጸን	N;PSS(2,PL)	ማህጸናችሁ
ማህጸን	N;PSS(2,SG,FEM)	ማህጸንሽ
ማህጸን	N;PSS(2,SG,FORM)	ማህጸንዎ
ማህጸን	N;PSS(2,SG,MASC)	ማህጸንህ
ማህጸን	N;PSS(3,PL)	ማህጸናቸው
ማህጸን	N;PSS(3,SG,FEM)	ማህጸን
ማህጸን	N;PSS(3,SG,MASC)	ማህጸን
ማረ	V.CVB;NOM(2,PL)	ማራችሁ
ማረ	V.CVB;NOM(3,PL)	ማርተው
ማረ	V;IMP;NOM(1,PL)	እንማር
ማረ	V;IMP;NOM(FEM;2,SG)	ምር
ማረ	V;IPFV;NFIN;NOM(2,PL)	ትማሩ
ማረ	V;IPFV;NFIN;NOM(FEM;3,SG)	ትማር
ማረ	V;IPFV;NFIN;NOM(MASC;3,SG)	ይማር
ማረ	V;IPFV;NOM(1,SG)	እማራለሁ
ማረ	V;IPFV;NOM(2,PL)	ትማራላችሁ
ማረ	V;IPFV;NOM(FEM;2,SG)	ትማራለሽ
ማረ	V;PFV;NOM(1,SG)	ማርኩ
ማረ	V;PFV;NOM(MASC;3,SG)	ማረ
ማረ	V;PRF;NOM(1,PL)	ማራችኋል
ማረ	V;PRF;NOM(MASC;2,SG)	ማርተሀል
ማእበል	N	ማእበል
ማእበል	N;DEF;MASC	ማእበሉ
ማእበል	N;DEF;PL	ማእበሎቹ
ማእበል	N;PL	ማእበሎች
ምርት	N	ምርት
ምርት	N;DEF;MASC	ምርቱ
ምርት	N;DEF;PL	ምርቶቹ
ምርት	N;PL	ምርቶች
ምርት	N;PL;PSS(1,SG)	ምርቶቼ
ምርት	N;PL;PSS(2,PL)	ምርቶቻችሁ
ምርት	N;PL;PSS(2,SG,FORM)	ምርቶችዎ
ምርት	N;PL;PSS(2,SG,MASC)	ምርቶችህ
ምርት	N;PL;PSS(3,PL)	ምርቶቻቸው
ምርት	N;PL;PSS(3,SG,MASC)	ምርቶቹ
ምርት	N;PSS(1,PL)	ምርታችን
ምርት	N;PSS(2,SG,FORM)	ምርትዎ
ምርት	N;PSS(3,PL)	ምርታቸው
ምርት	N;PSS(3,SG,MASC)	ምርቱ
ምርጥ	N	ምርጥ
ምርጥ	N;DEF;MASC	ምርጡ
ምርጥ	N;PL	ምርጦች
ሣጥን	N	ሣጥን
ሣጥን	N;DEF;MASC	ሣጥኑ
ሣጥን	N;DEF;PL	ሣጥኖቹ
ሣጥን	N;PL	ሣጥኖች
ሣጥን	N;PL;PSS(1,PL)	ሣጥኖቻችን
ሣጥን	N;PL;PSS(1,SG)	ሣጥኖቼ
ሣጥን	N;PL;PSS(2,PL)	ሣጥኖቻችሁ
ሣጥን	N;PL;PSS(2,SG,FEM)	ሣጥኖችሽ
ሣጥን	N;PL;PSS(2,SG,MASC)	ሣጥኖችህ
ሣጥን	N;PL;PSS(3,PL)	ሣጥኖቻቸው
ሣጥን	N;PSS(1,SG)	ሣጥኖቼ
ሣጥን	N;PSS(2,SG,FEM)	ሣጥንሽ
ሣጥን	N;PSS(2,SG,FORM)	ሣጥንዎ
ሣጥን	N;PSS(3,SG,FEM)	ሣጥን
ረገጠ	V.CVB;NOM(1,SG)	ረግጣለሁ
ረገጠ	V.CVB;NOM(2,PL)	ረግጣችሁ
ረገጠ	V.CVB;NOM(FEM;3,SG)	ረግጠ
ረገጠ	V.CVB;NOM(MASC;3,SG)	ረግጠ
ረገጠ	V;IMP;NOM(1,SG)	ልረግጥ
ረገጠ	V;IMP;NOM(2,PL)	ረግጡ
ረገጠ	V;IMP;NOM(MASC;2,SG)	ርግጥ
ረገጠ	V;IPFV;NFIN;NOM(FEM;2,SG)	ትረግጥ
ረገጠ	V;IPFV;NOM(2,PL)	ትረግጣላችሁ
ረገጠ	V;PFV;NOM(1,SG)	ረገጠኩ
ረገጠ	V;PFV;NOM(3,PL)	ረገጣቸው
ረገጠ	V;PRF;NOM(1,PL)	ረግጠናል
ረገጠ	V;PRF;NOM(1,SG)	ረግጣለሁ
ረገጠ	V;PRF;NOM(FEM;3,SG)	ረግጣለች
ርቀት	N	ርቀት
ርቀት	N;DEF;MASC	ርቀቱ
ርቀት	N;DEF;PL	ርቀቶቹ
ርቀት	N;PL	ርቀቶች
ሰሞን	N	ሰሞን
ሰሞን	N;DEF;MASC	ሰሞኑ
ሰሞን	N;PSS(1,PL)	ሰሞናችን
ሰሞን	N;PSS(1,SG)	ሰሞኖቼ
ሰሞን	N;PSS(2,PL)	ሰሞናችሁ
ሰሞን	N;PSS(2,SG,FEM)	ሰሞንሽ
ሰሞን	N;PSS(2,SG,FORM)	ሰሞንዎ
ሰሞን	N;PSS(2,SG,MASC)	ሰሞንህ
ሰሞን	N;PSS(3,PL)	ሰሞናቸው
ሰሞን	N;PSS(3,SG,FEM)	ሰሞን
ሰሞን	N;PSS(3,SG,MASC)	ሰሞን
ሱቅ	N;DEF;MASC	ሱቁ
ሱቅ	N;PL	ሱቆች
ሱቅ	N;PL;PSS(1,SG)	ሱቆቼ
ሱቅ	N;PL;PSS(2,SG,FEM)	ሱቆችሽ
ሱቅ	N;PL;PSS(2,SG,FORM)	ሱቆችዎ
ሱቅ	N;PL;PSS(3,PL)	ሱቆቻቸው
ሱቅ	N;PL;PSS(3,SG,FEM)	ሱቆቿ
ሱቅ	N;PL;PSS(3,SG,MASC)	ሱቆቹ
ሱቅ	N;PSS(1,PL)	ሱቃችን
ሱቅ	N;PSS(2,PL)	ሱቁችሁ
ሱቅ	N;PSS(2,SG,FEM)	ሱቅሽ
ሱቅ	N;PSS(2,SG,FORM)	ሱቅዎ
ሱቅ	N;PSS(2,SG,MASC)	ሱቅህ
ሱቅ	N;PSS(3,SG,MASC)	ሱቅ
ሳጥን	N	ሳጥን
ሳጥን	N;DEF;MASC	ሳጥኑ
ሳጥን	N;PL	ሳጥኖች
ሳጥን	N;PL;PSS(1,PL)	ሳጥኖቻችን
ሳጥን	N;PL;PSS(2,PL)	ሳጥኖቻችሁ
ሳጥን	N;PL;PSS(2,SG,FEM)	ሳጥኖችሽ
ሳጥን	N;PL;PSS(2,SG,MASC)	ሳጥኖችህ
ሳጥን	N;PL;PSS(3,PL)	ሳጥኖቻቸው
ሳጥን	N;PL;PSS(3,SG,FEM)	ሳጥኖቿ
ሳጥን	N;PL;PSS(3,SG,MASC)	ሳጥኖቹ
ሳጥን	N;PSS(2,SG,FEM)	ሳጥንሽ
ሳጥን	N;PSS(2,SG,FORM)	ሳጥንዎ
ሳጥን	N;PSS(2,SG,MASC)	ሳጥንህ
ሳጥን	N;PSS(3,PL)	ሳጥናቸው
ስልት	N;DEF;MASC	ስልቱ
ስልት	N;DEF;PL	ስልቶቹ
ስልት	N;PL	ስልቶች
ስልት	N;PL;PSS(2,PL)	ስልቶቻችሁ
ስልት	N;PL;PSS(2,SG,FEM)	ስልቶችሽ
ስልት	N;PL;PSS(3,SG,FEM)	ስልቶቿ
ስልት	N;PL;PSS(3,SG,MASC)	ስልቶቹ
ስልት	N;PSS(1,PL)	ስልታችን
ስልት	N;PSS(1,SG)	ስልቴ
ስልት	N;PSS(2,SG,FORM)	ስልትዎ
ስልት	N;PSS(2,SG,MASC)	ስልትህ
ስልት	N;PSS(3,PL)	ስልታቸው
ስልት	N;PSS(3,SG,FEM)	ስልቷ
ስልት	N;PSS(3,SG,MASC)	ስልቱ
ስም	N	ስም
ስም	N;DEF;MASC	ስሙ
ስም	N;DEF;PL	ስሞቹ
ስም	N;PL;PSS(1,PL)	ስሞቻችን
ስም	N;PL;PSS(1,SG)	ስሞቼ
ስም	N;PL;PSS(2,SG,FEM)	ስሞችሽ
ስም	N;PL;PSS(2,SG,MASC)	ስሞችህ
ስም	N;PL;PSS(3,SG,FEM)	ስሞቿ
ስም	N;PL;PSS(3,SG,MASC)	ስሞቹ
ስም	N;PSS(2,PL)	ስማችሁ
ስም	N;PSS(2,SG,FORM)	ስምዎ
ስም	N;PSS(2,SG,MASC)	ስምህ
ስም	N;PSS(3,SG,FEM)	ስሟ
ስም	N;PSS(3,SG,MASC)	ስሙ
ስብሀት	N	ስብሀት
ስብሀት	N;DEF;MASC	ስብሀቱ
ስጋት	N	ስጋት
ስጋት	N;DEF;MASC	ስጋቱ
ስጋት	N;PL	ስጋቶች
ስጋት	N;PL;PSS(2,SG,FORM)	ስጋቶችዎ
ስጋት	N;PL;PSS(3,SG,FEM)	ስጋቶቿ
ስጋት	N;PL;PSS(3,SG,MASC)	ስጋቶቹ
ስጋት	N;PSS(1,PL)	ስጋታችን
ስጋት	N;PSS(2,PL)	ስጋታችሁ
ስጋት	N;PSS(2,SG,FEM)	ስጋትሽ
ስጋት	N;PSS(2,SG,MASC)	ስጋትህ
ስጋት	N;PSS(3,PL)	ስጋታቸው
ስጋት	N;PSS(3,SG,MASC)	ስጋቱ
ሸክም	N	ሸክም
ሸክም	N;DEF;MASC	ሸክሙ
ሸክም	N;PSS(1,PL)	ሸክሞቻችን
ሸክም	N;PSS(1,SG)	ሸክሞ
ሸክም	N;PSS(2,PL)	ሸክማችሁ
ሸክም	N;PSS(2,SG,FEM)	ሸክምሽ
ሸክም	N;PSS(2,SG,FORM)	ሸክምዎ
ሸክም	N;PSS(2,SG,MASC)	ሸክምህ
ሸክም	N;PSS(3,PL)	ሸክማቸው
ሸክም	N;PSS(3,SG,FEM)	ሸክሟ
ሸክም	N;PSS(3,SG,MASC)	ሸክሟ
ቀረና	V.CVB;NOM(MASC;3,SG)	ቀርና
ቀረና	V.MSDR	መቀረናት
ቀረና	V;IMP;NOM(MASC;3,SG)	ይቀርን
ቀረና	V;IPFV;NFIN;NOM(MASC;3,SG)	ይቀርን
ቀረና	V;IPFV;NOM(MASC;3,SG)	ይቀረናል
ቀረና	V;PFV;NOM(MASC;3,SG)	ቀረና
ቀረና	V;PRF;NOM(MASC;3,SG)	ቀርናል
ቀሰቀሰ	V.CVB;NOM(MASC;3,SG)	ቀስቀሰ
ቀሰቀሰ	V.MSDR	መቀሰቀስ
ቀሰቀሰ	V;IMP;NOM(MASC;3,SG)	ይቀስቀስ
ቀሰቀሰ	V;IPFV;NFIN;NOM(MASC;3,SG)	ይቀሰቀስ
ቀሰቀሰ	V;IPFV;NOM(MASC;3,SG)	ይቀሰቀሳል
ቀሰቀሰ	V;PFV;NOM(MASC;3,SG)	ቀሰቀሰ
ቀሰቀሰ	V;PRF;NOM(MASC;3,SG)	ቀስቀሰሀል
ቅርጽ	N	ቅርጽ
ቅርጽ	N;DEF;MASC	ቅርጹ
ቅርጽ	N;PL;PSS(1,SG)	ቅርጾቼ
ቅርጽ	N;PL;PSS(2,PL)	ቅርጾቻችሁ
ቅርጽ	N;PL;PSS(2,SG,FEM)	ቅርጾችሽ
ቅርጽ	N;PL;PSS(2,SG,FORM)	ቅርጾችዎ
ቅርጽ	N;PL;PSS(2,SG,MASC)	ቅርጾችህ
ቅርጽ	N;PL;PSS(3,SG,FEM)	ቅርጾቿ
ቅርጽ	N;PSS(1,PL)	ቅርጾቻችን
ቅርጽ	N;PSS(1,SG)	ቅርጻለሁ
ቅርጽ	N;PSS(2,PL)	ቅርጾቻችሁ
ቅርጽ	N;PSS(2,SG,FEM)	ቅርጽሽ
ቅርጽ	N;PSS(2,SG,FORM)	ቅርጽዎ
ቅርጽ	N;PSS(3,SG,MASC)	ቅርጽ
ቆመ	V.CVB;NOM(1,SG)	ቆምኩ
ቆመ	V;IMP;NOM(1,PL)	እንቆም
ቆመ	V;IMP;NOM(2,PL)	ቆም
ቆመ	V;IPFV;NFIN;NOM(2,PL)	ትቆም
ቆመ	V;IPFV;NFIN;NOM(3,PL)	ይቆም
ቆመ	V;IPFV;NFIN;NOM(FEM;3,SG)	ትቆም
ቆመ	V;IPFV;NOM(1,PL)	እንቆማለን
ቆመ	V;IPFV;NOM(2,PL)	ትቆማላችሁ
ቆመ	V;IPFV;NOM(FEM;2,SG)	ትቆማለሽ
ቆመ	V;PFV;NOM(1,PL)	ቆምን
ቆመ	V;PFV;NOM(2,PL)	ቆማችሁ
ቆመ	V;PFV;NOM(MASC;3,SG)	ቆም
ቆመ	V;PRF;NOM(1,SG)	ቆምተሻል
ቆመ	V;PRF;NOM(MASC;2,SG)	ቆምተሀል
ቆጠረ	V.CVB;NOM(FEM;3,SG)	ቆጥረ
ቆጠረ	V;IMP;NOM(1,SG)	ልቆጥር
ቆጠረ	V;IMP;NOM(2,PL)	ቆጥሩ
ቆጠረ	V;IMP;NOM(3,PL)	ይቆጥሩ
ቆጠረ	V;IPFV;NFIN;NOM(MASC;2,SG)	ትቆጥር
ቆጠረ	V;IPFV;NOM(1,SG)	እቆጠራለሁ
ቆጠረ	V;IPFV;NOM(3,PL)	ይቆጠራሉ
ቆጠረ	V;IPFV;NOM(FEM;3,SG)	ትቆጥራለች
ቆጠረ	V;PFV;NOM(1,SG)	ቆጠረኩ
ቆጠረ	V;PFV;NOM(FEM;2,SG)	ቆጠረሽ
ቆጠረ	V;PFV;NOM(FEM;3,SG)	ቆጠረች
ቆጠረ	V;PRF;NOM(1,PL)	ቆጥረናል
ቆጠረ	V;PRF;NOM(1,SG)	ቆጥራለሁ
ቆጠረ	V;PRF;NOM(FEM;2,SG)	ቆጥራለሻል
በድን	N	በድን
በድን	N;DEF;MASC	በድኑ
በድን	N;PL;PSS(1,SG)	በድኖቼ
በድን	N;PL;PSS(2,PL)	በድኖቻችሁ
በድን	N;PL;PSS(2,SG,FORM)	በድኖችዎ
በድን	N;PL;PSS(2,SG,MASC)	በድኖችህ
በድን	N;PL;PSS(3,PL)	በድኖቻቸው
በድን	N;PL;PSS(3,SG,FEM)	በድኖቿ
በድን	N;PL;PSS(3,SG,MASC)	በድኖቹ
በድን	N;PSS(1,PL)	በድናችን
በድን	N;PSS(1,SG)	በድኖቼ
በድን	N;PSS(3,SG,FEM)	በድን
በድን	N;PSS(3,SG,MASC)	በድን
ብረት	N	ብረት
ብረት	N;DEF;MASC	ብረቱ
ብረት	N;DEF;PL	ብረቶቹ
ብረት	N;PL	ብረቶች
ተሰባሰበ	V.CVB;NOM(MASC;3,SG)	ተሰባስበ
ተሰባሰበ	V.MSDR	መሰባሰብ
ተሰባሰበ	V;IMP;NOM(MASC;3,SG)	ይሰባሰብ
ተሰባሰበ	V;IPFV;NFIN;NOM(MASC;3,SG)	ይሰባሰብ
ተሰባሰበ	V;IPFV;NOM(MASC;3,SG)	ይሰባሰባል
ተሰባሰበ	V;PFV;NOM(MASC;3,SG)	ተሰባሰበ
ተሰባሰበ	V;PRF;NOM(MASC;3,SG)	ተሰባስበሀል
ተስተካከለ	V.CVB;NOM(MASC;3,SG)	ተስተካክለ
ተስተካከለ	V.MSDR	መስተካከል
ተስተካከለ	V;IMP;NOM(MASC;3,SG)	ይስተካከል
ተስተካከለ	V;IPFV;NFIN;NOM(MASC;3,SG)	ይስተካከል
ተስተካከለ	V;IPFV;NOM(MASC;3,SG)	ይስተካከላል
ተስተካከለ	V;PFV;NOM(MASC;3,SG)	ተስተካከለ
ተስተካከለ	V;PRF;NOM(MASC;3,SG)	ተስተካክለው
ተቀበለ	V.CVB;NOM(1,PL)	ተቀብለን
ተቀበለ	V.CVB;NOM(2,PL)	ተቀብላችሁ
ተቀበለ	V.CVB;NOM(3,PL)	ተቀብለው
ተቀበለ	V.CVB;NOM(MASC;3,SG)	ተቀብል
ተቀበለ	V;IMP;NOM(1,SG)	ልቀበል
ተቀበለ	V;IMP;NOM(3,PL)	ይቀበሉ
ተቀበለ	V;IPFV;NFIN;NOM(1,PL)	እንቀበል
ተቀበለ	V;IPFV;NFIN;NOM(2,PL)	ትቀበላ
ተቀበለ	V;IPFV;NFIN;NOM(MASC;2,SG)	ትቀበል
ተቀበለ	V;IPFV;NOM(3,PL)	ይቀበላሉ
ተቀበለ	V;IPFV;NOM(MASC;3,SG)	ይቀበላል
ተቀበለ	V;PFV;NOM(1,PL)	ተቀበለን
ተቀበለ	V;PRF;NOM(2,PL)	ተቀብላችኋል
ተቀበለ	V;PRF;NOM(FEM;2,SG)	ተቀብላለሻል
ተቻለ	V.CVB;NOM(MASC;3,SG)	ተቻል
ተቻለ	V.MSDR	መቻል
ተቻለ	V;IMP;NOM(MASC;3,SG)	ይቻል
ተቻለ	V;IPFV;NFIN;NOM(MASC;3,SG)	ይቻል
ተቻለ	V;IPFV;NOM(MASC;3,SG)	ይቻላል
ተቻለ	V;PFV;NOM(MASC;3,SG)	ተቻለ
ተቻለ	V;PRF;NOM(MASC;3,SG)	ተቻለው
ተንገላታ	V.CVB;NOM(3,PL)	ተንገላታቸው
ተንገላታ	V.CVB;NOM(FEM;3,SG)	ተንገላታሽ
ተንገላታ	V;IMP;NOM(1,SG)	ልንገላታ
ተንገላታ	V;IMP;NOM(2,PL)	ተንገላታ
ተንገላታ	V;IMP;NOM(FEM;3,SG)	ተንገላታ
ተንገላታ	V;IMP;NOM(MASC;2,SG)	ተንገላታ
ተንገላታ	V;IPFV;NFIN;NOM(FEM;2,SG)	ትንገላታ
ተንገላታ	V;IPFV;NFIN;NOM(MASC;3,SG)	ይንገላታ
ተንገላታ	V;PFV;NOM(1,SG)	ተንገላታኩ
ተንገላታ	V;PFV;NOM(2,PL)	ተንገላታችሁ
ተንገላታ	V;PFV;NOM(3,PL)	ተንገላታቸው
ተንገላታ	V;PFV;NOM(FEM;2,SG)	ተንገላታሽ
ተንገላታ	V;PRF;NOM(1,PL)	ተንገላታችኋል
ተወያየ	V.CVB;NOM(2,PL)	ተወያያችሁ
ተወያየ	V.CVB;NOM(3,PL)	ተወያይተው
ተወያየ	V;IMP;NOM(1,PL)	እንወያይ
ተወያየ	V;IMP;NOM(3,PL)	ይወያይ
ተወያየ	V;IPFV;NFIN;NOM(1,PL)	እንወያይ
ተወያየ	V;IPFV;NFIN;NOM(2,PL)	ትወያዩ
ተወያየ	V;IPFV;NOM(1,PL)	እንወያያለን
ተወያየ	V;IPFV;NOM(2,PL)	ትወያያላችሁ
ተወያየ	V;IPFV;NOM(3,PL)	ይወያያሉ
ተወያየ	V;PFV;NOM(1,PL)	ተወያየን
ተወያየ	V;PFV;NOM(2,PL)	ተወያየችሁ
ተወያየ	V;PFV;NOM(3,PL)	ተወያየዋል
ተወያየ	V;PRF;NOM(2,PL)	ተወያያችኋል
ተወያየ	V;PRF;NOM(3,PL)	ተወያይተዋል
ተወዳደረ	V.CVB;NOM(1,PL)	ተወዳድረን
ተወዳደረ	V.CVB;NOM(3,PL)	ተወዳድረው
ተወዳደረ	V.MSDR	መወዳደር
ተወዳደረ	V;IMP;NOM(1,PL)	እንወዳደር
ተወዳደረ	V;IPFV;NFIN;NOM(1,PL)	እንወዳደር
ተወዳደረ	V;IPFV;NFIN;NOM(3,PL)	ይወዳደሩ
ተወዳደረ	V;IPFV;NOM(1,PL)	እንወዳደራለን
ተወዳደረ	V;IPFV;NOM(3,PL)	ይወዳደራሉ
ተወዳደረ	V;PFV;NOM(1,PL)	ተወዳደረን
ተወዳደረ	V;PFV;NOM(2,PL)	ተወዳደራችሁ
ተወዳደረ	V;PFV;NOM(3,PL)	ተወዳደረዋል
ተወዳደረ	V;PRF;NOM(1,PL)	ተወዳድረናል
ተወዳደረ	V;PRF;NOM(2,PL)	ተወዳድራችኋል
ተወዳደረ	V;PRF;NOM(3,PL)	ተወዳድረዋል
ተዋረደ	V.CVB;NOM(1,PL)	ተዋርዳችን
ተዋረደ	V.CVB;NOM(MASC;3,SG)	ተዋርደ
ተዋረደ	V;IPFV;NFIN;NOM(1,SG)	እዋረድ
ተዋረደ	V;IPFV;NFIN;NOM(2,PL)	ትዋረድ
ተዋረደ	V;IPFV;NFIN;NOM(3,PL)	ይዋረዱ
ተዋረደ	V;IPFV;NFIN;NOM(FEM;2,SG)	ትዋረድ
ተዋረደ	V;IPFV;NFIN;NOM(FEM;3,SG)	ትዋረድ
ተዋረደ	V;IPFV;NOM(MASC;3,SG)	ይዋረዳል
ተዋረደ	V;PFV;NOM(1,SG)	ተዋረደኩ
ተዋረደ	V;PFV;NOM(3,PL)	ተዋረደዋል
ተዋረደ	V;PFV;NOM(FEM;3,SG)	ተዋረደች
ተዋረደ	V;PRF;NOM(2,PL)	ተዋርዳችኋል
ተዋረደ	V;PRF;NOM(3,PL)	ተዋርደዋል
ተዋረደ	V;PRF;NOM(MASC;2,SG)	ተዋርደሀል
ተዘረጋ	V.CVB;NOM(FEM;3,SG)	ተዘረጋ
ተዘረጋ	V.MSDR	መዘረጋት
ተዘረጋ	V;IMP;NOM(MASC;2,SG)	ተዘርጋ
ተዘረጋ	V;IPFV;NFIN;NOM(1,SG)	እዘረጋ
ተዘረጋ	V;IPFV;NFIN;NOM(2,PL)	ትዘረጋ
ተዘረጋ	V;IPFV;NFIN;NOM(MASC;2,SG)	ትዘረጋ
ተዘረጋ	V;IPFV;NFIN;NOM(MASC;3,SG)	ይዘረጋ
ተዘረጋ	V;IPFV;NOM(3,PL)	ይዘረጋሉ
ተዘረጋ	V;IPFV;NOM(FEM;3,SG)	ትዘረጋለች
ተዘረጋ	V;PFV;NOM(1,SG)	ተዘረጋኩ
ተዘረጋ	V;PFV;NOM(3,PL)	ተዘረጋቸው
ተዘረጋ	V;PFV;NOM(MASC;2,SG)	ተዘረጋህ
ተዘረጋ	V;PRF;NOM(1,PL)	ተዘርጋችኋል
ተዘረጋ	V;PRF;NOM(FEM;2,SG)	ተዘርጋለሻል
ተገታ	V.CVB;NOM(MASC;3,SG)	ተገታ
ተገታ	V.MSDR	መገታት
ተገታ	V;IMP;NOM(MASC;3,SG)	ይገታ
ተገታ	V;IPFV;NFIN;NOM(MASC;3,SG)	ይገታ
ተገታ	V;IPFV;NOM(MASC;3,SG)	ይገታል
ተገታ	V;PFV;NOM(MASC;3,SG)	ተገታ
ተገታ	V;PRF;NOM(MASC;3,SG)	ተገታለች
ተጋጠመ	V.CVB;NOM(MASC;3,SG)	ተጋጠም
ተጋጠመ	V.MSDR	መጋጠም
ተጋጠመ	V;IMP;NOM(MASC;3,SG)	ይጋጠም
ተጋጠመ	V;IPFV;NFIN;NOM(MASC;3,SG)	ይጋጠም
ተጋጠመ	V;IPFV;NOM(MASC;3,SG)	ይጋጠማል
ተጋጠመ	V;PFV;NOM(MASC;3,SG)	ተጋጠም
ተጋጠመ	V;PRF;NOM(MASC;3,SG)	ተጋጥማለች
ተጠመቀ	V.CVB;NOM(MASC;3,SG)	ተጠምቀ
ተጠመቀ	V.MSDR	መጠመቅ
ተጠመቀ	V;IMP;NOM(MASC;3,SG)	ይጠምቅ
ተጠመቀ	V;IPFV;NFIN;NOM(MASC;3,SG)	ይጠመቅ
ተጠመቀ	V;IPFV;NOM(MASC;3,SG)	ይጠመቃል
ተጠመቀ	V;PFV;NOM(MASC;3,SG)	ተጠመቀ
ተጠመቀ	V;PRF;NOM(MASC;3,SG)	ተጠምቃለች
ተጠቀመ	V.CVB;NOM(1,PL)	ተጠቅምን
ተጠቀመ	V.CVB;NOM(MASC;3,SG)	ተጠቅም
ተጠቀመ	V;IMP;NOM(1,SG)	ልጠቅም
ተጠቀመ	V;IMP;NOM(FEM;3,SG)	ትጠቅም
ተጠቀመ	V;IPFV;NFIN;NOM(1,PL)	እንጠቀም
ተጠቀመ	V;IPFV;NOM(1,PL)	እንጠቀማለን
ተጠቀመ	V;IPFV;NOM(3,PL)	ይጠቀማሉ
ተጠቀመ	V;IPFV;NOM(MASC;2,SG)	ትጠቀማለህ
ተጠቀመ	V;PFV;NOM(2,PL)	ተጠቀማችሁ
ተጠቀመ	V;PRF;NOM(2,PL)	ተጠቅማችኋል
ተጠቀመ	V;PRF;NOM(FEM;3,SG)	ተጠቅማለች
ተጠቀመ	V;PRF;NOM(MASC;2,SG)	ተጠቅማለሁ
ተጠቀመ	V;PRF;NOM(MASC;3,SG)	ተጠቅማለች
ተፈረደ	V.CVB;NOM(MASC;3,SG)	ተፈርደ
ተፈረደ	V.MSDR	መፈረድ
ተፈረደ	V;IPFV;NFIN;NOM(MASC;3,SG)	ይፈረድ
ተፈረደ	V;IPFV;NOM(MASC;3,SG)	ይፈረዳል
ተፈረደ	V;PFV;NOM(MASC;3,SG)	ተፈረደ
ተፈረደ	V;PRF;NOM(MASC;3,SG)	ተፈርደሀል
ታሰበ	V.CVB;NOM(MASC;3,SG)	ታስበ
ታሰበ	V.MSDR	መታሰብ
ታሰበ	V;IMP;NOM(MASC;3,SG)	ይታስብ
ታሰበ	V;IPFV;NFIN;NOM(MASC;3,SG)	ይታስብ
ታሰበ	V;IPFV;NOM(MASC;3,SG)	ይታሰባል
ታሰበ	V;PFV;NOM(MASC;3,SG)	ታሰበ
ታሰበ	V;PRF;NOM(MASC;3,SG)	ታስባለች
ነገር	N	ነገር
ነገር	N;DEF;FEM	ነገሩ
ነገር	N;DEF;MASC	ነገሩ
ነገር	N;DEF;PL	ነገሮቹ
ነገር	N;PL	ነገሮች
ነገር	N;PL;PSS(1,PL)	ነገሮቻችን
ነገር	N;PL;PSS(1,SG)	ነገሮቼ
ነገር	N;PL;PSS(2,PL)	ነገሮቻችሁ
ነገር	N;PL;PSS(2,SG,MASC)	ነገሮችህ
ነገር	N;PL;PSS(3,PL)	ነገሮቻቸው
ነገር	N;PL;PSS(3,SG,MASC)	ነገሮቹ
ነገር	N;PSS(2,PL)	ነገራችሁ
ነገር	N;PSS(3,SG,FEM)	ነገሩ
ነገር	N;PSS(3,SG,MASC)	ነገሩ
ንጹሕ	ADJ	ንጹሕ
ንጹሕ	ADJ;DEF;FEM	ንጹሑ
ንጹሕ	ADJ;DEF;MASC	ንጹሑ
አለፈ	V.CVB;NOM(2,PL)	አልፋችሁ
አለፈ	V.CVB;NOM(FEM;2,SG)	አልፈሽ
አለፈ	V.CVB;NOM(FEM;3,SG)	አልፈ
አለፈ	V.CVB;NOM(MASC;2,SG)	አልፍህ
አለፈ	V;IMP;NOM(MASC;3,SG)	ያልፍ
አለፈ	V;IPFV;NFIN;NOM(3,PL)	ያልፍ
አለፈ	V;IPFV;NFIN;NOM(FEM;3,SG)	ታልፍ
አለፈ	V;IPFV;NFIN;NOM(MASC;3,SG)	ያልፍ
አለፈ	V;IPFV;NOM(MASC;3,SG)	ያልፋል
አለፈ	V;PFV;NOM(3,PL)	አለፋቸው
አለፈ	V;PFV;NOM(FEM;3,SG)	አለፈች
አለፈ	V;PRF;NOM(FEM;3,SG)	አልፋለች
አለፈ	V;PRF;NOM(MASC;3,SG)	አልፋለች
አስጠነቀቀ	V.CVB;NOM(1,SG)	አስጠነቅቃለሁ
አስጠነቀቀ	V.CVB;NOM(FEM;2,SG)	አስጠነቅቀሽ
አስጠነቀቀ	V;IMP;NOM(3,PL)	ያስጠነቅቅ
አስጠነቀቀ	V;IMP;NOM(FEM;2,SG)	አስጠነቅቅ
አስጠነቀቀ	V;IMP;NOM(FEM;3,SG)	ታስጠነቅቅ
አስጠነቀቀ	V;IPFV;NFIN;NOM(MASC;2,SG)	ታስጠነቅቅ
አስጠነቀቀ	V;IPFV;NOM(FEM;2,SG)	ታስጠነቀቃለሽ
አስጠነቀቀ	V;IPFV;NOM(MASC;3,SG)	ያስጠነቅቃል
አስጠነቀቀ	V;PFV;NOM(1,PL)	አስጠነቀቀን
አስጠነቀቀ	V;PFV;NOM(2,PL)	አስጠነቀቁችሁ
አስጠነቀቀ	V;PFV;NOM(FEM;2,SG)	አስጠነቀቀሽ
አስጠነቀቀ	V;PRF;NOM(2,PL)	አስጠንቃችኋል
አስጠነቀቀ	V;PRF;NOM(FEM;2,SG)	አስጠንቀቀሻል
አስጠነቀቀ	V;PRF;NOM(MASC;3,SG)	አስጠንቀቀል
አሸ	V.CVB;NOM(2,PL)	አሽታችሁ
አሸ	V;IMP;NOM(1,PL)	እንሽ
አሸ	V;IPFV;NFIN;NOM(1,SG)	አሽ
አሸ	V;IPFV;NFIN;NOM(2,PL)	ታሽ
አሸ	V;IPFV;NFIN;NOM(FEM;2,SG)	ታሽ
አሸ	V;IPFV;NOM(2,PL)	ታሻላችሁ
አሸ	V;IPFV;NOM(MASC;3,SG)	ያሸል
አሸ	V;PFV;NOM(1,SG)	አሸኩ
አሸ	V;PFV;NOM(MASC;3,SG)	አሸ
አሸ	V;PRF;NOM(1,PL)	አሽተናል
አሸ	V;PRF;NOM(1,SG)	አሽተሻል
አሸ	V;PRF;NOM(2,PL)	አሻችኋል
አሸ	V;PRF;NOM(FEM;2,SG)	አሽተሻል
አሸ	V;PRF;NOM(FEM;3,SG)	አሽተሻል
አባልነት	N	አባልነት
አባልነት	N;DEF;MASC	አባልነቱ
አባልነት	N;PSS(1,PL)	አባልነታችን
አባልነት	N;PSS(1,SG)	አባልነቴ
አባልነት	N;PSS(2,PL)	አባልነታችሁ
አባልነት	N;PSS(2,SG,FEM)	አባልነትሽ
አባልነት	N;PSS(2,SG,FORM)	አባልነትዎ
አባልነት	N;PSS(2,SG,MASC)	አባልነትህ
አባልነት	N;PSS(3,PL)	አባልነታቸው
አባልነት	N;PSS(3,SG,FEM)	አባልነቷ
አባልነት	N;PSS(3,SG,MASC)	አባልነቱ
አተረፈ	V.CVB;NOM(3,PL)	አተርፋቸው
አተረፈ	V;IMP;NOM(2,PL)	አተርፉ
አተረፈ	V;IMP;NOM(3,PL)	ያተርፉ
አተረፈ	V;IMP;NOM(MASC;2,SG)	አተርፍ
አተረፈ	V;IPFV;NFIN;NOM(2,PL)	ታተርፍ
አተረፈ	V;IPFV;NFIN;NOM(FEM;3,SG)	ታተርፍ
አተረፈ	V;IPFV;NOM(1,PL)	እናተርፋለን
አተረፈ	V;IPFV;NOM(3,PL)	ያተርፋሉ
አተረፈ	V;PFV;NOM(1,PL)	አተረፋን
አተረፈ	V;PFV;NOM(FEM;2,SG)	አተረፈሽ
አተረፈ	V;PFV;NOM(MASC;3,SG)	አተረፈ
አተረፈ	V;PRF;NOM(1,SG)	አተርፋለሁ
አተረፈ	V;PRF;NOM(MASC;2,SG)	አተርፈሀል
አተረፈ	V;PRF;NOM(MASC;3,SG)	አተርፋለች
አንቀፅ	N	አንቀፅ
አንቀፅ	N;DEF;MASC	አንቀፁ
አንቀፅ	N;PL	አንቀፆች
አንድ	N	አንድ
አንድ	N;DEF;FEM	አንዷ
አንድ	N;DEF;FEM;LGSPEC1	አንዷ
አንድ	N;DEF;MASC	አንዱ
አንድ	N;PSS(1,PL)	አንዳችን
አንድ	N;PSS(1,SG)	አንዴ
አንድ	N;PSS(2,PL)	አንዳችሁ
አንድ	N;PSS(2,SG,FEM)	አንድሽ
አንድ	N;PSS(2,SG,FORM)	አንድዎ
አንድ	N;PSS(2,SG,MASC)	አንድህ
አንድ	N;PSS(3,PL)	አንዳቸው
አንድ	N;PSS(3,SG,FEM)	አንዷ
አንድ	N;PSS(3,SG,MASC)	አንዱ
አከለ	V.CVB;NOM(MASC;3,SG)	አክል
አከለ	V.MSDR	ማከል
አከለ	V;IMP;NOM(MASC;3,SG)	ያክል
አከለ	V;IPFV;NFIN;NOM(MASC;3,SG)	ያክል
አከለ	V;IPFV;NOM(MASC;3,SG)	ያከላል
አከለ	V;PFV;NOM(MASC;3,SG)	አከለ
አከለ	V;PRF;NOM(MASC;3,SG)	አክላለች
አከበረ	V.CVB;NOM(FEM;2,SG)	አከብረሽ
አከበረ	V.MSDR	ማከበር
አከበረ	V;IMP;NOM(1,PL)	እናከብር
አከበረ	V;IMP;NOM(1,SG)	ላከብር
አከበረ	V;IMP;NOM(FEM;3,SG)	ታከብር
አከበረ	V;IMP;NOM(MASC;3,SG)	ያከብር
አከበረ	V;IPFV;NFIN;NOM(3,PL)	ያከብሩ
አከበረ	V;IPFV;NOM(FEM;2,SG)	ታከብራለሽ
አከበረ	V;PFV;NOM(FEM;3,SG)	አከበረች
አከበረ	V;PFV;NOM(MASC;3,SG)	አከበረ
አከበረ	V;PRF;NOM(1,PL)	አከብረናል
አከበረ	V;PRF;NOM(2,PL)	አከብራችኋል
አከበረ	V;PRF;NOM(FEM;2,SG)	አከብራለሻል
አከበረ	V;PRF;NOM(MASC;3,SG)	አከብረው
አየ	V.CVB;NOM(1,SG)	አይተሀል
አየ	V.CVB;NOM(FEM;2,SG)	አይተሽ
አየ	V.CVB;NOM(MASC;2,SG)	አይተህ
አየ	V.CVB;NOM(MASC;3,SG)	አይቶ
አየ	V;IMP;NOM(1,PL)	እንይ
አየ	V;IMP;NOM(MASC;3,SG)	ያይ
አየ	V;IPFV;NFIN;NOM(FEM;2,SG)	ታይ
አየ	V;IPFV;NOM(2,PL)	ታያላችሁ
አየ	V;IPFV;NOM(FEM;2,SG)	ታያለሽ
አየ	V;PFV;NOM(1,PL)	አይን
አየ	V;PFV;NOM(2,PL)	አይታችሁ
አየ	V;PFV;NOM(3,PL)	አይተዋል
አየ	V;PFV;NOM(FEM;3,SG)	አየች
አየ	V;PRF;NOM(FEM;3,SG)	አይተሻል
አይጥ	N	አይጥ
አይጥ	N;DEF;MASC	አይጡ
አይጥ	N;DEF;PL	አይጦቹ
አይጥ	N;PL	አይጦች
አደገ	V.CVB;NOM(2,PL)	አድጋችሁ
አደገ	V.CVB;NOM(FEM;2,SG)	አድግሽ
አደገ	V.CVB;NOM(FEM;3,SG)	አድግ
አደገ	V.CVB;NOM(MASC;2,SG)	አድግህ
አደገ	V;IMP;NOM(FEM;2,SG)	አድግ
አደገ	V;IMP;NOM(MASC;3,SG)	ያድግ
አደገ	V;IPFV;NFIN;NOM(2,PL)	ታድጉ
አደገ	V;IPFV;NFIN;NOM(MASC;3,SG)	ያደግ
አደገ	V;IPFV;NOM(1,SG)	አድጋለሁ
አደገ	V;PFV;NOM(2,PL)	አደጋችሁ
አደገ	V;PRF;NOM(1,PL)	አድግናል
አደገ	V;PRF;NOM(2,PL)	አድጋችኋል
አደገ	V;PRF;NOM(FEM;3,SG)	አድጋለች
አደገ	V;PRF;NOM(MASC;3,SG)	አድጋለች
አጠራጠረ	V.CVB;NOM(MASC;3,SG)	አጠራጥረ
አጠራጠረ	V.MSDR	ማጠራጠር
አጠራጠረ	V;IMP;NOM(MASC;3,SG)	ያጠራጥር
አጠራጠረ	V;IPFV;NFIN;NOM(MASC;3,SG)	ያጠራጠር
አጠራጠረ	V;IPFV;NOM(MASC;3,SG)	ያጠራጠራል
አጠራጠረ	V;PFV;NOM(MASC;3,SG)	አጠራጠረ
አጠራጠረ	V;PRF;NOM(MASC;3,SG)	አጠራጥረው
አጠበ	V.CVB;NOM(MASC;3,SG)	አጠብ
አጠበ	V;IMP;NOM(3,PL)	ያጠብ
አጠበ	V;IPFV;NFIN;NOM(1,SG)	አጠብ
አጠበ	V;IPFV;NFIN;NOM(2,PL)	ታጠብ
አጠበ	V;IPFV;NOM(FEM;2,SG)	ታጠባለሽ
አጠበ	V;PFV;NOM(1,PL)	አጠብን
አጠበ	V;PFV;NOM(1,SG)	አጠብኩ
አጠበ	V;PFV;NOM(3,PL)	አጠባቸው
አጠበ	V;PFV;NOM(FEM;3,SG)	አጠበች
አጠበ	V;PFV;NOM(MASC;2,SG)	አጠበህ
አጠበ	V;PFV;NOM(MASC;3,SG)	አጠበ
አጠበ	V;PRF;NOM(3,PL)	አጠብተዋል
አጠበ	V;PRF;NOM(FEM;2,SG)	አጥባለሻል
አጠበ	V;PRF;NOM(FEM;3,SG)	አጠብተሻል
እስራኤል	N	እስራኤል
እስራኤል	N;DEF;MASC	እስራኤሉ
እስራኤል	N;DEF;PL	እስራኤሎቹ
እስራኤል	N;PL	እስራኤሎች
እጥረት	N	እጥረት
እጥረት	N;DEF;MASC	እጥረቱ
እጥረት	N;DEF;PL	እጥረቶቹ
እጥረት	N;PL	እጥረቶች
ከፈተ	V.CVB;NOM(1,PL)	ከፍተን
ከፈተ	V.CVB;NOM(1,SG)	ከፍተሀል
ከፈተ	V.MSDR	መከፈት
ከፈተ	V;IMP;NOM(2,PL)	ከፍቱ
ከፈተ	V;IMP;NOM(FEM;3,SG)	ትከፍት
ከፈተ	V;IPFV;NFIN;NOM(1,SG)	እከፍት
ከፈተ	V;IPFV;NFIN;NOM(MASC;3,SG)	ይከፍት
ከፈተ	V;IPFV;NOM(1,PL)	እንከፍታለን
ከፈተ	V;IPFV;NOM(2,PL)	ትከፍታላችሁ
ከፈተ	V;IPFV;NOM(3,PL)	ይከፍታሉ
ከፈተ	V;IPFV;NOM(FEM;2,SG)	ትከፈታለሽ
ከፈተ	V;PFV;NOM(1,PL)	ከፈታችን
ከፈተ	V;PRF;NOM(1,SG)	ከፍተሻል
ከፈተ	V;PRF;NOM(FEM;2,SG)	ከፍታለሻል
ክበብ	N	ክበብ
ክበብ	N;DEF;MASC	ክበቡ
ክበብ	N;DEF;PL	ክበቦቹ
ክበብ	N;PL	ክበቦች
ክንፍ	N	ክንፍ
ክንፍ	N;DEF;MASC	ክንፉ
ክንፍ	N;PL;PSS(1,PL)	ክንፎቻችን
ክንፍ	N;PL;PSS(2,PL)	ክንፎቻችሁ
ክንፍ	N;PL;PSS(2,SG,FEM)	ክንፎችሽ
ክንፍ	N;PL;PSS(2,SG,FORM)	ክንፎችዎ
ክንፍ	N;PL;PSS(2,SG,MASC)	ክንፎችህ
ክንፍ	N;PL;PSS(3,SG,MASC)	ክንፎቹ
ክንፍ	N;PSS(1,PL)	ክንፋችን
ክንፍ	N;PSS(1,SG)	ክንፎቼ
ክንፍ	N;PSS(2,PL)	ክንፋችሁ
ክንፍ	N;PSS(2,SG,FEM)	ክንፍሽ
ክንፍ	N;PSS(3,PL)	ክንፋቸው
ክንፍ	N;PSS(3,SG,MASC)	ክንፏ
ወረረ	V.CVB;NOM(FEM;2,SG)	ወርረሽ
ወረረ	V.CVB;NOM(FEM;3,SG)	ወርረ
ወረረ	V.CVB;NOM(MASC;2,SG)	ወርረህ
ወረረ	V.CVB;NOM(MASC;3,SG)	ወርረ
ወረረ	V.MSDR	መወርር
ወረረ	V;IPFV;NFIN;NOM(2,PL)	ትወርሩ
ወረረ	V;IPFV;NFIN;NOM(3,PL)	ይወርሩ
ወረረ	V;IPFV;NFIN;NOM(FEM;2,SG)	ትወርር
ወረረ	V;IPFV;NFIN;NOM(FEM;3,SG)	ትወርር
ወረረ	V;IPFV;NFIN;NOM(MASC;3,SG)	ይወርር
ወረረ	V;PFV;NOM(1,PL)	ወረረን
ወረረ	V;PFV;NOM(2,PL)	ወረራችሁ
ወረረ	V;PFV;NOM(MASC;2,SG)	ወረረህ
ወረረ	V;PRF;NOM(MASC;3,SG)	ወርረው
ወደቀ	V.CVB;NOM(1,SG)	ወድቃለሁ
ወደቀ	V.CVB;NOM(3,PL)	ወድቀው
ወደቀ	V;IMP;NOM(MASC;3,SG)	ይወድቅ
ወደቀ	V;IPFV;NFIN;NOM(1,PL)	እንወድቅ
ወደቀ	V;IPFV;NFIN;NOM(FEM;3,SG)	ትወድቅ
ወደቀ	V;IPFV;NOM(1,PL)	እንወድቃለን
ወደቀ	V;IPFV;NOM(2,PL)	ትወዳላችሁ
ወደቀ	V;IPFV;NOM(FEM;3,SG)	ትወድቃለች
ወደቀ	V;IPFV;NOM(MASC;2,SG)	ትወድቃለህ
ወደቀ	V;PFV;NOM(2,PL)	ወደቃችሁ
ወደቀ	V;PFV;NOM(MASC;2,SG)	ወደቀህ
ወደቀ	V;PRF;NOM(FEM;3,SG)	ወድቃለች
ወደቀ	V;PRF;NOM(MASC;2,SG)	ወድቀሀል
ዕውቀት	N	ዕውቀት
ዕውቀት	N;DEF;MASC	ዕውቀቱ
ዕውቀት	N;PL	ዕውቀቶች
ዕውቀት	N;PL;PSS(1,PL)	ዕውቀቶቻችን
ዕውቀት	N;PL;PSS(1,SG)	ዕውቀቶቼ
ዕውቀት	N;PL;PSS(2,PL)	ዕውቀቶቻችሁ
ዕውቀት	N;PL;PSS(2,SG,MASC)	ዕውቀቶችህ
ዕውቀት	N;PL;PSS(3,PL)	ዕውቀቶቻቸው
ዕውቀት	N;PSS(1,PL)	ዕውቀታችን
ዕውቀት	N;PSS(2,PL)	ዕውቀታችሁ
ዕውቀት	N;PSS(2,SG,FEM)	ዕውቀትሽ
ዕውቀት	N;PSS(2,SG,FORM)	ዕውቀትዎ
ዕውቀት	N;PSS(2,SG,MASC)	ዕውቀትህ
ዕውቀት	N;PSS(3,SG,MASC)	ዕውቀቱ
ዕጣን	N	ዕጣን
ዕጣን	N;DEF;MASC	ዕጣኑ
ዘመተ	V.CVB;NOM(FEM;2,SG)	ዘምተሽ
ዘመተ	V.CVB;NOM(MASC;3,SG)	ዘምተ
ዘመተ	V;IMP;NOM(3,PL)	ይዘምቱ
ዘመተ	V;IMP;NOM(FEM;3,SG)	ትዘምት
ዘመተ	V;IPFV;NFIN;NOM(1,PL)	እንዘምት
ዘመተ	V;IPFV;NFIN;NOM(1,SG)	እዘምት
ዘመተ	V;IPFV;NFIN;NOM(3,PL)	ይዘምቱ
ዘመተ	V;IPFV;NFIN;NOM(FEM;2,SG)	ትዘምት
ዘመተ	V;IPFV;NFIN;NOM(FEM;3,SG)	ትዘምት
ዘመተ	V;IPFV;NFIN;NOM(MASC;3,SG)	ይዘምት
ዘመተ	V;IPFV;NOM(MASC;2,SG)	ትዘመታለህ
ዘመተ	V;PFV;NOM(1,SG)	ዘመተኩ
ዘመተ	V;PRF;NOM(2,PL)	ዘምታችኋል
ዘመተ	V;PRF;NOM(FEM;3,SG)	ዘምታለች
ዘመን	N;DEF;FEM	ዘመኑ
ዘመን	N;DEF;MASC	ዘመኑ
ዘመን	N;PL;LGSPEC1;PSS(1,PL)	ዘመኖቻችን
ዘመን	N;PL;LGSPEC1;PSS(3,PL)	ዘመኖቻቸው
ዘመን	N;PL;LGSPEC1;PSS(3,SG,FEM)	ዘመኖቿ
ዘመን	N;PL;PSS(1,PL)	ዘመኖቻችን
ዘመን	N;PL;PSS(1,SG)	ዘመኖቼ
ዘመን	N;PL;PSS(2,PL)	ዘመኖቻችሁ
ዘመን	N;PL;PSS(2,SG,FEM)	ዘመኖችሽ
ዘመን	N;PL;PSS(3,SG,FEM)	ዘመኖቿ
ዘመን	N;PL;PSS(3,SG,MASC)	ዘመኖቹ
ዘመን	N;PSS(1,SG)	ዘመናለሁ
ዞረ	V.CVB;NOM(1,SG)	ዞርኩ
ዞረ	V.CVB;NOM(2,PL)	ዞራችሁ
ዞረ	V.CVB;NOM(MASC;3,SG)	ዞር
ዞረ	V.MSDR	መዞር
ዞረ	V;IMP;NOM(FEM;2,SG)	ዞር
ዞረ	V;IMP;NOM(MASC;3,SG)	ይዞር
ዞረ	V;IPFV;NFIN;NOM(2,PL)	ትዞሩ
ዞረ	V;IPFV;NFIN;NOM(FEM;2,SG)	ትዞር
ዞረ	V;PFV;NOM(1,SG)	ዞርኩ
ዞረ	V;PFV;NOM(3,PL)	ዞርተዋል
ዞረ	V;PFV;NOM(MASC;2,SG)	ዞረህ
ዞረ	V;PRF;NOM(FEM;2,SG)	ዞራለሻል
ዞረ	V;PRF;NOM(MASC;2,SG)	ዞርተሀል
ዞረ	V;PRF;NOM(MASC;3,SG)	ዞራለች
ደመደመ	V.CVB;NOM(1,PL)	ደመድምን
ደመደመ	V.CVB;NOM(1,SG)	ደመድምኩ
ደመደመ	V.CVB;NOM(FEM;2,SG)	ደመድምሽ
ደመደመ	V;IMP;NOM(1,PL)	እንደመድም
ደመደመ	V;IMP;NOM(1,SG)	ልደመድም
ደመደመ	V;IMP;NOM(FEM;3,SG)	ትደምድም
ደመደመ	V;IMP;NOM(MASC;3,SG)	ይደመድም
ደመደመ	V;IPFV;NFIN;NOM(2,PL)	ትደመድም
ደመደመ	V;IPFV;NOM(1,PL)	እንደመደማለን
ደመደመ	V;IPFV;NOM(FEM;3,SG)	ትደመደማለች
ደመደመ	V;PFV;NOM(FEM;2,SG)	ደመደምሽ
ደመደመ	V;PFV;NOM(MASC;2,SG)	ደመደምህ
ደመደመ	V;PRF;NOM(2,PL)	ደመድማችኋል
ደኅንነት	N;DEF;MASC	ደኅንነቱ
ደኅንነት	N;DEF;PL	ደኅንነቶቹ
ደኅንነት	N;PL;PSS(2,PL)	ደኅንነቶቻችሁ
ደኅንነት	N;PL;PSS(2,SG,FEM)	ደኅንነቶችሽ
ደኅንነት	N;PL;PSS(2,SG,MASC)	ደኅንነቶችህ
ደኅንነት	N;PL;PSS(3,PL)	ደኅንነቶቻቸው
ደኅንነት	N;PL;PSS(3,SG,FEM)	ደኅንነቶቿ
ደኅንነት	N;PL;PSS(3,SG,MASC)	ደኅንነቶቹ
ደኅንነት	N;PSS(1,PL)	ደኅንነታችን
ደኅንነት	N;PSS(1,SG)	ደኅንነቴ
ደኅንነት	N;PSS(2,SG,FEM)	ደኅንነትሽ
ደኅንነት	N;PSS(3,PL)	ደኅንነታቸው
ደኅንነት	N;PSS(3,SG,FEM)	ደኅንነቷ
ደኅንነት	N;PSS(3,SG,MASC)	ደኅንነቱ
ዳር	N	ዳር
ዳር	N;DEF;MASC	ዳሩ
ዳር	N;PSS(1,PL)	ዳራችን
ዳር	N;PSS(1,SG)	ዳርሼ
ዳር	N;PSS(2,PL)	ዳራችሁ
ዳር	N;PSS(2,SG,FEM)	ዳርሽ
ዳር	N;PSS(2,SG,FORM)	ዳርዎ
ዳር	N;PSS(2,SG,MASC)	ዳርህ
ዳር	N;PSS(3,PL)	ዳራቸው
ዳር	N;PSS(3,SG,FEM)	ዳሩ
ዳር	N;PSS(3,SG,MASC)	ዳሩ
ድርጅት	N;DEF;MASC	ድርጅቱ
ድርጅት	N;DEF;PL	ድርጅቶቹ
ድርጅት	N;PL	ድርጅቶች
ድርጅት	N;PL;PSS(1,PL)	ድርጅቶቻችን
ድርጅት	N;PL;PSS(1,SG)	ድርጅቶቼ
ድርጅት	N;PL;PSS(2,PL)	ድርጅቶቻችሁ
ድርጅት	N;PL;PSS(2,SG,FEM)	ድርጅቶችሽ
ድርጅት	N;PL;PSS(2,SG,FORM)	ድርጅቶችዎ
ድርጅት	N;PL;PSS(3,PL)	ድርጅቶቻቸው
ድርጅት	N;PSS(2,PL)	ድርጅታችሁ
ድርጅት	N;PSS(2,SG,FEM)	ድርጅትሽ
ድርጅት	N;PSS(3,PL)	ድርጅታቸው
ድርጅት	N;PSS(3,SG,FEM)	ድርጅቷ
ድርጅት	N;PSS(3,SG,MASC)	ድርጅቱ
ድፍረት	N	ድፍረት
ድፍረት	N;DEF;MASC	ድፍረቱ
ዶክተር	N	ዶክተር
ዶክተር	N;DEF;MASC	ዶክተሩ
ዶክተር	N;DEF;PL	ዶክተሮቹ
ዶክተር	N;PL	ዶክተሮች
ጀግንነት	N	ጀግንነት
ጀግንነት	N;DEF;MASC	ጀግንነቱ
ጀግንነት	N;PSS(1,PL)	ጀግንነታችን
ጀግንነት	N;PSS(1,SG)	ጀግንነቴ
ጀግንነት	N;PSS(2,PL)	ጀግንነታችሁ
ጀግንነት	N;PSS(2,SG,FEM)	ጀግንነትሽ
ጀግንነት	N;PSS(2,SG,FORM)	ጀግንነትዎ
ጀግንነት	N;PSS(2,SG,MASC)	ጀግንነትህ
ጀግንነት	N;PSS(3,PL)	ጀግንነታቸው
ጀግንነት	N;PSS(3,SG,FEM)	ጀግንነቷ
ጀግንነት	N;PSS(3,SG,MASC)	ጀግንነቱ
ገዳም	N	ገዳም
ገዳም	N;DEF;MASC	ገዳሙ
ገዳም	N;DEF;PL	ገዳሞቹ
ገዳም	N;PL	ገዳሞች
ግሩም	ADJ	ግሩም
ግሩም	ADJ;DEF;FEM	ግሩሙ
ግሩም	ADJ;DEF;MASC	ግሩሙ
ግብ	N	ግብ
ግብ	N;DEF;MASC	ግቡ
ግብ	N;DEF;PL	ግቦቹ
ግብ	N;PL;PSS(1,PL)	ግቦቻችን
ግብ	N;PL;PSS(2,SG,FEM)	ግቦችሽ
ግብ	N;PL;PSS(2,SG,MASC)	ግቦችህ
ግብ	N;PL;PSS(3,PL)	ግቦቻቸው
ግብ	N;PSS(1,PL)	ግባችን
ግብ	N;PSS(1,SG)	ግቦቼ
ግብ	N;PSS(2,PL)	ግባችሁ
ግብ	N;PSS(2,SG,FEM)	ግብሽ
ግብ	N;PSS(2,SG,FORM)	ግብዎ
ግብ	N;PSS(2,SG,MASC)	ግብህ
ግብ	N;PSS(3,SG,MASC)	ግቦ
ግብር	N;DEF;MASC	ግብሩ
ግብር	N;DEF;PL	ግብሮቹ
ግብር	N;PL;PSS(1,SG)	ግብሮቼ
ግብር	N;PL;PSS(2,PL)	ግብሮቻችሁ
ግብር	N;PL;PSS(2,SG,MASC)	ግብሮችህ
ግብር	N;PL;PSS(3,SG,FEM)	ግብሮቿ
ግብር	N;PL;PSS(3,SG,MASC)	ግብሮቹ
ግብር	N;PSS(1,PL)	ግብራችን
ግብር	N;PSS(2,PL)	ግብራችሁ
ግብር	N;PSS(2,SG,FEM)	ግብርሽ
ግብር	N;PSS(2,SG,FORM)	ግብርዎ
ግብር	N;PSS(2,SG,MASC)	ግብርህ
ግብር	N;PSS(3,SG,FEM)	ግብሩ
ግብር	N;PSS(3,SG,MASC)	ግብሩ
ጠላት	N	ጠላት
ጠላት	N;DEF;FEM	ጠላቱ
ጠላት	N;DEF;MASC	ጠላቱ
ጠላት	N;DEF;PL	ጠላቶቹ
ጠላት	N;PL	ጠላቶች
ጠላት	N;PL;PSS(1,PL)	ጠላቶቻችን
ጠላት	N;PL;PSS(2,SG,FORM)	ጠላቶችዎ
ጠላት	N;PL;PSS(2,SG,MASC)	ጠላቶችህ
ጠላት	N;PL;PSS(3,SG,FEM)	ጠላቶቿ
ጠላት	N;PSS(1,PL)	ጠላታችን
ጠላት	N;PSS(1,SG)	ጠላቴ
ጠላት	N;PSS(2,SG,FEM)	ጠላትሽ
ጠላት	N;PSS(2,SG,FORM)	ጠላትዎ
ጠላት	N;PSS(3,SG,MASC)	ጠላቱ
ጠቆመ	V.CVB;NOM(MASC;2,SG)	ጠቆምህ
ጠቆመ	V.CVB;NOM(MASC;3,SG)	ጠቆም
ጠቆመ	V;IMP;NOM(1,PL)	እንጠቆም
ጠቆመ	V;IMP;NOM(3,PL)	ይጠቆም
ጠቆመ	V;IPFV;NFIN;NOM(1,SG)	እጠቆም
ጠቆመ	V;IPFV;NFIN;NOM(MASC;3,SG)	ይጠቆም
ጠቆመ	V;IPFV;NOM(1,PL)	እንጠቆማለን
ጠቆመ	V;IPFV;NOM(1,SG)	እጠቆማለሁ
ጠቆመ	V;IPFV;NOM(3,PL)	ይጠቆማሉ
ጠቆመ	V;IPFV;NOM(MASC;3,SG)	ይጠቆማል
ጠቆመ	V;PFV;NOM(1,PL)	ጠቆምን
ጠቆመ	V;PFV;NOM(1,SG)	ጠቆምኩ
ጠቆመ	V;PRF;NOM(3,PL)	ጠቆምተዋል
ጠቆመ	V;PRF;NOM(FEM;3,SG)	ጠቆማለች
ጣሰ	V.CVB;NOM(FEM;2,SG)	ጣሰሽ
ጣሰ	V.CVB;NOM(MASC;2,SG)	ጣስህ
ጣሰ	V;IMP;NOM(MASC;2,SG)	ጥስ
ጣሰ	V;IMP;NOM(MASC;3,SG)	ይጣስ
ጣሰ	V;IPFV;NFIN;NOM(1,PL)	እንጣስ
ጣሰ	V;IPFV;NFIN;NOM(3,PL)	ይጣስ
ጣሰ	V;IPFV;NFIN;NOM(MASC;2,SG)	ትጣስ
ጣሰ	V;IPFV;NOM(1,PL)	እንጣሳለን
ጣሰ	V;IPFV;NOM(3,PL)	ይጣሳሉ
ጣሰ	V;IPFV;NOM(FEM;2,SG)	ትጣሳለሽ
ጣሰ	V;IPFV;NOM(MASC;3,SG)	ይጣሳል
ጣሰ	V;PFV;NOM(MASC;3,SG)	ጣሰ
ጣሰ	V;PRF;NOM(1,PL)	ጣሳችኋል
ጣፋጭ	ADJ	ጣፋጭ
ጣፋጭ	ADJ;DEF;FEM	ጣፋጩ
ጣፋጭ	ADJ;DEF;MASC	ጣፋጩ
ጣፋጭ	ADJ;DEF;PL	ጣፋጮቹ
ጣፋጭ	ADJ;PL	ጣፋጮቹ
ጥቅስ	N	ጥቅስ
ጥቅስ	N;DEF;MASC	ጥቅሱ
ጥቅስ	N;DEF;PL	ጥቅሶቹ
ጥቅስ	N;PL	ጥቅሶች
ጥብቅ	ADJ	ጥብቆ
ጥብቅ	ADJ;DEF;FEM	ጥብቆ
ጥብቅ	ADJ;DEF;MASC	ጥብቁ
ጥብቅ	ADJ;DEF;PL	ጥብቆቹ
ጥብቅ	ADJ;PL	ጥብቆቹ
ጭንቀት	N	ጭንቀት
ጭንቀት	N;DEF;MASC	ጭንቀቱ
ጭንቀት	N;PSS(1,PL)	ጭንቀታችን
ጭንቀት	N;PSS(1,SG)	ጭንቀቴ
ጭንቀት	N;PSS(2,PL)	ጭንቀታችሁ
ጭንቀት	N;PSS(2,SG,FEM)	ጭንቀትሽ
ጭንቀት	N;PSS(2,SG,FORM)	ጭንቀትዎ
ጭንቀት	N;PSS(2,SG,MASC)	ጭንቀትህ
ጭንቀት	N;PSS(3,PL)	ጭንቀታቸው
ጭንቀት	N;PSS(3,SG,FEM)	ጭንቀቷ
ጭንቀት	N;PSS(3,SG,MASC)	ጭንቀቱ
ጸደቀ	V.CVB;NOM(MASC;3,SG)	ጸድቀ
ጸደቀ	V.MSDR	መጸደቅ
ጸደቀ	V;IMP;NOM(MASC;3,SG)	ይጸድቅ
ጸደቀ	V;IPFV;NFIN;NOM(MASC;3,SG)	ይጸድቅ
ጸደቀ	V;IPFV;NOM(MASC;3,SG)	ይጸደቃል
ጸደቀ	V;PFV;NOM(MASC;3,SG)	ጸደቀ
ጸደቀ	V;PRF;NOM(MASC;3,SG)	ጸድቃለች
ፕላኔት	N	ፕላኔት
ፕላኔት	N;DEF;FEM	ፕላኔቱ
ፕላኔት	N;DEF;MASC	ፕላኔቱ
ፕላኔት	N;DEF;PL	ፕላኔቶቹ
ፕሬስ	N	ፕሬስ
ፕሬስ	N;DEF;MASC	ፕሬሱ
ፕሬስ	N;DEF;PL	ፕሬሶቹ
ፕሬስ	N;PL	ፕሬሶች
accuracy:0.656