narzãdzôcz	N;NOM(PL)	narzãdzôcze
narzãdzôcz	N;DAT(PL)	narzãdzôczom
narzãdzôcz	N;VOC(SG)	narzãdzôczu
narzãdzôcz	N;INS(PL)	narzãdzôczami
narzãdzôcz	N;ESS(SG)	narzãdzôczu
narzãdzôcz	N;DAT(SG)	narzãdzôczoju
narzãdzôcz	N;GEN(SG)	narzãdzôcza
narzãdzôcz	N;ESS(PL)	narzãdzôczach
narzãdzôcz	N;GEN(PL)	narzãdzôczow
narzãdzôcz	N;INS(SG)	narzãdzôczem
narzãdzôcz	N;ACC(PL)	narzãdzôcze
narzãdzôcz	N;ACC(SG)	narzãdzôcz
narzãdzôcz	N;NOM(SG)	narzãdzôcz
narzãdzôcz	N;VOC(PL)	narzãdzôcze
Jastrë	N;VOC(PL)	Jastrë
Jastrë	N;ESS(PL)	Jastrach
Jastrë	N;DAT(PL)	Jastram
Jastrë	N;GEN(PL)	Jastrow
Jastrë	N;ACC(PL)	Jastrë
Jastrë	N;ACC(PL)	Jastrë
Jastrë	N;NOM(PL)	Jastrë
pòniedzôłk	N;NOM(PL)	pòniedzôłki
pòniedzôłk	N;DAT(PL)	pòniedzôłkom
pòniedzôłk	N;VOC(SG)	pòniedzôłku
pòniedzôłk	N;INS(PL)	pòniedzôłkami
pòniedzôłk	N;ESS(SG)	pòniedzôłku
pòniedzôłk	N;DAT(SG)	pòniedzôłkowi
pòniedzôłk	N;GEN(SG)	pòniedzôłka
pòniedzôłk	N;ESS(PL)	pòniedzôłkach
pòniedzôłk	N;GEN(PL)	pòniedzôłków
pòniedzôłk	N;INS(SG)	pòniedzôłkiem
pòniedzôłk	N;ACC(PL)	pòniedzôłki
pòniedzôłk	N;ACC(SG)	pòniedzôłk
pòniedzôłk	N;NOM(SG)	pòniedzôłk
pòniedzôłk	N;VOC(PL)	pòniedzôłki
pùjk	N;NOM(PL)	pùjki
pùjk	N;DAT(PL)	pùjkam
pùjk	N;VOC(SG)	pùjku
pùjk	N;INS(PL)	pùjkami
pùjk	N;ESS(SG)	pùjku
pùjk	N;DAT(SG)	pùjkoju
pùjk	N;GEN(SG)	pùjka
pùjk	N;ESS(PL)	pùjkach
pùjk	N;GEN(PL)	pùjkow
pùjk	N;INS(SG)	pùjkom
pùjk	N;ACC(PL)	pùjki
pùjk	N;ACC(SG)	pùjk
pùjk	N;NOM(SG)	pùjk
pùjk	N;VOC(PL)	pùjki
môlnik	N;NOM(PL)	môlniki
môlnik	N;DAT(PL)	môlnikom
môlnik	N;VOC(SG)	môlniku
môlnik	N;INS(PL)	môlnikami
môlnik	N;ESS(SG)	môlniku
môlnik	N;DAT(SG)	môlnikoju
môlnik	N;GEN(SG)	môlnika
môlnik	N;ESS(PL)	môlnikach
môlnik	N;GEN(PL)	môlnikow
môlnik	N;INS(SG)	môlnikom
môlnik	N;ACC(PL)	môlniki
môlnik	N;ACC(SG)	môlnik
môlnik	N;NOM(SG)	môlnik
môlnik	N;VOC(PL)	môlniki
wòłiwôcz	N;NOM(PL)	wòłiwôcze
wòłiwôcz	N;DAT(PL)	wòłiwôczam
wòłiwôcz	N;VOC(SG)	wòłiwôczu
wòłiwôcz	N;INS(PL)	wòłiwôczami
wòłiwôcz	N;ESS(SG)	wòłiwôczu
wòłiwôcz	N;DAT(SG)	wòłiwôczoju
wòłiwôcz	N;GEN(SG)	wòłiwôcza
wòłiwôcz	N;ESS(PL)	wòłiwôczach
wòłiwôcz	N;GEN(PL)	wòłiwôczow
wòłiwôcz	N;INS(SG)	wòłiwôczem
wòłiwôcz	N;ACC(PL)	wòłiwôcze
wòłiwôcz	N;ACC(SG)	wòłiwôcz
wòłiwôcz	N;NOM(SG)	wòłiwôcz
wòłiwôcz	N;VOC(PL)	wòłiwôcze
łżëkwiôt	N;NOM(PL)	łżëkwiôty
łżëkwiôt	N;DAT(PL)	łżëkwiôtam
łżëkwiôt	N;VOC(SG)	łżëkwiôto
łżëkwiôt	N;INS(PL)	łżëkwiôtami
łżëkwiôt	N;ESS(SG)	łżëkwiotu
łżëkwiôt	N;DAT(SG)	łżëkwiôtoju
łżëkwiôt	N;GEN(SG)	łżëkwiôta
łżëkwiôt	N;ESS(PL)	łżëkwiôtach
łżëkwiôt	N;GEN(PL)	łżëkwiotow
łżëkwiôt	N;INS(SG)	łżëkwiôtem
łżëkwiôt	N;ACC(PL)	łżëkwiôty
łżëkwiôt	N;ACC(SG)	łżëkwiôt
łżëkwiôt	N;NOM(SG)	łżëkwiôt
łżëkwiôt	N;VOC(PL)	łżëkwiôty
lëstopadnik	N;NOM(PL)	lëstopadniki
lëstopadnik	N;DAT(PL)	lëstopadnikam
lëstopadnik	N;VOC(SG)	lëstopadniku
lëstopadnik	N;INS(PL)	lëstopadnikami
lëstopadnik	N;ESS(SG)	lëstopadniku
lëstopadnik	N;DAT(SG)	lëstopadnikoju
lëstopadnik	N;GEN(SG)	lëstopadnika
lëstopadnik	N;ESS(PL)	lëstopadnikach
lëstopadnik	N;GEN(PL)	lëstopadników
lëstopadnik	N;INS(SG)	lëstopadnikom
lëstopadnik	N;ACC(PL)	lëstopadniki
lëstopadnik	N;ACC(SG)	lëstopadnik
lëstopadnik	N;NOM(SG)	lëstopadnik
lëstopadnik	N;VOC(PL)	lëstopadniki
sobòta	N;NOM(PL)	sobòty
sobòta	N;DAT(PL)	sobòtam
sobòta	N;VOC(SG)	sobòto
sobòta	N;INS(PL)	sobòtami
sobòta	N;ESS(SG)	sobòce
sobòta	N;DAT(SG)	sobòtje
sobòta	N;GEN(SG)	sobòty
sobòta	N;ESS(PL)	sobòtach
sobòta	N;GEN(PL)	sobòtow
sobòta	N;INS(SG)	sobòtu
sobòta	N;ACC(PL)	sobòty
sobòta	N;ACC(SG)	sobòtu
sobòta	N;NOM(SG)	sobòta
sobòta	N;VOC(PL)	sobòty
kóń	N;NOM(PL)	kónje
kóń	N;DAT(PL)	kónjam
kóń	N;VOC(SG)	kónju
kóń	N;INS(PL)	kónjami
kóń	N;ESS(SG)	kónju
kóń	N;DAT(SG)	kónjoju
kóń	N;GEN(SG)	kónja
kóń	N;ESS(PL)	kónjach
kóń	N;GEN(PL)	kónjow
kóń	N;INS(SG)	kónjem
kóń	N;ACC(PL)	kónje
kóń	N;ACC(SG)	kónj
kóń	N;NOM(SG)	kóń
kóń	N;VOC(PL)	kónje
nazéwôcz	N;NOM(PL)	nazéwôcze
nazéwôcz	N;DAT(PL)	nazéwôczam
nazéwôcz	N;VOC(SG)	nazéwôczu
nazéwôcz	N;INS(PL)	nazéwôczami
nazéwôcz	N;ESS(SG)	nazéwôczu
nazéwôcz	N;DAT(SG)	nazéwôczoju
nazéwôcz	N;GEN(SG)	nazéwôcza
nazéwôcz	N;ESS(PL)	nazéwôczach
nazéwôcz	N;GEN(PL)	nazéwôczow
nazéwôcz	N;INS(SG)	nazéwôczem
nazéwôcz	N;ACC(PL)	nazéwôcze
nazéwôcz	N;ACC(SG)	nazéwôcz
nazéwôcz	N;NOM(SG)	nazéwôcz
nazéwôcz	N;VOC(PL)	nazéwôcze
piątk	N;NOM(PL)	piątki
piątk	N;DAT(PL)	piątkom
piątk	N;VOC(SG)	piątku
piątk	N;INS(PL)	piątkami
piątk	N;ESS(SG)	piątku
piątk	N;DAT(SG)	piątkowi
piątk	N;GEN(SG)	piątka
piątk	N;ESS(PL)	piątkach
piątk	N;GEN(PL)	piątków
piątk	N;INS(SG)	piątkiem
piątk	N;ACC(PL)	piątki
piątk	N;ACC(SG)	piątk
piątk	N;NOM(SG)	piątk
piątk	N;VOC(PL)	piątki
rënk	N;NOM(PL)	rënki
rënk	N;DAT(PL)	rënkam
rënk	N;VOC(SG)	rënku
rënk	N;INS(PL)	rënkami
rënk	N;ESS(SG)	rënku
rënk	N;DAT(SG)	rënkoju
rënk	N;GEN(SG)	rënka
rënk	N;ESS(PL)	rënkach
rënk	N;GEN(PL)	rënkow
rënk	N;INS(SG)	rënkom
rënk	N;ACC(PL)	rënki
rënk	N;ACC(SG)	rënk
rënk	N;NOM(SG)	rënk
rënk	N;VOC(PL)	rënki
wtórk	N;NOM(PL)	wtórki
wtórk	N;DAT(PL)	wtórkam
wtórk	N;VOC(SG)	wtórku
wtórk	N;INS(PL)	wtórkami
wtórk	N;ESS(SG)	wtórku
wtórk	N;DAT(SG)	wtórkoju
wtórk	N;GEN(SG)	wtórka
wtórk	N;ESS(PL)	wtórkach
wtórk	N;GEN(PL)	wtórków
wtórk	N;INS(SG)	wtórkiem
wtórk	N;ACC(PL)	wtórki
wtórk	N;ACC(SG)	wtórk
wtórk	N;NOM(SG)	wtórk
wtórk	N;VOC(PL)	wtórki
winowôcz	N;NOM(PL)	winowôcze
winowôcz	N;DAT(PL)	winowôczam
winowôcz	N;VOC(SG)	winowôczu
winowôcz	N;INS(PL)	winowôczami
winowôcz	N;ESS(SG)	winowôczu
winowôcz	N;DAT(SG)	winowôczoju
winowôcz	N;GEN(SG)	winowôcza
winowôcz	N;ESS(PL)	winowôczach
winowôcz	N;GEN(PL)	winowôczow
winowôcz	N;INS(SG)	winowôczem
winowôcz	N;ACC(PL)	winowôcze
winowôcz	N;ACC(SG)	winowôcz
winowôcz	N;NOM(SG)	winowôcz
winowôcz	N;VOC(PL)	winowôcze
òjc	N;NOM(PL)	òjcy
òjc	N;DAT(PL)	òjcam
òjc	N;VOC(SG)	òjco
òjc	N;INS(PL)	òjcami
òjc	N;ESS(SG)	òjcje
òjc	N;DAT(SG)	òjcoju
òjc	N;GEN(SG)	òjca
òjc	N;ESS(PL)	òjcach
òjc	N;GEN(PL)	òjcow
òjc	N;INS(SG)	òjcom
òjc	N;INS(SG)	òjcom
òjc	N;ACC(PL)	òjcy
òjc	N;ACC(SG)	òjc
òjc	N;NOM(SG)	òjc
òjc	N;VOC(PL)	òjcy
latawiskò	N;NOM(PL)	latawisków
latawiskò	N;DAT(PL)	latawiskom
latawiskò	N;VOC(SG)	latawisko
latawiskò	N;INS(PL)	latawiskomi
latawiskò	N;ESS(SG)	latawisku
latawiskò	N;DAT(SG)	latawiskoju
latawiskò	N;GEN(SG)	latawiskowa
latawiskò	N;ESS(PL)	latawiskach
latawiskò	N;GEN(PL)	latawiskow
latawiskò	N;INS(SG)	latawiskom
latawiskò	N;ACC(PL)	latawisków
latawiskò	N;ACC(SG)	latawiskò
latawiskò	N;NOM(SG)	latawiskò
latawiskò	N;VOC(PL)	latawisków
Jastra	N;VOC(PL)	Jastry
Jastra	N;ESS(PL)	Jastrach
Jastra	N;DAT(PL)	Jastram
Jastra	N;GEN(PL)	Jastrow
Jastra	N;ACC(PL)	Jastry
Jastra	N;ACC(PL)	Jastry
Jastra	N;NOM(PL)	Jastry
czerwińc	N;NOM(PL)	czerwińce
czerwińc	N;DAT(PL)	czerwińcam
czerwińc	N;VOC(SG)	czerwińcu
czerwińc	N;INS(PL)	czerwińcami
czerwińc	N;ESS(SG)	czerwińcu
czerwińc	N;DAT(SG)	czerwińcowi
czerwińc	N;GEN(SG)	czerwińca
czerwińc	N;ESS(PL)	czerwińcach
czerwińc	N;GEN(PL)	czerwińców
czerwińc	N;INS(SG)	czerwińcem
czerwińc	N;ACC(PL)	czerwińce
czerwińc	N;ACC(SG)	czerwińc
czerwińc	N;NOM(SG)	czerwińc
czerwińc	N;VOC(PL)	czerwińce
rujan	N;NOM(PL)	rujany
rujan	N;DAT(PL)	rujanam
rujan	N;VOC(SG)	rujanie
rujan	N;INS(PL)	rujanami
rujan	N;ESS(SG)	rujanie
rujan	N;DAT(SG)	rujanowi
rujan	N;GEN(SG)	rujana
rujan	N;ESS(PL)	rujanach
rujan	N;GEN(PL)	rujanów
rujan	N;INS(SG)	rujanem
rujan	N;ACC(PL)	rujany
rujan	N;ACC(SG)	rujan
rujan	N;NOM(SG)	rujan
rujan	N;VOC(PL)	rujany
dôwôcz	N;NOM(PL)	dôwôcze
dôwôcz	N;DAT(PL)	dôwôczom
dôwôcz	N;VOC(SG)	dôwôczu
dôwôcz	N;INS(PL)	dôwôczami
dôwôcz	N;ESS(SG)	dôwôczu
dôwôcz	N;DAT(SG)	dôwôczowi
dôwôcz	N;GEN(SG)	dôwôcza
dôwôcz	N;ESS(PL)	dôwôczach
dôwôcz	N;GEN(PL)	dôwôczow
dôwôcz	N;INS(SG)	dôwôczem
dôwôcz	N;ACC(PL)	dôwôcze
dôwôcz	N;ACC(SG)	dôwôcz
dôwôcz	N;NOM(SG)	dôwôcz
dôwôcz	N;VOC(PL)	dôwôcze
serce	N;NOM(PL)	serce
serce	N;DAT(PL)	sercom
serce	N;VOC(SG)	sercu
serce	N;INS(PL)	sercami
serce	N;ESS(SG)	sercu
serce	N;ESS(SG)	sercu
serce	N;DAT(SG)	sercowi
serce	N;GEN(SG)	serca
serce	N;ESS(PL)	sercach
serce	N;GEN(PL)	serców
serce	N;GEN(PL)	serców
serce	N;INS(SG)	sercem
serce	N;INS(SG)	sercem
serce	N;ACC(PL)	serce
serce	N;ACC(SG)	serce
serce	N;NOM(SG)	serce
serce	N;VOC(PL)	serce
lëpinc	N;NOM(PL)	lëpince
lëpinc	N;DAT(PL)	lëpincam
lëpinc	N;VOC(SG)	lëpincu
lëpinc	N;INS(PL)	lëpincami
lëpinc	N;ESS(SG)	lëpincu
lëpinc	N;DAT(SG)	lëpincoju
lëpinc	N;GEN(SG)	lëpinca
lëpinc	N;ESS(PL)	lëpincach
lëpinc	N;GEN(PL)	lëpinców
lëpinc	N;INS(SG)	lëpincem
lëpinc	N;ACC(PL)	lëpince
lëpinc	N;ACC(SG)	lëpinc
lëpinc	N;NOM(SG)	lëpinc
lëpinc	N;VOC(PL)	lëpincy
séwnik	N;NOM(PL)	séwniki
séwnik	N;DAT(PL)	séwnikom
séwnik	N;VOC(SG)	séwniku
séwnik	N;INS(PL)	séwnikami
séwnik	N;ESS(SG)	séwniku
séwnik	N;DAT(SG)	séwnikowi
séwnik	N;GEN(SG)	séwnika
séwnik	N;ESS(PL)	séwnikach
séwnik	N;GEN(PL)	séwników
séwnik	N;INS(SG)	séwnikiem
séwnik	N;ACC(PL)	séwniki
séwnik	N;ACC(SG)	séwnik
séwnik	N;NOM(SG)	séwnik
séwnik	N;VOC(PL)	séwniki
zélnik	N;NOM(PL)	zélniki
zélnik	N;DAT(PL)	zélnikom
zélnik	N;VOC(SG)	zélniku
zélnik	N;INS(PL)	zélnikami
zélnik	N;ESS(SG)	zélniku
zélnik	N;DAT(SG)	zélnikoju
zélnik	N;GEN(SG)	zélnika
zélnik	N;ESS(PL)	zélnikach
zélnik	N;GEN(PL)	zélników
zélnik	N;INS(SG)	zélnikom
zélnik	N;ACC(PL)	zélniki
zélnik	N;ACC(SG)	zélnik
zélnik	N;NOM(SG)	zélnik
zélnik	N;VOC(PL)	zélniki
stëcznik	N;NOM(PL)	stëczniki
stëcznik	N;DAT(PL)	stëcznikom
stëcznik	N;VOC(SG)	stëczniku
stëcznik	N;INS(PL)	stëcznikami
stëcznik	N;ESS(SG)	stëczniku
stëcznik	N;DAT(SG)	stëcznikowi
stëcznik	N;GEN(SG)	stëcznika
stëcznik	N;ESS(PL)	stëcznikach
stëcznik	N;GEN(PL)	stëczników
stëcznik	N;INS(SG)	stëcznikiem
stëcznik	N;ACC(PL)	stëczniki
stëcznik	N;ACC(SG)	stëcznik
stëcznik	N;NOM(SG)	stëcznik
stëcznik	N;VOC(PL)	stëczniki
strzoda	N;NOM(PL)	strzody
strzoda	N;DAT(PL)	strzodom
strzoda	N;VOC(SG)	strzodo
strzoda	N;INS(PL)	strzodami
strzoda	N;ESS(SG)	strzodzie
strzoda	N;DAT(SG)	strzodzie
strzoda	N;GEN(SG)	strzody
strzoda	N;ESS(PL)	strzodach
strzoda	N;GEN(PL)	strzod
strzoda	N;INS(SG)	strzodą
strzoda	N;ACC(PL)	strzody
strzoda	N;ACC(SG)	strzodę
strzoda	N;NOM(SG)	strzoda
strzoda	N;VOC(PL)	strzody
môj	N;NOM(PL)	môje
môj	N;DAT(PL)	môjam
môj	N;VOC(SG)	môju
môj	N;INS(PL)	môjami
môj	N;ESS(SG)	môju
môj	N;DAT(SG)	môjoju
môj	N;GEN(SG)	môja
môj	N;ESS(PL)	môjach
môj	N;GEN(PL)	môjow
môj	N;INS(SG)	môjom
môj	N;ACC(PL)	môje
môj	N;ACC(SG)	môj
môj	N;NOM(SG)	môj
môj	N;VOC(PL)	môje
strumiannik	N;NOM(PL)	strumianniki
strumiannik	N;DAT(PL)	strumiannikom
strumiannik	N;VOC(SG)	strumianniku
strumiannik	N;INS(PL)	strumiannikami
strumiannik	N;ESS(SG)	strumianniku
strumiannik	N;DAT(SG)	strumiannikowi
strumiannik	N;GEN(SG)	strumiannika
strumiannik	N;ESS(PL)	strumiannikach
strumiannik	N;GEN(PL)	strumianników
strumiannik	N;INS(SG)	strumiannikiem
strumiannik	N;ACC(PL)	strumianniki
strumiannik	N;ACC(SG)	strumiannik
strumiannik	N;NOM(SG)	strumiannik
strumiannik	N;VOC(PL)	strumianniki
tidzéń	N;NOM(PL)	tidzenie
tidzéń	N;DAT(PL)	tidzénjom
tidzéń	N;VOC(SG)	tidzeniu
tidzéń	N;INS(PL)	tidzénjami
tidzéń	N;ESS(SG)	tidzeniu
tidzéń	N;DAT(SG)	tidzenjoju
tidzéń	N;GEN(SG)	tidzenia
tidzéń	N;ESS(PL)	tidzénjach
tidzéń	N;GEN(PL)	tidzenjow
tidzéń	N;INS(SG)	tidzéniem
tidzéń	N;ACC(PL)	tidzénie
tidzéń	N;ACC(SG)	tidzéń
tidzéń	N;NOM(SG)	tidzéń
tidzéń	N;VOC(PL)	tidzenie
czwôrtk	N;NOM(PL)	czwôrtki
czwôrtk	N;DAT(PL)	czwôrtkom
czwôrtk	N;VOC(SG)	czwôrtku
czwôrtk	N;INS(PL)	czwôrtkami
czwôrtk	N;ESS(SG)	czwôrtku
czwôrtk	N;DAT(SG)	czwôrtkowi
czwôrtk	N;GEN(SG)	czwôrtka
czwôrtk	N;ESS(PL)	czwôrtkach
czwôrtk	N;GEN(PL)	czwôrtków
czwôrtk	N;INS(SG)	czwôrtkiem
czwôrtk	N;ACC(PL)	czwôrtki
czwôrtk	N;ACC(SG)	czwôrtk
czwôrtk	N;NOM(SG)	czwôrtk
czwôrtk	N;VOC(PL)	czwôrtki
kòt	N;NOM(PL)	kòty
kòt	N;DAT(PL)	kòtam
kòt	N;VOC(SG)	kòto
kòt	N;INS(PL)	kòtami
kòt	N;ESS(SG)	kòtje
kòt	N;DAT(SG)	kòtoju
kòt	N;DAT(SG)	kòtoju
kòt	N;GEN(SG)	kòta
kòt	N;ESS(PL)	kòtach
kòt	N;GEN(PL)	kòtow
kòt	N;INS(SG)	kòtem
kòt	N;ACC(PL)	kòty
kòt	N;ACC(SG)	kòt
kòt	N;NOM(SG)	kòt
kòt	N;VOC(PL)	kòty
gromicznik	N;NOM(PL)	gromiczniki
gromicznik	N;DAT(PL)	gromicznikom
gromicznik	N;VOC(SG)	gromiczniku
gromicznik	N;INS(PL)	gromicznikami
gromicznik	N;ESS(SG)	gromiczniku
gromicznik	N;DAT(SG)	gromicznikowi
gromicznik	N;GEN(SG)	gromicznika
gromicznik	N;ESS(PL)	gromicznikach
gromicznik	N;GEN(PL)	gromiczników
gromicznik	N;INS(SG)	gromicznikiem
gromicznik	N;ACC(PL)	gromiczniki
gromicznik	N;ACC(SG)	gromicznik
gromicznik	N;NOM(SG)	gromicznik
gromicznik	N;VOC(PL)	gromiczniki
rodzôcz	N;NOM(PL)	rodzôcze
rodzôcz	N;DAT(PL)	rodzôczom
rodzôcz	N;VOC(SG)	rodzôczu
rodzôcz	N;INS(PL)	rodzôczami
rodzôcz	N;ESS(SG)	rodzôczu
rodzôcz	N;DAT(SG)	rodzôczowi
rodzôcz	N;GEN(SG)	rodzôcza
rodzôcz	N;ESS(PL)	rodzôczach
rodzôcz	N;GEN(PL)	rodzôczow
rodzôcz	N;INS(SG)	rodzôczem
rodzôcz	N;ACC(PL)	rodzôcze
rodzôcz	N;ACC(SG)	rodzôcz
rodzôcz	N;NOM(SG)	rodzôcz
rodzôcz	N;VOC(PL)	rodzôcze
niedzela	N;NOM(PL)	niedzele
niedzela	N;DAT(PL)	niedzelom
niedzela	N;VOC(SG)	niedzelo
niedzela	N;INS(PL)	niedzelami
niedzela	N;ESS(SG)	niedzeli
niedzela	N;DAT(SG)	niedzeli
niedzela	N;GEN(SG)	niedzeli
niedzela	N;ESS(PL)	niedzelach
niedzela	N;GEN(PL)	niedzel
niedzela	N;INS(SG)	niedzelą
niedzela	N;ACC(PL)	niedzele
niedzela	N;ACC(SG)	niedzelę
niedzela	N;NOM(SG)	niedzela
niedzela	N;VOC(PL)	niedzele
gòdnik	N;NOM(PL)	gòdniki
gòdnik	N;DAT(PL)	gòdnikom
gòdnik	N;VOC(SG)	gòdniku
gòdnik	N;INS(PL)	gòdnikami
gòdnik	N;ESS(SG)	gòdniku
gòdnik	N;DAT(SG)	gòdnikoju
gòdnik	N;GEN(SG)	gòdnika
gòdnik	N;ESS(PL)	gòdnikach
gòdnik	N;GEN(PL)	gòdników
gòdnik	N;INS(SG)	gòdnikiem
gòdnik	N;ACC(PL)	gòdniki
gòdnik	N;ACC(SG)	gòdnik
gòdnik	N;NOM(SG)	gòdnik
gòdnik	N;VOC(PL)	gòdniki
stolem	N;NOM(PL)	stolemy
stolem	N;DAT(PL)	stolemom
stolem	N;VOC(SG)	stolemie
stolem	N;INS(PL)	stolemami
stolem	N;ESS(SG)	stolemie
stolem	N;DAT(SG)	stolemowi
stolem	N;GEN(SG)	stolemu
stolem	N;ESS(PL)	stolemach
stolem	N;GEN(PL)	stolemów
stolem	N;INS(SG)	stolemem
stolem	N;ACC(PL)	stolemy
stolem	N;ACC(SG)	stolem
stolem	N;NOM(SG)	stolem
stolem	N;VOC(PL)	stolemy
accuracy:0.28487229862475444