plěś	V;PST;1;DU	plějachmej
plěś	V;PST;1;PL	plějachmy
plěś	V;PST;3;PL	plějachu
plěś	V;PST;2;SG	plějašo
plěś	V;PST;3;DU	plějaštej
plěś	V;PRS;1;PL	plějomy
plěś	V;PRS;2;DU	plějotej
plěś	V;PRS;3;SG	plě
plěś	V;IMP;2;PL	plějośo
plěś	V;IMP;2;DU	plějtej
cuś	V;PST;3;PL	cujachu
cuś	V;PST;1;SG	cujach
cuś	V;PST;2;PL	cujašćo
cuś	V;PST;2;DU	cujaštej
cuś	V;PST;3;DU	cujotej
cuś	V;PRS;1;DU	cujomej
cuś	V;PRS;2;PL	cujośo
cuś	V;PRS;3;DU	cujotej
cuś	V;PRS;3;SG	cujo
cuś	V;IMP;2;PL	cujśo
cuś	V;IMP;2;DU	cujtej
cuś	V;PRS;1;SG	cuju
gibanje	N;INS(PL)	gibanjami
gibanje	N;GEN(SG)	gibanja
gibanje	N;NOM(PL)	gibanja
gibanje	N;DAT(SG)	gibanju
gibanje	N;ACC(SG)	gibanje
gibanje	N;NOM(SG)	gibanje
gibanje	N;DAT(DU)	gibanjoma
gibanje	N;ESS(DU)	gibanjoma
gibanje	N;GEN(PL)	gibanjow
gibanje	N;ESS(SG)	gibanju
śańki	ADJ;NOM(SG,FEM)	śańka
śańki	ADJ;ACC(SG,NEUT)	śańke
śańki	ADJ;GEN(SG,NEUT)	śańkego
śańki	ADJ;DAT(SG,FEM)	śańkej
śańki	ADJ;NOM(DU)	śańkej
śańki	ADJ;INS(SG,FEM)	śańkeju
śańki	ADJ;DAT(SG,MASC)	śańkemu
śańki	ADJ;NOM(SG,MASC)	śańki
śańki	ADJ;ESS(PL)	śańkich
śańki	ADJ;GEN(PL)	śańkich
śańki	ADJ;DAT(DU)	śańkima
śańki	ADJ;ESS(DU)	śańkima
śańki	ADJ;INS(SG,MASC)	śańkim
cas	N;ESS(PL)	casach
cas	N;ACC(DU)	casa
cas	N;GEN(SG)	casa
cas	N;NOM(DU)	casa
cas	N;NOM(SG)	cas
cas	N;DAT(DU)	casoma
cas	N;ESS(DU)	casoma
cas	N;INS(DU)	casoma
cas	N;INS(SG)	casom
śichy	ADJ;ACC(SG,NEUT)	śiche
śichy	ADJ;ACC(PL,INAN)	śiche
śichy	ADJ;ACC(SG,MASC,ANIM)	śichego
śichy	ADJ;ACC(DU,INAN)	śichej
śichy	ADJ;DAT(SG,FEM)	śichej
śichy	ADJ;GEN(SG,FEM)	śicheje
śichy	ADJ;ACC(DU,ANIM)	śicheju
śichy	ADJ;ESS(SG,MASC)	śichem
śichy	ADJ;ESS(SG,NEUT)	śichem
śichy	ADJ;ACC(PL,ANIM)	śichych
śichy	ADJ;ESS(PL)	śichych
śichy	ADJ;ESS(DU)	śichyma
śichy	ADJ;INS(DU)	śichyma
śichy	ADJ;DAT(PL)	śichym
śichy	ADJ;INS(PL)	śichymi
gjardło	N;ACC(PL)	gjardła
gjardło	N;NOM(PL)	gjardła
gjardło	N;ESS(SG)	gjardle
gjardło	N;DAT(SG)	gjardłoju
gjardło	N;INS(SG)	gjardłom
gjardło	N;NOM(SG)	gjardło
gjardło	N;GEN(PL)	gjardłow
gjardło	N;GEN(DU)	gjardłowu
bóleś	V;PST;1;DU	bólachmej
bóleś	V;PST;3;PL	bólachu
bóleś	V;PST;1;SG	bólach
bóleś	V;PST;2;SG	bólašo
bóleś	V;PST;3;DU	bólaštej
bóleś	V;PRS;1;DU	bólemej
bóleś	V;PRS;2;PL	bóliśo
bóleś	V;PRS;2;DU	bóltej
bóleś	V;IMP;2;SG	ból
kśiwy	ADJ;NOM(SG,FEM)	kśiwa
kśiwy	ADJ;ACC(SG,NEUT)	kśiwe
kśiwy	ADJ;NOM(SG,NEUT)	kśiwe
kśiwy	ADJ;ACC(SG,MASC,ANIM)	kśiwego
kśiwy	ADJ;GEN(SG,MASC)	kśiwego
kśiwy	ADJ;ACC(DU,INAN)	kśiwej
kśiwy	ADJ;ESS(SG,FEM)	kśiwej
kśiwy	ADJ;GEN(SG,FEM)	kśiweje
kśiwy	ADJ;ACC(DU,ANIM)	kśiweju
kśiwy	ADJ;GEN(DU)	kśiweju
kśiwy	ADJ;INS(SG,FEM)	kśiweju
kśiwy	ADJ;ESS(SG,NEUT)	kśiwem
kśiwy	ADJ;DAT(SG,MASC)	kśiwemu
kśiwy	ADJ;DAT(SG,NEUT)	kśiwemu
kśiwy	ADJ;ACC(SG,FEM)	kśiwu
kśiwy	ADJ;ACC(PL,ANIM)	kśiwych
kśiwy	ADJ;ESS(PL)	kśiwych
kśiwy	ADJ;INS(DU)	kśiwyma
kśiwy	ADJ;INS(PL)	kśiwymi
sykorka	N;ACC(DU)	sykorce
sykorka	N;INS(DU)	sykorkoma
sykorka	N;GEN(DU)	sykorkowu
sykorka	N;ACC(SG)	sykorku
kawka	N;ACC(DU)	kawce
kawka	N;ESS(SG)	kawce
kawka	N;NOM(DU)	kawce
kawka	N;NOM(SG)	kawka
kawka	N;NOM(PL)	kawki
kawka	N;DAT(DU)	kawkoma
kawka	N;ESS(DU)	kawkoma
kawka	N;INS(DU)	kawkoma
kawka	N;INS(SG)	kawku
brona	N;INS(PL)	bronami
brona	N;ACC(DU)	bronje
brona	N;DAT(SG)	bronje
brona	N;NOM(DU)	bronje
brona	N;INS(DU)	bronoma
brona	N;GEN(PL)	bronow
brona	N;INS(SG)	bronu
wos	N;NOM(SG)	wos
gus	N;ESS(PL)	gusach
gus	N;INS(PL)	gusami
gus	N;DAT(PL)	gusam
gus	N;NOM(SG)	gus
gus	N;ESS(DU)	gusoma
gus	N;ACC(DU)	gusa
gus	N;DAT(SG)	gusoju
gus	N;ESS(SG)	gusje
gus	N;GEN(SG)	gusa
gus	N;NOM(PL)	gusy
wodka	N;ESS(SG)	wodce
bydlenje	N;NOM(DU)	bydlenja
bydlenje	N;INS(PL)	bydlenjami
bydlenje	N;NOM(PL)	bydlenja
bydlenje	N;DAT(SG)	bydlenju
bydlenje	N;ACC(SG)	bydlenje
bydlenje	N;DAT(DU)	bydlenjoma
bydlenje	N;INS(DU)	bydlenjoma
bydlenje	N;GEN(PL)	bydlenjow
bydlenje	N;GEN(DU)	bydlenjowu
gotowy	ADJ;ACC(DU,ANIM)	gotoweju
bobr	N;ESS(PL)	bobrach
bobr	N;DAT(PL)	bobram
bobr	N;GEN(SG)	bobra
bobr	N;NOM(SG)	bobr
bobr	N;ESS(DU)	bobroma
bobr	N;INS(DU)	bobroma
bobr	N;INS(SG)	bobrom
bobr	N;GEN(DU)	bobrowu
bobr	N;ACC(PL)	bobry
bobr	N;NOM(PL)	bobry
kupadło	N;INS(PL)	kupadłami
kupadło	N;DAT(PL)	kupadłam
kupadło	N;ACC(PL)	kupadła
kupadło	N;GEN(SG)	kupadła
kupadło	N;NOM(PL)	kupadła
kupadło	N;DAT(DU)	kupadłoma
kupadło	N;ESS(DU)	kupadłoma
kupadło	N;INS(SG)	kupadłem
kupadło	N;ACC(SG)	kupadło
kupadło	N;NOM(SG)	kupadło
kupadło	N;GEN(PL)	kupadłow
kupadło	N;GEN(DU)	kupadłowu
mech	N;ESS(SG)	mchu
módry	ADJ;GEN(PL)	módrych
jež	N;ESS(PL)	ježach
jež	N;INS(PL)	ježami
jež	N;DAT(PL)	ježam
jež	N;ACC(SG)	jež
jež	N;GEN(SG)	ježa
jež	N;NOM(DU)	ježa
jež	N;DAT(SG)	ježoju
jež	N;DAT(DU)	ježoma
jež	N;ESS(DU)	ježoma
jež	N;INS(SG)	ježom
jež	N;ESS(SG)	ježu
mjod	N;ESS(PL)	mjodach
mjod	N;GEN(SG)	mjoda
mjod	N;NOM(SG)	mjod
mjod	N;DAT(DU)	mjodoma
mjod	N;GEN(DU)	mjodowu
mjod	N;ACC(PL)	mjody
elektrikaŕ	N;INS(PL)	elektrikarjami
elektrikaŕ	N;ACC(SG)	elektrikarja
elektrikaŕ	N;ACC(PL)	elektrikarje
elektrikaŕ	N;NOM(PL)	elektrikarje
elektrikaŕ	N;ACC(DU)	elektrikarja
elektrikaŕ	N;GEN(DU)	elektrikarjowu
elektrikaŕ	N;NOM(SG)	elektrikarj
lubowaś	V;PST;1;PL	lubowachmy
lubowaś	V;PST;2;SG	lubowašo
lubowaś	V;PRS;1;PL	lubujomy
lubowaś	V;PRS;2;PL	lubujośo
lubowaś	V;PRS;2;SG	lubujoš
lubowaś	V;PRS;2;DU	lubujotej
lubowaś	V;PRS;3;SG	lubujo
lubowaś	V;IMP;2;PL	lubujśo
lubowaś	V;PRS;1;SG	lubuju
syty	ADJ;NOM(PL)	syte
syty	ADJ;GEN(SG,MASC)	sytego
syty	ADJ;GEN(SG,NEUT)	sytego
syty	ADJ;ACC(DU,INAN)	sytej
syty	ADJ;DAT(SG,FEM)	sytej
syty	ADJ;ESS(SG,FEM)	sytej
syty	ADJ;ACC(DU,ANIM)	syteju
syty	ADJ;INS(SG,FEM)	syteju
syty	ADJ;ESS(SG,MASC)	sytem
syty	ADJ;ESS(SG,NEUT)	sytem
syty	ADJ;DAT(SG,MASC)	sytemu
syty	ADJ;ACC(SG,MASC,INAN)	syty
syty	ADJ;ACC(PL,ANIM)	sytych
syty	ADJ;GEN(PL)	sytych
syty	ADJ;DAT(DU)	sytyma
syty	ADJ;ESS(DU)	sytyma
syty	ADJ;INS(PL)	sytymi
kazń	N;ACC(DU)	kaznja
kazń	N;ACC(PL)	kaznje
kazń	N;NOM(DU)	kaznja
kazń	N;GEN(PL)	kaznjow
kazń	N;ACC(SG)	kazń
kazń	N;NOM(SG)	kazń
chory	ADJ;ACC(DU,INAN)	chorej
minutka	N;ACC(DU)	minutce
minutka	N;NOM(DU)	minutce
minutka	N;ESS(PL)	minutkach
minutka	N;INS(PL)	minutkami
minutka	N;ACC(PL)	minutki
minutka	N;NOM(PL)	minutki
minutka	N;GEN(PL)	minutek
minutka	N;GEN(DU)	minutkowu
minutka	N;INS(SG)	minutku
łono	N;INS(PL)	łonami
łono	N;GEN(SG)	łona
łono	N;ACC(DU)	łonje
łono	N;ESS(SG)	łonje
łono	N;NOM(DU)	łonje
łono	N;DAT(DU)	łonoma
łono	N;INS(SG)	łonom
łono	N;ACC(SG)	łono
powrjoz	N;ESS(PL)	powrjozach
powrjoz	N;INS(PL)	powrjozami
powrjoz	N;GEN(SG)	powrjoza
powrjoz	N;NOM(DU)	powrjoza
powrjoz	N;ACC(PL)	powrjozy
powrjoz	N;ACC(SG)	powrjoz
powrjoz	N;NOM(SG)	powrjoz
powrjoz	N;DAT(SG)	powrjozoju
powrjoz	N;DAT(DU)	powrjozoma
powrjoz	N;ESS(DU)	powrjozoma
powrjoz	N;INS(DU)	powrjozoma
powrjoz	N;INS(SG)	powrjozom
powrjoz	N;GEN(PL)	powrjozow
powrjoz	N;ESS(SG)	powrjozu
morjo	N;GEN(PL)	morjow
kócka	N;NOM(SG)	kócka
pólack	N;DAT(PL)	pólackam
syry	ADJ;NOM(SG,NEUT)	syre
syry	ADJ;NOM(PL)	syre
syry	ADJ;ACC(SG,MASC,ANIM)	syrego
syry	ADJ;GEN(SG,NEUT)	syrego
syry	ADJ;ACC(DU,INAN)	syrej
syry	ADJ;DAT(SG,FEM)	syrej
syry	ADJ;NOM(DU)	syrej
syry	ADJ;INS(SG,FEM)	syreju
syry	ADJ;ESS(SG,NEUT)	syrem
syry	ADJ;ACC(SG,FEM)	syru
syry	ADJ;ACC(SG,MASC,INAN)	syry
syry	ADJ;ACC(PL,ANIM)	syrych
syry	ADJ;ESS(PL)	syrych
syry	ADJ;DAT(DU)	syryma
syry	ADJ;ESS(DU)	syryma
syry	ADJ;INS(DU)	syryma
syry	ADJ;INS(PL)	syrymi
crjowo	N;ESS(PL)	crjowach
crjowo	N;DAT(PL)	crjowam
crjowo	N;ACC(PL)	crjowa
crjowo	N;GEN(SG)	crjowa
crjowo	N;ACC(DU)	crjowje
crjowo	N;ESS(DU)	crjowoma
crjowo	N;INS(SG)	crjowom
crjowo	N;ACC(SG)	crjowo
crjowo	N;GEN(DU)	crjowowu
wós	N;NOM(PL)	wósy
wusmjerśowaś	V;PST;3;PL	wusmjerśowachu
wusmjerśowaś	V;PST;2;PL	wusmjerśowašćo
wusmjerśowaś	V;PST;2;SG	wusmjerśowašo
wusmjerśowaś	V;PST;3;SG	wusmjerśowašo
wusmjerśowaś	V;PST;2;DU	wusmjerśowaštej
wusmjerśowaś	V;PST;3;DU	wusmjerśowaštej
wusmjerśowaś	V;PRS;1;DU	wusmjerśujomej
wusmjerśowaś	V;PRS;2;SG	wusmjerśujoš
wusmjerśowaś	V;IMP;2;DU	wusmjerśujtej
wusmjerśowaś	V;PRS;1;SG	wusmjerśuju
znamje	N;NOM(PL)	znamjenja
znamje	N;DAT(DU)	znamjenjoma
znamje	N;GEN(PL)	znamjenjow
znamje	N;GEN(DU)	znamjenjowu
znamje	N;ESS(SG)	znamjenju
wósoba	N;ESS(PL)	wósobach
wósoba	N;DAT(PL)	wósobam
wósoba	N;NOM(SG)	wósoba
wósoba	N;ACC(DU)	wósobje
wósoba	N;ESS(SG)	wósobje
wósoba	N;INS(DU)	wósoboma
wósoba	N;GEN(DU)	wósobowu
wósoba	N;INS(SG)	wósobu
wósoba	N;ACC(PL)	wósoby
złoty	ADJ;ACC(PL,INAN)	złote
złoty	ADJ;NOM(PL)	złote
złoty	ADJ;ACC(SG,MASC,ANIM)	złotego
złoty	ADJ;GEN(SG,MASC)	złotego
złoty	ADJ;DAT(SG,FEM)	złotej
złoty	ADJ;NOM(DU)	złotej
złoty	ADJ;GEN(SG,FEM)	złoteje
złoty	ADJ;ACC(DU,ANIM)	złoteju
złoty	ADJ;INS(SG,FEM)	złoteju
złoty	ADJ;DAT(SG,MASC)	złotemu
złoty	ADJ;ACC(SG,MASC,INAN)	złoty
złoty	ADJ;ESS(DU)	złotyma
złoty	ADJ;INS(DU)	złotyma
złoty	ADJ;INS(SG,MASC)	złotym
złoty	ADJ;INS(SG,NEUT)	złotym
módry	ADJ;INS(DU)	módryma
kóza	N;ACC(DU)	kózy
garba	N;INS(PL)	garbami
garba	N;DAT(PL)	garbam
garba	N;NOM(SG)	garba
garba	N;ACC(DU)	garbje
garba	N;DAT(SG)	garbje
garba	N;ESS(SG)	garbje
garba	N;ESS(DU)	garboma
garba	N;INS(DU)	garboma
garba	N;GEN(SG)	garby
polo	N;DAT(DU)	poloma
módry	ADJ;DAT(SG,MASC)	módremu
źaržaś	V;PST;1;DU	źaržachmej
źaržaś	V;PST;1;SG	źaržach
źaržaś	V;PST;2;DU	źaržaštej
źaržaś	V;PST;3;DU	źaržaštej
źaržaś	V;IMP;2;SG	źarž
źaržaś	V;PRS;1;SG	źaržam
źaržaś	V;PRS;1;PL	źaržamy
źaržaś	V;PRS;2;PL	źaržyśo
źaržaś	V;PRS;2;DU	źaržatej
źaržaś	V;PRS;3;DU	źaržatej
wjas	N;ESS(PL)	wjasach
wjas	N;DAT(DU)	wjasoma
wjas	N;INS(DU)	wjasoma
wjas	N;INS(SG)	wjasom
wjas	N;DAT(SG)	wjasoju
wjas	N;ESS(SG)	wjasje
wjas	N;NOM(PL)	wjasy
woda	N;NOM(SG)	woda
mola	N;GEN(PL)	molow
wugoŕ	N;ESS(PL)	wugorjach
wugoŕ	N;ACC(SG)	wugorja
wugoŕ	N;ACC(PL)	wugorje
wugoŕ	N;NOM(PL)	wugorje
wugoŕ	N;DAT(DU)	wugorjoma
wugoŕ	N;ESS(DU)	wugorjoma
wugoŕ	N;ACC(DU)	wugorja
wugoŕ	N;GEN(DU)	wugorjowu
wugoŕ	N;NOM(SG)	wugorj
njebjo	N;NOM(DU)	njebja
njebjo	N;ESS(PL)	njebjach
njebjo	N;ACC(PL)	njebja
njebjo	N;GEN(SG)	njebja
njebjo	N;NOM(PL)	njebja
njebjo	N;DAT(SG)	njebjoju
njebjo	N;ESS(DU)	njebjoma
njebjo	N;INS(DU)	njebjoma
njebjo	N;ACC(SG)	njebjo
njebjo	N;GEN(DU)	njebjowu
njebjo	N;ESS(SG)	njebju
fotografowaś	V;PST;1;PL	fotografowachmy
fotografowaś	V;PST;3;PL	fotografowachu
fotografowaś	V;PST;1;SG	fotografowach
fotografowaś	V;PST;3;SG	fotografowašo
fotografowaś	V;PRS;1;DU	fotografujomej
fotografowaś	V;PRS;2;SG	fotografujoš
fotografowaś	V;PRS;3;DU	fotografujotej
fotografowaś	V;PRS;3;SG	fotografujo
fotografowaś	V;IMP;2;DU	fotografujtej
lažčejšy	ADJ;ACC(PL,INAN)	lažčejše
lažčejšy	ADJ;DAT(SG,FEM)	lažčejšej
lažčejšy	ADJ;NOM(DU)	lažčejšej
lažčejšy	ADJ;GEN(SG,FEM)	lažčejšeje
lažčejšy	ADJ;ACC(DU,ANIM)	lažčejšeju
lažčejšy	ADJ;INS(SG,FEM)	lažčejšou
lažčejšy	ADJ;ESS(SG,MASC)	lažčejšem
lažčejšy	ADJ;ESS(SG,NEUT)	lažčejšem
lažčejšy	ADJ;DAT(SG,NEUT)	lažčejšemu
lažčejšy	ADJ;ACC(SG,MASC,INAN)	lažčejšy
lažčejšy	ADJ;NOM(SG,MASC)	lažčejšy
lažčejšy	ADJ;ACC(PL,ANIM)	lažčejšych
lažčejšy	ADJ;DAT(DU)	lažčejšyma
lažčejšy	ADJ;INS(SG,MASC)	lažčejšym
lažčejšy	ADJ;INS(SG,NEUT)	lažčejšym
lažčejšy	ADJ;INS(PL)	lažčejšymi
běły	ADJ;ACC(PL,INAN)	běłe
běły	ADJ;NOM(SG,NEUT)	běłe
běły	ADJ;NOM(PL)	běłe
běły	ADJ;ESS(SG,FEM)	běłej
běły	ADJ;NOM(DU)	běłej
běły	ADJ;GEN(SG,FEM)	běłeje
běły	ADJ;ACC(DU,ANIM)	běłeju
běły	ADJ;DAT(SG,NEUT)	běłemu
běły	ADJ;ACC(SG,MASC,INAN)	běły
běły	ADJ;ACC(PL,ANIM)	běłych
běły	ADJ;ESS(PL)	běłych
běły	ADJ;DAT(DU)	běłyma
běły	ADJ;INS(DU)	běłyma
běły	ADJ;INS(SG,MASC)	běłym
běły	ADJ;INS(SG,NEUT)	běłym
pśigótowaś	V;PST;1;PL	pśigótowachmy
pśigótowaś	V;PST;1;SG	pśigótowach
pśigótowaś	V;PST;2;PL	pśigótowašćo
pśigótowaś	V;PST;2;SG	pśigótowašo
pśigótowaś	V;PRS;1;PL	pśigótujomy
pśigótowaś	V;PRS;2;DU	pśigótujotej
pśigótowaś	V;PRS;3;DU	pśigótujotej
pśigótowaś	V;IMP;2;PL	pśigótujśo
pśigótowaś	V;IMP;2;DU	pśigótujtej
pśigótowaś	V;PRS;3;PL	pśigótuju
radijo	N;NOM(PL)	radija
radijo	N;ACC(DU)	radijowu
radijo	N;DAT(SG)	radijoju
radijo	N;DAT(DU)	radijoma
radijo	N;NOM(SG)	radijo
radijo	N;GEN(PL)	radijow
wucabnica	N;ESS(PL)	wucabnicach
wucabnica	N;GEN(SG)	wucabnicy
wucabnica	N;NOM(PL)	wucabnice
wucabnica	N;GEN(PL)	wucabnicow
wucabnica	N;GEN(DU)	wucabnicowu
wucabnica	N;INS(SG)	wucabnicu
wucabnica	N;ESS(SG)	wucabnicy
wucabnica	N;NOM(DU)	wucabnice
mačka	N;ACC(DU)	mačce
mačka	N;ESS(SG)	mačce
mačka	N;NOM(DU)	mačce
mačka	N;ESS(PL)	mačkach
mačka	N;INS(PL)	mačkami
mačka	N;ACC(PL)	mački
mačka	N;GEN(SG)	mački
mačka	N;ESS(DU)	mačkoma
mačka	N;GEN(PL)	maček
mačka	N;GEN(DU)	mačkowu
mačka	N;ACC(SG)	mačku
kocka	N;DAT(SG)	kocce
modry	ADJ;DAT(PL)	modrym
žyś	V;PST;1;DU	žyjachmej
žyś	V;PST;1;SG	žych
žyś	V;PST;3;SG	žyjašo
žyś	V;PST;3;DU	žyjaštej
žyś	V;PRS;1;DU	žymej
žyś	V;PRS;1;PL	žymy
žyś	V;PRS;2;PL	žyjośo
žyś	V;PRS;3;SG	žy
žyś	V;PRS;3;PL	žyju
nocka	N;ESS(PL)	nockach
nocka	N;ACC(PL)	nocki
nocka	N;NOM(PL)	nocki
nocka	N;DAT(DU)	nockoma
nocka	N;GEN(DU)	nockowu
chory	ADJ;ESS(DU)	choryma
nož	N;ESS(PL)	nožach
nož	N;DAT(PL)	nožam
nož	N;GEN(SG)	noža
nož	N;ACC(PL)	nože
nož	N;NOM(SG)	nož
nož	N;DAT(SG)	nožoju
nož	N;INS(SG)	nožom
nož	N;GEN(DU)	nožowu
nož	N;ESS(SG)	noži
drozn	N;ACC(SG)	drozn
drozn	N;GEN(SG)	drozna
drozn	N;ESS(SG)	droznje
drozn	N;DAT(SG)	droznoju
drozn	N;INS(DU)	droznoma
drozn	N;INS(SG)	droznom
drozn	N;GEN(DU)	droznowu
drozn	N;NOM(PL)	drozny
modry	ADJ;GEN(PL)	modrych
kóza	N;GEN(PL)	kózow
babka	N;DAT(SG)	babce
babka	N;ESS(SG)	babce
babka	N;DAT(PL)	babkam
babka	N;ACC(PL)	babki
babka	N;DAT(DU)	babkoma
babka	N;GEN(PL)	babek
babka	N;GEN(DU)	babkowu
babka	N;INS(SG)	babku
wiki	N;GEN(PL)	wikow
student	N;ESS(PL)	studentach
student	N;INS(PL)	studentami
student	N;ACC(SG)	student
student	N;ESS(DU)	studentoma
student	N;INS(DU)	studentoma
student	N;INS(SG)	studentem
student	N;GEN(PL)	studentów
student	N;ACC(DU)	studenta
student	N;GEN(DU)	studentowu
zeger	N;ACC(DU)	zegera
zeger	N;NOM(DU)	zegera
zeger	N;ESS(SG)	zegerze
zeger	N;DAT(SG)	zegerowi
zeger	N;DAT(DU)	zegeroma
zeger	N;ESS(DU)	zegeroma
zeger	N;GEN(DU)	zegerowu
módry	ADJ;NOM(DU)	módrej
korespondentka	N;ACC(DU)	korespondentce
korespondentka	N;NOM(DU)	korespondentce
korespondentka	N;INS(PL)	korespondentkami
korespondentka	N;DAT(PL)	korespondentkom
korespondentka	N;GEN(SG)	korespondentki
korespondentka	N;NOM(PL)	korespondentki
korespondentka	N;GEN(PL)	korespondentek
korespondentka	N;GEN(DU)	korespondentkowu
korespondentka	N;INS(SG)	korespondentką
modry	ADJ;GEN(SG,MASC)	modrego
móla	N;INS(PL)	mólami
pólo	N;DAT(DU)	póloma
bósučki	ADJ;NOM(SG,FEM)	bósučka
bósučki	ADJ;ACC(SG,NEUT)	bósučke
bósučki	ADJ;NOM(PL)	bósučke
bósučki	ADJ;ACC(SG,MASC,ANIM)	bósučkego
bósučki	ADJ;GEN(SG,MASC)	bósučkego
bósučki	ADJ;DAT(SG,FEM)	bósučkej
bósučki	ADJ;ACC(DU,ANIM)	bósučkeju
bósučki	ADJ;GEN(DU)	bósučkeju
bósučki	ADJ;ACC(SG,MASC,INAN)	bósučki
bósučki	ADJ;ESS(PL)	bósučkich
bósučki	ADJ;DAT(DU)	bósučkima
bósučki	ADJ;INS(DU)	bósučkima
bósučki	ADJ;INS(SG,NEUT)	bósučkim
bósučki	ADJ;INS(PL)	bósučkimi
bósučki	ADJ;ACC(SG,FEM)	bósučką
modry	ADJ;GEN(SG,NEUT)	modrego
zły	ADJ;NOM(SG,FEM)	zła
zły	ADJ;ACC(SG,NEUT)	złe
zły	ADJ;NOM(PL)	złe
zły	ADJ;GEN(SG,MASC)	złego
zły	ADJ;GEN(SG,NEUT)	złego
zły	ADJ;INS(SG,FEM)	złeju
zły	ADJ;ESS(SG,MASC)	złem
zły	ADJ;DAT(SG,MASC)	złemu
zły	ADJ;ACC(SG,FEM)	złą
zły	ADJ;ACC(SG,MASC,INAN)	zły
zły	ADJ;NOM(SG,MASC)	zły
zły	ADJ;GEN(PL)	złych
zły	ADJ;DAT(DU)	złyma
zły	ADJ;INS(PL)	złymi
rěka	N;DAT(SG)	rěce
rěka	N;ESS(SG)	rěce
rěka	N;ESS(PL)	rěkach
rěka	N;DAT(PL)	rěkam
rěka	N;GEN(SG)	rěky
rěka	N;INS(DU)	rěkoma
rěka	N;GEN(PL)	rěkow
rěka	N;GEN(DU)	rěkowu
rěka	N;ACC(SG)	rěku
rěka	N;INS(SG)	rěku
chyliś	V;PST;1;DU	chylichmej
chyliś	V;PST;2;DU	chylištej
chyliś	V;PST;3;DU	chylištej
chyliś	V;PRS;1;DU	chylimej
chyliś	V;PRS;1;SG	chylím
chyliś	V;PRS;2;PL	chyliśo
chyliś	V;IMP;2;PL	chyliśo
chyliś	V;IMP;2;DU	chylitej
reagěrowaś	V;PST;1;PL	reagěrowachmy
reagěrowaś	V;PST;2;PL	reagěrowašćo
reagěrowaś	V;PST;2;SG	reagěrowašo
reagěrowaś	V;PST;3;SG	reagěrowašo
reagěrowaś	V;PRS;3;DU	reagěrujotej
reagěrowaś	V;PRS;3;SG	reagěrujo
reagěrowaś	V;IMP;2;PL	reagěrujśo
reagěrowaś	V;IMP;2;DU	reagěrujtej
wos	N;INS(DU)	wosoma
paśpula	N;ESS(PL)	paśpulach
paśpula	N;INS(PL)	paśpulami
paśpula	N;ACC(PL)	paśpule
paśpula	N;NOM(PL)	paśpule
paśpula	N;ACC(DU)	paśpulje
paśpula	N;ESS(SG)	paśpulje
paśpula	N;ESS(DU)	paśpuloma
paśpula	N;INS(DU)	paśpuloma
paśpula	N;GEN(DU)	paśpulowu
paśpula	N;ACC(SG)	paśpulu
paśpula	N;INS(SG)	paśpulu
mól	N;INS(PL)	mólami
pěta	N;ACC(DU)	pěty
pěta	N;ESS(PL)	pětach
pěta	N;DAT(PL)	pětam
pěta	N;NOM(SG)	pěta
pěta	N;DAT(DU)	pětoma
pěta	N;ESS(DU)	pětoma
pěta	N;INS(DU)	pětoma
pěta	N;ACC(SG)	pětu
pěta	N;INS(SG)	pětu
gotowy	ADJ;NOM(SG,MASC)	gotowy
serbiski	ADJ;ACC(SG,NEUT)	serbiske
serbiski	ADJ;ACC(PL,INAN)	serbiske
serbiski	ADJ;ACC(SG,MASC,ANIM)	serbiskego
serbiski	ADJ;GEN(SG,NEUT)	serbiskego
serbiski	ADJ;DAT(SG,FEM)	serbiskej
serbiski	ADJ;NOM(DU)	serbiskej
serbiski	ADJ;GEN(SG,FEM)	serbiskeje
serbiski	ADJ;GEN(DU)	serbiskeju
serbiski	ADJ;ESS(SG,MASC)	serbiskim
serbiski	ADJ;ESS(SG,NEUT)	serbiskim
serbiski	ADJ;ACC(SG,MASC,INAN)	serbiski
serbiski	ADJ;DAT(DU)	serbiskima
serbiski	ADJ;DAT(PL)	serbiskim
serbiski	ADJ;INS(SG,NEUT)	serbiskim
ryba	N;INS(PL)	rybami
ryba	N;DAT(PL)	rybom
ryba	N;NOM(SG)	ryba
ryba	N;DAT(SG)	rybie
ryba	N;ESS(SG)	rybie
ryba	N;NOM(DU)	rybje
ryba	N;DAT(DU)	ryboma
ryba	N;ESS(DU)	ryboma
ryba	N;ACC(SG)	rybę
ryba	N;ACC(PL)	ryby
ryba	N;GEN(SG)	ryby
banana	N;ESS(PL)	bananach
banana	N;INS(PL)	bananami
banana	N;NOM(SG)	banana
banana	N;NOM(DU)	bananje
banana	N;GEN(DU)	bananowu
banana	N;ACC(SG)	bananu
banana	N;INS(SG)	bananą
banana	N;ACC(PL)	banany
banana	N;NOM(PL)	banany
koń	N;ACC(PL)	konje
wjasć	V;PRS;3;PL	wjasą
wjasć	V;IMP;2;PL	niech wjałyście
wjasć	V;PST;1;DU	wjasęciema
wjasć	V;PST;1;SG	wjasę
wjasć	V;PST;2;PL	wjasłyście
wjasć	V;PST;3;SG	wjasło
wjasć	V;PST;2;DU	wjasłaśeštej
wjasć	V;PST;3;DU	wjasłaśo
wjasć	V;PRS;1;DU	wjasmemej
wjasć	V;PRS;1;PL	wjasmy
wjasć	V;PRS;2;SG	wjasz
wjasć	V;PRS;2;DU	wjastej
wjasć	V;PRS;3;DU	wjasćo
wjasć	V;IMP;2;SG	niech wjasz
bok	N;ESS(PL)	bokach
bok	N;INS(PL)	bokami
bok	N;GEN(SG)	boka
bok	N;ACC(PL)	boki
bok	N;ACC(SG)	bok
bok	N;ESS(DU)	bokoma
bok	N;INS(DU)	bokoma
bok	N;INS(SG)	bokiem
bok	N;ESS(SG)	boku
pólack	N;ACC(PL)	pólacki
měsćański	ADJ;ACC(PL,INAN)	měsćańskie
měsćański	ADJ;NOM(SG,NEUT)	měsćańske
měsćański	ADJ;NOM(PL)	měsćańskie
měsćański	ADJ;ACC(SG,MASC,ANIM)	měsćańskiego
měsćański	ADJ;ACC(DU,INAN)	měsćańskej
měsćański	ADJ;DAT(SG,FEM)	měsćańskiej
měsćański	ADJ;ACC(DU,ANIM)	měsćańskieju
měsćański	ADJ;ESS(SG,MASC)	měsćańskim
měsćański	ADJ;ESS(SG,NEUT)	měsćańskim
měsćański	ADJ;DAT(SG,NEUT)	měsćańskiemu
měsćański	ADJ;ACC(SG,MASC,INAN)	měsćański
měsćański	ADJ;NOM(SG,MASC)	měsćański
měsćański	ADJ;ESS(PL)	měsćańskich
měsćański	ADJ;DAT(DU)	měsćańskima
měsćański	ADJ;DAT(PL)	měsćańskim
měsćański	ADJ;INS(SG,NEUT)	měsćańskim
měsćański	ADJ;INS(PL)	měsćańskimi
měsćański	ADJ;ACC(SG,FEM)	měsćańską
spański	ADJ;NOM(SG,FEM)	spańska
spański	ADJ;NOM(SG,NEUT)	spańskie
spański	ADJ;ACC(SG,MASC,ANIM)	spańskiego
spański	ADJ;GEN(SG,NEUT)	spańskiego
spański	ADJ;DAT(SG,FEM)	spańskiej
spański	ADJ;ESS(SG,FEM)	spańskiej
spański	ADJ;GEN(DU)	spańskieju
spański	ADJ;INS(SG,FEM)	spańską
spański	ADJ;ESS(SG,MASC)	spańskim
spański	ADJ;DAT(SG,MASC)	spańskiemu
spański	ADJ;NOM(SG,MASC)	spański
spański	ADJ;ACC(PL,ANIM)	spańskich
spański	ADJ;ESS(DU)	spańskima
spański	ADJ;ACC(SG,FEM)	spańską
pólo	N;ACC(PL)	póla
měso	N;ESS(PL)	měsach
měso	N;INS(SG)	měsem
měso	N;ACC(SG)	měso
měso	N;NOM(SG)	měso
měso	N;GEN(PL)	měsow
měso	N;NOM(DU)	měsa
brod	N;ESS(PL)	brodach
brod	N;ACC(DU)	broda
brod	N;NOM(SG)	brod
brod	N;ACC(PL)	brody
brod	N;NOM(PL)	brody
alofon	N;ESS(PL)	alofonach
alofon	N;DAT(PL)	alofonom
alofon	N;GEN(SG)	alofonu
alofon	N;ESS(SG)	alofonie
alofon	N;DAT(SG)	alofonowi
alofon	N;ESS(DU)	alofonoma
alofon	N;INS(DU)	alofonoma
alofon	N;GEN(PL)	alofonów
alofon	N;GEN(DU)	alofonowu
alofon	N;ACC(PL)	alofony
alofon	N;NOM(PL)	alofony
strowiś	V;PRS;1;DU	strowjomej
strowiś	V;PRS;1;SG	struju
strowiś	V;PRS;1;PL	strujomy
strowiś	V;PRS;3;DU	strujotej
strowiś	V;PST;2;PL	strowišćo
strowiś	V;PST;2;SG	strowišo
strowiś	V;PST;3;SG	strowišo
strowiś	V;PRS;3;PL	struju
strowiś	V;IMP;2;PL	strujśo
strowiś	V;IMP;2;DU	strujtej
strowiś	V;IMP;2;SG	struj
kót	N;INS(PL)	kótami
tśmjeń	N;DAT(PL)	tśmjenjam
tśmjeń	N;ACC(DU)	tśmjenja
tśmjeń	N;GEN(SG)	tśmjenja
tśmjeń	N;NOM(PL)	tśmjenje
tśmjeń	N;DAT(DU)	tśmjenjoma
tśmjeń	N;INS(DU)	tśmjenjoma
tśmjeń	N;INS(SG)	tśmjenjom
tśmjeń	N;GEN(PL)	tśmjenjow
tśmjeń	N;ESS(SG)	tśmjenju
tśmjeń	N;NOM(SG)	tśmjeń
domk	N;ACC(DU)	domka
domk	N;GEN(SG)	domka
domk	N;ACC(PL)	domki
domk	N;ACC(SG)	domk
domk	N;NOM(SG)	domk
domk	N;DAT(DU)	domkoma
domk	N;ESS(DU)	domkoma
domk	N;ESS(SG)	domku
kwas	N;DAT(PL)	kwasom
kwas	N;ACC(DU)	kwasa
kwas	N;NOM(PL)	kwasy
kwas	N;ACC(SG)	kwas
kwas	N;DAT(SG)	kwasowi
kwas	N;ESS(DU)	kwasoma
kwas	N;INS(DU)	kwasoma
kwas	N;GEN(DU)	kwasowu
zeleny	ADJ;NOM(SG,FEM)	zelena
zeleny	ADJ;ACC(SG,NEUT)	zelene
zeleny	ADJ;NOM(SG,NEUT)	zelene
zeleny	ADJ;NOM(PL)	zelene
zeleny	ADJ;GEN(SG,MASC)	zelenego
zeleny	ADJ;GEN(SG,NEUT)	zelenego
zeleny	ADJ;ACC(DU,INAN)	zelenej
zeleny	ADJ;GEN(SG,FEM)	zelenej
zeleny	ADJ;ACC(DU,ANIM)	zeleneju
zeleny	ADJ;INS(SG,FEM)	zeleną
zeleny	ADJ;ESS(SG,MASC)	zelenym
zeleny	ADJ;DAT(SG,NEUT)	zelenemu
zeleny	ADJ;ACC(PL,ANIM)	zelenych
zeleny	ADJ;GEN(PL)	zelenych
zeleny	ADJ;DAT(DU)	zelenyma
zeleny	ADJ;ESS(DU)	zelenyma
zeleny	ADJ;INS(DU)	zelenyma
zeleny	ADJ;INS(SG,MASC)	zelenym
zeleny	ADJ;INS(PL)	zelenymi
sadło	N;INS(PL)	sadłami
sadło	N;GEN(SG)	sadła
sadło	N;NOM(DU)	sadła
sadło	N;DAT(SG)	sadle
sadło	N;DAT(DU)	sadłoma
sadło	N;ESS(DU)	sadłoma
sadło	N;NOM(SG)	sadło
sadło	N;GEN(PL)	sadł
sobota	N;ACC(DU)	sobośe
sobota	N;ESS(SG)	sobocie
sobota	N;ESS(PL)	sobotach
sobota	N;DAT(PL)	sobotam
sobota	N;NOM(SG)	sobota
sobota	N;ESS(DU)	sobotoma
sobota	N;GEN(PL)	sobot
sobota	N;GEN(DU)	sobotowu
sobota	N;INS(SG)	sobotą
sobota	N;ACC(PL)	soboty
sobota	N;GEN(SG)	soboty
sobota	N;NOM(PL)	soboty
rjobło	N;ACC(PL)	rjobła
rjobło	N;GEN(SG)	rjobła
rjobło	N;NOM(PL)	rjobła
rjobło	N;ESS(SG)	rjobłu
rjobło	N;NOM(DU)	rjobła
rjobło	N;DAT(SG)	rjobłoju
rjobło	N;INS(DU)	rjobłoma
rjobło	N;INS(SG)	rjobłom
rjobło	N;GEN(DU)	rjobłowu
pówětš	N;ESS(PL)	pówětšach
pówětš	N;INS(PL)	pówětšami
pówětš	N;DAT(PL)	pówětšam
pówětš	N;GEN(SG)	pówětša
pówětš	N;NOM(DU)	pówětša
pówětš	N;ACC(SG)	pówětš
pówětš	N;NOM(SG)	pówětš
pówětš	N;DAT(DU)	pówětšoma
pówětš	N;ESS(DU)	pówětšoma
pówětš	N;INS(DU)	pówětšoma
pówětš	N;INS(SG)	pówětšem
pówětš	N;GEN(PL)	pówětšow
pówětš	N;NOM(PL)	pówětšy
mjeńšy	ADJ;NOM(SG,FEM)	mjeńša
mjeńšy	ADJ;ACC(SG,NEUT)	mjeńše
mjeńšy	ADJ;NOM(SG,NEUT)	mjeńše
mjeńšy	ADJ;NOM(PL)	mjeńše
mjeńšy	ADJ;ACC(SG,MASC,ANIM)	mjeńšego
mjeńšy	ADJ;GEN(SG,MASC)	mjeńšego
mjeńšy	ADJ;GEN(SG,NEUT)	mjeńšego
mjeńšy	ADJ;ACC(DU,INAN)	mjeńšej
mjeńšy	ADJ;GEN(DU)	mjeńšeju
mjeńšy	ADJ;DAT(SG,MASC)	mjeńšemu
mjeńšy	ADJ;DAT(SG,NEUT)	mjeńšemu
mjeńšy	ADJ;ESS(DU)	mjeńšyma
mjeńšy	ADJ;INS(PL)	mjeńšymi
wjapś	N;DAT(PL)	wjapśam
wjapś	N;NOM(DU)	wjapśa
wjapś	N;ACC(PL)	wjapśe
wjapś	N;NOM(SG)	wjapś
wjapś	N;DAT(DU)	wjapśoma
wjapś	N;INS(SG)	wjapśom
wjapś	N;ESS(SG)	wjapśu
rjemjeń	N;INS(PL)	rjemjenjami
rjemjeń	N;ACC(DU)	rjemjenja
rjemjeń	N;NOM(DU)	rjemjenja
rjemjeń	N;ACC(PL)	rjemjenje
rjemjeń	N;DAT(DU)	rjemjenjoma
rjemjeń	N;GEN(PL)	rjemjenjow
cysty	ADJ;NOM(SG,FEM)	cysta
cysty	ADJ;ACC(PL,INAN)	cyste
cysty	ADJ;NOM(SG,NEUT)	cyste
cysty	ADJ;ACC(SG,MASC,ANIM)	cystego
cysty	ADJ;GEN(SG,MASC)	cystego
cysty	ADJ;DAT(SG,FEM)	cystej
cysty	ADJ;ESS(SG,FEM)	cystej
cysty	ADJ;ACC(DU,ANIM)	cysteju
cysty	ADJ;GEN(DU)	cysteju
cysty	ADJ;ESS(SG,MASC)	cystym
cysty	ADJ;DAT(SG,NEUT)	cystemu
cysty	ADJ;ESS(PL)	cystych
cysty	ADJ;DAT(PL)	cystym
cysty	ADJ;INS(SG,MASC)	cystym
cysty	ADJ;INS(PL)	cystymi
pólo	N;DAT(PL)	pólam
kóń	N;INS(PL)	kónjami
grod	N;INS(PL)	grodami
grod	N;ACC(DU)	groda
grod	N;DAT(DU)	grodoma
grod	N;INS(SG)	grodem
grod	N;GEN(PL)	grodów
grod	N;GEN(DU)	grodowu
grod	N;ACC(PL)	grody
grod	N;NOM(PL)	grody
grod	N;ESS(SG)	grodzie
granica	N;INS(PL)	granicami
granica	N;NOM(SG)	granica
granica	N;GEN(SG)	granicy
granica	N;NOM(PL)	granice
granica	N;ESS(DU)	granicoma
granica	N;INS(DU)	granicoma
granica	N;GEN(PL)	granic
granica	N;GEN(DU)	granicowu
granica	N;ACC(SG)	granicę
smjaś	V;PST;1;DU	smjachmej
smjaś	V;PST;3;PL	smjachu
smjaś	V;PST;1;SG	smjach
smjaś	V;PST;2;PL	smjašćo
smjaś	V;PST;2;SG	smjašo
smjaś	V;PST;2;DU	smjaštej
smjaś	V;PST;3;DU	smjaštej
smjaś	V;PRS;1;PL	smjamy
smjaś	V;PRS;3;DU	smjatej
smjaś	V;IMP;2;DU	smjajtej
lěwy	ADJ;NOM(SG,NEUT)	lěwe
lěwy	ADJ;NOM(PL)	lěwe
lěwy	ADJ;ACC(SG,MASC,ANIM)	lěwego
lěwy	ADJ;ACC(DU,INAN)	lěwej
lěwy	ADJ;DAT(SG,FEM)	lěwej
lěwy	ADJ;ESS(SG,FEM)	lěwej
lěwy	ADJ;NOM(DU)	lěwej
lěwy	ADJ;ACC(DU,ANIM)	lěweju
lěwy	ADJ;GEN(DU)	lěweju
lěwy	ADJ;DAT(SG,MASC)	lěwemu
lěwy	ADJ;ACC(SG,MASC,INAN)	lěwy
lěwy	ADJ;ESS(DU)	lěwyma
lěwy	ADJ;DAT(PL)	lěwym
lěwy	ADJ;INS(SG,MASC)	lěwym
lěwy	ADJ;INS(PL)	lěwymi
jabłuko	N;ACC(DU)	jabłuce
jabłuko	N;ESS(PL)	jabłukach
jabłuko	N;DAT(PL)	jabłukam
jabłuko	N;GEN(SG)	jabłuka
jabłuko	N;DAT(SG)	jabłukoju
jabłuko	N;DAT(DU)	jabłukoma
jabłuko	N;ESS(DU)	jabłukoma
jabłuko	N;INS(SG)	jabłukiem
jabłuko	N;NOM(SG)	jabłuko
jabłuko	N;GEN(PL)	jabłuków
jabłuko	N;GEN(DU)	jabłukowu
kos	N;NOM(PL)	kosy
wałtora	N;DAT(PL)	wałtoram
wałtora	N;NOM(SG)	wałtora
wałtora	N;ACC(DU)	wałtorje
wałtora	N;ESS(SG)	wałtorze
wałtora	N;INS(DU)	wałtoroma
wałtora	N;GEN(DU)	wałtorowu
wałtora	N;INS(SG)	wałtorą
wałtora	N;ACC(PL)	wałtory
wałtora	N;GEN(SG)	wałtory
wósk	N;DAT(DU)	wóskoma
płot	N;ESS(SG)	płocie
płot	N;ESS(PL)	płotach
płot	N;INS(PL)	płotami
płot	N;DAT(PL)	płotom
płot	N;GEN(SG)	płota
płot	N;NOM(DU)	płota
płot	N;NOM(SG)	płot
płot	N;DAT(DU)	płotoma
płot	N;INS(DU)	płotoma
płot	N;INS(SG)	płotem
płot	N;NOM(PL)	płoty
módry	ADJ;NOM(SG,MASC)	módry
maś	N;ACC(DU)	maju
maś	N;INS(PL)	maśami
maś	N;DAT(PL)	maśam
maś	N;GEN(SG)	maśa
maś	N;DAT(DU)	maśoma
maś	N;INS(DU)	maśoma
maś	N;GEN(PL)	maśow
maś	N;INS(SG)	maśom
spóraś	V;PST;1;DU	spórachmej
spóraś	V;PST;1;SG	spórach
spóraś	V;IMP;2;PL	spórajśo
spóraś	V;PRS;3;PL	spóraju
spóraś	V;IMP;2;SG	spór
spóraś	V;PRS;1;SG	spóram
spóraś	V;PRS;1;PL	spóramy
spóraś	V;PST;2;PL	spórašćo
spóraś	V;PRS;2;PL	spóraśo
spóraś	V;PRS;2;DU	spóratej
spóraś	V;PRS;3;DU	spórajotej
spóraś	V;PST;2;SG	spórašo
spóraś	V;PST;3;SG	spórašo
słoma	N;ESS(PL)	słomach
słoma	N;ACC(DU)	słomje
słoma	N;ESS(SG)	słomje
słoma	N;GEN(PL)	słom
słoma	N;GEN(DU)	słomowu
słoma	N;INS(SG)	słomą
słoma	N;ACC(PL)	słomy
słoma	N;GEN(SG)	słomy
wójca	N;ESS(PL)	wójcach
wójca	N;ACC(PL)	wójce
wójca	N;GEN(SG)	wójcy
wójca	N;GEN(DU)	wójcowu
wójca	N;ACC(DU)	wójce
wójca	N;DAT(SG)	wójce
serp	N;GEN(SG)	serpa
serp	N;ACC(SG)	serp
serp	N;DAT(DU)	serpoma
serp	N;ESS(DU)	serpoma
serp	N;INS(DU)	serpoma
serp	N;ACC(PL)	serpy
serp	N;NOM(PL)	serpy
njasć	V;PST;3;SG	njasło
njasć	V;PST;2;DU	njasłaštej
njasć	V;PRS;1;DU	njasmemej
njasć	V;PRS;3;SG	njasie
njasć	V;IMP;2;DU	njastej
njasć	V;IMP;2;SG	niech njas
damast	N;ESS(PL)	damastach
damast	N;INS(PL)	damastami
damast	N;ACC(DU)	damasta
damast	N;GEN(SG)	damastu
damast	N;NOM(DU)	damasta
damast	N;NOM(SG)	damast
damast	N;ESS(DU)	damastoma
damast	N;GEN(PL)	damastów
damast	N;ACC(PL)	damasty
damast	N;NOM(PL)	damasty
modry	ADJ;DAT(SG,FEM)	modrej
accuracy:0.785