ulieváreň	N;ESS(SG,FEM)	ulieváreni
ulieváreň	N;GEN(SG,FEM)	ulievárenia
obsaditeľný	ADJ;GEN(SG,MASC,ANIM)	obsaditeľného
obsaditeľný	ADJ;SPRL;NOM(SG,FEM)	najobsaditeľnejšia
obsaditeľný	ADJ;SPRL;DAT(PL,MASC,ANIM)	najobsaditeľnejším
obsaditeľný	ADJ;NOM(SG,MASC,ANIM)	obsaditeľný
obsaditeľný	ADJ;VOC(SG,NEUT)	obsaditeľné
obsaditeľný	ADJ;ACC(PL,FEM)	obsaditeľné
obsaditeľný	ADJ;CMPR;DAT(SG,MASC,ANIM)	obsaditeľnejšiemu
obsaditeľný	ADJ;SPRL;DAT(SG,MASC,INAN)	najobsaditeľnejšiemu
obsaditeľný	ADJ;DAT(PL,FEM)	obsaditeľným
obsaditeľný	ADJ;SPRL;INS(PL,MASC,ANIM)	najobsaditeľnejšími
obsaditeľný	ADJ;CMPR;INS(PL,MASC,INAN)	obsaditeľnejšími
obsaditeľný	ADJ;CMPR;INS(PL,NEUT)	obsaditeľnejšími
obsaditeľný	ADJ;SPRL;INS(PL,FEM)	najobsaditeľnejšími
obsaditeľný	ADJ;CMPR;INS(SG,FEM)	obsaditeľnejšou
obsaditeľný	ADJ;VOC(PL,MASC,ANIM)	obsaditeľní
obsaditeľný	ADJ;SPRL;GEN(PL,MASC,ANIM)	najobsaditeľnejších
obsaditeľný	ADJ;SPRL;ACC(PL,MASC,ANIM)	najobsaditeľnejších
obsaditeľný	ADJ;CMPR;ESS(PL,MASC,INAN)	obsaditeľnejších
obsaditeľný	ADJ;SPRL;ESS(PL,MASC,INAN)	najobsaditeľnejších
obsaditeľný	ADJ;SPRL;GEN(PL,NEUT)	najobsaditeľnejších
obsaditeľný	ADJ;SPRL;GEN(PL,FEM)	najobsaditeľnejších
obsaditeľný	ADJ;SPRL;NOM(SG,MASC,ANIM)	najobsaditeľnejší
obsaditeľný	ADJ;CMPR;ACC(SG,MASC,INAN)	obsaditeľnejší
obsaditeľný	ADJ;CMPR;VOC(SG,MASC,INAN)	obsaditeľnejší
obsaditeľný	ADJ;SPRL;VOC(SG,MASC,INAN)	najobsaditeľnejší
obsaditeľný	ADJ;SPRL;NOM(PL,MASC,ANIM)	najobsaditeľnejší
obsaditeľný	ADJ;CMPR;ACC(PL,MASC,INAN)	obsaditeľnejšie
obsaditeľný	ADJ;SPRL;ACC(PL,MASC,INAN)	najobsaditeľnejšie
obsaditeľný	ADJ;SPRL;NOM(SG,NEUT)	najobsaditeľnejšie
obsaditeľný	ADJ;CMPR;VOC(SG,NEUT)	obsaditeľnejšie
obsaditeľný	ADJ;SPRL;VOC(SG,NEUT)	najobsaditeľnejšie
obsaditeľný	ADJ;CMPR;ACC(PL,NEUT)	obsaditeľnejšie
obsaditeľný	ADJ;CMPR;NOM(PL,FEM)	obsaditeľnejšie
obsaditeľný	ADJ;SPRL;NOM(PL,FEM)	najobsaditeľnejšie
obsaditeľný	ADJ;CMPR;VOC(PL,FEM)	obsaditeľnejšie
obsaditeľný	ADJ;ESS(PL,MASC,ANIM)	obsaditeľných
obsaditeľný	ADJ;GEN(PL,MASC,INAN)	obsaditeľných
obsaditeľný	ADJ;ESS(PL,MASC,INAN)	obsaditeľných
obsaditeľný	ADJ;GEN(PL,NEUT)	obsaditeľných
obsaditeľný	ADJ;GEN(PL,FEM)	obsaditeľných
obsaditeľný	ADJ;CMPR;ESS(SG,FEM)	obsaditeľnejšej
obsaditeľný	ADJ;SPRL;ACC(SG,MASC,ANIM)	najobsaditeľnejšieho
obsaditeľný	ADJ;SPRL;GEN(SG,MASC,INAN)	najobsaditeľnejšieho
obsaditeľný	ADJ;CMPR;GEN(SG,NEUT)	obsaditeľnejšieho
obsaditeľný	ADJ;SPRL;GEN(SG,NEUT)	najobsaditeľnejšieho
obsaditeľný	ADJ;DAT(SG,MASC,INAN)	obsaditeľnému
uzátvorkovane	ADV;SPRL	najneuzátvorkovanejšie
prebrusujúci	ADJ;GEN(SG,MASC,INAN)	prebrusujúceho
prebrusujúci	ADJ;NOM(PL,MASC,INAN)	prebrusujúce
prebrusujúci	ADJ;ACC(PL,MASC,INAN)	prebrusujúce
prebrusujúci	ADJ;VOC(PL,MASC,INAN)	prebrusujúce
prebrusujúci	ADJ;ACC(PL,FEM)	prebrusujúce
prebrusujúci	ADJ;DAT(PL,MASC,INAN)	prebrusujúcim
prebrusujúci	ADJ;INS(SG,NEUT)	prebrusujúcim
prebrusujúci	ADJ;NOM(SG,FEM)	prebrusujúca
prebrusujúci	ADJ;VOC(SG,FEM)	prebrusujúca
prebrusujúci	ADJ;DAT(SG,FEM)	prebrusujúcej
prebrusujúci	ADJ;ACC(SG,MASC,INAN)	prebrusujúci
prebrusujúci	ADJ;VOC(SG,MASC,INAN)	prebrusujúci
prebrusujúci	ADJ;GEN(PL,NEUT)	prebrusujúcich
prebrusujúci	ADJ;ESS(PL,FEM)	prebrusujúcich
prebrusujúci	ADJ;DAT(SG,MASC,INAN)	prebrusujúcemu
prebrusujúci	ADJ;DAT(SG,NEUT)	prebrusujúcemu
vnukateľne	ADV;CMPR	nevnukateľnejšie
odvodeninovo	ADV;SPRL	najneodvodeninovejšie
karhací	ADJ;NOM(SG,FEM)	karhacia
karhací	ADJ;ACC(SG,FEM)	karhaciu
karhací	ADJ;ACC(PL,MASC,ANIM)	karhacích
karhací	ADJ;ESS(PL,MASC,ANIM)	karhacích
karhací	ADJ;ESS(PL,NEUT)	karhacích
karhací	ADJ;GEN(PL,FEM)	karhacích
karhací	ADJ;ESS(PL,FEM)	karhacích
karhací	ADJ;GEN(SG,MASC,ANIM)	karhacieho
karhací	ADJ;GEN(SG,NEUT)	karhacieho
karhací	ADJ;DAT(SG,FEM)	karhacej
karhací	ADJ;NOM(PL,MASC,INAN)	karhacie
karhací	ADJ;ACC(PL,MASC,INAN)	karhacie
karhací	ADJ;ACC(PL,NEUT)	karhacie
karhací	ADJ;DAT(SG,MASC,ANIM)	karhaciemu
karhací	ADJ;INS(PL,MASC,INAN)	karhacími
karhací	ADJ;INS(PL,NEUT)	karhacími
karhací	ADJ;INS(SG,MASC,ANIM)	karhacím
karhací	ADJ;INS(SG,MASC,INAN)	karhacím
pribúdavať	V.PTCP;PASS;IPFV;ACC;NOM(3,SG,FEM)	pribúdavanú
pribúdavať	V;PRS;IND;PFV;2;SG	pribúdaváš
pribúdavať	V.PTCP;PASS;NEG;IPFV;NOM;NOM(3,PL,NEUT)	nepribúdavané
pribúdavať	V.PTCP;PASS;NEG;PFV;NOM;NOM(3,PL,NEUT)	nepribúdavané
pribúdavať	V.PTCP;PASS;PFV;NOM;NOM(3,PL,MASC,INAN)	pribúdavané
pribúdavať	V;FUT;IND;NEG;IPFV;2;SG	nebudeš pribúdavať
pribúdavať	V;FUT;IND;IPFV;3;SG	bude pribúdavať
pribúdavať	V;FUT;IND;NEG;IPFV;3;SG	nebude pribúdavať
pribúdavať	V;FUT;IND;NEG;IPFV;1;PL	nebudeme pribúdavať
pribúdavať	V;FUT;IND;NEG;IPFV;2;PL	nebudete pribúdavať
pribúdavať	V;FUT;IND;IPFV;3;PL	budú pribúdavať
pribúdavať	V;PRS;IND;NEG;PFV;2;SG	nepribúdavaš
pribúdavať	V;PRS;IND;NEG;IPFV;2;PL	nepribúdavate
pribúdavať	V;COND;PST;NEG;IPFV;3;PL;MASC;ANIM	neboli by pribúdavali
pribúdavať	V;COND;PST;NEG;IPFV;1;PL;MASC;ANIM	neboli by sme pribúdavali
pribúdavať	V;PST;IND;NEG;PFV;2;PL;MASC;ANIM	nepribúdavali ste
pribúdavať	V;COND;PRS;NEG;PFV;1;PL;MASC;ANIM	nepribúdavali by sme
pribúdavať	V;COND;PRS;NEG;PFV;2;PL;MASC;ANIM	nepribúdavali by ste
pribúdavať	V;PST;IND;NEG;IPFV;1;PL;MASC;INAN	nepribúdavali sme
pribúdavať	V;PST;IND;NEG;IPFV;2;PL;MASC;INAN	nepribúdavali ste
pribúdavať	V;COND;PRS;NEG;IPFV;2;PL;MASC;INAN	nepribúdavali by ste
pribúdavať	V;COND;PST;NEG;IPFV;3;PL;MASC;INAN	neboli by pribúdavali
pribúdavať	V;COND;PST;NEG;IPFV;1;PL;MASC;INAN	neboli by sme pribúdavali
pribúdavať	V;COND;PRS;NEG;PFV;1;PL;MASC;INAN	nepribúdavali by sme
pribúdavať	V;COND;PST;NEG;PFV;1;PL;MASC;INAN	neboli by sme pribúdavali
pribúdavať	V;PST;IND;NEG;IPFV;2;PL;FEM	nepribúdavali ste
pribúdavať	V;PST;IND;NEG;PFV;1;PL;FEM	nepribúdavali sme
pribúdavať	V;COND;PRS;NEG;PFV;1;PL;FEM	nepribúdavali by sme
pribúdavať	V;PST;IND;NEG;IPFV;2;PL;NEUT	nepribúdavali ste
pribúdavať	V;COND;PRS;NEG;IPFV;2;PL;NEUT	nepribúdavali by ste
pribúdavať	V;COND;PST;NEG;IPFV;3;PL;NEUT	neboli by pribúdavali
pribúdavať	V;COND;PST;NEG;IPFV;2;PL;NEUT	neboli by ste pribúdavali
pribúdavať	V;COND;PRS;NEG;PFV;3;PL;NEUT	nepribúdavali by
pribúdavať	V;COND;PST;NEG;PFV;1;PL;NEUT	neboli by sme pribúdavali
pribúdavať	V;PST;IND;IPFV;2;SG;MASC	pribúdaval si
pribúdavať	V;COND;PST;IPFV;3;SG;MASC	bol by pribúdaval
pribúdavať	V;COND;PRS;PFV;3;SG;MASC	pribúdaval by pribúdaval
pribúdavať	V;COND;PRS;PFV;1;SG;MASC	pribúdaval by som pribúdaval
pribúdavať	V;COND;PST;PFV;3;SG;MASC	bol by pribúdaval
pribúdavať	V;NFIN;NEG;IPFV	nepribúdavať
pribúdavať	V.PTCP;PASS;IPFV;NOM;NOM(3,PL,MASC,ANIM)	pribúdavaní
pribúdavať	V.PTCP;PASS;PFV;NOM;NOM(3,PL,MASC,ANIM)	pribúdavaní
pribúdavať	V.PTCP;PASS;PFV;NOM;NOM(3,PL,FEM)	pribúdavané
pribúdavať	V;COND;PRS;IPFV;1;SG;NEUT	pribúdavalo by som pribúdavalo
pribúdavať	V;COND;PRS;IPFV;2;SG;NEUT	pribúdavalo by si pribúdavalo
pribúdavať	V;COND;PST;IPFV;3;SG;NEUT	bolo by pribúdavalo
pribúdavať	V;PST;IND;IPFV;1;SG;FEM	pribúdavala som
pribúdavať	V;PST;IND;IPFV;2;SG;FEM	pribúdavala si
pribúdavať	V;COND;PRS;IPFV;3;SG;FEM	pribúdavala by pribúdavala
pribúdavať	V;COND;PRS;IPFV;2;SG;FEM	pribúdavala by si pribúdavala
pribúdavať	V;COND;PST;IPFV;3;SG;FEM	bola by pribúdavala
pribúdavať	V;PST;IND;PFV;3;SG;FEM	pribúdavala
pribúdavať	V;COND;PRS;PFV;3;SG;FEM	pribúdavala by pribúdavala
pribúdavať	V;COND;PST;PFV;1;SG;FEM	bola by som pribúdavala
pribúdavať	V;PRS;IND;NEG;IPFV;3;SG	nepribúdava
pribúdavať	V;PRS;IND;NEG;PFV;3;SG	nepribúdava
pribúdavať	V;PST;IND;IPFV;1;PL;MASC;ANIM	pribúdavali sme
pribúdavať	V;COND;PRS;IPFV;2;PL;MASC;ANIM	pribúdavali by ste
pribúdavať	V;PST;IND;PFV;3;PL;MASC;ANIM	pribúdavali
pribúdavať	V;PST;IND;IPFV;3;PL;MASC;INAN	pribúdavali
pribúdavať	V;PST;IND;IPFV;1;PL;MASC;INAN	pribúdavali sme
pribúdavať	V;COND;PST;IPFV;3;PL;MASC;INAN	boli by pribúdavali
pribúdavať	V;COND;PST;IPFV;2;PL;MASC;INAN	boli by ste pribúdavali
pribúdavať	V;PST;IND;PFV;1;PL;MASC;INAN	pribúdavali sme
pribúdavať	V;PST;IND;IPFV;3;PL;FEM	pribúdavali
pribúdavať	V;PST;IND;IPFV;1;PL;FEM	pribúdavali sme
pribúdavať	V;PST;IND;PFV;3;PL;FEM	pribúdavali
pribúdavať	V;COND;PRS;PFV;3;PL;FEM	pribúdavali by
pribúdavať	V;COND;PST;PFV;3;PL;FEM	boli by pribúdavali
pribúdavať	V;PST;IND;IPFV;2;PL;NEUT	pribúdavali ste
pribúdavať	V;COND;PRS;IPFV;1;PL;NEUT	pribúdavali by sme
pribúdavať	V;COND;PST;IPFV;3;PL;NEUT	boli by pribúdavali
pribúdavať	V;PST;IND;PFV;2;PL;NEUT	pribúdavali ste
pribúdavať	V;COND;PRS;PFV;1;PL;NEUT	pribúdavali by sme
pribúdavať	V;COND;PST;PFV;3;PL;NEUT	boli by pribúdavali
pribúdavať	V;PRS;IND;IPFV;2;PL	pribúdavate
pribúdavať	V.PTCP;PASS;NEG;IPFV;NOM;NOM(3,PL,MASC,INAN)	nepribúdavané
pribúdavať	V;PST;IND;NEG;IPFV;2;SG;NEUT	nepribúdavalo si
pribúdavať	V;COND;PRS;NEG;PFV;3;SG;NEUT	nepribúdavalo by pribúdavalo
pribúdavať	V;COND;PRS;NEG;PFV;1;SG;NEUT	nepribúdavalo by som pribúdavalo
pribúdavať	V;COND;PRS;NEG;PFV;2;SG;NEUT	nepribúdavalo by si pribúdavalo
pribúdavať	V.PTCP;PASS;NEG;PFV;NOM;NOM(3,SG,MASC,INAN)	nepribúdavaný
pribúdavať	V.PTCP;PASS;IPFV;NOM;NOM(3,SG,MASC,ANIM)	pribúdavaný
pribúdavať	V.PTCP;PASS;PFV;NOM;NOM(3,SG,MASC,INAN)	pribúdavaný
pribúdavať	V;PRS;IND;NEG;IPFV;1;PL	nepribúdavame
pribúdavať	V;PRS;IND;PFV;1;SG	pribúdavam
pribúdavať	V.PTCP;PASS;IPFV;NOM;NOM(3,SG,NEUT)	pribúdavané
pribúdavať	V.PTCP;PASS;PFV;NOM;NOM(3,SG,FEM)	pribúdavaná
pribúdavať	V;COND;PRS;NEG;IPFV;1;SG;MASC	nepribúdaval by som pribúdaval
pribúdavať	V;COND;PRS;NEG;IPFV;2;SG;MASC	nepribúdaval by si pribúdaval
pribúdavať	V;COND;PRS;NEG;PFV;1;SG;MASC	nepribúdaval by som pribúdaval
pribúdavať	V;PST;IND;NEG;IPFV;2;SG;FEM	nepribúdavala si
pribúdavať	V;COND;PRS;NEG;IPFV;2;SG;FEM	nepribúdavala by si pribúdavala
pribúdavať	V;PST;IND;NEG;PFV;1;SG;FEM	nepribúdavala som
pribúdavať	V;PRS;IND;PFV;3;PL	pribúdavajú
dvojčiarkovanosť	N;GEN(PL,FEM)	dvojčiarkovaností
dvojčiarkovanosť	N;DAT(SG,FEM)	dvojčiarkovanosti
dvojčiarkovanosť	N;VOC(PL,FEM)	dvojčiarkovanosti
dvojčiarkovanosť	N;DAT(PL,FEM)	dvojčiarkovanostiam
vymodelovávanie	N;GEN(PL,NEUT)	vymodelovávaní
vymodelovávanie	N;GEN(SG,NEUT)	vymodelovávania
vymodelovávanie	N;ACC(PL,NEUT)	vymodelovávania
vymodelovávanie	N;ESS(PL,NEUT)	vymodelovávaniach
vymodelovávanie	N;INS(PL,NEUT)	vymodelovávaniami
vymodelovávanie	N;ACC(SG,NEUT)	vymodelovávanie
pokutene	ADV	nepokutene
pokutene	ADV;CMPR	nepokutenejšie
abstinúvane	ADV;CMPR	neabstinúvanejšie
zmaškrtene	ADV;CMPR	nezmaškrtenejšie
zmaškrtene	ADV;CMPR	nezmaškrtenejšie
primiešavavajúci	ADJ;ACC(SG,MASC,ANIM)	primiešavavajúceho
primiešavavajúci	ADJ;ACC(PL,MASC,INAN)	primiešavavajúce
primiešavavajúci	ADJ;NOM(PL,FEM)	primiešavavajúce
primiešavavajúci	ADJ;ACC(PL,FEM)	primiešavavajúce
primiešavavajúci	ADJ;INS(PL,MASC,INAN)	primiešavavajúcimi
primiešavavajúci	ADJ;INS(PL,FEM)	primiešavavajúcimi
primiešavavajúci	ADJ;INS(SG,MASC,INAN)	primiešavavajúcim
primiešavavajúci	ADJ;DAT(PL,NEUT)	primiešavavajúcim
primiešavavajúci	ADJ;ACC(SG,FEM)	primiešavavajúcu
primiešavavajúci	ADJ;NOM(SG,FEM)	primiešavavajúca
primiešavavajúci	ADJ;DAT(SG,FEM)	primiešavavajúcej
primiešavavajúci	ADJ;ESS(SG,FEM)	primiešavavajúcej
primiešavavajúci	ADJ;NOM(SG,MASC,ANIM)	primiešavavajúci
primiešavavajúci	ADJ;VOC(SG,MASC,ANIM)	primiešavavajúci
primiešavavajúci	ADJ;VOC(SG,MASC,INAN)	primiešavavajúci
primiešavavajúci	ADJ;GEN(PL,MASC,INAN)	primiešavavajúcich
primiešavavajúci	ADJ;DAT(SG,MASC,INAN)	primiešavavajúcemu
odstránkúvanie	N;GEN(SG,NEUT)	odstránkúvania
odstránkúvanie	N;VOC(PL,NEUT)	odstránkúvania
odstránkúvanie	N;DAT(SG,NEUT)	odstránkúvaniu
podliehane	ADV	nepodliehane
podliehane	ADV;CMPR	nepodliehanejšie
podliehane	ADV;SPRL	najnepodliehanejšie
turbovrtuľový	ADJ;VOC(PL,MASC,INAN)	turbovrtuľové
turbovrtuľový	ADJ;NOM(SG,NEUT)	turbovrtuľové
turbovrtuľový	ADJ;VOC(SG,NEUT)	turbovrtuľové
turbovrtuľový	ADJ;NOM(PL,NEUT)	turbovrtuľové
turbovrtuľový	ADJ;SPRL;ACC(SG,FEM)	najturbovrtuľovejšiu
turbovrtuľový	ADJ;CMPR;ESS(SG,MASC,ANIM)	turbovrtuľovejšom
turbovrtuľový	ADJ;SPRL;ESS(SG,MASC,INAN)	najturbovrtuľovejšom
turbovrtuľový	ADJ;CMPR;DAT(SG,MASC,ANIM)	turbovrtuľovejšiemu
turbovrtuľový	ADJ;SPRL;DAT(SG,MASC,INAN)	najturbovrtuľovejšiemu
turbovrtuľový	ADJ;CMPR;DAT(SG,NEUT)	turbovrtuľovejšiemu
turbovrtuľový	ADJ;SPRL;DAT(SG,NEUT)	najturbovrtuľovejšiemu
turbovrtuľový	ADJ;INS(PL,NEUT)	turbovrtuľovými
turbovrtuľový	ADJ;ACC(SG,MASC,ANIM)	turbovrtuľového
turbovrtuľový	ADJ;GEN(SG,MASC,INAN)	turbovrtuľového
turbovrtuľový	ADJ;NOM(SG,MASC,ANIM)	turbovrtuľový
turbovrtuľový	ADJ;CMPR;INS(SG,MASC,INAN)	turbovrtuľovejším
turbovrtuľový	ADJ;CMPR;INS(SG,NEUT)	turbovrtuľovejším
turbovrtuľový	ADJ;SPRL;INS(SG,NEUT)	najturbovrtuľovejším
turbovrtuľový	ADJ;CMPR;DAT(PL,FEM)	turbovrtuľovejším
turbovrtuľový	ADJ;VOC(SG,FEM)	turbovrtuľová
turbovrtuľový	ADJ;CMPR;VOC(SG,MASC,ANIM)	turbovrtuľovejší
turbovrtuľový	ADJ;CMPR;NOM(SG,MASC,INAN)	turbovrtuľovejší
turbovrtuľový	ADJ;CMPR;ACC(SG,MASC,INAN)	turbovrtuľovejší
turbovrtuľový	ADJ;SPRL;GEN(PL,MASC,ANIM)	najturbovrtuľovejších
turbovrtuľový	ADJ;SPRL;ESS(PL,MASC,INAN)	najturbovrtuľovejších
turbovrtuľový	ADJ;SPRL;ESS(PL,NEUT)	najturbovrtuľovejších
turbovrtuľový	ADJ;CMPR;ESS(PL,FEM)	turbovrtuľovejších
turbovrtuľový	ADJ;SPRL;ESS(PL,FEM)	najturbovrtuľovejších
turbovrtuľový	ADJ;SPRL;NOM(PL,MASC,INAN)	najturbovrtuľovejšie
turbovrtuľový	ADJ;CMPR;ACC(PL,MASC,INAN)	turbovrtuľovejšie
turbovrtuľový	ADJ;CMPR;VOC(PL,MASC,INAN)	turbovrtuľovejšie
turbovrtuľový	ADJ;CMPR;VOC(SG,NEUT)	turbovrtuľovejšie
turbovrtuľový	ADJ;SPRL;NOM(PL,FEM)	najturbovrtuľovejšie
turbovrtuľový	ADJ;GEN(PL,MASC,INAN)	turbovrtuľových
turbovrtuľový	ADJ;CMPR;GEN(SG,FEM)	turbovrtuľovejšej
turbovrtuľový	ADJ;SPRL;GEN(SG,FEM)	najturbovrtuľovejšej
turbovrtuľový	ADJ;CMPR;DAT(SG,FEM)	turbovrtuľovejšej
turbovrtuľový	ADJ;DAT(SG,MASC,ANIM)	turbovrtuľovému
turbovrtuľový	ADJ;DAT(SG,NEUT)	turbovrtuľovému
turbovrtuľový	ADJ;CMPR;ACC(SG,MASC,ANIM)	turbovrtuľovejšieho
turbovrtuľový	ADJ;SPRL;GEN(SG,MASC,INAN)	najturbovrtuľovejšieho
turbovrtuľový	ADJ;INS(SG,MASC,INAN)	turbovrtuľovým
turbovrtuľový	ADJ;GEN(SG,FEM)	turbovrtuľovej
turbovrtuľový	ADJ;CMPR;INS(SG,FEM)	turbovrtuľovejšou
turbovrtuľový	ADJ;CMPR;INS(PL,NEUT)	turbovrtuľovejšími
turbovrtuľový	ADJ;SPRL;INS(PL,FEM)	najturbovrtuľovejšími
ododrený	ADJ;NOM(SG,NEUT)	ododrené
ododrený	ADJ;VOC(SG,NEUT)	ododrené
ododrený	ADJ;NOM(PL,NEUT)	ododrené
ododrený	ADJ;CMPR;ESS(SG,NEUT)	ododrenejšom
ododrený	ADJ;SPRL;DAT(SG,NEUT)	najododrenejšiemu
ododrený	ADJ;INS(PL,NEUT)	ododrenými
ododrený	ADJ;ACC(SG,MASC,ANIM)	ododreného
ododrený	ADJ;GEN(SG,NEUT)	ododreného
ododrený	ADJ;VOC(SG,MASC,ANIM)	ododrený
ododrený	ADJ;ACC(SG,MASC,INAN)	ododrený
ododrený	ADJ;SPRL;INS(SG,MASC,ANIM)	najododrenejším
ododrený	ADJ;CMPR;DAT(PL,MASC,ANIM)	ododrenejším
ododrený	ADJ;CMPR;INS(SG,MASC,INAN)	ododrenejším
ododrený	ADJ;SPRL;INS(SG,MASC,INAN)	najododrenejším
ododrený	ADJ;CMPR;DAT(PL,MASC,INAN)	ododrenejším
ododrený	ADJ;SPRL;NOM(SG,FEM)	najododrenejšia
ododrený	ADJ;CMPR;NOM(SG,MASC,ANIM)	ododrenejší
ododrený	ADJ;SPRL;NOM(SG,MASC,ANIM)	najododrenejší
ododrený	ADJ;CMPR;VOC(SG,MASC,ANIM)	ododrenejší
ododrený	ADJ;SPRL;VOC(SG,MASC,ANIM)	najododrenejší
ododrený	ADJ;CMPR;VOC(SG,MASC,INAN)	ododrenejší
ododrený	ADJ;CMPR;NOM(PL,MASC,ANIM)	ododrenejší
ododrený	ADJ;CMPR;VOC(PL,MASC,ANIM)	ododrenejší
ododrený	ADJ;CMPR;GEN(PL,MASC,ANIM)	ododrenejších
ododrený	ADJ;CMPR;ESS(PL,MASC,ANIM)	ododrenejších
ododrený	ADJ;SPRL;GEN(PL,FEM)	najododrenejších
ododrený	ADJ;SPRL;NOM(PL,MASC,INAN)	najododrenejšie
ododrený	ADJ;CMPR;ACC(PL,MASC,INAN)	ododrenejšie
ododrený	ADJ;SPRL;VOC(PL,MASC,INAN)	najododrenejšie
ododrený	ADJ;SPRL;NOM(SG,NEUT)	najododrenejšie
ododrený	ADJ;SPRL;ACC(SG,NEUT)	najododrenejšie
ododrený	ADJ;CMPR;VOC(SG,NEUT)	ododrenejšie
ododrený	ADJ;SPRL;VOC(SG,NEUT)	najododrenejšie
ododrený	ADJ;CMPR;NOM(PL,NEUT)	ododrenejšie
ododrený	ADJ;SPRL;ACC(PL,NEUT)	najododrenejšie
ododrený	ADJ;CMPR;VOC(PL,NEUT)	ododrenejšie
ododrený	ADJ;SPRL;VOC(PL,NEUT)	najododrenejšie
ododrený	ADJ;CMPR;ACC(PL,FEM)	ododrenejšie
ododrený	ADJ;SPRL;VOC(PL,FEM)	najododrenejšie
ododrený	ADJ;VOC(PL,MASC,ANIM)	ododrení
ododrený	ADJ;ESS(PL,MASC,INAN)	ododrených
ododrený	ADJ;GEN(PL,NEUT)	ododrených
ododrený	ADJ;SPRL;GEN(SG,FEM)	najododrenejšej
ododrený	ADJ;SPRL;ESS(SG,FEM)	najododrenejšej
ododrený	ADJ;DAT(SG,NEUT)	ododrenému
ododrený	ADJ;CMPR;GEN(SG,MASC,ANIM)	ododrenejšieho
ododrený	ADJ;SPRL;GEN(SG,MASC,ANIM)	najododrenejšieho
ododrený	ADJ;CMPR;GEN(SG,NEUT)	ododrenejšieho
ododrený	ADJ;DAT(PL,MASC,ANIM)	ododreným
ododrený	ADJ;DAT(PL,MASC,INAN)	ododreným
ododrený	ADJ;GEN(SG,FEM)	ododrenej
ododrený	ADJ;SPRL;INS(PL,MASC,ANIM)	najododrenejšími
ododrený	ADJ;CMPR;INS(PL,MASC,INAN)	ododrenejšími
ododrený	ADJ;SPRL;INS(PL,FEM)	najododrenejšími
bankrotovací	ADJ;ACC(PL,MASC,ANIM)	bankrotovacích
bankrotovací	ADJ;GEN(PL,MASC,INAN)	bankrotovacích
bankrotovací	ADJ;ESS(PL,MASC,INAN)	bankrotovacích
bankrotovací	ADJ;ESS(PL,FEM)	bankrotovacích
bankrotovací	ADJ;ACC(SG,MASC,ANIM)	bankrotovacieho
bankrotovací	ADJ;GEN(SG,MASC,INAN)	bankrotovacieho
bankrotovací	ADJ;NOM(SG,NEUT)	bankrotovacie
bankrotovací	ADJ;NOM(PL,NEUT)	bankrotovacie
bankrotovací	ADJ;NOM(PL,FEM)	bankrotovacie
bankrotovací	ADJ;VOC(PL,FEM)	bankrotovacie
bankrotovací	ADJ;DAT(SG,NEUT)	bankrotovaciemu
bankrotovací	ADJ;INS(PL,MASC,ANIM)	bankrotovacími
bankrotovací	ADJ;INS(SG,FEM)	bankrotovacou
bankrotovací	ADJ;INS(SG,MASC,INAN)	bankrotovacím
bankrotovací	ADJ;ESS(SG,NEUT)	bankrotovacom
bankrotovací	ADJ;ACC(SG,MASC,INAN)	bankrotovací
bankrotovací	ADJ;VOC(SG,MASC,INAN)	bankrotovací
bankrotovací	ADJ;VOC(PL,MASC,ANIM)	bankrotovací
odkvapový	ADJ;ACC(SG,FEM)	odkvapovú
odkvapový	ADJ;ACC(PL,MASC,INAN)	odkvapové
odkvapový	ADJ;VOC(PL,MASC,INAN)	odkvapové
odkvapový	ADJ;NOM(SG,NEUT)	odkvapové
odkvapový	ADJ;ACC(SG,NEUT)	odkvapové
odkvapový	ADJ;NOM(PL,NEUT)	odkvapové
odkvapový	ADJ;VOC(PL,NEUT)	odkvapové
odkvapový	ADJ;ESS(SG,MASC,INAN)	odkvapovom
odkvapový	ADJ;ESS(SG,NEUT)	odkvapovom
odkvapový	ADJ;SPRL;ACC(SG,FEM)	najodkvapovejšiu
odkvapový	ADJ;CMPR;ESS(SG,MASC,ANIM)	odkvapovejšom
odkvapový	ADJ;CMPR;ESS(SG,MASC,INAN)	odkvapovejšom
odkvapový	ADJ;CMPR;ESS(SG,NEUT)	odkvapovejšom
odkvapový	ADJ;INS(PL,NEUT)	odkvapovými
odkvapový	ADJ;GEN(SG,MASC,ANIM)	odkvapového
odkvapový	ADJ;ACC(SG,MASC,ANIM)	odkvapového
odkvapový	ADJ;VOC(SG,MASC,INAN)	odkvapový
odkvapový	ADJ;CMPR;INS(SG,MASC,ANIM)	odkvapovejším
odkvapový	ADJ;CMPR;DAT(PL,MASC,ANIM)	odkvapovejším
odkvapový	ADJ;CMPR;INS(SG,MASC,INAN)	odkvapovejším
odkvapový	ADJ;SPRL;INS(SG,MASC,INAN)	najodkvapovejším
odkvapový	ADJ;SPRL;DAT(PL,MASC,INAN)	najodkvapovejším
odkvapový	ADJ;CMPR;VOC(SG,FEM)	odkvapovejšia
odkvapový	ADJ;SPRL;ACC(SG,MASC,INAN)	najodkvapovejší
odkvapový	ADJ;CMPR;NOM(PL,MASC,ANIM)	odkvapovejší
odkvapový	ADJ;SPRL;NOM(PL,MASC,ANIM)	najodkvapovejší
odkvapový	ADJ;SPRL;ACC(PL,MASC,ANIM)	najodkvapovejších
odkvapový	ADJ;CMPR;ESS(PL,MASC,ANIM)	odkvapovejších
odkvapový	ADJ;SPRL;ESS(PL,MASC,ANIM)	najodkvapovejších
odkvapový	ADJ;CMPR;ESS(PL,MASC,INAN)	odkvapovejších
odkvapový	ADJ;SPRL;ESS(PL,MASC,INAN)	najodkvapovejších
odkvapový	ADJ;SPRL;GEN(PL,NEUT)	najodkvapovejších
odkvapový	ADJ;SPRL;ESS(PL,NEUT)	najodkvapovejších
odkvapový	ADJ;SPRL;NOM(PL,MASC,INAN)	najodkvapovejšie
odkvapový	ADJ;CMPR;ACC(PL,MASC,INAN)	odkvapovejšie
odkvapový	ADJ;CMPR;VOC(PL,MASC,INAN)	odkvapovejšie
odkvapový	ADJ;CMPR;VOC(SG,NEUT)	odkvapovejšie
odkvapový	ADJ;SPRL;VOC(PL,FEM)	najodkvapovejšie
odkvapový	ADJ;ESS(PL,FEM)	odkvapových
odkvapový	ADJ;CMPR;DAT(SG,FEM)	odkvapovejšej
odkvapový	ADJ;CMPR;ESS(SG,FEM)	odkvapovejšej
odkvapový	ADJ;SPRL;ESS(SG,FEM)	najodkvapovejšej
odkvapový	ADJ;DAT(SG,MASC,ANIM)	odkvapovému
odkvapový	ADJ;SPRL;ACC(SG,MASC,ANIM)	najodkvapovejšieho
odkvapový	ADJ;DAT(SG,FEM)	odkvapovej
odkvapový	ADJ;ESS(SG,FEM)	odkvapovej
odkvapový	ADJ;SPRL;INS(SG,FEM)	najodkvapovejšou
odkvapový	ADJ;CMPR;INS(PL,MASC,INAN)	odkvapovejšími
odkvapový	ADJ;CMPR;INS(PL,NEUT)	odkvapovejšími
odkvapový	ADJ;CMPR;INS(PL,FEM)	odkvapovejšími
odkvapový	ADJ;SPRL;INS(PL,FEM)	najodkvapovejšími
štukový	ADJ;VOC(PL,MASC,ANIM)	štukoví
štukový	ADJ;VOC(PL,FEM)	štukové
štukový	ADJ;GEN(PL,MASC,ANIM)	štukových
štukový	ADJ;ACC(PL,MASC,ANIM)	štukových
štukový	ADJ;GEN(PL,MASC,INAN)	štukových
štukový	ADJ;ESS(PL,MASC,INAN)	štukových
štukový	ADJ;GEN(PL,NEUT)	štukových
štukový	ADJ;GEN(SG,MASC,INAN)	štukového
štukový	ADJ;GEN(SG,FEM)	štukovej
štukový	ADJ;DAT(PL,MASC,INAN)	štukovým
štukový	ADJ;INS(PL,MASC,INAN)	štukovými
štukový	ADJ;INS(PL,FEM)	štukovými
štukový	ADJ;NOM(SG,FEM)	štuková
štukový	ADJ;VOC(SG,MASC,ANIM)	štukový
vypojovávateľne	ADV	nevypojovávateľne
vypojovávateľne	ADV;CMPR	nevypojovávateľnejšie
vypojovávateľne	ADV;SPRL	najnevypojovávateľnejšie
diskutúvaný	ADJ;VOC(PL,NEUT)	diskutúvané
diskutúvaný	ADJ;ACC(PL,FEM)	diskutúvané
diskutúvaný	ADJ;ESS(SG,NEUT)	diskutúvanom
diskutúvaný	ADJ;SPRL;ACC(SG,FEM)	najdiskutúvanejšiu
diskutúvaný	ADJ;CMPR;ESS(SG,MASC,ANIM)	diskutúvanejšom
diskutúvaný	ADJ;CMPR;ESS(SG,NEUT)	diskutúvanejšom
diskutúvaný	ADJ;CMPR;DAT(SG,MASC,INAN)	diskutúvanejšiemu
diskutúvaný	ADJ;CMPR;DAT(SG,NEUT)	diskutúvanejšiemu
diskutúvaný	ADJ;GEN(SG,MASC,ANIM)	diskutúvaného
diskutúvaný	ADJ;ACC(SG,MASC,ANIM)	diskutúvaného
diskutúvaný	ADJ;ACC(SG,MASC,INAN)	diskutúvaný
diskutúvaný	ADJ;CMPR;INS(SG,MASC,ANIM)	diskutúvanejším
diskutúvaný	ADJ;SPRL;DAT(PL,MASC,INAN)	najdiskutúvanejším
diskutúvaný	ADJ;CMPR;NOM(SG,FEM)	diskutúvanejšia
diskutúvaný	ADJ;SPRL;VOC(SG,FEM)	najdiskutúvanejšia
diskutúvaný	ADJ;VOC(SG,FEM)	diskutúvaná
diskutúvaný	ADJ;CMPR;ACC(SG,MASC,INAN)	diskutúvanejší
diskutúvaný	ADJ;CMPR;VOC(SG,MASC,INAN)	diskutúvanejší
diskutúvaný	ADJ;SPRL;VOC(PL,MASC,ANIM)	najdiskutúvanejší
diskutúvaný	ADJ;CMPR;ESS(PL,MASC,ANIM)	diskutúvanejších
diskutúvaný	ADJ;CMPR;GEN(PL,MASC,INAN)	diskutúvanejších
diskutúvaný	ADJ;SPRL;ESS(PL,MASC,INAN)	najdiskutúvanejších
diskutúvaný	ADJ;CMPR;GEN(PL,NEUT)	diskutúvanejších
diskutúvaný	ADJ;CMPR;GEN(PL,FEM)	diskutúvanejších
diskutúvaný	ADJ;SPRL;VOC(PL,MASC,INAN)	najdiskutúvanejšie
diskutúvaný	ADJ;SPRL;NOM(SG,NEUT)	najdiskutúvanejšie
diskutúvaný	ADJ;SPRL;VOC(SG,NEUT)	najdiskutúvanejšie
diskutúvaný	ADJ;SPRL;NOM(PL,NEUT)	najdiskutúvanejšie
diskutúvaný	ADJ;CMPR;ACC(PL,NEUT)	diskutúvanejšie
diskutúvaný	ADJ;SPRL;NOM(PL,FEM)	najdiskutúvanejšie
diskutúvaný	ADJ;CMPR;ACC(PL,FEM)	diskutúvanejšie
diskutúvaný	ADJ;NOM(PL,MASC,ANIM)	diskutúvaní
diskutúvaný	ADJ;ESS(PL,MASC,INAN)	diskutúvaných
diskutúvaný	ADJ;ESS(PL,NEUT)	diskutúvaných
diskutúvaný	ADJ;CMPR;ACC(SG,MASC,ANIM)	diskutúvanejšieho
diskutúvaný	ADJ;CMPR;GEN(SG,NEUT)	diskutúvanejšieho
diskutúvaný	ADJ;SPRL;GEN(SG,NEUT)	najdiskutúvanejšieho
diskutúvaný	ADJ;DAT(PL,MASC,ANIM)	diskutúvaným
diskutúvaný	ADJ;DAT(PL,NEUT)	diskutúvaným
diskutúvaný	ADJ;DAT(PL,FEM)	diskutúvaným
diskutúvaný	ADJ;GEN(SG,FEM)	diskutúvanej
diskutúvaný	ADJ;ESS(SG,FEM)	diskutúvanej
diskutúvaný	ADJ;SPRL;INS(SG,FEM)	najdiskutúvanejšou
diskutúvaný	ADJ;SPRL;INS(PL,MASC,INAN)	najdiskutúvanejšími
diskutúvaný	ADJ;CMPR;INS(PL,NEUT)	diskutúvanejšími
diskutúvaný	ADJ;SPRL;INS(PL,FEM)	najdiskutúvanejšími
vyčiarkovanie	N;NOM(PL,NEUT)	vyčiarkovania
vyčiarkovanie	N;ESS(PL,NEUT)	vyčiarkovaniach
vyčiarkovanie	N;DAT(PL,NEUT)	vyčiarkovaniam
vyčiarkovanie	N;ACC(PL,NEUT)	vyčiarkovania
vyčiarkovanie	N;GEN(PL,NEUT)	vyčiarkovaní
vyčiarkovanie	N;VOC(SG,NEUT)	vyčiarkovanie
vyčiarkovanie	N;ESS(SG,NEUT)	vyčiarkovaní
dodýchanie	N;GEN(PL,NEUT)	dodýchaní
dodýchanie	N;NOM(PL,NEUT)	dodýchania
dodýchanie	N;VOC(PL,NEUT)	dodýchania
dodýchanie	N;ESS(PL,NEUT)	dodýchaniach
dodýchanie	N;DAT(PL,NEUT)	dodýchaniam
vymrene	ADV	nevymrene
vymrene	ADV;CMPR	nevymrenejšie
predkopírúvajúci	ADJ;ESS(SG,MASC,INAN)	predkopírúvajúcom
predkopírúvajúci	ADJ;ACC(SG,NEUT)	predkopírúvajúce
predkopírúvajúci	ADJ;NOM(PL,FEM)	predkopírúvajúce
predkopírúvajúci	ADJ;DAT(PL,MASC,INAN)	predkopírúvajúcim
predkopírúvajúci	ADJ;DAT(PL,NEUT)	predkopírúvajúcim
predkopírúvajúci	ADJ;ACC(SG,FEM)	predkopírúvajúcu
predkopírúvajúci	ADJ;NOM(SG,FEM)	predkopírúvajúca
predkopírúvajúci	ADJ;GEN(SG,FEM)	predkopírúvajúcej
predkopírúvajúci	ADJ;DAT(SG,FEM)	predkopírúvajúcej
predkopírúvajúci	ADJ;NOM(SG,MASC,ANIM)	predkopírúvajúci
predkopírúvajúci	ADJ;VOC(SG,MASC,ANIM)	predkopírúvajúci
predkopírúvajúci	ADJ;VOC(SG,MASC,INAN)	predkopírúvajúci
predkopírúvajúci	ADJ;GEN(PL,MASC,ANIM)	predkopírúvajúcich
predkopírúvajúci	ADJ;ESS(PL,MASC,ANIM)	predkopírúvajúcich
predkopírúvajúci	ADJ;ESS(PL,NEUT)	predkopírúvajúcich
predkopírúvajúci	ADJ;GEN(PL,FEM)	predkopírúvajúcich
pohládzanosť	N;NOM(SG,FEM)	pohládzanosť
pohládzanosť	N;INS(PL,FEM)	pohládzanosťami
pohládzanosť	N;DAT(SG,FEM)	pohládzanosti
pohládzanosť	N;VOC(PL,FEM)	pohládzanosti
pohládzanosť	N;DAT(PL,FEM)	pohládzanostiam
rozpermutovávací	ADJ;NOM(SG,FEM)	rozpermutovávacia
rozpermutovávací	ADJ;GEN(PL,MASC,INAN)	rozpermutovávacích
rozpermutovávací	ADJ;GEN(SG,MASC,INAN)	rozpermutovávacieho
rozpermutovávací	ADJ;DAT(SG,FEM)	rozpermutovávacej
rozpermutovávací	ADJ;ACC(PL,MASC,INAN)	rozpermutovávacie
rozpermutovávací	ADJ;NOM(SG,NEUT)	rozpermutovávacie
rozpermutovávací	ADJ;VOC(SG,NEUT)	rozpermutovávacie
rozpermutovávací	ADJ;NOM(PL,NEUT)	rozpermutovávacie
rozpermutovávací	ADJ;ACC(PL,NEUT)	rozpermutovávacie
rozpermutovávací	ADJ;NOM(PL,FEM)	rozpermutovávacie
rozpermutovávací	ADJ;INS(SG,MASC,INAN)	rozpermutovávacím
rozpermutovávací	ADJ;DAT(PL,MASC,INAN)	rozpermutovávacím
rozpermutovávací	ADJ;ACC(SG,MASC,INAN)	rozpermutovávací
pucúvateľne	ADV	nepucúvateľne
pucúvateľne	ADV	nepucúvateľne
pucúvateľne	ADV;CMPR	nepucúvateľnejšie
pucúvateľne	ADV;CMPR	nepucúvateľnejšie
debugger	N;GEN(SG,MASC,INAN)	debuggera
debugger	N;DAT(SG,MASC,INAN)	debuggerowi
debugger	N;INS(SG,MASC,INAN)	debuggerem
debugger	N;DAT(PL,MASC,INAN)	debuggerom
ejektor	N;VOC(PL,MASC,INAN)	ejektory
ejektor	N;INS(PL,MASC,INAN)	ejektorami
ejektor	N;GEN(PL,MASC,INAN)	ejektorów
ejektor	N;VOC(SG,MASC,INAN)	ejektor
ejektor	N;ESS(PL,MASC,INAN)	ejektorach
ejektor	N;DAT(SG,MASC,INAN)	ejektorovi
rozparcelúvane	ADV	nerozparcelúvane
rozparcelúvane	ADV;SPRL	najnerozparcelúvanejšie
zdezintegrovávací	ADJ;ACC(PL,MASC,ANIM)	zdezintegrovávací
zdezintegrovávací	ADJ;ESS(PL,MASC,ANIM)	zdezintegrovávacích
zdezintegrovávací	ADJ;ESS(PL,NEUT)	zdezintegrovávacích
zdezintegrovávací	ADJ;GEN(PL,FEM)	zdezintegrovávacích
zdezintegrovávací	ADJ;ESS(PL,FEM)	zdezintegrovávacích
zdezintegrovávací	ADJ;GEN(SG,MASC,INAN)	zdezintegrovávacího
zdezintegrovávací	ADJ;DAT(SG,FEM)	zdezintegrovávací
zdezintegrovávací	ADJ;VOC(SG,NEUT)	zdezintegrovávací
zdezintegrovávací	ADJ;DAT(SG,MASC,ANIM)	zdezintegrovávacímu
zdezintegrovávací	ADJ;DAT(SG,MASC,INAN)	zdezintegrovávacímu
zdezintegrovávací	ADJ;INS(SG,NEUT)	zdezintegrovávacím
zdezintegrovávací	ADJ;DAT(PL,FEM)	zdezintegrovávacím
zdezintegrovávací	ADJ;ESS(SG,NEUT)	zdezintegrovávacím
zdezintegrovávací	ADJ;NOM(SG,MASC,INAN)	zdezintegrovávací
zdezintegrovávací	ADJ;VOC(SG,MASC,INAN)	zdezintegrovávací
zdezintegrovávací	ADJ;NOM(PL,MASC,ANIM)	zdezintegrovávací
preasfaltovávateľnosť	N;NOM(SG,FEM)	preasfaltovávateľnosť
preasfaltovávateľnosť	N;GEN(SG,FEM)	preasfaltovávateľnosti
preasfaltovávateľnosť	N;ESS(SG,FEM)	preasfaltovávateľnosti
preasfaltovávateľnosť	N;INS(SG,FEM)	preasfaltovávateľnosťou
vyhrnutý	ADJ;ACC(SG,FEM)	vyhrnutou
vyhrnutý	ADJ;NOM(SG,NEUT)	vyhrnuté
vyhrnutý	ADJ;VOC(PL,NEUT)	vyhrnuté
vyhrnutý	ADJ;ACC(PL,FEM)	vyhrnuté
vyhrnutý	ADJ;ESS(SG,MASC,ANIM)	vyhrnutém
vyhrnutý	ADJ;SPRL;ACC(SG,FEM)	nejvyhrnutější
vyhrnutý	ADJ;CMPR;ESS(SG,NEUT)	vyhrnutějším
vyhrnutý	ADJ;CMPR;DAT(SG,MASC,INAN)	vyhrnutějšímu
vyhrnutý	ADJ;GEN(SG,MASC,ANIM)	vyhrnutého
vyhrnutý	ADJ;CMPR;INS(SG,NEUT)	vyhrnutějším
vyhrnutý	ADJ;SPRL;INS(SG,NEUT)	nejvyhrnutějším
vyhrnutý	ADJ;CMPR;VOC(SG,FEM)	vyhrnutější
vyhrnutý	ADJ;VOC(SG,FEM)	vyhrnutá
vyhrnutý	ADJ;CMPR;VOC(SG,MASC,ANIM)	vyhrnutější
vyhrnutý	ADJ;SPRL;VOC(SG,MASC,ANIM)	nejvyhrnutější
vyhrnutý	ADJ;SPRL;GEN(PL,MASC,ANIM)	nejvyhrnutějších
vyhrnutý	ADJ;CMPR;ACC(PL,MASC,ANIM)	vyhrnutější
vyhrnutý	ADJ;SPRL;ACC(PL,MASC,ANIM)	nejvyhrnutější
vyhrnutý	ADJ;SPRL;ESS(PL,MASC,ANIM)	nejvyhrnutějších
vyhrnutý	ADJ;SPRL;ESS(PL,MASC,INAN)	nejvyhrnutějších
vyhrnutý	ADJ;CMPR;GEN(PL,NEUT)	vyhrnutějších
vyhrnutý	ADJ;SPRL;GEN(PL,NEUT)	nejvyhrnutějších
vyhrnutý	ADJ;CMPR;ESS(PL,NEUT)	vyhrnutějších
vyhrnutý	ADJ;CMPR;GEN(PL,FEM)	vyhrnutějších
vyhrnutý	ADJ;SPRL;ESS(PL,FEM)	nejvyhrnutějších
vyhrnutý	ADJ;SPRL;NOM(PL,MASC,INAN)	nejvyhrnutější
vyhrnutý	ADJ;CMPR;ACC(PL,MASC,INAN)	vyhrnutější
vyhrnutý	ADJ;SPRL;ACC(PL,MASC,INAN)	nejvyhrnutější
vyhrnutý	ADJ;CMPR;NOM(SG,NEUT)	vyhrnutější
vyhrnutý	ADJ;SPRL;VOC(SG,NEUT)	nejvyhrnutější
vyhrnutý	ADJ;CMPR;NOM(PL,NEUT)	vyhrnutější
vyhrnutý	ADJ;CMPR;ACC(PL,FEM)	vyhrnutější
vyhrnutý	ADJ;GEN(PL,MASC,ANIM)	vyhrnutých
vyhrnutý	ADJ;GEN(PL,MASC,INAN)	vyhrnutých
vyhrnutý	ADJ;ESS(PL,MASC,INAN)	vyhrnutých
vyhrnutý	ADJ;DAT(SG,MASC,ANIM)	vyhrnutému
vyhrnutý	ADJ;SPRL;ACC(SG,MASC,ANIM)	nejvyhrnutějšího
vyhrnutý	ADJ;DAT(PL,NEUT)	vyhrnutým
vyhrnutý	ADJ;DAT(SG,FEM)	vyhrnuté
vyhrnutý	ADJ;CMPR;INS(PL,MASC,ANIM)	vyhrnutějšími
vyhrnutý	ADJ;CMPR;INS(PL,MASC,INAN)	vyhrnutějšími
otesávateľný	ADJ;ACC(SG,FEM)	otesávateľnú
otesávateľný	ADJ;ACC(PL,MASC,INAN)	otesávateľné
otesávateľný	ADJ;VOC(PL,MASC,INAN)	otesávateľné
otesávateľný	ADJ;VOC(PL,FEM)	otesávateľné
otesávateľný	ADJ;ESS(SG,MASC,INAN)	otesávateľnom
otesávateľný	ADJ;ESS(SG,NEUT)	otesávateľnom
otesávateľný	ADJ;INS(SG,FEM)	otesávateľnou
otesávateľný	ADJ;SPRL;ESS(SG,MASC,INAN)	najotesávateľnejšom
otesávateľný	ADJ;CMPR;ESS(SG,NEUT)	otesávateľnejšom
otesávateľný	ADJ;SPRL;ESS(SG,NEUT)	najotesávateľnejšom
otesávateľný	ADJ;CMPR;DAT(SG,MASC,ANIM)	otesávateľnejšiemu
otesávateľný	ADJ;INS(PL,MASC,ANIM)	otesávateľnými
otesávateľný	ADJ;ACC(SG,MASC,ANIM)	otesávateľného
otesávateľný	ADJ;NOM(SG,MASC,ANIM)	otesávateľný
otesávateľný	ADJ;VOC(SG,MASC,ANIM)	otesávateľný
otesávateľný	ADJ;VOC(SG,MASC,INAN)	otesávateľný
otesávateľný	ADJ;SPRL;INS(SG,MASC,ANIM)	najotesávateľnejším
otesávateľný	ADJ;SPRL;INS(SG,MASC,INAN)	najotesávateľnejším
otesávateľný	ADJ;SPRL;DAT(PL,MASC,INAN)	najotesávateľnejším
otesávateľný	ADJ;CMPR;INS(SG,NEUT)	otesávateľnejším
otesávateľný	ADJ;CMPR;DAT(PL,FEM)	otesávateľnejším
otesávateľný	ADJ;SPRL;DAT(PL,FEM)	najotesávateľnejším
otesávateľný	ADJ;CMPR;NOM(SG,FEM)	otesávateľnejšia
otesávateľný	ADJ;NOM(SG,FEM)	otesávateľná
otesávateľný	ADJ;SPRL;NOM(SG,MASC,ANIM)	najotesávateľnejší
otesávateľný	ADJ;CMPR;NOM(SG,MASC,INAN)	otesávateľnejší
otesávateľný	ADJ;SPRL;VOC(SG,MASC,INAN)	najotesávateľnejší
otesávateľný	ADJ;CMPR;VOC(PL,MASC,ANIM)	otesávateľnejší
otesávateľný	ADJ;SPRL;GEN(PL,MASC,ANIM)	najotesávateľnejších
otesávateľný	ADJ;SPRL;ACC(PL,MASC,ANIM)	najotesávateľnejších
otesávateľný	ADJ;SPRL;ESS(PL,MASC,ANIM)	najotesávateľnejších
otesávateľný	ADJ;SPRL;GEN(PL,MASC,INAN)	najotesávateľnejších
otesávateľný	ADJ;SPRL;ESS(PL,MASC,INAN)	najotesávateľnejších
otesávateľný	ADJ;CMPR;NOM(PL,MASC,INAN)	otesávateľnejšie
otesávateľný	ADJ;CMPR;ACC(PL,MASC,INAN)	otesávateľnejšie
otesávateľný	ADJ;CMPR;NOM(SG,NEUT)	otesávateľnejšie
otesávateľný	ADJ;CMPR;VOC(SG,NEUT)	otesávateľnejšie
otesávateľný	ADJ;CMPR;NOM(PL,NEUT)	otesávateľnejšie
otesávateľný	ADJ;CMPR;ACC(PL,NEUT)	otesávateľnejšie
otesávateľný	ADJ;GEN(PL,NEUT)	otesávateľných
otesávateľný	ADJ;ESS(PL,FEM)	otesávateľných
otesávateľný	ADJ;CMPR;GEN(SG,FEM)	otesávateľnejšej
otesávateľný	ADJ;SPRL;GEN(SG,FEM)	najotesávateľnejšej
otesávateľný	ADJ;CMPR;ESS(SG,FEM)	otesávateľnejšej
otesávateľný	ADJ;DAT(SG,MASC,INAN)	otesávateľnému
otesávateľný	ADJ;CMPR;GEN(SG,MASC,INAN)	otesávateľnejšieho
otesávateľný	ADJ;SPRL;GEN(SG,MASC,INAN)	najotesávateľnejšieho
otesávateľný	ADJ;CMPR;GEN(SG,NEUT)	otesávateľnejšieho
otesávateľný	ADJ;DAT(PL,MASC,ANIM)	otesávateľným
otesávateľný	ADJ;DAT(SG,FEM)	otesávateľnej
otesávateľný	ADJ;CMPR;INS(PL,FEM)	otesávateľnejšími
odvliekavať	V;PRS;IND;IPFV;2;PL	odvliekavate
odvliekavať	V;PST;IND;NEG;IPFV;1;PL;MASC;ANIM	neodvliekavali sme
odvliekavať	V;COND;PRS;NEG;IPFV;3;PL;MASC;ANIM	neodvliekavali by
odvliekavať	V;COND;PST;NEG;IPFV;1;PL;MASC;ANIM	neboli by sme odvliekavali
odvliekavať	V;PST;IND;NEG;PFV;2;PL;MASC;ANIM	neodvliekavali ste
odvliekavať	V;COND;PRS;NEG;PFV;3;PL;MASC;ANIM	neodvliekavali by
odvliekavať	V;COND;PRS;NEG;PFV;2;PL;MASC;ANIM	neodvliekavali by ste
odvliekavať	V;COND;PST;NEG;PFV;3;PL;MASC;ANIM	neboli by odvliekavali
odvliekavať	V;COND;PST;NEG;PFV;2;PL;MASC;ANIM	neboli by ste odvliekavali
odvliekavať	V;PST;IND;NEG;IPFV;1;PL;MASC;INAN	neodvliekavali sme
odvliekavať	V;PST;IND;NEG;IPFV;2;PL;MASC;INAN	neodvliekavali ste
odvliekavať	V;COND;PRS;NEG;IPFV;3;PL;MASC;INAN	neodvliekavali by
odvliekavať	V;COND;PRS;NEG;IPFV;1;PL;MASC;INAN	neodvliekavali by sme
odvliekavať	V;COND;PST;NEG;IPFV;2;PL;MASC;INAN	neboli by ste odvliekavali
odvliekavať	V;PST;IND;NEG;PFV;1;PL;MASC;INAN	neodvliekavali sme
odvliekavať	V;COND;PRS;NEG;PFV;3;PL;MASC;INAN	neodvliekavali by
odvliekavať	V;COND;PRS;NEG;PFV;2;PL;MASC;INAN	neodvliekavali by ste
odvliekavať	V;COND;PST;NEG;PFV;3;PL;MASC;INAN	neboli by odvliekavali
odvliekavať	V;PST;IND;NEG;IPFV;1;PL;FEM	neodvliekavali sme
odvliekavať	V;COND;PRS;NEG;IPFV;3;PL;FEM	neodvliekavali by
odvliekavať	V;COND;PST;NEG;IPFV;3;PL;FEM	neboli by odvliekavali
odvliekavať	V;COND;PST;NEG;IPFV;1;PL;FEM	neboli by sme odvliekavali
odvliekavať	V;PST;IND;NEG;PFV;1;PL;FEM	neodvliekavali sme
odvliekavať	V;COND;PRS;NEG;PFV;1;PL;FEM	neodvliekavali by sme
odvliekavať	V;PST;IND;NEG;PFV;1;PL;NEUT	neodvliekavali sme
odvliekavať	V;PST;IND;NEG;PFV;2;PL;NEUT	neodvliekavali ste
odvliekavať	V;COND;PST;IPFV;2;SG;FEM	bola by si odvliekavala
odvliekavať	V;PST;IND;PFV;1;SG;FEM	odvliekavala som
odvliekavať	V;PST;IND;PFV;2;SG;FEM	odvliekavala si
odvliekavať	V;COND;PRS;PFV;3;SG;FEM	odvliekavala by odvliekavala
odvliekavať	V;COND;PST;PFV;1;SG;FEM	bola by som odvliekavala
odvliekavať	V.PTCP;PASS;NEG;PFV;NOM;NOM(3,SG,MASC,ANIM)	neodvliekavaný
odvliekavať	V;COND;PRS;NEG;IPFV;3;SG;NEUT	neodvliekavalo by odvliekavalo
odvliekavať	V;COND;PST;NEG;IPFV;1;SG;NEUT	nebolo by som odvliekavalo
odvliekavať	V;COND;PRS;NEG;PFV;3;SG;NEUT	neodvliekavalo by odvliekavalo
odvliekavať	V;COND;PST;NEG;PFV;1;SG;NEUT	nebolo by som odvliekavalo
odvliekavať	V.PTCP;PASS;PFV;ACC;NOM(3,SG,FEM)	odvliekavanú
odvliekavať	V;IMP;IPFV;2;PL	odvliekavajte
odvliekavať	V.PTCP;PASS;IPFV;NOM;NOM(3,PL,MASC,ANIM)	odvliekavaní
odvliekavať	V.PTCP;PASS;NEG;IPFV;NOM;NOM(3,PL,MASC,ANIM)	neodvliekavaní
odvliekavať	V;PST;IND;NEG;IPFV;1;SG;FEM	neodvliekavala som
odvliekavať	V;COND;PST;NEG;IPFV;3;SG;FEM	nebola by odvliekavala
odvliekavať	V;PST;IND;NEG;PFV;3;SG;FEM	neodvliekavala
odvliekavať	V;COND;PRS;NEG;PFV;3;SG;FEM	neodvliekavala by odvliekavala
odvliekavať	V;COND;PST;NEG;PFV;3;SG;FEM	nebola by odvliekavala
odvliekavať	V;IMP;PFV;2;SG	odvliekaj
odvliekavať	V.PTCP;PASS;PFV;NOM;NOM(3,PL,FEM)	odvliekavané
odvliekavať	V;FUT;IND;IPFV;1;SG	budem odvliekavať
odvliekavať	V;FUT;IND;IPFV;3;SG	bude odvliekavať
odvliekavať	V;FUT;IND;NEG;IPFV;3;SG	nebude odvliekavať
odvliekavať	V;FUT;IND;IPFV;1;PL	budeme odvliekavať
odvliekavať	V;FUT;IND;NEG;IPFV;1;PL	nebudeme odvliekavať
odvliekavať	V;FUT;IND;IPFV;3;PL	budú odvliekavať
odvliekavať	V;PST;IND;IPFV;3;SG;NEUT	odvliekavalo
odvliekavať	V;COND;PST;IPFV;3;SG;NEUT	bolo by odvliekavalo
odvliekavať	V;COND;PST;IPFV;2;SG;NEUT	bolo by si odvliekavalo
odvliekavať	V;PST;IND;PFV;1;SG;NEUT	odvliekavalo som
odvliekavať	V.PTCP;PASS;NEG;PFV;NOM;NOM(3,SG,NEUT)	neodvliekavané
odvliekavať	V;PRS;IND;IPFV;1;PL	odvliekavame
odvliekavať	V;PRS;IND;PFV;1;PL	odvliekavame
odvliekavať	V.PTCP;PASS;NEG;IPFV;ACC;NOM(3,SG,FEM)	neodvliekavanú
odvliekavať	V.PTCP;PASS;NEG;PFV;ACC;NOM(3,SG,FEM)	neodvliekavanú
odvliekavať	V;PRS;IND;IPFV;3;PL	odvliekavajú
odvliekavať	V;PRS;IND;PFV;3;PL	odvliekavajú
odvliekavať	V.PTCP;PASS;NEG;PFV;NOM;NOM(3,SG,MASC,INAN)	neodvliekavaný
odvliekavať	V;COND;PRS;IPFV;2;PL;MASC;ANIM	odvliekavali by ste
odvliekavať	V;COND;PRS;PFV;3;PL;MASC;ANIM	odvliekavali by
odvliekavať	V;COND;PRS;PFV;1;PL;MASC;ANIM	odvliekavali by sme
odvliekavať	V;COND;PST;PFV;1;PL;MASC;ANIM	boli by sme odvliekavali
odvliekavať	V;COND;PST;IPFV;1;PL;MASC;INAN	boli by sme odvliekavali
odvliekavať	V;PST;IND;PFV;3;PL;MASC;INAN	odvliekavali
odvliekavať	V;COND;PRS;PFV;2;PL;MASC;INAN	odvliekavali by ste
odvliekavať	V;PST;IND;IPFV;3;PL;FEM	odvliekavali
odvliekavať	V;COND;PRS;IPFV;3;PL;FEM	odvliekavali by
odvliekavať	V;COND;PST;IPFV;3;PL;FEM	boli by odvliekavali
odvliekavať	V;COND;PST;IPFV;1;PL;FEM	boli by sme odvliekavali
odvliekavať	V;COND;PRS;PFV;1;PL;FEM	odvliekavali by sme
odvliekavať	V;PST;IND;IPFV;2;PL;NEUT	odvliekavali ste
odvliekavať	V;PST;IND;PFV;1;PL;NEUT	odvliekavali sme
odvliekavať	V;COND;PST;PFV;1;PL;NEUT	boli by sme odvliekavali
odvliekavať	V;PRS;IND;NEG;IPFV;3;PL	neodvliekavajú
odvliekavať	V;PRS;IND;NEG;PFV;3;PL	neodvliekavajú
odvliekavať	V.PTCP;PASS;IPFV;NOM;NOM(3,SG,FEM)	odvliekavaná
odvliekavať	V.PTCP;PASS;PFV;NOM;NOM(3,SG,FEM)	odvliekavaná
odvliekavať	V.PTCP;PASS;NEG;IPFV;NOM;NOM(3,PL,MASC,INAN)	neodvliekavané
odvliekavať	V;PRS;IND;NEG;IPFV;1;SG	neodvliekavam
odvliekavať	V;PST;IND;NEG;IPFV;2;SG;MASC	neodvliekaval si
odvliekavať	V;COND;PRS;NEG;IPFV;1;SG;MASC	neodvliekaval by som odvliekaval
odvliekavať	V;PST;IND;NEG;PFV;3;SG;MASC	neodvliekaval
odvliekavať	V;COND;PRS;NEG;PFV;1;SG;MASC	neodvliekaval by som odvliekaval
odvliekavať	V;COND;PST;NEG;PFV;1;SG;MASC	nebol by som odvliekaval
odvliekavať	V;IMP;NEG;PFV;2;PL	neodvliekavajte
odvliekavať	V.PTCP;PASS;IPFV;NOM;NOM(3,PL,MASC,INAN)	odvliekavané
odvliekavať	V;PST;IND;IPFV;3;SG;MASC	odvliekaval
odvliekavať	V;PST;IND;IPFV;2;SG;MASC	odvliekaval si
odvliekavať	V;COND;PRS;IPFV;2;SG;MASC	odvliekaval by si odvliekaval
odvliekavať	V;COND;PST;IPFV;3;SG;MASC	bol by odvliekaval
odvliekavať	V;COND;PRS;PFV;3;SG;MASC	odvliekaval by odvliekaval
odvliekavať	V;COND;PRS;PFV;2;SG;MASC	odvliekaval by si odvliekaval
odvliekavať	V;COND;PST;PFV;3;SG;MASC	bol by odvliekaval
odvliekavať	V;PRS;IND;PFV;3;SG	odvliekava
neuropočítač	N;NOM(PL,MASC,INAN)	neuropočítače
neuropočítač	N;INS(SG,MASC,INAN)	neuropočítačom
neuropočítač	N;NOM(SG,MASC,INAN)	neuropočítač
neuropočítač	N;ACC(SG,MASC,INAN)	neuropočítač
sfarbúvateľne	ADV;SPRL	najnesfarbúvateľnejšie
sfarbúvateľne	ADV;SPRL	najnesfarbúvateľnejšie
čmeliak	N;NOM(SG,MASC,ANIM)	čmeliak
čmeliak	N;ESS(PL,MASC,INAN)	čmeliakach
čmeliak	N;INS(PL,MASC,INAN)	čmeliakami
presnoriť	V;PRS;IND;IPFV;2;SG	presnoríš
presnoriť	V;PRS;IND;PFV;2;SG	presnoríš
presnoriť	V;PST;IND;IPFV;3;SG;MASC	presnoril
presnoriť	V;COND;PRS;IPFV;3;SG;MASC	presnoril by presnoril
presnoriť	V;PST;IND;PFV;2;SG;MASC	presnoril si
presnoriť	V;COND;PRS;PFV;2;SG;MASC	presnoril by si presnoril
presnoriť	V;COND;PST;PFV;3;SG;MASC	bol by presnoril
presnoriť	V;PST;IND;NEG;IPFV;1;SG;NEUT	nepresnorilo som
presnoriť	V;COND;PRS;NEG;IPFV;1;SG;NEUT	nepresnorilo by som presnorilo
presnoriť	V;COND;PST;NEG;IPFV;1;SG;NEUT	nebolo by som presnorilo
presnoriť	V;COND;PST;NEG;PFV;2;SG;NEUT	nebolo by si presnorilo
presnoriť	V.PTCP;PASS;NEG;PFV;ACC;NOM(3,SG,FEM)	nepresnorenú
presnoriť	V.PTCP;PASS;NEG;PFV;NOM;NOM(3,PL,FEM)	nepresnorené
presnoriť	V.PTCP;PASS;NEG;IPFV;NOM;NOM(3,SG,NEUT)	nepresnorené
presnoriť	V;PRS;IND;IPFV;3;PL	presnorí
presnoriť	V;PRS;IND;PFV;3;PL	presnorí
presnoriť	V.PTCP;PASS;PFV;NOM;NOM(3,SG,MASC,ANIM)	presnorený
presnoriť	V.PTCP;PASS;PFV;NOM;NOM(3,PL,FEM)	presnorené
presnoriť	V;NFIN;NEG;IPFV	nepresnoriť
presnoriť	V.PTCP;PASS;PFV;NOM;NOM(3,PL,MASC,INAN)	presnorené
presnoriť	V;IMP;NEG;IPFV;1;PL	nepresnorme
presnoriť	V;PST;IND;NEG;IPFV;3;PL;MASC;ANIM	nepresnorili
presnoriť	V;PST;IND;NEG;IPFV;2;PL;MASC;ANIM	nepresnorili ste
presnoriť	V;COND;PST;NEG;IPFV;1;PL;MASC;ANIM	neboli by sme presnorili
presnoriť	V;PST;IND;NEG;PFV;3;PL;MASC;ANIM	nepresnorili
presnoriť	V;PST;IND;NEG;PFV;1;PL;MASC;ANIM	nepresnorili sme
presnoriť	V;COND;PRS;NEG;PFV;1;PL;MASC;ANIM	nepresnorili by sme
presnoriť	V;COND;PRS;NEG;PFV;2;PL;MASC;ANIM	nepresnorili by ste
presnoriť	V;COND;PRS;NEG;IPFV;1;PL;MASC;INAN	nepresnorili by sme
presnoriť	V;COND;PRS;NEG;IPFV;2;PL;MASC;INAN	nepresnorili by ste
presnoriť	V;PST;IND;NEG;PFV;2;PL;MASC;INAN	nepresnorili ste
presnoriť	V;COND;PRS;NEG;PFV;1;PL;MASC;INAN	nepresnorili by sme
presnoriť	V;COND;PST;NEG;PFV;3;PL;MASC;INAN	neboli by presnorili
presnoriť	V;PST;IND;NEG;IPFV;1;PL;FEM	nepresnorili sme
presnoriť	V;COND;PST;NEG;IPFV;3;PL;FEM	neboli by presnorili
presnoriť	V;COND;PRS;NEG;PFV;2;PL;FEM	nepresnorili by ste
presnoriť	V;COND;PST;NEG;PFV;1;PL;FEM	neboli by sme presnorili
presnoriť	V;PST;IND;NEG;IPFV;2;PL;NEUT	nepresnorili ste
presnoriť	V;COND;PRS;NEG;IPFV;3;PL;NEUT	nepresnorili by
presnoriť	V;COND;PRS;NEG;IPFV;1;PL;NEUT	nepresnorili by sme
presnoriť	V;COND;PST;NEG;IPFV;1;PL;NEUT	neboli by sme presnorili
presnoriť	V;PST;IND;NEG;PFV;3;PL;NEUT	nepresnorili
presnoriť	V;COND;PRS;NEG;PFV;2;PL;NEUT	nepresnorili by ste
presnoriť	V;COND;PST;IPFV;1;SG;NEUT	bolo by som presnorilo
presnoriť	V;COND;PRS;PFV;1;SG;NEUT	presnorilo by som presnorilo
presnoriť	V.PTCP;PASS;NEG;PFV;NOM;NOM(3,PL,MASC,INAN)	nepresnorené
presnoriť	V;PST;IND;IPFV;2;PL;MASC;ANIM	presnorili ste
presnoriť	V;COND;PRS;IPFV;1;PL;MASC;ANIM	presnorili by sme
presnoriť	V;COND;PRS;IPFV;2;PL;MASC;ANIM	presnorili by ste
presnoriť	V;COND;PST;IPFV;3;PL;MASC;ANIM	boli by presnorili
presnoriť	V;PST;IND;PFV;3;PL;MASC;ANIM	presnorili
presnoriť	V;COND;PRS;PFV;2;PL;MASC;ANIM	presnorili by ste
presnoriť	V;PST;IND;IPFV;1;PL;MASC;INAN	presnorili sme
presnoriť	V;COND;PRS;IPFV;1;PL;MASC;INAN	presnorili by sme
presnoriť	V;PST;IND;PFV;2;PL;MASC;INAN	presnorili ste
presnoriť	V;COND;PST;PFV;2;PL;MASC;INAN	boli by ste presnorili
presnoriť	V;COND;PRS;PFV;2;PL;FEM	presnorili by ste
presnoriť	V;COND;PST;PFV;3;PL;FEM	boli by presnorili
presnoriť	V;COND;PRS;IPFV;3;PL;NEUT	presnorili by
presnoriť	V;COND;PST;IPFV;3;PL;NEUT	boli by presnorili
presnoriť	V;COND;PST;IPFV;2;PL;NEUT	boli by ste presnorili
presnoriť	V;PST;IND;PFV;3;PL;NEUT	presnorili
presnoriť	V;PST;IND;PFV;2;PL;NEUT	presnorili ste
presnoriť	V;COND;PRS;PFV;3;PL;NEUT	presnorili by
presnoriť	V;COND;PRS;PFV;1;PL;NEUT	presnorili by sme
presnoriť	V;COND;PST;PFV;2;PL;NEUT	boli by ste presnorili
presnoriť	V.PTCP;PASS;NEG;IPFV;NOM;NOM(3,PL,MASC,ANIM)	nepresnorení
presnoriť	V;FUT;IND;NEG;IPFV;2;SG	nebudeš presnoriť
presnoriť	V;PST;IND;IPFV;1;SG;FEM	presnorila som
presnoriť	V;COND;PRS;IPFV;3;SG;FEM	presnorila by presnorila
presnoriť	V;COND;PRS;IPFV;2;SG;FEM	presnorila by si presnorila
presnoriť	V;PST;IND;PFV;3;SG;FEM	presnorila
presnoriť	V;COND;PRS;PFV;2;SG;FEM	presnorila by si presnorila
presnoriť	V;COND;PST;PFV;3;SG;FEM	bola by presnorila
presnoriť	V.PTCP;PASS;NEG;IPFV;NOM;NOM(3,SG,MASC,ANIM)	nepresnorený
presnoriť	V.PTCP;PASS;NEG;PFV;NOM;NOM(3,SG,MASC,ANIM)	nepresnorený
presnoriť	V;COND;PRS;NEG;IPFV;3;SG;FEM	nepresnorila by presnorila
presnoriť	V;COND;PST;NEG;IPFV;1;SG;FEM	nebola by som presnorila
presnoriť	V;COND;PST;NEG;IPFV;2;SG;FEM	nebola by si presnorila
presnoriť	V;COND;PST;NEG;PFV;2;SG;FEM	nebola by si presnorila
presnoriť	V;COND;PRS;NEG;IPFV;1;SG;MASC	nepresnoril by som presnoril
presnoriť	V;COND;PRS;NEG;IPFV;2;SG;MASC	nepresnoril by si presnoril
presnoriť	V;COND;PST;NEG;IPFV;1;SG;MASC	nebol by som presnoril
presnoriť	V;PST;IND;NEG;PFV;2;SG;MASC	nepresnoril si
presnoriť	V;COND;PRS;NEG;PFV;3;SG;MASC	nepresnoril by presnoril
presnoriť	V;COND;PRS;NEG;PFV;2;SG;MASC	nepresnoril by si presnoril
presnoriť	V;PRS;IND;NEG;PFV;1;PL	nepresnoríme
presnoriť	V.PTCP;PASS;IPFV;NOM;NOM(3,SG,FEM)	presnorená
presnoriť	V.PTCP;PASS;PFV;NOM;NOM(3,SG,FEM)	presnorená
presnoriť	V;PRS;IND;NEG;PFV;2;SG	nepresnoríš
trióda	N;DAT(PL,FEM)	triódam
trióda	N;GEN(SG,FEM)	triódy
plečkúvateľnosť	N;VOC(SG,FEM)	plečkúvateľnosť
plečkúvateľnosť	N;INS(PL,FEM)	plečkúvateľnosťami
plečkúvateľnosť	N;NOM(PL,FEM)	plečkúvateľnosti
plečkúvateľnosť	N;VOC(PL,FEM)	plečkúvateľnosti
opentliteľný	ADJ;GEN(SG,MASC,ANIM)	opentliteľného
opentliteľný	ADJ;GEN(SG,NEUT)	opentliteľného
opentliteľný	ADJ;INS(PL,FEM)	opentliteľnými
opentliteľný	ADJ;CMPR;VOC(SG,FEM)	opentliteľnejšia
opentliteľný	ADJ;NOM(SG,FEM)	opentliteľná
opentliteľný	ADJ;VOC(SG,FEM)	opentliteľná
opentliteľný	ADJ;CMPR;DAT(PL,MASC,INAN)	opentliteľnejším
opentliteľný	ADJ;CMPR;INS(SG,NEUT)	opentliteľnejším
opentliteľný	ADJ;CMPR;DAT(PL,NEUT)	opentliteľnejším
opentliteľný	ADJ;CMPR;DAT(PL,FEM)	opentliteľnejším
opentliteľný	ADJ;VOC(SG,MASC,ANIM)	opentliteľný
opentliteľný	ADJ;VOC(PL,MASC,INAN)	opentliteľné
opentliteľný	ADJ;NOM(SG,NEUT)	opentliteľné
opentliteľný	ADJ;NOM(PL,NEUT)	opentliteľné
opentliteľný	ADJ;CMPR;DAT(SG,NEUT)	opentliteľnejšiemu
opentliteľný	ADJ;SPRL;DAT(SG,NEUT)	najopentliteľnejšiemu
opentliteľný	ADJ;SPRL;ESS(SG,MASC,ANIM)	najopentliteľnejšom
opentliteľný	ADJ;CMPR;ESS(SG,NEUT)	opentliteľnejšom
opentliteľný	ADJ;INS(SG,MASC,INAN)	opentliteľným
opentliteľný	ADJ;DAT(PL,MASC,INAN)	opentliteľným
opentliteľný	ADJ;DAT(SG,FEM)	opentliteľnej
opentliteľný	ADJ;CMPR;INS(PL,MASC,ANIM)	opentliteľnejšími
opentliteľný	ADJ;SPRL;INS(PL,MASC,ANIM)	najopentliteľnejšími
opentliteľný	ADJ;CMPR;INS(PL,MASC,INAN)	opentliteľnejšími
opentliteľný	ADJ;CMPR;INS(PL,FEM)	opentliteľnejšími
opentliteľný	ADJ;SPRL;INS(PL,FEM)	najopentliteľnejšími
opentliteľný	ADJ;VOC(PL,MASC,ANIM)	opentliteľní
opentliteľný	ADJ;SPRL;GEN(PL,MASC,ANIM)	najopentliteľnejších
opentliteľný	ADJ;CMPR;ACC(PL,MASC,ANIM)	opentliteľnejších
opentliteľný	ADJ;CMPR;ESS(PL,MASC,INAN)	opentliteľnejších
opentliteľný	ADJ;SPRL;ESS(PL,MASC,INAN)	najopentliteľnejších
opentliteľný	ADJ;CMPR;ESS(PL,NEUT)	opentliteľnejších
opentliteľný	ADJ;CMPR;GEN(PL,FEM)	opentliteľnejších
opentliteľný	ADJ;CMPR;ESS(PL,FEM)	opentliteľnejších
opentliteľný	ADJ;CMPR;NOM(SG,MASC,ANIM)	opentliteľnejší
opentliteľný	ADJ;SPRL;VOC(SG,MASC,ANIM)	najopentliteľnejší
opentliteľný	ADJ;SPRL;ACC(SG,MASC,INAN)	najopentliteľnejší
opentliteľný	ADJ;CMPR;VOC(SG,MASC,INAN)	opentliteľnejší
opentliteľný	ADJ;CMPR;VOC(PL,MASC,INAN)	opentliteľnejšie
opentliteľný	ADJ;SPRL;VOC(SG,NEUT)	najopentliteľnejšie
opentliteľný	ADJ;CMPR;NOM(PL,NEUT)	opentliteľnejšie
opentliteľný	ADJ;CMPR;VOC(PL,NEUT)	opentliteľnejšie
opentliteľný	ADJ;SPRL;VOC(PL,FEM)	najopentliteľnejšie
opentliteľný	ADJ;ESS(PL,MASC,INAN)	opentliteľných
opentliteľný	ADJ;ESS(PL,FEM)	opentliteľných
opentliteľný	ADJ;SPRL;DAT(SG,FEM)	najopentliteľnejšej
opentliteľný	ADJ;CMPR;GEN(SG,MASC,ANIM)	opentliteľnejšieho
opentliteľný	ADJ;DAT(SG,MASC,ANIM)	opentliteľnému
dĺž	N;DAT(PL,FEM)	dĺžam
dĺž	N;ESS(SG,FEM)	dĺže
dĺž	N;GEN(SG,FEM)	dĺže
dĺž	N;ESS(PL,FEM)	dĺžach
dĺž	N;ACC(SG,FEM)	dĺž
dĺž	N;VOC(SG,FEM)	dĺža
naväzovávaný	ADJ;ACC(SG,FEM)	naväzovávanou
naväzovávaný	ADJ;NOM(PL,MASC,INAN)	naväzovávané
naväzovávaný	ADJ;ACC(SG,NEUT)	naväzovávané
naväzovávaný	ADJ;ESS(SG,NEUT)	naväzovávanom
naväzovávaný	ADJ;CMPR;ESS(SG,MASC,ANIM)	naväzovávanějším
naväzovávaný	ADJ;SPRL;ESS(SG,MASC,ANIM)	nejnaväzovávanějším
naväzovávaný	ADJ;CMPR;ESS(SG,MASC,INAN)	naväzovávanějším
naväzovávaný	ADJ;SPRL;DAT(SG,MASC,ANIM)	nejnaväzovávanějšímu
naväzovávaný	ADJ;INS(PL,NEUT)	naväzovávanými
naväzovávaný	ADJ;INS(PL,FEM)	naväzovávanými
naväzovávaný	ADJ;ACC(SG,MASC,ANIM)	naväzovávaného
naväzovávaný	ADJ;NOM(SG,MASC,ANIM)	naväzovávaný
naväzovávaný	ADJ;SPRL;INS(SG,MASC,ANIM)	nejnaväzovávanějším
naväzovávaný	ADJ;SPRL;DAT(PL,MASC,ANIM)	nejnaväzovávanějším
naväzovávaný	ADJ;SPRL;INS(SG,MASC,INAN)	nejnaväzovávanějším
naväzovávaný	ADJ;SPRL;INS(SG,NEUT)	nejnaväzovávanějším
naväzovávaný	ADJ;SPRL;DAT(PL,NEUT)	nejnaväzovávanějším
naväzovávaný	ADJ;SPRL;NOM(SG,FEM)	nejnaväzovávanější
naväzovávaný	ADJ;VOC(SG,FEM)	naväzovávaná
naväzovávaný	ADJ;CMPR;NOM(SG,MASC,ANIM)	naväzovávanější
naväzovávaný	ADJ;CMPR;NOM(SG,MASC,INAN)	naväzovávanější
naväzovávaný	ADJ;SPRL;NOM(SG,MASC,INAN)	nejnaväzovávanější
naväzovávaný	ADJ;SPRL;VOC(SG,MASC,INAN)	nejnaväzovávanější
naväzovávaný	ADJ;SPRL;NOM(PL,MASC,ANIM)	nejnaväzovávanější
naväzovávaný	ADJ;CMPR;GEN(PL,MASC,ANIM)	naväzovávanějších
naväzovávaný	ADJ;SPRL;ACC(PL,MASC,ANIM)	nejnaväzovávanější
naväzovávaný	ADJ;CMPR;ESS(PL,MASC,ANIM)	naväzovávanějších
naväzovávaný	ADJ;SPRL;ESS(PL,MASC,INAN)	nejnaväzovávanějších
naväzovávaný	ADJ;CMPR;ESS(PL,NEUT)	naväzovávanějších
naväzovávaný	ADJ;SPRL;NOM(SG,NEUT)	nejnaväzovávanější
naväzovávaný	ADJ;SPRL;NOM(PL,NEUT)	nejnaväzovávanější
naväzovávaný	ADJ;CMPR;ACC(PL,NEUT)	naväzovávanější
naväzovávaný	ADJ;SPRL;NOM(PL,FEM)	nejnaväzovávanější
naväzovávaný	ADJ;GEN(PL,FEM)	naväzovávaných
naväzovávaný	ADJ;ESS(PL,FEM)	naväzovávaných
naväzovávaný	ADJ;SPRL;DAT(SG,FEM)	nejnaväzovávanější
naväzovávaný	ADJ;CMPR;ESS(SG,FEM)	naväzovávanější
naväzovávaný	ADJ;DAT(SG,MASC,INAN)	naväzovávanému
naväzovávaný	ADJ;DAT(SG,NEUT)	naväzovávanému
naväzovávaný	ADJ;CMPR;GEN(SG,NEUT)	naväzovávanějšího
naväzovávaný	ADJ;INS(SG,MASC,ANIM)	naväzovávaným
naväzovávaný	ADJ;DAT(PL,MASC,ANIM)	naväzovávaným
naväzovávaný	ADJ;DAT(PL,MASC,INAN)	naväzovávaným
naväzovávaný	ADJ;DAT(PL,FEM)	naväzovávaným
naväzovávaný	ADJ;CMPR;INS(PL,MASC,ANIM)	naväzovávanějšími
naväzovávaný	ADJ;CMPR;INS(PL,MASC,INAN)	naväzovávanějšími
naväzovávaný	ADJ;SPRL;INS(PL,MASC,INAN)	nejnaväzovávanějšími
naväzovávaný	ADJ;SPRL;INS(PL,FEM)	nejnaväzovávanějšími
dotekaný	ADJ;ACC(SG,FEM)	dotekanú
dotekaný	ADJ;NOM(PL,MASC,INAN)	dotekané
dotekaný	ADJ;VOC(SG,NEUT)	dotekané
dotekaný	ADJ;VOC(PL,FEM)	dotekané
dotekaný	ADJ;ESS(SG,MASC,ANIM)	dotekanom
dotekaný	ADJ;CMPR;ACC(SG,FEM)	dotekanejšiu
dotekaný	ADJ;INS(SG,FEM)	dotekanou
dotekaný	ADJ;CMPR;ESS(SG,MASC,ANIM)	dotekanejšom
dotekaný	ADJ;CMPR;ESS(SG,NEUT)	dotekanejšom
dotekaný	ADJ;CMPR;DAT(SG,MASC,ANIM)	dotekanejšiemu
dotekaný	ADJ;SPRL;DAT(SG,MASC,ANIM)	najdotekanejšiemu
dotekaný	ADJ;INS(PL,MASC,INAN)	dotekanými
dotekaný	ADJ;INS(PL,FEM)	dotekanými
dotekaný	ADJ;GEN(SG,MASC,ANIM)	dotekaného
dotekaný	ADJ;GEN(SG,MASC,INAN)	dotekaného
dotekaný	ADJ;VOC(SG,MASC,ANIM)	dotekaný
dotekaný	ADJ;NOM(SG,MASC,INAN)	dotekaný
dotekaný	ADJ;VOC(SG,MASC,INAN)	dotekaný
dotekaný	ADJ;SPRL;INS(SG,MASC,ANIM)	najdotekanejším
dotekaný	ADJ;SPRL;INS(SG,MASC,INAN)	najdotekanejším
dotekaný	ADJ;CMPR;INS(SG,NEUT)	dotekanejším
dotekaný	ADJ;SPRL;INS(SG,NEUT)	najdotekanejším
dotekaný	ADJ;CMPR;DAT(PL,FEM)	dotekanejším
dotekaný	ADJ;CMPR;VOC(SG,FEM)	dotekanejšia
dotekaný	ADJ;SPRL;VOC(SG,FEM)	najdotekanejšia
dotekaný	ADJ;NOM(SG,FEM)	dotekaná
dotekaný	ADJ;VOC(SG,FEM)	dotekaná
dotekaný	ADJ;CMPR;NOM(SG,MASC,ANIM)	dotekanejší
dotekaný	ADJ;SPRL;NOM(SG,MASC,ANIM)	najdotekanejší
dotekaný	ADJ;CMPR;ACC(SG,MASC,INAN)	dotekanejší
dotekaný	ADJ;SPRL;VOC(SG,MASC,INAN)	najdotekanejší
dotekaný	ADJ;CMPR;NOM(PL,MASC,ANIM)	dotekanejší
dotekaný	ADJ;SPRL;NOM(PL,MASC,ANIM)	nejdotekanější
dotekaný	ADJ;CMPR;VOC(PL,MASC,ANIM)	dotekanejší
dotekaný	ADJ;SPRL;VOC(PL,MASC,ANIM)	najdotekanejší
dotekaný	ADJ;CMPR;GEN(PL,MASC,ANIM)	dotekanejších
dotekaný	ADJ;SPRL;GEN(PL,MASC,ANIM)	najdotekanejších
dotekaný	ADJ;CMPR;ACC(PL,MASC,ANIM)	dotekanejších
dotekaný	ADJ;SPRL;NOM(PL,MASC,INAN)	najdotekanejšie
dotekaný	ADJ;CMPR;VOC(SG,NEUT)	dotekanejšie
dotekaný	ADJ;SPRL;VOC(PL,NEUT)	najdotekanejšie
dotekaný	ADJ;CMPR;VOC(PL,FEM)	dotekanejšie
dotekaný	ADJ;SPRL;VOC(PL,FEM)	najdotekanejšie
dotekaný	ADJ;NOM(PL,MASC,ANIM)	dotekaní
dotekaný	ADJ;GEN(PL,MASC,ANIM)	dotekaných
dotekaný	ADJ;ESS(PL,MASC,INAN)	dotekaných
dotekaný	ADJ;GEN(PL,FEM)	dotekaných
dotekaný	ADJ;CMPR;GEN(SG,FEM)	dotekanejšej
dotekaný	ADJ;CMPR;DAT(SG,FEM)	dotekanejšej
dotekaný	ADJ;CMPR;GEN(SG,MASC,ANIM)	dotekanejšieho
dotekaný	ADJ;SPRL;GEN(SG,MASC,INAN)	najdotekanejšieho
dotekaný	ADJ;CMPR;GEN(SG,NEUT)	dotekanejšieho
dotekaný	ADJ;SPRL;GEN(SG,NEUT)	najdotekanejšieho
dotekaný	ADJ;DAT(PL,MASC,ANIM)	dotekaným
dotekaný	ADJ;DAT(PL,NEUT)	dotekaným
dotekaný	ADJ;GEN(SG,FEM)	dotekanej
dotekaný	ADJ;DAT(SG,FEM)	dotekanej
dotekaný	ADJ;CMPR;INS(SG,FEM)	dotekanejšou
dotekaný	ADJ;CMPR;INS(PL,MASC,ANIM)	dotekanejšími
dotekaný	ADJ;CMPR;INS(PL,MASC,INAN)	dotekanejšími
dotekaný	ADJ;SPRL;INS(PL,NEUT)	najdotekanejšími
dotekaný	ADJ;SPRL;INS(PL,FEM)	najdotekanejšími
odľahčovateľnosť	N;ESS(SG,FEM)	odľahčovateľnosti
odľahčovateľnosť	N;ESS(PL,FEM)	odľahčovateľnostiach
odľahčovateľnosť	N;INS(SG,FEM)	odľahčovateľnosťou
odľahčovateľnosť	N;DAT(PL,FEM)	odľahčovateľnostiam
accuracy:0.886