blaŋt	V;IMP;NEG;TR;ABS(2,SG);ERG(3,SG)	mublaŋʌje
blaŋt	V;PRS;NEG;REFL;ABS(1,SG)	mublaŋŋʌ
blaŋt	V;PRS;NEG;REFL;ABS(2,SG)	mʌblaŋŋʌ
blaŋt	V;PRS;NEG;TR;ABS(1,EXCL,DU);ERG(3,SG)	mublaŋu
blaŋt	V;PRS;NEG;TR;ABS(1,INCL,DU);ERG(3,DU)	mublaŋi
blaŋt	V;PRS;NEG;TR;ABS(3,DU);ERG(1,INCL,DU)	mʌblʌŋi
blaŋt	V;PRS;NEG;TR;ABS(3,PL);ERG(1,EXCL,DU)	mʌblʌŋu
blaŋt	V;PRS;NEG;TR;ABS(3,PL);ERG(3,DU)	mublaŋnu
blaŋt	V;PRS;NEG;TR;ABS(3,SG);ERG(1,SG)	mʌblaŋŋʌ
blaŋt	V;PRS;POS;TR;ABS(1,EXCL,DU);ERG(3,DU)	blaŋu
blaŋt	V;PRS;POS;TR;ABS(1,SG);ERG(2,SG,FORM)	ʔiblâŋ
blaŋt	V;PRS;POS;TR;ABS(3,DU);ERG(1,SG)	ʔiblaŋŋʌsu
blaŋt	V;PRS;POS;TR;ABS(3,PL);ERG(3,SG)	blaŋnu
blaŋt	V;PRS;POS;TR;ABS(3,SG);ERG(3,SG)	blaŋŋʌ
blaŋt	V;PST;NEG;TR;ABS(1,EXCL,PL);ERG(2,DU)	mʌblaŋwiki
blaŋt	V;PST;NEG;TR;ABS(2,DU);ERG(3,SG)	mʌblaŋiwi
blaŋt	V;PST;POS;TR;ABS(1,EXCL,DU);ERG(2,SG,FORM)	ʔiblɵ̂ŋtɛ
blaŋt	V;PST;POS;TR;ABS(2,PL);ERG(1,EXCL,DU)	ʔiblʌŋutu
blaŋt	V;PST;POS;TR;ABS(3,DU);ERG(3,DU)	blaŋtɛsu
blaŋt	V;PST;POS;TR;ABS(3,SG);ERG(2,DU)	ʔiblaŋtiki
bɛnt	V;IMP;NEG;TR;ABS(2,DU);ERG(3,PL)	mubɛːʦije
bɛnt	V;IMP;NEG;TR;ABS(2,PL);ERG(1,EXCL,DU)	mubɛːʦuje
bɛnt	V;IMP;POS;TR;ABS(2,DU);ERG(3,DU)	bɛːʦije
bɛnt	V;IMP;POS;TR;ABS(2,PL);ERG(1,EXCL,PL)	bɛjkʌje
bɛnt	V;PRS;NEG;TR;ABS(1,EXCL,DU);ERG(3,DU)	mubɛːʦu
bɛnt	V;PRS;NEG;TR;ABS(1,EXCL,PL);ERG(2,DU)	mʌbɛji
bɛnt	V;PRS;NEG;TR;ABS(1,INCL,PL);ERG(3,PL)	mubɛjki
bɛnt	V;PRS;NEG;TR;ABS(2,SG);ERG(1,EXCL,PL)	mʌbɛjkʌ
bɛnt	V;PRS;NEG;TR;ABS(2,SG);ERG(3,SG)	mʌbɛːʦʌ
bɛnt	V;PRS;NEG;TR;ABS(3,SG);ERG(1,INCL,DU)	mʌbɛji
bɛnt	V;PRS;POS;TR;ABS(3,SG);ERG(1,SG)	ʔibɛjŋʌ
bɛnt	V;PRS;POS;TR;ABS(3,SG);ERG(2,SG,FORM)	ʔibɛj
bɛnt	V;PST;NEG;TR;ABS(3,DU);ERG(2,DU)	mʌbɛːswi
bɛnt	V;PST;NEG;TR;ABS(3,SG);ERG(1,INCL,DU)	mʌbɛjiwi
bɛnt	V;PST;NEG;TR;ABS(3,SG);ERG(2,SG,FORM)	mʌbɛːswɛ
bɛnt	V;PST;POS;TR;ABS(1,EXCL,DU);ERG(2,PL)	ʔibɛːsti
bɛnt	V;PST;POS;TR;ABS(1,INCL,DU);ERG(3,SG)	bɛːsti
bɛnt	V;PST;POS;TR;ABS(1,INCL,PL);ERG(3,DU)	bɛjtiki
bɛnt	V;PST;POS;TR;ABS(2,PL);ERG(1,EXCL,PL)	ʔibɛjtʌkʌ
bɛnt	V;PST;POS;TR;ABS(3,SG);ERG(1,INCL,PL)	ʔibɛjtiki
bʰlept	V;IMP;NEG;TR;ABS(2,SG);ERG(1,EXCL,PL)	mubʰlepkʌje
bʰlept	V;IMP;NEG;TR;ABS(2,SG);ERG(3,DU)	mubʰlepije
bʰlept	V;PRS;NEG;TR;ABS(2,PL);ERG(3,PL)	mʌbʰlepnu
bʰlept	V;PRS;NEG;TR;ABS(3,DU);ERG(1,EXCL,PL)	mʌbʰlepkʌ
bʰlept	V;PRS;NEG;TR;ABS(3,PL);ERG(3,PL)	mubʰlepnu
bʰlept	V;PRS;NEG;TR;ABS(3,SG);ERG(2,DU)	mʌbʰlepi
bʰlept	V;PRS;POS;TR;ABS(1,EXCL,DU);ERG(2,SG,FORM)	ʔibʰlep
bʰlept	V;PRS;POS;TR;ABS(1,EXCL,DU);ERG(3,DU)	bʰlepu
bʰlept	V;PRS;POS;TR;ABS(2,DU);ERG(3,PL)	ʔibʰlêmni
bʰlept	V;PRS;POS;TR;ABS(3,DU);ERG(1,EXCL,DU)	ʔibʰlepu
bʰlept	V;PRS;POS;TR;ABS(3,PL);ERG(1,INCL,DU)	ʔibʰlepi
bʰlept	V;PST;NEG;TR;ABS(1,EXCL,DU);ERG(3,SG)	mubʰlepwu
bʰlept	V;PST;NEG;TR;ABS(2,PL);ERG(3,PL)	mʌbʰlepwɛnu
bʰlept	V;PST;NEG;TR;ABS(3,DU);ERG(1,EXCL,PL)	mʌbʰlepwʌkʌ
bʰlept	V;PST;NEG;TR;ABS(3,PL);ERG(1,INCL,PL)	mʌbʰlepwiki
bʰlept	V;PST;POS;TR;ABS(1,EXCL,PL);ERG(2,DU)	ʔibʰlepiti
bʰlept	V;PST;POS;TR;ABS(1,EXCL,PL);ERG(3,PL)	bʰleptʌkʌ
bʰlept	V;PST;POS;TR;ABS(1,SG);ERG(3,SG)	bʰleptɛ
bʰlept	V;PST;POS;TR;ABS(2,PL);ERG(3,SG)	ʔibʰleptɛnu
bʰlept	V;PST;POS;TR;ABS(2,SG);ERG(3,PL)	ʔibʰleptɛnu
deŋt	V;IMP;POS;TR;ABS(2,DU);ERG(1,EXCL,DU)	deŋuje
deŋt	V;PRS;NEG;TR;ABS(1,EXCL,DU);ERG(2,SG,FORM)	mʌdêŋ
deŋt	V;PRS;NEG;TR;ABS(2,PL);ERG(1,EXCL,DU)	mʌdeŋu
deŋt	V;PRS;NEG;TR;ABS(3,SG);ERG(1,SG)	mʌdeŋŋʌ
deŋt	V;PRS;POS;TR;ABS(1,EXCL,DU);ERG(3,SG)	deŋu
deŋt	V;PRS;POS;TR;ABS(1,EXCL,PL);ERG(2,PL)	ʔideŋnu
deŋt	V;PRS;POS;TR;ABS(1,EXCL,PL);ERG(3,SG)	deŋkʌ
deŋt	V;PRS;POS;TR;ABS(1,SG);ERG(2,SG,FORM)	ʔideŋ
deŋt	V;PRS;POS;TR;ABS(2,SG);ERG(1,SG)	ʔideŋŋʌ
deŋt	V;PRS;POS;TR;ABS(3,PL);ERG(2,DU)	ʔideŋi
deŋt	V;PRS;POS;TR;ABS(3,SG);ERG(1,INCL,DU)	ʔideŋi
deŋt	V;PRS;POS;TR;ABS(3,SG);ERG(3,PL)	dêŋnu
deŋt	V;PST;NEG;TR;ABS(3,DU);ERG(1,EXCL,PL)	mʌdeŋwʌkʌ
deŋt	V;PST;NEG;TR;ABS(3,PL);ERG(1,INCL,DU)	mʌdeŋiwi
deŋt	V;PST;NEG;TR;ABS(3,SG);ERG(3,DU)	mudeŋwɛsu
deŋt	V;PST;POS;TR;ABS(1,EXCL,DU);ERG(3,PL)	deŋtʌkʌ
deŋt	V;PST;POS;TR;ABS(3,DU);ERG(2,PL)	ʔideŋtɛnu
deŋt	V;PST;POS;TR;ABS(3,PL);ERG(1,EXCL,DU)	ʔideŋutu
deŋt	V;PST;POS;TR;ABS(3,PL);ERG(3,PL)	deŋtɛnu
deŋt	V;PST;POS;TR;ABS(3,SG);ERG(1,EXCL,PL)	ʔideŋtʌkʌ
duŋt	V;IMP;POS;TR;ABS(2,DU);ERG(1,SG)	dʉŋʌsuje
duŋt	V;PRS;NEG;TR;ABS(3,DU);ERG(1,EXCL,PL)	mʌdʌŋkʌ
duŋt	V;PRS;NEG;TR;ABS(3,PL);ERG(2,PL)	mʌdʉ̂ŋnu
duŋt	V;PRS;NEG;TR;ABS(3,PL);ERG(3,DU)	mudʉ̂ŋnu
duŋt	V;PRS;NEG;TR;ABS(3,SG);ERG(2,SG,FORM)	mʌdʉ̂ŋ
duŋt	V;PRS;POS;TR;ABS(1,EXCL,DU);ERG(3,PL)	dʉŋu
duŋt	V;PRS;POS;TR;ABS(1,EXCL,PL);ERG(2,DU)	ʔidʉŋi
duŋt	V;PRS;POS;TR;ABS(1,INCL,DU);ERG(3,DU)	dʉŋi
duŋt	V;PRS;POS;TR;ABS(2,DU);ERG(1,SG)	ʔidʉŋŋʌsu
duŋt	V;PRS;POS;TR;ABS(3,DU);ERG(1,SG)	ʔidʉŋŋʌsu
duŋt	V;PST;NEG;TR;ABS(1,EXCL,DU);ERG(3,PL)	mudʉŋuwu
duŋt	V;PST;NEG;TR;ABS(1,SG);ERG(2,DU)	mʌdʉŋiwi
duŋt	V;PST;NEG;TR;ABS(1,SG);ERG(3,PL)	mudʉ̂ŋwɛnu
duŋt	V;PST;NEG;TR;ABS(2,PL);ERG(3,SG)	mʌdʉ̂ŋwɛnu
duŋt	V;PST;NEG;TR;ABS(2,SG);ERG(3,SG)	mʌdʉ̂ŋwɛ
duŋt	V;PST;NEG;TR;ABS(3,DU);ERG(3,PL)	mudʉ̂ŋwɛnu
duŋt	V;PST;NEG;TR;ABS(3,DU);ERG(3,SG)	mudʉ̂ŋwɛsu
duŋt	V;PST;POS;TR;ABS(1,SG);ERG(2,DU)	ʔidʉ̂ŋtɛsu
duŋt	V;PST;POS;TR;ABS(2,PL);ERG(3,SG)	ʔidʉ̂ŋtɛnu
duŋt	V;PST;POS;TR;ABS(3,SG);ERG(1,SG)	ʔidʉŋʌtʌ
gup	V;IMP;NEG;REFL;ABS(2,DU)	mugʉpije
gup	V;IMP;NEG;TR;ABS(2,DU);ERG(1,EXCL,DU)	mugʉpuje
gup	V;IMP;POS;TR;ABS(2,DU);ERG(3,SG)	gʉpije
gup	V;PRS;NEG;REFL;ABS(2,PL)	mʌgʉ̂mni
gup	V;PRS;NEG;REFL;ABS(3,DU)	mugʉpi
gup	V;PRS;NEG;TR;ABS(1,EXCL,DU);ERG(2,SG,FORM)	mʌgʉp
gup	V;PRS;NEG;TR;ABS(3,PL);ERG(2,DU)	mʌgʉpi
gup	V;PRS;NEG;TR;ABS(3,PL);ERG(3,PL)	mugʉpnu
gup	V;PRS;POS;TR;ABS(2,PL);ERG(1,EXCL,PL)	ʔigʌpkʌ
gup	V;PRS;POS;TR;ABS(3,DU);ERG(1,EXCL,DU)	ʔigʉpu
gup	V;PST;NEG;REFL;ABS(2,SG)	mʌgʉpwɛ
gup	V;PST;NEG;TR;ABS(1,EXCL,PL);ERG(3,DU)	mugʌpwʌkʌ
gup	V;PST;NEG;TR;ABS(2,PL);ERG(1,EXCL,PL)	mʌgʌpwʌkʌ
gup	V;PST;NEG;TR;ABS(2,SG);ERG(1,EXCL,PL)	mʌgʌpwʌkʌ
gup	V;PST;NEG;TR;ABS(3,DU);ERG(1,INCL,PL)	mʌgʌpwiki
gup	V;PST;POS;REFL;ABS(1,SG)	gʉptɛ
gup	V;PST;POS;TR;ABS(1,SG);ERG(3,DU)	gʉptɛsu
gup	V;PST;POS;TR;ABS(3,DU);ERG(3,DU)	gʉpiti
gup	V;PST;POS;TR;ABS(3,SG);ERG(2,DU)	ʔigʉpiti
gup	V;PST;POS;TR;ABS(3,SG);ERG(3,SG)	gʉptɛ
gʰlaŋ	V;IMP;NEG;INTR;ABS(2,PL)	mugʰlaŋnuje
gʰlaŋ	V;IMP;POS;INTR;ABS(2,DU)	gʰlʌŋije
gʰlaŋ	V;IMP;POS;INTR;ABS(2,SG)	gʰlʌŋe
gʰlaŋ	V;NFIN;POS;INTR	gʰlaŋnɛ
gʰlaŋ	V;PRS;NEG;INTR;ABS(3,DU)	mugʰlʌŋi
gʰlaŋ	V;PRS;NEG;INTR;ABS(3,PL)	mugʰlaŋnu
gʰlaŋ	V;PRS;NEG;INTR;ABS(3,SG)	mugʰlaŋ
gʰlaŋ	V;PRS;POS;INTR;ABS(1,EXCL,PL)	gʰlaŋkʌ
gʰlaŋ	V;PRS;POS;INTR;ABS(1,SG)	gʰlʌŋŋʌ
gʰlaŋ	V;PRS;POS;INTR;ABS(2,DU)	ʔigʰlʌŋi
gʰlaŋ	V;PRS;POS;INTR;ABS(2,SG)	ʔigʰlʌŋʌ
gʰlaŋ	V;PRS;POS;INTR;ABS(3,PL)	gʰlaŋnu
gʰlaŋ	V;PST;NEG;INTR;ABS(1,EXCL,PL)	mugʰlaŋwʌkʌ
gʰlaŋ	V;PST;NEG;INTR;ABS(1,INCL,PL)	mugʰlaŋwiki
gʰlaŋ	V;PST;NEG;INTR;ABS(1,SG)	mugʰlʌŋwʌ
gʰlaŋ	V;PST;NEG;INTR;ABS(2,PL)	mʌgʰlaŋwɛnu
gʰlaŋ	V;PST;POS;INTR;ABS(1,EXCL,DU)	gʰlʌŋutu
gʰlaŋ	V;PST;POS;INTR;ABS(1,INCL,PL)	gʰlaŋtiki
gʰlaŋ	V;PST;POS;INTR;ABS(2,DU)	ʔigʰlʌŋiti
gʰlaŋ	V;PST;POS;INTR;ABS(3,DU)	gʰlʌŋiti
gʰum	V;IMP;POS;TR;ABS(2,DU);ERG(1,EXCL,DU)	gʰʉmuje
gʰum	V;PRS;NEG;TR;ABS(1,EXCL,DU);ERG(3,DU)	mugʰʉmu
gʰum	V;PRS;NEG;TR;ABS(1,INCL,PL);ERG(3,PL)	mugʰʌmki
gʰum	V;PRS;NEG;TR;ABS(2,DU);ERG(1,SG)	mʌgʰʉ̂mŋʌsu
gʰum	V;PRS;NEG;TR;ABS(2,SG);ERG(1,EXCL,PL)	mʌgʰʌmkʌ
gʰum	V;PRS;NEG;TR;ABS(3,DU);ERG(3,PL)	mugʰʉ̂mnu
gʰum	V;PRS;NEG;TR;ABS(3,PL);ERG(2,DU)	mʌgʰʉmi
gʰum	V;PRS;POS;TR;ABS(1,EXCL,PL);ERG(2,SG,FORM)	ʔigʰʌm
gʰum	V;PRS;POS;TR;ABS(1,EXCL,PL);ERG(3,SG)	gʰʌmkʌ
gʰum	V;PRS;POS;TR;ABS(2,DU);ERG(3,DU)	ʔigʰʉmi
gʰum	V;PRS;POS;TR;ABS(3,PL);ERG(1,INCL,PL)	ʔigʰʌmki
gʰum	V;PRS;POS;TR;ABS(3,SG);ERG(1,INCL,PL)	ʔigʰʌmki
gʰum	V;PRS;POS;TR;ABS(3,SG);ERG(2,PL)	ʔigʰʉ̂mni
gʰum	V;PST;NEG;TR;ABS(1,INCL,DU);ERG(3,SG)	mugʰʉmiwi
gʰum	V;PST;NEG;TR;ABS(2,PL);ERG(1,EXCL,DU)	mʌgʰʉmuwu
gʰum	V;PST;NEG;TR;ABS(3,SG);ERG(2,PL)	mʌgʰʉ̂mwɛnu
gʰum	V;PST;POS;TR;ABS(1,SG);ERG(2,DU)	ʔigʰʉ̂mtɛsu
gʰum	V;PST;POS;TR;ABS(3,PL);ERG(1,EXCL,PL)	ʔigʰʌmtʌkʌ
gʰum	V;PST;POS;TR;ABS(3,SG);ERG(1,INCL,PL)	ʔigʰʌmtiki
gʰum	V;PST;POS;TR;ABS(3,SG);ERG(2,SG,FORM)	ʔigʰʉ̂mtɛ
jokt	V;IMP;NEG;TR;ABS(2,PL);ERG(3,PL)	mujɵknuje
jokt	V;IMP;NEG;TR;ABS(2,SG);ERG(1,EXCL,DU)	mujɵkuje
jokt	V;IMP;POS;TR;ABS(2,SG);ERG(1,EXCL,PL)	jɵkkʌje
jokt	V;NFIN;POS;TR	jɵknɛ
jokt	V;PRS;NEG;TR;ABS(1,EXCL,DU);ERG(2,DU)	mʌjɵki
jokt	V;PRS;NEG;TR;ABS(1,INCL,DU);ERG(3,PL)	mujɵki
jokt	V;PRS;NEG;TR;ABS(1,INCL,DU);ERG(3,SG)	mujɵki
jokt	V;PRS;NEG;TR;ABS(1,SG);ERG(3,DU)	mujoksu
jokt	V;PRS;NEG;TR;ABS(2,SG);ERG(3,DU)	mʌjɵki
jokt	V;PRS;NEG;TR;ABS(3,DU);ERG(3,PL)	mujôːknu
jokt	V;PRS;NEG;TR;ABS(3,PL);ERG(2,SG,FORM)	mʌjôː
jokt	V;PRS;POS;TR;ABS(2,PL);ERG(1,EXCL,PL)	ʔijokkʌ
jokt	V;PRS;POS;TR;ABS(2,SG);ERG(3,DU)	ʔijɵki
jokt	V;PRS;POS;TR;ABS(3,DU);ERG(2,SG,FORM)	ʔijɵ̂ː
jokt	V;PRS;POS;TR;ABS(3,PL);ERG(1,EXCL,DU)	ʔijɵku
jokt	V;PRS;POS;TR;ABS(3,SG);ERG(1,INCL,DU)	ʔijɵki
jokt	V;PST;NEG;TR;ABS(1,EXCL,PL);ERG(2,DU)	mʌjɵkiwi
jokt	V;PST;NEG;TR;ABS(3,SG);ERG(1,EXCL,PL)	mʌjokwʌkʌ
jokt	V;PST;POS;TR;ABS(1,EXCL,PL);ERG(3,SG)	joktʌkʌ
jokt	V;PST;POS;TR;ABS(2,PL);ERG(3,SG)	ʔijɵktɛnu
kik	V;PRS;NEG;REFL;ABS(3,PL)	mukiknu
kik	V;PRS;NEG;TR;ABS(1,EXCL,PL);ERG(3,DU)	mukikkʌ
kik	V;PRS;NEG;TR;ABS(2,PL);ERG(1,EXCL,DU)	mʌkʌku
kik	V;PRS;NEG;TR;ABS(2,SG);ERG(3,SG)	mʌkîːŋʌ
kik	V;PRS;NEG;TR;ABS(3,SG);ERG(2,PL)	mʌkîːni
kik	V;PRS;NEG;TR;ABS(3,SG);ERG(3,PL)	mukiknu
kik	V;PRS;POS;TR;ABS(1,EXCL,DU);ERG(3,DU)	kiku
kik	V;PRS;POS;TR;ABS(1,EXCL,PL);ERG(2,PL)	ʔikʌknu
kik	V;PRS;POS;TR;ABS(3,PL);ERG(2,DU)	ʔikʌki
kik	V;PST;NEG;REFL;ABS(2,PL)	mʌkikwɛnu
kik	V;PST;NEG;TR;ABS(1,SG);ERG(2,DU)	mʌkikiwi
kik	V;PST;NEG;TR;ABS(1,SG);ERG(3,DU)	mukikwɛsu
kik	V;PST;NEG;TR;ABS(2,SG);ERG(1,EXCL,PL)	mʌkikwʌkʌ
kik	V;PST;POS;TR;ABS(1,EXCL,DU);ERG(2,PL)	ʔikiktɛnu
kik	V;PST;POS;TR;ABS(1,EXCL,PL);ERG(2,PL)	ʔikiktɛnu
kik	V;PST;POS;TR;ABS(1,INCL,DU);ERG(3,DU)	kikiti
kik	V;PST;POS;TR;ABS(1,SG);ERG(3,DU)	kiktɛsu
kik	V;PST;POS;TR;ABS(2,SG);ERG(1,EXCL,DU)	ʔikikutu
kik	V;PST;POS;TR;ABS(3,DU);ERG(3,SG)	kiktɛsu
kik	V;PST;POS;TR;ABS(3,SG);ERG(3,PL)	kîːktɛnu
kopt	V;IMP;NEG;TR;ABS(2,SG);ERG(1,EXCL,DU)	mukɵpuje
kopt	V;IMP;NEG;TR;ABS(2,SG);ERG(1,EXCL,PL)	mukoɔpkʌje
kopt	V;IMP;POS;TR;ABS(2,PL);ERG(1,EXCL,DU)	kɵpuje
kopt	V;IMP;POS;TR;ABS(2,SG);ERG(1,SG)	kɵpʌje
kopt	V;IMP;POS;TR;ABS(2,SG);ERG(3,DU)	kɵpije
kopt	V;PRS;NEG;TR;ABS(1,EXCL,DU);ERG(3,DU)	mukɵpu
kopt	V;PRS;NEG;TR;ABS(1,EXCL,PL);ERG(2,SG,FORM)	mʌkɵp
kopt	V;PRS;NEG;TR;ABS(1,INCL,PL);ERG(3,DU)	mukoɔpki
kopt	V;PRS;POS;TR;ABS(1,EXCL,DU);ERG(2,PL)	ʔikoɔ̂mni
kopt	V;PRS;POS;TR;ABS(1,EXCL,DU);ERG(2,SG,FORM)	ʔikɵp
kopt	V;PRS;POS;TR;ABS(1,EXCL,PL);ERG(3,DU)	koɔpkʌ
kopt	V;PRS;POS;TR;ABS(1,INCL,DU);ERG(3,SG)	kɵpi
kopt	V;PRS;POS;TR;ABS(1,SG);ERG(2,PL)	ʔikoɔ̂mni
kopt	V;PRS;POS;TR;ABS(1,SG);ERG(3,SG)	koɔpŋʌ
kopt	V;PST;NEG;TR;ABS(1,SG);ERG(2,PL)	mʌkɵpwɛnu
kopt	V;PST;NEG;TR;ABS(2,SG);ERG(1,EXCL,DU)	mʌkɵpuwu
kopt	V;PST;POS;TR;ABS(1,EXCL,PL);ERG(3,DU)	koɔptʌkʌ
kopt	V;PST;POS;TR;ABS(1,SG);ERG(3,SG)	koɔptɛ
kopt	V;PST;POS;TR;ABS(2,DU);ERG(3,SG)	ʔikɵpiti
kopt	V;PST;POS;TR;ABS(3,DU);ERG(2,SG,FORM)	ʔikɵptɛ
kott	V;IMP;NEG;TR;ABS(2,DU);ERG(1,EXCL,PL)	mukoɔçkʌje
kott	V;PRS;NEG;TR;ABS(1,INCL,PL);ERG(3,SG)	mukoɔçki
kott	V;PRS;NEG;TR;ABS(3,SG);ERG(3,SG)	mukoɔ̂jŋʌ
kott	V;PRS;POS;TR;ABS(1,EXCL,DU);ERG(2,PL)	ʔikɵʦi
kott	V;PRS;POS;TR;ABS(1,EXCL,PL);ERG(3,DU)	koɔçkʌ
kott	V;PRS;POS;TR;ABS(2,SG);ERG(1,SG)	ʔikoɔ̂jŋʌ
kott	V;PRS;POS;TR;ABS(3,PL);ERG(3,DU)	koɔ̂nnu
kott	V;PRS;POS;TR;ABS(3,SG);ERG(3,PL)	koɔ̂nnu
kott	V;PST;NEG;TR;ABS(1,EXCL,DU);ERG(2,DU)	mʌkɵswi
kott	V;PST;NEG;TR;ABS(1,EXCL,DU);ERG(3,DU)	mukɵswu
kott	V;PST;NEG;TR;ABS(2,DU);ERG(1,EXCL,PL)	mʌkoɔçwʌkʌ
kott	V;PST;NEG;TR;ABS(2,SG);ERG(1,EXCL,PL)	mʌkoɔçwʌkʌ
kott	V;PST;NEG;TR;ABS(3,DU);ERG(2,DU)	mʌkɵswi
kott	V;PST;NEG;TR;ABS(3,SG);ERG(2,DU)	mʌkɵswi
kott	V;PST;POS;TR;ABS(1,EXCL,DU);ERG(2,SG,FORM)	ʔikɵstɛ
kott	V;PST;POS;TR;ABS(1,EXCL,PL);ERG(2,DU)	ʔikɵsti
kott	V;PST;POS;TR;ABS(1,INCL,DU);ERG(3,SG)	kɵsti
kott	V;PST;POS;TR;ABS(1,SG);ERG(2,PL)	ʔikoɔ̂ntɛnnu
kott	V;PST;POS;TR;ABS(2,DU);ERG(1,EXCL,DU)	ʔikɵstu
kott	V;PST;POS;TR;ABS(3,SG);ERG(1,EXCL,DU)	ʔikɵstu
kʰe	V;PRS;NEG;TR;ABS(1,INCL,DU);ERG(3,SG)	mukʰeji
kʰe	V;PRS;NEG;TR;ABS(2,PL);ERG(3,PL)	mʌkʰeni
kʰe	V;PRS;NEG;TR;ABS(2,SG);ERG(3,DU)	mʌkʰeji
kʰe	V;PRS;NEG;TR;ABS(3,DU);ERG(1,INCL,DU)	mʌkʰei
kʰe	V;PRS;NEG;TR;ABS(3,DU);ERG(3,PL)	mukʰênnu
kʰe	V;PRS;NEG;TR;ABS(3,PL);ERG(1,INCL,PL)	mʌkʰeki
kʰe	V;PRS;POS;TR;ABS(1,EXCL,DU);ERG(2,DU)	ʔikʰeji
kʰe	V;PRS;POS;TR;ABS(1,INCL,DU);ERG(3,SG)	kʰeji
kʰe	V;PRS;POS;TR;ABS(3,PL);ERG(1,SG)	ʔikʰeŋʌnu
kʰe	V;PRS;POS;TR;ABS(3,SG);ERG(3,SG)	kʰêjŋʌ
kʰe	V;PST;NEG;TR;ABS(2,DU);ERG(1,EXCL,PL)	mʌkʰekwʌkʌ
kʰe	V;PST;NEG;TR;ABS(3,PL);ERG(1,INCL,PL)	mʌkʰekwiki
kʰe	V;PST;NEG;TR;ABS(3,SG);ERG(3,SG)	mukʰewʌ
kʰe	V;PST;POS;INTR;ABS(2,SG)	ʔikʰêjtɛ
kʰe	V;PST;POS;TR;ABS(1,EXCL,PL);ERG(2,PL)	ʔikʰêntɛnnu
kʰe	V;PST;POS;TR;ABS(1,EXCL,PL);ERG(3,PL)	kʰektʌkʌ
kʰe	V;PST;POS;TR;ABS(1,INCL,PL);ERG(3,PL)	kʰektiki
kʰe	V;PST;POS;TR;ABS(1,SG);ERG(3,DU)	kʰêjtɛsu
kʰe	V;PST;POS;TR;ABS(2,PL);ERG(3,DU)	ʔikʰêjti
kʰe	V;PST;POS;TR;ABS(3,SG);ERG(1,EXCL,DU)	ʔikʰeutu
kʰipt	V;IMP;NEG;TR;ABS(2,SG);ERG(1,EXCL,DU)	mukʰʌpuje
kʰipt	V;IMP;NEG;TR;ABS(2,SG);ERG(3,PL)	mukʰʌpnuje
kʰipt	V;PRS;NEG;TR;ABS(1,EXCL,PL);ERG(2,DU)	mʌkʰʌpi
kʰipt	V;PRS;NEG;TR;ABS(2,PL);ERG(3,SG)	mʌkʰʌ̂mni
kʰipt	V;PRS;NEG;TR;ABS(2,SG);ERG(3,DU)	mʌkʰipi
kʰipt	V;PRS;NEG;TR;ABS(2,SG);ERG(3,PL)	mʌkʰʌ̂mni
kʰipt	V;PRS;NEG;TR;ABS(3,PL);ERG(1,EXCL,PL)	mʌkʰʌpkʌ
kʰipt	V;PRS;NEG;TR;ABS(3,SG);ERG(1,SG)	mʌkʰʌpŋʌ
kʰipt	V;PRS;POS;TR;ABS(1,EXCL,DU);ERG(3,DU)	kʰʌpu
kʰipt	V;PRS;POS;TR;ABS(1,INCL,DU);ERG(3,DU)	kʰʌpi
kʰipt	V;PRS;POS;TR;ABS(2,DU);ERG(1,EXCL,PL)	ʔikʰʌpkʌ
kʰipt	V;PRS;POS;TR;ABS(2,PL);ERG(3,SG)	ʔikʰʌ̂mni
kʰipt	V;PRS;POS;TR;ABS(3,DU);ERG(1,INCL,PL)	ʔikʰʌpki
kʰipt	V;PRS;POS;TR;ABS(3,SG);ERG(1,SG)	ʔikʰʌpŋʌ
kʰipt	V;PRS;POS;TR;ABS(3,SG);ERG(2,DU)	ʔikʰipi
kʰipt	V;PST;NEG;TR;ABS(1,EXCL,DU);ERG(2,SG,FORM)	mʌkʰipwɛ
kʰipt	V;PST;NEG;TR;ABS(3,SG);ERG(2,PL)	mʌkʰipwɛnu
kʰipt	V;PST;POS;TR;ABS(3,DU);ERG(2,DU)	ʔikʰipiti
kʰipt	V;PST;POS;TR;ABS(3,PL);ERG(1,EXCL,PL)	ʔikʰʌptʌkʌ
kʰipt	V;PST;POS;TR;ABS(3,PL);ERG(3,DU)	kʰiptɛnu
kʰok	V;IMP;NEG;TR;ABS(2,DU);ERG(1,SG)	mukʰɵkʌsuje
kʰok	V;PRS;NEG;TR;ABS(1,EXCL,PL);ERG(3,PL)	mukʰokkʌ
kʰok	V;PRS;NEG;TR;ABS(2,PL);ERG(3,SG)	mʌkʰôːni
kʰok	V;PRS;NEG;TR;ABS(3,SG);ERG(1,EXCL,PL)	mʌkʰokkʌ
kʰok	V;PRS;POS;TR;ABS(1,EXCL,DU);ERG(3,SG)	kʰɵku
kʰok	V;PRS;POS;TR;ABS(1,INCL,PL);ERG(3,PL)	kʰokki
kʰok	V;PRS;POS;TR;ABS(2,DU);ERG(3,DU)	ʔikʰɵki
kʰok	V;PRS;POS;TR;ABS(3,DU);ERG(2,SG,FORM)	ʔikʰɵ̂ː
kʰok	V;PRS;POS;TR;ABS(3,DU);ERG(3,PL)	kʰôːknu
kʰok	V;PRS;POS;TR;ABS(3,PL);ERG(2,PL)	ʔikʰôːni
kʰok	V;PST;NEG;TR;ABS(1,EXCL,DU);ERG(3,DU)	mukʰɵkiwi
kʰok	V;PST;NEG;TR;ABS(1,EXCL,DU);ERG(3,PL)	mukʰɵkwʌkʌ
kʰok	V;PST;NEG;TR;ABS(2,SG);ERG(1,EXCL,DU)	mʌkʰɵkuwu
kʰok	V;PST;NEG;TR;ABS(3,PL);ERG(3,SG)	mukʰɵkwɛnu
kʰok	V;PST;NEG;TR;ABS(3,SG);ERG(2,SG,FORM)	mʌkʰɵkwɛ
kʰok	V;PST;POS;TR;ABS(1,INCL,PL);ERG(3,SG)	kʰoktiki
kʰok	V;PST;POS;TR;ABS(1,SG);ERG(3,PL)	kʰɵktɛnu
kʰok	V;PST;POS;TR;ABS(2,DU);ERG(3,PL)	ʔikʰɵktɛnu
kʰok	V;PST;POS;TR;ABS(3,DU);ERG(1,INCL,DU)	ʔikʰɵkiti
kʰok	V;PST;POS;TR;ABS(3,DU);ERG(2,SG,FORM)	ʔikʰɵktɛ
kʰop	V;IMP;NEG;REFL;ABS(2,PL)	mukʰɵpnuje
kʰop	V;IMP;POS;TR;ABS(2,DU);ERG(3,PL)	kʰɵpnuje
kʰop	V;IMP;POS;TR;ABS(2,PL);ERG(1,EXCL,DU)	kʰɵpuje
kʰop	V;IMP;POS;TR;ABS(2,PL);ERG(3,PL)	kʰɵpnuje
kʰop	V;PRS;NEG;REFL;ABS(2,DU)	mʌkʰɵpi
kʰop	V;PRS;NEG;TR;ABS(1,SG);ERG(3,DU)	mukʰɵpi
kʰop	V;PRS;NEG;TR;ABS(2,SG);ERG(3,SG)	mʌkʰoɔ̂mŋʌ
kʰop	V;PRS;NEG;TR;ABS(3,DU);ERG(1,INCL,DU)	mʌkʰɵpi
kʰop	V;PRS;NEG;TR;ABS(3,SG);ERG(3,DU)	mukʰɵpi
kʰop	V;PRS;POS;REFL;ABS(1,INCL,DU)	kʰɵpi
kʰop	V;PRS;POS;TR;ABS(1,INCL,PL);ERG(3,SG)	kʰoɔpki
kʰop	V;PRS;POS;TR;ABS(2,DU);ERG(3,DU)	ʔikʰɵpi
kʰop	V;PRS;POS;TR;ABS(2,SG);ERG(3,PL)	ʔikʰoɔ̂mni
kʰop	V;PRS;POS;TR;ABS(2,SG);ERG(3,SG)	ʔikʰoɔ̂mŋʌ
kʰop	V;PRS;POS;TR;ABS(3,PL);ERG(3,SG)	kʰoɔ̂mnu
kʰop	V;PST;NEG;TR;ABS(3,PL);ERG(3,PL)	mukʰɵpwɛnu
kʰop	V;PST;NEG;TR;ABS(3,SG);ERG(2,PL)	mʌkʰoɔ̂mwɛnu
kʰop	V;PST;POS;TR;ABS(2,SG);ERG(3,SG)	ʔikʰoɔ̂mtɛ
kʰop	V;PST;POS;TR;ABS(3,PL);ERG(1,INCL,DU)	ʔikʰɵpiti
kʰop	V;PST;POS;TR;ABS(3,SG);ERG(2,PL)	ʔikʰoɔ̂mtɛnu
kʰoŋt	V;IMP;NEG;TR;ABS(2,PL);ERG(1,SG)	mukʰɵŋʌnuje
kʰoŋt	V;IMP;POS;TR;ABS(2,DU);ERG(3,SG)	kʰɵŋije
kʰoŋt	V;PRS;NEG;TR;ABS(1,EXCL,DU);ERG(2,PL)	mʌkʰɵ̂ŋnu
kʰoŋt	V;PRS;NEG;TR;ABS(1,EXCL,PL);ERG(3,SG)	mukʰoŋkʌ
kʰoŋt	V;PRS;NEG;TR;ABS(1,SG);ERG(2,SG,FORM)	mʌkʰɵ̂ŋ
kʰoŋt	V;PRS;NEG;TR;ABS(1,SG);ERG(3,SG)	mukʰoŋŋʌ
kʰoŋt	V;PRS;NEG;TR;ABS(2,PL);ERG(1,EXCL,PL)	mʌkʰoŋkʌ
kʰoŋt	V;PRS;NEG;TR;ABS(2,SG);ERG(1,EXCL,PL)	mʌkʰoŋkʌ
kʰoŋt	V;PRS;NEG;TR;ABS(3,DU);ERG(1,EXCL,DU)	mʌkʰɵŋu
kʰoŋt	V;PRS;POS;TR;ABS(3,DU);ERG(1,EXCL,PL)	ʔikʰoŋkʌ
kʰoŋt	V;PRS;POS;TR;ABS(3,DU);ERG(1,INCL,DU)	ʔikʰɵŋi
kʰoŋt	V;PST;NEG;TR;ABS(2,DU);ERG(1,EXCL,PL)	mʌkʰoŋwʌkʌ
kʰoŋt	V;PST;NEG;TR;ABS(2,PL);ERG(3,SG)	mʌkʰɵ̂ŋwɛnu
kʰoŋt	V;PST;NEG;TR;ABS(2,SG);ERG(1,EXCL,DU)	mʌkʰɵŋuwu
kʰoŋt	V;PST;NEG;TR;ABS(3,PL);ERG(1,INCL,PL)	mʌkʰoŋwiki
kʰoŋt	V;PST;NEG;TR;ABS(3,SG);ERG(1,SG)	mʌkʰoŋwʌ
kʰoŋt	V;PST;POS;TR;ABS(1,SG);ERG(3,PL)	kʰoŋtɛnu
kʰoŋt	V;PST;POS;TR;ABS(1,SG);ERG(3,SG)	kʰoŋtʌ
kʰoŋt	V;PST;POS;TR;ABS(3,DU);ERG(1,EXCL,DU)	ʔikʰɵŋutu
kʰoŋt	V;PST;POS;TR;ABS(3,SG);ERG(1,INCL,PL)	ʔikʰoŋtiki
kʰunt	V;IMP;NEG;REFL;ABS(2,PL)	mukʰʉːʦnnuje
kʰunt	V;IMP;POS;TR;ABS(2,DU);ERG(1,EXCL,DU)	kʰʉːʦuje
kʰunt	V;PRS;NEG;TR;ABS(1,INCL,PL);ERG(3,PL)	mukʰʌjki
kʰunt	V;PRS;NEG;TR;ABS(2,PL);ERG(1,SG)	mʌkʰʌjŋʌnu
kʰunt	V;PRS;NEG;TR;ABS(3,PL);ERG(1,INCL,DU)	mʌkʰʉːʦi
kʰunt	V;PRS;POS;TR;ABS(1,EXCL,DU);ERG(3,DU)	kʰʉːʦu
kʰunt	V;PRS;POS;TR;ABS(1,EXCL,PL);ERG(2,PL)	ʔikʰʌjni
kʰunt	V;PRS;POS;TR;ABS(1,EXCL,PL);ERG(2,SG,FORM)	ʔikʰʌj
kʰunt	V;PRS;POS;TR;ABS(2,PL);ERG(3,PL)	ʔikʰʌjni
kʰunt	V;PRS;POS;TR;ABS(2,SG);ERG(1,SG)	ʔikʰʌjŋʌ
kʰunt	V;PST;NEG;REFL;ABS(2,SG)	mʌkʰʉ̂ːswɛ
kʰunt	V;PST;NEG;TR;ABS(1,EXCL,PL);ERG(2,DU)	mʌkʰʉːswi
kʰunt	V;PST;NEG;TR;ABS(1,SG);ERG(3,SG)	mukʰʉːswʌ
kʰunt	V;PST;NEG;TR;ABS(2,PL);ERG(3,DU)	mʌkʰʉːswi
kʰunt	V;PST;NEG;TR;ABS(2,PL);ERG(3,PL)	mʌkʰʌjwɛnu
kʰunt	V;PST;NEG;TR;ABS(3,PL);ERG(1,SG)	mʌkʰʌ̂nwɛnu
kʰunt	V;PST;NEG;TR;ABS(3,SG);ERG(3,DU)	mukʰʉːswi
kʰunt	V;PST;POS;REFL;ABS(1,EXCL,PL)	kʰʌjtʌkʌ
kʰunt	V;PST;POS;TR;ABS(1,INCL,PL);ERG(3,DU)	kʰʌjtiki
kʰunt	V;PST;POS;TR;ABS(3,PL);ERG(1,SG)	ʔikʰʌjtʌkʌ
kʰɛl	V;IMP;NEG;TR;ABS(2,DU);ERG(1,EXCL,DU)	mukʰɛluje
kʰɛl	V;IMP;POS;TR;ABS(2,PL);ERG(1,EXCL,PL)	kʰɛlkʌje
kʰɛl	V;PRS;NEG;TR;ABS(1,EXCL,PL);ERG(2,DU)	mʌkʰɛli
kʰɛl	V;PRS;NEG;TR;ABS(2,SG);ERG(1,EXCL,PL)	mʌkʰɛlkʌ
kʰɛl	V;PRS;NEG;TR;ABS(3,PL);ERG(2,SG,FORM)	mʌkʰɛ̂l
kʰɛl	V;PRS;NEG;TR;ABS(3,SG);ERG(1,SG)	mʌkʰɛlŋʌ
kʰɛl	V;PRS;POS;TR;ABS(1,EXCL,DU);ERG(2,DU)	ʔikʰɛli
kʰɛl	V;PRS;POS;TR;ABS(1,EXCL,PL);ERG(2,PL)	ʔikʰɛlni
kʰɛl	V;PRS;POS;TR;ABS(3,DU);ERG(2,SG,FORM)	ʔikʰɛ̂l
kʰɛl	V;PRS;POS;TR;ABS(3,DU);ERG(3,PL)	kʰɛ̂lnu
kʰɛl	V;PRS;POS;TR;ABS(3,SG);ERG(3,SG)	kʰɛlŋʌ
kʰɛl	V;PST;NEG;TR;ABS(2,DU);ERG(1,EXCL,PL)	mʌkʰɛlwʌkʌ
kʰɛl	V;PST;NEG;TR;ABS(3,DU);ERG(3,PL)	mukʰɛlwɛnu
kʰɛl	V;PST;NEG;TR;ABS(3,PL);ERG(3,PL)	mukʰɛlwɛnu
kʰɛl	V;PST;POS;TR;ABS(1,INCL,DU);ERG(3,DU)	kʰɛliti
kʰɛl	V;PST;POS;TR;ABS(1,INCL,DU);ERG(3,SG)	kʰɛliti
kʰɛl	V;PST;POS;TR;ABS(2,PL);ERG(3,PL)	ʔikʰɛltɛnu
kʰɛl	V;PST;POS;TR;ABS(3,PL);ERG(1,INCL,DU)	ʔikʰɛliti
kʰɛl	V;PST;POS;TR;ABS(3,PL);ERG(2,PL)	ʔikʰɛltɛnu
kʰɛl	V;PST;POS;TR;ABS(3,SG);ERG(1,EXCL,PL)	ʔikʰɛltʌkʌ
nott	V;IMP;POS;TR;ABS(2,DU);ERG(3,DU)	nɵʦije
nott	V;IMP;POS;TR;ABS(2,PL);ERG(1,EXCL,DU)	nɵʦuje
nott	V;PRS;NEG;TR;ABS(2,SG);ERG(1,EXCL,PL)	mʌnoɔçkʌ
nott	V;PRS;NEG;TR;ABS(3,DU);ERG(2,DU)	mʌnɵʦi
nott	V;PRS;NEG;TR;ABS(3,DU);ERG(2,SG,FORM)	mʌnɵ̂j
nott	V;PRS;NEG;TR;ABS(3,DU);ERG(3,SG)	munɵʦi
nott	V;PRS;POS;TR;ABS(1,EXCL,DU);ERG(3,SG)	nɵʦu
nott	V;PRS;POS;TR;ABS(1,SG);ERG(3,DU)	nɵʦi
nott	V;PRS;POS;TR;ABS(3,SG);ERG(1,EXCL,PL)	ʔinoɔçkʌ
nott	V;PRS;POS;TR;ABS(3,SG);ERG(2,SG,FORM)	ʔinɵ̂j
nott	V;PRS;POS;TR;ABS(3,SG);ERG(3,DU)	nɵʦi
nott	V;PST;NEG;TR;ABS(1,INCL,DU);ERG(3,SG)	munɵswi
nott	V;PST;NEG;TR;ABS(3,SG);ERG(1,INCL,PL)	mʌnoɔçwiki
nott	V;PST;NEG;TR;ABS(3,SG);ERG(3,DU)	munɵswi
nott	V;PST;POS;TR;ABS(1,EXCL,DU);ERG(2,DU)	ʔinɵsti
nott	V;PST;POS;TR;ABS(1,EXCL,PL);ERG(3,PL)	noɔçtʌkʌ
nott	V;PST;POS;TR;ABS(1,INCL,PL);ERG(3,PL)	noɔçtiki
nott	V;PST;POS;TR;ABS(1,SG);ERG(2,SG,FORM)	ʔinɵstɛ
nott	V;PST;POS;TR;ABS(3,DU);ERG(1,EXCL,DU)	ʔinɵstu
nott	V;PST;POS;TR;ABS(3,DU);ERG(1,SG)	ʔinɵʦʌtʌsu
nu	V;IMP;NEG;INTR;ABS(2,SG)	munʉje
nu	V;PRS;NEG;INTR;ABS(1,EXCL,PL)	munʌkʌ
nu	V;PRS;NEG;INTR;ABS(1,INCL,DU)	munʉji
nu	V;PRS;NEG;INTR;ABS(1,INCL,PL)	munukki
nu	V;PRS;NEG;INTR;ABS(1,SG)	munʉŋʌ
nu	V;PRS;NEG;INTR;ABS(3,PL)	munʉnu
nu	V;PRS;NEG;INTR;ABS(3,SG)	munʉ
nu	V;PRS;POS;INTR;ABS(1,EXCL,PL)	nʌkʌ
nu	V;PRS;POS;INTR;ABS(1,INCL,DU)	nʉi
nu	V;PRS;POS;INTR;ABS(2,PL)	ʔinʉni
nu	V;PRS;POS;INTR;ABS(3,DU)	nʉji
nu	V;PRS;POS;INTR;ABS(3,SG)	nʉ
nu	V;PST;NEG;INTR;ABS(1,EXCL,DU)	munʉkuwu
nu	V;PST;NEG;INTR;ABS(1,INCL,PL)	munuwiki
nu	V;PST;NEG;INTR;ABS(2,SG)	mʌnʉ̂ːwɛ
nu	V;PST;NEG;INTR;ABS(3,DU)	munʉswi
nu	V;PST;POS;INTR;ABS(1,INCL,PL)	nʌktiki
nu	V;PST;POS;INTR;ABS(3,DU)	nʉsti
nu	V;PST;POS;INTR;ABS(3,PL)	nʉ̂ntɛnu
nu	V;PST;POS;INTR;ABS(3,SG)	nʉ̂jtɛ
nuk	V;IMP;POS;REFL;ABS(2,DU)	nʉkije
nuk	V;IMP;POS;TR;ABS(2,DU);ERG(1,EXCL,DU)	nʉkuje
nuk	V;IMP;POS;TR;ABS(2,DU);ERG(1,SG)	nʉkʌje
nuk	V;PRS;NEG;REFL;ABS(2,SG)	mʌnʉ̂ːŋʌ
nuk	V;PRS;NEG;TR;ABS(1,EXCL,PL);ERG(3,PL)	munʌkkʌ
nuk	V;PRS;POS;TR;ABS(2,DU);ERG(1,EXCL,DU)	ʔinʉku
nuk	V;PRS;POS;TR;ABS(2,PL);ERG(1,EXCL,PL)	ʔinʌkkʌ
nuk	V;PRS;POS;TR;ABS(2,SG);ERG(1,EXCL,DU)	ʔinʉku
nuk	V;PRS;POS;TR;ABS(3,DU);ERG(1,EXCL,PL)	ʔinʌkkʌ
nuk	V;PST;NEG;REFL;ABS(1,INCL,DU)	munʉkiwi
nuk	V;PST;NEG;TR;ABS(1,EXCL,DU);ERG(2,PL)	mʌnʉkwɛnu
nuk	V;PST;NEG;TR;ABS(1,EXCL,DU);ERG(3,PL)	munʉkwʌkʌ
nuk	V;PST;NEG;TR;ABS(1,SG);ERG(3,DU)	munʉkwɛsu
nuk	V;PST;NEG;TR;ABS(2,SG);ERG(3,PL)	mʌnʉkwɛnu
nuk	V;PST;NEG;TR;ABS(3,DU);ERG(1,EXCL,PL)	mʌnʌkwʌkʌ
nuk	V;PST;POS;REFL;ABS(1,EXCL,PL)	nʌktʌkʌ
nuk	V;PST;POS;TR;ABS(1,EXCL,DU);ERG(2,DU)	ʔinʉkiti
nuk	V;PST;POS;TR;ABS(3,DU);ERG(3,PL)	nʉktɛnu
nuk	V;PST;POS;TR;ABS(3,PL);ERG(3,DU)	nʉktɛnu
nuk	V;PST;POS;TR;ABS(3,SG);ERG(1,SG)	ʔinʉkʌtʌ
nɛl	V;IMP;NEG;TR;ABS(2,PL);ERG(1,EXCL,PL)	munɛlkʌje
nɛl	V;IMP;POS;TR;ABS(2,SG);ERG(1,SG)	nɛlŋʌje
nɛl	V;IMP;POS;TR;ABS(2,SG);ERG(3,SG)	nɛlʌje
nɛl	V;PRS;NEG;TR;ABS(2,SG);ERG(3,DU)	mʌnɛli
nɛl	V;PRS;NEG;TR;ABS(2,SG);ERG(3,PL)	mʌnɛlni
nɛl	V;PRS;POS;TR;ABS(1,INCL,PL);ERG(3,SG)	nɛlki
nɛl	V;PRS;POS;TR;ABS(2,SG);ERG(1,EXCL,DU)	ʔinɛlu
nɛl	V;PRS;POS;TR;ABS(3,DU);ERG(1,EXCL,PL)	ʔinɛlkʌ
nɛl	V;PRS;POS;TR;ABS(3,PL);ERG(3,SG)	nɛ̂lnu
nɛl	V;PST;NEG;INTR;ABS(1,SG)	munɛlwʌ
nɛl	V;PST;NEG;TR;ABS(1,INCL,DU);ERG(3,PL)	munɛliwi
nɛl	V;PST;NEG;TR;ABS(1,INCL,DU);ERG(3,SG)	munɛliwi
nɛl	V;PST;NEG;TR;ABS(1,INCL,PL);ERG(3,SG)	munɛlwiki
nɛl	V;PST;NEG;TR;ABS(2,PL);ERG(1,EXCL,PL)	mʌnɛlwʌkʌ
nɛl	V;PST;NEG;TR;ABS(3,PL);ERG(2,DU)	mʌnɛliwi
nɛl	V;PST;NEG;TR;ABS(3,SG);ERG(1,INCL,DU)	mʌnɛliwi
nɛl	V;PST;NEG;TR;ABS(3,SG);ERG(1,INCL,PL)	mʌnɛlwiki
nɛl	V;PST;NEG;TR;ABS(3,SG);ERG(3,SG)	munɛlwɛ
nɛl	V;PST;POS;TR;ABS(1,EXCL,PL);ERG(3,PL)	nɛltʌkʌ
nɛl	V;PST;POS;TR;ABS(3,PL);ERG(2,SG,FORM)	ʔinɛ̂ltɛ
paŋ	V;IMP;NEG;INTR;ABS(2,PL)	mupaŋnuje
paŋ	V;PRS;NEG;INTR;ABS(1,EXCL,PL)	mupaŋkʌ
paŋ	V;PRS;NEG;INTR;ABS(1,INCL,DU)	mupaŋi
paŋ	V;PRS;NEG;INTR;ABS(1,INCL,PL)	mupaŋki
paŋ	V;PRS;NEG;INTR;ABS(1,SG)	mupaŋŋʌ
paŋ	V;PRS;NEG;INTR;ABS(2,PL)	mʌpaŋni
paŋ	V;PRS;NEG;INTR;ABS(3,DU)	mupaŋi
paŋ	V;PRS;NEG;INTR;ABS(3,SG)	mupaŋ
paŋ	V;PRS;POS;INTR;ABS(1,EXCL,DU)	paŋu
paŋ	V;PRS;POS;INTR;ABS(1,INCL,DU)	paŋi
paŋ	V;PRS;POS;INTR;ABS(1,SG)	paŋŋʌ
paŋ	V;PRS;POS;INTR;ABS(3,DU)	paŋi
paŋ	V;PST;NEG;INTR;ABS(2,PL)	mʌpaŋwɛnu
paŋ	V;PST;NEG;INTR;ABS(3,DU)	mupaŋiwi
paŋ	V;PST;NEG;INTR;ABS(3,PL)	mupaŋwɛnu
paŋ	V;PST;POS;INTR;ABS(2,DU)	ʔipaŋiti
paŋ	V;PST;POS;INTR;ABS(2,PL)	ʔipaŋtɛnu
paŋ	V;PST;POS;INTR;ABS(2,SG)	ʔipaŋtɛ
paŋ	V;PST;POS;INTR;ABS(3,DU)	paŋtɛsu
paŋ	V;PST;POS;INTR;ABS(3,PL)	paŋtɛnu
pʰaŋt	V;IMP;NEG;TR;ABS(2,PL);ERG(3,SG)	mupʰaŋnuje
pʰaŋt	V;IMP;NEG;TR;ABS(2,SG);ERG(1,SG)	mupʰʌŋʌje
pʰaŋt	V;PRS;NEG;TR;ABS(1,EXCL,PL);ERG(2,PL)	mʌpʰaŋni
pʰaŋt	V;PRS;NEG;TR;ABS(1,INCL,PL);ERG(3,SG)	mupʰaŋki
pʰaŋt	V;PRS;NEG;TR;ABS(3,SG);ERG(1,EXCL,PL)	mʌpʰaŋkʌ
pʰaŋt	V;PRS;NEG;TR;ABS(3,SG);ERG(2,SG,FORM)	mʌpʰâŋ
pʰaŋt	V;PRS;POS;TR;ABS(1,EXCL,PL);ERG(3,SG)	pʰaŋkʌ
pʰaŋt	V;PRS;POS;TR;ABS(2,DU);ERG(1,EXCL,DU)	ʔipʰʌŋu
pʰaŋt	V;PRS;POS;TR;ABS(2,PL);ERG(1,EXCL,PL)	ʔipʰaŋkʌ
pʰaŋt	V;PRS;POS;TR;ABS(3,PL);ERG(2,DU)	ʔipʰʌŋi
pʰaŋt	V;PRS;POS;TR;ABS(3,SG);ERG(1,INCL,PL)	ʔipʰaŋki
pʰaŋt	V;PRS;POS;TR;ABS(3,SG);ERG(2,SG,FORM)	ʔipʰâŋ
pʰaŋt	V;PRS;POS;TR;ABS(3,SG);ERG(3,DU)	pʰaŋsu
pʰaŋt	V;PST;NEG;TR;ABS(1,EXCL,PL);ERG(3,SG)	mupʰaŋwʌkʌ
pʰaŋt	V;PST;NEG;TR;ABS(1,SG);ERG(3,DU)	mupʰaŋwʌsu
pʰaŋt	V;PST;NEG;TR;ABS(3,DU);ERG(2,DU)	mʌpʰʌŋiwi
pʰaŋt	V;PST;NEG;TR;ABS(3,PL);ERG(2,DU)	mʌpʰʌŋiwi
pʰaŋt	V;PST;POS;TR;ABS(2,SG);ERG(3,SG)	ʔipʰaŋtʌ
pʰaŋt	V;PST;POS;TR;ABS(3,PL);ERG(2,DU)	ʔipʰʌŋiti
pʰaŋt	V;PST;POS;TR;ABS(3,SG);ERG(1,INCL,PL)	ʔipʰaŋtiki
pʰer	V;IMP;NEG;TR;ABS(2,PL);ERG(3,PL)	mupʰernuje
pʰer	V;IMP;POS;INTR;ABS(2,DU)	pʰerije
pʰer	V;IMP;POS;TR;ABS(2,PL);ERG(3,PL)	pʰernuje
pʰer	V;PRS;NEG;INTR;ABS(3,SG)	mupʰer
pʰer	V;PRS;NEG;TR;ABS(1,EXCL,PL);ERG(3,SG)	mupʰerkʌ
pʰer	V;PRS;NEG;TR;ABS(3,SG);ERG(2,DU)	mʌpʰeri
pʰer	V;PRS;NEG;TR;ABS(3,SG);ERG(2,PL)	mʌpʰêrni
pʰer	V;PRS;POS;TR;ABS(1,EXCL,DU);ERG(3,SG)	pʰeru
pʰer	V;PRS;POS;TR;ABS(1,SG);ERG(2,PL)	ʔipʰêrnu
pʰer	V;PST;NEG;TR;ABS(2,DU);ERG(1,EXCL,DU)	mʌpʰeruwu
pʰer	V;PST;NEG;TR;ABS(2,DU);ERG(3,SG)	mʌpʰeriwi
pʰer	V;PST;NEG;TR;ABS(3,PL);ERG(1,SG)	mʌpʰêrwɛnu
pʰer	V;PST;NEG;TR;ABS(3,PL);ERG(3,SG)	mupʰerwɛnu
pʰer	V;PST;NEG;TR;ABS(3,SG);ERG(3,SG)	mupʰerwɛ
pʰer	V;PST;POS;INTR;ABS(3,DU)	pʰeriti
pʰer	V;PST;POS;TR;ABS(1,INCL,PL);ERG(3,PL)	pʰertiki
pʰer	V;PST;POS;TR;ABS(3,DU);ERG(2,PL)	ʔipʰêrtɛnu
pʰer	V;PST;POS;TR;ABS(3,PL);ERG(1,SG)	ʔipʰêrtɛnu
pʰer	V;PST;POS;TR;ABS(3,PL);ERG(3,PL)	pʰêrtɛnu
pʰer	V;PST;POS;TR;ABS(3,SG);ERG(1,SG)	ʔipʰertʌ
pʰrɛpt	V;IMP;NEG;TR;ABS(2,PL);ERG(3,SG)	mupʰrɛpnuje
pʰrɛpt	V;IMP;POS;TR;ABS(2,DU);ERG(1,EXCL,PL)	pʰrɛpkʌje
pʰrɛpt	V;PRS;NEG;TR;ABS(1,EXCL,PL);ERG(2,PL)	mʌpʰrɛpnu
pʰrɛpt	V;PRS;NEG;TR;ABS(1,INCL,DU);ERG(3,SG)	mupʰrɛpi
pʰrɛpt	V;PRS;NEG;TR;ABS(2,PL);ERG(1,EXCL,PL)	mʌpʰrɛpkʌ
pʰrɛpt	V;PRS;NEG;TR;ABS(2,PL);ERG(3,SG)	mʌpʰrɛ̂mni
pʰrɛpt	V;PRS;NEG;TR;ABS(3,DU);ERG(2,DU)	mʌpʰrɛpi
pʰrɛpt	V;PRS;NEG;TR;ABS(3,PL);ERG(2,PL)	mʌpʰrɛ̂mni
pʰrɛpt	V;PRS;NEG;TR;ABS(3,SG);ERG(1,EXCL,DU)	mʌpʰrɛpu
pʰrɛpt	V;PRS;NEG;TR;ABS(3,SG);ERG(2,PL)	mʌpʰrɛ̂mni
pʰrɛpt	V;PRS;POS;TR;ABS(1,EXCL,PL);ERG(3,DU)	pʰrɛpkʌ
pʰrɛpt	V;PRS;POS;TR;ABS(1,INCL,DU);ERG(3,SG)	pʰrɛpi
pʰrɛpt	V;PRS;POS;TR;ABS(2,DU);ERG(3,DU)	ʔipʰrɛpi
pʰrɛpt	V;PRS;POS;TR;ABS(2,PL);ERG(1,SG)	ʔipʰrɛpŋʌnu
pʰrɛpt	V;PRS;POS;TR;ABS(2,PL);ERG(3,SG)	ʔipʰrɛpnu
pʰrɛpt	V;PRS;POS;TR;ABS(3,DU);ERG(1,EXCL,PL)	ʔipʰrɛpkʌ
pʰrɛpt	V;PRS;POS;TR;ABS(3,DU);ERG(1,SG)	ʔipʰrɛpŋʌsu
pʰrɛpt	V;PST;NEG;TR;ABS(2,DU);ERG(3,SG)	mʌpʰrɛpiwi
pʰrɛpt	V;PST;POS;TR;ABS(3,PL);ERG(2,SG,FORM)	ʔipʰrɛ̂mtɛ
pʰrɛpt	V;PST;POS;TR;ABS(3,SG);ERG(3,DU)	pʰrɛptɛsu
pʰɛm	V;IMP;NEG;INTR;ABS(2,PL)	mupʰɛmnuje
pʰɛm	V;IMP;POS;INTR;ABS(2,SG)	pʰɛme
pʰɛm	V;PRS;NEG;INTR;ABS(1,EXCL,DU)	mupʰɛmu
pʰɛm	V;PRS;NEG;INTR;ABS(1,EXCL,PL)	mupʰɛmkʌ
pʰɛm	V;PRS;NEG;INTR;ABS(1,SG)	mupʰɛmŋʌ
pʰɛm	V;PRS;NEG;INTR;ABS(2,DU)	mʌpʰɛmi
pʰɛm	V;PRS;NEG;INTR;ABS(2,SG)	mʌpʰɛ̂mŋʌ
pʰɛm	V;PRS;POS;INTR;ABS(1,EXCL,PL)	pʰɛmkʌ
pʰɛm	V;PRS;POS;INTR;ABS(2,DU)	ʔipʰɛmi
pʰɛm	V;PST;NEG;INTR;ABS(1,EXCL,PL)	mupʰɛmwʌkʌ
pʰɛm	V;PST;NEG;INTR;ABS(1,SG)	mupʰɛmwʌ
pʰɛm	V;PST;NEG;INTR;ABS(2,DU)	mʌpʰɛmiwi
pʰɛm	V;PST;NEG;INTR;ABS(2,PL)	mʌpʰɛ̂mwɛnu
pʰɛm	V;PST;NEG;INTR;ABS(3,DU)	mupʰɛmiwi
pʰɛm	V;PST;NEG;INTR;ABS(3,PL)	mupʰɛ̂mwɛnu
pʰɛm	V;PST;NEG;INTR;ABS(3,SG)	mupʰɛmwɛ
pʰɛm	V;PST;POS;INTR;ABS(1,INCL,DU)	pʰɛmiti
pʰɛm	V;PST;POS;INTR;ABS(2,DU)	ʔipʰɛmiti
pʰɛm	V;PST;POS;INTR;ABS(2,SG)	ʔipʰɛ̂mtɛ
pʰɛm	V;PST;POS;INTR;ABS(3,SG)	pʰɛ̂mtɛ
rekt	V;IMP;NEG;TR;ABS(2,DU);ERG(1,EXCL,DU)	murekuje
rekt	V;IMP;NEG;TR;ABS(2,SG);ERG(3,SG)	murekʌje
rekt	V;IMP;POS;TR;ABS(2,PL);ERG(3,SG)	reknuje
rekt	V;IMP;POS;TR;ABS(2,SG);ERG(3,SG)	rekʌje
rekt	V;PRS;NEG;TR;ABS(1,EXCL,PL);ERG(3,PL)	murekkʌ
rekt	V;PRS;NEG;TR;ABS(2,DU);ERG(1,EXCL,PL)	mʌrekkʌ
rekt	V;PRS;NEG;TR;ABS(3,DU);ERG(1,INCL,PL)	mʌrekki
rekt	V;PRS;NEG;TR;ABS(3,PL);ERG(1,EXCL,PL)	mʌrekkʌ
rekt	V;PRS;POS;TR;ABS(1,EXCL,DU);ERG(3,PL)	reku
rekt	V;PRS;POS;TR;ABS(2,DU);ERG(3,PL)	ʔirêːni
rekt	V;PRS;POS;TR;ABS(3,SG);ERG(2,DU)	ʔireki
rekt	V;PST;NEG;TR;ABS(3,DU);ERG(3,SG)	murekwɛsu
rekt	V;PST;NEG;TR;ABS(3,PL);ERG(1,INCL,DU)	mʌrekiwi
rekt	V;PST;NEG;TR;ABS(3,PL);ERG(2,PL)	mʌrekwɛnu
rekt	V;PST;NEG;TR;ABS(3,PL);ERG(3,DU)	murekwɛnu
rekt	V;PST;NEG;TR;ABS(3,PL);ERG(3,SG)	murekwɛnu
rekt	V;PST;NEG;TR;ABS(3,SG);ERG(2,SG,FORM)	mʌrekwɛ
rekt	V;PST;POS;TR;ABS(1,SG);ERG(2,PL)	ʔirektɛnu
rekt	V;PST;POS;TR;ABS(2,SG);ERG(1,EXCL,DU)	ʔirekutu
rekt	V;PST;POS;TR;ABS(2,SG);ERG(1,EXCL,PL)	ʔirektʌkʌ
reŋt	V;IMP;NEG;TR;ABS(2,SG);ERG(3,DU)	mureŋije
reŋt	V;IMP;POS;TR;ABS(2,PL);ERG(3,DU)	reŋnuje
reŋt	V;PRS;NEG;TR;ABS(1,EXCL,DU);ERG(3,PL)	mureŋu
reŋt	V;PRS;NEG;TR;ABS(2,DU);ERG(1,EXCL,DU)	mʌreŋu
reŋt	V;PRS;NEG;TR;ABS(2,DU);ERG(1,SG)	mʌreŋŋʌsu
reŋt	V;PRS;NEG;TR;ABS(3,DU);ERG(1,INCL,PL)	mʌreŋki
reŋt	V;PRS;NEG;TR;ABS(3,DU);ERG(2,SG,FORM)	mʌrêŋ
reŋt	V;PRS;POS;TR;ABS(1,EXCL,DU);ERG(2,PL)	ʔireŋni
reŋt	V;PRS;POS;TR;ABS(3,DU);ERG(1,EXCL,DU)	ʔireŋu
reŋt	V;PRS;POS;TR;ABS(3,DU);ERG(1,INCL,PL)	ʔireŋki
reŋt	V;PRS;POS;TR;ABS(3,DU);ERG(1,SG)	ʔireŋŋʌsu
reŋt	V;PRS;POS;TR;ABS(3,PL);ERG(1,SG)	ʔireŋŋʌnu
reŋt	V;PST;NEG;TR;ABS(3,DU);ERG(1,EXCL,PL)	mʌreŋwʌkʌ
reŋt	V;PST;NEG;TR;ABS(3,DU);ERG(2,PL)	mʌreŋwɛnu
reŋt	V;PST;NEG;TR;ABS(3,DU);ERG(3,SG)	mureŋwɛsu
reŋt	V;PST;NEG;TR;ABS(3,SG);ERG(1,SG)	mʌreŋwʌ
reŋt	V;PST;POS;TR;ABS(1,EXCL,PL);ERG(2,PL)	ʔireŋtɛnu
reŋt	V;PST;POS;TR;ABS(1,SG);ERG(3,SG)	reŋtʌ
reŋt	V;PST;POS;TR;ABS(3,DU);ERG(2,SG,FORM)	ʔirêŋtɛ
reŋt	V;PST;POS;TR;ABS(3,SG);ERG(1,EXCL,DU)	ʔireŋutu
ritt	V;IMP;NEG;TR;ABS(2,DU);ERG(1,SG)	murʌʦʌsuje
ritt	V;IMP;NEG;TR;ABS(2,SG);ERG(1,SG)	murʌʦʌŋʌje
ritt	V;IMP;POS;TR;ABS(2,DU);ERG(3,SG)	riʦije
ritt	V;PRS;NEG;TR;ABS(1,EXCL,DU);ERG(3,DU)	muriʦu
ritt	V;PRS;NEG;TR;ABS(2,PL);ERG(1,EXCL,PL)	mʌrʌçkʌ
ritt	V;PRS;NEG;TR;ABS(3,PL);ERG(2,PL)	mʌrʌ̂nni
ritt	V;PRS;POS;TR;ABS(1,EXCL,PL);ERG(2,PL)	ʔirʌ̂nni
ritt	V;PRS;POS;TR;ABS(1,SG);ERG(3,SG)	rʌ̂jŋʌ
ritt	V;PRS;POS;TR;ABS(2,PL);ERG(3,SG)	ʔirʌ̂nni
ritt	V;PRS;POS;TR;ABS(2,SG);ERG(3,DU)	ʔiriʦi
ritt	V;PRS;POS;TR;ABS(3,PL);ERG(2,SG,FORM)	ʔirʌ̂j
ritt	V;PST;NEG;TR;ABS(1,INCL,DU);ERG(3,PL)	muriswi
ritt	V;PST;NEG;TR;ABS(1,INCL,PL);ERG(3,PL)	muriçwiki
ritt	V;PST;NEG;TR;ABS(1,SG);ERG(3,PL)	muriswɛnu
ritt	V;PST;NEG;TR;ABS(2,SG);ERG(1,EXCL,DU)	mʌrʌswu
ritt	V;PST;NEG;TR;ABS(2,SG);ERG(3,SG)	mʌriswɛ
ritt	V;PST;POS;TR;ABS(2,DU);ERG(3,SG)	ʔirʌsti
ritt	V;PST;POS;TR;ABS(2,PL);ERG(1,EXCL,PL)	ʔirʌçtʌkʌ
ritt	V;PST;POS;TR;ABS(3,DU);ERG(1,EXCL,DU)	ʔirʌçtu
ritt	V;PST;POS;TR;ABS(3,SG);ERG(1,EXCL,PL)	ʔirʌçtʌkʌ
rol	V;IMP;NEG;TR;ABS(2,PL);ERG(3,DU)	murɵlnuje
rol	V;IMP;NEG;TR;ABS(2,SG);ERG(3,DU)	murɵlije
rol	V;IMP;POS;TR;ABS(2,DU);ERG(1,EXCL,DU)	rɵluje
rol	V;PRS;NEG;TR;ABS(1,EXCL,DU);ERG(3,SG)	muroɔlu
rol	V;PRS;NEG;TR;ABS(1,SG);ERG(3,DU)	muroɔlŋʌsu
rol	V;PRS;NEG;TR;ABS(2,DU);ERG(1,EXCL,PL)	mʌroɔlkʌ
rol	V;PRS;POS;TR;ABS(1,INCL,DU);ERG(3,DU)	rɵli
rol	V;PRS;POS;TR;ABS(2,SG);ERG(1,EXCL,DU)	ʔirɵluu
rol	V;PRS;POS;TR;ABS(3,DU);ERG(3,PL)	roɔ̂lnu
rol	V;PST;NEG;TR;ABS(1,EXCL,DU);ERG(2,SG,FORM)	mʌrɵlwɛ
rol	V;PST;NEG;TR;ABS(1,EXCL,DU);ERG(3,PL)	muroɔlwʌkʌ
rol	V;PST;NEG;TR;ABS(1,SG);ERG(3,PL)	muroɔlwɛnu
rol	V;PST;NEG;TR;ABS(2,SG);ERG(1,EXCL,PL)	mʌroɔlwʌkʌ
rol	V;PST;NEG;TR;ABS(2,SG);ERG(3,SG)	mʌrɵ̂lwɛ
rol	V;PST;NEG;TR;ABS(3,PL);ERG(1,INCL,PL)	mʌroɔlwiki
rol	V;PST;NEG;TR;ABS(3,PL);ERG(3,DU)	muroɔlwɛnu
rol	V;PST;NEG;TR;ABS(3,SG);ERG(2,SG,FORM)	mʌrɵlwɛ
rol	V;PST;POS;TR;ABS(1,SG);ERG(2,PL)	ʔirɵ̂ltɛnu
rol	V;PST;POS;TR;ABS(3,DU);ERG(1,INCL,DU)	ʔirɵliti
rol	V;PST;POS;TR;ABS(3,SG);ERG(2,PL)	ʔirɵ̂ltɛnu
rot	V;IMP;POS;TR;ABS(2,SG);ERG(1,EXCL,PL)	roɔçkʌje
rot	V;PRS;NEG;TR;ABS(1,SG);ERG(2,DU)	mʌrɵʦi
rot	V;PRS;NEG;TR;ABS(2,DU);ERG(1,EXCL,DU)	mʌrɵʦu
rot	V;PRS;NEG;TR;ABS(2,DU);ERG(3,DU)	mʌrɵʦi
rot	V;PRS;NEG;TR;ABS(2,DU);ERG(3,PL)	mʌroɔ̂nni
rot	V;PRS;NEG;TR;ABS(3,SG);ERG(2,PL)	mʌroɔ̂nni
rot	V;PRS;POS;TR;ABS(2,PL);ERG(1,EXCL,PL)	ʔiroɔçkʌ
rot	V;PRS;POS;TR;ABS(3,DU);ERG(3,SG)	roɔ̂nsu
rot	V;PST;NEG;TR;ABS(1,EXCL,PL);ERG(3,PL)	muroɔçwʌkʌ
rot	V;PST;NEG;TR;ABS(2,PL);ERG(1,EXCL,DU)	mʌrɵswu
rot	V;PST;NEG;TR;ABS(2,PL);ERG(3,SG)	mʌrɵswɛnu
rot	V;PST;NEG;TR;ABS(3,PL);ERG(3,DU)	muroɔ̂nwɛnu
rot	V;PST;POS;TR;ABS(1,EXCL,DU);ERG(2,DU)	ʔirɵsti
rot	V;PST;POS;TR;ABS(1,EXCL,DU);ERG(3,PL)	roɔçtʌkʌ
rot	V;PST;POS;TR;ABS(1,EXCL,DU);ERG(3,SG)	rɵstu
rot	V;PST;POS;TR;ABS(1,INCL,PL);ERG(3,DU)	roɔçtiki
rot	V;PST;POS;TR;ABS(2,DU);ERG(3,PL)	ʔirɵsti
rot	V;PST;POS;TR;ABS(2,SG);ERG(1,EXCL,PL)	ʔiroɔçtʌkʌ
rot	V;PST;POS;TR;ABS(3,PL);ERG(3,DU)	roɔ̂ntɛnu
rot	V;PST;POS;TR;ABS(3,SG);ERG(1,INCL,PL)	ʔiroɔçtiki
set	V;IMP;NEG;TR;ABS(2,DU);ERG(1,EXCL,DU)	museʦuje
set	V;IMP;POS;TR;ABS(2,SG);ERG(3,DU)	seʦije
set	V;IMP;POS;TR;ABS(2,SG);ERG(3,SG)	sêjje
set	V;PRS;NEG;TR;ABS(1,INCL,DU);ERG(3,SG)	museʦi
set	V;PRS;NEG;TR;ABS(2,DU);ERG(3,DU)	mʌsesi
set	V;PRS;NEG;TR;ABS(2,SG);ERG(3,PL)	mʌsênni
set	V;PRS;NEG;TR;ABS(3,PL);ERG(2,DU)	mʌseʦi
set	V;PRS;POS;TR;ABS(1,EXCL,PL);ERG(2,SG,FORM)	ʔisêj
set	V;PRS;POS;TR;ABS(1,INCL,DU);ERG(3,SG)	seʦi
set	V;PRS;POS;TR;ABS(1,SG);ERG(2,SG,FORM)	ʔisêj
set	V;PST;NEG;TR;ABS(1,EXCL,PL);ERG(2,SG,FORM)	mʌseswɛ
set	V;PST;NEG;TR;ABS(1,INCL,DU);ERG(3,DU)	museswi
set	V;PST;POS;TR;ABS(1,INCL,DU);ERG(3,PL)	sesti
set	V;PST;POS;TR;ABS(2,PL);ERG(3,SG)	ʔisestɛnu
set	V;PST;POS;TR;ABS(2,SG);ERG(3,SG)	ʔisestɛ
set	V;PST;POS;TR;ABS(3,DU);ERG(1,EXCL,PL)	ʔiseçtʌkʌ
set	V;PST;POS;TR;ABS(3,DU);ERG(3,DU)	sesti
set	V;PST;POS;TR;ABS(3,PL);ERG(1,EXCL,DU)	ʔisestu
set	V;PST;POS;TR;ABS(3,PL);ERG(1,INCL,DU)	ʔisesti
set	V;PST;POS;TR;ABS(3,PL);ERG(2,PL)	ʔisestɛnu
sit	V;IMP;NEG;TR;ABS(2,PL);ERG(3,PL)	musisnuje
sit	V;IMP;POS;TR;ABS(2,PL);ERG(3,PL)	sisnuje
sit	V;PRS;NEG;TR;ABS(1,EXCL,DU);ERG(2,SG,FORM)	mʌsîj
sit	V;PRS;NEG;TR;ABS(1,EXCL,DU);ERG(3,DU)	musiʦu
sit	V;PRS;NEG;TR;ABS(2,DU);ERG(3,SG)	mʌsîjŋʌsu
sit	V;PRS;NEG;TR;ABS(2,PL);ERG(1,EXCL,PL)	mʌsʌçkʌ
sit	V;PRS;NEG;TR;ABS(3,DU);ERG(1,EXCL,DU)	mʌsʌçu
sit	V;PRS;NEG;TR;ABS(3,DU);ERG(3,DU)	musiʦi
sit	V;PRS;NEG;TR;ABS(3,SG);ERG(1,INCL,DU)	mʌsʌçi
sit	V;PRS;POS;TR;ABS(1,EXCL,PL);ERG(2,PL)	ʔisʌ̂nni
sit	V;PRS;POS;TR;ABS(2,SG);ERG(3,SG)	ʔisʌ̂jŋʌ
sit	V;PST;NEG;TR;ABS(1,EXCL,DU);ERG(2,SG,FORM)	mʌsîjwɛ
sit	V;PST;NEG;TR;ABS(1,EXCL,PL);ERG(3,PL)	musiswʌkʌ
sit	V;PST;NEG;TR;ABS(2,DU);ERG(1,EXCL,DU)	mʌsiswu
sit	V;PST;NEG;TR;ABS(2,DU);ERG(3,DU)	mʌsiswi
sit	V;PST;NEG;TR;ABS(2,PL);ERG(3,SG)	mʌsiswɛnu
sit	V;PST;NEG;TR;ABS(3,DU);ERG(1,EXCL,DU)	mʌsʌçwʌkʌ
sit	V;PST;NEG;TR;ABS(3,DU);ERG(1,EXCL,PL)	mʌsʌçwʌkʌ
sit	V;PST;NEG;TR;ABS(3,PL);ERG(3,SG)	musiswɛnu
sit	V;PST;POS;TR;ABS(2,PL);ERG(3,SG)	ʔisistɛnu
tɛm	V;PRS;NEG;TR;ABS(1,EXCL,PL);ERG(2,SG,FORM)	mʌtɛ̂m
tɛm	V;PRS;NEG;TR;ABS(2,DU);ERG(1,EXCL,DU)	mʌtɛmu
tɛm	V;PRS;NEG;TR;ABS(2,DU);ERG(3,PL)	mʌtɛ̂mni
tɛm	V;PRS;NEG;TR;ABS(2,PL);ERG(1,EXCL,DU)	mʌtɛmu
tɛm	V;PRS;NEG;TR;ABS(2,PL);ERG(3,SG)	mʌtɛ̂mni
tɛm	V;PRS;NEG;TR;ABS(3,DU);ERG(1,INCL,PL)	mʌtɛmki
tɛm	V;PRS;NEG;TR;ABS(3,PL);ERG(1,INCL,DU)	mʌtɛmi
tɛm	V;PRS;POS;TR;ABS(1,EXCL,PL);ERG(2,DU)	ʔitɛmi
tɛm	V;PRS;POS;TR;ABS(1,EXCL,PL);ERG(3,DU)	tɛmkʌ
tɛm	V;PRS;POS;TR;ABS(2,PL);ERG(1,SG)	ʔitɛ̂mŋʌnu
tɛm	V;PRS;POS;TR;ABS(2,PL);ERG(3,PL)	ʔitɛ̂mni
tɛm	V;PRS;POS;TR;ABS(2,SG);ERG(3,PL)	ʔitɛ̂mni
tɛm	V;PRS;POS;TR;ABS(3,DU);ERG(3,DU)	tɛmi
tɛm	V;PST;NEG;TR;ABS(3,DU);ERG(3,PL)	mutɛ̂mwɛnu
tɛm	V;PST;NEG;TR;ABS(3,PL);ERG(2,SG,FORM)	mʌtɛ̂mwɛ
tɛm	V;PST;POS;TR;ABS(1,EXCL,DU);ERG(2,PL)	ʔitɛ̂mtɛnu
tɛm	V;PST;POS;TR;ABS(1,INCL,DU);ERG(3,DU)	tɛmiti
tɛm	V;PST;POS;TR;ABS(1,INCL,PL);ERG(3,DU)	tɛmtiki
tɛm	V;PST;POS;TR;ABS(3,DU);ERG(1,INCL,DU)	ʔitɛmiti
tɛm	V;PST;POS;TR;ABS(3,DU);ERG(2,PL)	ʔitɛ̂mtɛnu
tʰint	V;IMP;NEG;TR;ABS(2,DU);ERG(1,EXCL,DU)	mutʰiːʦuje
tʰint	V;IMP;NEG;TR;ABS(2,DU);ERG(3,DU)	mutʰiːʦije
tʰint	V;IMP;NEG;TR;ABS(2,PL);ERG(3,DU)	mutʰiːʦije
tʰint	V;IMP;NEG;TR;ABS(2,SG);ERG(3,PL)	mutʰiːʦenuje
tʰint	V;IMP;NEG;TR;ABS(2,SG);ERG(3,SG)	mutʰiːʦe
tʰint	V;PRS;NEG;TR;ABS(1,SG);ERG(3,DU)	mutʰiːʦi
tʰint	V;PRS;NEG;TR;ABS(1,SG);ERG(3,SG)	mutʰʌjŋʌ
tʰint	V;PRS;NEG;TR;ABS(3,DU);ERG(1,INCL,PL)	mʌtʰʌjki
tʰint	V;PRS;NEG;TR;ABS(3,DU);ERG(2,DU)	mʌtʰiːʦi
tʰint	V;PRS;NEG;TR;ABS(3,PL);ERG(3,SG)	mutʰʌ̂nnu
tʰint	V;PRS;NEG;TR;ABS(3,SG);ERG(3,DU)	mutʰiːʦi
tʰint	V;PRS;POS;TR;ABS(1,EXCL,PL);ERG(3,SG)	tʰʌjkʌ
tʰint	V;PRS;POS;TR;ABS(1,INCL,PL);ERG(3,SG)	tʰijki
tʰint	V;PRS;POS;TR;ABS(1,SG);ERG(3,SG)	tʰʌjŋʌ
tʰint	V;PST;NEG;TR;ABS(3,DU);ERG(2,PL)	mʌtʰʌ̂nwɛnu
tʰint	V;PST;NEG;TR;ABS(3,PL);ERG(2,DU)	mʌtʰiːswi
tʰint	V;PST;POS;TR;ABS(1,EXCL,DU);ERG(2,DU)	ʔitʰiːsti
tʰint	V;PST;POS;TR;ABS(3,DU);ERG(1,EXCL,DU)	ʔitʰʌjtu
tʰint	V;PST;POS;TR;ABS(3,DU);ERG(2,SG,FORM)	ʔitʰiːstɛ
tʰint	V;PST;POS;TR;ABS(3,PL);ERG(3,SG)	tʰʌ̂ntɛnu
tʰol	V;IMP;NEG;TR;ABS(2,PL);ERG(1,EXCL,DU)	mutʰɵluje
tʰol	V;IMP;NEG;TR;ABS(2,SG);ERG(3,PL)	mutʰɵlnuje
tʰol	V;PRS;NEG;TR;ABS(1,EXCL,DU);ERG(3,PL)	mutʰɵlu
tʰol	V;PRS;NEG;TR;ABS(1,SG);ERG(3,SG)	mutʰoɔlŋʌ
tʰol	V;PRS;NEG;TR;ABS(2,DU);ERG(1,EXCL,DU)	mʌtʰɵlu
tʰol	V;PRS;POS;TR;ABS(1,EXCL,DU);ERG(3,SG)	tʰɵlu
tʰol	V;PRS;POS;TR;ABS(1,INCL,DU);ERG(3,DU)	tʰɵli
tʰol	V;PRS;POS;TR;ABS(1,INCL,DU);ERG(3,PL)	tʰɵli
tʰol	V;PRS;POS;TR;ABS(1,SG);ERG(3,PL)	tʰoɔlni
tʰol	V;PRS;POS;TR;ABS(3,DU);ERG(3,SG)	tʰoɔlsu
tʰol	V;PRS;POS;TR;ABS(3,PL);ERG(2,DU)	ʔitʰɵli
tʰol	V;PST;NEG;TR;ABS(1,EXCL,DU);ERG(3,PL)	mutʰɵliwi
tʰol	V;PST;NEG;TR;ABS(2,PL);ERG(1,EXCL,DU)	mʌtʰɵluwu
tʰol	V;PST;NEG;TR;ABS(3,DU);ERG(1,INCL,DU)	mʌtʰɵliwi
tʰol	V;PST;NEG;TR;ABS(3,SG);ERG(2,PL)	mʌtʰoɔlwɛnu
tʰol	V;PST;POS;TR;ABS(1,EXCL,PL);ERG(2,DU)	ʔitʰɵliti
tʰol	V;PST;POS;TR;ABS(1,INCL,PL);ERG(3,DU)	tʰoɔltiki
tʰol	V;PST;POS;TR;ABS(2,PL);ERG(3,SG)	ʔitʰoɔltɛnu
tʰol	V;PST;POS;TR;ABS(3,DU);ERG(1,INCL,PL)	ʔitʰoɔltiki
tʰol	V;PST;POS;TR;ABS(3,DU);ERG(1,SG)	ʔitʰɵlʌtʌsu
tʰɛpt	V;IMP;POS;TR;ABS(2,SG);ERG(3,DU)	tʰɛpije
tʰɛpt	V;PRS;NEG;TR;ABS(1,EXCL,PL);ERG(2,PL)	mʌtʰɛpnu
tʰɛpt	V;PRS;NEG;TR;ABS(3,DU);ERG(1,INCL,PL)	mʌtʰɛpki
tʰɛpt	V;PRS;NEG;TR;ABS(3,SG);ERG(1,INCL,DU)	mʌtʰɛpi
tʰɛpt	V;PRS;POS;TR;ABS(1,EXCL,PL);ERG(3,SG)	tʰɛpkʌ
tʰɛpt	V;PRS;POS;TR;ABS(2,DU);ERG(1,SG)	ʔitʰɛpŋʌsu
tʰɛpt	V;PRS;POS;TR;ABS(2,PL);ERG(3,SG)	ʔitʰɛpnu
tʰɛpt	V;PRS;POS;TR;ABS(3,DU);ERG(1,INCL,PL)	ʔitʰɛpki
tʰɛpt	V;PRS;POS;TR;ABS(3,SG);ERG(1,EXCL,PL)	ʔitʰɛpkʌ
tʰɛpt	V;PRS;POS;TR;ABS(3,SG);ERG(1,INCL,DU)	ʔitʰɛpi
tʰɛpt	V;PST;NEG;TR;ABS(1,EXCL,DU);ERG(3,PL)	mutʰɛpwʌkʌ
tʰɛpt	V;PST;NEG;TR;ABS(1,INCL,DU);ERG(3,SG)	mutʰɛpiwi
tʰɛpt	V;PST;NEG;TR;ABS(3,PL);ERG(2,SG,FORM)	mʌtʰɛpwɛ
tʰɛpt	V;PST;POS;TR;ABS(1,EXCL,DU);ERG(3,SG)	tʰɛpiti
tʰɛpt	V;PST;POS;TR;ABS(1,SG);ERG(3,DU)	tʰɛptɛsu
tʰɛpt	V;PST;POS;TR;ABS(2,PL);ERG(3,PL)	ʔitʰɛptɛnu
tʰɛpt	V;PST;POS;TR;ABS(3,DU);ERG(3,DU)	tʰɛptɛsu
tʰɛpt	V;PST;POS;TR;ABS(3,PL);ERG(1,EXCL,DU)	ʔitʰɛputu
tʰɛpt	V;PST;POS;TR;ABS(3,PL);ERG(2,SG,FORM)	ʔitʰɛ̂mtɛ
tʰɛpt	V;PST;POS;TR;ABS(3,SG);ERG(1,EXCL,PL)	ʔitʰɛptʌkʌ
wɛn	V;IMP;NEG;INTR;ABS(2,SG)	muwɛːʦe
wɛn	V;IMP;POS;INTR;ABS(2,DU)	wɛːʦije
wɛn	V;NFIN;POS;INTR	wɛ̂ːnɛ
wɛn	V;PRS;NEG;INTR;ABS(1,EXCL,DU)	muwɛːʦu
wɛn	V;PRS;NEG;INTR;ABS(1,EXCL,PL)	muwɛjkʌ
wɛn	V;PRS;NEG;INTR;ABS(1,INCL,DU)	muwɛːʦi
wɛn	V;PRS;NEG;INTR;ABS(2,SG)	mʌwɛːʦʌ
wɛn	V;PRS;NEG;INTR;ABS(3,DU)	muwɛːʦi
wɛn	V;PRS;POS;INTR;ABS(1,EXCL,PL)	wɛjkʌ
wɛn	V;PRS;POS;INTR;ABS(1,INCL,PL)	wɛjki
wɛn	V;PRS;POS;INTR;ABS(3,DU)	wɛːʦi
wɛn	V;PRS;POS;INTR;ABS(3,PL)	wɛ̂ːnnu
wɛn	V;PST;NEG;INTR;ABS(1,INCL,DU)	muwɛːswi
wɛn	V;PST;NEG;INTR;ABS(2,SG)	mʌwɛ̂ːswɛ
wɛn	V;PST;POS;INTR;ABS(1,INCL,DU)	wɛːsti
wɛn	V;PST;POS;INTR;ABS(1,SG)	wɛːstʌ
wɛn	V;PST;POS;INTR;ABS(2,PL)	ʔiwɛ̂ːstɛnu
wɛn	V;PST;POS;INTR;ABS(2,SG)	ʔiwɛ̂ːstɛ
wɛn	V;PST;POS;INTR;ABS(3,DU)	wɛːsti
wɛn	V;PST;POS;INTR;ABS(3,SG)	wɛ̂ːstɛ
ɦip	V;IMP;NEG;TR;ABS(2,DU);ERG(1,EXCL,DU)	muɦipuje
ɦip	V;IMP;POS;TR;ABS(2,DU);ERG(3,SG)	ɦipije
ɦip	V;PRS;NEG;TR;ABS(1,SG);ERG(2,SG,FORM)	mʌɦîm
ɦip	V;PRS;NEG;TR;ABS(3,SG);ERG(1,EXCL,DU)	mʌɦʌpu
ɦip	V;PRS;NEG;TR;ABS(3,SG);ERG(2,DU)	mʌɦipi
ɦip	V;PRS;NEG;TR;ABS(3,SG);ERG(3,SG)	muɦîmŋʌ
ɦip	V;PRS;POS;TR;ABS(1,EXCL,DU);ERG(2,DU)	ʔiɦipi
ɦip	V;PRS;POS;TR;ABS(1,EXCL,PL);ERG(2,DU)	ʔiɦipi
ɦip	V;PRS;POS;TR;ABS(2,DU);ERG(1,SG)	ʔiɦʌ̂mŋʌsu
ɦip	V;PST;NEG;TR;ABS(1,INCL,PL);ERG(3,SG)	muɦipwiki
ɦip	V;PST;NEG;TR;ABS(1,SG);ERG(3,DU)	muɦipwɛsu
ɦip	V;PST;NEG;TR;ABS(2,SG);ERG(3,PL)	mʌɦipwɛnu
ɦip	V;PST;NEG;TR;ABS(3,DU);ERG(3,DU)	muɦipiwi
ɦip	V;PST;NEG;TR;ABS(3,PL);ERG(3,DU)	muɦipwɛnu
ɦip	V;PST;NEG;TR;ABS(3,SG);ERG(1,EXCL,DU)	mʌɦipuwu
ɦip	V;PST;NEG;TR;ABS(3,SG);ERG(2,DU)	mʌɦipiwi
ɦip	V;PST;POS;TR;ABS(1,EXCL,DU);ERG(3,PL)	ɦiptɛnu
ɦip	V;PST;POS;TR;ABS(1,EXCL,PL);ERG(2,DU)	ʔiɦipiti
ɦip	V;PST;POS;TR;ABS(1,EXCL,PL);ERG(3,DU)	ɦiptʌkʌ
ɦip	V;PST;POS;TR;ABS(3,DU);ERG(2,PL)	ʔiɦiptɛnu
ɦont	V;IMP;POS;TR;ABS(2,SG);ERG(3,SG)	ɦɵːʦe
ɦont	V;PRS;NEG;TR;ABS(1,EXCL,DU);ERG(2,DU)	mʌɦɵːʦi
ɦont	V;PRS;NEG;TR;ABS(1,SG);ERG(2,DU)	mʌɦɵːʦi
ɦont	V;PRS;NEG;TR;ABS(2,SG);ERG(3,SG)	mʌɦɵːʦʌ
ɦont	V;PRS;NEG;TR;ABS(3,DU);ERG(1,EXCL,DU)	mʌɦɵːʦu
ɦont	V;PRS;NEG;TR;ABS(3,DU);ERG(1,INCL,DU)	mʌɦɵːʦi
ɦont	V;PRS;NEG;TR;ABS(3,DU);ERG(2,SG,FORM)	mʌɦɵ̂ːj
ɦont	V;PRS;NEG;TR;ABS(3,SG);ERG(1,SG)	mʌɦoɔjŋʌ
ɦont	V;PRS;POS;TR;ABS(1,EXCL,PL);ERG(2,DU)	ʔiɦɵːʦi
ɦont	V;PRS;POS;TR;ABS(2,PL);ERG(1,EXCL,DU)	ʔiɦɵːʦu
ɦont	V;PRS;POS;TR;ABS(2,PL);ERG(3,DU)	ʔiɦɵːʦi
ɦont	V;PRS;POS;TR;ABS(2,SG);ERG(1,EXCL,PL)	ʔiɦoɔjkʌ
ɦont	V;PRS;POS;TR;ABS(2,SG);ERG(3,DU)	ʔiɦɵːʦi
ɦont	V;PRS;POS;TR;ABS(3,PL);ERG(2,DU)	ʔiɦɵːʦi
ɦont	V;PST;NEG;TR;ABS(2,PL);ERG(3,PL)	mʌɦɵ̂ːswɛnu
ɦont	V;PST;NEG;TR;ABS(2,SG);ERG(1,EXCL,PL)	mʌɦoɔjwʌkʌ
ɦont	V;PST;NEG;TR;ABS(3,DU);ERG(1,EXCL,PL)	mʌɦoɔjwʌkʌ
ɦont	V;PST;POS;TR;ABS(2,SG);ERG(1,EXCL,DU)	ʔiɦɵːstu
ɦont	V;PST;POS;TR;ABS(3,PL);ERG(2,PL)	ʔiɦɵ̂ːstɛnu
ɦont	V;PST;POS;TR;ABS(3,SG);ERG(3,SG)	ɦɵ̂ːstɛ
ɦɛm	V;IMP;NEG;TR;ABS(2,PL);ERG(1,EXCL,DU)	muɦɛmuje
ɦɛm	V;IMP;NEG;TR;ABS(2,SG);ERG(3,SG)	muɦɛmʌje
ɦɛm	V;IMP;POS;TR;ABS(2,PL);ERG(3,SG)	ɦɛmnuje
ɦɛm	V;PRS;NEG;TR;ABS(1,EXCL,DU);ERG(3,DU)	muɦɛmu
ɦɛm	V;PRS;NEG;TR;ABS(1,SG);ERG(2,SG,FORM)	mʌɦɛ̂m
ɦɛm	V;PRS;NEG;TR;ABS(2,DU);ERG(1,EXCL,PL)	mʌɦɛmkʌ
ɦɛm	V;PRS;NEG;TR;ABS(3,DU);ERG(1,EXCL,DU)	mʌɦɛmu
ɦɛm	V;PRS;NEG;TR;ABS(3,DU);ERG(1,EXCL,PL)	mʌɦɛmkʌ
ɦɛm	V;PRS;NEG;TR;ABS(3,DU);ERG(1,INCL,DU)	mʌɦɛmi
ɦɛm	V;PRS;NEG;TR;ABS(3,SG);ERG(2,SG,FORM)	mʌɦɛ̂m
ɦɛm	V;PRS;POS;TR;ABS(1,SG);ERG(2,PL)	ʔiɦɛ̂mni
ɦɛm	V;PRS;POS;TR;ABS(2,PL);ERG(3,DU)	ʔiɦɛ̂mni
ɦɛm	V;PST;NEG;TR;ABS(1,INCL,PL);ERG(3,PL)	muɦɛmwiki
ɦɛm	V;PST;NEG;TR;ABS(1,SG);ERG(3,DU)	muɦɛ̂mwɛsu
ɦɛm	V;PST;NEG;TR;ABS(3,DU);ERG(1,INCL,DU)	mʌɦɛmiwi
ɦɛm	V;PST;NEG;TR;ABS(3,SG);ERG(1,EXCL,DU)	mʌɦɛmuwu
ɦɛm	V;PST;POS;TR;ABS(1,EXCL,PL);ERG(2,DU)	ʔiɦɛmiti
ɦɛm	V;PST;POS;TR;ABS(1,INCL,DU);ERG(3,SG)	ɦɛmiti
ɦɛm	V;PST;POS;TR;ABS(2,PL);ERG(1,EXCL,PL)	ʔiɦɛmtʌkʌ
ɦɛm	V;PST;POS;TR;ABS(3,DU);ERG(2,PL)	ʔiɦɛ̂mtɛnu
ʔi	V;IMP;NEG;INTR;ABS(2,PL)	muʔinuje
ʔi	V;IMP;NEG;INTR;ABS(2,SG)	muʔiːʦe
ʔi	V;IMP;POS;INTR;ABS(2,DU)	ʔiʔije
ʔi	V;IMP;POS;INTR;ABS(2,SG)	ʔiʔije
ʔi	V;NFIN;POS;INTR	ʔiʔi
ʔi	V;PRS;NEG;INTR;ABS(1,EXCL,PL)	muʔikkʌ
ʔi	V;PRS;NEG;INTR;ABS(1,INCL,DU)	muʔiji
ʔi	V;PRS;NEG;INTR;ABS(1,INCL,PL)	muʔiki
ʔi	V;PRS;NEG;INTR;ABS(2,SG)	mʌʔiŋʌ
ʔi	V;PRS;NEG;INTR;ABS(3,PL)	muʔinu
ʔi	V;PRS;POS;INTR;ABS(1,EXCL,PL)	ʔiʔikʌ
ʔi	V;PRS;POS;INTR;ABS(1,INCL,DU)	ʔiʔiji
ʔi	V;PRS;POS;INTR;ABS(2,PL)	ʔini
ʔi	V;PRS;POS;INTR;ABS(2,SG)	ʔiːʦʌ
ʔi	V;PRS;POS;INTR;ABS(3,PL)	ʔiːni
ʔi	V;PST;NEG;INTR;ABS(1,EXCL,PL)	muʔikwʌkʌ
ʔi	V;PST;NEG;INTR;ABS(3,SG)	muʔiːwɛ
ʔi	V;PST;POS;INTR;ABS(1,EXCL,PL)	ʔiʔitʌkʌ
ʔi	V;PST;POS;INTR;ABS(1,SG)	ʔiʔiŋʌtʌ
ʔi	V;PST;POS;INTR;ABS(2,DU)	ʔiʔisti
ʔok	V;IMP;NEG;INTR;ABS(2,SG)	muʔɵkʌje
ʔok	V;NFIN;POS;INTR	ʔɵknɛ
ʔok	V;PRS;NEG;INTR;ABS(1,INCL,PL)	muʔokki
ʔok	V;PRS;NEG;INTR;ABS(2,DU)	mʌʔɵki
ʔok	V;PRS;NEG;INTR;ABS(2,PL)	mʌʔôːni
ʔok	V;PRS;NEG;INTR;ABS(2,SG)	mʌʔɵ̂ːŋʌ
ʔok	V;PRS;NEG;INTR;ABS(3,DU)	muʔɵki
ʔok	V;PRS;POS;INTR;ABS(1,INCL,DU)	ʔɵki
ʔok	V;PRS;POS;INTR;ABS(1,INCL,PL)	ʔokki
ʔok	V;PRS;POS;INTR;ABS(2,DU)	ʔiʔɵki
ʔok	V;PRS;POS;INTR;ABS(3,PL)	ʔɵknu
ʔok	V;PRS;POS;INTR;ABS(3,SG)	ʔɵ̂ːk
ʔok	V;PST;NEG;INTR;ABS(1,INCL,PL)	muʔokwiki
ʔok	V;PST;NEG;INTR;ABS(2,DU)	mʌʔɵkiwi
ʔok	V;PST;NEG;INTR;ABS(2,PL)	mʌʔɵkwɛnu
ʔok	V;PST;POS;INTR;ABS(1,EXCL,DU)	ʔɵkutu
ʔok	V;PST;POS;INTR;ABS(1,SG)	ʔɵktɛ
ʔok	V;PST;POS;INTR;ABS(2,PL)	ʔiʔɵktɛnu
ʔok	V;PST;POS;INTR;ABS(3,DU)	ʔɵkiti
ʔok	V;PST;POS;INTR;ABS(3,SG)	ʔɵktɛ
ʔont	V;IMP;NEG;TR;ABS(2,PL);ERG(1,EXCL,PL)	muʔoɔjkʌje
ʔont	V;IMP;POS;TR;ABS(2,DU);ERG(1,EXCL,PL)	ʔoɔjkʌje
ʔont	V;IMP;POS;TR;ABS(2,PL);ERG(3,SG)	ʔɵːnɛnuje
ʔont	V;IMP;POS;TR;ABS(2,SG);ERG(3,SG)	ʔɵːʦe
ʔont	V;PRS;NEG;TR;ABS(2,SG);ERG(3,SG)	mʌʔɵːʦʌ
ʔont	V;PRS;NEG;TR;ABS(3,DU);ERG(1,EXCL,PL)	mʌʔoɔjkʌ
ʔont	V;PRS;NEG;TR;ABS(3,DU);ERG(2,DU)	mʌʔɵːʦi
ʔont	V;PRS;NEG;TR;ABS(3,PL);ERG(3,DU)	muʔoɔ̂nnu
ʔont	V;PRS;NEG;TR;ABS(3,SG);ERG(3,SG)	muʔoɔ̂nsu
ʔont	V;PRS;POS;TR;ABS(1,EXCL,DU);ERG(2,DU)	ʔiʔɵːʦi
ʔont	V;PRS;POS;TR;ABS(1,EXCL,PL);ERG(2,PL)	ʔiʔoɔ̂nni
ʔont	V;PRS;POS;TR;ABS(1,SG);ERG(2,PL)	ʔiʔoɔ̂nni
ʔont	V;PRS;POS;TR;ABS(1,SG);ERG(3,DU)	ʔɵːʦi
ʔont	V;PRS;POS;TR;ABS(3,DU);ERG(3,SG)	ʔɵːʦi
ʔont	V;PRS;POS;TR;ABS(3,PL);ERG(1,EXCL,DU)	ʔiʔɵːʦu
ʔont	V;PST;NEG;TR;ABS(1,EXCL,PL);ERG(2,DU)	mʌʔɵːswi
ʔont	V;PST;NEG;TR;ABS(1,SG);ERG(2,PL)	mʌʔoɔ̂nwɛnu
ʔont	V;PST;NEG;TR;ABS(3,DU);ERG(2,PL)	mʌʔɵ̂ːswɛnu
ʔont	V;PST;POS;TR;ABS(2,SG);ERG(3,SG)	ʔiʔɵ̂ːstɛ
ʔont	V;PST;POS;TR;ABS(3,PL);ERG(2,SG,FORM)	ʔiʔɵ̂ːstɛ
ʦik	V;IMP;NEG;INTR;ABS(2,PL)	muʦiknuje
ʦik	V;NFIN;POS;INTR	ʦîːknɛ
ʦik	V;PRS;NEG;INTR;ABS(1,EXCL,PL)	muʦikkʌ
ʦik	V;PRS;NEG;INTR;ABS(1,SG)	muʦikŋʌ
ʦik	V;PRS;NEG;INTR;ABS(2,DU)	mʌʦiki
ʦik	V;PRS;NEG;INTR;ABS(2,SG)	mʌʦîːŋʌ
ʦik	V;PRS;NEG;INTR;ABS(3,DU)	muʦiki
ʦik	V;PRS;POS;INTR;ABS(1,EXCL,DU)	ʦiku
ʦik	V;PRS;POS;INTR;ABS(1,EXCL,PL)	ʦikkʌ
ʦik	V;PRS;POS;INTR;ABS(1,INCL,PL)	ʦikki
ʦik	V;PRS;POS;INTR;ABS(2,SG)	ʔiʦîːŋʌ
ʦik	V;PRS;POS;INTR;ABS(3,DU)	ʦiki
ʦik	V;PRS;POS;INTR;ABS(3,SG)	ʦîːk
ʦik	V;PST;NEG;INTR;ABS(1,EXCL,DU)	muʦikuwu
ʦik	V;PST;NEG;INTR;ABS(1,INCL,DU)	muʦikiwi
ʦik	V;PST;NEG;INTR;ABS(1,INCL,PL)	muʦikwiki
ʦik	V;PST;NEG;INTR;ABS(2,PL)	mʌʦikwɛnu
ʦik	V;PST;NEG;INTR;ABS(2,SG)	mʌʦîːwɛ
ʦik	V;PST;POS;INTR;ABS(1,EXCL,PL)	ʦiktʌkʌ
ʦik	V;PST;POS;INTR;ABS(3,PL)	ʦîːktɛnu
ʦir	V;IMP;NEG;TR;ABS(2,PL);ERG(3,DU)	muʦirnuje
ʦir	V;PRS;NEG;REFL;ABS(1,EXCL,DU)	muʦiru
ʦir	V;PRS;NEG;REFL;ABS(1,EXCL,PL)	muʦirkʌ
ʦir	V;PRS;NEG;REFL;ABS(1,INCL,DU)	muʦiri
ʦir	V;PRS;NEG;TR;ABS(1,EXCL,DU);ERG(2,PL)	mʌʦirni
ʦir	V;PRS;NEG;TR;ABS(3,PL);ERG(3,DU)	muʦîrnu
ʦir	V;PRS;POS;TR;ABS(1,EXCL,DU);ERG(2,PL)	ʔiʦirni
ʦir	V;PRS;POS;TR;ABS(2,DU);ERG(1,EXCL,DU)	ʔiʦʌru
ʦir	V;PRS;POS;TR;ABS(2,SG);ERG(1,EXCL,DU)	ʔiʦʌru
ʦir	V;PRS;POS;TR;ABS(3,DU);ERG(1,INCL,PL)	ʔiʦirki
ʦir	V;PRS;POS;TR;ABS(3,SG);ERG(1,EXCL,PL)	ʔiʦirkʌ
ʦir	V;PRS;POS;TR;ABS(3,SG);ERG(3,PL)	ʦîrnu
ʦir	V;PST;NEG;TR;ABS(2,DU);ERG(3,PL)	mʌʦiriwi
ʦir	V;PST;NEG;TR;ABS(3,DU);ERG(3,DU)	muʦiriwi
ʦir	V;PST;NEG;TR;ABS(3,PL);ERG(3,DU)	muʦîrwɛnu
ʦir	V;PST;POS;TR;ABS(1,EXCL,DU);ERG(3,SG)	ʦiriti
ʦir	V;PST;POS;TR;ABS(1,INCL,PL);ERG(3,DU)	ʦirtiki
ʦir	V;PST;POS;TR;ABS(1,SG);ERG(2,PL)	ʔiʦîrtɛnu
ʦir	V;PST;POS;TR;ABS(1,SG);ERG(3,PL)	ʦîrtɛnu
ʦir	V;PST;POS;TR;ABS(3,PL);ERG(1,EXCL,PL)	ʔiʦirtʌkʌ
ʦʰop	V;IMP;NEG;TR;ABS(2,DU);ERG(3,SG)	muʦʰɵpije
ʦʰop	V;PRS;NEG;TR;ABS(1,EXCL,DU);ERG(3,SG)	muʦʰɵpu
ʦʰop	V;PRS;NEG;TR;ABS(2,DU);ERG(1,EXCL,DU)	mʌʦʰɵpu
ʦʰop	V;PRS;NEG;TR;ABS(2,PL);ERG(1,EXCL,PL)	mʌʦʰoɔpkʌ
ʦʰop	V;PRS;NEG;TR;ABS(3,DU);ERG(2,SG,FORM)	mʌʦʰɵp
ʦʰop	V;PRS;NEG;TR;ABS(3,DU);ERG(3,PL)	muʦʰɵpnu
ʦʰop	V;PRS;POS;TR;ABS(1,EXCL,PL);ERG(2,DU)	ʔiʦʰɵpi
ʦʰop	V;PRS;POS;TR;ABS(1,EXCL,PL);ERG(2,PL)	ʔiʦʰoɔ̂mni
ʦʰop	V;PRS;POS;TR;ABS(1,INCL,PL);ERG(3,PL)	ʦʰoɔpki
ʦʰop	V;PRS;POS;TR;ABS(3,DU);ERG(3,PL)	ʦʰoɔ̂mni
ʦʰop	V;PRS;POS;TR;ABS(3,PL);ERG(1,INCL,PL)	ʔiʦʰoɔpki
ʦʰop	V;PRS;POS;TR;ABS(3,SG);ERG(1,INCL,PL)	ʔiʦʰoɔpki
ʦʰop	V;PRS;POS;TR;ABS(3,SG);ERG(3,SG)	ʦʰoɔ̂mŋʌ
ʦʰop	V;PST;NEG;TR;ABS(1,EXCL,DU);ERG(2,SG,FORM)	mʌʦʰɵpwɛ
ʦʰop	V;PST;NEG;TR;ABS(3,DU);ERG(1,INCL,DU)	mʌʦʰɵpiwi
ʦʰop	V;PST;NEG;TR;ABS(3,DU);ERG(3,PL)	muʦʰɵpwɛnu
ʦʰop	V;PST;NEG;TR;ABS(3,PL);ERG(1,SG)	mʌʦʰɵpʌwʌnu
ʦʰop	V;PST;POS;TR;ABS(1,EXCL,PL);ERG(3,PL)	ʦʰoɔptʌkʌ
ʦʰop	V;PST;POS;TR;ABS(1,SG);ERG(2,PL)	ʔiʦʰoɔ̂mtɛnu
ʦʰop	V;PST;POS;TR;ABS(3,PL);ERG(3,SG)	ʦʰoɔ̂mtɛnu
ʦʰɛtt	V;IMP;NEG;REFL;ABS(2,PL)	muʦʰɛtnuje
ʦʰɛtt	V;IMP;POS;TR;ABS(2,PL);ERG(1,EXCL,PL)	ʦʰɛçkʌje
ʦʰɛtt	V;IMP;POS;TR;ABS(2,PL);ERG(1,SG)	ʦʰɛʦʌnuje
ʦʰɛtt	V;PRS;NEG;TR;ABS(1,EXCL,PL);ERG(3,SG)	muʦʰɛçkʌ
ʦʰɛtt	V;PRS;POS;TR;ABS(1,EXCL,PL);ERG(3,DU)	ʦʰɛçkʌ
ʦʰɛtt	V;PRS;POS;TR;ABS(1,INCL,PL);ERG(3,PL)	ʦʰɛçki
ʦʰɛtt	V;PRS;POS;TR;ABS(2,DU);ERG(1,EXCL,PL)	ʔiʦʰɛçkʌ
ʦʰɛtt	V;PRS;POS;TR;ABS(2,SG);ERG(3,DU)	ʔiʦʰɛʦi
ʦʰɛtt	V;PRS;POS;TR;ABS(3,DU);ERG(2,PL)	ʔiʦʰɛ̂nni
ʦʰɛtt	V;PRS;POS;TR;ABS(3,PL);ERG(3,PL)	ʦʰɛ̂nnu
ʦʰɛtt	V;PST;NEG;TR;ABS(1,INCL,PL);ERG(3,PL)	muʦʰɛçwiki
ʦʰɛtt	V;PST;NEG;TR;ABS(3,SG);ERG(3,DU)	muʦʰɛswi
ʦʰɛtt	V;PST;POS;REFL;ABS(1,EXCL,PL)	ʦʰɛçtʌkʌ
ʦʰɛtt	V;PST;POS;TR;ABS(1,EXCL,DU);ERG(2,PL)	ʔiʦʰɛsti
ʦʰɛtt	V;PST;POS;TR;ABS(1,EXCL,PL);ERG(2,SG,FORM)	ʔiʦʰɛ̂jtɛ
ʦʰɛtt	V;PST;POS;TR;ABS(1,SG);ERG(2,PL)	ʔiʦʰɛ̂ntɛnnu
ʦʰɛtt	V;PST;POS;TR;ABS(2,PL);ERG(3,PL)	ʔiʦʰɛstɛnu
ʦʰɛtt	V;PST;POS;TR;ABS(3,DU);ERG(3,PL)	ʦʰɛ̂ntɛnu
ʦʰɛtt	V;PST;POS;TR;ABS(3,PL);ERG(1,EXCL,DU)	ʔiʦʰɛstu
ʦʰɛtt	V;PST;POS;TR;ABS(3,PL);ERG(1,INCL,PL)	ʔiʦʰɛçtiki
accuracy:0.579