abstrákta	ADJ;ACC(PL)	abstráktaid
abstrákta	ADJ;ACC(SG)	abstrákta
abstrákta	ADJ;COM(PL)	abstráktaiguin
abstrákta	ADJ;COM(SG)	abstráktain
abstrákta	ADJ;FRML(SG)	abstráktan
abstrákta	ADJ;GEN(PL)	abstráktaid
abstrákta	ADJ;GEN(SG)	abstrákta
abstrákta	ADJ;IN+ALL(PL)	abstráktaide
abstrákta	ADJ;IN+ALL(SG)	abstráktai
abstrákta	ADJ;NOM(PL)	abstráktat
abstrákta	ADJ;NOM(SG)	abstrákta
abstrákta	ADJ;PRP(PL)	abstráktain
abstrákta	ADJ;PRP(SG)	abstráktas
almmáskit	V;COND;NOM(1,DU)	almmáskkášeimme
almmáskit	V;COND;NOM(1,PL)	almmáskkášeimmet
almmáskit	V;COND;NOM(1,SG)	almmáskkášin
almmáskit	V;COND;NOM(2,DU)	almmáskkášeidde
almmáskit	V;COND;NOM(2,PL)	almmáskkášeiddet
almmáskit	V;COND;NOM(3,DU)	almmáskkášeigga
almmáskit	V;COND;NOM(3,SG)	almmáskkášii
almmáskit	V;IMP;NOM(1,PL)	almmáskot
almmáskit	V;IMP;NOM(2,DU)	almmáskkoska
almmáskit	V;IMP;NOM(2,SG)	almmásko
almmáskit	V;IMP;NOM(3,PL)	almmáskoset
almmáskit	V;IMP;NOM(3,SG)	almmáskos
almmáskit	V;POT;NOM(1,DU)	almmáskkežetne
almmáskit	V;POT;NOM(1,PL)	almmáskkežit
almmáskit	V;POT;NOM(2,DU)	almmáskkežeahppi
almmáskit	V;POT;NOM(2,PL)	almmáskkežehpet
almmáskit	V;POT;NOM(2,SG)	almmáskkežat
almmáskit	V;POT;NOM(3,PL)	almmáskkežit
almmáskit	V;POT;NOM(3,SG)	almmáskkeža
almmáskit	V;PRS;IND;NOM(1,DU)	almmáskibeahtti
almmáskit	V;PRS;IND;NOM(1,PL)	almmásket
almmáskit	V;PRS;IND;NOM(1,SG)	almmásken
almmáskit	V;PRS;IND;NOM(2,DU)	almmáskibeahtti
almmáskit	V;PRS;IND;NOM(2,PL)	almmáskibehtet
almmáskit	V;PRS;IND;NOM(2,SG)	almmásket
almmáskit	V;PRS;IND;NOM(3,DU)	almmáskiba
almmáskit	V;PRS;IND;NOM(3,SG)	almmáske
almmáskit	V;PST;IND;NOM(1,DU)	almmáskiime
almmáskit	V;PST;IND;NOM(1,SG)	almmásken
almmáskit	V;PST;IND;NOM(2,DU)	almmáskiide
almmáskit	V;PST;IND;NOM(3,DU)	almmáskeigga
almmáskit	V;PST;IND;NOM(3,PL)	almmáskeigga
amas	ADJ;ACC(PL)	amasiid
amas	ADJ;ACC(SG)	amas
amas	ADJ;COM(PL)	amasiiguin
amas	ADJ;COM(SG)	amasiin
amas	ADJ;FRML(SG)	amasin
amas	ADJ;GEN(PL)	amasiid
amas	ADJ;GEN(SG)	amasa
amas	ADJ;IN+ALL(PL)	amasiidda
amas	ADJ;IN+ALL(SG)	amasii
amas	ADJ;NOM(PL)	amasat
amas	ADJ;NOM(SG)	amas
amas	ADJ;PRP(PL)	amasiin
amas	ADJ;PRP(SG)	amasis
atoma	N;ACC(PL)	atomaid
atoma	N;ACC(SG)	atoma
atoma	N;COM(PL)	atomaiguin
atoma	N;COM(SG)	atomain
atoma	N;FRML(SG)	atoman
atoma	N;GEN(PL)	atomaid
atoma	N;GEN(SG)	atoma
atoma	N;IN+ALL(PL)	atomaide
atoma	N;IN+ALL(SG)	atomai
atoma	N;NOM(PL)	atomat
atoma	N;NOM(SG)	atoma
atoma	N;PRP(PL)	atomain
atoma	N;PRP(SG)	atomas
bieđgát	V;COND;LGSPEC1;NOM(1,PL)	bieđgáleimmet
bieđgát	V;COND;LGSPEC1;NOM(1,SG)	bieđgálin
bieđgát	V;COND;LGSPEC1;NOM(2,DU)	bieđgáleidde
bieđgát	V;COND;LGSPEC1;NOM(2,SG)	bieđgálit
bieđgát	V;COND;LGSPEC1;NOM(3,DU)	bieđgáleigga
bieđgát	V;COND;LGSPEC1;NOM(3,PL)	bieđgále
bieđgát	V;COND;LGSPEC1;NOM(3,SG)	bieđgálii
bieđgát	V;COND;NOM(1,DU)	bieđgášeimme
bieđgát	V;COND;NOM(1,PL)	bieđgášeimmet
bieđgát	V;COND;NOM(2,PL)	bieđgášeiddet
bieđgát	V;COND;NOM(2,SG)	bieđgášit
bieđgát	V;IMP;NOM(1,SG)	bieđgájehkon
bieđgát	V;IMP;NOM(2,DU)	bieđgájeahkki
bieđgát	V;IMP;NOM(2,PL)	bieđgájehket
bieđgát	V;IMP;NOM(2,SG)	bieđgájehket
bieđgát	V;IMP;NOM(3,DU)	bieđgájehkoska
bieđgát	V;POT;NOM(1,DU)	bieđgážetne
bieđgát	V;POT;NOM(1,PL)	bieđgážit
bieđgát	V;POT;NOM(1,SG)	bieđgážan
bieđgát	V;POT;NOM(2,DU)	bieđgážeahppi
bieđgát	V;POT;NOM(2,PL)	bieđgážehpet
bieđgát	V;POT;NOM(3,DU)	bieđgážeaba
bieđgát	V;PRS;IND;NOM(1,DU)	bieđgábeahtti
bieđgát	V;PRS;IND;NOM(1,PL)	bieđgát
bieđgát	V;PRS;IND;NOM(1,SG)	bieđgán
bieđgát	V;PRS;IND;NOM(2,DU)	bieđgábeahtti
bieđgát	V;PRS;IND;NOM(2,PL)	bieđgábehtet
bieđgát	V;PRS;IND;NOM(3,PL)	bieđgába
bieđgát	V;PST;IND;NOM(1,PL)	bieđgáimet
bieđgát	V;PST;IND;NOM(1,SG)	bieđgán
bieđgát	V;PST;IND;NOM(2,PL)	bieđgáidet
bieđgát	V;PST;IND;NOM(3,PL)	bieđgáiga
buddet	V;COND;LGSPEC1;NOM(1,DU)	buddáleimme
buddet	V;COND;LGSPEC1;NOM(1,SG)	buddálin
buddet	V;COND;LGSPEC1;NOM(2,PL)	buddáleiddet
buddet	V;COND;LGSPEC1;NOM(2,SG)	buddálit
buddet	V;COND;LGSPEC1;NOM(3,DU)	buddáleigga
buddet	V;COND;LGSPEC1;NOM(3,PL)	buddále
buddet	V;COND;LGSPEC1;NOM(3,SG)	buddálii
buddet	V;COND;NOM(1,PL)	buddášeimmet
buddet	V;COND;NOM(1,SG)	buddášin
buddet	V;COND;NOM(2,DU)	buddášeidde
buddet	V;COND;NOM(2,SG)	buddášit
buddet	V;COND;NOM(3,DU)	buddášeigga
buddet	V;COND;NOM(3,PL)	buddáše
buddet	V;IMP;NOM(1,PL)	buddot
buddet	V;IMP;NOM(1,SG)	buddon
buddet	V;IMP;NOM(2,PL)	buddot
buddet	V;IMP;NOM(2,SG)	buddo
buddet	V;IMP;NOM(3,PL)	buddoset
buddet	V;POT;NOM(2,DU)	buddežeahppi
buddet	V;POT;NOM(2,PL)	buddežehpet
buddet	V;POT;NOM(2,SG)	buddežat
buddet	V;POT;NOM(3,DU)	buddežeaba
buddet	V;PRS;IND;NOM(1,PL)	buddet
buddet	V;PRS;IND;NOM(1,SG)	budden
buddet	V;PRS;IND;NOM(2,DU)	buddebeahtti
buddet	V;PRS;IND;NOM(2,PL)	buddet
buddet	V;PRS;IND;NOM(3,PL)	buddet
buddet	V;PST;IND;NOM(1,DU)	buddeimme
buddet	V;PST;IND;NOM(1,SG)	budden
buddet	V;PST;IND;NOM(3,DU)	buddeigga
buddet	V;PST;IND;NOM(3,PL)	buddeigga
báistit	V;COND;LGSPEC1;NOM(1,PL)	báisttáleimmet
báistit	V;COND;LGSPEC1;NOM(1,SG)	báisttálin
báistit	V;COND;LGSPEC1;NOM(2,DU)	báisttáleidde
báistit	V;COND;LGSPEC1;NOM(2,PL)	báisttáleiddet
báistit	V;COND;LGSPEC1;NOM(2,SG)	báisttálit
báistit	V;COND;LGSPEC1;NOM(3,DU)	báisttáleigga
báistit	V;COND;LGSPEC1;NOM(3,PL)	báisttále
báistit	V;COND;LGSPEC1;NOM(3,SG)	báisttálii
báistit	V;COND;NOM(1,DU)	báisttášeimme
báistit	V;COND;NOM(1,SG)	báisttášin
báistit	V;COND;NOM(2,DU)	báisttášeidde
báistit	V;COND;NOM(3,DU)	báisttášeigga
báistit	V;COND;NOM(3,PL)	báisttáše
báistit	V;COND;NOM(3,SG)	báisttášii
báistit	V;IMP;NOM(1,DU)	báistoska
báistit	V;IMP;NOM(1,PL)	báistot
báistit	V;IMP;NOM(2,PL)	báistot
báistit	V;POT;NOM(1,SG)	báisttežan
báistit	V;POT;NOM(2,PL)	báisttežehpet
báistit	V;POT;NOM(3,DU)	báisttežeaba
báistit	V;POT;NOM(3,PL)	báisttežit
báistit	V;POT;NOM(3,SG)	báistteža
báistit	V;PRS;IND;NOM(1,DU)	báistibeahtti
báistit	V;PRS;IND;NOM(2,PL)	báistibehtet
báistit	V;PRS;IND;NOM(3,SG)	báiste
báistit	V;PST;IND;NOM(1,DU)	báisteimme
báistit	V;PST;IND;NOM(1,PL)	báisteimmet
báistit	V;PST;IND;NOM(1,SG)	báisten
báistit	V;PST;IND;NOM(2,PL)	báisteiddet
báistit	V;PST;IND;NOM(3,DU)	báisteigga
báistit	V;PST;IND;NOM(3,PL)	báisteigga
báistit	V;PST;IND;NOM(3,SG)	báistii
bálgán	N;ACC(PL)	bálgámiid
bálgán	N;ACC(SG)	bálgán
bálgán	N;COM(PL)	bálgášiiguin
bálgán	N;COM(SG)	bálgániin
bálgán	N;FRML(SG)	bálgán
bálgán	N;GEN(PL)	bálgámiid
bálgán	N;GEN(SG)	bálgán
bálgán	N;IN+ALL(PL)	bálgáide
bálgán	N;IN+ALL(SG)	bálgái
bálgán	N;NOM(SG)	bálgán
bálgán	N;PRP(PL)	bálgániin
bálgán	N;PRP(SG)	bálgán
báralaš	ADJ;ACC(PL)	báralaččaid
báralaš	ADJ;ACC(SG)	báralačča
báralaš	ADJ;COM(PL)	báralaččaiguin
báralaš	ADJ;COM(SG)	báralaččain
báralaš	ADJ;FRML(SG)	báralaččan
báralaš	ADJ;GEN(PL)	báralaččaid
báralaš	ADJ;GEN(SG)	báralačča
báralaš	ADJ;IN+ALL(PL)	báralaččaide
báralaš	ADJ;IN+ALL(SG)	báralaččai
báralaš	ADJ;NOM(PL)	báralaččat
báralaš	ADJ;NOM(SG)	báralačča
báralaš	ADJ;PRP(PL)	báralaččain
báralaš	ADJ;PRP(SG)	báralaččas
bárdnat	V;COND;LGSPEC1;NOM(1,DU)	bárnnaleimme
bárdnat	V;COND;LGSPEC1;NOM(1,PL)	bárnnaleimmet
bárdnat	V;COND;LGSPEC1;NOM(2,DU)	bárnnaleidde
bárdnat	V;COND;LGSPEC1;NOM(2,PL)	bárnnaleiddet
bárdnat	V;COND;LGSPEC1;NOM(2,SG)	bárnnalit
bárdnat	V;COND;LGSPEC1;NOM(3,DU)	bárnnaleigga
bárdnat	V;COND;LGSPEC1;NOM(3,SG)	bárnnalii
bárdnat	V;COND;NOM(1,DU)	bárnnašeimme
bárdnat	V;COND;NOM(1,PL)	bárnnašeimmet
bárdnat	V;COND;NOM(2,DU)	bárnnašeidde
bárdnat	V;COND;NOM(2,SG)	bárnnašit
bárdnat	V;IMP;NOM(1,SG)	bárnnon
bárdnat	V;IMP;NOM(2,DU)	bárnno
bárdnat	V;IMP;NOM(2,SG)	bárnno
bárdnat	V;IMP;NOM(3,DU)	bárnnoska
bárdnat	V;IMP;NOM(3,PL)	bárnnoset
bárdnat	V;IMP;NOM(3,SG)	bárnnos
bárdnat	V;POT;NOM(1,DU)	bárnnažetne
bárdnat	V;POT;NOM(1,PL)	bárdnažit
bárdnat	V;POT;NOM(2,PL)	bárnnažehpet
bárdnat	V;POT;NOM(3,DU)	bárnnažeaba
bárdnat	V;POT;NOM(3,SG)	bárdnaža
bárdnat	V;PRS;IND;NOM(1,DU)	bárdnabeahtti
bárdnat	V;PRS;IND;NOM(1,PL)	bárnnat
bárdnat	V;PRS;IND;NOM(1,SG)	bárnnan
bárdnat	V;PRS;IND;NOM(2,PL)	bárdnabehtet
bárdnat	V;PRS;IND;NOM(3,DU)	bárnnaba
bárdnat	V;PRS;IND;NOM(3,SG)	bárnna
bárdnat	V;PST;IND;NOM(1,DU)	bárnnaime
bárdnat	V;PST;IND;NOM(2,DU)	bárnnaide
bárdnat	V;PST;IND;NOM(3,PL)	bárnnaiga
bárdnat	V;PST;IND;NOM(3,SG)	bárnnai
ceggoseamos	ADJ;ACC(PL)	ceggosepmosiid
ceggoseamos	ADJ;ACC(SG)	ceggosepmosa
ceggoseamos	ADJ;COM(PL)	ceggosepmosiiguin
ceggoseamos	ADJ;COM(SG)	ceggosepmosiin
ceggoseamos	ADJ;FRML(SG)	ceggosepmosin
ceggoseamos	ADJ;GEN(PL)	ceggosepmosiid
ceggoseamos	ADJ;GEN(SG)	ceggosepmosa
ceggoseamos	ADJ;IN+ALL(PL)	ceggosepmosiidda
ceggoseamos	ADJ;IN+ALL(SG)	ceggosepmosii
ceggoseamos	ADJ;NOM(PL)	ceggosepmosat
ceggoseamos	ADJ;NOM(SG)	ceggosepmos
ceggoseamos	ADJ;PRP(PL)	ceggosepmosiin
ceggoseamos	ADJ;PRP(SG)	ceggosepmosis
cuoŋománnu	N;ACC(PL)	cuoŋománuid
cuoŋománnu	N;ACC(SG)	cuoŋománu
cuoŋománnu	N;COM(PL)	cuoŋománuiguin
cuoŋománnu	N;COM(SG)	cuoŋománuin
cuoŋománnu	N;FRML(SG)	cuoŋománun
cuoŋománnu	N;GEN(PL)	cuoŋománuid
cuoŋománnu	N;GEN(SG)	cuoŋománu
cuoŋománnu	N;IN+ALL(PL)	cuoŋománuide
cuoŋománnu	N;IN+ALL(SG)	cuoŋománui
cuoŋománnu	N;NOM(PL)	cuoŋománut
cuoŋománnu	N;NOM(SG)	cuoŋománu
cuoŋománnu	N;PRP(PL)	cuoŋománuin
cuoŋománnu	N;PRP(SG)	cuoŋománus
deaivat	V;COND;LGSPEC1;NOM(2,DU)	deaivvaleidde
deaivat	V;COND;LGSPEC1;NOM(2,PL)	deaivvaleiddet
deaivat	V;COND;LGSPEC1;NOM(2,SG)	deaivvalit
deaivat	V;COND;LGSPEC1;NOM(3,DU)	deaivvaleigga
deaivat	V;COND;LGSPEC1;NOM(3,PL)	deaivvale
deaivat	V;COND;LGSPEC1;NOM(3,SG)	deaivvalii
deaivat	V;COND;NOM(1,DU)	deaivvašeimme
deaivat	V;COND;NOM(2,DU)	deaivvašeidde
deaivat	V;COND;NOM(2,PL)	deaivvašeiddet
deaivat	V;COND;NOM(3,DU)	deaivvašeigga
deaivat	V;COND;NOM(3,PL)	deaivvaše
deaivat	V;COND;NOM(3,SG)	deaivvašii
deaivat	V;IMP;NOM(1,DU)	deivvo
deaivat	V;IMP;NOM(2,DU)	deivvo
deaivat	V;IMP;NOM(2,PL)	deivvot
deaivat	V;IMP;NOM(2,SG)	deivvo
deaivat	V;IMP;NOM(3,DU)	deivvoska
deaivat	V;IMP;NOM(3,PL)	deivvoset
deaivat	V;POT;NOM(1,PL)	deaivvažit
deaivat	V;POT;NOM(1,SG)	deaivvažan
deaivat	V;POT;NOM(2,PL)	deaivvažehpet
deaivat	V;POT;NOM(2,SG)	deaivvažat
deaivat	V;POT;NOM(3,DU)	deaivvažeaba
deaivat	V;PRS;IND;NOM(1,DU)	deivvabeahtti
deaivat	V;PRS;IND;NOM(2,SG)	deaivvat
deaivat	V;PRS;IND;NOM(3,PL)	deaivvat
deaivat	V;PST;IND;NOM(1,DU)	deivvaime
deaivat	V;PST;IND;NOM(1,PL)	deivvaimet
deaivat	V;PST;IND;NOM(1,SG)	deivvan
deaivat	V;PST;IND;NOM(2,SG)	deivvait
deaivat	V;PST;IND;NOM(3,DU)	deivvaiga
deaivat	V;PST;IND;NOM(3,PL)	deivvaiga
dievvat	V;COND;LGSPEC1;NOM(1,SG)	dievvalin
dievvat	V;COND;LGSPEC1;NOM(2,PL)	dievvaleiddet
dievvat	V;COND;LGSPEC1;NOM(2,SG)	dievvalit
dievvat	V;COND;LGSPEC1;NOM(3,PL)	dievvale
dievvat	V;COND;LGSPEC1;NOM(3,SG)	dievvalii
dievvat	V;COND;NOM(1,PL)	dievvašeimmet
dievvat	V;COND;NOM(2,DU)	dievvašeidde
dievvat	V;COND;NOM(2,SG)	dievvašit
dievvat	V;COND;NOM(3,DU)	dievvašeigga
dievvat	V;COND;NOM(3,PL)	dievvaše
dievvat	V;COND;NOM(3,SG)	dievvašii
dievvat	V;IMP;NOM(1,SG)	divvon
dievvat	V;IMP;NOM(2,PL)	divvot
dievvat	V;IMP;NOM(2,SG)	divvo
dievvat	V;IMP;NOM(3,DU)	divvoska
dievvat	V;IMP;NOM(3,SG)	divvos
dievvat	V;POT;NOM(1,SG)	dievvažan
dievvat	V;POT;NOM(2,DU)	dievvažeahppi
dievvat	V;POT;NOM(2,PL)	dievvažehpet
dievvat	V;POT;NOM(2,SG)	dievvažat
dievvat	V;POT;NOM(3,DU)	dievvažeaba
dievvat	V;POT;NOM(3,PL)	divvožit
dievvat	V;PRS;IND;NOM(1,DU)	dievvabeahtti
dievvat	V;PRS;IND;NOM(2,SG)	dievvat
dievvat	V;PRS;IND;NOM(3,SG)	dievva
dievvat	V;PST;IND;NOM(1,PL)	dievvaimet
dievvat	V;PST;IND;NOM(1,SG)	dievvan
dievvat	V;PST;IND;NOM(2,DU)	dievvaide
dievvat	V;PST;IND;NOM(2,PL)	dievvaidet
dievvat	V;PST;IND;NOM(3,DU)	dievvaiga
dievvat	V;PST;IND;NOM(3,PL)	dievvaiga
dievvat	V;PST;IND;NOM(3,SG)	dievvai
dorvu	N;ACC(PL)	dorvvuid
dorvu	N;ACC(SG)	dorvvu
dorvu	N;COM(PL)	dorvvuiguin
dorvu	N;COM(SG)	dorvvuin
dorvu	N;FRML(SG)	dorvvun
dorvu	N;GEN(PL)	dorvvuid
dorvu	N;GEN(SG)	dorvvu
dorvu	N;IN+ALL(PL)	dorvvuide
dorvu	N;IN+ALL(SG)	dorvvui
dorvu	N;NOM(PL)	dorvvut
dorvu	N;NOM(SG)	dorvvu
dorvu	N;PRP(PL)	dorvvuin
dorvu	N;PRP(SG)	dorvvus
dorvvastit	V;COND;NOM(1,DU)	dorvvasteašeimme
dorvvastit	V;COND;NOM(1,PL)	dorvvasteašeimmet
dorvvastit	V;COND;NOM(1,SG)	dorvvasteašin
dorvvastit	V;COND;NOM(2,DU)	dorvvasteašeidde
dorvvastit	V;COND;NOM(2,PL)	dorvvasteašeiddet
dorvvastit	V;COND;NOM(2,SG)	dorvvasteašit
dorvvastit	V;COND;NOM(3,DU)	dorvvasteašeigga
dorvvastit	V;COND;NOM(3,PL)	dorvvasteaše
dorvvastit	V;COND;NOM(3,SG)	dorvvasteašii
dorvvastit	V;IMP;NOM(1,SG)	dorvvastehkon
dorvvastit	V;IMP;NOM(2,PL)	dorvvastehket
dorvvastit	V;IMP;NOM(2,SG)	dorvvastehket
dorvvastit	V;IMP;NOM(3,DU)	dorvvastehkoska
dorvvastit	V;IMP;NOM(3,PL)	dorvvastehkoset
dorvvastit	V;IMP;NOM(3,SG)	dorvvastehkos
dorvvastit	V;POT;NOM(1,DU)	dorvvasteažžabeahtti
dorvvastit	V;POT;NOM(1,SG)	dorvvastežan
dorvvastit	V;POT;NOM(2,DU)	dorvvastežeahppi
dorvvastit	V;POT;NOM(2,PL)	dorvvastežehpet
dorvvastit	V;POT;NOM(3,PL)	dorvvastežit
dorvvastit	V;POT;NOM(3,SG)	dorvvasteža
dorvvastit	V;PRS;IND;NOM(1,DU)	dorvvastibeahtti
dorvvastit	V;PRS;IND;NOM(1,PL)	dorvvastetnet
dorvvastit	V;PRS;IND;NOM(1,SG)	dorvvasten
dorvvastit	V;PRS;IND;NOM(2,DU)	dorvvasteahppi
dorvvastit	V;PRS;IND;NOM(3,DU)	dorvvasteaba
dorvvastit	V;PST;IND;NOM(1,DU)	dorvvasteimme
dorvvastit	V;PST;IND;NOM(2,PL)	dorvvasteiddet
dorvvastit	V;PST;IND;NOM(2,SG)	dorvvasteiddet
dorvvastit	V;PST;IND;NOM(3,DU)	dorvvasteigga
dorvvastit	V;PST;IND;NOM(3,PL)	dorvvasteigga
dorvvastit	V;PST;IND;NOM(3,SG)	dorvvastei
dorvvolaččat	ADJ;ACC(PL)	dorvvolaččadiid
dorvvolaččat	ADJ;ACC(SG)	dorvvolaččabu
dorvvolaččat	ADJ;COM(PL)	dorvvolaččadiiguin
dorvvolaččat	ADJ;COM(SG)	dorvvolaččadiin
dorvvolaččat	ADJ;FRML(SG)	dorvvolaččadin
dorvvolaččat	ADJ;GEN(PL)	dorvvolaččadiid
dorvvolaččat	ADJ;GEN(SG)	dorvvolaččaba
dorvvolaččat	ADJ;IN+ALL(PL)	dorvvolaččadiidda
dorvvolaččat	ADJ;IN+ALL(SG)	dorvvolaččadii
dorvvolaččat	ADJ;NOM(PL)	dorvvolaččadit
dorvvolaččat	ADJ;NOM(SG)	dorvvolaččaba
dorvvolaččat	ADJ;PRP(PL)	dorvvolaččadiin
dorvvolaččat	ADJ;PRP(SG)	dorvvolaččadis
dápmat	V;COND;LGSPEC1;NOM(1,DU)	dápmaleimme
dápmat	V;COND;LGSPEC1;NOM(2,SG)	dápmalit
dápmat	V;COND;LGSPEC1;NOM(3,SG)	dápmalii
dápmat	V;COND;NOM(1,DU)	dápmašeimme
dápmat	V;COND;NOM(2,SG)	dápmašit
dápmat	V;COND;NOM(3,DU)	dápmašeigga
dápmat	V;COND;NOM(3,PL)	dápmaše
dápmat	V;COND;NOM(3,SG)	dápmašii
dápmat	V;IMP;NOM(1,PL)	dápmot
dápmat	V;IMP;NOM(1,SG)	dápmon
dápmat	V;IMP;NOM(2,DU)	dápmoska
dápmat	V;IMP;NOM(3,PL)	dápmoset
dápmat	V;POT;NOM(1,DU)	dápmažetne
dápmat	V;POT;NOM(2,DU)	dápmažeahppi
dápmat	V;POT;NOM(2,SG)	dápmažat
dápmat	V;POT;NOM(3,DU)	dápmažeaba
dápmat	V;POT;NOM(3,PL)	dápmažit
dápmat	V;PRS;IND;NOM(1,DU)	dápmabeahtti
dápmat	V;PRS;IND;NOM(1,PL)	dápmat
dápmat	V;PRS;IND;NOM(2,DU)	dápmabeahtti
dápmat	V;PRS;IND;NOM(2,SG)	dápmat
dápmat	V;PRS;IND;NOM(3,DU)	dápmaba
dápmat	V;PRS;IND;NOM(3,PL)	dápmaba
dápmat	V;PRS;IND;NOM(3,SG)	dápma
dápmat	V;PST;IND;NOM(1,DU)	dápmaime
dápmat	V;PST;IND;NOM(1,PL)	dápmaimet
dápmat	V;PST;IND;NOM(1,SG)	dápman
dápmat	V;PST;IND;NOM(2,DU)	dápmaide
dápmat	V;PST;IND;NOM(2,PL)	dápmaidet
dápmat	V;PST;IND;NOM(3,DU)	dápmaiga
dápmat	V;PST;IND;NOM(3,SG)	dápmai
fuoikit	V;COND;LGSPEC1;NOM(1,DU)	fuikkáleimme
fuoikit	V;COND;LGSPEC1;NOM(1,PL)	fuikkáleimmet
fuoikit	V;COND;LGSPEC1;NOM(1,SG)	fuikkálin
fuoikit	V;COND;LGSPEC1;NOM(2,DU)	fuikkáleidde
fuoikit	V;COND;LGSPEC1;NOM(2,PL)	fuikkáleiddet
fuoikit	V;COND;LGSPEC1;NOM(3,PL)	fuikkále
fuoikit	V;COND;LGSPEC1;NOM(3,SG)	fuikkálii
fuoikit	V;COND;NOM(1,DU)	fuikkášeimme
fuoikit	V;COND;NOM(2,PL)	fuikkášeiddet
fuoikit	V;COND;NOM(2,SG)	fuikkášit
fuoikit	V;COND;NOM(3,DU)	fuikkášeigga
fuoikit	V;COND;NOM(3,SG)	fuikkášii
fuoikit	V;IMP;NOM(1,DU)	fuoikkoska
fuoikit	V;IMP;NOM(1,PL)	fuikot
fuoikit	V;IMP;NOM(1,SG)	fuikon
fuoikit	V;IMP;NOM(2,DU)	fuoikkoska
fuoikit	V;IMP;NOM(2,PL)	fuikot
fuoikit	V;IMP;NOM(2,SG)	fuiko
fuoikit	V;IMP;NOM(3,DU)	fuikoska
fuoikit	V;POT;NOM(1,PL)	fuikkežit
fuoikit	V;POT;NOM(1,SG)	fuikkežan
fuoikit	V;POT;NOM(2,SG)	fuikkežat
fuoikit	V;POT;NOM(3,DU)	fuikkežeaba
fuoikit	V;POT;NOM(3,SG)	fuikkeža
fuoikit	V;PRS;IND;NOM(1,PL)	fuikit
fuoikit	V;PRS;IND;NOM(1,SG)	fuikin
fuoikit	V;PRS;IND;NOM(2,PL)	fuikibehtet
fuoikit	V;PST;IND;NOM(1,SG)	fuikkin
fuoikit	V;PST;IND;NOM(2,SG)	fuikket
fuoikit	V;PST;IND;NOM(3,DU)	fuikkiiga
fuoikit	V;PST;IND;NOM(3,SG)	fuikkii
geahppán	N;ACC(PL)	geahppámiid
geahppán	N;ACC(SG)	geahppán
geahppán	N;COM(PL)	geahppášiiguin
geahppán	N;COM(SG)	geahppániin
geahppán	N;FRML(SG)	geahppánin
geahppán	N;GEN(PL)	geahppámiid
geahppán	N;GEN(SG)	geahppán
geahppán	N;IN+ALL(PL)	geahppáide
geahppán	N;IN+ALL(SG)	geahppái
geahppán	N;NOM(SG)	geahppán
geahppán	N;PRP(PL)	geahppániin
geahppán	N;PRP(SG)	geahppán
guoggát	V;COND;LGSPEC1;NOM(1,DU)	guoggáleimme
guoggát	V;COND;LGSPEC1;NOM(2,SG)	guoggálit
guoggát	V;COND;LGSPEC1;NOM(3,DU)	guoggáleigga
guoggát	V;COND;LGSPEC1;NOM(3,PL)	guoggále
guoggát	V;COND;LGSPEC1;NOM(3,SG)	guoggálii
guoggát	V;COND;NOM(1,DU)	guoggášeimme
guoggát	V;COND;NOM(1,SG)	guoggášin
guoggát	V;COND;NOM(2,DU)	guoggášeidde
guoggát	V;COND;NOM(2,PL)	guoggášeiddet
guoggát	V;COND;NOM(3,DU)	guoggášeigga
guoggát	V;COND;NOM(3,SG)	guoggášii
guoggát	V;IMP;NOM(1,DU)	guoggájehkoska
guoggát	V;IMP;NOM(1,SG)	guoggájehkon
guoggát	V;IMP;NOM(2,SG)	guoggájehket
guoggát	V;IMP;NOM(3,DU)	guoggájehkoska
guoggát	V;IMP;NOM(3,SG)	guoggájehkos
guoggát	V;POT;NOM(1,DU)	guoggážetne
guoggát	V;POT;NOM(2,PL)	guoggážehpet
guoggát	V;POT;NOM(2,SG)	guoggážat
guoggát	V;POT;NOM(3,PL)	guoggážit
guoggát	V;PRS;IND;NOM(1,DU)	guoggábeahtti
guoggát	V;PRS;IND;NOM(1,PL)	guoggát
guoggát	V;PRS;IND;NOM(1,SG)	guoggán
guoggát	V;PRS;IND;NOM(2,PL)	guoggábehtet
guoggát	V;PRS;IND;NOM(2,SG)	guoggát
guoggát	V;PRS;IND;NOM(3,SG)	guoggá
guoggát	V;PST;IND;NOM(1,DU)	guoggáime
guoggát	V;PST;IND;NOM(1,PL)	guoggáimet
guoggát	V;PST;IND;NOM(1,SG)	guoggán
guoggát	V;PST;IND;NOM(2,DU)	guoggáide
guoggát	V;PST;IND;NOM(2,SG)	guoggáit
guoggát	V;PST;IND;NOM(3,PL)	guoggáiga
guoktelogigoalmmát	ADJ;ACC(PL)	guoktelogigoalmmádiid
guoktelogigoalmmát	ADJ;ACC(SG)	guoktelogigoalmmádi
guoktelogigoalmmát	ADJ;COM(PL)	guoktelogigoalmmádiiguin
guoktelogigoalmmát	ADJ;COM(SG)	guoktelogigoalmmádiin
guoktelogigoalmmát	ADJ;FRML(SG)	guoktelogigoalmmádin
guoktelogigoalmmát	ADJ;GEN(PL)	guoktelogigoalmmádiid
guoktelogigoalmmát	ADJ;GEN(SG)	guoktelogigoalmmáda
guoktelogigoalmmát	ADJ;IN+ALL(PL)	guoktelogigoalmmádiidda
guoktelogigoalmmát	ADJ;IN+ALL(SG)	guoktelogigoalmmádii
guoktelogigoalmmát	ADJ;NOM(PL)	guoktelogigoalmmádit
guoktelogigoalmmát	ADJ;NOM(SG)	guoktelogigoalmmádi
guoktelogigoalmmát	ADJ;PRP(PL)	guoktelogigoalmmádiin
guoktelogigoalmmát	ADJ;PRP(SG)	guoktelogigoalmmádis
guolástit	V;COND;NOM(1,PL)	guolásteašeimmet
guolástit	V;COND;NOM(1,SG)	guolásteašin
guolástit	V;COND;NOM(2,DU)	guolásteašeidde
guolástit	V;COND;NOM(2,SG)	guolásteašit
guolástit	V;COND;NOM(3,DU)	guolásteašeigga
guolástit	V;COND;NOM(3,SG)	guolásteašii
guolástit	V;IMP;NOM(1,DU)	guolástehkoska
guolástit	V;IMP;NOM(1,SG)	guolástehkon
guolástit	V;IMP;NOM(2,DU)	guolástehke
guolástit	V;IMP;NOM(2,PL)	guolástehket
guolástit	V;IMP;NOM(2,SG)	guolástehket
guolástit	V;IMP;NOM(3,DU)	guolástehkoska
guolástit	V;IMP;NOM(3,SG)	guolástehkos
guolástit	V;POT;NOM(1,DU)	guolásteažžabeahtti
guolástit	V;POT;NOM(1,PL)	guolástežit
guolástit	V;POT;NOM(2,PL)	guolástežehpet
guolástit	V;POT;NOM(3,DU)	guolástežeaba
guolástit	V;POT;NOM(3,PL)	guolástežit
guolástit	V;POT;NOM(3,SG)	guolásteža
guolástit	V;PRS;IND;NOM(1,DU)	guolástibeahtti
guolástit	V;PRS;IND;NOM(1,SG)	guolásten
guolástit	V;PRS;IND;NOM(2,PL)	guolástibehtet
guolástit	V;PRS;IND;NOM(2,SG)	guolástet
guolástit	V;PRS;IND;NOM(3,PL)	guolástehkoset
guolástit	V;PST;IND;NOM(1,DU)	guolásteimme
guolástit	V;PST;IND;NOM(1,PL)	guolásteimmet
guolástit	V;PST;IND;NOM(1,SG)	guolásten
guolástit	V;PST;IND;NOM(2,DU)	guolásteidde
guolástit	V;PST;IND;NOM(2,PL)	guolásteiddet
guolástit	V;PST;IND;NOM(2,SG)	guolásteiddet
guolástit	V;PST;IND;NOM(3,SG)	guolástei
guvrát	V;COND;LGSPEC1;NOM(1,PL)	guvráleimmet
guvrát	V;COND;LGSPEC1;NOM(1,SG)	guvrálin
guvrát	V;COND;LGSPEC1;NOM(2,DU)	guvráleidde
guvrát	V;COND;LGSPEC1;NOM(3,DU)	guvráleigga
guvrát	V;COND;LGSPEC1;NOM(3,SG)	guvrálii
guvrát	V;COND;NOM(1,PL)	guvrášeimmet
guvrát	V;COND;NOM(1,SG)	guvrášin
guvrát	V;COND;NOM(2,DU)	guvrášeidde
guvrát	V;COND;NOM(2,PL)	guvrášeiddet
guvrát	V;IMP;NOM(1,DU)	guvrájeadnu
guvrát	V;IMP;NOM(2,DU)	guvrájeahkki
guvrát	V;IMP;NOM(2,PL)	guvrájehket
guvrát	V;IMP;NOM(3,PL)	guvrájehkoset
guvrát	V;IMP;NOM(3,SG)	guvrájehkos
guvrát	V;POT;NOM(1,DU)	guvrážetne
guvrát	V;POT;NOM(1,PL)	guvrážit
guvrát	V;POT;NOM(2,PL)	guvrážehpet
guvrát	V;POT;NOM(2,SG)	guvrážat
guvrát	V;POT;NOM(3,DU)	guvrážeaba
guvrát	V;POT;NOM(3,PL)	guvrážit
guvrát	V;POT;NOM(3,SG)	guvráža
guvrát	V;PRS;IND;NOM(1,DU)	guvrábeahtti
guvrát	V;PRS;IND;NOM(1,SG)	guvrán
guvrát	V;PRS;IND;NOM(2,PL)	guvrábehtet
guvrát	V;PRS;IND;NOM(2,SG)	guvrát
guvrát	V;PRS;IND;NOM(3,PL)	guvrába
guvrát	V;PRS;IND;NOM(3,SG)	guvrá
guvrát	V;PST;IND;NOM(2,DU)	guvráide
guvrát	V;PST;IND;NOM(2,SG)	guvráit
guvrát	V;PST;IND;NOM(3,DU)	guvráiga
guvrát	V;PST;IND;NOM(3,PL)	guvráiga
guvrát	V;PST;IND;NOM(3,SG)	guvrái
guđat	ADJ;ACC(PL)	guđadiid
guđat	ADJ;ACC(SG)	guđabu
guđat	ADJ;COM(PL)	guđadiiguin
guđat	ADJ;COM(SG)	guđadiin
guđat	ADJ;FRML(SG)	guđadin
guđat	ADJ;GEN(PL)	guđadiid
guđat	ADJ;GEN(SG)	guđaba
guđat	ADJ;IN+ALL(PL)	guđadiidda
guđat	ADJ;IN+ALL(SG)	guđadii
guđat	ADJ;NOM(PL)	guđadat
guđat	ADJ;NOM(SG)	guđad
guđat	ADJ;PRP(SG)	guđadis
gáisi	N;ACC(PL)	gáissiid
gáisi	N;ACC(SG)	gáissi
gáisi	N;COM(PL)	gáissiiguin
gáisi	N;COM(SG)	gáissiin
gáisi	N;FRML(SG)	gáissin
gáisi	N;GEN(PL)	gáissiid
gáisi	N;GEN(SG)	gáissi
gáisi	N;IN+ALL(PL)	gáisiide
gáisi	N;IN+ALL(SG)	gáisii
gáisi	N;NOM(PL)	gáissit
gáisi	N;NOM(SG)	gáissi
gáisi	N;PRP(PL)	gáissiin
gáisi	N;PRP(SG)	gáissis
gáranas	N;ACC(PL)	gáranasiid
gáranas	N;ACC(SG)	gáranas
gáranas	N;COM(PL)	gáranasiiguin
gáranas	N;COM(SG)	gáranasiin
gáranas	N;FRML(SG)	gáranasin
gáranas	N;GEN(PL)	gáranasiid
gáranas	N;GEN(SG)	gáranas
gáranas	N;IN+ALL(PL)	gáranasiidda
gáranas	N;IN+ALL(SG)	gáranasii
gáranas	N;NOM(PL)	gáranasat
gáranas	N;NOM(SG)	gáranas
gáranas	N;PRP(PL)	gáranasiin
gáranas	N;PRP(SG)	gáranasis
gávrut	V;COND;LGSPEC1;NOM(1,PL)	gávroleimmet
gávrut	V;COND;LGSPEC1;NOM(2,PL)	gávroleiddet
gávrut	V;COND;LGSPEC1;NOM(3,PL)	gávrole
gávrut	V;COND;LGSPEC1;NOM(3,SG)	gávrolii
gávrut	V;COND;NOM(1,PL)	gávrošeimmet
gávrut	V;COND;NOM(1,SG)	gávrošin
gávrut	V;COND;NOM(2,DU)	gávrošeidde
gávrut	V;COND;NOM(2,PL)	gávrošeiddet
gávrut	V;COND;NOM(3,PL)	gávroše
gávrut	V;COND;NOM(3,SG)	gávrošii
gávrut	V;IMP;NOM(1,DU)	gávro
gávrut	V;IMP;NOM(1,PL)	gávrot
gávrut	V;IMP;NOM(2,SG)	gávro
gávrut	V;IMP;NOM(3,DU)	gávroska
gávrut	V;IMP;NOM(3,PL)	gávroset
gávrut	V;POT;NOM(1,DU)	gávrožetne
gávrut	V;POT;NOM(1,PL)	gávrožit
gávrut	V;POT;NOM(2,DU)	gávrožeahppi
gávrut	V;POT;NOM(2,PL)	gávrožehpet
gávrut	V;POT;NOM(2,SG)	gávrožat
gávrut	V;POT;NOM(3,DU)	gávrožeaba
gávrut	V;POT;NOM(3,SG)	gávroža
gávrut	V;PRS;IND;NOM(1,SG)	gávrun
gávrut	V;PRS;IND;NOM(2,DU)	gávrubeahtti
gávrut	V;PRS;IND;NOM(2,SG)	gávrut
gávrut	V;PRS;IND;NOM(3,PL)	gávrut
gávrut	V;PST;IND;NOM(1,DU)	gávruime
gávrut	V;PST;IND;NOM(1,PL)	gávruimet
gávrut	V;PST;IND;NOM(2,DU)	gávruide
gávrut	V;PST;IND;NOM(2,SG)	gávruit
gávrut	V;PST;IND;NOM(3,DU)	gávruiga
gávrut	V;PST;IND;NOM(3,PL)	gávruiga
jiehtanas	N;ACC(PL)	jiehtanasiid
jiehtanas	N;ACC(SG)	jiehtanas
jiehtanas	N;COM(PL)	jiehtanasiiguin
jiehtanas	N;FRML(SG)	jiehtanasin
jiehtanas	N;GEN(PL)	jiehtanasiid
jiehtanas	N;GEN(SG)	jiehtanas
jiehtanas	N;IN+ALL(PL)	jiehtanasiidda
jiehtanas	N;IN+ALL(SG)	jiehtanasii
jiehtanas	N;NOM(PL)	jiehtanasat
jiehtanas	N;NOM(SG)	jiehtanas
jiehtanas	N;PRP(PL)	jiehtanasiin
jiehtanas	N;PRP(SG)	jiehtanasas
jorbbas	ADJ;ACC(PL)	jorbbasiid
jorbbas	ADJ;ACC(SG)	jorbbas
jorbbas	ADJ;COM(PL)	jorbbasiiguin
jorbbas	ADJ;COM(SG)	jorbbasiin
jorbbas	ADJ;FRML(SG)	jorbbasin
jorbbas	ADJ;GEN(PL)	jorbbasiid
jorbbas	ADJ;GEN(SG)	jorbbas
jorbbas	ADJ;IN+ALL(PL)	jorbbasiidda
jorbbas	ADJ;IN+ALL(SG)	jorbbasii
jorbbas	ADJ;NOM(PL)	jorbbasat
jorbbas	ADJ;NOM(SG)	jorbbas
jorbbas	ADJ;PRP(PL)	jorbbasiin
jorbbas	ADJ;PRP(SG)	jorbbasis
lasta	N;ACC(PL)	lasttaid
lasta	N;ACC(SG)	lastta
lasta	N;COM(PL)	lasttaiguin
lasta	N;COM(SG)	lasttain
lasta	N;FRML(SG)	lasttan
lasta	N;GEN(PL)	lasttaid
lasta	N;GEN(SG)	lastta
lasta	N;IN+ALL(PL)	lasttaide
lasta	N;IN+ALL(SG)	lasttai
lasta	N;NOM(PL)	lasttat
lasta	N;NOM(SG)	lastta
lasta	N;PRP(PL)	lasttain
lasta	N;PRP(SG)	lasttas
loahppat	V;COND;LGSPEC1;NOM(1,DU)	loahpáleimme
loahppat	V;COND;LGSPEC1;NOM(2,DU)	loahpáleidde
loahppat	V;COND;LGSPEC1;NOM(2,SG)	loahpálit
loahppat	V;COND;LGSPEC1;NOM(3,SG)	loahpálii
loahppat	V;COND;NOM(1,PL)	loahpášeimmet
loahppat	V;COND;NOM(1,SG)	loahpášin
loahppat	V;COND;NOM(2,DU)	loahpášeidde
loahppat	V;COND;NOM(2,SG)	loahpášit
loahppat	V;IMP;NOM(1,DU)	loahpo
loahppat	V;IMP;NOM(1,SG)	loahpon
loahppat	V;IMP;NOM(2,DU)	loahposka
loahppat	V;IMP;NOM(3,DU)	loahposka
loahppat	V;IMP;NOM(3,PL)	loahposet
loahppat	V;IMP;NOM(3,SG)	loahpos
loahppat	V;POT;NOM(1,DU)	loahpažetne
loahppat	V;POT;NOM(1,PL)	loahpažit
loahppat	V;POT;NOM(1,SG)	loahpažan
loahppat	V;POT;NOM(2,DU)	loahpažeahppi
loahppat	V;POT;NOM(2,PL)	loahpažehpet
loahppat	V;POT;NOM(2,SG)	loahpažat
loahppat	V;POT;NOM(3,PL)	loahpažit
loahppat	V;POT;NOM(3,SG)	loahpaža
loahppat	V;PRS;IND;NOM(1,DU)	loahpabeahtti
loahppat	V;PRS;IND;NOM(2,PL)	loahpabehtet
loahppat	V;PRS;IND;NOM(3,PL)	loahpaba
loahppat	V;PRS;IND;NOM(3,SG)	loahppa
loahppat	V;PST;IND;NOM(1,SG)	loahpan
loahppat	V;PST;IND;NOM(2,DU)	loahpaide
loahppat	V;PST;IND;NOM(2,PL)	loahpaidet
loahppat	V;PST;IND;NOM(2,SG)	loahpait
loahppat	V;PST;IND;NOM(3,DU)	loahpaiga
lákca	N;ACC(PL)	lávccaid
lákca	N;ACC(SG)	lávcca
lákca	N;COM(PL)	lávccaiguin
lákca	N;COM(SG)	lávccain
lákca	N;FRML(SG)	lákcan
lákca	N;GEN(PL)	lávccaid
lákca	N;GEN(SG)	lávcca
lákca	N;IN+ALL(PL)	lávccaide
lákca	N;IN+ALL(SG)	lákcai
lákca	N;NOM(PL)	lávccat
lákca	N;NOM(SG)	lákca
lákca	N;PRP(PL)	lákcain
lákca	N;PRP(SG)	lákcas
mohkkámus	ADJ;ACC(PL)	mohkkámusaid
mohkkámus	ADJ;ACC(SG)	mohkkámusa
mohkkámus	ADJ;COM(PL)	mohkkámusaiguin
mohkkámus	ADJ;COM(SG)	mohkkámusain
mohkkámus	ADJ;FRML(SG)	mohkkámusan
mohkkámus	ADJ;GEN(PL)	mohkkámusaid
mohkkámus	ADJ;GEN(SG)	mohkkámusa
mohkkámus	ADJ;IN+ALL(PL)	mohkkámusaide
mohkkámus	ADJ;IN+ALL(SG)	mohkkámusai
mohkkámus	ADJ;NOM(PL)	mohkkámusat
mohkkámus	ADJ;NOM(SG)	mohkkámusa
mohkkámus	ADJ;PRP(PL)	mohkkámusain
mohkkámus	ADJ;PRP(SG)	mohkkámusas
positiiva	ADJ;ACC(PL)	positiivvaid
positiiva	ADJ;ACC(SG)	positiivva
positiiva	ADJ;COM(PL)	positiivvaiguin
positiiva	ADJ;COM(SG)	positiivvain
positiiva	ADJ;FRML(SG)	positiivvan
positiiva	ADJ;GEN(PL)	positiivvaid
positiiva	ADJ;GEN(SG)	positiivva
positiiva	ADJ;IN+ALL(PL)	positiivvaide
positiiva	ADJ;IN+ALL(SG)	positiivvai
positiiva	ADJ;NOM(PL)	positiivvat
positiiva	ADJ;NOM(SG)	positiivva
positiiva	ADJ;PRP(PL)	positiivvain
positiiva	ADJ;PRP(SG)	positiivvas
ruhta	N;ACC(PL)	ruđaid
ruhta	N;ACC(SG)	ruđa
ruhta	N;COM(PL)	ruđaiguin
ruhta	N;COM(SG)	ruđain
ruhta	N;FRML(SG)	ruđan
ruhta	N;GEN(PL)	ruđaid
ruhta	N;GEN(SG)	ruđa
ruhta	N;IN+ALL(PL)	ruđaide
ruhta	N;NOM(PL)	ruđat
ruhta	N;NOM(SG)	ruđa
ruhta	N;PRP(PL)	ruđain
ruhta	N;PRP(SG)	ruđas
russat	V;COND;LGSPEC1;NOM(1,DU)	russoleimme
russat	V;COND;LGSPEC1;NOM(1,PL)	russoleimmet
russat	V;COND;LGSPEC1;NOM(2,DU)	russoleidde
russat	V;COND;LGSPEC1;NOM(2,SG)	russolit
russat	V;COND;LGSPEC1;NOM(3,SG)	russolii
russat	V;COND;NOM(1,DU)	russašeimme
russat	V;COND;NOM(1,PL)	russašeimmet
russat	V;COND;NOM(1,SG)	russašin
russat	V;COND;NOM(2,PL)	russašeiddet
russat	V;COND;NOM(2,SG)	russašit
russat	V;COND;NOM(3,SG)	russašii
russat	V;IMP;NOM(1,PL)	russot
russat	V;IMP;NOM(1,SG)	russon
russat	V;IMP;NOM(2,SG)	russot
russat	V;IMP;NOM(3,DU)	russoska
russat	V;POT;NOM(1,DU)	russežetne
russat	V;POT;NOM(1,PL)	russežit
russat	V;POT;NOM(2,DU)	russežeahppi
russat	V;POT;NOM(3,DU)	russežeaba
russat	V;PRS;IND;NOM(1,PL)	russat
russat	V;PRS;IND;NOM(1,SG)	russan
russat	V;PRS;IND;NOM(2,PL)	russabehtet
russat	V;PRS;IND;NOM(2,SG)	russat
russat	V;PRS;IND;NOM(3,PL)	russat
russat	V;PST;IND;NOM(1,DU)	russaime
russat	V;PST;IND;NOM(1,PL)	russaimet
russat	V;PST;IND;NOM(1,SG)	russan
russat	V;PST;IND;NOM(2,DU)	russaide
russat	V;PST;IND;NOM(2,PL)	russaidet
russat	V;PST;IND;NOM(2,SG)	russait
russat	V;PST;IND;NOM(3,PL)	russaiga
russat	V;PST;IND;NOM(3,SG)	russai
ráhkis	ADJ;ACC(PL)	ráhkisiid
ráhkis	ADJ;ACC(SG)	ráhkis
ráhkis	ADJ;COM(PL)	ráhkáiguin
ráhkis	ADJ;COM(SG)	ráhkáin
ráhkis	ADJ;FRML(SG)	ráhkisin
ráhkis	ADJ;GEN(PL)	ráhkisiid
ráhkis	ADJ;GEN(SG)	ráhkis
ráhkis	ADJ;IN+ALL(PL)	ráhkisiidda
ráhkis	ADJ;IN+ALL(SG)	ráhkái
ráhkis	ADJ;NOM(PL)	ráhkisat
ráhkis	ADJ;NOM(SG)	ráhkis
ráhkis	ADJ;PRP(PL)	ráhkisiin
ráhkis	ADJ;PRP(SG)	ráhkissas
skeaikit	V;COND;LGSPEC1;NOM(1,DU)	skeaikkáleimme
skeaikit	V;COND;LGSPEC1;NOM(1,SG)	skeaikkálin
skeaikit	V;COND;LGSPEC1;NOM(2,DU)	skeaikkáleidde
skeaikit	V;COND;LGSPEC1;NOM(2,PL)	skeaikkáleiddet
skeaikit	V;COND;LGSPEC1;NOM(2,SG)	skeaikkálit
skeaikit	V;COND;LGSPEC1;NOM(3,PL)	skeaikkále
skeaikit	V;COND;NOM(2,DU)	skeaikkášeidde
skeaikit	V;COND;NOM(2,SG)	skeaikkášit
skeaikit	V;COND;NOM(3,DU)	skeaikkášeigga
skeaikit	V;IMP;NOM(1,PL)	skeaikot
skeaikit	V;IMP;NOM(2,DU)	skeaiko
skeaikit	V;IMP;NOM(2,SG)	skeaiko
skeaikit	V;IMP;NOM(3,SG)	skeaikos
skeaikit	V;POT;NOM(1,DU)	skeaikkežetne
skeaikit	V;POT;NOM(1,PL)	skeaikkežit
skeaikit	V;POT;NOM(1,SG)	skeaikkežan
skeaikit	V;POT;NOM(2,DU)	skeaikkežeahppi
skeaikit	V;POT;NOM(2,PL)	skeaikkežehpet
skeaikit	V;POT;NOM(2,SG)	skeaikkežat
skeaikit	V;POT;NOM(3,DU)	skeaikkežeaba
skeaikit	V;POT;NOM(3,PL)	skeaikkežit
skeaikit	V;POT;NOM(3,SG)	skeaikkeža
skeaikit	V;PRS;IND;NOM(1,SG)	skeaikin
skeaikit	V;PRS;IND;NOM(2,DU)	skeaikibeahtti
skeaikit	V;PRS;IND;NOM(2,PL)	skeaikibehtet
skeaikit	V;PRS;IND;NOM(3,DU)	skeaikiba
skeaikit	V;PRS;IND;NOM(3,PL)	skeaiket
skeaikit	V;PST;IND;NOM(2,DU)	skeaikiide
skeaikit	V;PST;IND;NOM(2,PL)	skeaiket
skeaikit	V;PST;IND;NOM(2,SG)	skeaiket
skeaikit	V;PST;IND;NOM(3,DU)	skeaikkiiga
skeaikit	V;PST;IND;NOM(3,PL)	skeaikiiga
stoarbma	N;ACC(PL)	stoarbmaid
stoarbma	N;ACC(SG)	stoarbma
stoarbma	N;COM(PL)	stoarbmaiguin
stoarbma	N;COM(SG)	stoarbmain
stoarbma	N;FRML(SG)	stoarbman
stoarbma	N;GEN(PL)	stoarbmaid
stoarbma	N;GEN(SG)	stoarbma
stoarbma	N;IN+ALL(PL)	stoarbmaide
stoarbma	N;IN+ALL(SG)	stoarbmai
stoarbma	N;NOM(PL)	stoarbmat
stoarbma	N;NOM(SG)	stoarbma
stoarbma	N;PRP(PL)	stoarbmain
stoarbma	N;PRP(SG)	stoarbmas
stuorát	ADJ;ACC(PL)	stuorádiid
stuorát	ADJ;ACC(SG)	stuoráda
stuorát	ADJ;COM(PL)	stuorádiiguin
stuorát	ADJ;COM(SG)	stuorádiin
stuorát	ADJ;FRML(SG)	stuorádin
stuorát	ADJ;GEN(PL)	stuorádiid
stuorát	ADJ;GEN(SG)	stuoráda
stuorát	ADJ;IN+ALL(PL)	stuorádiidda
stuorát	ADJ;IN+ALL(SG)	stuorádii
stuorát	ADJ;NOM(PL)	stuorádat
stuorát	ADJ;NOM(SG)	stuoráda
stuorát	ADJ;PRP(PL)	stuorádiin
stuorát	ADJ;PRP(SG)	stuorádis
sávvat	V;COND;LGSPEC1;NOM(1,DU)	sávvaleimme
sávvat	V;COND;LGSPEC1;NOM(1,PL)	sávvaleimmet
sávvat	V;COND;LGSPEC1;NOM(1,SG)	sávvalin
sávvat	V;COND;LGSPEC1;NOM(2,SG)	sávvalit
sávvat	V;COND;LGSPEC1;NOM(3,DU)	sávvaleigga
sávvat	V;COND;NOM(1,PL)	sávvašeimmet
sávvat	V;COND;NOM(2,DU)	sávvašeidde
sávvat	V;COND;NOM(2,PL)	sávvašeiddet
sávvat	V;COND;NOM(2,SG)	sávvašit
sávvat	V;COND;NOM(3,PL)	sávvaše
sávvat	V;COND;NOM(3,SG)	sávvašii
sávvat	V;IMP;NOM(1,PL)	sávvot
sávvat	V;IMP;NOM(1,SG)	sávvon
sávvat	V;IMP;NOM(2,DU)	sávvo
sávvat	V;IMP;NOM(2,PL)	sávvot
sávvat	V;IMP;NOM(2,SG)	sávvo
sávvat	V;IMP;NOM(3,PL)	sávvoset
sávvat	V;POT;NOM(1,PL)	sávvažit
sávvat	V;POT;NOM(1,SG)	sávvažan
sávvat	V;POT;NOM(2,SG)	sávvažat
sávvat	V;POT;NOM(3,PL)	sávvažit
sávvat	V;PRS;IND;NOM(1,DU)	sávvabeahtti
sávvat	V;PRS;IND;NOM(1,PL)	sávvat
sávvat	V;PRS;IND;NOM(1,SG)	sávvan
sávvat	V;PRS;IND;NOM(2,DU)	sávvabeahtti
sávvat	V;PRS;IND;NOM(2,PL)	sávvabehtet
sávvat	V;PRS;IND;NOM(2,SG)	sávvat
sávvat	V;PRS;IND;NOM(3,DU)	sávvaba
sávvat	V;PRS;IND;NOM(3,PL)	sávvat
sávvat	V;PST;IND;NOM(2,DU)	sávvaide
sávvat	V;PST;IND;NOM(2,PL)	sávvaidet
sávvat	V;PST;IND;NOM(2,SG)	sávvet
višuvdna	N;ACC(PL)	višuvnnaid
višuvdna	N;ACC(SG)	višuvnna
višuvdna	N;COM(PL)	višuvnnaiguin
višuvdna	N;COM(SG)	višuvnnain
višuvdna	N;FRML(SG)	višuvnnan
višuvdna	N;GEN(PL)	višuvnnaid
višuvdna	N;GEN(SG)	višuvnna
višuvdna	N;IN+ALL(PL)	višuvnnaide
višuvdna	N;IN+ALL(SG)	višuvnnai
višuvdna	N;NOM(PL)	višuvnnat
višuvdna	N;NOM(SG)	višuvnna
višuvdna	N;PRP(PL)	višuvnnain
višuvdna	N;PRP(SG)	višuvnnas
árgi	ADJ;ACC(PL)	árggiid
árgi	ADJ;ACC(SG)	árggi
árgi	ADJ;COM(PL)	árggiiguin
árgi	ADJ;COM(SG)	árggiin
árgi	ADJ;FRML(SG)	árggin
árgi	ADJ;GEN(PL)	árggiid
árgi	ADJ;GEN(SG)	árggi
árgi	ADJ;IN+ALL(PL)	árggiide
árgi	ADJ;IN+ALL(SG)	árggii
árgi	ADJ;NOM(PL)	árggit
árgi	ADJ;NOM(SG)	árggi
árgi	ADJ;PRP(PL)	árggiin
árgi	ADJ;PRP(SG)	árggis
čalmmeheamos	ADJ;ACC(PL)	čalmmehepmosiid
čalmmeheamos	ADJ;ACC(SG)	čalmmehepmosa
čalmmeheamos	ADJ;COM(PL)	čalmmehepmosiiguin
čalmmeheamos	ADJ;COM(SG)	čalmmehepmosiin
čalmmeheamos	ADJ;FRML(SG)	čalmmehepmosin
čalmmeheamos	ADJ;GEN(PL)	čalmmehepmosiid
čalmmeheamos	ADJ;GEN(SG)	čalmmehepmosa
čalmmeheamos	ADJ;IN+ALL(PL)	čalmmehepmosiidda
čalmmeheamos	ADJ;IN+ALL(SG)	čalmmehepmosii
čalmmeheamos	ADJ;NOM(PL)	čalmmehepmosat
čalmmeheamos	ADJ;NOM(SG)	čalmmehepmos
čalmmeheamos	ADJ;PRP(PL)	čalmmehepmosiin
čalmmeheamos	ADJ;PRP(SG)	čalmmehepmosis
čavgat	ADJ;ACC(PL)	čavggadiid
čavgat	ADJ;ACC(SG)	čavggabu
čavgat	ADJ;COM(PL)	čavggabuiguin
čavgat	ADJ;COM(SG)	čavggabuin
čavgat	ADJ;FRML(SG)	čavggabun
čavgat	ADJ;GEN(PL)	čavggabuid
čavgat	ADJ;GEN(SG)	čavggabu
čavgat	ADJ;IN+ALL(PL)	čavggadiidda
čavgat	ADJ;IN+ALL(SG)	čavggabui
čavgat	ADJ;NOM(PL)	čavggabut
čavgat	ADJ;NOM(SG)	čavggabu
čavgat	ADJ;PRP(PL)	čavggabuin
čavgat	ADJ;PRP(SG)	čavggabus
čierrut	V;COND;LGSPEC1;NOM(1,DU)	čierroleimme
čierrut	V;COND;LGSPEC1;NOM(1,SG)	čierrolin
čierrut	V;COND;LGSPEC1;NOM(2,DU)	čierroleidde
čierrut	V;COND;LGSPEC1;NOM(3,SG)	čierrolii
čierrut	V;COND;NOM(1,DU)	čierrošeimme
čierrut	V;COND;NOM(1,SG)	čierrošin
čierrut	V;COND;NOM(2,DU)	čierrošeidde
čierrut	V;COND;NOM(2,SG)	čierrošit
čierrut	V;COND;NOM(3,DU)	čierrošeigga
čierrut	V;COND;NOM(3,PL)	čierroše
čierrut	V;COND;NOM(3,SG)	čierrošii
čierrut	V;IMP;NOM(1,DU)	čierro
čierrut	V;IMP;NOM(1,PL)	čierrot
čierrut	V;IMP;NOM(1,SG)	čierron
čierrut	V;IMP;NOM(2,DU)	čierro
čierrut	V;IMP;NOM(2,PL)	čierrot
čierrut	V;IMP;NOM(2,SG)	čierro
čierrut	V;IMP;NOM(3,DU)	čierroska
čierrut	V;IMP;NOM(3,SG)	čierros
čierrut	V;POT;NOM(2,DU)	čierrožeahppi
čierrut	V;POT;NOM(2,PL)	čierrožehpet
čierrut	V;POT;NOM(2,SG)	čierrožat
čierrut	V;POT;NOM(3,DU)	čierrožeaba
čierrut	V;PRS;IND;NOM(1,DU)	čierrubeahtti
čierrut	V;PRS;IND;NOM(1,PL)	čierrut
čierrut	V;PRS;IND;NOM(2,PL)	čierrubehtet
čierrut	V;PRS;IND;NOM(3,PL)	čierrut
čierrut	V;PST;IND;NOM(1,DU)	čierruime
čierrut	V;PST;IND;NOM(1,SG)	čierrun
čierrut	V;PST;IND;NOM(2,PL)	čierruidet
čierrut	V;PST;IND;NOM(2,SG)	čierruit
čierrut	V;PST;IND;NOM(3,SG)	čierrui
čuovgat	ADJ;ACC(PL)	čuovggadiid
čuovgat	ADJ;ACC(SG)	čuovggabu
čuovgat	ADJ;COM(PL)	čuovggadiiguin
čuovgat	ADJ;COM(SG)	čuovggabuin
čuovgat	ADJ;FRML(SG)	čuovgadin
čuovgat	ADJ;GEN(PL)	čuovggabuid
čuovgat	ADJ;GEN(SG)	čuovggabu
čuovgat	ADJ;IN+ALL(PL)	čuovgadiidda
čuovgat	ADJ;IN+ALL(SG)	čuovgadii
čuovgat	ADJ;NOM(PL)	čuovggabut
čuovgat	ADJ;NOM(SG)	čuovggabu
čuovgat	ADJ;PRP(PL)	čuovgadiin
čuovgat	ADJ;PRP(SG)	čuovggabus
čábbáseamos	ADJ;ACC(PL)	čábbásepmosiid
čábbáseamos	ADJ;ACC(SG)	čábbásepmosa
čábbáseamos	ADJ;COM(PL)	čábbásepmosiiguin
čábbáseamos	ADJ;COM(SG)	čábbásepmosiin
čábbáseamos	ADJ;FRML(SG)	čábbásepmosin
čábbáseamos	ADJ;GEN(PL)	čábbásepmosiid
čábbáseamos	ADJ;GEN(SG)	čábbásepmosa
čábbáseamos	ADJ;IN+ALL(PL)	čábbásepmosiidda
čábbáseamos	ADJ;IN+ALL(SG)	čábbásepmosii
čábbáseamos	ADJ;NOM(PL)	čábbásepmosat
čábbáseamos	ADJ;NOM(SG)	čábbásepmos
čábbáseamos	ADJ;PRP(PL)	čábbásepmosiin
čábbáseamos	ADJ;PRP(SG)	čábbásepmosis
čáppat	ADJ;ACC(PL)	čáppabuid
čáppat	ADJ;ACC(SG)	čáppabu
čáppat	ADJ;COM(PL)	čáppagiiguin
čáppat	ADJ;FRML(SG)	čáppabun
čáppat	ADJ;GEN(PL)	čáppabuid
čáppat	ADJ;GEN(SG)	čáppaba
čáppat	ADJ;IN+ALL(PL)	čáppadiidda
čáppat	ADJ;IN+ALL(SG)	čáppabui
čáppat	ADJ;NOM(PL)	čáppabut
čáppat	ADJ;NOM(SG)	čáppaba
čáppat	ADJ;PRP(PL)	čáppabuin
čáppat	ADJ;PRP(SG)	čáppas
accuracy:0.408