adiníłdíín	V;IND;PFV;NOM(1,GRPL)	daniildiin
adiníłdíín	V;IND;PFV;NOM(1,PL)	adiniildiin
adiníłdíín	V;IND;PFV;NOM(1,SG)	adínísdíín
adiníłdíín	V;IND;PFV;NOM(2,GRPL)	daʼnídasoołdin
adiníłdíín	V;IND;PFV;NOM(2,PL)	adoołdin
adiníłdíín	V;IND;PFV;NOM(2,SG)	adíníłdiin
adiníłdíín	V;IND;PFV;NOM(3,GRPL)	daadiníłdiin
adiníłdíín	V;IND;PFV;NOM(3,PL)	adiníłdiin
adiníłdíín	V;IND;PFV;NOM(3,SG)	adiníłdiin
adiníłdíín	V;IND;PFV;NOM(4,GRPL)	dajííłdiin
adiníłdíín	V;IND;PFV;NOM(4,PL)	ajííłdiin
adiníłdíín	V;IND;PFV;NOM(4,SG)	ajííłdíín
aheełtʼé	V;IND;PFV;NOM(1,GRPL)	daʼiiltʼééʼ
aheełtʼé	V;IND;PFV;NOM(1,PL)	ahiiltʼé
aheełtʼé	V;IND;PFV;NOM(1,SG)	ahííłtʼééʼ
aheełtʼé	V;IND;PFV;NOM(2,GRPL)	daʼoołtʼą́
aheełtʼé	V;IND;PFV;NOM(2,PL)	ahoołtʼą́
aheełtʼé	V;IND;PFV;NOM(2,SG)	ahíníłtʼé
aheełtʼé	V;IND;PFV;NOM(3,GRPL)	daʼaheełtʼé
aheełtʼé	V;IND;PFV;NOM(3,PL)	aheełtʼé
aheełtʼé	V;IND;PFV;NOM(3,SG)	aheełtʼé
aheełtʼé	V;IND;PFV;NOM(4,GRPL)	daʼjííłtʼé
aheełtʼé	V;IND;PFV;NOM(4,PL)	ajííłtʼé
aheełtʼé	V;IND;PFV;NOM(4,SG)	ajííłtʼé
diłhił	V;IND;PFV;NOM(1,GRPL)	dadiilwil
diłhił	V;IND;PFV;NOM(1,PL)	diilwil
diłhił	V;IND;PFV;NOM(1,SG)	dííłhił
diłhił	V;IND;PFV;NOM(2,GRPL)	dadoołhił
diłhił	V;IND;PFV;NOM(2,PL)	doołhił
diłhił	V;IND;PFV;NOM(2,SG)	dííłhił
diłhił	V;IND;PFV;NOM(3,GRPL)	dadiłhił
diłhił	V;IND;PFV;NOM(3,PL)	diłhił
diłhił	V;IND;PFV;NOM(3,SG)	diłhił
diłhił	V;IND;PFV;NOM(4,GRPL)	dajííłhil
diłhił	V;IND;PFV;NOM(4,PL)	jííłhil
diłhił	V;IND;PFV;NOM(4,SG)	jííłhił
diʼil	V;IND;PFV;NOM(1,GRPL)	dadiitʼil
diʼil	V;IND;PFV;NOM(1,PL)	diitʼil
diʼil	V;IND;PFV;NOM(1,SG)	dííʼil
diʼil	V;IND;PFV;NOM(2,GRPL)	dadoohʼil
diʼil	V;IND;PFV;NOM(2,PL)	dooʼil
diʼil	V;IND;PFV;NOM(2,SG)	dííʼil
diʼil	V;IND;PFV;NOM(3,GRPL)	dadiʼil
diʼil	V;IND;PFV;NOM(3,PL)	diʼil
diʼil	V;IND;PFV;NOM(3,SG)	diʼil
diʼil	V;IND;PFV;NOM(4,GRPL)	dajííʼil
diʼil	V;IND;PFV;NOM(4,PL)	jidiʼil
diʼil	V;IND;PFV;NOM(4,SG)	jííʼil
hashké	V;IND;IPFV;NOM(1,GRPL)	deiilké
hashké	V;IND;IPFV;NOM(1,PL)	haiilké
hashké	V;IND;IPFV;NOM(1,SG)	hashké
hashké	V;IND;IPFV;NOM(2,GRPL)	dahoshké
hashké	V;IND;IPFV;NOM(2,PL)	hohshké
hashké	V;IND;IPFV;NOM(2,SG)	hashké
hashké	V;IND;IPFV;NOM(3,GRPL)	hadeishké
hashké	V;IND;IPFV;NOM(3,PL)	hashké
hashké	V;IND;IPFV;NOM(3,SG)	hashké
hashké	V;IND;IPFV;NOM(4,GRPL)	dahajishké
hashké	V;IND;IPFV;NOM(4,PL)	hajishké
hashké	V;IND;IPFV;NOM(4,SG)	hajishké
hashké	V;IND;PFV;NOM(1,GRPL)	dahoshiiką́
hashké	V;IND;PFV;NOM(1,PL)	hashiiką́
hashké	V;IND;PFV;NOM(1,SG)	hashishką́
hashké	V;IND;PFV;NOM(2,GRPL)	hadashooshką́
hashké	V;IND;PFV;NOM(2,PL)	hooshką́
hashké	V;IND;PFV;NOM(2,SG)	háíníshką́
hashké	V;IND;PFV;NOM(3,GRPL)	hadeishką́
hashké	V;IND;PFV;NOM(3,PL)	hayííshką́ą́ʼ
hashké	V;IND;PFV;NOM(3,SG)	hayííshką́ą́ʼ
hashké	V;IND;PFV;NOM(4,GRPL)	dahojishką́
hashké	V;IND;PFV;NOM(4,PL)	hajííshką́
hashké	V;IND;PFV;NOM(4,SG)	hajííshką́
iildlóósh	V;IND;IPFV;NOM(1,GRPL)	adeiildlóósh
iildlóósh	V;IND;IPFV;NOM(2,GRPL)	adaałdlóósh
iildlóósh	V;IND;IPFV;NOM(2,PL)	oołdlóósh
iildlóósh	V;IND;IPFV;NOM(2,SG)	anildlóósh
iildlóósh	V;IND;IPFV;NOM(3,PL)	iildlóósh
iildlóósh	V;IND;IPFV;NOM(3,SG)	iildlóósh
iildlóósh	V;IND;IPFV;NOM(4,GRPL)	adajildlóósh
iildlóósh	V;IND;IPFV;NOM(4,PL)	ajildlóósh
iildlóósh	V;IND;PFV;NOM(1,GRPL)	adashiildloozh
iildlóósh	V;IND;PFV;NOM(1,SG)	iishdloozh
iildlóósh	V;IND;PFV;NOM(2,GRPL)	adashoołdloozh
iildlóósh	V;IND;PFV;NOM(2,PL)	oołdloozh
iildlóósh	V;IND;PFV;NOM(3,GRPL)	adaaldloozh
iildlóósh	V;IND;PFV;NOM(3,PL)	iildloozh
iildlóósh	V;IND;PFV;NOM(3,SG)	iildloozh
iildlóósh	V;IND;PFV;NOM(4,PL)	ajííldloozh
iildlóósh	V;IND;PFV;NOM(4,SG)	ajííldloozh
iildlóósh	V;IND;PROSP;NOM(1,PL)	adiildlosh
iildlóósh	V;IND;PROSP;NOM(1,SG)	adiildlosh
iildlóósh	V;IND;PROSP;NOM(2,SG)	adííldlosh
iildlóósh	V;IND;PROSP;NOM(3,PL)	adooldlosh
iildlóósh	V;IND;PROSP;NOM(4,PL)	azhdooldlosh
iizǫ́ǫ́s	V;IND;IPFV;NOM(1,GRPL)	adeiidǫ́ǫ́s
iizǫ́ǫ́s	V;IND;IPFV;NOM(1,PL)	iiidǫ́ǫ́s
iizǫ́ǫ́s	V;IND;IPFV;NOM(1,SG)	iisǫ́ǫ́s
iizǫ́ǫ́s	V;IND;IPFV;NOM(2,GRPL)	adaahsǫ́ǫ́s
iizǫ́ǫ́s	V;IND;IPFV;NOM(3,GRPL)	adaazǫ́ǫ́s
iizǫ́ǫ́s	V;IND;IPFV;NOM(3,SG)	iizǫ́ǫ́s
iizǫ́ǫ́s	V;IND;IPFV;NOM(4,GRPL)	adajizǫ́ǫ́s
iizǫ́ǫ́s	V;IND;IPFV;NOM(4,PL)	ajizǫ́ǫ́s
iizǫ́ǫ́s	V;IND;PFV;NOM(1,SG)	iisǫ́ǫ́z
iizǫ́ǫ́s	V;IND;PFV;NOM(2,GRPL)	adasoozǫ́ǫ́z
iizǫ́ǫ́s	V;IND;PFV;NOM(2,SG)	íínízǫ́ǫ́z
iizǫ́ǫ́s	V;IND;PFV;NOM(3,GRPL)	adaazǫ́ǫ́z
iizǫ́ǫ́s	V;IND;PFV;NOM(3,SG)	iizǫ́ǫ́z
iizǫ́ǫ́s	V;IND;PFV;NOM(4,GRPL)	adajizǫ́ǫ́z
iizǫ́ǫ́s	V;IND;PFV;NOM(4,SG)	ajíízǫ́ǫ́z
iizǫ́ǫ́s	V;IND;PROSP;NOM(1,PL)	adiidzǫ́ǫ́z
iizǫ́ǫ́s	V;IND;PROSP;NOM(1,SG)	adíízǫ́ǫ́z
iizǫ́ǫ́s	V;IND;PROSP;NOM(2,GRPL)	adadoohsǫ́ǫ́z
iizǫ́ǫ́s	V;IND;PROSP;NOM(3,GRPL)	adadoozǫ́ǫ́z
iizǫ́ǫ́s	V;IND;PROSP;NOM(3,SG)	adoozǫ́ǫ́z
iizǫ́ǫ́s	V;IND;PROSP;NOM(4,GRPL)	adazhdoozǫ́ǫ́z
iizǫ́ǫ́s	V;IND;PROSP;NOM(4,PL)	azhdoozǫ́ǫ́z
iizǫ́ǫ́s	V;IND;PROSP;NOM(4,SG)	azǫ́ǫ́z
naadá	V;IND;IPFV;NOM(1,GRPL)	nideiidá
naadá	V;IND;IPFV;NOM(2,GRPL)	nidaahdá
naadá	V;IND;IPFV;NOM(2,SG)	naahdá
naadá	V;IND;IPFV;NOM(3,GRPL)	nidaadá
naadá	V;IND;IPFV;NOM(4,SG)	nijidá
naadá	V;IND;PFV;NOM(1,PL)	nisiidį́
naadá	V;IND;PFV;NOM(2,GRPL)	nidasoodaa
naadá	V;IND;PFV;NOM(2,PL)	nisoodaa
naadá	V;IND;PFV;NOM(2,SG)	nisínídaʼ
naadá	V;IND;PFV;NOM(3,GRPL)	nidaazdá
naadá	V;IND;PFV;NOM(3,PL)	naasdá
naadá	V;IND;PFV;NOM(3,SG)	naashdá
naadá	V;IND;PFV;NOM(4,GRPL)	nidajizdaʼ
naadá	V;IND;PFV;NOM(4,PL)	nijizdá
naadá	V;IND;PFV;NOM(4,SG)	nijizdá
naadá	V;IND;PROSP;NOM(1,GRPL)	ndadiidaał
naadá	V;IND;PROSP;NOM(1,PL)	ndiidaał
naadá	V;IND;PROSP;NOM(2,GRPL)	ndadoohdaał
naadá	V;IND;PROSP;NOM(2,SG)	ndíídaał
naadá	V;IND;PROSP;NOM(3,GRPL)	ndadoodaał
naadá	V;IND;PROSP;NOM(3,SG)	ndoodaał
naadá	V;IND;PROSP;NOM(4,GRPL)	ndazhdoodaał
naadá	V;IND;PROSP;NOM(4,PL)	nizhdoodaał
naaljooł	V;IND;IPFV;NOM(1,GRPL)	nideiiljooł
naaljooł	V;IND;IPFV;NOM(1,PL)	niiljooł
naaljooł	V;IND;IPFV;NOM(1,SG)	naashjooł
naaljooł	V;IND;IPFV;NOM(2,GRPL)	nidaałjooł
naaljooł	V;IND;IPFV;NOM(2,PL)	naałjooł
naaljooł	V;IND;IPFV;NOM(3,GRPL)	nidaaljooł
naaljooł	V;IND;IPFV;NOM(3,SG)	naaljooł
naaljooł	V;IND;IPFV;NOM(4,GRPL)	nidajiljooł
naaljooł	V;IND;IPFV;NOM(4,PL)	nijiljooł
naaljooł	V;IND;PFV;NOM(1,GRPL)	nidasiiljool
naaljooł	V;IND;PFV;NOM(1,SG)	nisíníljool
naaljooł	V;IND;PFV;NOM(2,GRPL)	nidasoołjool
naaljooł	V;IND;PFV;NOM(2,PL)	nisoołjool
naaljooł	V;IND;PFV;NOM(3,GRPL)	nidaaljool
naaljooł	V;IND;PFV;NOM(3,PL)	naasjool
naaljooł	V;IND;PFV;NOM(4,PL)	nijiljool
naaljooł	V;IND;PFV;NOM(4,SG)	nijiljool
naaljooł	V;IND;PROSP;NOM(1,GRPL)	ndadiiljoł
naaljooł	V;IND;PROSP;NOM(2,PL)	ndoołjoł
naaljooł	V;IND;PROSP;NOM(3,PL)	ndooljoł
naaljooł	V;IND;PROSP;NOM(3,SG)	ndooljoł
naaljooł	V;IND;PROSP;NOM(4,GRPL)	ndazhdooljoł
naaljooł	V;IND;PROSP;NOM(4,PL)	nizhdooljoł
naamaas	V;IND;IPFV;NOM(1,GRPL)	nideiimaas
naamaas	V;IND;IPFV;NOM(1,PL)	niilmaas
naamaas	V;IND;IPFV;NOM(1,SG)	naasmaas
naamaas	V;IND;IPFV;NOM(2,PL)	naahmaas
naamaas	V;IND;IPFV;NOM(3,PL)	naamaas
naamaas	V;IND;IPFV;NOM(3,SG)	naamaas
naamaas	V;IND;IPFV;NOM(4,GRPL)	nidajimaas
naamaas	V;IND;IPFV;NOM(4,PL)	nijimaas
naamaas	V;IND;IPFV;NOM(4,SG)	nijimaas
naamaas	V;IND;PFV;NOM(1,PL)	niilmaaz
naamaas	V;IND;PFV;NOM(1,SG)	nisínímaaz
naamaas	V;IND;PFV;NOM(2,GRPL)	nidasoomaaz
naamaas	V;IND;PFV;NOM(3,GRPL)	nidaazmaaz
naamaas	V;IND;PFV;NOM(3,PL)	naasmaaz
naamaas	V;IND;PFV;NOM(3,SG)	naasmaaz
naamaas	V;IND;PFV;NOM(4,GRPL)	nidajizmaaz
naamaas	V;IND;PROSP;NOM(1,PL)	ndiilmas
naamaas	V;IND;PROSP;NOM(1,SG)	ndeeshmas
naamaas	V;IND;PROSP;NOM(2,SG)	ndíímas
naamaas	V;IND;PROSP;NOM(3,SG)	ndoomas
naamaas	V;IND;PROSP;NOM(4,PL)	nizhdoomas
naamaas	V;IND;PROSP;NOM(4,SG)	nizhdoomas
naataz	V;IND;IPFV;NOM(1,GRPL)	nideiitaz
naataz	V;IND;IPFV;NOM(1,SG)	nishtaz
naataz	V;IND;IPFV;NOM(2,GRPL)	nidaahtaz
naataz	V;IND;IPFV;NOM(2,PL)	naahtaz
naataz	V;IND;IPFV;NOM(2,SG)	naahtaz
naataz	V;IND;IPFV;NOM(3,GRPL)	nidaataz
naataz	V;IND;IPFV;NOM(3,PL)	naataz
naataz	V;IND;IPFV;NOM(3,SG)	naataz
naataz	V;IND;IPFV;NOM(4,PL)	nijitaz
naataz	V;IND;IPFV;NOM(4,SG)	nijitaz
naataz	V;IND;PFV;NOM(1,SG)	nisínítaz
naataz	V;IND;PFV;NOM(2,GRPL)	nidasootaz
naataz	V;IND;PFV;NOM(2,PL)	nisootaz
naataz	V;IND;PFV;NOM(2,SG)	nisínítaz
naataz	V;IND;PFV;NOM(3,GRPL)	nidaataz
naataz	V;IND;PFV;NOM(3,PL)	naastaz
naataz	V;IND;PFV;NOM(3,SG)	naashtaz
naataz	V;IND;PROSP;NOM(1,GRPL)	ndadiitaz
naataz	V;IND;PROSP;NOM(2,GRPL)	ndadoohtaz
naataz	V;IND;PROSP;NOM(3,PL)	ndootaz
naataz	V;IND;PROSP;NOM(3,SG)	ndootaz
naataz	V;IND;PROSP;NOM(4,GRPL)	ndazhdootaz
naataz	V;IND;PROSP;NOM(4,SG)	nizhdootaz
neitłeeh	V;IND;IPFV;NOM(1,GRPL)	nideiitłeeh
neitłeeh	V;IND;IPFV;NOM(1,PL)	niitłeeh
neitłeeh	V;IND;IPFV;NOM(1,SG)	neishtłeeh
neitłeeh	V;IND;IPFV;NOM(2,GRPL)	ndaahtłeeh
neitłeeh	V;IND;IPFV;NOM(2,PL)	naahtłeeh
neitłeeh	V;IND;IPFV;NOM(3,GRPL)	ndeitłeeh
neitłeeh	V;IND;IPFV;NOM(3,SG)	neitłeeh
neitłeeh	V;IND;IPFV;NOM(4,GRPL)	nidajitłeeh
neitłeeh	V;IND;IPFV;NOM(4,PL)	nijitłeeh
neitłeeh	V;IND;IPFV;NOM(4,SG)	nijitłeeh
neitłeeh	V;IND;PFV;NOM(1,PL)	nisiitłį́
neitłeeh	V;IND;PFV;NOM(2,GRPL)	ndasootłį́
neitłeeh	V;IND;PFV;NOM(2,SG)	nisínítłį́
neitłeeh	V;IND;PFV;NOM(3,GRPL)	ndeiztłį́
neitłeeh	V;IND;PFV;NOM(4,SG)	nijistłį́
neitłeeh	V;IND;PROSP;NOM(1,GRPL)	ndadiitłeeł
neitłeeh	V;IND;PROSP;NOM(1,PL)	ndiitłeeł
neitłeeh	V;IND;PROSP;NOM(2,PL)	ndoohtłih
neitłeeh	V;IND;PROSP;NOM(2,SG)	ndíítłih
neitłeeh	V;IND;PROSP;NOM(3,GRPL)	ndadootłih
neitłeeh	V;IND;PROSP;NOM(4,GRPL)	ndazhdootłih
neitłeeh	V;IND;PROSP;NOM(4,PL)	nizhdootłih
neitłeeh	V;IND;PROSP;NOM(4,SG)	nizhdootłih
neiłbąąs	V;IND;IPFV;NOM(1,GRPL)	nideiilbąąs
neiłbąąs	V;IND;IPFV;NOM(3,GRPL)	neidaałbąąs
neiłbąąs	V;IND;IPFV;NOM(3,PL)	neiłbąąs
neiłbąąs	V;IND;IPFV;NOM(4,PL)	nijiłbąąs
neiłbąąs	V;IND;PFV;NOM(1,GRPL)	ndasiilbą́ą́z
neiłbąąs	V;IND;PFV;NOM(1,PL)	niilbą́ą́z
neiłbąąs	V;IND;PFV;NOM(1,SG)	niséłbą́ą́z
neiłbąąs	V;IND;PFV;NOM(2,GRPL)	ndasoołbą́ą́z
neiłbąąs	V;IND;PFV;NOM(2,PL)	nisoołbą́ą́z
neiłbąąs	V;IND;PFV;NOM(2,SG)	nisíníłbą́ą́z
neiłbąąs	V;IND;PFV;NOM(3,GRPL)	ndeisbą́ą́z
neiłbąąs	V;IND;PFV;NOM(3,PL)	neisbą́ą́z
neiłbąąs	V;IND;PFV;NOM(3,SG)	neisbą́ą́z
neiłbąąs	V;IND;PFV;NOM(4,GRPL)	nidajisbą́ą́z
neiłbąąs	V;IND;PFV;NOM(4,SG)	nijisbą́ą́z
neiłbąąs	V;IND;PROSP;NOM(1,PL)	ndiilbą́ą́z
neiłbąąs	V;IND;PROSP;NOM(2,GRPL)	ndadoołbą́ą́z
neiłbąąs	V;IND;PROSP;NOM(2,PL)	ndoołbą́ą́z
neiłbąąs	V;IND;PROSP;NOM(3,PL)	ndoołbą́ą́z
neiłbąąs	V;IND;PROSP;NOM(3,SG)	ndeidoołbą́ą́z
neiłbąąs	V;IND;PROSP;NOM(4,GRPL)	ndazhdoołbą́ą́z
neiłbąąs	V;IND;PROSP;NOM(4,PL)	nizhdoołbą́ą́z
neiłbąąs	V;IND;PROSP;NOM(4,SG)	nizhdoołbą́ą́z
neiłgizh	V;IND;IPFV;NOM(2,GRPL)	ndaałgizh
neiłgizh	V;IND;IPFV;NOM(2,PL)	neiłgizh
neiłgizh	V;IND;IPFV;NOM(3,PL)	neiłgizh
neiłgizh	V;IND;IPFV;NOM(3,SG)	neiłgizh
neiłgizh	V;IND;IPFV;NOM(4,GRPL)	nidajiłgizh
neiłgizh	V;IND;IPFV;NOM(4,SG)	nijiłgizh
neiłgizh	V;IND;PFV;NOM(1,PL)	niilgizh
neiłgizh	V;IND;PFV;NOM(1,SG)	neishgizh
neiłgizh	V;IND;PFV;NOM(2,GRPL)	ndashoołgizh
neiłgizh	V;IND;PFV;NOM(2,PL)	nishoołgizh
neiłgizh	V;IND;PFV;NOM(2,SG)	nishíníłgizh
neiłgizh	V;IND;PFV;NOM(3,GRPL)	nidaałgizh
neiłgizh	V;IND;PFV;NOM(3,SG)	neishgizh
neiłgizh	V;IND;PFV;NOM(4,SG)	nijishgizh
neiłgizh	V;IND;PROSP;NOM(1,GRPL)	ndadiilgish
neiłgizh	V;IND;PROSP;NOM(1,PL)	ndiilgish
neiłgizh	V;IND;PROSP;NOM(2,GRPL)	ndadoołgish
neiłgizh	V;IND;PROSP;NOM(2,PL)	ndoołgish
neiłgizh	V;IND;PROSP;NOM(2,SG)	ndííłgish
neiłgizh	V;IND;PROSP;NOM(3,GRPL)	ndadoołgish
neiłgizh	V;IND;PROSP;NOM(3,SG)	neidoołgish
neiłgizh	V;IND;PROSP;NOM(4,GRPL)	ndazhdoołgish
neiłgizh	V;IND;PROSP;NOM(4,SG)	nizhdoołgish
neiłmaas	V;IND;IPFV;NOM(1,SG)	nishmaas
neiłmaas	V;IND;IPFV;NOM(2,GRPL)	ndaałmaas
neiłmaas	V;IND;IPFV;NOM(2,SG)	neiłmaas
neiłmaas	V;IND;IPFV;NOM(3,GRPL)	ndeiłmaas
neiłmaas	V;IND;IPFV;NOM(3,PL)	neiłmaas
neiłmaas	V;IND;IPFV;NOM(3,SG)	neiłmaas
neiłmaas	V;IND;IPFV;NOM(4,PL)	nijiłmaas
neiłmaas	V;IND;IPFV;NOM(4,SG)	njiłmaas
neiłmaas	V;IND;PFV;NOM(1,PL)	niilmaaz
neiłmaas	V;IND;PFV;NOM(2,GRPL)	ndasoołmas
neiłmaas	V;IND;PFV;NOM(2,PL)	nisoołmas
neiłmaas	V;IND;PFV;NOM(2,SG)	nisíníłmaaz
neiłmaas	V;IND;PFV;NOM(3,GRPL)	ndeismaaz
neiłmaas	V;IND;PFV;NOM(3,PL)	neismaaz
neiłmaas	V;IND;PFV;NOM(3,SG)	neismaaz
neiłmaas	V;IND;PFV;NOM(4,GRPL)	nidajismaaz
neiłmaas	V;IND;PROSP;NOM(1,GRPL)	ndadiilmas
neiłmaas	V;IND;PROSP;NOM(1,PL)	ndiilmas
neiłmaas	V;IND;PROSP;NOM(2,GRPL)	ndadoołmas
neiłmaas	V;IND;PROSP;NOM(2,SG)	ndííłmas
neiłmaas	V;IND;PROSP;NOM(3,GRPL)	ndadoołmas
neiłmaas	V;IND;PROSP;NOM(3,SG)	ndeidoołmas
neiłmaas	V;IND;PROSP;NOM(4,SG)	nizhdoołmas
neiłtseed	V;IND;IPFV;NOM(1,GRPL)	nideiiltseed
neiłtseed	V;IND;IPFV;NOM(1,PL)	niiltseed
neiłtseed	V;IND;IPFV;NOM(2,GRPL)	ndaałtseed
neiłtseed	V;IND;IPFV;NOM(2,PL)	neiłtseed
neiłtseed	V;IND;IPFV;NOM(4,PL)	nijiłtseed
neiłtseed	V;IND;IPFV;NOM(4,SG)	nijiłtseed
neiłtseed	V;IND;PFV;NOM(1,GRPL)	ndasiiltsééd
neiłtseed	V;IND;PFV;NOM(1,PL)	niiltsééd
neiłtseed	V;IND;PFV;NOM(1,SG)	niséłtsééd
neiłtseed	V;IND;PFV;NOM(2,GRPL)	ndasoołtsééd
neiłtseed	V;IND;PFV;NOM(3,GRPL)	nidaałtsééd
neiłtseed	V;IND;PFV;NOM(3,PL)	neistsééd
neiłtseed	V;IND;PFV;NOM(3,SG)	neistsééd
neiłtseed	V;IND;PFV;NOM(4,GRPL)	nidajistsééd
neiłtseed	V;IND;PFV;NOM(4,PL)	nijistsééd
neiłtseed	V;IND;PROSP;NOM(1,GRPL)	ndadiiltsił
neiłtseed	V;IND;PROSP;NOM(1,PL)	ndiiltsił
neiłtseed	V;IND;PROSP;NOM(1,SG)	ndeeshtsił
neiłtseed	V;IND;PROSP;NOM(2,GRPL)	ndadoołtsił
neiłtseed	V;IND;PROSP;NOM(2,SG)	ndííłtsił
neiłtseed	V;IND;PROSP;NOM(3,PL)	ndoołtsił
neiłtseed	V;IND;PROSP;NOM(3,SG)	ndeidoołtsił
neiłtseed	V;IND;PROSP;NOM(4,SG)	nizhdoołtsił
neiłtʼiʼ	V;IND;IPFV;NOM(1,GRPL)	nideiiltʼiʼ
neiłtʼiʼ	V;IND;IPFV;NOM(1,PL)	niiltʼiʼ
neiłtʼiʼ	V;IND;IPFV;NOM(2,GRPL)	ndaałtʼiʼ
neiłtʼiʼ	V;IND;IPFV;NOM(3,GRPL)	ndaałtʼiʼ
neiłtʼiʼ	V;IND;IPFV;NOM(3,PL)	neiłtʼiʼ
neiłtʼiʼ	V;IND;IPFV;NOM(3,SG)	neiłtʼiʼ
neiłtʼiʼ	V;IND;IPFV;NOM(4,PL)	nijiłtʼiʼ
neiłtʼiʼ	V;IND;PFV;NOM(1,GRPL)	ndasiiltʼiʼ
neiłtʼiʼ	V;IND;PFV;NOM(1,SG)	niséłtʼiʼ
neiłtʼiʼ	V;IND;PFV;NOM(2,GRPL)	ndasoołtʼiʼ
neiłtʼiʼ	V;IND;PFV;NOM(2,PL)	nisoołtʼiʼ
neiłtʼiʼ	V;IND;PFV;NOM(2,SG)	nisíníłtʼiʼ
neiłtʼiʼ	V;IND;PFV;NOM(3,SG)	neistʼiʼ
neiłtʼiʼ	V;IND;PFV;NOM(4,PL)	nijistʼiʼ
neiłtʼiʼ	V;IND;PFV;NOM(4,SG)	nijistʼiʼ
neiłtʼiʼ	V;IND;PROSP;NOM(1,GRPL)	ndadiiltʼił
neiłtʼiʼ	V;IND;PROSP;NOM(1,PL)	ndiiltʼił
neiłtʼiʼ	V;IND;PROSP;NOM(1,SG)	ndeeshtʼił
neiłtʼiʼ	V;IND;PROSP;NOM(2,PL)	ndoołtʼił
neiłtʼiʼ	V;IND;PROSP;NOM(2,SG)	ndííłtʼił
neiłtʼiʼ	V;IND;PROSP;NOM(3,PL)	ndoołtʼił
neiłtʼiʼ	V;IND;PROSP;NOM(4,PL)	nizhdoołtʼił
neiłtʼiʼ	V;IND;PROSP;NOM(4,SG)	nizhdoołtʼił
neiʼeesh	V;IND;IPFV;NOM(1,PL)	niitʼeesh
neiʼeesh	V;IND;IPFV;NOM(1,SG)	neishʼeesh
neiʼeesh	V;IND;IPFV;NOM(2,GRPL)	ndaahʼeesh
neiʼeesh	V;IND;IPFV;NOM(2,PL)	neiʼeesh
neiʼeesh	V;IND;IPFV;NOM(2,SG)	neiʼeesh
neiʼeesh	V;IND;IPFV;NOM(3,PL)	neiʼeesh
neiʼeesh	V;IND;IPFV;NOM(4,SG)	nijiʼeesh
neiʼeesh	V;IND;PFV;NOM(1,PL)	nishiiʼéézh
neiʼeesh	V;IND;PFV;NOM(1,SG)	nishéʼéézh
neiʼeesh	V;IND;PFV;NOM(2,GRPL)	ndashooʼéézh
neiʼeesh	V;IND;PFV;NOM(2,PL)	nishooʼéézh
neiʼeesh	V;IND;PFV;NOM(2,SG)	nishíníʼéézh
neiʼeesh	V;IND;PFV;NOM(3,GRPL)	nidaazhʼéézh
neiʼeesh	V;IND;PFV;NOM(4,GRPL)	nidajizhʼéézh
neiʼeesh	V;IND;PROSP;NOM(1,GRPL)	ndadiitʼish
neiʼeesh	V;IND;PROSP;NOM(1,SG)	ndeeshʼoł
neiʼeesh	V;IND;PROSP;NOM(2,GRPL)	ndadoohʼosh
neiʼeesh	V;IND;PROSP;NOM(2,SG)	ndííʼoł
neiʼeesh	V;IND;PROSP;NOM(3,GRPL)	ndadooʼosh
neiʼeesh	V;IND;PROSP;NOM(3,PL)	neidooʼosh
neiʼeesh	V;IND;PROSP;NOM(4,GRPL)	ndazhdooʼosh
neiʼeesh	V;IND;PROSP;NOM(4,PL)	nizhdooʼosh
neiʼeesh	V;IND;PROSP;NOM(4,SG)	nizhdooʼosh
noodǫ́ǫ́z	V;IND;PFV;NOM(1,GRPL)	nidasiidǫ́ǫ́z
noodǫ́ǫ́z	V;IND;PFV;NOM(1,PL)	niidǫ́ǫ́z
noodǫ́ǫ́z	V;IND;PFV;NOM(1,SG)	nisédǫ́ǫ́z
noodǫ́ǫ́z	V;IND;PFV;NOM(2,GRPL)	ndasoodǫ́ǫ́z
noodǫ́ǫ́z	V;IND;PFV;NOM(2,PL)	noohdǫ́ǫ́z
noodǫ́ǫ́z	V;IND;PFV;NOM(2,SG)	nisínídǫ́ǫ́z
noodǫ́ǫ́z	V;IND;PFV;NOM(3,GRPL)	nidaazdǫ́ǫ́z
noodǫ́ǫ́z	V;IND;PFV;NOM(3,PL)	noodǫ́ǫ́z
noodǫ́ǫ́z	V;IND;PFV;NOM(3,SG)	noodǫ́ǫ́z
noodǫ́ǫ́z	V;IND;PFV;NOM(4,GRPL)	nidajizdǫ́ǫ́z
noodǫ́ǫ́z	V;IND;PFV;NOM(4,PL)	nijidǫ́ǫ́z
noodǫ́ǫ́z	V;IND;PFV;NOM(4,SG)	nijidǫ́ǫ́z
yichʼid	V;IND;IPFV;NOM(1,GRPL)	deiichʼid
yichʼid	V;IND;IPFV;NOM(1,SG)	yishchʼid
yichʼid	V;IND;IPFV;NOM(2,GRPL)	daahchʼid
yichʼid	V;IND;IPFV;NOM(2,PL)	wohchʼid
yichʼid	V;IND;IPFV;NOM(3,GRPL)	deichʼid
yichʼid	V;IND;IPFV;NOM(3,PL)	yichʼid
yichʼid	V;IND;IPFV;NOM(3,SG)	yichʼid
yichʼid	V;IND;IPFV;NOM(4,GRPL)	dajichʼid
yichʼid	V;IND;IPFV;NOM(4,SG)	jichʼid
yichʼid	V;IND;PFV;NOM(1,SG)	yishchʼid
yichʼid	V;IND;PFV;NOM(2,GRPL)	dashoochʼid
yichʼid	V;IND;PFV;NOM(2,PL)	woochʼid
yichʼid	V;IND;PFV;NOM(2,SG)	yíníchʼid
yichʼid	V;IND;PFV;NOM(3,GRPL)	dayííchʼid
yichʼid	V;IND;PFV;NOM(3,SG)	yiyííchʼid
yichʼid	V;IND;PFV;NOM(4,PL)	jííchʼid
yichʼid	V;IND;PROSP;NOM(1,GRPL)	dadiichʼił
yichʼid	V;IND;PROSP;NOM(1,PL)	diichʼił
yichʼid	V;IND;PROSP;NOM(2,PL)	doohchʼił
yichʼid	V;IND;PROSP;NOM(2,SG)	dííchʼił
yichʼid	V;IND;PROSP;NOM(3,GRPL)	dadoochʼił
yichʼid	V;IND;PROSP;NOM(3,SG)	yidoochʼił
yichʼid	V;IND;PROSP;NOM(4,PL)	jidoochʼił
yidiitsʼį́į́h	V;IND;IPFV;NOM(1,GRPL)	deiitsʼį́į́h
yidiitsʼį́į́h	V;IND;IPFV;NOM(1,PL)	diitsʼį́į́h
yidiitsʼį́į́h	V;IND;IPFV;NOM(1,SG)	didiitsʼį́į́h
yidiitsʼį́į́h	V;IND;IPFV;NOM(2,PL)	wohdiitsʼį́į́h
yidiitsʼį́į́h	V;IND;IPFV;NOM(2,SG)	díítsʼį́į́h
yidiitsʼį́į́h	V;IND;IPFV;NOM(3,SG)	yidiitsʼį́į́h
yidiitsʼį́į́h	V;IND;IPFV;NOM(4,GRPL)	dajidiitsʼį́į́h
yidiitsʼį́į́h	V;IND;PFV;NOM(1,GRPL)	dadiitsʼį́į́ʼ
yidiitsʼį́į́h	V;IND;PFV;NOM(1,PL)	diitsʼį́į́ʼ
yidiitsʼį́į́h	V;IND;PFV;NOM(1,SG)	díítsʼį́į́ʼ
yidiitsʼį́į́h	V;IND;PFV;NOM(2,PL)	doohtsʼį́į́ʼ
yidiitsʼį́į́h	V;IND;PFV;NOM(2,SG)	díítsʼį́į́ʼ
yidiitsʼį́į́h	V;IND;PFV;NOM(3,GRPL)	deidiitsʼį́į́ʼ
yidiitsʼį́į́h	V;IND;PFV;NOM(3,SG)	yidiitsʼį́į́ʼ
yidiitsʼį́į́h	V;IND;PFV;NOM(4,GRPL)	dazhdiitsʼį́į́ʼ
yidiitsʼį́į́h	V;IND;PFV;NOM(4,PL)	jidiitsʼį́į́ʼ
yidiitsʼį́į́h	V;IND;PFV;NOM(4,SG)	jidiitsʼį́į́ʼ
yidiitsʼį́į́h	V;IND;PROSP;NOM(1,GRPL)	dadiitsʼį́į́ł
yidiitsʼį́į́h	V;IND;PROSP;NOM(1,SG)	deeshtsʼį́į́ł
yidiitsʼį́į́h	V;IND;PROSP;NOM(2,GRPL)	dadoohtsʼį́į́ł
yidiitsʼį́į́h	V;IND;PROSP;NOM(2,PL)	doohtsʼį́į́ł
yidiitsʼį́į́h	V;IND;PROSP;NOM(3,GRPL)	dadiitsʼį́į́ł
yidiitsʼį́į́h	V;IND;PROSP;NOM(4,GRPL)	dazhdiitsʼį́į́ł
yigeeh	V;IND;IPFV;NOM(1,GRPL)	deiigeeh
yigeeh	V;IND;IPFV;NOM(1,SG)	yishgeeh
yigeeh	V;IND;IPFV;NOM(2,GRPL)	daahgeeh
yigeeh	V;IND;IPFV;NOM(2,SG)	nigeeh
yigeeh	V;IND;IPFV;NOM(3,GRPL)	deigeeh
yigeeh	V;IND;IPFV;NOM(3,PL)	yigeeh
yigeeh	V;IND;IPFV;NOM(3,SG)	yigeeh
yigeeh	V;IND;IPFV;NOM(4,GRPL)	dajigeeh
yigeeh	V;IND;IPFV;NOM(4,SG)	jigeeh
yigeeh	V;IND;PFV;NOM(1,GRPL)	deiigeeʼ
yigeeh	V;IND;PFV;NOM(1,PL)	yiigeeʼ
yigeeh	V;IND;PFV;NOM(2,GRPL)	dasoogeeʼ
yigeeh	V;IND;PFV;NOM(2,PL)	woohgeeʼ
yigeeh	V;IND;PFV;NOM(3,PL)	yiyíígeeʼ
yigeeh	V;IND;PFV;NOM(3,SG)	yiyíígeeʼ
yigeeh	V;IND;PROSP;NOM(1,SG)	deeshgoh
yigeeh	V;IND;PROSP;NOM(2,GRPL)	dadoohgoh
yigeeh	V;IND;PROSP;NOM(3,GRPL)	dadoogoh
yigeeh	V;IND;PROSP;NOM(3,PL)	yidoogoh
yigeeh	V;IND;PROSP;NOM(4,GRPL)	dazhdoogoh
yigeeh	V;IND;PROSP;NOM(4,PL)	jidoogoh
yigeeh	V;IND;PROSP;NOM(4,SG)	jidoogoh
yighááh	V;IND;IPFV;NOM(1,GRPL)	deiigááh
yighááh	V;IND;IPFV;NOM(1,SG)	yishghááh
yighááh	V;IND;IPFV;NOM(2,GRPL)	daahghááh
yighááh	V;IND;IPFV;NOM(2,PL)	wohhááh
yighááh	V;IND;IPFV;NOM(2,SG)	nighááh
yighááh	V;IND;IPFV;NOM(3,PL)	yighááh
yighááh	V;IND;IPFV;NOM(3,SG)	yighááh
yighááh	V;IND;IPFV;NOM(4,GRPL)	dajighááh
yighááh	V;IND;IPFV;NOM(4,PL)	jighááh
yighááh	V;IND;PFV;NOM(1,GRPL)	deiigááʼ
yighááh	V;IND;PFV;NOM(1,PL)	yiigaaʼ
yighááh	V;IND;PFV;NOM(1,SG)	yishghááʼ
yighááh	V;IND;PFV;NOM(2,GRPL)	dasoogaaʼ
yighááh	V;IND;PFV;NOM(3,GRPL)	dayííghááʼ
yighááh	V;IND;PFV;NOM(4,GRPL)	dajííghááʼ
yighááh	V;IND;PFV;NOM(4,SG)	jííghááʼ
yighááh	V;IND;PROSP;NOM(1,GRPL)	dadiigah
yighááh	V;IND;PROSP;NOM(1,PL)	diigah
yighááh	V;IND;PROSP;NOM(2,GRPL)	dadoohgah
yighááh	V;IND;PROSP;NOM(3,PL)	yidoogah
yighááh	V;IND;PROSP;NOM(3,SG)	yidoogah
yighááh	V;IND;PROSP;NOM(4,PL)	jidoogah
yighááh	V;IND;PROSP;NOM(4,SG)	jidoogah
yigoh	V;IND;PFV;NOM(1,GRPL)	deiigoh
yigoh	V;IND;PFV;NOM(1,PL)	yiigoh
yigoh	V;IND;PFV;NOM(1,SG)	yishgoh
yigoh	V;IND;PFV;NOM(2,GRPL)	dasoogoh
yigoh	V;IND;PFV;NOM(2,PL)	woogoh
yigoh	V;IND;PFV;NOM(2,SG)	yígoh
yigoh	V;IND;PFV;NOM(3,GRPL)	dayíígoh
yigoh	V;IND;PFV;NOM(3,PL)	yiyíígoh
yigoh	V;IND;PFV;NOM(3,SG)	yiyíígoh
yigoh	V;IND;PFV;NOM(4,GRPL)	dajíígoh
yigoh	V;IND;PFV;NOM(4,PL)	jíígoh
yigoh	V;IND;PFV;NOM(4,SG)	jíígoh
yijeeh	V;IND;IPFV;NOM(1,GRPL)	deiijeeh
yijeeh	V;IND;IPFV;NOM(1,PL)	yiijeeh
yijeeh	V;IND;IPFV;NOM(1,SG)	yishjeeh
yijeeh	V;IND;IPFV;NOM(2,GRPL)	daahjeeh
yijeeh	V;IND;IPFV;NOM(2,PL)	wohjeeh
yijeeh	V;IND;IPFV;NOM(3,PL)	yijeeh
yijeeh	V;IND;IPFV;NOM(3,SG)	yijeeh
yijeeh	V;IND;IPFV;NOM(4,PL)	jijeeh
yijeeh	V;IND;IPFV;NOM(4,SG)	jijeeh
yijeeh	V;IND;PFV;NOM(1,PL)	yiijééʼ
yijeeh	V;IND;PFV;NOM(1,SG)	yishjééʼ
yijeeh	V;IND;PFV;NOM(2,GRPL)	dasoojééʼ
yijeeh	V;IND;PFV;NOM(2,PL)	woojeeʼ
yijeeh	V;IND;PFV;NOM(3,PL)	yiyííjééʼ
yijeeh	V;IND;PFV;NOM(3,SG)	yiyííjééʼ
yijeeh	V;IND;PFV;NOM(4,SG)	jííjééʼ
yijeeh	V;IND;PROSP;NOM(1,GRPL)	dadiijih
yijeeh	V;IND;PROSP;NOM(1,PL)	diijih
yijeeh	V;IND;PROSP;NOM(1,SG)	deeshjih
yijeeh	V;IND;PROSP;NOM(2,GRPL)	dadoohjih
yijeeh	V;IND;PROSP;NOM(2,SG)	dííjah
yijeeh	V;IND;PROSP;NOM(4,GRPL)	dazhdoojih
yijeeh	V;IND;PROSP;NOM(4,PL)	jidoojih
yijį́į́ł	V;IND;PFV;NOM(1,GRPL)	deiijį́į́ł
yijį́į́ł	V;IND;PFV;NOM(1,PL)	yiijį́į́ł
yijį́į́ł	V;IND;PFV;NOM(1,SG)	yishjį́į́ł
yijį́į́ł	V;IND;PFV;NOM(2,GRPL)	dasoojį́į́ł
yijį́į́ł	V;IND;PFV;NOM(2,PL)	woojį́į́ł
yijį́į́ł	V;IND;PFV;NOM(2,SG)	yíjį́į́ł
yijį́į́ł	V;IND;PFV;NOM(3,GRPL)	deijį́į́ł
yijį́į́ł	V;IND;PFV;NOM(3,PL)	yijį́į́ł
yijį́į́ł	V;IND;PFV;NOM(3,SG)	yijį́į́ł
yijį́į́ł	V;IND;PFV;NOM(4,GRPL)	dajijį́į́ł
yijį́į́ł	V;IND;PFV;NOM(4,PL)	jijį́į́ł
yijį́į́ł	V;IND;PFV;NOM(4,SG)	jijį́į́ł
yiltłʼééł	V;IND;PFV;NOM(1,GRPL)	deiiltłʼééł
yiltłʼééł	V;IND;PFV;NOM(1,PL)	yiiltłʼééł
yiltłʼééł	V;IND;PFV;NOM(1,SG)	yishtłʼééł
yiltłʼééł	V;IND;PFV;NOM(2,GRPL)	daoołtłʼééł
yiltłʼééł	V;IND;PFV;NOM(2,PL)	wołtłʼééł
yiltłʼééł	V;IND;PFV;NOM(2,SG)	yíníltłʼééł
yiltłʼééł	V;IND;PFV;NOM(3,GRPL)	deiltłʼééł
yiltłʼééł	V;IND;PFV;NOM(3,PL)	yiltłʼééł
yiltłʼééł	V;IND;PFV;NOM(3,SG)	yiltłʼééł
yiltłʼééł	V;IND;PFV;NOM(4,GRPL)	dajíltłʼééł
yiltłʼééł	V;IND;PFV;NOM(4,PL)	jooltłʼééł
yiltłʼééł	V;IND;PFV;NOM(4,SG)	jííltłʼééł
yilʼaah	V;IND;IPFV;NOM(1,PL)	yiilʼaah
yilʼaah	V;IND;IPFV;NOM(1,SG)	yishʼaah
yilʼaah	V;IND;IPFV;NOM(2,GRPL)	daałʼaah
yilʼaah	V;IND;IPFV;NOM(2,PL)	wohłʼaah
yilʼaah	V;IND;IPFV;NOM(2,SG)	nilʼaah
yilʼaah	V;IND;IPFV;NOM(3,GRPL)	deilʼaah
yilʼaah	V;IND;IPFV;NOM(3,PL)	yilʼaah
yilʼaah	V;IND;IPFV;NOM(4,GRPL)	dajilʼaah
yilʼaah	V;IND;IPFV;NOM(4,PL)	jilʼaah
yilʼaah	V;IND;IPFV;NOM(4,SG)	jilʼaah
yilʼaah	V;IND;PFV;NOM(1,GRPL)	deiilʼaaʼ
yilʼaah	V;IND;PFV;NOM(1,PL)	yiilʼaaʼ
yilʼaah	V;IND;PFV;NOM(2,GRPL)	dasoołʼaaʼ
yilʼaah	V;IND;PFV;NOM(2,PL)	woołʼaaʼ
yilʼaah	V;IND;PFV;NOM(2,SG)	yínílʼaaʼ
yilʼaah	V;IND;PFV;NOM(3,GRPL)	dayíílʼaaʼ
yilʼaah	V;IND;PFV;NOM(3,PL)	yiyíílʼaaʼ
yilʼaah	V;IND;PFV;NOM(4,SG)	jíílʼaaʼ
yilʼaah	V;IND;PROSP;NOM(1,SG)	deeshʼah
yilʼaah	V;IND;PROSP;NOM(2,PL)	doołʼah
yilʼaah	V;IND;PROSP;NOM(3,GRPL)	dadoolʼah
yilʼaah	V;IND;PROSP;NOM(4,PL)	jidoolʼah
yishood	V;IND;IPFV;NOM(1,GRPL)	deiilzhood
yishood	V;IND;IPFV;NOM(1,PL)	yiilzhood
yishood	V;IND;IPFV;NOM(1,SG)	yishood
yishood	V;IND;IPFV;NOM(2,GRPL)	daahshood
yishood	V;IND;IPFV;NOM(2,PL)	wohshood
yishood	V;IND;IPFV;NOM(2,SG)	nishood
yishood	V;IND;IPFV;NOM(3,GRPL)	deishood
yishood	V;IND;IPFV;NOM(3,PL)	yishood
yishood	V;IND;IPFV;NOM(3,SG)	yishood
yishood	V;IND;IPFV;NOM(4,GRPL)	dajishood
yishood	V;IND;IPFV;NOM(4,PL)	jishood
yishood	V;IND;IPFV;NOM(4,SG)	jishood
yishood	V;IND;PFV;NOM(1,GRPL)	deiilzhood
yishood	V;IND;PFV;NOM(1,PL)	yiilzhood
yishood	V;IND;PFV;NOM(1,SG)	yishood
yishood	V;IND;PFV;NOM(2,GRPL)	dashooshod
yishood	V;IND;PFV;NOM(2,PL)	wooshood
yishood	V;IND;PFV;NOM(2,SG)	yíníshood
yishood	V;IND;PFV;NOM(3,GRPL)	dayííshood
yishood	V;IND;PFV;NOM(3,PL)	yiyííshood
yishood	V;IND;PFV;NOM(3,SG)	yiyííshood
yishood	V;IND;PFV;NOM(4,GRPL)	dajííshood
yishood	V;IND;PFV;NOM(4,PL)	jííshood
yishood	V;IND;PFV;NOM(4,SG)	jííshood
yishóósh	V;IND;IPFV;NOM(1,GRPL)	deiilzhóósh
yishóósh	V;IND;IPFV;NOM(1,PL)	yiilzhóósh
yishóósh	V;IND;IPFV;NOM(1,SG)	yishóósh
yishóósh	V;IND;IPFV;NOM(2,GRPL)	daahshóósh
yishóósh	V;IND;IPFV;NOM(2,PL)	wohshóósh
yishóósh	V;IND;IPFV;NOM(2,SG)	nishóósh
yishóósh	V;IND;IPFV;NOM(3,GRPL)	deishóósh
yishóósh	V;IND;IPFV;NOM(3,PL)	yishóósh
yishóósh	V;IND;IPFV;NOM(3,SG)	yishóósh
yishóósh	V;IND;IPFV;NOM(4,GRPL)	dajishóósh
yishóósh	V;IND;IPFV;NOM(4,PL)	jishóósh
yishóósh	V;IND;IPFV;NOM(4,SG)	jishóósh
yishóósh	V;IND;PFV;NOM(1,GRPL)	deiilzhóózh
yishóósh	V;IND;PFV;NOM(1,PL)	yiilzhóózh
yishóósh	V;IND;PFV;NOM(1,SG)	yishóózh
yishóósh	V;IND;PFV;NOM(2,GRPL)	daooshóózh
yishóósh	V;IND;PFV;NOM(2,PL)	wooshóózh
yishóósh	V;IND;PFV;NOM(2,SG)	yíníshóózh
yishóósh	V;IND;PFV;NOM(3,GRPL)	dayííshóózh
yishóósh	V;IND;PFV;NOM(3,PL)	yiyííshóózh
yishóósh	V;IND;PFV;NOM(3,SG)	yiyííshóózh
yishóósh	V;IND;PFV;NOM(4,GRPL)	dajííshóózh
yishóósh	V;IND;PFV;NOM(4,PL)	jííshóózh
yishóósh	V;IND;PFV;NOM(4,SG)	jííshóózh
yitłeeh	V;IND;IPFV;NOM(1,GRPL)	deiitłeeh
yitłeeh	V;IND;IPFV;NOM(1,PL)	yiitłeeh
yitłeeh	V;IND;IPFV;NOM(1,SG)	yishtłeeh
yitłeeh	V;IND;IPFV;NOM(2,GRPL)	daahtłeeh
yitłeeh	V;IND;IPFV;NOM(2,PL)	wohtłeeh
yitłeeh	V;IND;IPFV;NOM(2,SG)	nitłeeh
yitłeeh	V;IND;IPFV;NOM(3,GRPL)	deitłeeh
yitłeeh	V;IND;IPFV;NOM(3,PL)	yitłeeh
yitłeeh	V;IND;IPFV;NOM(3,SG)	yitłeeh
yitłeeh	V;IND;IPFV;NOM(4,GRPL)	dajitłeeh
yitłeeh	V;IND;IPFV;NOM(4,PL)	jitłeeh
yitłeeh	V;IND;IPFV;NOM(4,SG)	jitłeeh
yitłeeh	V;IND;PFV;NOM(1,GRPL)	deiitłį́
yitłeeh	V;IND;PFV;NOM(1,PL)	yiitłį́
yitłeeh	V;IND;PFV;NOM(1,SG)	yishtłį́
yitłeeh	V;IND;PFV;NOM(2,GRPL)	dasootłį́
yitłeeh	V;IND;PFV;NOM(2,PL)	wootłį́
yitłeeh	V;IND;PFV;NOM(2,SG)	yínítłį́
yitłeeh	V;IND;PFV;NOM(3,GRPL)	dayíítłį́
yitłeeh	V;IND;PFV;NOM(3,PL)	yiyíítłį́
yitłeeh	V;IND;PFV;NOM(3,SG)	yiyíítłį́
yitłeeh	V;IND;PFV;NOM(4,GRPL)	dajíítłį́
yitłeeh	V;IND;PFV;NOM(4,PL)	jootłį́
yitłeeh	V;IND;PFV;NOM(4,SG)	jíítłį́
yiyiitsʼǫs	V;IND;IPFV;NOM(1,GRPL)	deiitsʼǫs
yiyiitsʼǫs	V;IND;IPFV;NOM(1,PL)	yiitsʼǫs
yiyiitsʼǫs	V;IND;IPFV;NOM(2,GRPL)	daahtsʼǫs
yiyiitsʼǫs	V;IND;IPFV;NOM(2,SG)	niitsʼǫs
yiyiitsʼǫs	V;IND;IPFV;NOM(3,PL)	yiitsʼǫs
yiyiitsʼǫs	V;IND;IPFV;NOM(4,SG)	jiitsʼǫs
yiyiitsʼǫs	V;IND;PFV;NOM(2,GRPL)	dasootsʼǫ́ǫ́z
yiyiitsʼǫs	V;IND;PFV;NOM(2,PL)	woohtsʼǫ́ǫ́z
yiyiitsʼǫs	V;IND;PFV;NOM(2,SG)	yínítsʼǫ́ǫ́z
yiyiitsʼǫs	V;IND;PFV;NOM(3,GRPL)	deiyiitsʼǫ́ǫ́z
yiyiitsʼǫs	V;IND;PFV;NOM(3,PL)	yiyiitsʼǫ́ǫ́z
yiyiitsʼǫs	V;IND;PFV;NOM(3,SG)	yiyiitsʼǫ́ǫ́z
yiyiitsʼǫs	V;IND;PFV;NOM(4,GRPL)	dajiitsʼǫ́ǫ́z
yiyiitsʼǫs	V;IND;PFV;NOM(4,PL)	jiitsʼǫ́ǫ́z
yiyiitsʼǫs	V;IND;PFV;NOM(4,SG)	jiitsʼǫ́ǫ́z
yiyiitsʼǫs	V;IND;PROSP;NOM(1,GRPL)	dadiitsʼǫł
yiyiitsʼǫs	V;IND;PROSP;NOM(1,SG)	deeshtsʼǫł
yiyiitsʼǫs	V;IND;PROSP;NOM(2,PL)	doohtsʼǫł
yiyiitsʼǫs	V;IND;PROSP;NOM(2,SG)	díítsʼǫł
yiyiitsʼǫs	V;IND;PROSP;NOM(3,GRPL)	deidootsʼǫł
yiyiitsʼǫs	V;IND;PROSP;NOM(3,PL)	yidootsʼǫł
yiyiitsʼǫs	V;IND;PROSP;NOM(4,GRPL)	dazhdootsʼǫł
yiyiitsʼǫs	V;IND;PROSP;NOM(4,SG)	jidootsʼǫł
yiyiiłtsééh	V;IND;IPFV;NOM(1,GRPL)	deiiltsééh
yiyiiłtsééh	V;IND;IPFV;NOM(1,PL)	yiiltsééh
yiyiiłtsééh	V;IND;IPFV;NOM(1,SG)	yishtsééh
yiyiiłtsééh	V;IND;IPFV;NOM(2,GRPL)	daałtsééh
yiyiiłtsééh	V;IND;IPFV;NOM(2,SG)	niłtsééh
yiyiiłtsééh	V;IND;IPFV;NOM(3,GRPL)	deiyiiłtsééh
yiyiiłtsééh	V;IND;IPFV;NOM(3,PL)	yiiłtsééh
yiyiiłtsééh	V;IND;IPFV;NOM(3,SG)	yiiłtsééh
yiyiiłtsééh	V;IND;IPFV;NOM(4,GRPL)	dajiiłtsééh
yiyiiłtsééh	V;IND;IPFV;NOM(4,SG)	jiiłtsééh
yiyiiłtsééh	V;IND;PFV;NOM(1,PL)	yiiltsiʼ
yiyiiłtsééh	V;IND;PFV;NOM(1,SG)	yishtsiʼ
yiyiiłtsééh	V;IND;PFV;NOM(2,PL)	woołtsiʼ
yiyiiłtsééh	V;IND;PFV;NOM(2,SG)	yíníłtsiʼ
yiyiiłtsééh	V;IND;PFV;NOM(3,SG)	yiyííłtsééʼ
yiyiiłtsééh	V;IND;PFV;NOM(4,GRPL)	dajííłtsiʼ
yiyiiłtsééh	V;IND;PFV;NOM(4,PL)	jiiłtsiʼ
yiyiiłtsééh	V;IND;PFV;NOM(4,SG)	jiiłtsééʼ
yiyiiłtsééh	V;IND;PROSP;NOM(1,GRPL)	dadiiltsih
yiyiiłtsééh	V;IND;PROSP;NOM(1,SG)	deeshtsih
yiyiiłtsééh	V;IND;PROSP;NOM(2,GRPL)	dadoołtsih
yiyiiłtsééh	V;IND;PROSP;NOM(2,PL)	doołtsih
yiyiiłtsééh	V;IND;PROSP;NOM(4,GRPL)	dazhdoołtsih
yiyiiłtsóóh	V;IND;IPFV;NOM(1,GRPL)	deiiltsóóh
yiyiiłtsóóh	V;IND;IPFV;NOM(1,PL)	yiiltsóóh
yiyiiłtsóóh	V;IND;IPFV;NOM(1,SG)	yishtsóóh
yiyiiłtsóóh	V;IND;IPFV;NOM(2,GRPL)	daałtsóóh
yiyiiłtsóóh	V;IND;IPFV;NOM(2,PL)	wołtsóóh
yiyiiłtsóóh	V;IND;IPFV;NOM(2,SG)	niłtsóóh
yiyiiłtsóóh	V;IND;IPFV;NOM(3,GRPL)	deiyiiłtsóóh
yiyiiłtsóóh	V;IND;IPFV;NOM(3,PL)	yiiłtsóóh
yiyiiłtsóóh	V;IND;IPFV;NOM(3,SG)	yiiłtsóóh
yiyiiłtsóóh	V;IND;IPFV;NOM(4,GRPL)	dajiiłtsóóh
yiyiiłtsóóh	V;IND;IPFV;NOM(4,PL)	jiiłtsóóh
yiyiiłtsóóh	V;IND;IPFV;NOM(4,SG)	jiiłtsóóh
yiyiiłtsóóh	V;IND;PFV;NOM(1,GRPL)	deiiltsoii
yiyiiłtsóóh	V;IND;PFV;NOM(1,PL)	yiiltsoii
yiyiiłtsóóh	V;IND;PFV;NOM(1,SG)	yishtsóóʼ
yiyiiłtsóóh	V;IND;PFV;NOM(2,GRPL)	dayííłtsóóʼ
yiyiiłtsóóh	V;IND;PFV;NOM(2,PL)	woołtsóóʼ
yiyiiłtsóóh	V;IND;PFV;NOM(2,SG)	yíníłtsóóʼ
yiyiiłtsóóh	V;IND;PFV;NOM(3,GRPL)	deiyííłtsóóʼ
yiyiiłtsóóh	V;IND;PFV;NOM(3,PL)	yiyiiłtsóóʼ
yiyiiłtsóóh	V;IND;PFV;NOM(3,SG)	yiyííłtsóóʼ
yiyiiłtsóóh	V;IND;PFV;NOM(4,GRPL)	dajííłtsóóʼ
yiyiiłtsóóh	V;IND;PFV;NOM(4,PL)	jiiłtsóóʼ
yiyiiłtsóóh	V;IND;PFV;NOM(4,SG)	jiiłtsóóʼ
yiłchʼal	V;IND;IPFV;NOM(1,GRPL)	deiilchʼal
yiłchʼal	V;IND;IPFV;NOM(2,PL)	wołchʼal
yiłchʼal	V;IND;IPFV;NOM(2,SG)	niłchʼal
yiłchʼal	V;IND;IPFV;NOM(3,SG)	yiłchʼal
yiłchʼal	V;IND;IPFV;NOM(4,GRPL)	dajiłchʼal
yiłchʼal	V;IND;IPFV;NOM(4,SG)	jiłchʼal
yiłchʼal	V;IND;PFV;NOM(1,GRPL)	deiilchʼal
yiłchʼal	V;IND;PFV;NOM(1,SG)	yishchʼal
yiłchʼal	V;IND;PFV;NOM(2,GRPL)	daoołchʼal
yiłchʼal	V;IND;PFV;NOM(2,PL)	wołchʼal
yiłchʼal	V;IND;PFV;NOM(2,SG)	yíłchʼal
yiłchʼal	V;IND;PFV;NOM(3,PL)	yiyííłchʼal
yiłchʼal	V;IND;PFV;NOM(3,SG)	yiyííłchʼal
yiłchʼal	V;IND;PFV;NOM(4,GRPL)	dajííłchʼal
yiłchʼal	V;IND;PFV;NOM(4,PL)	jííłchʼal
yiłchʼal	V;IND;PFV;NOM(4,SG)	jííłchʼal
yiłchʼal	V;IND;PROSP;NOM(1,SG)	deeshchʼał
yiłchʼal	V;IND;PROSP;NOM(3,GRPL)	dadoołchʼał
yiłchʼal	V;IND;PROSP;NOM(3,PL)	yidoołchʼał
yiłchʼal	V;IND;PROSP;NOM(3,SG)	yidoołchʼał
yiłchʼal	V;IND;PROSP;NOM(4,GRPL)	dazhdoołchʼał
yiłchʼal	V;IND;PROSP;NOM(4,PL)	jidoołchʼał
yiłchʼal	V;IND;PROSP;NOM(4,SG)	jidoołchʼał
yiłdin	V;IND;IPFV;NOM(1,GRPL)	deiildin
yiłdin	V;IND;IPFV;NOM(1,PL)	yiildin
yiłdin	V;IND;IPFV;NOM(1,SG)	yishdin
yiłdin	V;IND;IPFV;NOM(2,GRPL)	daałdin
yiłdin	V;IND;IPFV;NOM(2,PL)	wołdin
yiłdin	V;IND;IPFV;NOM(2,SG)	niłdin
yiłdin	V;IND;IPFV;NOM(3,GRPL)	deiłdin
yiłdin	V;IND;IPFV;NOM(3,PL)	yiłdin
yiłdin	V;IND;IPFV;NOM(3,SG)	yiłdin
yiłdin	V;IND;IPFV;NOM(4,GRPL)	dajiłdin
yiłdin	V;IND;IPFV;NOM(4,PL)	jiłdin
yiłdin	V;IND;IPFV;NOM(4,SG)	jiłdin
yiłdin	V;IND;PFV;NOM(1,GRPL)	deiildin
yiłdin	V;IND;PFV;NOM(1,PL)	yiildin
yiłdin	V;IND;PFV;NOM(1,SG)	yishdin
yiłdin	V;IND;PFV;NOM(2,GRPL)	dasoołdin
yiłdin	V;IND;PFV;NOM(2,PL)	wołdin
yiłdin	V;IND;PFV;NOM(2,SG)	yíłdin
yiłdin	V;IND;PFV;NOM(3,GRPL)	dayííłdin
yiłdin	V;IND;PFV;NOM(3,SG)	yiyííłdin
yiłdin	V;IND;PFV;NOM(4,GRPL)	dajííłdin
yiłdin	V;IND;PFV;NOM(4,PL)	jííłdin
yiłdin	V;IND;PFV;NOM(4,SG)	jííłdin
yiłhaał	V;IND;IPFV;NOM(1,GRPL)	deiilhaał
yiłhaał	V;IND;IPFV;NOM(1,PL)	yiilhaał
yiłhaał	V;IND;IPFV;NOM(1,SG)	yishhaał
yiłhaał	V;IND;IPFV;NOM(2,GRPL)	daałhaał
yiłhaał	V;IND;IPFV;NOM(2,PL)	wołhaał
yiłhaał	V;IND;IPFV;NOM(2,SG)	niłhaał
yiłhaał	V;IND;IPFV;NOM(3,GRPL)	deiłhaał
yiłhaał	V;IND;IPFV;NOM(3,PL)	yiłhaał
yiłhaał	V;IND;IPFV;NOM(3,SG)	yiłhaał
yiłhaał	V;IND;IPFV;NOM(4,GRPL)	dajiłhaał
yiłhaał	V;IND;IPFV;NOM(4,PL)	jiłhaał
yiłhaał	V;IND;IPFV;NOM(4,SG)	jiłhaał
yiłhaał	V;IND;PFV;NOM(1,GRPL)	deiilwaal
yiłhaał	V;IND;PFV;NOM(1,PL)	yiilwaal
yiłhaał	V;IND;PFV;NOM(1,SG)	yishhaal
yiłhaał	V;IND;PFV;NOM(2,GRPL)	dasoołhaal
yiłhaał	V;IND;PFV;NOM(2,PL)	woołhaal
yiłhaał	V;IND;PFV;NOM(2,SG)	yíłhaal
yiłhaał	V;IND;PFV;NOM(3,GRPL)	dayííłhaal
yiłhaał	V;IND;PFV;NOM(3,PL)	yiyííłhaal
yiłhaał	V;IND;PFV;NOM(3,SG)	yiyííłhaal
yiłhaał	V;IND;PFV;NOM(4,GRPL)	dajííłhaal
yiłhaał	V;IND;PFV;NOM(4,PL)	jííłhaal
yiłhaał	V;IND;PFV;NOM(4,SG)	jííłhaal
yiłnaad	V;IND;IPFV;NOM(1,GRPL)	deiilnaad
yiłnaad	V;IND;IPFV;NOM(1,PL)	yiilnaad
yiłnaad	V;IND;IPFV;NOM(1,SG)	yishnaad
yiłnaad	V;IND;IPFV;NOM(2,SG)	niłnaad
yiłnaad	V;IND;IPFV;NOM(3,PL)	yiłnaad
yiłnaad	V;IND;IPFV;NOM(4,GRPL)	dajiłnaad
yiłnaad	V;IND;IPFV;NOM(4,PL)	jiłnaad
yiłnaad	V;IND;IPFV;NOM(4,SG)	jiłnaad
yiłnaad	V;IND;PFV;NOM(1,GRPL)	deiilnaad
yiłnaad	V;IND;PFV;NOM(1,PL)	yiilnaad
yiłnaad	V;IND;PFV;NOM(1,SG)	yishnaad
yiłnaad	V;IND;PFV;NOM(2,SG)	yíníłnaad
yiłnaad	V;IND;PFV;NOM(3,GRPL)	dayííłnaad
yiłnaad	V;IND;PFV;NOM(3,SG)	yiyííłnaad
yiłnaad	V;IND;PFV;NOM(4,GRPL)	dajííłnaad
yiłnaad	V;IND;PFV;NOM(4,PL)	jííłnaad
yiłnaad	V;IND;PFV;NOM(4,SG)	jííłnaad
yiłnaad	V;IND;PROSP;NOM(1,PL)	diilnah
yiłnaad	V;IND;PROSP;NOM(1,SG)	dííłnał
yiłnaad	V;IND;PROSP;NOM(2,PL)	doołnał
yiłnaad	V;IND;PROSP;NOM(3,GRPL)	dadoołnał
yiłnaad	V;IND;PROSP;NOM(4,SG)	jidoołnał
yiłneʼ	V;IND;IPFV;NOM(1,GRPL)	deiilneʼ
yiłneʼ	V;IND;IPFV;NOM(1,PL)	yiilneʼ
yiłneʼ	V;IND;IPFV;NOM(1,SG)	yishneʼ
yiłneʼ	V;IND;IPFV;NOM(2,GRPL)	daałneʼ
yiłneʼ	V;IND;IPFV;NOM(2,PL)	wołneʼ
yiłneʼ	V;IND;IPFV;NOM(2,SG)	niłneʼ
yiłneʼ	V;IND;IPFV;NOM(3,GRPL)	deiłneʼ
yiłneʼ	V;IND;IPFV;NOM(3,PL)	yiłneʼ
yiłneʼ	V;IND;IPFV;NOM(3,SG)	yiłneʼ
yiłneʼ	V;IND;IPFV;NOM(4,GRPL)	dajiłneʼ
yiłneʼ	V;IND;IPFV;NOM(4,PL)	jiłneʼ
yiłneʼ	V;IND;IPFV;NOM(4,SG)	jiłneʼ
yiłneʼ	V;IND;PFV;NOM(1,GRPL)	deiilneʼ
yiłneʼ	V;IND;PFV;NOM(1,PL)	yiilneʼ
yiłneʼ	V;IND;PFV;NOM(1,SG)	yishneʼ
yiłneʼ	V;IND;PFV;NOM(2,GRPL)	dasoołneʼ
yiłneʼ	V;IND;PFV;NOM(2,PL)	woołneʼ
yiłneʼ	V;IND;PFV;NOM(2,SG)	yíníłneʼ
yiłneʼ	V;IND;PFV;NOM(3,GRPL)	dayííłneʼ
yiłneʼ	V;IND;PFV;NOM(3,PL)	yiyííłneʼ
yiłneʼ	V;IND;PFV;NOM(3,SG)	yiyííłneʼ
yiłneʼ	V;IND;PFV;NOM(4,GRPL)	dajííłneʼ
yiłneʼ	V;IND;PFV;NOM(4,PL)	jííłneʼ
yiłneʼ	V;IND;PFV;NOM(4,SG)	jííłneʼ
yiłtin	V;IND;IPFV;NOM(1,GRPL)	deiiltin
yiłtin	V;IND;IPFV;NOM(1,PL)	yiiltin
yiłtin	V;IND;IPFV;NOM(1,SG)	yishtin
yiłtin	V;IND;IPFV;NOM(2,GRPL)	daałtin
yiłtin	V;IND;IPFV;NOM(2,PL)	wołtin
yiłtin	V;IND;IPFV;NOM(2,SG)	niłtin
yiłtin	V;IND;IPFV;NOM(3,GRPL)	deiłtin
yiłtin	V;IND;IPFV;NOM(3,PL)	yiłtin
yiłtin	V;IND;IPFV;NOM(3,SG)	yiłtin
yiłtin	V;IND;IPFV;NOM(4,GRPL)	dajiłtin
yiłtin	V;IND;IPFV;NOM(4,PL)	jiłtin
yiłtin	V;IND;IPFV;NOM(4,SG)	jiłtin
yiłtin	V;IND;PFV;NOM(1,GRPL)	deiiltin
yiłtin	V;IND;PFV;NOM(1,PL)	yiiltin
yiłtin	V;IND;PFV;NOM(1,SG)	yíłtin
yiłtin	V;IND;PFV;NOM(2,GRPL)	dasoołtin
yiłtin	V;IND;PFV;NOM(2,PL)	wołtin
yiłtin	V;IND;PFV;NOM(2,SG)	yíłtin
yiłtin	V;IND;PFV;NOM(3,GRPL)	dayííłtin
yiłtin	V;IND;PFV;NOM(3,PL)	yiyííłtin
yiłtin	V;IND;PFV;NOM(3,SG)	yiyííłtin
yiłtin	V;IND;PFV;NOM(4,GRPL)	dajííłtin
yiłtin	V;IND;PFV;NOM(4,PL)	jííłtin
yiłtin	V;IND;PFV;NOM(4,SG)	jííłtin
yiłtsʼééh	V;IND;IPFV;NOM(1,GRPL)	deiiltsʼééh
yiłtsʼééh	V;IND;IPFV;NOM(1,PL)	yiiltsʼééh
yiłtsʼééh	V;IND;IPFV;NOM(1,SG)	yishtsʼééh
yiłtsʼééh	V;IND;IPFV;NOM(2,GRPL)	daałtsʼééh
yiłtsʼééh	V;IND;IPFV;NOM(2,PL)	wołtsʼééh
yiłtsʼééh	V;IND;IPFV;NOM(2,SG)	niłtsʼééh
yiłtsʼééh	V;IND;IPFV;NOM(3,GRPL)	deiłtsʼééh
yiłtsʼééh	V;IND;IPFV;NOM(3,PL)	yiłtsʼééh
yiłtsʼééh	V;IND;IPFV;NOM(3,SG)	yiłtsʼééh
yiłtsʼééh	V;IND;IPFV;NOM(4,GRPL)	dajiłtsʼééh
yiłtsʼééh	V;IND;IPFV;NOM(4,PL)	jiłtsʼééh
yiłtsʼééh	V;IND;IPFV;NOM(4,SG)	jiłtsʼééh
yiłtsʼééh	V;IND;PFV;NOM(1,GRPL)	deiiltsʼiʼ
yiłtsʼééh	V;IND;PFV;NOM(1,PL)	yiiltsʼiʼ
yiłtsʼééh	V;IND;PFV;NOM(1,SG)	yíłtsʼiʼ
yiłtsʼééh	V;IND;PFV;NOM(2,GRPL)	dasoołtsʼiʼ
yiłtsʼééh	V;IND;PFV;NOM(2,PL)	wołtsʼiʼ
yiłtsʼééh	V;IND;PFV;NOM(2,SG)	yíníłtsʼiʼ
yiłtsʼééh	V;IND;PFV;NOM(3,GRPL)	dayííłtsʼiʼ
yiłtsʼééh	V;IND;PFV;NOM(3,PL)	yiyííłtsʼiʼ
yiłtsʼééh	V;IND;PFV;NOM(3,SG)	yiyííłtsʼiʼ
yiłtsʼééh	V;IND;PFV;NOM(4,GRPL)	dajííłtsʼiʼ
yiłtsʼééh	V;IND;PFV;NOM(4,PL)	jííłtsʼiʼ
yiłtsʼééh	V;IND;PFV;NOM(4,SG)	jííłtsʼééʼ
yiłtʼees	V;IND;IPFV;NOM(1,GRPL)	deiiltʼees
yiłtʼees	V;IND;IPFV;NOM(1,PL)	yiiltʼees
yiłtʼees	V;IND;IPFV;NOM(1,SG)	yishtʼees
yiłtʼees	V;IND;IPFV;NOM(2,GRPL)	daałtʼees
yiłtʼees	V;IND;IPFV;NOM(2,PL)	wołtʼees
yiłtʼees	V;IND;IPFV;NOM(3,GRPL)	deiłtʼees
yiłtʼees	V;IND;IPFV;NOM(4,SG)	jiłtʼees
yiłtʼees	V;IND;PFV;NOM(1,PL)	yiiltʼééz
yiłtʼees	V;IND;PFV;NOM(2,GRPL)	dasoołtʼééz
yiłtʼees	V;IND;PFV;NOM(2,PL)	wołtʼééz
yiłtʼees	V;IND;PFV;NOM(3,GRPL)	dayííłtʼééz
yiłtʼees	V;IND;PFV;NOM(3,PL)	yiyííłtʼééz
yiłtʼees	V;IND;PFV;NOM(3,SG)	yiyííłtʼééz
yiłtʼees	V;IND;PROSP;NOM(1,PL)	diiltʼis
yiłtʼees	V;IND;PROSP;NOM(2,GRPL)	dadoołtʼis
yiłtʼees	V;IND;PROSP;NOM(2,PL)	doołtʼis
yiłtʼees	V;IND;PROSP;NOM(2,SG)	dííłtʼis
yiłtʼees	V;IND;PROSP;NOM(3,GRPL)	dadoołtʼis
yiłtʼees	V;IND;PROSP;NOM(3,PL)	yidoołtʼis
yiłtʼees	V;IND;PROSP;NOM(3,SG)	yidoołtʼis
yiłtʼees	V;IND;PROSP;NOM(4,PL)	jidoołtʼis
yiłtʼees	V;IND;PROSP;NOM(4,SG)	jidoołtʼis
yootʼááł	V;IND;PFV;NOM(1,GRPL)	deíníitʼááł
yootʼááł	V;IND;PFV;NOM(1,PL)	yiitʼááł
yootʼááł	V;IND;PFV;NOM(1,SG)	yishtʼááł
yootʼááł	V;IND;PFV;NOM(2,GRPL)	daootʼaał
yootʼááł	V;IND;PFV;NOM(2,PL)	wootʼaal
yootʼááł	V;IND;PFV;NOM(2,SG)	yínítʼááł
yootʼááł	V;IND;PFV;NOM(3,GRPL)	deítʼááł
yootʼááł	V;IND;PFV;NOM(3,PL)	yootʼááł
yootʼááł	V;IND;PFV;NOM(3,SG)	yootʼááł
yootʼááł	V;IND;PFV;NOM(4,GRPL)	dajíítʼááł
yootʼááł	V;IND;PFV;NOM(4,PL)	jootʼaal
yootʼááł	V;IND;PFV;NOM(4,SG)	jootʼááł
yooznah	V;IND;IPFV;NOM(2,SG)	nooznah
yooznah	V;IND;IPFV;NOM(4,GRPL)	dajooznah
yooznah	V;IND;ITER;NOM(1,GRPL)	deíníilznah
yooznah	V;IND;ITER;NOM(1,PL)	yiidznah
yooznah	V;IND;ITER;NOM(1,SG)	yínísnah
yooznah	V;IND;ITER;NOM(2,PL)	woosnah
yooznah	V;IND;ITER;NOM(3,PL)	yooznah
yooznah	V;IND;ITER;NOM(4,PL)	jooznah
yooznah	V;IND;ITER;NOM(4,SG)	jooznah
yooznah	V;IND;PFV;NOM(2,PL)	woosnah
yooznah	V;IND;PFV;NOM(3,PL)	yooznah
yooznah	V;IND;PFV;NOM(3,SG)	yooznah
yooznah	V;IND;PROSP;NOM(1,GRPL)	dadiilznah
yooznah	V;IND;PROSP;NOM(2,GRPL)	dadoohsnah
yooznah	V;IND;PROSP;NOM(2,SG)	dííznah
yooznah	V;IND;PROSP;NOM(3,GRPL)	dadooznah
yooznah	V;IND;PROSP;NOM(3,SG)	yidooznah
yooznah	V;IND;PROSP;NOM(4,GRPL)	dazhdooznah
yooznah	V;IND;PROSP;NOM(4,SG)	jidooznah
yooznah	V;OPT;NOM(3,GRPL)	dayííznah
yooznah	V;OPT;NOM(3,SG)	yooznah
yooznah	V;OPT;NOM(4,GRPL)	dajííznah
yooznah	V;OPT;NOM(4,SG)	jooznah
yoozǫ́ǫ́s	V;IND;PFV;NOM(1,GRPL)	deíníilzǫ́ǫ́z
yoozǫ́ǫ́s	V;IND;PFV;NOM(1,PL)	yiidzǫ́ǫ́z
yoozǫ́ǫ́s	V;IND;PFV;NOM(1,SG)	yishzǫ́ǫ́z
yoozǫ́ǫ́s	V;IND;PFV;NOM(2,GRPL)	dasoozǫ́ǫ́z
yoozǫ́ǫ́s	V;IND;PFV;NOM(2,PL)	woozǫ́ǫ́z
yoozǫ́ǫ́s	V;IND;PFV;NOM(2,SG)	yínízǫ́ǫ́z
yoozǫ́ǫ́s	V;IND;PFV;NOM(3,GRPL)	deízǫ́ǫ́z
yoozǫ́ǫ́s	V;IND;PFV;NOM(3,PL)	yoozǫ́ǫ́z
yoozǫ́ǫ́s	V;IND;PFV;NOM(3,SG)	yoozǫ́ǫ́z
yoozǫ́ǫ́s	V;IND;PFV;NOM(4,GRPL)	dajoozǫ́ǫ́z
yoozǫ́ǫ́s	V;IND;PFV;NOM(4,PL)	joozǫ́ǫ́z
yoozǫ́ǫ́s	V;IND;PFV;NOM(4,SG)	joozǫ́ǫ́z
yoołbąs	V;IND;PFV;NOM(1,GRPL)	deíníilbą́ą́ʼ
yoołbąs	V;IND;PFV;NOM(1,PL)	yiilbąs
yoołbąs	V;IND;PFV;NOM(1,SG)	yíłbąs
yoołbąs	V;IND;PFV;NOM(2,GRPL)	daoołbąs
yoołbąs	V;IND;PFV;NOM(2,PL)	wołbąs
yoołbąs	V;IND;PFV;NOM(2,SG)	yíłbąs
yoołbąs	V;IND;PFV;NOM(3,GRPL)	deíłbą́ą́ʼ
yoołbąs	V;IND;PFV;NOM(3,PL)	yoołbąs
yoołbąs	V;IND;PFV;NOM(3,SG)	yoołbąs
yoołbąs	V;IND;PFV;NOM(4,GRPL)	dajííłbą́ą́ʼ
yoołbąs	V;IND;PFV;NOM(4,PL)	joołbąs
yoołbąs	V;IND;PFV;NOM(4,SG)	joołbąs
yoołtʼah	V;IND;PFV;NOM(1,GRPL)	deíníiltʼaʼ
yoołtʼah	V;IND;PFV;NOM(1,PL)	yiiltʼah
yoołtʼah	V;IND;PFV;NOM(1,SG)	yíłtʼah
yoołtʼah	V;IND;PFV;NOM(2,GRPL)	dasoołtʼah
yoołtʼah	V;IND;PFV;NOM(2,PL)	wołtʼah
yoołtʼah	V;IND;PFV;NOM(2,SG)	yíłtʼah
yoołtʼah	V;IND;PFV;NOM(3,GRPL)	deíłtʼah
yoołtʼah	V;IND;PFV;NOM(3,PL)	yoołtʼah
yoołtʼah	V;IND;PFV;NOM(3,SG)	yoołtʼah
yoołtʼah	V;IND;PFV;NOM(4,GRPL)	dajííłtʼaʼ
yoołtʼah	V;IND;PFV;NOM(4,PL)	joołtʼah
yoołtʼah	V;IND;PFV;NOM(4,SG)	joołtʼah
yólgę́ę́zh	V;IND;PFV;NOM(1,GRPL)	deíníilgę́ę́zh
yólgę́ę́zh	V;IND;PFV;NOM(1,PL)	yiilgę́ę́zh
yólgę́ę́zh	V;IND;PFV;NOM(1,SG)	yíníshgę́ę́zh
yólgę́ę́zh	V;IND;PFV;NOM(2,GRPL)	daoołgę́ę́zh
yólgę́ę́zh	V;IND;PFV;NOM(2,PL)	woołgę́ę́zh
yólgę́ę́zh	V;IND;PFV;NOM(2,SG)	yínílgę́ę́zh
yólgę́ę́zh	V;IND;PFV;NOM(3,GRPL)	dayíílgę́ę́zh
yólgę́ę́zh	V;IND;PFV;NOM(3,PL)	yílgę́ę́zh
yólgę́ę́zh	V;IND;PFV;NOM(3,SG)	yílgę́ę́zh
yólgę́ę́zh	V;IND;PFV;NOM(4,GRPL)	dajílgę́ę́zh
yólgę́ę́zh	V;IND;PFV;NOM(4,PL)	jíílgę́ę́zh
yólgę́ę́zh	V;IND;PFV;NOM(4,SG)	jíílgę́ę́zh
łitsxo	V;IND;PFV;NOM(1,GRPL)	dasiitsxo
łitsxo	V;IND;PFV;NOM(1,PL)	łiitsxo
łitsxo	V;IND;PFV;NOM(1,SG)	łishtsxo
łitsxo	V;IND;PFV;NOM(2,GRPL)	daʼoołtsxo
łitsxo	V;IND;PFV;NOM(2,PL)	łootsxo
łitsxo	V;IND;PFV;NOM(2,SG)	łínítsxo
łitsxo	V;IND;PFV;NOM(3,GRPL)	deínítsxo
łitsxo	V;IND;PFV;NOM(3,PL)	łitsxo
łitsxo	V;IND;PFV;NOM(3,SG)	łitsxo
łitsxo	V;IND;PFV;NOM(4,GRPL)	dajíítsxo
łitsxo	V;IND;PFV;NOM(4,PL)	jíítsxo
łitsxo	V;IND;PFV;NOM(4,SG)	jíítsxo
łíidilchí	V;IND;IPFV;NOM(1,GRPL)	łídadiilchí
łíidilchí	V;IND;IPFV;NOM(1,PL)	łíidiilchí
łíidilchí	V;IND;IPFV;NOM(1,SG)	łídishchí
łíidilchí	V;IND;IPFV;NOM(2,GRPL)	łídadoołchí
łíidilchí	V;IND;IPFV;NOM(2,PL)	łínóhdilchí
łíidilchí	V;IND;IPFV;NOM(2,SG)	łínídilchí
łíidilchí	V;IND;IPFV;NOM(3,GRPL)	łídadilchí
łíidilchí	V;IND;IPFV;NOM(3,PL)	łíidilchí
łíidilchí	V;IND;IPFV;NOM(3,SG)	łíidilchí
łíidilchí	V;IND;IPFV;NOM(4,GRPL)	łídajidilchí
łíidilchí	V;IND;IPFV;NOM(4,PL)	łíjídilchí
łíidilchí	V;IND;IPFV;NOM(4,SG)	łíjídilchí
łíidilchí	V;IND;PFV;NOM(1,GRPL)	łídadiilchí
łíidilchí	V;IND;PFV;NOM(1,PL)	łíidiilchí
łíidilchí	V;IND;PFV;NOM(1,SG)	łíshdishchí
łíidilchí	V;IND;PFV;NOM(2,GRPL)	łídadoołchí
łíidilchí	V;IND;PFV;NOM(2,PL)	łídoołchí
łíidilchí	V;IND;PFV;NOM(2,SG)	łínídíílchí
łíidilchí	V;IND;PFV;NOM(3,GRPL)	łídadilchí
łíidilchí	V;IND;PFV;NOM(3,PL)	łíidilchí
łíidilchí	V;IND;PFV;NOM(3,SG)	łíídilchí
łíidilchí	V;IND;PFV;NOM(4,GRPL)	łídazhdilchí
łíidilchí	V;IND;PFV;NOM(4,PL)	łíjídilchí
łíidilchí	V;IND;PFV;NOM(4,SG)	łíjídilchí
accuracy:0.399