ሀብታም	ADJ	ሀብታም
ሀብታም	ADJ;DEF;FEM	ሀብታሙ
ሀብታም	ADJ;DEF;MASC	ሀብታሙ
ሀብታም	ADJ;DEF;PL	ሀብታሞቹ
ሀብታም	ADJ;PL	ሀብታሞች
ሆነ	V.CVB;NOM(1,PL)	ሆንን
ሆነ	V.CVB;NOM(2,PL)	ሆንታችሁ
ሆነ	V.CVB;NOM(MASC;2,SG)	ሆነህ
ሆነ	V.MSDR	መሆን
ሆነ	V;IMP;NOM(1,PL)	እንሆን
ሆነ	V;IMP;NOM(1,SG)	ሆን
ሆነ	V;IMP;NOM(MASC;2,SG)	ሆን
ሆነ	V;IPFV;NFIN;NOM(MASC;3,SG)	ይሆን
ሆነ	V;IPFV;NOM(1,PL)	እንሆናለን
ሆነ	V;IPFV;NOM(1,SG)	እሆናለሁ
ሆነ	V;IPFV;NOM(MASC;2,SG)	ትሆናለህ
ሆነ	V;IPFV;NOM(MASC;3,SG)	ይሆናል
ሆነ	V;PFV;NOM(3,PL)	ሆንተዋል
ሆነ	V;PRF;NOM(1,PL)	ሆኖቻችን
ለማኝ	N	ለማኝ
ለማኝ	N;DEF;MASC	ለማኙ
ለማኝ	N;DEF;PL	ለማኞቹ
ለማኝ	N;PL	ለማኞች
ልል	ADJ	ልል
ልል	ADJ;DEF;FEM	ልሉ
ልል	ADJ;DEF;MASC	ልሉ
ልሳን	N	ልሳን
ልሳን	N;DEF;MASC	ልሳኑ
ልሳን	N;DEF;PL	ልሳኖቹ
ልሳን	N;PL	ልሳኖች
ሐይማኖት	N	ሐይማኖት
ሐይማኖት	N;DEF;MASC	ሐይማኖቱ
ሐይማኖት	N;PL	ሐይማኖቶች
ሐይማኖት	N;PL;PSS(1,PL)	ሐይማኖቶቻችን
ሐይማኖት	N;PL;PSS(1,SG)	ሐይማኖቶቼ
ሐይማኖት	N;PL;PSS(2,SG,FEM)	ሐይማኖቶችሽ
ሐይማኖት	N;PL;PSS(2,SG,MASC)	ሐይማኖቶችህ
ሐይማኖት	N;PSS(1,PL)	ሐይማኖታችን
ሐይማኖት	N;PSS(1,SG)	ሐይማኖቴ
ሐይማኖት	N;PSS(2,SG,FORM)	ሐይማኖትዎ
ሐይማኖት	N;PSS(2,SG,MASC)	ሐይማኖትህ
ሐይማኖት	N;PSS(3,SG,MASC)	ሐይማኖቱ
መስቀል	N	መስቀል
መስቀል	N;DEF;PL	መስቀሎቹ
መስቀል	N;PL;PSS(1,PL)	መስቀሎቻችን
መስቀል	N;PL;PSS(2,PL)	መስቀሎቻችሁ
መስቀል	N;PL;PSS(2,SG,MASC)	መስቀሎችህ
መስቀል	N;PL;PSS(3,SG,FEM)	መስቀሎቿ
መስቀል	N;PL;PSS(3,SG,MASC)	መስቀሎቹ
መስቀል	N;PSS(1,SG)	መስቀሉ
መስቀል	N;PSS(2,PL)	መስቀላችሁ
መስቀል	N;PSS(2,SG,FEM)	መስቀልሽ
መስቀል	N;PSS(2,SG,FORM)	መስቀልዎ
መስቀል	N;PSS(2,SG,MASC)	መስቀልህ
መስቀል	N;PSS(3,SG,FEM)	መስቀሉ
መስቀል	N;PSS(3,SG,MASC)	መስቀሉ
መስዋዕት	N	መስዋዕት
መስዋዕት	N;DEF;MASC;LGSPEC1	መስዋዕቱ
መስዋዕት	N;LGSPEC1;PSS(1,SG)	መስዋዕቶቼ
መስዋዕት	N;LGSPEC1;PSS(2,PL)	መስዋዕታችሁ
መስዋዕት	N;LGSPEC1;PSS(2,SG,FEM)	መስዋዕትሽ
መስዋዕት	N;LGSPEC1;PSS(2,SG,MASC)	መስዋዕትህ
መስዋዕት	N;LGSPEC1;PSS(3,SG,FEM)	መስዋዕቱ
መስዋዕት	N;PSS(1,PL)	መስዋዕታችን
መስዋዕት	N;PSS(1,SG)	መስዋዕቴ
መስዋዕት	N;PSS(2,PL)	መስዋዕታችሁ
መስዋዕት	N;PSS(2,SG,MASC)	መስዋዕትህ
መስዋዕት	N;PSS(3,SG,FEM)	መስዋዕቷ
መስዋዕት	N;PSS(3,SG,MASC)	መስዋዕቱ
መከር	N	መከር
መከር	N;DEF;MASC	መከሩ
መከር	N;PSS(1,PL)	መከራችን
መከር	N;PSS(1,SG)	መከራለሁ
መከር	N;PSS(2,PL)	መከራችሁ
መከር	N;PSS(2,SG,FEM)	መከርሽ
መከር	N;PSS(2,SG,FORM)	መከርዎ
መከር	N;PSS(2,SG,MASC)	መከርህ
መከር	N;PSS(3,PL)	መከራቸው
መከር	N;PSS(3,SG,FEM)	መከሩ
መከር	N;PSS(3,SG,MASC)	መከር
መድፍ	N;DEF;MASC	መድፉ
መድፍ	N;DEF;PL	መድፎቹ
መድፍ	N;PL	መድፎች
መፅሐፍ	N;DEF;MASC	መፅሐፉ
መፅሐፍ	N;DEF;PL	መፅሐፎቹ
መፅሐፍ	N;PL;PSS(1,PL)	መፅሐፎቻችን
መፅሐፍ	N;PL;PSS(2,SG,FEM)	መፅሐፎችሽ
መፅሐፍ	N;PL;PSS(2,SG,FORM)	መፅሐፎችዎ
መፅሐፍ	N;PL;PSS(3,PL)	መፅሐፎቻቸው
መፅሐፍ	N;PL;PSS(3,SG,FEM)	መፅሐፎቿ
መፅሐፍ	N;PSS(1,PL)	መፅሐፋችን
መፅሐፍ	N;PSS(1,SG)	መፅሐፎቼ
መፅሐፍ	N;PSS(2,PL)	መፅሐፋችሁ
መፅሐፍ	N;PSS(2,SG,FEM)	መፅሐፍሽ
መፅሐፍ	N;PSS(2,SG,MASC)	መፅሐፍህ
መፅሐፍ	N;PSS(3,PL)	መፅሐፋቸው
መፅሐፍ	N;PSS(3,SG,FEM)	መፅሐፎ
ሚስት	N;DEF;PL	ሚስቶቹ
ሚስት	N;PL	ሚስቶች
ሚስት	N;PL;PSS(1,PL)	ሚስቶቻችን
ሚስት	N;PL;PSS(1,SG)	ሚስቶቼ
ሚስት	N;PL;PSS(2,PL)	ሚስቶቻችሁ
ሚስት	N;PL;PSS(2,SG,FEM)	ሚስቶችሽ
ሚስት	N;PL;PSS(2,SG,FORM)	ሚስቶችዎ
ሚስት	N;PL;PSS(2,SG,MASC)	ሚስቶችህ
ሚስት	N;PL;PSS(3,PL)	ሚስቶቻቸው
ሚስት	N;PSS(1,PL)	ሚስታችን
ሚስት	N;PSS(1,SG)	ሚስቴ
ሚስት	N;PSS(2,PL)	ሚስታችሁ
ሚስት	N;PSS(2,SG,FORM)	ሚስትዎ
ሚስት	N;PSS(3,SG,MASC)	ሚስቱ
ሚኒስትር	N;DEF;FEM;LGSPEC1	ሚኒስትሮ
ሚኒስትር	N;DEF;MASC	ሚኒስትሩ
ሚኒስትር	N;DEF;PL	ሚኒስትሮቹ
ሚኒስትር	N;PL	ሚኒስትሮች
ሚኒስትር	N;PL;PSS(1,PL)	ሚኒስትሮቻችን
ሚኒስትር	N;PL;PSS(1,SG)	ሚኒስትሮቼ
ሚኒስትር	N;PL;PSS(2,PL)	ሚኒስትሮቻችሁ
ሚኒስትር	N;PL;PSS(2,SG,MASC)	ሚኒስትሮችህ
ሚኒስትር	N;PL;PSS(3,PL)	ሚኒስትሮቻቸው
ሚኒስትር	N;PL;PSS(3,SG,MASC)	ሚኒስትሮቹ
ሚኒስትር	N;PSS(1,PL)	ሚኒስትሮቻችን
ሚኒስትር	N;PSS(2,PL)	ሚኒስትራችሁ
ሚኒስትር	N;PSS(2,SG,FEM)	ሚኒስትርሽ
ሚኒስትር	N;PSS(3,SG,FEM)	ሚኒስትሮ
ማህጸን	N	ማህጸን
ማህጸን	N;DEF;MASC	ማህጸኑ
ማህጸን	N;PSS(1,PL)	ማህጸናችን
ማህጸን	N;PSS(1,SG)	ማህጸናለሁ
ማህጸን	N;PSS(2,PL)	ማህጸናችሁ
ማህጸን	N;PSS(2,SG,FEM)	ማህጸንሽ
ማህጸን	N;PSS(2,SG,FORM)	ማህጸንዎ
ማህጸን	N;PSS(2,SG,MASC)	ማህጸንህ
ማህጸን	N;PSS(3,PL)	ማህጸናቸው
ማህጸን	N;PSS(3,SG,FEM)	ማህጸኑ
ማህጸን	N;PSS(3,SG,MASC)	ማህጸኑ
ማረ	V.CVB;NOM(2,PL)	ማራችሁ
ማረ	V.CVB;NOM(3,PL)	ማርተው
ማረ	V;IMP;NOM(1,PL)	እንማር
ማረ	V;IMP;NOM(FEM;2,SG)	ማር
ማረ	V;IPFV;NFIN;NOM(2,PL)	ትማሩ
ማረ	V;IPFV;NFIN;NOM(FEM;3,SG)	ትማር
ማረ	V;IPFV;NFIN;NOM(MASC;3,SG)	ይማር
ማረ	V;IPFV;NOM(1,SG)	እማራለሁ
ማረ	V;IPFV;NOM(2,PL)	ትማራላችሁ
ማረ	V;IPFV;NOM(FEM;2,SG)	ትማራለሽ
ማረ	V;PFV;NOM(1,SG)	ማርኩ
ማረ	V;PFV;NOM(MASC;3,SG)	ማረ
ማረ	V;PRF;NOM(1,PL)	ማራችን
ማረ	V;PRF;NOM(MASC;2,SG)	ማረህ
ማእበል	N	ማእበል
ማእበል	N;DEF;MASC	ማእበሉ
ማእበል	N;DEF;PL	ማእበላቸው
ማእበል	N;PL	ማእበሎች
ምርት	N	ምርት
ምርት	N;DEF;MASC	ምርቱ
ምርት	N;DEF;PL	ምርቶቹ
ምርት	N;PL	ምርቶች
ምርት	N;PL;PSS(1,SG)	ምርቶቼ
ምርት	N;PL;PSS(2,PL)	ምርቶቻችሁ
ምርት	N;PL;PSS(2,SG,FORM)	ምርቶችዎ
ምርት	N;PL;PSS(2,SG,MASC)	ምርቶችህ
ምርት	N;PL;PSS(3,PL)	ምርቶቻቸው
ምርት	N;PL;PSS(3,SG,MASC)	ምርቶቹ
ምርት	N;PSS(1,PL)	ምርታችን
ምርት	N;PSS(2,SG,FORM)	ምርትዎ
ምርት	N;PSS(3,PL)	ምርታቸው
ምርት	N;PSS(3,SG,MASC)	ምርቱ
ምርጥ	N	ምርጥ
ምርጥ	N;DEF;MASC	ምርጡ
ምርጥ	N;PL	ምርጦች
ሣጥን	N	ሣጥን
ሣጥን	N;DEF;MASC	ሣጥኗ
ሣጥን	N;DEF;PL	ሣጥኖቹ
ሣጥን	N;PL	ሣጥኖች
ሣጥን	N;PL;PSS(1,PL)	ሣጥኖቻችን
ሣጥን	N;PL;PSS(1,SG)	ሣጥኖቼ
ሣጥን	N;PL;PSS(2,PL)	ሣጥኖቻችሁ
ሣጥን	N;PL;PSS(2,SG,FEM)	ሣጥኖችሽ
ሣጥን	N;PL;PSS(2,SG,MASC)	ሣጥኖችህ
ሣጥን	N;PL;PSS(3,PL)	ሣጥኖቻቸው
ሣጥን	N;PSS(1,SG)	ሣጥኖቼ
ሣጥን	N;PSS(2,SG,FEM)	ሣጥንሽ
ሣጥን	N;PSS(2,SG,FORM)	ሣጥንዎ
ሣጥን	N;PSS(3,SG,FEM)	ሣጥኗ
ረገጠ	V.CVB;NOM(1,SG)	ረግጣለሁ
ረገጠ	V.CVB;NOM(2,PL)	ረግጥታችሁ
ረገጠ	V.CVB;NOM(FEM;3,SG)	ረግጥተች
ረገጠ	V.CVB;NOM(MASC;3,SG)	ረግጣል
ረገጠ	V;IMP;NOM(1,SG)	ርግጥ
ረገጠ	V;IMP;NOM(2,PL)	ትረግጥ
ረገጠ	V;IMP;NOM(MASC;2,SG)	ረግጥ
ረገጠ	V;IPFV;NFIN;NOM(FEM;2,SG)	ትረግጣ
ረገጠ	V;IPFV;NOM(2,PL)	ትረግጣሉ
ረገጠ	V;PFV;NOM(1,SG)	ረገጥኩ
ረገጠ	V;PFV;NOM(3,PL)	ረገጥተዋል
ረገጠ	V;PRF;NOM(1,PL)	ረግጥተናል
ረገጠ	V;PRF;NOM(1,SG)	ረግጣለሁ
ረገጠ	V;PRF;NOM(FEM;3,SG)	ረግጣለች
ርቀት	N	ርቀት
ርቀት	N;DEF;MASC	ርቀቱ
ርቀት	N;DEF;PL	ርቀቶቹ
ርቀት	N;PL	ርቀቶች
ሰሞን	N	ሰሞን
ሰሞን	N;DEF;MASC	ሰሞኑ
ሰሞን	N;PSS(1,PL)	ሰሞናችን
ሰሞን	N;PSS(1,SG)	ሰሞናለሁ
ሰሞን	N;PSS(2,PL)	ሰሞናታችሁ
ሰሞን	N;PSS(2,SG,FEM)	ሰሞንሽ
ሰሞን	N;PSS(2,SG,FORM)	ሰሞንዎ
ሰሞን	N;PSS(2,SG,MASC)	ሰሞንህ
ሰሞን	N;PSS(3,PL)	ሰሞናቸው
ሰሞን	N;PSS(3,SG,FEM)	ሰሞኑ
ሰሞን	N;PSS(3,SG,MASC)	ሰሞኑ
ሱቅ	N;DEF;MASC	ሱቅ
ሱቅ	N;PL	ሱቆች
ሱቅ	N;PL;PSS(1,SG)	ሱቆቼ
ሱቅ	N;PL;PSS(2,SG,FEM)	ሱቆችሽ
ሱቅ	N;PL;PSS(2,SG,FORM)	ሱቆችዎ
ሱቅ	N;PL;PSS(3,PL)	ሱቆቻቸው
ሱቅ	N;PL;PSS(3,SG,FEM)	ሱቆቿ
ሱቅ	N;PL;PSS(3,SG,MASC)	ሱቆቹ
ሱቅ	N;PSS(1,PL)	ሱቆቻችን
ሱቅ	N;PSS(2,PL)	ሱቃችሁ
ሱቅ	N;PSS(2,SG,FEM)	ሱቅሽ
ሱቅ	N;PSS(2,SG,FORM)	ሱቅዎ
ሱቅ	N;PSS(2,SG,MASC)	ሱቅህ
ሱቅ	N;PSS(3,SG,MASC)	ሱቅ
ሳጥን	N	ሳጥን
ሳጥን	N;DEF;MASC	ሳጥኗ
ሳጥን	N;PL	ሳጥኖች
ሳጥን	N;PL;PSS(1,PL)	ሳጥኖቻችን
ሳጥን	N;PL;PSS(2,PL)	ሳጥኖቻችሁ
ሳጥን	N;PL;PSS(2,SG,FEM)	ሳጥኖችሽ
ሳጥን	N;PL;PSS(2,SG,MASC)	ሳጥኖችህ
ሳጥን	N;PL;PSS(3,PL)	ሳጥኖቻቸው
ሳጥን	N;PL;PSS(3,SG,FEM)	ሳጥኖቿ
ሳጥን	N;PL;PSS(3,SG,MASC)	ሳጥኖቹ
ሳጥን	N;PSS(2,SG,FEM)	ሳጥንሽ
ሳጥን	N;PSS(2,SG,FORM)	ሳጥንዎ
ሳጥን	N;PSS(2,SG,MASC)	ሳጥንህ
ሳጥን	N;PSS(3,PL)	ሳጥኖቻቸው
ስልት	N;DEF;MASC	ስልቱ
ስልት	N;DEF;PL	ስልቶቹ
ስልት	N;PL	ስልቶች
ስልት	N;PL;PSS(2,PL)	ስልቶቻችሁ
ስልት	N;PL;PSS(2,SG,FEM)	ስልቶችሽ
ስልት	N;PL;PSS(3,SG,FEM)	ስልቶቿ
ስልት	N;PL;PSS(3,SG,MASC)	ስልቶቹ
ስልት	N;PSS(1,PL)	ስልታችን
ስልት	N;PSS(1,SG)	ስልቴ
ስልት	N;PSS(2,SG,FORM)	ስልትዎ
ስልት	N;PSS(2,SG,MASC)	ስልትህ
ስልት	N;PSS(3,PL)	ስልታቸው
ስልት	N;PSS(3,SG,FEM)	ስልቷ
ስልት	N;PSS(3,SG,MASC)	ስልቱ
ስም	N	ስም
ስም	N;DEF;MASC	ስሙ
ስም	N;DEF;PL	ስሞቹ
ስም	N;PL;PSS(1,PL)	ስሞቻችን
ስም	N;PL;PSS(1,SG)	ስሞቼ
ስም	N;PL;PSS(2,SG,FEM)	ስሞችሽ
ስም	N;PL;PSS(2,SG,MASC)	ስሞችህ
ስም	N;PL;PSS(3,SG,FEM)	ስሞቿ
ስም	N;PL;PSS(3,SG,MASC)	ስሞቹ
ስም	N;PSS(2,PL)	ስማችሁ
ስም	N;PSS(2,SG,FORM)	ስምዎ
ስም	N;PSS(2,SG,MASC)	ስምህ
ስም	N;PSS(3,SG,FEM)	ስም
ስም	N;PSS(3,SG,MASC)	ስም
ስብሀት	N	ስብሀት
ስብሀት	N;DEF;MASC	ስብሀቱ
ስጋት	N	ስጋት
ስጋት	N;DEF;MASC	ስጋቱ
ስጋት	N;PL	ስጋቶች
ስጋት	N;PL;PSS(2,SG,FORM)	ስጋቶችዎ
ስጋት	N;PL;PSS(3,SG,FEM)	ስጋቶቿ
ስጋት	N;PL;PSS(3,SG,MASC)	ስጋቶቹ
ስጋት	N;PSS(1,PL)	ስጋታችን
ስጋት	N;PSS(2,PL)	ስጋታችሁ
ስጋት	N;PSS(2,SG,FEM)	ስጋትሽ
ስጋት	N;PSS(2,SG,MASC)	ስጋትህ
ስጋት	N;PSS(3,PL)	ስጋታቸው
ስጋት	N;PSS(3,SG,MASC)	ስጋቱ
ሸክም	N	ሸክም
ሸክም	N;DEF;MASC	ሸክሙ
ሸክም	N;PSS(1,PL)	ሸክማችን
ሸክም	N;PSS(1,SG)	ሸክሞለሁ
ሸክም	N;PSS(2,PL)	ሸክማችሁ
ሸክም	N;PSS(2,SG,FEM)	ሸክምሽ
ሸክም	N;PSS(2,SG,FORM)	ሸክምዎ
ሸክም	N;PSS(2,SG,MASC)	ሸክምህ
ሸክም	N;PSS(3,PL)	ሸክማቸው
ሸክም	N;PSS(3,SG,FEM)	ሸክሟ
ሸክም	N;PSS(3,SG,MASC)	ሸክም
ቀረና	V.CVB;NOM(MASC;3,SG)	ቀርናል
ቀረና	V.MSDR	መቀረና
ቀረና	V;IMP;NOM(MASC;3,SG)	ይቀረና
ቀረና	V;IPFV;NFIN;NOM(MASC;3,SG)	ይቀረና
ቀረና	V;IPFV;NOM(MASC;3,SG)	ይቀረናል
ቀረና	V;PFV;NOM(MASC;3,SG)	ቀረና
ቀረና	V;PRF;NOM(MASC;3,SG)	ቀረናል
ቀሰቀሰ	V.CVB;NOM(MASC;3,SG)	ቀስቀስ
ቀሰቀሰ	V.MSDR	መቀስቀስ
ቀሰቀሰ	V;IMP;NOM(MASC;3,SG)	ይቀስቀስ
ቀሰቀሰ	V;IPFV;NFIN;NOM(MASC;3,SG)	ይቀሰቅሱ
ቀሰቀሰ	V;IPFV;NOM(MASC;3,SG)	ይቀስቅሳል
ቀሰቀሰ	V;PFV;NOM(MASC;3,SG)	ቀሰቀሰ
ቀሰቀሰ	V;PRF;NOM(MASC;3,SG)	ቀስቀስክ
ቅርጽ	N	ቅርጽ
ቅርጽ	N;DEF;MASC	ቅርጾ
ቅርጽ	N;PL;PSS(1,SG)	ቅርጾቼ
ቅርጽ	N;PL;PSS(2,PL)	ቅርጾቻችሁ
ቅርጽ	N;PL;PSS(2,SG,FEM)	ቅርጾችሽ
ቅርጽ	N;PL;PSS(2,SG,FORM)	ቅርጾችዎ
ቅርጽ	N;PL;PSS(2,SG,MASC)	ቅርጾችህ
ቅርጽ	N;PL;PSS(3,SG,FEM)	ቅርጾቿ
ቅርጽ	N;PSS(1,PL)	ቅርጾቻችን
ቅርጽ	N;PSS(1,SG)	ቅርጾሼ
ቅርጽ	N;PSS(2,PL)	ቅርጻችሁ
ቅርጽ	N;PSS(2,SG,FEM)	ቅርጽሽ
ቅርጽ	N;PSS(2,SG,FORM)	ቅርጽዎ
ቅርጽ	N;PSS(3,SG,MASC)	ቅርጾ
ቆመ	V.CVB;NOM(1,SG)	ቆምቼ
ቆመ	V;IMP;NOM(1,PL)	እንቆም
ቆመ	V;IMP;NOM(2,PL)	ቆም
ቆመ	V;IPFV;NFIN;NOM(2,PL)	ትቆም
ቆመ	V;IPFV;NFIN;NOM(3,PL)	ይቆም
ቆመ	V;IPFV;NFIN;NOM(FEM;3,SG)	ትቆም
ቆመ	V;IPFV;NOM(1,PL)	እንቆማለን
ቆመ	V;IPFV;NOM(2,PL)	ትቆማላችሁ
ቆመ	V;IPFV;NOM(FEM;2,SG)	ትቆማለሽ
ቆመ	V;PFV;NOM(1,PL)	ቆምን
ቆመ	V;PFV;NOM(2,PL)	ቆምታችሁ
ቆመ	V;PFV;NOM(MASC;3,SG)	ቆም
ቆመ	V;PRF;NOM(1,SG)	ቆማለሁ
ቆመ	V;PRF;NOM(MASC;2,SG)	ቆምተህ
ቆጠረ	V.CVB;NOM(FEM;3,SG)	ቆጥረች
ቆጠረ	V;IMP;NOM(1,SG)	ልቆጥር
ቆጠረ	V;IMP;NOM(2,PL)	ቆጥሩ
ቆጠረ	V;IMP;NOM(3,PL)	ይቆጥሩ
ቆጠረ	V;IPFV;NFIN;NOM(MASC;2,SG)	ትቆጥሩ
ቆጠረ	V;IPFV;NOM(1,SG)	እቆጥራለሁ
ቆጠረ	V;IPFV;NOM(3,PL)	ይቆጥራሉ
ቆጠረ	V;IPFV;NOM(FEM;3,SG)	ትቆጥራለች
ቆጠረ	V;PFV;NOM(1,SG)	ቆጠርኩ
ቆጠረ	V;PFV;NOM(FEM;2,SG)	ቆጥረሽ
ቆጠረ	V;PFV;NOM(FEM;3,SG)	ቆጠረች
ቆጠረ	V;PRF;NOM(1,PL)	ቆጥራችን
ቆጠረ	V;PRF;NOM(1,SG)	ቆጥራለሁ
ቆጠረ	V;PRF;NOM(FEM;2,SG)	ቆጥረሻል
በድን	N	በድን
በድን	N;DEF;MASC	በድኑ
በድን	N;PL;PSS(1,SG)	በድኖቼ
በድን	N;PL;PSS(2,PL)	በድኖቻችሁ
በድን	N;PL;PSS(2,SG,FORM)	በድኖችዎ
በድን	N;PL;PSS(2,SG,MASC)	በድኖችህ
በድን	N;PL;PSS(3,PL)	በድኖቻቸው
በድን	N;PL;PSS(3,SG,FEM)	በድኖቿ
በድን	N;PL;PSS(3,SG,MASC)	በድኖቹ
በድን	N;PSS(1,PL)	በድናችን
በድን	N;PSS(1,SG)	በድናለሁ
በድን	N;PSS(3,SG,FEM)	በድኑ
በድን	N;PSS(3,SG,MASC)	በድኑ
ብረት	N	ብረት
ብረት	N;DEF;MASC	ብረቱ
ብረት	N;DEF;PL	ብረቶቹ
ብረት	N;PL	ብረቶች
ተሰባሰበ	V.CVB;NOM(MASC;3,SG)	ተሰባስብ
ተሰባሰበ	V.MSDR	መሰባስብ
ተሰባሰበ	V;IMP;NOM(MASC;3,SG)	ይሰባስብ
ተሰባሰበ	V;IPFV;NFIN;NOM(MASC;3,SG)	ይሰባስብ
ተሰባሰበ	V;IPFV;NOM(MASC;3,SG)	ይሰባስብያለች
ተሰባሰበ	V;PFV;NOM(MASC;3,SG)	ተሰባስበ
ተሰባሰበ	V;PRF;NOM(MASC;3,SG)	ተሰባስብህ
ተስተካከለ	V.CVB;NOM(MASC;3,SG)	ተስተካክል
ተስተካከለ	V.MSDR	መስተካከል
ተስተካከለ	V;IMP;NOM(MASC;3,SG)	ይስተካክል
ተስተካከለ	V;IPFV;NFIN;NOM(MASC;3,SG)	ይስተካከል
ተስተካከለ	V;IPFV;NOM(MASC;3,SG)	ይስተካከላል
ተስተካከለ	V;PFV;NOM(MASC;3,SG)	ተስተካከል
ተስተካከለ	V;PRF;NOM(MASC;3,SG)	ተስተካክለው
ተቀበለ	V.CVB;NOM(1,PL)	ተቀበላን
ተቀበለ	V.CVB;NOM(2,PL)	ተቀብላችሁ
ተቀበለ	V.CVB;NOM(3,PL)	ተቀበላው
ተቀበለ	V.CVB;NOM(MASC;3,SG)	ተቀበል
ተቀበለ	V;IMP;NOM(1,SG)	ልቀበል
ተቀበለ	V;IMP;NOM(3,PL)	ይቀበል
ተቀበለ	V;IPFV;NFIN;NOM(1,PL)	እንቀበል
ተቀበለ	V;IPFV;NFIN;NOM(2,PL)	ትቀበሉ
ተቀበለ	V;IPFV;NFIN;NOM(MASC;2,SG)	ትቀበል
ተቀበለ	V;IPFV;NOM(3,PL)	ይቀበላሉ
ተቀበለ	V;IPFV;NOM(MASC;3,SG)	ይቀበላል
ተቀበለ	V;PFV;NOM(1,PL)	ተቀበላን
ተቀበለ	V;PRF;NOM(2,PL)	ተቀብላችኋል
ተቀበለ	V;PRF;NOM(FEM;2,SG)	ተቀብላለሽ
ተቻለ	V.CVB;NOM(MASC;3,SG)	ተችል
ተቻለ	V.MSDR	መቻለት
ተቻለ	V;IMP;NOM(MASC;3,SG)	ይችል
ተቻለ	V;IPFV;NFIN;NOM(MASC;3,SG)	ይችል
ተቻለ	V;IPFV;NOM(MASC;3,SG)	ይችሉ
ተቻለ	V;PFV;NOM(MASC;3,SG)	ተችለው
ተቻለ	V;PRF;NOM(MASC;3,SG)	ተችለው
ተንገላታ	V.CVB;NOM(3,PL)	ተንገላታቸው
ተንገላታ	V.CVB;NOM(FEM;3,SG)	ተንገላታች
ተንገላታ	V;IMP;NOM(1,SG)	ልንገላት
ተንገላታ	V;IMP;NOM(2,PL)	ተንገላቱ
ተንገላታ	V;IMP;NOM(FEM;3,SG)	ትንገላት
ተንገላታ	V;IMP;NOM(MASC;2,SG)	ተንገላት
ተንገላታ	V;IPFV;NFIN;NOM(FEM;2,SG)	ትንገላት
ተንገላታ	V;IPFV;NFIN;NOM(MASC;3,SG)	ይንገላት
ተንገላታ	V;PFV;NOM(1,SG)	ተንገላታለሁ
ተንገላታ	V;PFV;NOM(2,PL)	ተንገላታችሁ
ተንገላታ	V;PFV;NOM(3,PL)	ተንገላታቸው
ተንገላታ	V;PFV;NOM(FEM;2,SG)	ተንገላታሽ
ተንገላታ	V;PRF;NOM(1,PL)	ተንገላታችን
ተወያየ	V.CVB;NOM(2,PL)	ተወያያችሁ
ተወያየ	V.CVB;NOM(3,PL)	ተወያየዋል
ተወያየ	V;IMP;NOM(1,PL)	እንወያይ
ተወያየ	V;IMP;NOM(3,PL)	ይወያይ
ተወያየ	V;IPFV;NFIN;NOM(1,PL)	እንወያይ
ተወያየ	V;IPFV;NFIN;NOM(2,PL)	ትወያዩ
ተወያየ	V;IPFV;NOM(1,PL)	እንወያያለን
ተወያየ	V;IPFV;NOM(2,PL)	ትወያያላችሁ
ተወያየ	V;IPFV;NOM(3,PL)	ይወያያላችዎ
ተወያየ	V;PFV;NOM(1,PL)	ተወያየን
ተወያየ	V;PFV;NOM(2,PL)	ተወያያችሁ
ተወያየ	V;PFV;NOM(3,PL)	ተወያየዋል
ተወያየ	V;PRF;NOM(2,PL)	ተወያያችኋል
ተወያየ	V;PRF;NOM(3,PL)	ተወያያቸው
ተወዳደረ	V.CVB;NOM(1,PL)	ተወዳደረን
ተወዳደረ	V.CVB;NOM(3,PL)	ተወዳደረው
ተወዳደረ	V.MSDR	መወዳደር
ተወዳደረ	V;IMP;NOM(1,PL)	እንወዳደር
ተወዳደረ	V;IPFV;NFIN;NOM(1,PL)	እንወዳደር
ተወዳደረ	V;IPFV;NFIN;NOM(3,PL)	ይወዳደር
ተወዳደረ	V;IPFV;NOM(1,PL)	እንወዳደራለን
ተወዳደረ	V;IPFV;NOM(3,PL)	ይወዳደራሉ
ተወዳደረ	V;PFV;NOM(1,PL)	ተወዳደረን
ተወዳደረ	V;PFV;NOM(2,PL)	ተወዳደራችሁ
ተወዳደረ	V;PFV;NOM(3,PL)	ተወዳደረዋል
ተወዳደረ	V;PRF;NOM(1,PL)	ተወዳደራን
ተወዳደረ	V;PRF;NOM(2,PL)	ተወዳደራችኋል
ተወዳደረ	V;PRF;NOM(3,PL)	ተወዳደራቸው
ተዋረደ	V.CVB;NOM(1,PL)	ተዋርደናል
ተዋረደ	V.CVB;NOM(MASC;3,SG)	ተዋርደ
ተዋረደ	V;IPFV;NFIN;NOM(1,SG)	እዋረድ
ተዋረደ	V;IPFV;NFIN;NOM(2,PL)	ትዋረዱ
ተዋረደ	V;IPFV;NFIN;NOM(3,PL)	ይዋረዱ
ተዋረደ	V;IPFV;NFIN;NOM(FEM;2,SG)	ትዋረድ
ተዋረደ	V;IPFV;NFIN;NOM(FEM;3,SG)	ትዋረዱ
ተዋረደ	V;IPFV;NOM(MASC;3,SG)	ይዋረዳል
ተዋረደ	V;PFV;NOM(1,SG)	ተዋርደኩ
ተዋረደ	V;PFV;NOM(3,PL)	ተዋርደዋል
ተዋረደ	V;PFV;NOM(FEM;3,SG)	ተዋረደች
ተዋረደ	V;PRF;NOM(2,PL)	ተዋርዳችኋል
ተዋረደ	V;PRF;NOM(3,PL)	ተዋርደዋል
ተዋረደ	V;PRF;NOM(MASC;2,SG)	ተዋርደሀል
ተዘረጋ	V.CVB;NOM(FEM;3,SG)	ተዘርጋች
ተዘረጋ	V.MSDR	መዘረጋ
ተዘረጋ	V;IMP;NOM(MASC;2,SG)	ይዘረጋ
ተዘረጋ	V;IPFV;NFIN;NOM(1,SG)	እዘረጋ
ተዘረጋ	V;IPFV;NFIN;NOM(2,PL)	ትዘረጋ
ተዘረጋ	V;IPFV;NFIN;NOM(MASC;2,SG)	ትዘረጋ
ተዘረጋ	V;IPFV;NFIN;NOM(MASC;3,SG)	ይዘረጋ
ተዘረጋ	V;IPFV;NOM(3,PL)	ይዘረጋላችዎ
ተዘረጋ	V;IPFV;NOM(FEM;3,SG)	ትዘረጋለች
ተዘረጋ	V;PFV;NOM(1,SG)	ተዘረጋለሁ
ተዘረጋ	V;PFV;NOM(3,PL)	ተዘረጋቸው
ተዘረጋ	V;PFV;NOM(MASC;2,SG)	ተዘረጋል
ተዘረጋ	V;PRF;NOM(1,PL)	ተዘርጋችን
ተዘረጋ	V;PRF;NOM(FEM;2,SG)	ተዘርጋለሽ
ተገታ	V.CVB;NOM(MASC;3,SG)	ተገትተህ
ተገታ	V.MSDR	መገት
ተገታ	V;IMP;NOM(MASC;3,SG)	ይገት
ተገታ	V;IPFV;NFIN;NOM(MASC;3,SG)	ይገት
ተገታ	V;IPFV;NOM(MASC;3,SG)	ይገታል
ተገታ	V;PFV;NOM(MASC;3,SG)	ተገታ
ተገታ	V;PRF;NOM(MASC;3,SG)	ተገትተው
ተጋጠመ	V.CVB;NOM(MASC;3,SG)	ተጋጠም
ተጋጠመ	V.MSDR	መጋጠም
ተጋጠመ	V;IMP;NOM(MASC;3,SG)	ይጋጠም
ተጋጠመ	V;IPFV;NFIN;NOM(MASC;3,SG)	ይጋጠም
ተጋጠመ	V;IPFV;NOM(MASC;3,SG)	ይጋጠማል
ተጋጠመ	V;PFV;NOM(MASC;3,SG)	ተጋጠም
ተጋጠመ	V;PRF;NOM(MASC;3,SG)	ተጋጠምተው
ተጠመቀ	V.CVB;NOM(MASC;3,SG)	ተጠመቅ
ተጠመቀ	V.MSDR	መጠመቅ
ተጠመቀ	V;IMP;NOM(MASC;3,SG)	ይጠመቅ
ተጠመቀ	V;IPFV;NFIN;NOM(MASC;3,SG)	ይጠመቅ
ተጠመቀ	V;IPFV;NOM(MASC;3,SG)	ይጠመቅያል
ተጠመቀ	V;PFV;NOM(MASC;3,SG)	ተጠመቀ
ተጠመቀ	V;PRF;NOM(MASC;3,SG)	ተጠምቀው
ተጠቀመ	V.CVB;NOM(1,PL)	ተጠቅምን
ተጠቀመ	V.CVB;NOM(MASC;3,SG)	ተጠቅም
ተጠቀመ	V;IMP;NOM(1,SG)	ልጠቅም
ተጠቀመ	V;IMP;NOM(FEM;3,SG)	ትጠቅም
ተጠቀመ	V;IPFV;NFIN;NOM(1,PL)	እንጠቀም
ተጠቀመ	V;IPFV;NOM(1,PL)	እንጠቅማለን
ተጠቀመ	V;IPFV;NOM(3,PL)	ይጠቀማሉ
ተጠቀመ	V;IPFV;NOM(MASC;2,SG)	ትጠቀማለህ
ተጠቀመ	V;PFV;NOM(2,PL)	ተጠቀምታችሁ
ተጠቀመ	V;PRF;NOM(2,PL)	ተጠቅምታችኋል
ተጠቀመ	V;PRF;NOM(FEM;3,SG)	ተጠቅምታለች
ተጠቀመ	V;PRF;NOM(MASC;2,SG)	ተጠቀምተህ
ተጠቀመ	V;PRF;NOM(MASC;3,SG)	ተጠቅምተው
ተፈረደ	V.CVB;NOM(MASC;3,SG)	ተፈርደ
ተፈረደ	V.MSDR	መፈረድ
ተፈረደ	V;IPFV;NFIN;NOM(MASC;3,SG)	ይፈረድ
ተፈረደ	V;IPFV;NOM(MASC;3,SG)	ይፈረዳል
ተፈረደ	V;PFV;NOM(MASC;3,SG)	ተፈረደ
ተፈረደ	V;PRF;NOM(MASC;3,SG)	ተፈርደው
ታሰበ	V.CVB;NOM(MASC;3,SG)	ታስብ
ታሰበ	V.MSDR	መታስብ
ታሰበ	V;IMP;NOM(MASC;3,SG)	ይታስብ
ታሰበ	V;IPFV;NFIN;NOM(MASC;3,SG)	ይታስብ
ታሰበ	V;IPFV;NOM(MASC;3,SG)	ይታስባል
ታሰበ	V;PFV;NOM(MASC;3,SG)	ታስበ
ታሰበ	V;PRF;NOM(MASC;3,SG)	ታስባለች
ነገር	N	ነገር
ነገር	N;DEF;FEM	ነገሩ
ነገር	N;DEF;MASC	ነገሩ
ነገር	N;DEF;PL	ነግሮቹ
ነገር	N;PL	ነገሮች
ነገር	N;PL;PSS(1,PL)	ነገሮቻችን
ነገር	N;PL;PSS(1,SG)	ነግሮቼ
ነገር	N;PL;PSS(2,PL)	ነገሮቻችሁ
ነገር	N;PL;PSS(2,SG,MASC)	ነግሮችህ
ነገር	N;PL;PSS(3,PL)	ነግሮቻቸው
ነገር	N;PL;PSS(3,SG,MASC)	ነግሮቹ
ነገር	N;PSS(2,PL)	ነገራችሁ
ነገር	N;PSS(3,SG,FEM)	ነገሩ
ነገር	N;PSS(3,SG,MASC)	ነገር
ንጹሕ	ADJ	ንጹሕ
ንጹሕ	ADJ;DEF;FEM	ንጹሑ
ንጹሕ	ADJ;DEF;MASC	ንጹሑ
አለፈ	V.CVB;NOM(2,PL)	አልፋችሁ
አለፈ	V.CVB;NOM(FEM;2,SG)	አልፈሽ
አለፈ	V.CVB;NOM(FEM;3,SG)	አልፈች
አለፈ	V.CVB;NOM(MASC;2,SG)	አልፈህ
አለፈ	V;IMP;NOM(MASC;3,SG)	ያልፍ
አለፈ	V;IPFV;NFIN;NOM(3,PL)	ያልፍ
አለፈ	V;IPFV;NFIN;NOM(FEM;3,SG)	ታልፍ
አለፈ	V;IPFV;NFIN;NOM(MASC;3,SG)	ያልፍ
አለፈ	V;IPFV;NOM(MASC;3,SG)	ያልፍያለች
አለፈ	V;PFV;NOM(3,PL)	አልፈዋል
አለፈ	V;PFV;NOM(FEM;3,SG)	አልፈች
አለፈ	V;PRF;NOM(FEM;3,SG)	አልፈች
አለፈ	V;PRF;NOM(MASC;3,SG)	አልፈው
አስጠነቀቀ	V.CVB;NOM(1,SG)	አስጠንቀቀሁ
አስጠነቀቀ	V.CVB;NOM(FEM;2,SG)	አስጠነቀቀሽ
አስጠነቀቀ	V;IMP;NOM(3,PL)	ያስጠነቅቅ
አስጠነቀቀ	V;IMP;NOM(FEM;2,SG)	ታስጠነቅቅ
አስጠነቀቀ	V;IMP;NOM(FEM;3,SG)	ታስጠነቅቅ
አስጠነቀቀ	V;IPFV;NFIN;NOM(MASC;2,SG)	ታስጠነቅቅ
አስጠነቀቀ	V;IPFV;NOM(FEM;2,SG)	ታስጠነቅቃለሽ
አስጠነቀቀ	V;IPFV;NOM(MASC;3,SG)	ያስጠነቅቋል
አስጠነቀቀ	V;PFV;NOM(1,PL)	አስጠነቀቅን
አስጠነቀቀ	V;PFV;NOM(2,PL)	አስጠነቅቀችኋል
አስጠነቀቀ	V;PFV;NOM(FEM;2,SG)	አስጠነቀቀሽ
አስጠነቀቀ	V;PRF;NOM(2,PL)	አስጠንቅቀችኋል
አስጠነቀቀ	V;PRF;NOM(FEM;2,SG)	አስጠንቀቀሽ
አስጠነቀቀ	V;PRF;NOM(MASC;3,SG)	አስጠንቅቀው
አሸ	V.CVB;NOM(2,PL)	አሽታችሁ
አሸ	V;IMP;NOM(1,PL)	እንአሽ
አሸ	V;IPFV;NFIN;NOM(1,SG)	እናሽ
አሸ	V;IPFV;NFIN;NOM(2,PL)	ታሻላችሁ
አሸ	V;IPFV;NFIN;NOM(FEM;2,SG)	ታሽ
አሸ	V;IPFV;NOM(2,PL)	ታሽሁ
አሸ	V;IPFV;NOM(MASC;3,SG)	ያሽ
አሸ	V;PFV;NOM(1,SG)	አሽኩ
አሸ	V;PFV;NOM(MASC;3,SG)	አሽ
አሸ	V;PRF;NOM(1,PL)	አሽናል
አሸ	V;PRF;NOM(1,SG)	አሽታለሁ
አሸ	V;PRF;NOM(2,PL)	አሽታችኋል
አሸ	V;PRF;NOM(FEM;2,SG)	አሽታለሽ
አሸ	V;PRF;NOM(FEM;3,SG)	አሽታለች
አባልነት	N	አባልነት
አባልነት	N;DEF;MASC	አባልነቱ
አባልነት	N;PSS(1,PL)	አባልነታችን
አባልነት	N;PSS(1,SG)	አባልነቴ
አባልነት	N;PSS(2,PL)	አባልነታችሁ
አባልነት	N;PSS(2,SG,FEM)	አባልነትሽ
አባልነት	N;PSS(2,SG,FORM)	አባልነትዎ
አባልነት	N;PSS(2,SG,MASC)	አባልነትህ
አባልነት	N;PSS(3,PL)	አባልነታቸው
አባልነት	N;PSS(3,SG,FEM)	አባልነቷ
አባልነት	N;PSS(3,SG,MASC)	አባልነቱ
አተረፈ	V.CVB;NOM(3,PL)	አተረፈው
አተረፈ	V;IMP;NOM(2,PL)	ታተረፍ
አተረፈ	V;IMP;NOM(3,PL)	ያተረፍ
አተረፈ	V;IMP;NOM(MASC;2,SG)	ያተረፍ
አተረፈ	V;IPFV;NFIN;NOM(2,PL)	ታትረፍ
አተረፈ	V;IPFV;NFIN;NOM(FEM;3,SG)	ታትረፍ
አተረፈ	V;IPFV;NOM(1,PL)	እናተረፋለን
አተረፈ	V;IPFV;NOM(3,PL)	ያተረፋላችዎ
አተረፈ	V;PFV;NOM(1,PL)	አተረፈን
አተረፈ	V;PFV;NOM(FEM;2,SG)	አተረፈሽ
አተረፈ	V;PFV;NOM(MASC;3,SG)	አተረፈ
አተረፈ	V;PRF;NOM(1,SG)	አተረፋለሁ
አተረፈ	V;PRF;NOM(MASC;2,SG)	አተረፈህ
አተረፈ	V;PRF;NOM(MASC;3,SG)	አተረፈው
አንቀፅ	N	አንቀፅ
አንቀፅ	N;DEF;MASC	አንቀፅ
አንቀፅ	N;PL	አንቀፆች
አንድ	N	አንድ
አንድ	N;DEF;FEM	አንዱ
አንድ	N;DEF;FEM;LGSPEC1	አንዱ
አንድ	N;DEF;MASC	አንዱ
አንድ	N;PSS(1,PL)	አንዳችን
አንድ	N;PSS(1,SG)	አንዴ
አንድ	N;PSS(2,PL)	አንዳችሁ
አንድ	N;PSS(2,SG,FEM)	አንድሽ
አንድ	N;PSS(2,SG,FORM)	አንድዎ
አንድ	N;PSS(2,SG,MASC)	አንድህ
አንድ	N;PSS(3,PL)	አንዳቸው
አንድ	N;PSS(3,SG,FEM)	አንዴ
አንድ	N;PSS(3,SG,MASC)	አንዱ
አከለ	V.CVB;NOM(MASC;3,SG)	አክለው
አከለ	V.MSDR	ማከል
አከለ	V;IMP;NOM(MASC;3,SG)	ያክል
አከለ	V;IPFV;NFIN;NOM(MASC;3,SG)	ያከል
አከለ	V;IPFV;NOM(MASC;3,SG)	ያከላለች
አከለ	V;PFV;NOM(MASC;3,SG)	አከል
አከለ	V;PRF;NOM(MASC;3,SG)	አክለው
አከበረ	V.CVB;NOM(FEM;2,SG)	አክብረሽ
አከበረ	V.MSDR	ማክበር
አከበረ	V;IMP;NOM(1,PL)	እናክብር
አከበረ	V;IMP;NOM(1,SG)	ላክብር
አከበረ	V;IMP;NOM(FEM;3,SG)	ታክብር
አከበረ	V;IMP;NOM(MASC;3,SG)	ያክብር
አከበረ	V;IPFV;NFIN;NOM(3,PL)	ያክብር
አከበረ	V;IPFV;NOM(FEM;2,SG)	ታክብራለሽ
አከበረ	V;PFV;NOM(FEM;3,SG)	አክብረች
አከበረ	V;PFV;NOM(MASC;3,SG)	አክብረ
አከበረ	V;PRF;NOM(1,PL)	አክብረናል
አከበረ	V;PRF;NOM(2,PL)	አክብራችኋል
አከበረ	V;PRF;NOM(FEM;2,SG)	አክብረሻል
አከበረ	V;PRF;NOM(MASC;3,SG)	አክብረው
አየ	V.CVB;NOM(1,SG)	አይታለሁ
አየ	V.CVB;NOM(FEM;2,SG)	አይታለሽ
አየ	V.CVB;NOM(MASC;2,SG)	አይተህ
አየ	V.CVB;NOM(MASC;3,SG)	አይተው
አየ	V;IMP;NOM(1,PL)	እንአይ
አየ	V;IMP;NOM(MASC;3,SG)	ያይ
አየ	V;IPFV;NFIN;NOM(FEM;2,SG)	ታያለሽ
አየ	V;IPFV;NOM(2,PL)	ታያላችሁ
አየ	V;IPFV;NOM(FEM;2,SG)	ታይሽ
አየ	V;PFV;NOM(1,PL)	አይናል
አየ	V;PFV;NOM(2,PL)	አይታችሁ
አየ	V;PFV;NOM(3,PL)	አይተዋል
አየ	V;PFV;NOM(FEM;3,SG)	አይተች
አየ	V;PRF;NOM(FEM;3,SG)	አይታለች
አይጥ	N	አይጥ
አይጥ	N;DEF;MASC	አይጡ
አይጥ	N;DEF;PL	አይጦቹ
አይጥ	N;PL	አይጦች
አደገ	V.CVB;NOM(2,PL)	አደጋችሁ
አደገ	V.CVB;NOM(FEM;2,SG)	አደግሽ
አደገ	V.CVB;NOM(FEM;3,SG)	አደገች
አደገ	V.CVB;NOM(MASC;2,SG)	አደግተህ
አደገ	V;IMP;NOM(FEM;2,SG)	ታደግ
አደገ	V;IMP;NOM(MASC;3,SG)	ያደግ
አደገ	V;IPFV;NFIN;NOM(2,PL)	ታደግ
አደገ	V;IPFV;NFIN;NOM(MASC;3,SG)	ያደግ
አደገ	V;IPFV;NOM(1,SG)	አደጋለሁ
አደገ	V;PFV;NOM(2,PL)	አደጋችሁ
አደገ	V;PRF;NOM(1,PL)	አደጋችን
አደገ	V;PRF;NOM(2,PL)	አደጋችኋል
አደገ	V;PRF;NOM(FEM;3,SG)	አደገች
አደገ	V;PRF;NOM(MASC;3,SG)	አደግተው
አጠራጠረ	V.CVB;NOM(MASC;3,SG)	አጠራጥር
አጠራጠረ	V.MSDR	ማጠራጥር
አጠራጠረ	V;IMP;NOM(MASC;3,SG)	ያጠራጥር
አጠራጠረ	V;IPFV;NFIN;NOM(MASC;3,SG)	ያጠራጥር
አጠራጠረ	V;IPFV;NOM(MASC;3,SG)	ያጠራጥራል
አጠራጠረ	V;PFV;NOM(MASC;3,SG)	አጠራጥረ
አጠራጠረ	V;PRF;NOM(MASC;3,SG)	አጠራጥረው
አጠበ	V.CVB;NOM(MASC;3,SG)	አጠብ
አጠበ	V;IMP;NOM(3,PL)	ያጠብ
አጠበ	V;IPFV;NFIN;NOM(1,SG)	እናጠብ
አጠበ	V;IPFV;NFIN;NOM(2,PL)	ታጠብ
አጠበ	V;IPFV;NOM(FEM;2,SG)	ታጠባለች
አጠበ	V;PFV;NOM(1,PL)	አጠብን
አጠበ	V;PFV;NOM(1,SG)	አጠብኩ
አጠበ	V;PFV;NOM(3,PL)	አጠብተዋል
አጠበ	V;PFV;NOM(FEM;3,SG)	አጠበች
አጠበ	V;PFV;NOM(MASC;2,SG)	አጠብክ
አጠበ	V;PFV;NOM(MASC;3,SG)	አጠብ
አጠበ	V;PRF;NOM(3,PL)	አጠብዋል
አጠበ	V;PRF;NOM(FEM;2,SG)	አጠብታለሽ
አጠበ	V;PRF;NOM(FEM;3,SG)	አጠብታለች
እስራኤል	N	እስራኤል
እስራኤል	N;DEF;MASC	እስራኤሉ
እስራኤል	N;DEF;PL	እስራኤላቸው
እስራኤል	N;PL	እስራኤሎች
እጥረት	N	እጥረት
እጥረት	N;DEF;MASC	እጥረቱ
እጥረት	N;DEF;PL	እጥረቶቹ
እጥረት	N;PL	እጥረቶች
ከፈተ	V.CVB;NOM(1,PL)	ከፍተናል
ከፈተ	V.CVB;NOM(1,SG)	ከፍታለሁ
ከፈተ	V.MSDR	መከፈት
ከፈተ	V;IMP;NOM(2,PL)	ትከፍቱ
ከፈተ	V;IMP;NOM(FEM;3,SG)	ትከፍት
ከፈተ	V;IPFV;NFIN;NOM(1,SG)	እከፍቱ
ከፈተ	V;IPFV;NFIN;NOM(MASC;3,SG)	ይከፍቱ
ከፈተ	V;IPFV;NOM(1,PL)	እንከፍታለን
ከፈተ	V;IPFV;NOM(2,PL)	ትከፍታላችሁ
ከፈተ	V;IPFV;NOM(3,PL)	ይከፍታሉ
ከፈተ	V;IPFV;NOM(FEM;2,SG)	ትከፍታለሽ
ከፈተ	V;PFV;NOM(1,PL)	ከፈትን
ከፈተ	V;PRF;NOM(1,SG)	ከፍታለሁ
ከፈተ	V;PRF;NOM(FEM;2,SG)	ከፍተሻል
ክበብ	N	ክበብ
ክበብ	N;DEF;MASC	ክበቡ
ክበብ	N;DEF;PL	ክበቦቹ
ክበብ	N;PL	ክበቦች
ክንፍ	N	ክንፍ
ክንፍ	N;DEF;MASC	ክንፉ
ክንፍ	N;PL;PSS(1,PL)	ክንፎቻችን
ክንፍ	N;PL;PSS(2,PL)	ክንፎቻችሁ
ክንፍ	N;PL;PSS(2,SG,FEM)	ክንፎችሽ
ክንፍ	N;PL;PSS(2,SG,FORM)	ክንፎችዎ
ክንፍ	N;PL;PSS(2,SG,MASC)	ክንፎችህ
ክንፍ	N;PL;PSS(3,SG,MASC)	ክንፎቹ
ክንፍ	N;PSS(1,PL)	ክንፎቻችን
ክንፍ	N;PSS(1,SG)	ክንፎቼ
ክንፍ	N;PSS(2,PL)	ክንፋችሁ
ክንፍ	N;PSS(2,SG,FEM)	ክንፍሽ
ክንፍ	N;PSS(3,PL)	ክንፎቻቸው
ክንፍ	N;PSS(3,SG,MASC)	ክንፍ
ወረረ	V.CVB;NOM(FEM;2,SG)	ወርረሽ
ወረረ	V.CVB;NOM(FEM;3,SG)	ወርረች
ወረረ	V.CVB;NOM(MASC;2,SG)	ወርረህ
ወረረ	V.CVB;NOM(MASC;3,SG)	ወርር
ወረረ	V.MSDR	መወረር
ወረረ	V;IPFV;NFIN;NOM(2,PL)	ትወረሩ
ወረረ	V;IPFV;NFIN;NOM(3,PL)	ይወረር
ወረረ	V;IPFV;NFIN;NOM(FEM;2,SG)	ትወረራ
ወረረ	V;IPFV;NFIN;NOM(FEM;3,SG)	ትወረር
ወረረ	V;IPFV;NFIN;NOM(MASC;3,SG)	ይወረር
ወረረ	V;PFV;NOM(1,PL)	ወረራን
ወረረ	V;PFV;NOM(2,PL)	ወረራችሁ
ወረረ	V;PFV;NOM(MASC;2,SG)	ወረረህ
ወረረ	V;PRF;NOM(MASC;3,SG)	ወርረው
ወደቀ	V.CVB;NOM(1,SG)	ወድቃለሁ
ወደቀ	V.CVB;NOM(3,PL)	ወድቀው
ወደቀ	V;IMP;NOM(MASC;3,SG)	ይወድቅ
ወደቀ	V;IPFV;NFIN;NOM(1,PL)	እንወድቅ
ወደቀ	V;IPFV;NFIN;NOM(FEM;3,SG)	ትወድቅ
ወደቀ	V;IPFV;NOM(1,PL)	እንወድቃለን
ወደቀ	V;IPFV;NOM(2,PL)	ትወድቅዋላችሁ
ወደቀ	V;IPFV;NOM(FEM;3,SG)	ትወድቃለች
ወደቀ	V;IPFV;NOM(MASC;2,SG)	ትወድቃለህ
ወደቀ	V;PFV;NOM(2,PL)	ወድቅታችሁ
ወደቀ	V;PFV;NOM(MASC;2,SG)	ወድቀህ
ወደቀ	V;PRF;NOM(FEM;3,SG)	ወድቃለች
ወደቀ	V;PRF;NOM(MASC;2,SG)	ወድቀህ
ዕውቀት	N	ዕውቀት
ዕውቀት	N;DEF;MASC	ዕውቀቱ
ዕውቀት	N;PL	ዕውቀቶች
ዕውቀት	N;PL;PSS(1,PL)	ዕውቀቶቻችን
ዕውቀት	N;PL;PSS(1,SG)	ዕውቀቶቼ
ዕውቀት	N;PL;PSS(2,PL)	ዕውቀቶቻችሁ
ዕውቀት	N;PL;PSS(2,SG,MASC)	ዕውቀቶችህ
ዕውቀት	N;PL;PSS(3,PL)	ዕውቀቶቻቸው
ዕውቀት	N;PSS(1,PL)	ዕውቀታችን
ዕውቀት	N;PSS(2,PL)	ዕውቀታችሁ
ዕውቀት	N;PSS(2,SG,FEM)	ዕውቀትሽ
ዕውቀት	N;PSS(2,SG,FORM)	ዕውቀትዎ
ዕውቀት	N;PSS(2,SG,MASC)	ዕውቀትህ
ዕውቀት	N;PSS(3,SG,MASC)	ዕውቀቱ
ዕጣን	N	ዕጣን
ዕጣን	N;DEF;MASC	ዕጣኗ
ዘመተ	V.CVB;NOM(FEM;2,SG)	ዘመትሽ
ዘመተ	V.CVB;NOM(MASC;3,SG)	ዘመት
ዘመተ	V;IMP;NOM(3,PL)	ይዘመቱ
ዘመተ	V;IMP;NOM(FEM;3,SG)	ትዘመት
ዘመተ	V;IPFV;NFIN;NOM(1,PL)	እንዘመቱ
ዘመተ	V;IPFV;NFIN;NOM(1,SG)	እዘመት
ዘመተ	V;IPFV;NFIN;NOM(3,PL)	ይዘመቱ
ዘመተ	V;IPFV;NFIN;NOM(FEM;2,SG)	ትዘመት
ዘመተ	V;IPFV;NFIN;NOM(FEM;3,SG)	ትዘመቱ
ዘመተ	V;IPFV;NFIN;NOM(MASC;3,SG)	ይዘመት
ዘመተ	V;IPFV;NOM(MASC;2,SG)	ትዘመታለህ
ዘመተ	V;PFV;NOM(1,SG)	ዘመትኩ
ዘመተ	V;PRF;NOM(2,PL)	ዘመታችኋል
ዘመተ	V;PRF;NOM(FEM;3,SG)	ዘመትታለች
ዘመን	N;DEF;FEM	ዘመኑ
ዘመን	N;DEF;MASC	ዘመኑ
ዘመን	N;PL;LGSPEC1;PSS(1,PL)	ዘመኖቻችን
ዘመን	N;PL;LGSPEC1;PSS(3,PL)	ዘመኖቻቸው
ዘመን	N;PL;LGSPEC1;PSS(3,SG,FEM)	ዘመኖቿ
ዘመን	N;PL;PSS(1,PL)	ዘመኖቻችን
ዘመን	N;PL;PSS(1,SG)	ዘመኖቼ
ዘመን	N;PL;PSS(2,PL)	ዘመናታችሁ
ዘመን	N;PL;PSS(2,SG,FEM)	ዘመኖችሽ
ዘመን	N;PL;PSS(3,SG,FEM)	ዘመኖቿ
ዘመን	N;PL;PSS(3,SG,MASC)	ዘመኖቹ
ዘመን	N;PSS(1,SG)	ዘመኑ
ዞረ	V.CVB;NOM(1,SG)	ዞራለሁ
ዞረ	V.CVB;NOM(2,PL)	ዞራችሁ
ዞረ	V.CVB;NOM(MASC;3,SG)	ዞርተው
ዞረ	V.MSDR	መዞር
ዞረ	V;IMP;NOM(FEM;2,SG)	ትዞር
ዞረ	V;IMP;NOM(MASC;3,SG)	ይዞር
ዞረ	V;IPFV;NFIN;NOM(2,PL)	ትዞሩ
ዞረ	V;IPFV;NFIN;NOM(FEM;2,SG)	ትዞሩ
ዞረ	V;PFV;NOM(1,SG)	ዞርኩ
ዞረ	V;PFV;NOM(3,PL)	ዞረዋል
ዞረ	V;PFV;NOM(MASC;2,SG)	ዞርክ
ዞረ	V;PRF;NOM(FEM;2,SG)	ዞረሻል
ዞረ	V;PRF;NOM(MASC;2,SG)	ዞረህ
ዞረ	V;PRF;NOM(MASC;3,SG)	ዞርተው
ደመደመ	V.CVB;NOM(1,PL)	ደመደምን
ደመደመ	V.CVB;NOM(1,SG)	ደመደምኩ
ደመደመ	V.CVB;NOM(FEM;2,SG)	ደመደምሽ
ደመደመ	V;IMP;NOM(1,PL)	እንደመደም
ደመደመ	V;IMP;NOM(1,SG)	ልደመደም
ደመደመ	V;IMP;NOM(FEM;3,SG)	ትደመደም
ደመደመ	V;IMP;NOM(MASC;3,SG)	ይደመደም
ደመደመ	V;IPFV;NFIN;NOM(2,PL)	ትደመደም
ደመደመ	V;IPFV;NOM(1,PL)	እንደመደማለን
ደመደመ	V;IPFV;NOM(FEM;3,SG)	ትደመደማለች
ደመደመ	V;PFV;NOM(FEM;2,SG)	ደመደምችሽ
ደመደመ	V;PFV;NOM(MASC;2,SG)	ደመደምክ
ደመደመ	V;PRF;NOM(2,PL)	ደመደምታችኋል
ደኅንነት	N;DEF;MASC	ደኅንነቱ
ደኅንነት	N;DEF;PL	ደኅንነቶቹ
ደኅንነት	N;PL;PSS(2,PL)	ደኅንነቶቻችሁ
ደኅንነት	N;PL;PSS(2,SG,FEM)	ደኅንነቶችሽ
ደኅንነት	N;PL;PSS(2,SG,MASC)	ደኅንነቶችህ
ደኅንነት	N;PL;PSS(3,PL)	ደኅንነቶቻቸው
ደኅንነት	N;PL;PSS(3,SG,FEM)	ደኅንነቶቿ
ደኅንነት	N;PL;PSS(3,SG,MASC)	ደኅንነቶቹ
ደኅንነት	N;PSS(1,PL)	ደኅንነታችን
ደኅንነት	N;PSS(1,SG)	ደኅንነቴ
ደኅንነት	N;PSS(2,SG,FEM)	ደኅንነትሽ
ደኅንነት	N;PSS(3,PL)	ደኅንነታቸው
ደኅንነት	N;PSS(3,SG,FEM)	ደኅንነቷ
ደኅንነት	N;PSS(3,SG,MASC)	ደኅንነቱ
ዳር	N	ዳር
ዳር	N;DEF;MASC	ዳሩ
ዳር	N;PSS(1,PL)	ዳራችን
ዳር	N;PSS(1,SG)	ዳሮቼ
ዳር	N;PSS(2,PL)	ዳራችሁ
ዳር	N;PSS(2,SG,FEM)	ዳርሽ
ዳር	N;PSS(2,SG,FORM)	ዳርዎ
ዳር	N;PSS(2,SG,MASC)	ዳርህ
ዳር	N;PSS(3,PL)	ዳራቸው
ዳር	N;PSS(3,SG,FEM)	ዳር
ዳር	N;PSS(3,SG,MASC)	ዳር
ድርጅት	N;DEF;MASC	ድርጅቱ
ድርጅት	N;DEF;PL	ድርጅቶቹ
ድርጅት	N;PL	ድርጅቶች
ድርጅት	N;PL;PSS(1,PL)	ድርጅቶቻችን
ድርጅት	N;PL;PSS(1,SG)	ድርጅቶቼ
ድርጅት	N;PL;PSS(2,PL)	ድርጅቶቻችሁ
ድርጅት	N;PL;PSS(2,SG,FEM)	ድርጅቶችሽ
ድርጅት	N;PL;PSS(2,SG,FORM)	ድርጅቶችዎ
ድርጅት	N;PL;PSS(3,PL)	ድርጅቶቻቸው
ድርጅት	N;PSS(2,PL)	ድርጅታችሁ
ድርጅት	N;PSS(2,SG,FEM)	ድርጅትሽ
ድርጅት	N;PSS(3,PL)	ድርጅታቸው
ድርጅት	N;PSS(3,SG,FEM)	ድርጅቷ
ድርጅት	N;PSS(3,SG,MASC)	ድርጅቱ
ድፍረት	N	ድፍረት
ድፍረት	N;DEF;MASC	ድፍረቱ
ዶክተር	N	ዶክተር
ዶክተር	N;DEF;MASC	ዶክተሩ
ዶክተር	N;DEF;PL	ዶክተሮቹ
ዶክተር	N;PL	ዶክተሮች
ጀግንነት	N	ጀግንነት
ጀግንነት	N;DEF;MASC	ጀግንነቱ
ጀግንነት	N;PSS(1,PL)	ጀግንነታችን
ጀግንነት	N;PSS(1,SG)	ጀግንነቴ
ጀግንነት	N;PSS(2,PL)	ጀግንነታችሁ
ጀግንነት	N;PSS(2,SG,FEM)	ጀግንነትሽ
ጀግንነት	N;PSS(2,SG,FORM)	ጀግንነትዎ
ጀግንነት	N;PSS(2,SG,MASC)	ጀግንነትህ
ጀግንነት	N;PSS(3,PL)	ጀግንነታቸው
ጀግንነት	N;PSS(3,SG,FEM)	ጀግንነቷ
ጀግንነት	N;PSS(3,SG,MASC)	ጀግንነቱ
ገዳም	N	ገዳም
ገዳም	N;DEF;MASC	ገዳሙ
ገዳም	N;DEF;PL	ገዳሞቹ
ገዳም	N;PL	ገዳሞች
ግሩም	ADJ	ግሩም
ግሩም	ADJ;DEF;FEM	ግሩሙ
ግሩም	ADJ;DEF;MASC	ግሩሙ
ግብ	N	ግብ
ግብ	N;DEF;MASC	ግቡ
ግብ	N;DEF;PL	ግቦቹ
ግብ	N;PL;PSS(1,PL)	ግቦቻችን
ግብ	N;PL;PSS(2,SG,FEM)	ግቦችሽ
ግብ	N;PL;PSS(2,SG,MASC)	ግቦችህ
ግብ	N;PL;PSS(3,PL)	ግቦቻቸው
ግብ	N;PSS(1,PL)	ግባችን
ግብ	N;PSS(1,SG)	ግባለሁ
ግብ	N;PSS(2,PL)	ግባችሁ
ግብ	N;PSS(2,SG,FEM)	ግብሽ
ግብ	N;PSS(2,SG,FORM)	ግብዎ
ግብ	N;PSS(2,SG,MASC)	ግብህ
ግብ	N;PSS(3,SG,MASC)	ግቡ
ግብር	N;DEF;MASC	ግብሩ
ግብር	N;DEF;PL	ግብሮቹ
ግብር	N;PL;PSS(1,SG)	ግብሮቼ
ግብር	N;PL;PSS(2,PL)	ግብሮቻችሁ
ግብር	N;PL;PSS(2,SG,MASC)	ግብሮችህ
ግብር	N;PL;PSS(3,SG,FEM)	ግብሮቿ
ግብር	N;PL;PSS(3,SG,MASC)	ግብሮቹ
ግብር	N;PSS(1,PL)	ግብሮቻችን
ግብር	N;PSS(2,PL)	ግብራችሁ
ግብር	N;PSS(2,SG,FEM)	ግብርሽ
ግብር	N;PSS(2,SG,FORM)	ግብርዎ
ግብር	N;PSS(2,SG,MASC)	ግብርህ
ግብር	N;PSS(3,SG,FEM)	ግብሮ
ግብር	N;PSS(3,SG,MASC)	ግብር
ጠላት	N	ጠላት
ጠላት	N;DEF;FEM	ጠላቱ
ጠላት	N;DEF;MASC	ጠላቱ
ጠላት	N;DEF;PL	ጠላቶቹ
ጠላት	N;PL	ጠላቶች
ጠላት	N;PL;PSS(1,PL)	ጠላቶቻችን
ጠላት	N;PL;PSS(2,SG,FORM)	ጠላቶችዎ
ጠላት	N;PL;PSS(2,SG,MASC)	ጠላቶችህ
ጠላት	N;PL;PSS(3,SG,FEM)	ጠላቶቿ
ጠላት	N;PSS(1,PL)	ጠላታችን
ጠላት	N;PSS(1,SG)	ጠላቴ
ጠላት	N;PSS(2,SG,FEM)	ጠላትሽ
ጠላት	N;PSS(2,SG,FORM)	ጠላትዎ
ጠላት	N;PSS(3,SG,MASC)	ጠላቱ
ጠቆመ	V.CVB;NOM(MASC;2,SG)	ጠቆምተህ
ጠቆመ	V.CVB;NOM(MASC;3,SG)	ጠቆም
ጠቆመ	V;IMP;NOM(1,PL)	እንጠቆም
ጠቆመ	V;IMP;NOM(3,PL)	ይጠቆም
ጠቆመ	V;IPFV;NFIN;NOM(1,SG)	እጠቆም
ጠቆመ	V;IPFV;NFIN;NOM(MASC;3,SG)	ይጠቆም
ጠቆመ	V;IPFV;NOM(1,PL)	እንጠቆማለን
ጠቆመ	V;IPFV;NOM(1,SG)	እጠቆማለሁ
ጠቆመ	V;IPFV;NOM(3,PL)	ይጠቆማሉ
ጠቆመ	V;IPFV;NOM(MASC;3,SG)	ይጠቆማል
ጠቆመ	V;PFV;NOM(1,PL)	ጠቆምን
ጠቆመ	V;PFV;NOM(1,SG)	ጠቆምኩ
ጠቆመ	V;PRF;NOM(3,PL)	ጠቆመዋል
ጠቆመ	V;PRF;NOM(FEM;3,SG)	ጠቆምታለች
ጣሰ	V.CVB;NOM(FEM;2,SG)	ጣስሽ
ጣሰ	V.CVB;NOM(MASC;2,SG)	ጣስህ
ጣሰ	V;IMP;NOM(MASC;2,SG)	ትጣስ
ጣሰ	V;IMP;NOM(MASC;3,SG)	ይጣስ
ጣሰ	V;IPFV;NFIN;NOM(1,PL)	እንጣስ
ጣሰ	V;IPFV;NFIN;NOM(3,PL)	ይጣስ
ጣሰ	V;IPFV;NFIN;NOM(MASC;2,SG)	ትጣስ
ጣሰ	V;IPFV;NOM(1,PL)	እንጣሳለን
ጣሰ	V;IPFV;NOM(3,PL)	ይጣሳሉ
ጣሰ	V;IPFV;NOM(FEM;2,SG)	ትጣሳለሽ
ጣሰ	V;IPFV;NOM(MASC;3,SG)	ይጣሳል
ጣሰ	V;PFV;NOM(MASC;3,SG)	ጣስ
ጣሰ	V;PRF;NOM(1,PL)	ጣሳችን
ጣፋጭ	ADJ	ጣፋጭ
ጣፋጭ	ADJ;DEF;FEM	ጣፋጩ
ጣፋጭ	ADJ;DEF;MASC	ጣፋጩ
ጣፋጭ	ADJ;DEF;PL	ጣፋጮቹ
ጣፋጭ	ADJ;PL	ጣፋጮች
ጥቅስ	N	ጥቅስ
ጥቅስ	N;DEF;MASC	ጥቅሱ
ጥቅስ	N;DEF;PL	ጥቅሶቹ
ጥቅስ	N;PL	ጥቅሶች
ጥብቅ	ADJ	ጥብቅ
ጥብቅ	ADJ;DEF;FEM	ጥብቆ
ጥብቅ	ADJ;DEF;MASC	ጥብቆ
ጥብቅ	ADJ;DEF;PL	ጥብቆቹ
ጥብቅ	ADJ;PL	ጥብቆች
ጭንቀት	N	ጭንቀት
ጭንቀት	N;DEF;MASC	ጭንቀቱ
ጭንቀት	N;PSS(1,PL)	ጭንቀታችን
ጭንቀት	N;PSS(1,SG)	ጭንቀቴ
ጭንቀት	N;PSS(2,PL)	ጭንቀታችሁ
ጭንቀት	N;PSS(2,SG,FEM)	ጭንቀትሽ
ጭንቀት	N;PSS(2,SG,FORM)	ጭንቀትዎ
ጭንቀት	N;PSS(2,SG,MASC)	ጭንቀትህ
ጭንቀት	N;PSS(3,PL)	ጭንቀታቸው
ጭንቀት	N;PSS(3,SG,FEM)	ጭንቀቴ
ጭንቀት	N;PSS(3,SG,MASC)	ጭንቀቱ
ጸደቀ	V.CVB;NOM(MASC;3,SG)	ጸድቀ
ጸደቀ	V.MSDR	መጸደቀ
ጸደቀ	V;IMP;NOM(MASC;3,SG)	ይጸድቅ
ጸደቀ	V;IPFV;NFIN;NOM(MASC;3,SG)	ይጸድቅ
ጸደቀ	V;IPFV;NOM(MASC;3,SG)	ይጸድቅ
ጸደቀ	V;PFV;NOM(MASC;3,SG)	ጸደቀ
ጸደቀ	V;PRF;NOM(MASC;3,SG)	ጸድቀው
ፕላኔት	N	ፕላኔት
ፕላኔት	N;DEF;FEM	ፕላኔቱ
ፕላኔት	N;DEF;MASC	ፕላኔቱ
ፕላኔት	N;DEF;PL	ፕላኔቶቹ
ፕሬስ	N	ፕሬስ
ፕሬስ	N;DEF;MASC	ፕሬሱ
ፕሬስ	N;DEF;PL	ፕሬሶቹ
ፕሬስ	N;PL	ፕሬሶች
accuracy:0.58
