Βισάλτης	N;ACC(DU)	Βῐσᾰ́λτᾱ
Βισάλτης	N;ACC(PL)	Βῐσᾰ́λτᾱς
Βισάλτης	N;ACC(SG)	Βῐσᾰ́λτην
Βισάλτης	N;DAT(DU)	Βῐσᾰ́λταιν
Βισάλτης	N;DAT(PL)	Βῐσᾰ́λταις
Βισάλτης	N;DAT(SG)	Βῐσᾰ́λτῳ
Βισάλτης	N;GEN(DU)	Βῐσᾰ́λταιν
Βισάλτης	N;GEN(PL)	Βῐσᾰ́λτων
Βισάλτης	N;GEN(SG)	Βῐσᾰ́λτῳ
Βισάλτης	N;NOM(DU)	Βῐσᾰ́λτᾱ
Βισάλτης	N;NOM(PL)	Βῐσᾰ́λται
Βισάλτης	N;NOM(SG)	Βῐσᾰ́λτης
Βισάλτης	N;VOC(DU)	Βῐσᾰ́λτᾱ
Βισάλτης	N;VOC(PL)	Βῐσᾰ́λται
Βισάλτης	N;VOC(SG)	Βῐσᾰ́λτης
Μασσαλιώτης	N;ACC(DU)	Μᾰσσᾰλιώτᾱ
Μασσαλιώτης	N;ACC(PL)	Μασσαλιώταις
Μασσαλιώτης	N;ACC(SG)	Μᾰσσᾰλιώτης
Μασσαλιώτης	N;DAT(DU)	Μᾰσσαλιώταιν
Μασσαλιώτης	N;DAT(PL)	Μᾰσσᾰλῑ́ταις
Μασσαλιώτης	N;DAT(SG)	Μᾰσσᾰλῐ́τῳ
Μασσαλιώτης	N;GEN(DU)	Μᾰσσαλιώταιν
Μασσαλιώτης	N;GEN(PL)	Μᾰσσᾰλῑ́των
Μασσαλιώτης	N;GEN(SG)	Μᾰσσᾰλῐ́τας
Μασσαλιώτης	N;NOM(DU)	Μᾰσσαλιώτω
Μασσαλιώτης	N;NOM(PL)	Μασσαλιώται
Μασσαλιώτης	N;NOM(SG)	Μασσαλιώτης
Μασσαλιώτης	N;VOC(DU)	Μᾰσσαλιώτω
Μασσαλιώτης	N;VOC(PL)	Μασσαλιώται
Μασσαλιώτης	N;VOC(SG)	Μασσαλιώτης
Μιθριακός	ADJ;ACC(DU;MASC)	Μιθριακώ
Μιθριακός	ADJ;ACC(DU;NEUT)	Μιθριακώ
Μιθριακός	ADJ;ACC(PL;FEM)	Μιθριακᾱ́ς
Μιθριακός	ADJ;ACC(PL;MASC)	Μιθριακούς
Μιθριακός	ADJ;ACC(PL;NEUT)	Μιθριακᾰ́
Μιθριακός	ADJ;ACC(SG;FEM)	Μιθριακήν
Μιθριακός	ADJ;DAT(DU;FEM)	Μιθριακαῖν
Μιθριακός	ADJ;DAT(DU;MASC)	Μιθριακοῖν
Μιθριακός	ADJ;DAT(PL;MASC)	Μιθριακοῖς
Μιθριακός	ADJ;DAT(SG;FEM)	Μιθριακῇ
Μιθριακός	ADJ;DAT(SG;MASC)	Μιθριακῷ
Μιθριακός	ADJ;DAT(SG;NEUT)	Μιθριακῷ
Μιθριακός	ADJ;GEN(DU;FEM)	Μιθριακαῖν
Μιθριακός	ADJ;GEN(DU;MASC)	Μιθριακοῖν
Μιθριακός	ADJ;GEN(DU;NEUT)	Μιθριακοῖν
Μιθριακός	ADJ;GEN(PL;MASC)	Μιθριακῶν
Μιθριακός	ADJ;GEN(PL;NEUT)	Μιθριακῶν
Μιθριακός	ADJ;GEN(SG;FEM)	Μιθριακῆς
Μιθριακός	ADJ;GEN(SG;MASC)	Μιθριακοῦ
Μιθριακός	ADJ;GEN(SG;NEUT)	Μιθριακοῦ
Μιθριακός	ADJ;NOM(DU;FEM)	Μιθριακᾱ́
Μιθριακός	ADJ;NOM(DU;MASC)	Μιθριακώ
Μιθριακός	ADJ;NOM(DU;NEUT)	Μιθριακώ
Μιθριακός	ADJ;NOM(PL;FEM)	Μιθριακαί
Μιθριακός	ADJ;NOM(PL;MASC)	Μιθριακοί
Μιθριακός	ADJ;NOM(PL;NEUT)	Μιθριακᾰ́
Μιθριακός	ADJ;NOM(SG;FEM)	Μιθριακή
Μιθριακός	ADJ;VOC(DU;MASC)	Μιθριακώ
Μιθριακός	ADJ;VOC(PL;FEM)	Μιθριακαί
Μιθριακός	ADJ;VOC(PL;NEUT)	Μιθριακᾰ́
Μιθριακός	ADJ;VOC(SG;FEM)	Μιθριακή
Μιθριακός	ADJ;VOC(SG;MASC)	Μιθριακός
Μιθριακός	ADJ;VOC(SG;NEUT)	Μιθριακόν
αἴγιλος	N;ACC(DU)	αἰγῐ́λω
αἴγιλος	N;ACC(PL)	αἰγῐ́λους
αἴγιλος	N;ACC(SG)	αἰγῐ́λου
αἴγιλος	N;DAT(DU)	αἰγῐ́λοιν
αἴγιλος	N;DAT(PL)	αἰγῐ́λοις
αἴγιλος	N;DAT(SG)	αἰγῐ́λῳ
αἴγιλος	N;GEN(DU)	αἰγῐ́λοιν
αἴγιλος	N;GEN(PL)	αἰγῐ́λων
αἴγιλος	N;GEN(SG)	αἰγῐ́λου
αἴγιλος	N;NOM(DU)	αἰγῐ́λω
αἴγιλος	N;NOM(PL)	αἰγῐ́λοι
αἴγιλος	N;NOM(SG)	αἰγῐ́λος
αἴγιλος	N;VOC(DU)	αἰγῐ́λω
αἴγιλος	N;VOC(PL)	αἰγῐ́λοι
αἴγιλος	N;VOC(SG)	αἰγῐ́λος
αὔρα	N;ACC(DU)	αὐρᾱ́
αὔρα	N;ACC(PL)	αὔρᾱς
αὔρα	N;ACC(SG)	αὔρᾱν
αὔρα	N;DAT(DU)	αὐραιν
αὔρα	N;DAT(PL)	αὔραις
αὔρα	N;DAT(SG)	αὔρᾱν
αὔρα	N;GEN(DU)	αὖραιν
αὔρα	N;GEN(PL)	αὐρῶν
αὔρα	N;GEN(SG)	αὐρῆς
αὔρα	N;NOM(DU)	αὐρᾱ́
αὔρα	N;NOM(PL)	αὔραι
αὔρα	N;NOM(SG)	αὔρᾱ
αὔρα	N;VOC(DU)	αὔρᾱ
αὔρα	N;VOC(PL)	αὔραι
αὔρα	N;VOC(SG)	αὔρᾱ
βραχύτης	N;ACC(DU)	βραχύτᾱ
βραχύτης	N;ACC(PL)	βραχύταις
βραχύτης	N;ACC(SG)	βραχύτης
βραχύτης	N;DAT(DU)	βραχύταιν
βραχύτης	N;DAT(PL)	βραχύταις
βραχύτης	N;DAT(SG)	βραχῑ́τῳ
βραχύτης	N;GEN(DU)	βραχύταιν
βραχύτης	N;GEN(PL)	βραχῑ́των
βραχύτης	N;GEN(SG)	βραχῑ́τας
βραχύτης	N;NOM(DU)	βραχύτᾱ
βραχύτης	N;NOM(PL)	βραχύται
βραχύτης	N;NOM(SG)	βραχύτης
βραχύτης	N;VOC(DU)	βραχύτᾱ
βραχύτης	N;VOC(PL)	βραχύται
βραχύτης	N;VOC(SG)	βραχύτης
γοεδνός	ADJ;ACC(DU;FEM)	γοεδνᾱ́
γοεδνός	ADJ;ACC(DU;NEUT)	γοεδνώ
γοεδνός	ADJ;ACC(PL;FEM)	γοεδναί
γοεδνός	ADJ;ACC(PL;NEUT)	γοεδνᾰ́
γοεδνός	ADJ;ACC(SG;FEM)	γοεδνήν
γοεδνός	ADJ;ACC(SG;NEUT)	γοεδνόν
γοεδνός	ADJ;DAT(DU;MASC)	γοεδνοῖν
γοεδνός	ADJ;DAT(DU;NEUT)	γοεδνοῖν
γοεδνός	ADJ;DAT(PL;MASC)	γοεδνοῖς
γοεδνός	ADJ;DAT(SG;FEM)	γοεδνῇ
γοεδνός	ADJ;DAT(SG;MASC)	γοεδνῷ
γοεδνός	ADJ;DAT(SG;NEUT)	γοεδνῷ
γοεδνός	ADJ;GEN(DU;MASC)	γοεδνοῖν
γοεδνός	ADJ;GEN(DU;NEUT)	γοεδνοῖν
γοεδνός	ADJ;GEN(PL;FEM)	γοεδνῶν
γοεδνός	ADJ;GEN(PL;MASC)	γοεδνῶν
γοεδνός	ADJ;GEN(SG;FEM)	γοεδνῆς
γοεδνός	ADJ;GEN(SG;MASC)	γοεδνοῦ
γοεδνός	ADJ;GEN(SG;NEUT)	γοεδνοῦ
γοεδνός	ADJ;NOM(DU;FEM)	γοεδνᾱ́
γοεδνός	ADJ;NOM(DU;NEUT)	γοεδνώ
γοεδνός	ADJ;NOM(PL;FEM)	γοεδναί
γοεδνός	ADJ;NOM(PL;NEUT)	γοεδνᾰ́
γοεδνός	ADJ;NOM(SG;FEM)	γοεδνή
γοεδνός	ADJ;NOM(SG;MASC)	γοεδνός
γοεδνός	ADJ;VOC(DU;FEM)	γοεδνᾱ́
γοεδνός	ADJ;VOC(DU;NEUT)	γοεδνώ
γοεδνός	ADJ;VOC(PL;FEM)	γοεδναί
γοεδνός	ADJ;VOC(PL;MASC)	γοεδνοί
γοεδνός	ADJ;VOC(PL;NEUT)	γοεδναί
γοεδνός	ADJ;VOC(SG;FEM)	γοεδνή
γοεδνός	ADJ;VOC(SG;MASC)	γοεδνός
γοεδνός	ADJ;VOC(SG;NEUT)	γοεδνόν
διθυμία	N;ACC(DU)	δῐθῡμῐ́ᾱ
διθυμία	N;ACC(PL)	δῐθῡμῐ́ᾱς
διθυμία	N;ACC(SG)	δῐθῡμῐ́ᾱν
διθυμία	N;DAT(DU)	δῐθῡμῐ́αιν
διθυμία	N;DAT(PL)	δῐθῡμῐ́αις
διθυμία	N;DAT(SG)	δῐθῡμῐ́ᾱν
διθυμία	N;GEN(DU)	δῐθῡμῐ́αιν
διθυμία	N;GEN(PL)	δῐθῡμῐ́ᾱς
διθυμία	N;GEN(SG)	δῐθῡμῐ́ᾱς
διθυμία	N;NOM(DU)	δῐθῡμῐ́ᾱ
διθυμία	N;NOM(PL)	δῐθῡμῐ́ᾱς
διθυμία	N;NOM(SG)	δῐθῡμῐ́ᾱ
διθυμία	N;VOC(DU)	δῐθῡμῐ́ᾱ
διθυμία	N;VOC(PL)	δῐθῡμῐ́ᾱς
διθυμία	N;VOC(SG)	δῐθῡμῐ́ᾱ
δορκάς	N;ACC(DU)	δορκᾱ́
δορκάς	N;ACC(PL)	δορκᾱ́ς
δορκάς	N;ACC(SG)	δορκᾰ́
δορκάς	N;DAT(DU)	δορκαῖν
δορκάς	N;DAT(PL)	δορκαῖς
δορκάς	N;DAT(SG)	δορκᾱ́
δορκάς	N;GEN(DU)	δορκαῖν
δορκάς	N;GEN(PL)	δορκῶν
δορκάς	N;GEN(SG)	δορκῆς
δορκάς	N;NOM(DU)	δορκᾱ́
δορκάς	N;NOM(PL)	δορκᾰ́ς
δορκάς	N;NOM(SG)	δορκᾰ́
δορκάς	N;VOC(DU)	δορκᾱ́
δορκάς	N;VOC(PL)	δορκαί
δορκάς	N;VOC(SG)	δορκᾰ́
θήρα	N;ACC(DU)	θηρᾱ́
θήρα	N;ACC(PL)	θήρᾱς
θήρα	N;ACC(SG)	θήρᾱν
θήρα	N;DAT(DU)	θηραιν
θήρα	N;DAT(PL)	θήραις
θήρα	N;DAT(SG)	θήρᾱν
θήρα	N;GEN(DU)	θηραιν
θήρα	N;GEN(PL)	θηρῶν
θήρα	N;GEN(SG)	θηρῆς
θήρα	N;NOM(DU)	θήρᾱ
θήρα	N;NOM(PL)	θήραι
θήρα	N;NOM(SG)	θήρᾱ
θήρα	N;VOC(DU)	θήρᾱ
θήρα	N;VOC(PL)	θήραι
θήρα	N;VOC(SG)	θήρᾱ
θρεπτικός	ADJ;ACC(DU;FEM)	θρεπτικᾱ́
θρεπτικός	ADJ;ACC(DU;MASC)	θρεπτικώ
θρεπτικός	ADJ;ACC(DU;NEUT)	θρεπτικώ
θρεπτικός	ADJ;ACC(PL;MASC)	θρεπτικούς
θρεπτικός	ADJ;ACC(PL;NEUT)	θρεπτικᾰ́
θρεπτικός	ADJ;ACC(SG;FEM)	θρεπτικήν
θρεπτικός	ADJ;ACC(SG;MASC)	θρεπτικόν
θρεπτικός	ADJ;ACC(SG;NEUT)	θρεπτικόν
θρεπτικός	ADJ;DAT(DU;FEM)	θρεπτικαῖν
θρεπτικός	ADJ;DAT(DU;NEUT)	θρεπτικοῖν
θρεπτικός	ADJ;DAT(PL;FEM)	θρεπτικαῖς
θρεπτικός	ADJ;DAT(PL;NEUT)	θρεπτικοῖς
θρεπτικός	ADJ;DAT(SG;FEM)	θρεπτικῇ
θρεπτικός	ADJ;DAT(SG;MASC)	θρεπτικῷ
θρεπτικός	ADJ;GEN(DU;NEUT)	θρεπτικοῖν
θρεπτικός	ADJ;GEN(PL;MASC)	θρεπτικῶν
θρεπτικός	ADJ;GEN(PL;NEUT)	θρεπτικῶν
θρεπτικός	ADJ;GEN(SG;MASC)	θρεπτικοῦ
θρεπτικός	ADJ;GEN(SG;NEUT)	θρεπτικοῦ
θρεπτικός	ADJ;NOM(DU;MASC)	θρεπτικώ
θρεπτικός	ADJ;NOM(DU;NEUT)	θρεπτικώ
θρεπτικός	ADJ;NOM(PL;MASC)	θρεπτικοί
θρεπτικός	ADJ;NOM(SG;NEUT)	θρεπτικόν
θρεπτικός	ADJ;VOC(DU;FEM)	θρεπτικᾱ́
θρεπτικός	ADJ;VOC(DU;MASC)	θρεπτικώ
θρεπτικός	ADJ;VOC(DU;NEUT)	θρεπτικώ
θρεπτικός	ADJ;VOC(PL;FEM)	θρεπτικαί
θρεπτικός	ADJ;VOC(PL;MASC)	θρεπτικοί
θρεπτικός	ADJ;VOC(PL;NEUT)	θρεπτικᾰ́
θρεπτικός	ADJ;VOC(SG;FEM)	θρεπτική
θρεπτικός	ADJ;VOC(SG;MASC)	θρεπτικός
θρεπτικός	ADJ;VOC(SG;NEUT)	θρεπτικόν
θυγάτηρ	N;ACC(DU)	θῠγᾰτᾰ́ρω
θυγάτηρ	N;ACC(PL)	θῠγᾰ́τηρᾰς
θυγάτηρ	N;ACC(SG)	θῠγᾰ́τηρε
θυγάτηρ	N;DAT(DU)	θῠγᾰτήροιν
θυγάτηρ	N;DAT(PL)	θῠγᾰτῐ́ροις
θυγάτηρ	N;DAT(SG)	θῠγᾰ́τῳ
θυγάτηρ	N;GEN(DU)	θῠγᾰτῐ́ροιν
θυγάτηρ	N;GEN(PL)	θῠγᾰτῶν
θυγάτηρ	N;GEN(SG)	θῠγᾰ́τηρῆς
θυγάτηρ	N;NOM(DU)	θῠγᾰτᾱ́ρ
θυγάτηρ	N;NOM(PL)	θῠγᾰ́τηρων
θυγάτηρ	N;NOM(SG)	θῠγᾰ́τηρ
θυγάτηρ	N;VOC(DU)	θῠγᾰτᾱ́ρ
θυγάτηρ	N;VOC(PL)	θῠγᾰ́τηρες
θυγάτηρ	N;VOC(SG)	θῠγᾰ́τηρ
καδμία	N;ACC(DU)	κᾰδμίᾱ
καδμία	N;ACC(PL)	κᾰδμῐ́ᾱς
καδμία	N;ACC(SG)	κᾰδμῐ́ᾱν
καδμία	N;DAT(DU)	κᾰδμίαιν
καδμία	N;DAT(PL)	κᾰδμῐ́αις
καδμία	N;DAT(SG)	κᾰδμῐ́ᾱν
καδμία	N;GEN(DU)	κᾰδμίαιν
καδμία	N;GEN(PL)	κᾰδμῐ́ᾱς
καδμία	N;GEN(SG)	κᾰδμῐ́ᾱς
καδμία	N;NOM(DU)	κᾰδμίᾱ
καδμία	N;NOM(PL)	κᾰδμῐ́αι
καδμία	N;NOM(SG)	κᾰδμίᾱ
καδμία	N;VOC(DU)	κᾰδμίᾱ
καδμία	N;VOC(PL)	κᾰδμῐ́αι
καδμία	N;VOC(SG)	κᾰδμῐ́ᾱ
κενταύριον	N;ACC(DU)	κενταύρῐον
κενταύριον	N;ACC(PL)	κενταύρῐοις
κενταύριον	N;ACC(SG)	κενταύρῐον
κενταύριον	N;DAT(DU)	κενταύριοιν
κενταύριον	N;DAT(PL)	κενταύρῐοις
κενταύριον	N;DAT(SG)	κενταύρῐῳ
κενταύριον	N;GEN(DU)	ουοιν
κενταύριον	N;GEN(PL)	κενταύρῐων
κενταύριον	N;GEN(SG)	κενταύρῐου
κενταύριον	N;NOM(DU)	κενταύρῐον
κενταύριον	N;NOM(PL)	κενταύρῐοι
κενταύριον	N;NOM(SG)	κενταύρῐον
κενταύριον	N;VOC(DU)	κενταύρῐε
κενταύριον	N;VOC(PL)	κενταύρῐοι
κενταύριον	N;VOC(SG)	κενταύρῐον
κενός	ADJ;ACC(DU;FEM)	κενᾱ́
κενός	ADJ;ACC(DU;MASC)	κενώ
κενός	ADJ;ACC(DU;NEUT)	κενώ
κενός	ADJ;ACC(PL;FEM)	κεναί
κενός	ADJ;ACC(PL;MASC)	κενούς
κενός	ADJ;ACC(PL;NEUT)	κενᾰ́
κενός	ADJ;ACC(SG;FEM)	κενήν
κενός	ADJ;ACC(SG;MASC)	κενόν
κενός	ADJ;ACC(SG;NEUT)	κενόν
κενός	ADJ;DAT(DU;FEM)	κεναῖν
κενός	ADJ;DAT(DU;MASC)	κενοῖν
κενός	ADJ;DAT(PL;FEM)	κεναῖς
κενός	ADJ;DAT(PL;MASC)	κενοῖς
κενός	ADJ;DAT(PL;NEUT)	κενοῖς
κενός	ADJ;DAT(SG;MASC)	κενῷ
κενός	ADJ;DAT(SG;NEUT)	κενῷ
κενός	ADJ;GEN(DU;FEM)	κεναῖν
κενός	ADJ;GEN(PL;FEM)	κενῶν
κενός	ADJ;GEN(PL;MASC)	κενῶν
κενός	ADJ;GEN(SG;NEUT)	κενοῦ
κενός	ADJ;NOM(DU;FEM)	κενᾱ́
κενός	ADJ;NOM(DU;MASC)	κενώ
κενός	ADJ;NOM(PL;NEUT)	κενᾰ́
κενός	ADJ;NOM(SG;FEM)	κενή
κενός	ADJ;NOM(SG;MASC)	κενός
κενός	ADJ;NOM(SG;NEUT)	κενόν
κενός	ADJ;VOC(DU;FEM)	κενᾱ́
κενός	ADJ;VOC(DU;MASC)	κενώ
κενός	ADJ;VOC(DU;NEUT)	κενώ
κενός	ADJ;VOC(PL;MASC)	κενοί
κενός	ADJ;VOC(PL;NEUT)	κεναί
κενός	ADJ;VOC(SG;FEM)	κενή
κενός	ADJ;VOC(SG;MASC)	κενός
κωλόβαθρον	N;ACC(DU)	κωλοβάθρω
κωλόβαθρον	N;ACC(PL)	κωλοβάθρους
κωλόβαθρον	N;ACC(SG)	κωλόβαθρον
κωλόβαθρον	N;DAT(DU)	κωλοβάθροιν
κωλόβαθρον	N;DAT(PL)	κωλοβάθροις
κωλόβαθρον	N;DAT(SG)	κωλοβάθρῳ
κωλόβαθρον	N;GEN(DU)	κωλοβάθροιν
κωλόβαθρον	N;GEN(PL)	κωλοβάθρων
κωλόβαθρον	N;GEN(SG)	κωλοβάθρου
κωλόβαθρον	N;NOM(DU)	κωλοβάθρω
κωλόβαθρον	N;NOM(PL)	κωλόβαθροι
κωλόβαθρον	N;NOM(SG)	κωλόβαθρον
κωλόβαθρον	N;VOC(DU)	κωλοβάθρω
κωλόβαθρον	N;VOC(PL)	κωλοβάθροι
κωλόβαθρον	N;VOC(SG)	κωλόβαθρον
λειμώνιον	N;ACC(DU)	λειμώνιω
λειμώνιον	N;ACC(PL)	λειμώνιους
λειμώνιον	N;ACC(SG)	λειμώνιον
λειμώνιον	N;DAT(DU)	λειμώνιοιν
λειμώνιον	N;DAT(PL)	λειμώνιοις
λειμώνιον	N;DAT(SG)	λειμώνῐῳ
λειμώνιον	N;GEN(DU)	λειμώνιοιν
λειμώνιον	N;GEN(PL)	λειμώνιων
λειμώνιον	N;GEN(SG)	λειμώνιου
λειμώνιον	N;NOM(DU)	λειμώνιω
λειμώνιον	N;NOM(PL)	λειμώνιοι
λειμώνιον	N;NOM(SG)	λειμώνιον
λειμώνιον	N;VOC(DU)	λειμώνιω
λειμώνιον	N;VOC(PL)	λειμώνιοι
λειμώνιον	N;VOC(SG)	λειμώνιον
μελῳδία	N;ACC(DU)	μελῳδῐ́ᾱ
μελῳδία	N;ACC(PL)	μελῳδῐ́ᾱς
μελῳδία	N;ACC(SG)	μελῳδῐ́ᾱν
μελῳδία	N;DAT(DU)	μελογδίαιν
μελῳδία	N;DAT(PL)	μελῳδῐ́αις
μελῳδία	N;DAT(SG)	μελῳδῐ́ᾳ
μελῳδία	N;GEN(DU)	μελογδῐ́αιν
μελῳδία	N;GEN(PL)	μελῳδῐῶν
μελῳδία	N;GEN(SG)	μελῳδῐ́ᾳ
μελῳδία	N;NOM(DU)	μελογδῐ́ᾱ
μελῳδία	N;NOM(PL)	μελῳδῐ́αι
μελῳδία	N;NOM(SG)	μελῳδῐ́ᾱ
μελῳδία	N;VOC(DU)	μελογδῐ́ᾱ
μελῳδία	N;VOC(PL)	μελῳδῐ́αι
μελῳδία	N;VOC(SG)	μελῳδῐ́ᾱ
οἶνος	N;ACC(DU)	οἶνω
οἶνος	N;ACC(PL)	οἶνους
οἶνος	N;ACC(SG)	οἶνον
οἶνος	N;DAT(DU)	οἶνοιν
οἶνος	N;DAT(PL)	οἶνοις
οἶνος	N;DAT(SG)	οἶνῳ
οἶνος	N;GEN(DU)	οἰνοιν
οἶνος	N;GEN(PL)	οἰνων
οἶνος	N;GEN(SG)	οἶνου
οἶνος	N;NOM(DU)	οἶνω
οἶνος	N;NOM(PL)	οἶνοι
οἶνος	N;NOM(SG)	οἶνος
οἶνος	N;VOC(DU)	οἶνω
οἶνος	N;VOC(PL)	οἶνοι
οἶνος	N;VOC(SG)	οἶνος
παλίμψηστος	ADJ;ACC(DU;FEM)	παλιμψήστω
παλίμψηστος	ADJ;ACC(DU;NEUT)	παλιμψήστω
παλίμψηστος	ADJ;ACC(PL;MASC)	παλίμψηστους
παλίμψηστος	ADJ;ACC(SG;FEM)	παλίμψηστον
παλίμψηστος	ADJ;ACC(SG;MASC)	παλίμψηστον
παλίμψηστος	ADJ;ACC(SG;NEUT)	παλίμψηστον
παλίμψηστος	ADJ;DAT(DU;FEM)	παλιμψήστοιν
παλίμψηστος	ADJ;DAT(DU;MASC)	παλιμψήστοιν
παλίμψηστος	ADJ;DAT(DU;NEUT)	παλιμψήστοιν
παλίμψηστος	ADJ;DAT(PL;MASC)	παλιμψήστοις
παλίμψηστος	ADJ;DAT(PL;NEUT)	παλιμψήστοις
παλίμψηστος	ADJ;DAT(SG;MASC)	παλίμψηστῳ
παλίμψηστος	ADJ;GEN(DU;FEM)	παλιμψήστοιν
παλίμψηστος	ADJ;GEN(DU;MASC)	παλιμψήστοιν
παλίμψηστος	ADJ;GEN(DU;NEUT)	παλιμψήστοιν
παλίμψηστος	ADJ;GEN(PL;FEM)	παλιμψήστων
παλίμψηστος	ADJ;GEN(PL;MASC)	παλίμψηστων
παλίμψηστος	ADJ;GEN(PL;NEUT)	παλιμψήστων
παλίμψηστος	ADJ;GEN(SG;FEM)	παλίμψηστου
παλίμψηστος	ADJ;GEN(SG;MASC)	παλίμψηστου
παλίμψηστος	ADJ;GEN(SG;NEUT)	παλιμψήστου
παλίμψηστος	ADJ;NOM(DU;NEUT)	παλιμψήστω
παλίμψηστος	ADJ;NOM(PL;FEM)	παλίμψηστοι
παλίμψηστος	ADJ;NOM(PL;MASC)	παλίμψηστοι
παλίμψηστος	ADJ;NOM(PL;NEUT)	παλίμψηστα
παλίμψηστος	ADJ;VOC(DU;FEM)	παλιμψήστω
παλίμψηστος	ADJ;VOC(DU;MASC)	παλιμψήστω
παλίμψηστος	ADJ;VOC(DU;NEUT)	παλιμψήστω
παλίμψηστος	ADJ;VOC(PL;MASC)	παλίμψηστοι
παλίμψηστος	ADJ;VOC(PL;NEUT)	παλίμψηστα
παλίμψηστος	ADJ;VOC(SG;FEM)	παλίμψηστος
παλίμψηστος	ADJ;VOC(SG;MASC)	παλίμψηστος
παλίμψηστος	ADJ;VOC(SG;NEUT)	παλίμψηστον
παραλυτικός	ADJ;ACC(DU;FEM)	παραλυτικᾱ́
παραλυτικός	ADJ;ACC(DU;MASC)	παραλυτικώ
παραλυτικός	ADJ;ACC(DU;NEUT)	παραλυτικώ
παραλυτικός	ADJ;ACC(PL;FEM)	παραλυτικᾱ́ς
παραλυτικός	ADJ;ACC(PL;MASC)	παραλυτικούς
παραλυτικός	ADJ;ACC(PL;NEUT)	παραλυτικᾰ́
παραλυτικός	ADJ;ACC(SG;FEM)	παραλυτικήν
παραλυτικός	ADJ;ACC(SG;MASC)	παραλυτικόν
παραλυτικός	ADJ;ACC(SG;NEUT)	παραλυτικόν
παραλυτικός	ADJ;DAT(DU;FEM)	παραλυτικαῖν
παραλυτικός	ADJ;DAT(DU;MASC)	παραλυτικοῖν
παραλυτικός	ADJ;DAT(DU;NEUT)	παραλυτικοῖν
παραλυτικός	ADJ;DAT(PL;FEM)	παραλυτικαῖς
παραλυτικός	ADJ;DAT(PL;MASC)	παραλυτικοῖς
παραλυτικός	ADJ;DAT(PL;NEUT)	παραλυτικοῖς
παραλυτικός	ADJ;DAT(SG;FEM)	παραλυτικῇ
παραλυτικός	ADJ;DAT(SG;MASC)	παραλυτικῷ
παραλυτικός	ADJ;GEN(DU;FEM)	παραλυτικαῖν
παραλυτικός	ADJ;GEN(PL;MASC)	παραλυτικῶν
παραλυτικός	ADJ;GEN(PL;NEUT)	παραλυτικῶν
παραλυτικός	ADJ;GEN(SG;FEM)	παραλυτικῆς
παραλυτικός	ADJ;GEN(SG;MASC)	παραλυτικῆς
παραλυτικός	ADJ;GEN(SG;NEUT)	παραλυτικοῦ
παραλυτικός	ADJ;NOM(DU;FEM)	παραλυτικᾱ́
παραλυτικός	ADJ;NOM(DU;MASC)	παραλυτικώ
παραλυτικός	ADJ;NOM(DU;NEUT)	παραλυτικώ
παραλυτικός	ADJ;NOM(PL;FEM)	παραλυτικαί
παραλυτικός	ADJ;NOM(SG;FEM)	παραλυτική
παραλυτικός	ADJ;VOC(PL;FEM)	παραλυτικαί
παραλυτικός	ADJ;VOC(PL;MASC)	παραλυτικοί
παραλυτικός	ADJ;VOC(PL;NEUT)	παραλυτικᾰ́
παραλυτικός	ADJ;VOC(SG;FEM)	παραλυτική
παραλυτικός	ADJ;VOC(SG;MASC)	παραλυτικός
ποτήριον	N;ACC(DU)	ποτήριω
ποτήριον	N;ACC(PL)	ποτήριους
ποτήριον	N;ACC(SG)	ποτήριον
ποτήριον	N;DAT(DU)	ποτήριοιν
ποτήριον	N;DAT(PL)	ποτήριοις
ποτήριον	N;DAT(SG)	ποτήριῳ
ποτήριον	N;GEN(DU)	ποτήριοιν
ποτήριον	N;GEN(PL)	ποτήριων
ποτήριον	N;GEN(SG)	ποτήριου
ποτήριον	N;NOM(DU)	ποτήριω
ποτήριον	N;NOM(PL)	ποτήριοι
ποτήριον	N;NOM(SG)	ποτήριον
ποτήριον	N;VOC(DU)	ποτήριω
ποτήριον	N;VOC(PL)	ποτήριοι
ποτήριον	N;VOC(SG)	ποτήριον
πτέρνη	N;ACC(DU)	πτέρνω
πτέρνη	N;ACC(PL)	πτέρνᾱς
πτέρνη	N;ACC(SG)	πτέρνην
πτέρνη	N;DAT(DU)	πτέρναιν
πτέρνη	N;DAT(PL)	πτέρναις
πτέρνη	N;DAT(SG)	πτέρνῳ
πτέρνη	N;GEN(DU)	πτέρναιν
πτέρνη	N;GEN(PL)	πτέρνων
πτέρνη	N;GEN(SG)	πτέρνῆς
πτέρνη	N;NOM(DU)	πτέρνω
πτέρνη	N;NOM(PL)	πτέρναι
πτέρνη	N;NOM(SG)	πτέρνη
πτέρνη	N;VOC(DU)	πτέρνω
πτέρνη	N;VOC(PL)	πτέρναι
πτέρνη	N;VOC(SG)	πτέρνη
πῆγμα	N;ACC(DU)	πῆγμᾱ
πῆγμα	N;ACC(PL)	πῆγματᾰς
πῆγμα	N;ACC(SG)	πῆγμαν
πῆγμα	N;DAT(DU)	πῆγμαιν
πῆγμα	N;DAT(PL)	πῆγματᾰς
πῆγμα	N;DAT(SG)	πῆγμῐ
πῆγμα	N;GEN(DU)	πῆγμαιν
πῆγμα	N;GEN(PL)	πῆγμῶν
πῆγμα	N;GEN(SG)	πῆγματος
πῆγμα	N;NOM(DU)	πῆγμᾱ
πῆγμα	N;NOM(PL)	πῆγματᾰ
πῆγμα	N;NOM(SG)	πῆγμα
πῆγμα	N;VOC(DU)	πῆγμᾱ
πῆγμα	N;VOC(PL)	πῆγματες
πῆγμα	N;VOC(SG)	πῆγμα
σίραιον	N;ACC(DU)	σῐρᾰ́ιω
σίραιον	N;ACC(PL)	σῐρᾰ́οις
σίραιον	N;ACC(SG)	σῐ́ρᾰιον
σίραιον	N;DAT(DU)	σῐρᾰ́ιοιν
σίραιον	N;DAT(PL)	σῐρᾰ́ιοις
σίραιον	N;DAT(SG)	σῐρᾰ́ῳ
σίραιον	N;GEN(DU)	σῐρᾰ́ιοιν
σίραιον	N;GEN(PL)	σῐρᾰ́ιων
σίραιον	N;GEN(SG)	σῐρᾰ́ου
σίραιον	N;NOM(DU)	σῐρᾰ́οιν
σίραιον	N;NOM(PL)	σῐρᾰ́οις
σίραιον	N;NOM(SG)	σῐρᾰ́ον
σίραιον	N;VOC(DU)	σῐρᾰ́ιω
σίραιον	N;VOC(PL)	σῐ́ρᾰιοι
σίραιον	N;VOC(SG)	σῐρᾰ́ον
σκέπη	N;ACC(DU)	σκέπω
σκέπη	N;ACC(PL)	σκέπαις
σκέπη	N;ACC(SG)	σκέπην
σκέπη	N;DAT(DU)	σκέπαιν
σκέπη	N;DAT(PL)	σκέπαις
σκέπη	N;DAT(SG)	σκέπῳ
σκέπη	N;GEN(DU)	σκέπαιν
σκέπη	N;GEN(PL)	σκέπων
σκέπη	N;GEN(SG)	σκέπης
σκέπη	N;NOM(DU)	σκέπω
σκέπη	N;NOM(PL)	σκέπαι
σκέπη	N;NOM(SG)	σκέπη
σκέπη	N;VOC(DU)	σκέπω
σκέπη	N;VOC(PL)	σκέπαι
σκέπη	N;VOC(SG)	σκέπη
σχόλιον	N;ACC(DU)	σχολίω
σχόλιον	N;ACC(PL)	σχολίους
σχόλιον	N;ACC(SG)	σχόλιον
σχόλιον	N;DAT(DU)	σχολίοιν
σχόλιον	N;DAT(PL)	σχολίοις
σχόλιον	N;DAT(SG)	σχολίῳ
σχόλιον	N;GEN(DU)	σχολίοιν
σχόλιον	N;GEN(PL)	σχολίων
σχόλιον	N;GEN(SG)	σχολίου
σχόλιον	N;NOM(DU)	σχολίω
σχόλιον	N;NOM(PL)	σχόλιοι
σχόλιον	N;NOM(SG)	σχόλιον
σχόλιον	N;VOC(DU)	σχολίω
σχόλιον	N;VOC(PL)	σχολίοι
σχόλιον	N;VOC(SG)	σχόλιον
τακτικός	ADJ;ACC(DU;FEM)	τακτικᾱ́
τακτικός	ADJ;ACC(DU;NEUT)	τακτικώ
τακτικός	ADJ;ACC(PL;FEM)	τακτικᾱ́ς
τακτικός	ADJ;ACC(SG;FEM)	τακτικήν
τακτικός	ADJ;ACC(SG;MASC)	τακτικόν
τακτικός	ADJ;ACC(SG;NEUT)	τακτικόν
τακτικός	ADJ;DAT(DU;FEM)	τακτικαῖν
τακτικός	ADJ;DAT(DU;MASC)	τακτικοῖν
τακτικός	ADJ;DAT(DU;NEUT)	τακτικοῖν
τακτικός	ADJ;DAT(PL;FEM)	τακτικαῖς
τακτικός	ADJ;DAT(PL;MASC)	τακτικοῖς
τακτικός	ADJ;DAT(PL;NEUT)	τακτικοῖς
τακτικός	ADJ;DAT(SG;FEM)	τακτικῇ
τακτικός	ADJ;DAT(SG;MASC)	τακτικῷ
τακτικός	ADJ;GEN(DU;FEM)	τακτικαῖν
τακτικός	ADJ;GEN(PL;MASC)	τακτικῶν
τακτικός	ADJ;GEN(PL;NEUT)	τακτικῶν
τακτικός	ADJ;GEN(SG;FEM)	τακτικῆς
τακτικός	ADJ;GEN(SG;MASC)	τακτικῆς
τακτικός	ADJ;GEN(SG;NEUT)	τακτικοῦ
τακτικός	ADJ;NOM(DU;FEM)	τακτικᾱ́
τακτικός	ADJ;NOM(DU;NEUT)	τακτικώ
τακτικός	ADJ;NOM(PL;NEUT)	τακτικᾰ́
τακτικός	ADJ;NOM(SG;NEUT)	τακτικόν
τακτικός	ADJ;VOC(DU;FEM)	τακτικᾱ́
τακτικός	ADJ;VOC(DU;MASC)	τακτικώ
τακτικός	ADJ;VOC(DU;NEUT)	τακτικώ
τακτικός	ADJ;VOC(PL;FEM)	τακτικαί
τακτικός	ADJ;VOC(PL;MASC)	τακτικοί
τακτικός	ADJ;VOC(PL;NEUT)	τακτικᾰ́
τακτικός	ADJ;VOC(SG;FEM)	τακτική
τακτικός	ADJ;VOC(SG;MASC)	τακτικός
τακτικός	ADJ;VOC(SG;NEUT)	τακτικόν
ταπεινός	ADJ;ACC(DU;FEM)	ταπεινᾱ́
ταπεινός	ADJ;ACC(DU;MASC)	ταπεινώ
ταπεινός	ADJ;ACC(PL;MASC)	ταπεινούς
ταπεινός	ADJ;ACC(PL;NEUT)	ταπεινᾰ́
ταπεινός	ADJ;ACC(SG;MASC)	ταπεινόν
ταπεινός	ADJ;DAT(DU;FEM)	ταπειναῖν
ταπεινός	ADJ;DAT(DU;NEUT)	ταπεινοῖν
ταπεινός	ADJ;DAT(PL;FEM)	ταπειναῖς
ταπεινός	ADJ;DAT(PL;MASC)	ταπεινοῖς
ταπεινός	ADJ;DAT(SG;MASC)	ταπεινῷ
ταπεινός	ADJ;DAT(SG;NEUT)	ταπεινῷ
ταπεινός	ADJ;GEN(DU;FEM)	ταπειναῖν
ταπεινός	ADJ;GEN(DU;MASC)	ταπεινοῖν
ταπεινός	ADJ;GEN(PL;FEM)	ταπεινῶν
ταπεινός	ADJ;GEN(SG;MASC)	ταπεινοῦ
ταπεινός	ADJ;GEN(SG;NEUT)	ταπεινοῦ
ταπεινός	ADJ;NOM(DU;FEM)	ταπεινᾱ́
ταπεινός	ADJ;NOM(DU;MASC)	ταπεινώ
ταπεινός	ADJ;NOM(DU;NEUT)	ταπεινώ
ταπεινός	ADJ;NOM(PL;FEM)	ταπειναί
ταπεινός	ADJ;NOM(PL;MASC)	ταπεινοί
ταπεινός	ADJ;NOM(PL;NEUT)	ταπεινᾰ́
ταπεινός	ADJ;NOM(SG;FEM)	ταπεινή
ταπεινός	ADJ;NOM(SG;MASC)	ταπεινός
ταπεινός	ADJ;NOM(SG;NEUT)	ταπεινόν
ταπεινός	ADJ;VOC(DU;FEM)	ταπεινᾱ́
ταπεινός	ADJ;VOC(DU;NEUT)	ταπεινώ
ταπεινός	ADJ;VOC(PL;FEM)	ταπειναί
ταπεινός	ADJ;VOC(PL;MASC)	ταπεινοί
ταπεινός	ADJ;VOC(PL;NEUT)	ταπεινᾰ́
ταπεινός	ADJ;VOC(SG;FEM)	ταπεινή
ταπεινός	ADJ;VOC(SG;MASC)	ταπεινός
ταπεινός	ADJ;VOC(SG;NEUT)	ταπεινόν
ἀμέλεια	N;ACC(DU)	ᾰ̓μελείᾱ
ἀμέλεια	N;ACC(PL)	ᾰ̓μελείᾱς
ἀμέλεια	N;ACC(SG)	ᾰ̓μέλειᾰν
ἀμέλεια	N;DAT(DU)	ᾰ̓μελείαιν
ἀμέλεια	N;DAT(PL)	ᾰ̓μελείαις
ἀμέλεια	N;DAT(SG)	ᾰ̓μέλειᾳ
ἀμέλεια	N;GEN(DU)	ᾰ̓μελείαιν
ἀμέλεια	N;GEN(PL)	ᾰ̓μελείων
ἀμέλεια	N;GEN(SG)	ᾰ̓μελείᾳς
ἀμέλεια	N;NOM(DU)	ᾰ̓μελείᾱ
ἀμέλεια	N;NOM(PL)	ᾰ̓μέλειαι
ἀμέλεια	N;NOM(SG)	ᾰ̓μέλειᾰ
ἀμέλεια	N;VOC(DU)	ᾰ̓μελείᾱ
ἀμέλεια	N;VOC(PL)	ᾰ̓μέλειαι
ἀμέλεια	N;VOC(SG)	ᾰ̓μέλειᾰ
ἀμβλυωπία	N;ACC(DU)	ᾰ̓μβλυωπίᾱ
ἀμβλυωπία	N;ACC(PL)	ᾰ̓μβλυωπίᾱς
ἀμβλυωπία	N;ACC(SG)	ᾰ̓μβλυωπῐ́ᾱν
ἀμβλυωπία	N;DAT(DU)	ᾰ̓μβλυωπίαιν
ἀμβλυωπία	N;DAT(PL)	ᾰ̓μβλυωπίαις
ἀμβλυωπία	N;DAT(SG)	ᾰ̓μβλυωπῐ́ᾱν
ἀμβλυωπία	N;GEN(DU)	ᾰ̓μβλυωπίαιν
ἀμβλυωπία	N;GEN(PL)	ᾰ̓μβλυωπῐ́ων
ἀμβλυωπία	N;GEN(SG)	ᾰ̓μβλυωπῐ́ᾱς
ἀμβλυωπία	N;NOM(DU)	ᾰ̓μβλυωπίᾱ
ἀμβλυωπία	N;NOM(PL)	ἀμβλυωπίαι
ἀμβλυωπία	N;NOM(SG)	ἀμβλυωπίᾱ
ἀμβλυωπία	N;VOC(DU)	ᾰ̓μβλυωπίᾱ
ἀμβλυωπία	N;VOC(PL)	ἀμβλυωπίαι
ἀμβλυωπία	N;VOC(SG)	ἀμβλυωπίᾱ
ἀναστροφή	N;ACC(DU)	ἀναστροφώ
ἀναστροφή	N;ACC(PL)	ἀναστροφᾱ́ς
ἀναστροφή	N;ACC(SG)	ἀναστροφήν
ἀναστροφή	N;DAT(DU)	ἀναστροφαίν
ἀναστροφή	N;DAT(PL)	ἀναστροφαῖς
ἀναστροφή	N;DAT(SG)	ἀνᾰστροφῇ
ἀναστροφή	N;GEN(DU)	ἀναστροφαῖν
ἀναστροφή	N;GEN(PL)	ἀναστροφῶν
ἀναστροφή	N;GEN(SG)	ἀναστροφῆς
ἀναστροφή	N;NOM(DU)	ἀναστροφώ
ἀναστροφή	N;NOM(PL)	ἀναστροφαί
ἀναστροφή	N;NOM(SG)	ἀναστροφή
ἀναστροφή	N;VOC(DU)	ἀναστροφώ
ἀναστροφή	N;VOC(PL)	ἀναστροφαί
ἀναστροφή	N;VOC(SG)	ἀναστροφή
ἀντιστοιχία	N;ACC(DU)	ᾰ̓ντῐστοιχῐ́ᾱ
ἀντιστοιχία	N;ACC(PL)	ᾰ̓ντῐστοιχῐ́ᾱς
ἀντιστοιχία	N;ACC(SG)	ᾰ̓ντῐστοιχῐ́ᾱν
ἀντιστοιχία	N;DAT(DU)	ᾰ̓ντῐστοιχίαιν
ἀντιστοιχία	N;DAT(PL)	ᾰ̓ντῐστοιχῐ́αις
ἀντιστοιχία	N;DAT(SG)	ᾰ̓ντῐστοιχῐ́ᾳ
ἀντιστοιχία	N;GEN(DU)	ᾰ̓ντῐστοιχίαιν
ἀντιστοιχία	N;GEN(PL)	ᾰ̓ντῐστοιχῶν
ἀντιστοιχία	N;GEN(SG)	ᾰ̓ντῐστοιχῆς
ἀντιστοιχία	N;NOM(DU)	ᾰ̓ντῐστοιχῐ́ᾱ
ἀντιστοιχία	N;NOM(PL)	ᾰ̓ντῐστοιχῶν
ἀντιστοιχία	N;NOM(SG)	ᾰ̓ντῐστοιχῐ́ᾱ
ἀντιστοιχία	N;VOC(DU)	ᾰ̓ντῐστοιχᾱ́
ἀντιστοιχία	N;VOC(PL)	ᾰ̓ντῐστοιχῐ́αι
ἀντιστοιχία	N;VOC(SG)	ᾰ̓ντῐστοιχῐ́ᾱ
ἀξίνη	N;ACC(DU)	ἀξίνω
ἀξίνη	N;ACC(PL)	ἀξίνᾱς
ἀξίνη	N;ACC(SG)	ἀξίνην
ἀξίνη	N;DAT(DU)	ἀξίναιν
ἀξίνη	N;DAT(PL)	ἀξίναις
ἀξίνη	N;DAT(SG)	ἀξίνῳ
ἀξίνη	N;GEN(DU)	ἀξίναιν
ἀξίνη	N;GEN(PL)	ἀξίνων
ἀξίνη	N;GEN(SG)	ἀξίνῆς
ἀξίνη	N;NOM(DU)	ἀξίνω
ἀξίνη	N;NOM(PL)	ἀξίναι
ἀξίνη	N;NOM(SG)	ἀξίνη
ἀξίνη	N;VOC(DU)	ἀξίνω
ἀξίνη	N;VOC(PL)	ἀξίναι
ἀξίνη	N;VOC(SG)	ἀξίνη
ἀρχισυνάγωγος	N;ACC(DU)	ἀρχισυνάγωγω
ἀρχισυνάγωγος	N;ACC(PL)	ἀρχισυνάγωγα
ἀρχισυνάγωγος	N;ACC(SG)	ἀρχισυνάγωγον
ἀρχισυνάγωγος	N;DAT(DU)	ἀρχισυνάγωγοιν
ἀρχισυνάγωγος	N;DAT(PL)	ἀρχισυνάγωγοις
ἀρχισυνάγωγος	N;DAT(SG)	ἀρχισυνάγωγῳ
ἀρχισυνάγωγος	N;GEN(DU)	ἀρχισυνάγωγοιν
ἀρχισυνάγωγος	N;GEN(PL)	ἀρχισυνάγωγων
ἀρχισυνάγωγος	N;GEN(SG)	ἀρχισυνάγωγου
ἀρχισυνάγωγος	N;NOM(DU)	ἀρχισυνάγωγω
ἀρχισυνάγωγος	N;NOM(PL)	ἀρχισυνάγωγοι
ἀρχισυνάγωγος	N;NOM(SG)	ἀρχισυνάγωγος
ἀρχισυνάγωγος	N;VOC(DU)	ἀρχισυνάγωγω
ἀρχισυνάγωγος	N;VOC(PL)	ἀρχισυνάγωγοι
ἀρχισυνάγωγος	N;VOC(SG)	ἀρχισυνάγωγε
ἄφωνος	ADJ;ACC(PL;FEM)	ἄφωνα
ἄφωνος	ADJ;ACC(PL;MASC)	ἄφωνους
ἄφωνος	ADJ;ACC(PL;NEUT)	ἀφωνᾰ́
ἄφωνος	ADJ;ACC(SG;FEM)	ἄφωνον
ἄφωνος	ADJ;ACC(SG;NEUT)	ἄφωνον
ἄφωνος	ADJ;DAT(DU;FEM)	ἀφωναιν
ἄφωνος	ADJ;DAT(DU;MASC)	ἀφωνοιν
ἄφωνος	ADJ;DAT(DU;NEUT)	ἀφωνοιν
ἄφωνος	ADJ;DAT(PL;FEM)	ἀφωνα
ἄφωνος	ADJ;DAT(PL;MASC)	ἀφωνοις
ἄφωνος	ADJ;DAT(PL;NEUT)	ἀφωνοῖς
ἄφωνος	ADJ;DAT(SG;FEM)	ἄφωνῳ
ἄφωνος	ADJ;DAT(SG;MASC)	ἄφωνῳ
ἄφωνος	ADJ;DAT(SG;NEUT)	ἀφωνῳ
ἄφωνος	ADJ;GEN(DU;FEM)	ἀφωναιν
ἄφωνος	ADJ;GEN(PL;FEM)	ἀφωνων
ἄφωνος	ADJ;GEN(PL;MASC)	ἀφωνων
ἄφωνος	ADJ;GEN(PL;NEUT)	ἀφωνων
ἄφωνος	ADJ;GEN(SG;FEM)	ἀφωνου
ἄφωνος	ADJ;GEN(SG;MASC)	ἀφωνου
ἄφωνος	ADJ;NOM(DU;MASC)	ἀφωνω
ἄφωνος	ADJ;NOM(PL;FEM)	ἄφωνοι
ἄφωνος	ADJ;NOM(PL;MASC)	ἄφωνοι
ἄφωνος	ADJ;NOM(PL;NEUT)	ἄφωνα
ἄφωνος	ADJ;NOM(SG;FEM)	ἄφωνος
ἄφωνος	ADJ;NOM(SG;MASC)	ἄφωνος
ἄφωνος	ADJ;VOC(DU;FEM)	ἀφωνω
ἄφωνος	ADJ;VOC(DU;MASC)	ἀφωνω
ἄφωνος	ADJ;VOC(DU;NEUT)	ἀφωνω
ἄφωνος	ADJ;VOC(PL;MASC)	ἄφωνοι
ἄφωνος	ADJ;VOC(PL;NEUT)	ἄφωνα
ἄφωνος	ADJ;VOC(SG;MASC)	ἄφωνος
ἄφωνος	ADJ;VOC(SG;NEUT)	ἄφωνον
Ἀβδηρίτης	N;ACC(DU)	Ἀβδηρῑ́τᾱ
Ἀβδηρίτης	N;ACC(PL)	Ἀβδηρῑ́ταις
Ἀβδηρίτης	N;ACC(SG)	Ἀβδηρῐ́την
Ἀβδηρίτης	N;DAT(DU)	Ἀβδηρῑ́ταιν
Ἀβδηρίτης	N;DAT(PL)	Ἀβδηρῑ́ταις
Ἀβδηρίτης	N;DAT(SG)	Ἀβδηρῑ́τῳ
Ἀβδηρίτης	N;GEN(DU)	Ἀβδηρῑ́ταιν
Ἀβδηρίτης	N;GEN(PL)	Ἀβδηρῑ́των
Ἀβδηρίτης	N;GEN(SG)	Ἀβδηρῑ́τῳ
Ἀβδηρίτης	N;NOM(DU)	Ἀβδηρῑ́τᾱ
Ἀβδηρίτης	N;NOM(PL)	Ἀβδηρῑ́ται
Ἀβδηρίτης	N;NOM(SG)	Ἀβδηρῐ́της
Ἀβδηρίτης	N;VOC(DU)	Ἀβδηρῑ́τᾱ
Ἀβδηρίτης	N;VOC(PL)	Ἀβδηρῑ́ται
Ἀβδηρίτης	N;VOC(SG)	Ἀβδηρῐ́της
Ἀσεάτης	N;ACC(DU)	Ἀσεᾱ́τᾱ
Ἀσεάτης	N;ACC(PL)	Ἀσεᾰ́ταις
Ἀσεάτης	N;ACC(SG)	Ἀσεᾰ́την
Ἀσεάτης	N;DAT(DU)	Ἀσεᾰ́ταιν
Ἀσεάτης	N;DAT(PL)	Ἀσεᾰ́ταις
Ἀσεάτης	N;DAT(SG)	Ἀσεᾰ́τῳ
Ἀσεάτης	N;GEN(PL)	Ἀσεᾰ́των
Ἀσεάτης	N;GEN(SG)	Ἀσεᾰ́τῳ
Ἀσεάτης	N;NOM(DU)	Ἀσεᾱ́τᾱ
Ἀσεάτης	N;NOM(PL)	Ἀσεᾰ́ται
Ἀσεάτης	N;NOM(SG)	Ἀσεᾰ́της
Ἀσεάτης	N;VOC(DU)	Ἀσεᾱ́τᾱ
Ἀσεάτης	N;VOC(PL)	Ἀσεᾱ́ται
Ἀσεάτης	N;VOC(SG)	Ἀσεᾰ́της
ἐμπρακτικός	ADJ;ACC(DU;FEM)	ἐμπρακτικᾱ́
ἐμπρακτικός	ADJ;ACC(DU;MASC)	ἐμπρακτικώ
ἐμπρακτικός	ADJ;ACC(DU;NEUT)	ἐμπρακτικώ
ἐμπρακτικός	ADJ;ACC(PL;FEM)	ἐμπρακτικᾱ́ς
ἐμπρακτικός	ADJ;ACC(PL;MASC)	ἐμπρακτικούς
ἐμπρακτικός	ADJ;ACC(PL;NEUT)	ἐμπρακτικᾰ́
ἐμπρακτικός	ADJ;ACC(SG;FEM)	ἐμπρακτικήν
ἐμπρακτικός	ADJ;ACC(SG;MASC)	ἐμπρακτικόν
ἐμπρακτικός	ADJ;DAT(DU;MASC)	ἐμπρακτικοῖν
ἐμπρακτικός	ADJ;DAT(DU;NEUT)	ἐμπρακτικοῖν
ἐμπρακτικός	ADJ;DAT(SG;FEM)	ἐμπρακτικῇ
ἐμπρακτικός	ADJ;DAT(SG;MASC)	ἐμπρακτικῷ
ἐμπρακτικός	ADJ;DAT(SG;NEUT)	ἐμπρακτικῷ
ἐμπρακτικός	ADJ;GEN(DU;FEM)	ἐμπρακτικαῖν
ἐμπρακτικός	ADJ;GEN(DU;MASC)	ἐμπρακτικοῖν
ἐμπρακτικός	ADJ;GEN(DU;NEUT)	ἐμπρακτικοῖν
ἐμπρακτικός	ADJ;GEN(PL;FEM)	ἐμπρακτικῶν
ἐμπρακτικός	ADJ;GEN(PL;MASC)	ἐμπρακτικῶν
ἐμπρακτικός	ADJ;GEN(SG;MASC)	ἐμπρακτικοῦ
ἐμπρακτικός	ADJ;GEN(SG;NEUT)	ἐμπρακτικοῦ
ἐμπρακτικός	ADJ;NOM(DU;FEM)	ἐμπρακτικᾱ́
ἐμπρακτικός	ADJ;NOM(DU;MASC)	ἐμπρακτικώ
ἐμπρακτικός	ADJ;NOM(PL;FEM)	ἐμπρακτικαί
ἐμπρακτικός	ADJ;NOM(PL;MASC)	ἐμπρακτικοί
ἐμπρακτικός	ADJ;NOM(PL;NEUT)	ἐμπρακτικᾰ́
ἐμπρακτικός	ADJ;NOM(SG;FEM)	ἐμπρακτική
ἐμπρακτικός	ADJ;VOC(DU;FEM)	ἐμπρακτικᾱ́
ἐμπρακτικός	ADJ;VOC(DU;MASC)	ἐμπρακτικώ
ἐμπρακτικός	ADJ;VOC(DU;NEUT)	ἐμπρακτικώ
ἐμπρακτικός	ADJ;VOC(PL;MASC)	ἐμπρακτικοί
ἐμπρακτικός	ADJ;VOC(PL;NEUT)	ἐμπρακτικᾰ́
ἐμπρακτικός	ADJ;VOC(SG;MASC)	ἐμπρακτικός
ἐμπρακτικός	ADJ;VOC(SG;NEUT)	ἐμπρακτικόν
ἐξομολογητικός	ADJ;ACC(DU;MASC)	ἐξομολογητικώ
ἐξομολογητικός	ADJ;ACC(DU;NEUT)	ἐξομολογητικώ
ἐξομολογητικός	ADJ;ACC(PL;MASC)	ἐξομολογητικούς
ἐξομολογητικός	ADJ;ACC(PL;NEUT)	ἐξομολογητικᾰ́
ἐξομολογητικός	ADJ;ACC(SG;FEM)	ἐξομολογητικήν
ἐξομολογητικός	ADJ;ACC(SG;MASC)	ἐξομολογητικόν
ἐξομολογητικός	ADJ;DAT(DU;MASC)	ἐξομολογητικοῖν
ἐξομολογητικός	ADJ;DAT(DU;NEUT)	ἐξομολογητικοῖν
ἐξομολογητικός	ADJ;DAT(PL;FEM)	ἐξομολογητικαῖς
ἐξομολογητικός	ADJ;DAT(PL;MASC)	ἐξομολογητικοῖς
ἐξομολογητικός	ADJ;DAT(PL;NEUT)	ἐξομολογητικοῖς
ἐξομολογητικός	ADJ;DAT(SG;FEM)	ἐξομολογητικῇ
ἐξομολογητικός	ADJ;DAT(SG;MASC)	ἐξομολογητικῷ
ἐξομολογητικός	ADJ;DAT(SG;NEUT)	ἐξομολογητικῷ
ἐξομολογητικός	ADJ;GEN(DU;MASC)	ἐξομολογητικοῖν
ἐξομολογητικός	ADJ;GEN(DU;NEUT)	ἐξομολογητικοῖν
ἐξομολογητικός	ADJ;GEN(PL;MASC)	ἐξομολογητικῶν
ἐξομολογητικός	ADJ;GEN(PL;NEUT)	ἐξομολογητικῶν
ἐξομολογητικός	ADJ;GEN(SG;FEM)	ἐξομολογητικῆς
ἐξομολογητικός	ADJ;GEN(SG;MASC)	ἐξομολογητικῆς
ἐξομολογητικός	ADJ;NOM(DU;FEM)	ἐξομολογητικᾱ́
ἐξομολογητικός	ADJ;NOM(DU;MASC)	ἐξομολογητικώ
ἐξομολογητικός	ADJ;NOM(DU;NEUT)	ἐξομολογητικώ
ἐξομολογητικός	ADJ;NOM(PL;FEM)	ἐξομολογητικαί
ἐξομολογητικός	ADJ;NOM(PL;NEUT)	ἐξομολογητικᾰ́
ἐξομολογητικός	ADJ;NOM(SG;NEUT)	ἐξομολογητικός
ἐξομολογητικός	ADJ;VOC(DU;FEM)	ἐξομολογητικᾱ́
ἐξομολογητικός	ADJ;VOC(DU;MASC)	ἐξομολογητικώ
ἐξομολογητικός	ADJ;VOC(PL;FEM)	ἐξομολογητικαί
ἐξομολογητικός	ADJ;VOC(PL;MASC)	ἐξομολογητικοί
ἐξομολογητικός	ADJ;VOC(SG;FEM)	ἐξομολογητική
ἐξομολογητικός	ADJ;VOC(SG;MASC)	ἐξομολογητικός
ἐξομολογητικός	ADJ;VOC(SG;NEUT)	ἐξομολογητικόν
Ἑλληνικός	ADJ;ACC(DU;FEM)	Ἑλληνικᾱ́
Ἑλληνικός	ADJ;ACC(DU;NEUT)	Ἑλληνικώ
Ἑλληνικός	ADJ;ACC(PL;FEM)	Ἑλληνικᾱ́ς
Ἑλληνικός	ADJ;ACC(PL;MASC)	Ἑλληνικούς
Ἑλληνικός	ADJ;ACC(SG;MASC)	Ἑλληνικόν
Ἑλληνικός	ADJ;ACC(SG;NEUT)	Ἑλληνικόν
Ἑλληνικός	ADJ;DAT(DU;FEM)	Ἑλληνικαῖν
Ἑλληνικός	ADJ;DAT(DU;MASC)	Ἑλληνικοῖν
Ἑλληνικός	ADJ;DAT(DU;NEUT)	Ἑλληνικοῖν
Ἑλληνικός	ADJ;DAT(PL;FEM)	Ἑλληνικαῖς
Ἑλληνικός	ADJ;DAT(SG;NEUT)	Ἑλληνικῷ
Ἑλληνικός	ADJ;GEN(DU;FEM)	Ἑλληνικαῖν
Ἑλληνικός	ADJ;GEN(DU;MASC)	Ἑλληνικοῖν
Ἑλληνικός	ADJ;GEN(DU;NEUT)	Ἑλληνικοῖν
Ἑλληνικός	ADJ;GEN(PL;FEM)	Ἑλληνικῶν
Ἑλληνικός	ADJ;GEN(PL;MASC)	Ἑλληνικῶν
Ἑλληνικός	ADJ;GEN(PL;NEUT)	Ἑλληνικῶν
Ἑλληνικός	ADJ;GEN(SG;MASC)	Ἑλληνικῆς
Ἑλληνικός	ADJ;GEN(SG;NEUT)	Ἑλληνικοῦ
Ἑλληνικός	ADJ;NOM(DU;FEM)	Ἑλληνικᾱ́
Ἑλληνικός	ADJ;NOM(DU;MASC)	Ἑλληνικώ
Ἑλληνικός	ADJ;NOM(DU;NEUT)	Ἑλληνικώ
Ἑλληνικός	ADJ;NOM(PL;FEM)	Ἑλληνικαί
Ἑλληνικός	ADJ;NOM(PL;MASC)	Ἑλληνικοί
Ἑλληνικός	ADJ;NOM(PL;NEUT)	Ἑλληνικᾰ́
Ἑλληνικός	ADJ;NOM(SG;FEM)	Ἑλληνική
Ἑλληνικός	ADJ;NOM(SG;MASC)	Ἑλληνικός
Ἑλληνικός	ADJ;NOM(SG;NEUT)	Ἑλληνικός
Ἑλληνικός	ADJ;VOC(DU;FEM)	Ἑλληνικᾱ́
Ἑλληνικός	ADJ;VOC(DU;MASC)	Ἑλληνικώ
Ἑλληνικός	ADJ;VOC(DU;NEUT)	Ἑλληνικώ
Ἑλληνικός	ADJ;VOC(PL;NEUT)	Ἑλληνικᾰ́
Ἑλληνικός	ADJ;VOC(SG;FEM)	Ἑλληνική
Ἔλυμος	N;ACC(DU)	Ἔλυμω
Ἔλυμος	N;ACC(PL)	Ἔλυμους
Ἔλυμος	N;ACC(SG)	Ἔλυμον
Ἔλυμος	N;DAT(DU)	Ἔλυμοιν
Ἔλυμος	N;DAT(PL)	Ἔλυμοις
Ἔλυμος	N;DAT(SG)	Ἔλυμῳ
Ἔλυμος	N;GEN(DU)	ἐλυμοιν
Ἔλυμος	N;GEN(PL)	Ἔλυμων
Ἔλυμος	N;GEN(SG)	Ἔλυμου
Ἔλυμος	N;NOM(DU)	Ἔλυμω
Ἔλυμος	N;NOM(PL)	Ἔλυμοι
Ἔλυμος	N;NOM(SG)	Ἔλυμος
Ἔλυμος	N;VOC(DU)	Ἔλυμω
Ἔλυμος	N;VOC(PL)	Ἔλυμοι
Ἔλυμος	N;VOC(SG)	Ἔλυμος
ἡστικός	ADJ;ACC(DU;MASC)	ἡστικώ
ἡστικός	ADJ;ACC(PL;FEM)	ἡστικᾱ́ς
ἡστικός	ADJ;ACC(PL;NEUT)	ἡστικᾰ́
ἡστικός	ADJ;ACC(SG;FEM)	ἡστικήν
ἡστικός	ADJ;ACC(SG;MASC)	ἡστικόν
ἡστικός	ADJ;ACC(SG;NEUT)	ἡστικόν
ἡστικός	ADJ;DAT(DU;FEM)	ἡστικαῖν
ἡστικός	ADJ;DAT(DU;MASC)	ἡστικοῖν
ἡστικός	ADJ;DAT(DU;NEUT)	ἡστικοῖν
ἡστικός	ADJ;DAT(PL;FEM)	ἡστικαῖς
ἡστικός	ADJ;DAT(PL;MASC)	ἡστικοῖς
ἡστικός	ADJ;DAT(PL;NEUT)	ἡστικοῖς
ἡστικός	ADJ;DAT(SG;FEM)	ἡστικῇ
ἡστικός	ADJ;DAT(SG;NEUT)	ἡστικῷ
ἡστικός	ADJ;GEN(DU;MASC)	ἡστικοῖν
ἡστικός	ADJ;GEN(DU;NEUT)	ἡστικοῖν
ἡστικός	ADJ;GEN(PL;FEM)	ἡστικῶν
ἡστικός	ADJ;GEN(PL;NEUT)	ἡστικῶν
ἡστικός	ADJ;GEN(SG;MASC)	ἡστικοῦ
ἡστικός	ADJ;NOM(DU;FEM)	ἡστικᾱ́
ἡστικός	ADJ;NOM(DU;MASC)	ἡστικώ
ἡστικός	ADJ;NOM(DU;NEUT)	ἡστικώ
ἡστικός	ADJ;NOM(PL;FEM)	ἡστικαί
ἡστικός	ADJ;NOM(PL;MASC)	ἡστικοί
ἡστικός	ADJ;NOM(PL;NEUT)	ἡστικᾰ́
ἡστικός	ADJ;NOM(SG;FEM)	ἡστική
ἡστικός	ADJ;NOM(SG;NEUT)	ἡστικόν
ἡστικός	ADJ;VOC(DU;MASC)	ἡστικώ
ἡστικός	ADJ;VOC(DU;NEUT)	ἡστικώ
ἡστικός	ADJ;VOC(PL;MASC)	ἡστικοί
ἡστικός	ADJ;VOC(PL;NEUT)	ἡστικᾰ́
ἡστικός	ADJ;VOC(SG;MASC)	ἡστικός
ἡστικός	ADJ;VOC(SG;NEUT)	ἡστικόν
Ἠπειρώτης	N;ACC(DU)	Ἠπειρώτᾱ
Ἠπειρώτης	N;ACC(PL)	Ἠπειρώτᾱς
Ἠπειρώτης	N;ACC(SG)	Ἠπειρώτης
Ἠπειρώτης	N;DAT(DU)	Ἠπειρώταιν
Ἠπειρώτης	N;DAT(PL)	Ἠπειρώταις
Ἠπειρώτης	N;DAT(SG)	Ἠπειρώτῳ
Ἠπειρώτης	N;GEN(DU)	Ἠπειρώταιν
Ἠπειρώτης	N;GEN(PL)	Ἠπειρῶτων
Ἠπειρώτης	N;GEN(SG)	Ἠπειρώτῳ
Ἠπειρώτης	N;NOM(DU)	Ἠπειρώτᾱ
Ἠπειρώτης	N;NOM(PL)	Ἠπειρώται
Ἠπειρώτης	N;NOM(SG)	Ἠπειρώτης
Ἠπειρώτης	N;VOC(DU)	Ἠπειρώτᾱ
Ἠπειρώτης	N;VOC(PL)	Ἠπειρώται
Ἠπειρώτης	N;VOC(SG)	Ἠπειρώτης
ὀνοματοποιία	N;ACC(DU)	ὀνοματοποιᾱ́
ὀνοματοποιία	N;ACC(PL)	ὀνοματοποιᾱ́ς
ὀνοματοποιία	N;ACC(SG)	ὀνοματοποιῐ́ᾱν
ὀνοματοποιία	N;DAT(DU)	ὀνοματοποιίαιν
ὀνοματοποιία	N;DAT(PL)	ὀνοματοποιῶν
ὀνοματοποιία	N;DAT(SG)	ὀνοματοποιῐῦ
ὀνοματοποιία	N;GEN(DU)	ὀνοματοποιίαιν
ὀνοματοποιία	N;GEN(PL)	ὀνοματοποιῶν
ὀνοματοποιία	N;GEN(SG)	ὀνοματοποιῆς
ὀνοματοποιία	N;NOM(DU)	ὀνοματοποιᾱ́
ὀνοματοποιία	N;NOM(PL)	ὀνοματοποιίαι
ὀνοματοποιία	N;NOM(SG)	ὀνοματοποιίᾱ
ὀνοματοποιία	N;VOC(DU)	ὀνοματοποιᾱ́
ὀνοματοποιία	N;VOC(PL)	ὀνοματοποιίαι
ὀνοματοποιία	N;VOC(SG)	ὀνοματοποιίᾱ
ὀστοῦν	N;ACC(DU)	ὀστώ
ὀστοῦν	N;ACC(PL)	ὀστᾱ́ς
ὀστοῦν	N;ACC(SG)	ὀστοῦν
ὀστοῦν	N;DAT(DU)	ὀστοῖν
ὀστοῦν	N;DAT(PL)	ὀστοῖς
ὀστοῦν	N;DAT(SG)	ὀστῷ
ὀστοῦν	N;GEN(DU)	ὀστοῖν
ὀστοῦν	N;GEN(PL)	ὀστῶν
ὀστοῦν	N;GEN(SG)	ὀστῆς
ὀστοῦν	N;NOM(DU)	ὀστώ
ὀστοῦν	N;NOM(PL)	ὀσταί
ὀστοῦν	N;NOM(SG)	ὀστοῦν
ὀστοῦν	N;VOC(DU)	ὀστώ
ὀστοῦν	N;VOC(PL)	ὀσταί
ὀστοῦν	N;VOC(SG)	ὀστοῦν
ὁμόγραφος	ADJ;ACC(DU;FEM)	ὁμογρᾰ́φω
ὁμόγραφος	ADJ;ACC(DU;NEUT)	ὁμογρᾰ́φω
ὁμόγραφος	ADJ;ACC(PL;MASC)	ὁμογράφους
ὁμόγραφος	ADJ;ACC(PL;NEUT)	ὁμογρᾰ́φους
ὁμόγραφος	ADJ;ACC(SG;MASC)	ὁμογράφον
ὁμόγραφος	ADJ;ACC(SG;NEUT)	ὁμογρᾰ́φον
ὁμόγραφος	ADJ;DAT(DU;FEM)	ὁμογρᾰ́φοιν
ὁμόγραφος	ADJ;DAT(DU;MASC)	ὁμογρᾰ́φοιν
ὁμόγραφος	ADJ;DAT(DU;NEUT)	ὁμογρᾰ́φοιν
ὁμόγραφος	ADJ;DAT(PL;FEM)	ὁμογρᾰ́φοις
ὁμόγραφος	ADJ;DAT(PL;MASC)	ὁμογρᾰ́φοις
ὁμόγραφος	ADJ;DAT(PL;NEUT)	ὁμογρᾰ́φοις
ὁμόγραφος	ADJ;DAT(SG;FEM)	ὁμογρᾰ́φῳ
ὁμόγραφος	ADJ;DAT(SG;MASC)	ὁμογρᾰ́φῳ
ὁμόγραφος	ADJ;GEN(DU;MASC)	ὁμογρᾰ́φοιν
ὁμόγραφος	ADJ;GEN(DU;NEUT)	ὁμογρᾰ́φοιν
ὁμόγραφος	ADJ;GEN(PL;FEM)	ὁμογρᾰ́φων
ὁμόγραφος	ADJ;GEN(PL;NEUT)	ὁμογρᾰ́φων
ὁμόγραφος	ADJ;GEN(SG;FEM)	ὁμογρᾰ́φου
ὁμόγραφος	ADJ;GEN(SG;NEUT)	ὁμογρᾰ́φου
ὁμόγραφος	ADJ;NOM(DU;FEM)	ὁμογρᾰ́φω
ὁμόγραφος	ADJ;NOM(DU;MASC)	ὁμογρᾰ́φω
ὁμόγραφος	ADJ;NOM(DU;NEUT)	ὁμογρᾰ́φω
ὁμόγραφος	ADJ;NOM(PL;MASC)	ὁμογράφοι
ὁμόγραφος	ADJ;NOM(SG;NEUT)	ὁμόγραφον
ὁμόγραφος	ADJ;VOC(DU;FEM)	ὁμογρᾰ́φω
ὁμόγραφος	ADJ;VOC(DU;MASC)	ὁμογρᾰ́φω
ὁμόγραφος	ADJ;VOC(DU;NEUT)	ὁμογρᾰ́φω
ὁμόγραφος	ADJ;VOC(PL;FEM)	ὁμογράφοι
ὁμόγραφος	ADJ;VOC(PL;MASC)	ὁμογράφοι
ὁμόγραφος	ADJ;VOC(PL;NEUT)	ὁμογρᾰ́φοι
ὁμόγραφος	ADJ;VOC(SG;FEM)	ὁμογράφος
ὁμόγραφος	ADJ;VOC(SG;MASC)	ὁμογράφος
ὅμιλος	N;ACC(DU)	ὅμίλω
ὅμιλος	N;ACC(PL)	ὅμιλους
ὅμιλος	N;ACC(SG)	ὅμίλου
ὅμιλος	N;DAT(DU)	ὅμιλοιν
ὅμιλος	N;DAT(PL)	ὅμιλοις
ὅμιλος	N;DAT(SG)	ὅμῑ́λῳ
ὅμιλος	N;GEN(DU)	ὅμιλοιν
ὅμιλος	N;GEN(PL)	ὅμιλων
ὅμιλος	N;GEN(SG)	ὅμίλου
ὅμιλος	N;NOM(DU)	ὅμίλω
ὅμιλος	N;NOM(PL)	ὅμιλοι
ὅμιλος	N;NOM(SG)	ὅμίλος
ὅμιλος	N;VOC(DU)	ὅμίλω
ὅμιλος	N;VOC(PL)	ὅμιλοι
ὅμιλος	N;VOC(SG)	ὅμίλος
ῥάδιξ	N;ACC(DU)	ῥᾰδῑ́γω
ῥάδιξ	N;ACC(PL)	ῥᾰδῑ́γων
ῥάδιξ	N;ACC(SG)	ῥᾰδῑ́ξεν
ῥάδιξ	N;DAT(DU)	ῥᾰδῐκοῖν
ῥάδιξ	N;DAT(PL)	ῥᾰδῑ́κοις
ῥάδιξ	N;DAT(SG)	ῥᾰδῐᾳ
ῥάδιξ	N;GEN(DU)	ῥᾰδῑ́ξοιν
ῥάδιξ	N;GEN(PL)	ῥᾰδῑ́κων
ῥάδιξ	N;GEN(SG)	ῥᾰδῑ́ξως
ῥάδιξ	N;NOM(DU)	ῥᾰδῑ́γ
ῥάδιξ	N;NOM(PL)	ῥᾰδῑ́ξες
ῥάδιξ	N;NOM(SG)	ῥᾰδῠξ
ῥάδιξ	N;VOC(DU)	ῥᾰδῑ́γ
ῥάδιξ	N;VOC(PL)	ῥᾰδῑ́ξες
ῥάδιξ	N;VOC(SG)	ῥᾰδῑ́ξε
ῥητίνη	N;ACC(DU)	ῥητῑ́νω
ῥητίνη	N;ACC(PL)	ῥητῑ́νᾱς
ῥητίνη	N;ACC(SG)	ῥητῑ́νᾱ
ῥητίνη	N;DAT(DU)	ῥητῑ́ναιν
ῥητίνη	N;DAT(PL)	ῥητῑ́ναις
ῥητίνη	N;DAT(SG)	ῥητῑ́νῃ
ῥητίνη	N;GEN(DU)	ῥητῑ́ναιν
ῥητίνη	N;GEN(PL)	ῥητῑ́νων
ῥητίνη	N;GEN(SG)	ῥητῑ́νῳ
ῥητίνη	N;NOM(DU)	ῥητῑ́νω
ῥητίνη	N;NOM(PL)	ῥητῑ́ναι
ῥητίνη	N;NOM(SG)	ῥητῑ́νη
ῥητίνη	N;VOC(DU)	ῥητῑ́νω
ῥητίνη	N;VOC(PL)	ῥητῑ́ναι
ῥητίνη	N;VOC(SG)	ῥητῑ́νη
accuracy:0.474
