blaŋt	V;IMP;NEG;TR;ABS(2,SG);ERG(3,SG)	mublaŋe
blaŋt	V;PRS;NEG;REFL;ABS(1,SG)	mublaŋŋʌ
blaŋt	V;PRS;NEG;REFL;ABS(2,SG)	mʌblaŋŋʌ
blaŋt	V;PRS;NEG;TR;ABS(1,EXCL,DU);ERG(3,SG)	mublaŋu
blaŋt	V;PRS;NEG;TR;ABS(1,INCL,DU);ERG(3,DU)	mublaŋi
blaŋt	V;PRS;NEG;TR;ABS(3,DU);ERG(1,INCL,DU)	mʌblaŋi
blaŋt	V;PRS;NEG;TR;ABS(3,PL);ERG(1,EXCL,DU)	mʌblaŋu
blaŋt	V;PRS;NEG;TR;ABS(3,PL);ERG(3,DU)	mublânnu
blaŋt	V;PRS;NEG;TR;ABS(3,SG);ERG(1,SG)	mʌblaŋŋʌ
blaŋt	V;PRS;POS;TR;ABS(1,EXCL,DU);ERG(3,DU)	blaŋu
blaŋt	V;PRS;POS;TR;ABS(1,SG);ERG(2,SG,FORM)	blaŋ
blaŋt	V;PRS;POS;TR;ABS(3,DU);ERG(1,SG)	ʔiblaŋŋʌsu
blaŋt	V;PRS;POS;TR;ABS(3,PL);ERG(3,SG)	blâŋnu
blaŋt	V;PRS;POS;TR;ABS(3,SG);ERG(3,SG)	blaŋŋʌ
blaŋt	V;PST;NEG;TR;ABS(1,EXCL,PL);ERG(2,DU)	mʌblaŋiwi
blaŋt	V;PST;NEG;TR;ABS(2,DU);ERG(3,SG)	mʌblaŋiwi
blaŋt	V;PST;POS;TR;ABS(1,EXCL,DU);ERG(2,SG,FORM)	ʔiblaŋtɛ
blaŋt	V;PST;POS;TR;ABS(2,PL);ERG(1,EXCL,DU)	ʔiblaŋutu
blaŋt	V;PST;POS;TR;ABS(3,DU);ERG(3,DU)	blaŋtɛsu
blaŋt	V;PST;POS;TR;ABS(3,SG);ERG(2,DU)	ʔiblaŋiti
bɛnt	V;IMP;NEG;TR;ABS(2,DU);ERG(3,PL)	mubɛːsnuje
bɛnt	V;IMP;NEG;TR;ABS(2,PL);ERG(1,EXCL,DU)	mubɛːʦuje
bɛnt	V;IMP;POS;TR;ABS(2,DU);ERG(3,DU)	bɛːʦije
bɛnt	V;IMP;POS;TR;ABS(2,PL);ERG(1,EXCL,PL)	bɛːʦuje
bɛnt	V;PRS;NEG;TR;ABS(1,EXCL,DU);ERG(3,DU)	mubɛːʦu
bɛnt	V;PRS;NEG;TR;ABS(1,EXCL,PL);ERG(2,DU)	mʌbɛːʦi
bɛnt	V;PRS;NEG;TR;ABS(1,INCL,PL);ERG(3,PL)	mubɛjki
bɛnt	V;PRS;NEG;TR;ABS(2,SG);ERG(1,EXCL,PL)	mʌbɛjkʌ
bɛnt	V;PRS;NEG;TR;ABS(2,SG);ERG(3,SG)	mʌbɛjŋʌ
bɛnt	V;PRS;NEG;TR;ABS(3,SG);ERG(1,INCL,DU)	mʌbɛːʦi
bɛnt	V;PRS;POS;TR;ABS(3,SG);ERG(1,SG)	ʔibɛjŋʌ
bɛnt	V;PRS;POS;TR;ABS(3,SG);ERG(2,SG,FORM)	ʔibɛj
bɛnt	V;PST;NEG;TR;ABS(3,DU);ERG(2,DU)	mʌbɛːswi
bɛnt	V;PST;NEG;TR;ABS(3,SG);ERG(1,INCL,DU)	mʌbɛːswi
bɛnt	V;PST;NEG;TR;ABS(3,SG);ERG(2,SG,FORM)	mʌbɛːswɛ
bɛnt	V;PST;POS;TR;ABS(1,EXCL,DU);ERG(2,PL)	ʔibɛ̂ːstɛnu
bɛnt	V;PST;POS;TR;ABS(1,INCL,DU);ERG(3,SG)	bɛːsti
bɛnt	V;PST;POS;TR;ABS(1,INCL,PL);ERG(3,DU)	bɛːsti
bɛnt	V;PST;POS;TR;ABS(2,PL);ERG(1,EXCL,PL)	ʔibɛjtʌkʌ
bɛnt	V;PST;POS;TR;ABS(3,SG);ERG(1,INCL,PL)	ʔibɛjtiki
bʰlept	V;IMP;NEG;TR;ABS(2,SG);ERG(1,EXCL,PL)	mubʰlepkʌje
bʰlept	V;IMP;NEG;TR;ABS(2,SG);ERG(3,DU)	mubʰlepije
bʰlept	V;PRS;NEG;TR;ABS(2,PL);ERG(3,PL)	mʌbʰlêmni
bʰlept	V;PRS;NEG;TR;ABS(3,DU);ERG(1,EXCL,PL)	mʌbʰlepkʌ
bʰlept	V;PRS;NEG;TR;ABS(3,PL);ERG(3,PL)	mubʰlepnu
bʰlept	V;PRS;NEG;TR;ABS(3,SG);ERG(2,DU)	mʌbʰlepi
bʰlept	V;PRS;POS;TR;ABS(1,EXCL,DU);ERG(2,SG,FORM)	ʔibʰlêm
bʰlept	V;PRS;POS;TR;ABS(1,EXCL,DU);ERG(3,DU)	bʰlepu
bʰlept	V;PRS;POS;TR;ABS(2,DU);ERG(3,PL)	ʔibʰlepi
bʰlept	V;PRS;POS;TR;ABS(3,DU);ERG(1,EXCL,DU)	ʔibʰlepu
bʰlept	V;PRS;POS;TR;ABS(3,PL);ERG(1,INCL,DU)	ʔibʰlepi
bʰlept	V;PST;NEG;TR;ABS(1,EXCL,DU);ERG(3,SG)	mubʰlepuwu
bʰlept	V;PST;NEG;TR;ABS(2,PL);ERG(3,PL)	mʌbʰlepwɛnu
bʰlept	V;PST;NEG;TR;ABS(3,DU);ERG(1,EXCL,PL)	mʌbʰlepwʌkʌ
bʰlept	V;PST;NEG;TR;ABS(3,PL);ERG(1,INCL,PL)	mʌbʰlepwiki
bʰlept	V;PST;POS;TR;ABS(1,EXCL,PL);ERG(2,DU)	ʔibʰleptiki
bʰlept	V;PST;POS;TR;ABS(1,EXCL,PL);ERG(3,PL)	bʰleptʌkʌ
bʰlept	V;PST;POS;TR;ABS(1,SG);ERG(3,SG)	bʰleptʌ
bʰlept	V;PST;POS;TR;ABS(2,PL);ERG(3,SG)	ʔibʰlêmtɛnu
bʰlept	V;PST;POS;TR;ABS(2,SG);ERG(3,PL)	ʔibʰleptɛnu
deŋt	V;IMP;POS;TR;ABS(2,DU);ERG(1,EXCL,DU)	deŋuje
deŋt	V;PRS;NEG;TR;ABS(1,EXCL,DU);ERG(2,SG,FORM)	mʌdeŋ
deŋt	V;PRS;NEG;TR;ABS(2,PL);ERG(1,EXCL,DU)	mʌdeŋu
deŋt	V;PRS;NEG;TR;ABS(3,SG);ERG(1,SG)	mʌdeŋŋʌ
deŋt	V;PRS;POS;TR;ABS(1,EXCL,DU);ERG(3,SG)	deŋu
deŋt	V;PRS;POS;TR;ABS(1,EXCL,PL);ERG(2,PL)	ʔideŋnu
deŋt	V;PRS;POS;TR;ABS(1,EXCL,PL);ERG(3,SG)	deŋkʌ
deŋt	V;PRS;POS;TR;ABS(1,SG);ERG(2,SG,FORM)	deŋnu
deŋt	V;PRS;POS;TR;ABS(2,SG);ERG(1,SG)	ʔideŋŋʌ
deŋt	V;PRS;POS;TR;ABS(3,PL);ERG(2,DU)	ʔideŋi
deŋt	V;PRS;POS;TR;ABS(3,SG);ERG(1,INCL,DU)	ʔideŋi
deŋt	V;PRS;POS;TR;ABS(3,SG);ERG(3,PL)	dêŋnu
deŋt	V;PST;NEG;TR;ABS(3,DU);ERG(1,EXCL,PL)	mʌdeŋwʌkʌ
deŋt	V;PST;NEG;TR;ABS(3,PL);ERG(1,INCL,DU)	mʌdeŋiwi
deŋt	V;PST;NEG;TR;ABS(3,SG);ERG(3,DU)	mudêŋwɛsu
deŋt	V;PST;POS;TR;ABS(1,EXCL,DU);ERG(3,PL)	deŋutu
deŋt	V;PST;POS;TR;ABS(3,DU);ERG(2,PL)	ʔideŋtɛnu
deŋt	V;PST;POS;TR;ABS(3,PL);ERG(1,EXCL,DU)	ʔideŋutu
deŋt	V;PST;POS;TR;ABS(3,PL);ERG(3,PL)	dêŋtɛnu
deŋt	V;PST;POS;TR;ABS(3,SG);ERG(1,EXCL,PL)	ʔideŋtʌkʌ
duŋt	V;IMP;POS;TR;ABS(2,DU);ERG(1,SG)	dʉŋʌsuje
duŋt	V;PRS;NEG;TR;ABS(3,DU);ERG(1,EXCL,PL)	mʌdʌŋkʌ
duŋt	V;PRS;NEG;TR;ABS(3,PL);ERG(2,PL)	mʌdʌŋni
duŋt	V;PRS;NEG;TR;ABS(3,PL);ERG(3,DU)	mudʉ̂ŋnu
duŋt	V;PRS;NEG;TR;ABS(3,SG);ERG(2,SG,FORM)	mʌdʌŋ
duŋt	V;PRS;POS;TR;ABS(1,EXCL,DU);ERG(3,PL)	dʉŋu
duŋt	V;PRS;POS;TR;ABS(1,EXCL,PL);ERG(2,DU)	ʔidʉŋi
duŋt	V;PRS;POS;TR;ABS(1,INCL,DU);ERG(3,DU)	dʉŋi
duŋt	V;PRS;POS;TR;ABS(2,DU);ERG(1,SG)	ʔidʌŋŋʌsu
duŋt	V;PRS;POS;TR;ABS(3,DU);ERG(1,SG)	ʔidʌŋŋʌsu
duŋt	V;PST;NEG;TR;ABS(1,EXCL,DU);ERG(3,PL)	mudʉŋuwu
duŋt	V;PST;NEG;TR;ABS(1,SG);ERG(2,DU)	mudʉŋiwi
duŋt	V;PST;NEG;TR;ABS(1,SG);ERG(3,PL)	mudʌŋwʌnu
duŋt	V;PST;NEG;TR;ABS(2,PL);ERG(3,SG)	mʌdʌ̂ŋwɛnu
duŋt	V;PST;NEG;TR;ABS(2,SG);ERG(3,SG)	mʌdʌŋwɛ
duŋt	V;PST;NEG;TR;ABS(3,DU);ERG(3,PL)	mudʉ̂ŋwɛnu
duŋt	V;PST;NEG;TR;ABS(3,DU);ERG(3,SG)	mudʉ̂ŋwɛsu
duŋt	V;PST;POS;TR;ABS(1,SG);ERG(2,DU)	dʉ̂ŋtɛsu
duŋt	V;PST;POS;TR;ABS(2,PL);ERG(3,SG)	ʔidʉ̂ŋtɛnu
duŋt	V;PST;POS;TR;ABS(3,SG);ERG(1,SG)	ʔidʌŋtʌsu
gup	V;IMP;NEG;REFL;ABS(2,DU)	mugʉpije
gup	V;IMP;NEG;TR;ABS(2,DU);ERG(1,EXCL,DU)	mugʉpuje
gup	V;IMP;POS;TR;ABS(2,DU);ERG(3,SG)	gʉpije
gup	V;PRS;NEG;REFL;ABS(2,PL)	mʌgʉ̂mni
gup	V;PRS;NEG;REFL;ABS(3,DU)	mugʉpi
gup	V;PRS;NEG;TR;ABS(1,EXCL,DU);ERG(2,SG,FORM)	mʌgʉ̂m
gup	V;PRS;NEG;TR;ABS(3,PL);ERG(2,DU)	mʌgʉpi
gup	V;PRS;NEG;TR;ABS(3,PL);ERG(3,PL)	mugʉ̂mnu
gup	V;PRS;POS;TR;ABS(2,PL);ERG(1,EXCL,PL)	ʔigʌpkʌ
gup	V;PRS;POS;TR;ABS(3,DU);ERG(1,EXCL,DU)	ʔigʉpu
gup	V;PST;NEG;REFL;ABS(2,SG)	mʌgʉ̂mwɛsu
gup	V;PST;NEG;TR;ABS(1,EXCL,PL);ERG(3,DU)	mugʉpwʌkʌ
gup	V;PST;NEG;TR;ABS(2,PL);ERG(1,EXCL,PL)	mʌgʉpwʌkʌ
gup	V;PST;NEG;TR;ABS(2,SG);ERG(1,EXCL,PL)	mʌgʉpwʌkʌ
gup	V;PST;NEG;TR;ABS(3,DU);ERG(1,INCL,PL)	mʌgʉpwiki
gup	V;PST;POS;REFL;ABS(1,SG)	gʉptʌsu
gup	V;PST;POS;TR;ABS(1,SG);ERG(3,DU)	gʉptʌsu
gup	V;PST;POS;TR;ABS(3,DU);ERG(3,DU)	gʉ̂ːptɛsu
gup	V;PST;POS;TR;ABS(3,SG);ERG(2,DU)	ʔigʉpiti
gup	V;PST;POS;TR;ABS(3,SG);ERG(3,SG)	gʉ̂ptɛ
gʰlaŋ	V;IMP;NEG;INTR;ABS(2,PL)	mugʰlaŋnuje
gʰlaŋ	V;IMP;POS;INTR;ABS(2,DU)	gʰlʌŋije
gʰlaŋ	V;IMP;POS;INTR;ABS(2,SG)	gʰlaŋe
gʰlaŋ	V;NFIN;POS;INTR	gʰlʌŋnɛ
gʰlaŋ	V;PRS;NEG;INTR;ABS(3,DU)	mugʰlʌŋi
gʰlaŋ	V;PRS;NEG;INTR;ABS(3,PL)	mugʰlaŋnu
gʰlaŋ	V;PRS;NEG;INTR;ABS(3,SG)	mugʰlaŋ
gʰlaŋ	V;PRS;POS;INTR;ABS(1,EXCL,PL)	gʰlaŋkʌ
gʰlaŋ	V;PRS;POS;INTR;ABS(1,SG)	gʰlaŋŋʌ
gʰlaŋ	V;PRS;POS;INTR;ABS(2,DU)	ʔigʰlʌŋi
gʰlaŋ	V;PRS;POS;INTR;ABS(2,SG)	ʔigʰlaŋ
gʰlaŋ	V;PRS;POS;INTR;ABS(3,PL)	gʰlaŋnu
gʰlaŋ	V;PST;NEG;INTR;ABS(1,EXCL,PL)	mugʰlaŋwʌkʌ
gʰlaŋ	V;PST;NEG;INTR;ABS(1,INCL,PL)	mugʰlaŋwiki
gʰlaŋ	V;PST;NEG;INTR;ABS(1,SG)	mugʰlaŋwʌsu
gʰlaŋ	V;PST;NEG;INTR;ABS(2,PL)	mʌgʰlʌ̂ŋwɛnu
gʰlaŋ	V;PST;POS;INTR;ABS(1,EXCL,DU)	gʰlʌŋutu
gʰlaŋ	V;PST;POS;INTR;ABS(1,INCL,PL)	gʰlaŋtiki
gʰlaŋ	V;PST;POS;INTR;ABS(2,DU)	ʔigʰlʌŋiti
gʰlaŋ	V;PST;POS;INTR;ABS(3,DU)	gʰlʌŋiti
gʰum	V;IMP;POS;TR;ABS(2,DU);ERG(1,EXCL,DU)	gʰʉmuje
gʰum	V;PRS;NEG;TR;ABS(1,EXCL,DU);ERG(3,DU)	mugʰʉmu
gʰum	V;PRS;NEG;TR;ABS(1,INCL,PL);ERG(3,PL)	mugʰʌmki
gʰum	V;PRS;NEG;TR;ABS(2,DU);ERG(1,SG)	mʌgʰʌmŋʌsu
gʰum	V;PRS;NEG;TR;ABS(2,SG);ERG(1,EXCL,PL)	mʌgʰʌmkʌ
gʰum	V;PRS;NEG;TR;ABS(3,DU);ERG(3,PL)	mugʰʉ̂mnu
gʰum	V;PRS;NEG;TR;ABS(3,PL);ERG(2,DU)	mʌgʰʉmi
gʰum	V;PRS;POS;TR;ABS(1,EXCL,PL);ERG(2,SG,FORM)	ʔigʰʉ̂m
gʰum	V;PRS;POS;TR;ABS(1,EXCL,PL);ERG(3,SG)	gʰʌmkʌ
gʰum	V;PRS;POS;TR;ABS(2,DU);ERG(3,DU)	ʔigʰʉmi
gʰum	V;PRS;POS;TR;ABS(3,PL);ERG(1,INCL,PL)	ʔigʰʌmki
gʰum	V;PRS;POS;TR;ABS(3,SG);ERG(1,INCL,PL)	ʔigʰʌmki
gʰum	V;PRS;POS;TR;ABS(3,SG);ERG(2,PL)	ʔigʰʉ̂mni
gʰum	V;PST;NEG;TR;ABS(1,INCL,DU);ERG(3,SG)	mugʰʉmiwi
gʰum	V;PST;NEG;TR;ABS(2,PL);ERG(1,EXCL,DU)	mʌgʰʉmuwu
gʰum	V;PST;NEG;TR;ABS(3,SG);ERG(2,PL)	mʌgʰʉ̂mwɛnu
gʰum	V;PST;POS;TR;ABS(1,SG);ERG(2,DU)	gʰʉ̂mtɛsu
gʰum	V;PST;POS;TR;ABS(3,PL);ERG(1,EXCL,PL)	ʔigʰʌmtʌkʌ
gʰum	V;PST;POS;TR;ABS(3,SG);ERG(1,INCL,PL)	ʔigʰʌmtiki
gʰum	V;PST;POS;TR;ABS(3,SG);ERG(2,SG,FORM)	ʔigʰʉmtɛ
jokt	V;IMP;NEG;TR;ABS(2,PL);ERG(3,PL)	mujɵknuje
jokt	V;IMP;NEG;TR;ABS(2,SG);ERG(1,EXCL,DU)	mujɵkuje
jokt	V;IMP;POS;TR;ABS(2,SG);ERG(1,EXCL,PL)	jokkʌje
jokt	V;NFIN;POS;TR	jɵknɛ
jokt	V;PRS;NEG;TR;ABS(1,EXCL,DU);ERG(2,DU)	mʌjɵki
jokt	V;PRS;NEG;TR;ABS(1,INCL,DU);ERG(3,PL)	mujɵki
jokt	V;PRS;NEG;TR;ABS(1,INCL,DU);ERG(3,SG)	mujɵki
jokt	V;PRS;NEG;TR;ABS(1,SG);ERG(3,DU)	mujoksu
jokt	V;PRS;NEG;TR;ABS(2,SG);ERG(3,DU)	mʌjɵksu
jokt	V;PRS;NEG;TR;ABS(3,DU);ERG(3,PL)	mujôːnu
jokt	V;PRS;NEG;TR;ABS(3,PL);ERG(2,SG,FORM)	mʌjok
jokt	V;PRS;POS;TR;ABS(2,PL);ERG(1,EXCL,PL)	ʔijokkʌ
jokt	V;PRS;POS;TR;ABS(2,SG);ERG(3,DU)	ʔijɵ̂ːksu
jokt	V;PRS;POS;TR;ABS(3,DU);ERG(2,SG,FORM)	ʔijok
jokt	V;PRS;POS;TR;ABS(3,PL);ERG(1,EXCL,DU)	ʔijɵku
jokt	V;PRS;POS;TR;ABS(3,SG);ERG(1,INCL,DU)	ʔijɵki
jokt	V;PST;NEG;TR;ABS(1,EXCL,PL);ERG(2,DU)	mʌjɵkiwi
jokt	V;PST;NEG;TR;ABS(3,SG);ERG(1,EXCL,PL)	mʌjokwʌkʌ
jokt	V;PST;POS;TR;ABS(1,EXCL,PL);ERG(3,SG)	joktʌkʌ
jokt	V;PST;POS;TR;ABS(2,PL);ERG(3,SG)	ʔijɵ̂ːtɛnu
kik	V;PRS;NEG;REFL;ABS(3,PL)	mukîːni
kik	V;PRS;NEG;TR;ABS(1,EXCL,PL);ERG(3,DU)	mukikkʌ
kik	V;PRS;NEG;TR;ABS(2,PL);ERG(1,EXCL,DU)	mʌkiku
kik	V;PRS;NEG;TR;ABS(2,SG);ERG(3,SG)	mʌkikŋʌ
kik	V;PRS;NEG;TR;ABS(3,SG);ERG(2,PL)	mʌkîːni
kik	V;PRS;NEG;TR;ABS(3,SG);ERG(3,PL)	mukîːnu
kik	V;PRS;POS;TR;ABS(1,EXCL,DU);ERG(3,DU)	kiku
kik	V;PRS;POS;TR;ABS(1,EXCL,PL);ERG(2,PL)	ʔikîːni
kik	V;PRS;POS;TR;ABS(3,PL);ERG(2,DU)	ʔikiki
kik	V;PST;NEG;REFL;ABS(2,PL)	mʌkîːwɛnu
kik	V;PST;NEG;TR;ABS(1,SG);ERG(2,DU)	mukikiwi
kik	V;PST;NEG;TR;ABS(1,SG);ERG(3,DU)	mukikwɛsu
kik	V;PST;NEG;TR;ABS(2,SG);ERG(1,EXCL,PL)	mʌkikwʌkʌ
kik	V;PST;POS;TR;ABS(1,EXCL,DU);ERG(2,PL)	ʔikîːtɛnu
kik	V;PST;POS;TR;ABS(1,EXCL,PL);ERG(2,PL)	ʔikiktɛnu
kik	V;PST;POS;TR;ABS(1,INCL,DU);ERG(3,DU)	kikiti
kik	V;PST;POS;TR;ABS(1,SG);ERG(3,DU)	kiktʌsu
kik	V;PST;POS;TR;ABS(2,SG);ERG(1,EXCL,DU)	ʔikikutu
kik	V;PST;POS;TR;ABS(3,DU);ERG(3,SG)	kʌ̂ːktɛsu
kik	V;PST;POS;TR;ABS(3,SG);ERG(3,PL)	kîːktɛnu
kopt	V;IMP;NEG;TR;ABS(2,SG);ERG(1,EXCL,DU)	mukɵpuje
kopt	V;IMP;NEG;TR;ABS(2,SG);ERG(1,EXCL,PL)	mukɵpkʌje
kopt	V;IMP;POS;TR;ABS(2,PL);ERG(1,EXCL,DU)	kɵpuje
kopt	V;IMP;POS;TR;ABS(2,SG);ERG(1,SG)	kɵpʌje
kopt	V;IMP;POS;TR;ABS(2,SG);ERG(3,DU)	kɵpije
kopt	V;PRS;NEG;TR;ABS(1,EXCL,DU);ERG(3,DU)	mukɵpu
kopt	V;PRS;NEG;TR;ABS(1,EXCL,PL);ERG(2,SG,FORM)	mʌkoɔp
kopt	V;PRS;NEG;TR;ABS(1,INCL,PL);ERG(3,DU)	mukopki
kopt	V;PRS;POS;TR;ABS(1,EXCL,DU);ERG(2,PL)	ʔikɵ̂mni
kopt	V;PRS;POS;TR;ABS(1,EXCL,DU);ERG(2,SG,FORM)	ʔikɵ̂m
kopt	V;PRS;POS;TR;ABS(1,EXCL,PL);ERG(3,DU)	kopkʌ
kopt	V;PRS;POS;TR;ABS(1,INCL,DU);ERG(3,SG)	kɵpi
kopt	V;PRS;POS;TR;ABS(1,SG);ERG(2,PL)	kômnu
kopt	V;PRS;POS;TR;ABS(1,SG);ERG(3,SG)	kɵpŋʌ
kopt	V;PST;NEG;TR;ABS(1,SG);ERG(2,PL)	mukɵ̂mwɛnnu
kopt	V;PST;NEG;TR;ABS(2,SG);ERG(1,EXCL,DU)	mʌkɵpuwu
kopt	V;PST;POS;TR;ABS(1,EXCL,PL);ERG(3,DU)	koɔptʌkʌ
kopt	V;PST;POS;TR;ABS(1,SG);ERG(3,SG)	kɵptʌ
kopt	V;PST;POS;TR;ABS(2,DU);ERG(3,SG)	ʔikɵpiti
kopt	V;PST;POS;TR;ABS(3,DU);ERG(2,SG,FORM)	ʔikɵptɛ
kott	V;IMP;NEG;TR;ABS(2,DU);ERG(1,EXCL,PL)	mukoɔçkʌje
kott	V;PRS;NEG;TR;ABS(1,INCL,PL);ERG(3,SG)	mukoçki
kott	V;PRS;NEG;TR;ABS(3,SG);ERG(3,SG)	mukɵ̂ttɛ
kott	V;PRS;POS;TR;ABS(1,EXCL,DU);ERG(2,PL)	ʔikɵ̂nni
kott	V;PRS;POS;TR;ABS(1,EXCL,PL);ERG(3,DU)	koɔçkʌ
kott	V;PRS;POS;TR;ABS(2,SG);ERG(1,SG)	ʔikɵŋʌŋʌ
kott	V;PRS;POS;TR;ABS(3,PL);ERG(3,DU)	kɵ̂nnu
kott	V;PRS;POS;TR;ABS(3,SG);ERG(3,PL)	kônnu
kott	V;PST;NEG;TR;ABS(1,EXCL,DU);ERG(2,DU)	mʌkɵswi
kott	V;PST;NEG;TR;ABS(1,EXCL,DU);ERG(3,DU)	mukɵswu
kott	V;PST;NEG;TR;ABS(2,DU);ERG(1,EXCL,PL)	mʌkɵswʌkʌ
kott	V;PST;NEG;TR;ABS(2,SG);ERG(1,EXCL,PL)	mʌkoɔçwʌkʌ
kott	V;PST;NEG;TR;ABS(3,DU);ERG(2,DU)	mʌkɵswi
kott	V;PST;NEG;TR;ABS(3,SG);ERG(2,DU)	mʌkɵswi
kott	V;PST;POS;TR;ABS(1,EXCL,DU);ERG(2,SG,FORM)	ʔikɵ̂jtɛ
kott	V;PST;POS;TR;ABS(1,EXCL,PL);ERG(2,DU)	ʔikɵsti
kott	V;PST;POS;TR;ABS(1,INCL,DU);ERG(3,SG)	kɵsti
kott	V;PST;POS;TR;ABS(1,SG);ERG(2,PL)	koɔ̂ntɛnnu
kott	V;PST;POS;TR;ABS(2,DU);ERG(1,EXCL,DU)	ʔikɵstu
kott	V;PST;POS;TR;ABS(3,SG);ERG(1,EXCL,DU)	ʔikɵstu
kʰe	V;PRS;NEG;TR;ABS(1,INCL,DU);ERG(3,SG)	mukʰeji
kʰe	V;PRS;NEG;TR;ABS(2,PL);ERG(3,PL)	mʌkʰeni
kʰe	V;PRS;NEG;TR;ABS(2,SG);ERG(3,DU)	mʌkʰesu
kʰe	V;PRS;NEG;TR;ABS(3,DU);ERG(1,INCL,DU)	mʌkʰeji
kʰe	V;PRS;NEG;TR;ABS(3,DU);ERG(3,PL)	mukʰenu
kʰe	V;PRS;NEG;TR;ABS(3,PL);ERG(1,INCL,PL)	mʌkʰeki
kʰe	V;PRS;POS;TR;ABS(1,EXCL,DU);ERG(2,DU)	ʔikʰeji
kʰe	V;PRS;POS;TR;ABS(1,INCL,DU);ERG(3,SG)	kʰeji
kʰe	V;PRS;POS;TR;ABS(3,PL);ERG(1,SG)	ʔikʰeŋʌŋʌnu
kʰe	V;PRS;POS;TR;ABS(3,SG);ERG(3,SG)	kʰêjŋʌ
kʰe	V;PST;NEG;TR;ABS(2,DU);ERG(1,EXCL,PL)	mʌkʰekwʌkʌ
kʰe	V;PST;NEG;TR;ABS(3,PL);ERG(1,INCL,PL)	mʌkʰekwiki
kʰe	V;PST;NEG;TR;ABS(3,SG);ERG(3,SG)	mukʰêːwɛ
kʰe	V;PST;POS;INTR;ABS(2,SG)	ʔikʰeːtɛ
kʰe	V;PST;POS;TR;ABS(1,EXCL,PL);ERG(2,PL)	ʔikʰêːtɛnu
kʰe	V;PST;POS;TR;ABS(1,EXCL,PL);ERG(3,PL)	kʰektʌkʌ
kʰe	V;PST;POS;TR;ABS(1,INCL,PL);ERG(3,PL)	kʰektiki
kʰe	V;PST;POS;TR;ABS(1,SG);ERG(3,DU)	kʰeŋʌsu
kʰe	V;PST;POS;TR;ABS(2,PL);ERG(3,DU)	ʔikʰêːtnu
kʰe	V;PST;POS;TR;ABS(3,SG);ERG(1,EXCL,DU)	ʔikʰeutu
kʰipt	V;IMP;NEG;TR;ABS(2,SG);ERG(1,EXCL,DU)	mukʰipuje
kʰipt	V;IMP;NEG;TR;ABS(2,SG);ERG(3,PL)	mukʰipnuje
kʰipt	V;PRS;NEG;TR;ABS(1,EXCL,PL);ERG(2,DU)	mʌkʰipi
kʰipt	V;PRS;NEG;TR;ABS(2,PL);ERG(3,SG)	mʌkʰîmni
kʰipt	V;PRS;NEG;TR;ABS(2,SG);ERG(3,DU)	mʌkʰʌpsu
kʰipt	V;PRS;NEG;TR;ABS(2,SG);ERG(3,PL)	mʌkʰîmni
kʰipt	V;PRS;NEG;TR;ABS(3,PL);ERG(1,EXCL,PL)	mʌkʰipkʌ
kʰipt	V;PRS;NEG;TR;ABS(3,SG);ERG(1,SG)	mʌkʰʌpŋʌ
kʰipt	V;PRS;POS;TR;ABS(1,EXCL,DU);ERG(3,DU)	kʰʌpu
kʰipt	V;PRS;POS;TR;ABS(1,INCL,DU);ERG(3,DU)	kʰipi
kʰipt	V;PRS;POS;TR;ABS(2,DU);ERG(1,EXCL,PL)	ʔikʰipkʌ
kʰipt	V;PRS;POS;TR;ABS(2,PL);ERG(3,SG)	ʔikʰîmni
kʰipt	V;PRS;POS;TR;ABS(3,DU);ERG(1,INCL,PL)	ʔikʰipki
kʰipt	V;PRS;POS;TR;ABS(3,SG);ERG(1,SG)	ʔikʰʌpŋʌ
kʰipt	V;PRS;POS;TR;ABS(3,SG);ERG(2,DU)	ʔikʰipi
kʰipt	V;PST;NEG;TR;ABS(1,EXCL,DU);ERG(2,SG,FORM)	mʌkʰîmwɛ
kʰipt	V;PST;NEG;TR;ABS(3,SG);ERG(2,PL)	mʌkʰipwɛnu
kʰipt	V;PST;POS;TR;ABS(3,DU);ERG(2,DU)	ʔikʰipiti
kʰipt	V;PST;POS;TR;ABS(3,PL);ERG(1,EXCL,PL)	ʔikʰiptʌkʌ
kʰipt	V;PST;POS;TR;ABS(3,PL);ERG(3,DU)	kʰîmtɛnu
kʰok	V;IMP;NEG;TR;ABS(2,DU);ERG(1,SG)	mukʰɵkʌje
kʰok	V;PRS;NEG;TR;ABS(1,EXCL,PL);ERG(3,PL)	mukʰokkʌ
kʰok	V;PRS;NEG;TR;ABS(2,PL);ERG(3,SG)	mʌkʰôːni
kʰok	V;PRS;NEG;TR;ABS(3,SG);ERG(1,EXCL,PL)	mʌkʰokkʌ
kʰok	V;PRS;POS;TR;ABS(1,EXCL,DU);ERG(3,SG)	kʰɵku
kʰok	V;PRS;POS;TR;ABS(1,INCL,PL);ERG(3,PL)	kʰokki
kʰok	V;PRS;POS;TR;ABS(2,DU);ERG(3,DU)	ʔikʰɵki
kʰok	V;PRS;POS;TR;ABS(3,DU);ERG(2,SG,FORM)	ʔikʰôː
kʰok	V;PRS;POS;TR;ABS(3,DU);ERG(3,PL)	kʰôːnu
kʰok	V;PRS;POS;TR;ABS(3,PL);ERG(2,PL)	ʔikʰôːni
kʰok	V;PST;NEG;TR;ABS(1,EXCL,DU);ERG(3,DU)	mukʰɵkuwu
kʰok	V;PST;NEG;TR;ABS(1,EXCL,DU);ERG(3,PL)	mukʰɵkuwu
kʰok	V;PST;NEG;TR;ABS(2,SG);ERG(1,EXCL,DU)	mʌkʰɵkuwu
kʰok	V;PST;NEG;TR;ABS(3,PL);ERG(3,SG)	mukʰɵ̂ːkwɛnu
kʰok	V;PST;NEG;TR;ABS(3,SG);ERG(2,SG,FORM)	mʌkʰɵkwɛ
kʰok	V;PST;POS;TR;ABS(1,INCL,PL);ERG(3,SG)	kʰoktiki
kʰok	V;PST;POS;TR;ABS(1,SG);ERG(3,PL)	kʰôːktɛnu
kʰok	V;PST;POS;TR;ABS(2,DU);ERG(3,PL)	ʔikʰɵkiti
kʰok	V;PST;POS;TR;ABS(3,DU);ERG(1,INCL,DU)	ʔikʰɵkiti
kʰok	V;PST;POS;TR;ABS(3,DU);ERG(2,SG,FORM)	ʔikʰɵktɛ
kʰop	V;IMP;NEG;REFL;ABS(2,PL)	mukʰɵpnuje
kʰop	V;IMP;POS;TR;ABS(2,DU);ERG(3,PL)	kʰɵpnuje
kʰop	V;IMP;POS;TR;ABS(2,PL);ERG(1,EXCL,DU)	kʰɵpuje
kʰop	V;IMP;POS;TR;ABS(2,PL);ERG(3,PL)	kʰɵpnuje
kʰop	V;PRS;NEG;REFL;ABS(2,DU)	mʌkʰɵpi
kʰop	V;PRS;NEG;TR;ABS(1,SG);ERG(3,DU)	mukʰɵpusu
kʰop	V;PRS;NEG;TR;ABS(2,SG);ERG(3,SG)	mʌkʰoɔpŋʌ
kʰop	V;PRS;NEG;TR;ABS(3,DU);ERG(1,INCL,DU)	mʌkʰɵpi
kʰop	V;PRS;NEG;TR;ABS(3,SG);ERG(3,DU)	mukʰɵ̂msu
kʰop	V;PRS;POS;REFL;ABS(1,INCL,DU)	kʰɵpi
kʰop	V;PRS;POS;TR;ABS(1,INCL,PL);ERG(3,SG)	kʰoɔpki
kʰop	V;PRS;POS;TR;ABS(2,DU);ERG(3,DU)	ʔikʰɵpi
kʰop	V;PRS;POS;TR;ABS(2,SG);ERG(3,PL)	ʔikʰoɔ̂mni
kʰop	V;PRS;POS;TR;ABS(2,SG);ERG(3,SG)	ʔikʰoɔpŋʌ
kʰop	V;PRS;POS;TR;ABS(3,PL);ERG(3,SG)	kʰoɔ̂mnu
kʰop	V;PST;NEG;TR;ABS(3,PL);ERG(3,PL)	mukʰoɔ̂mwɛnu
kʰop	V;PST;NEG;TR;ABS(3,SG);ERG(2,PL)	mʌkʰoɔ̂mwɛnu
kʰop	V;PST;POS;TR;ABS(2,SG);ERG(3,SG)	ʔikʰɵptɛ
kʰop	V;PST;POS;TR;ABS(3,PL);ERG(1,INCL,DU)	ʔikʰɵpiti
kʰop	V;PST;POS;TR;ABS(3,SG);ERG(2,PL)	ʔikʰoɔ̂mtɛnu
kʰoŋt	V;IMP;NEG;TR;ABS(2,PL);ERG(1,SG)	mukʰɵŋnuje
kʰoŋt	V;IMP;POS;TR;ABS(2,DU);ERG(3,SG)	kʰɵŋije
kʰoŋt	V;PRS;NEG;TR;ABS(1,EXCL,DU);ERG(2,PL)	mʌkʰɵ̂ŋni
kʰoŋt	V;PRS;NEG;TR;ABS(1,EXCL,PL);ERG(3,SG)	mukʰoŋkʌ
kʰoŋt	V;PRS;NEG;TR;ABS(1,SG);ERG(2,SG,FORM)	mukʰoŋ
kʰoŋt	V;PRS;NEG;TR;ABS(1,SG);ERG(3,SG)	mukʰoŋŋʌ
kʰoŋt	V;PRS;NEG;TR;ABS(2,PL);ERG(1,EXCL,PL)	mʌkʰoŋkʌ
kʰoŋt	V;PRS;NEG;TR;ABS(2,SG);ERG(1,EXCL,PL)	mʌkʰoŋkʌ
kʰoŋt	V;PRS;NEG;TR;ABS(3,DU);ERG(1,EXCL,DU)	mʌkʰɵŋu
kʰoŋt	V;PRS;POS;TR;ABS(3,DU);ERG(1,EXCL,PL)	ʔikʰoŋkʌ
kʰoŋt	V;PRS;POS;TR;ABS(3,DU);ERG(1,INCL,DU)	ʔikʰɵŋi
kʰoŋt	V;PST;NEG;TR;ABS(2,DU);ERG(1,EXCL,PL)	mʌkʰoŋwʌkʌ
kʰoŋt	V;PST;NEG;TR;ABS(2,PL);ERG(3,SG)	mʌkʰɵ̂ŋwɛnu
kʰoŋt	V;PST;NEG;TR;ABS(2,SG);ERG(1,EXCL,DU)	mʌkʰɵŋuwu
kʰoŋt	V;PST;NEG;TR;ABS(3,PL);ERG(1,INCL,PL)	mʌkʰoŋwiki
kʰoŋt	V;PST;NEG;TR;ABS(3,SG);ERG(1,SG)	mʌkʰɵŋʌwʌ
kʰoŋt	V;PST;POS;TR;ABS(1,SG);ERG(3,PL)	kʰoŋtʌnu
kʰoŋt	V;PST;POS;TR;ABS(1,SG);ERG(3,SG)	kʰoŋtʌ
kʰoŋt	V;PST;POS;TR;ABS(3,DU);ERG(1,EXCL,DU)	ʔikʰɵŋutu
kʰoŋt	V;PST;POS;TR;ABS(3,SG);ERG(1,INCL,PL)	ʔikʰoŋtiki
kʰunt	V;IMP;NEG;REFL;ABS(2,PL)	mukʰʉːsnuje
kʰunt	V;IMP;POS;TR;ABS(2,DU);ERG(1,EXCL,DU)	kʰʉːʦuje
kʰunt	V;PRS;NEG;TR;ABS(1,INCL,PL);ERG(3,PL)	mukʰʌjki
kʰunt	V;PRS;NEG;TR;ABS(2,PL);ERG(1,SG)	mʌkʰʌjŋʌnu
kʰunt	V;PRS;NEG;TR;ABS(3,PL);ERG(1,INCL,DU)	mʌkʰʉːʦi
kʰunt	V;PRS;POS;TR;ABS(1,EXCL,DU);ERG(3,DU)	kʰʉːʦu
kʰunt	V;PRS;POS;TR;ABS(1,EXCL,PL);ERG(2,PL)	ʔikʰʌjni
kʰunt	V;PRS;POS;TR;ABS(1,EXCL,PL);ERG(2,SG,FORM)	ʔikʰʌj
kʰunt	V;PRS;POS;TR;ABS(2,PL);ERG(3,PL)	ʔikʰʌjni
kʰunt	V;PRS;POS;TR;ABS(2,SG);ERG(1,SG)	ʔikʰʌjŋʌ
kʰunt	V;PST;NEG;REFL;ABS(2,SG)	mʌkʰʌjwʌsu
kʰunt	V;PST;NEG;TR;ABS(1,EXCL,PL);ERG(2,DU)	mʌkʰʉːswi
kʰunt	V;PST;NEG;TR;ABS(1,SG);ERG(3,SG)	mukʰʌjwʌ
kʰunt	V;PST;NEG;TR;ABS(2,PL);ERG(3,DU)	mʌkʰʉ̂ːswɛnu
kʰunt	V;PST;NEG;TR;ABS(2,PL);ERG(3,PL)	mʌkʰʉ̂ːswɛnu
kʰunt	V;PST;NEG;TR;ABS(3,PL);ERG(1,SG)	mʌkʰʌjwʌnu
kʰunt	V;PST;NEG;TR;ABS(3,SG);ERG(3,DU)	mukʰʉ̂ːswɛsu
kʰunt	V;PST;POS;REFL;ABS(1,EXCL,PL)	kʰʌjtʌkʌ
kʰunt	V;PST;POS;TR;ABS(1,INCL,PL);ERG(3,DU)	kʰʌjtiki
kʰunt	V;PST;POS;TR;ABS(3,PL);ERG(1,SG)	ʔikʰʌjtʌnu
kʰɛl	V;IMP;NEG;TR;ABS(2,DU);ERG(1,EXCL,DU)	mukʰɛluje
kʰɛl	V;IMP;POS;TR;ABS(2,PL);ERG(1,EXCL,PL)	kʰɛlkʌje
kʰɛl	V;PRS;NEG;TR;ABS(1,EXCL,PL);ERG(2,DU)	mʌkʰɛli
kʰɛl	V;PRS;NEG;TR;ABS(2,SG);ERG(1,EXCL,PL)	mʌkʰɛlkʌ
kʰɛl	V;PRS;NEG;TR;ABS(3,PL);ERG(2,SG,FORM)	mʌkʰɛl
kʰɛl	V;PRS;NEG;TR;ABS(3,SG);ERG(1,SG)	mʌkʰɛlŋʌ
kʰɛl	V;PRS;POS;TR;ABS(1,EXCL,DU);ERG(2,DU)	ʔikʰɛli
kʰɛl	V;PRS;POS;TR;ABS(1,EXCL,PL);ERG(2,PL)	ʔikʰɛ̂lni
kʰɛl	V;PRS;POS;TR;ABS(3,DU);ERG(2,SG,FORM)	ʔikʰɛl
kʰɛl	V;PRS;POS;TR;ABS(3,DU);ERG(3,PL)	kʰɛ̂lnu
kʰɛl	V;PRS;POS;TR;ABS(3,SG);ERG(3,SG)	kʰɛlŋʌ
kʰɛl	V;PST;NEG;TR;ABS(2,DU);ERG(1,EXCL,PL)	mʌkʰɛlwʌkʌ
kʰɛl	V;PST;NEG;TR;ABS(3,DU);ERG(3,PL)	mukʰɛ̂lwɛnu
kʰɛl	V;PST;NEG;TR;ABS(3,PL);ERG(3,PL)	mukʰɛ̂lwɛnu
kʰɛl	V;PST;POS;TR;ABS(1,INCL,DU);ERG(3,DU)	kʰɛliti
kʰɛl	V;PST;POS;TR;ABS(1,INCL,DU);ERG(3,SG)	kʰɛliti
kʰɛl	V;PST;POS;TR;ABS(2,PL);ERG(3,PL)	ʔikʰɛ̂ltɛnu
kʰɛl	V;PST;POS;TR;ABS(3,PL);ERG(1,INCL,DU)	ʔikʰɛltiki
kʰɛl	V;PST;POS;TR;ABS(3,PL);ERG(2,PL)	ʔikʰɛ̂ltɛnu
kʰɛl	V;PST;POS;TR;ABS(3,SG);ERG(1,EXCL,PL)	ʔikʰɛltʌkʌ
nott	V;IMP;POS;TR;ABS(2,DU);ERG(3,DU)	nɵʦije
nott	V;IMP;POS;TR;ABS(2,PL);ERG(1,EXCL,DU)	nɵʦuje
nott	V;PRS;NEG;TR;ABS(2,SG);ERG(1,EXCL,PL)	mʌnoçkʌ
nott	V;PRS;NEG;TR;ABS(3,DU);ERG(2,DU)	mʌnɵʦi
nott	V;PRS;NEG;TR;ABS(3,DU);ERG(2,SG,FORM)	mʌnɵ̂j
nott	V;PRS;NEG;TR;ABS(3,DU);ERG(3,SG)	munɵ̂tsu
nott	V;PRS;POS;TR;ABS(1,EXCL,DU);ERG(3,SG)	nɵʦu
nott	V;PRS;POS;TR;ABS(1,SG);ERG(3,DU)	nottusu
nott	V;PRS;POS;TR;ABS(3,SG);ERG(1,EXCL,PL)	ʔinoçkʌ
nott	V;PRS;POS;TR;ABS(3,SG);ERG(2,SG,FORM)	ʔinɵ̂j
nott	V;PRS;POS;TR;ABS(3,SG);ERG(3,DU)	nɵ̂tsu
nott	V;PST;NEG;TR;ABS(1,INCL,DU);ERG(3,SG)	munɵswi
nott	V;PST;NEG;TR;ABS(3,SG);ERG(1,INCL,PL)	mʌnoçwiki
nott	V;PST;NEG;TR;ABS(3,SG);ERG(3,DU)	munɵ̂nwɛsu
nott	V;PST;POS;TR;ABS(1,EXCL,DU);ERG(2,DU)	ʔinɵsti
nott	V;PST;POS;TR;ABS(1,EXCL,PL);ERG(3,PL)	noɔçtʌkʌ
nott	V;PST;POS;TR;ABS(1,INCL,PL);ERG(3,PL)	noɔçtiki
nott	V;PST;POS;TR;ABS(1,SG);ERG(2,SG,FORM)	noɔ̂ntɛ
nott	V;PST;POS;TR;ABS(3,DU);ERG(1,EXCL,DU)	ʔinɵstu
nott	V;PST;POS;TR;ABS(3,DU);ERG(1,SG)	ʔinɵstʌsu
nu	V;IMP;NEG;INTR;ABS(2,SG)	munʉje
nu	V;PRS;NEG;INTR;ABS(1,EXCL,PL)	munʉkʌ
nu	V;PRS;NEG;INTR;ABS(1,INCL,DU)	munʉji
nu	V;PRS;NEG;INTR;ABS(1,INCL,PL)	munʉki
nu	V;PRS;NEG;INTR;ABS(1,SG)	munʉŋʌ
nu	V;PRS;NEG;INTR;ABS(3,PL)	munʉnu
nu	V;PRS;NEG;INTR;ABS(3,SG)	munʉ
nu	V;PRS;POS;INTR;ABS(1,EXCL,PL)	nʉkʌ
nu	V;PRS;POS;INTR;ABS(1,INCL,DU)	nʉji
nu	V;PRS;POS;INTR;ABS(2,PL)	ʔinʉni
nu	V;PRS;POS;INTR;ABS(3,DU)	nʉji
nu	V;PRS;POS;INTR;ABS(3,SG)	nʉ
nu	V;PST;NEG;INTR;ABS(1,EXCL,DU)	munʉuwuwu
nu	V;PST;NEG;INTR;ABS(1,INCL,PL)	munʉkwiki
nu	V;PST;NEG;INTR;ABS(2,SG)	mʌnʉwʌwʌ
nu	V;PST;NEG;INTR;ABS(3,DU)	munʉiwi
nu	V;PST;POS;INTR;ABS(1,INCL,PL)	nʉktiki
nu	V;PST;POS;INTR;ABS(3,DU)	nʉsti
nu	V;PST;POS;INTR;ABS(3,PL)	nʉ̂ːtɛnu
nu	V;PST;POS;INTR;ABS(3,SG)	nʉ̂ːtɛ
nuk	V;IMP;POS;REFL;ABS(2,DU)	nʉkije
nuk	V;IMP;POS;TR;ABS(2,DU);ERG(1,EXCL,DU)	nʉkuje
nuk	V;IMP;POS;TR;ABS(2,DU);ERG(1,SG)	nʉkʌje
nuk	V;PRS;NEG;REFL;ABS(2,SG)	mʌnʉ̂ːŋʌ
nuk	V;PRS;NEG;TR;ABS(1,EXCL,PL);ERG(3,PL)	munʉkkʌ
nuk	V;PRS;POS;TR;ABS(2,DU);ERG(1,EXCL,DU)	ʔinʉku
nuk	V;PRS;POS;TR;ABS(2,PL);ERG(1,EXCL,PL)	ʔinʌkkʌ
nuk	V;PRS;POS;TR;ABS(2,SG);ERG(1,EXCL,DU)	ʔinʉku
nuk	V;PRS;POS;TR;ABS(3,DU);ERG(1,EXCL,PL)	ʔinʌkkʌ
nuk	V;PST;NEG;REFL;ABS(1,INCL,DU)	munʉkiwi
nuk	V;PST;NEG;TR;ABS(1,EXCL,DU);ERG(2,PL)	mʌnʉ̂ːwɛnu
nuk	V;PST;NEG;TR;ABS(1,EXCL,DU);ERG(3,PL)	munʉkuwu
nuk	V;PST;NEG;TR;ABS(1,SG);ERG(3,DU)	munʉkwʌsu
nuk	V;PST;NEG;TR;ABS(2,SG);ERG(3,PL)	mʌnʉ̂ːwɛnu
nuk	V;PST;NEG;TR;ABS(3,DU);ERG(1,EXCL,PL)	mʌnʉkwʌkʌ
nuk	V;PST;POS;REFL;ABS(1,EXCL,PL)	nʉktʌkʌ
nuk	V;PST;POS;TR;ABS(1,EXCL,DU);ERG(2,DU)	ʔinʉkiti
nuk	V;PST;POS;TR;ABS(3,DU);ERG(3,PL)	nʉ̂ːktɛnu
nuk	V;PST;POS;TR;ABS(3,PL);ERG(3,DU)	nʉ̂ːktɛnu
nuk	V;PST;POS;TR;ABS(3,SG);ERG(1,SG)	ʔinʌktʌ
nɛl	V;IMP;NEG;TR;ABS(2,PL);ERG(1,EXCL,PL)	munɛlkʌje
nɛl	V;IMP;POS;TR;ABS(2,SG);ERG(1,SG)	nɛlŋʌje
nɛl	V;IMP;POS;TR;ABS(2,SG);ERG(3,SG)	nɛlnuje
nɛl	V;PRS;NEG;TR;ABS(2,SG);ERG(3,DU)	mʌnɛ̂lsu
nɛl	V;PRS;NEG;TR;ABS(2,SG);ERG(3,PL)	mʌnɛ̂lnu
nɛl	V;PRS;POS;TR;ABS(1,INCL,PL);ERG(3,SG)	nɛlki
nɛl	V;PRS;POS;TR;ABS(2,SG);ERG(1,EXCL,DU)	ʔinɛlu
nɛl	V;PRS;POS;TR;ABS(3,DU);ERG(1,EXCL,PL)	ʔinɛlkʌ
nɛl	V;PRS;POS;TR;ABS(3,PL);ERG(3,SG)	nɛ̂lnu
nɛl	V;PST;NEG;INTR;ABS(1,SG)	munɛlwʌsu
nɛl	V;PST;NEG;TR;ABS(1,INCL,DU);ERG(3,PL)	munɛliwi
nɛl	V;PST;NEG;TR;ABS(1,INCL,DU);ERG(3,SG)	munɛliwi
nɛl	V;PST;NEG;TR;ABS(1,INCL,PL);ERG(3,SG)	munɛlwiki
nɛl	V;PST;NEG;TR;ABS(2,PL);ERG(1,EXCL,PL)	mʌnɛlwʌkʌ
nɛl	V;PST;NEG;TR;ABS(3,PL);ERG(2,DU)	mʌnɛliwi
nɛl	V;PST;NEG;TR;ABS(3,SG);ERG(1,INCL,DU)	mʌnɛliwi
nɛl	V;PST;NEG;TR;ABS(3,SG);ERG(1,INCL,PL)	mʌnɛlwiki
nɛl	V;PST;NEG;TR;ABS(3,SG);ERG(3,SG)	munɛlwɛ
nɛl	V;PST;POS;TR;ABS(1,EXCL,PL);ERG(3,PL)	nɛltʌkʌ
nɛl	V;PST;POS;TR;ABS(3,PL);ERG(2,SG,FORM)	ʔinɛltɛ
paŋ	V;IMP;NEG;INTR;ABS(2,PL)	mupaŋnuje
paŋ	V;PRS;NEG;INTR;ABS(1,EXCL,PL)	mupaŋkʌ
paŋ	V;PRS;NEG;INTR;ABS(1,INCL,DU)	mupaŋi
paŋ	V;PRS;NEG;INTR;ABS(1,INCL,PL)	mupaŋki
paŋ	V;PRS;NEG;INTR;ABS(1,SG)	mupaŋŋʌ
paŋ	V;PRS;NEG;INTR;ABS(2,PL)	mʌpaŋni
paŋ	V;PRS;NEG;INTR;ABS(3,DU)	mupaŋi
paŋ	V;PRS;NEG;INTR;ABS(3,SG)	mupaŋ
paŋ	V;PRS;POS;INTR;ABS(1,EXCL,DU)	paŋu
paŋ	V;PRS;POS;INTR;ABS(1,INCL,DU)	paŋi
paŋ	V;PRS;POS;INTR;ABS(1,SG)	paŋŋʌ
paŋ	V;PRS;POS;INTR;ABS(3,DU)	paŋi
paŋ	V;PST;NEG;INTR;ABS(2,PL)	mʌpaŋwɛnu
paŋ	V;PST;NEG;INTR;ABS(3,DU)	mupaŋiwi
paŋ	V;PST;NEG;INTR;ABS(3,PL)	mupâŋwɛnu
paŋ	V;PST;POS;INTR;ABS(2,DU)	ʔipaŋiti
paŋ	V;PST;POS;INTR;ABS(2,PL)	ʔipaŋtɛnu
paŋ	V;PST;POS;INTR;ABS(2,SG)	ʔipaŋtʌ
paŋ	V;PST;POS;INTR;ABS(3,DU)	paŋtisi
paŋ	V;PST;POS;INTR;ABS(3,PL)	pâŋtɛnu
pʰaŋt	V;IMP;NEG;TR;ABS(2,PL);ERG(3,SG)	mupʰaŋnuje
pʰaŋt	V;IMP;NEG;TR;ABS(2,SG);ERG(1,SG)	mupʰʌŋʌje
pʰaŋt	V;PRS;NEG;TR;ABS(1,EXCL,PL);ERG(2,PL)	mʌpʰaŋni
pʰaŋt	V;PRS;NEG;TR;ABS(1,INCL,PL);ERG(3,SG)	mupʰaŋki
pʰaŋt	V;PRS;NEG;TR;ABS(3,SG);ERG(1,EXCL,PL)	mʌpʰaŋkʌ
pʰaŋt	V;PRS;NEG;TR;ABS(3,SG);ERG(2,SG,FORM)	mʌpʰaŋ
pʰaŋt	V;PRS;POS;TR;ABS(1,EXCL,PL);ERG(3,SG)	pʰaŋkʌ
pʰaŋt	V;PRS;POS;TR;ABS(2,DU);ERG(1,EXCL,DU)	ʔipʰʌŋu
pʰaŋt	V;PRS;POS;TR;ABS(2,PL);ERG(1,EXCL,PL)	ʔipʰaŋkʌ
pʰaŋt	V;PRS;POS;TR;ABS(3,PL);ERG(2,DU)	ʔipʰʌŋi
pʰaŋt	V;PRS;POS;TR;ABS(3,SG);ERG(1,INCL,PL)	ʔipʰaŋki
pʰaŋt	V;PRS;POS;TR;ABS(3,SG);ERG(2,SG,FORM)	ʔipʰaŋ
pʰaŋt	V;PRS;POS;TR;ABS(3,SG);ERG(3,DU)	pʰʌ̂ŋsu
pʰaŋt	V;PST;NEG;TR;ABS(1,EXCL,PL);ERG(3,SG)	mupʰʌŋwʌkʌ
pʰaŋt	V;PST;NEG;TR;ABS(1,SG);ERG(3,DU)	mupʰʌŋwʌsu
pʰaŋt	V;PST;NEG;TR;ABS(3,DU);ERG(2,DU)	mʌpʰʌŋiwi
pʰaŋt	V;PST;NEG;TR;ABS(3,PL);ERG(2,DU)	mʌpʰʌŋiwi
pʰaŋt	V;PST;POS;TR;ABS(2,SG);ERG(3,SG)	ʔipʰaŋtʌ
pʰaŋt	V;PST;POS;TR;ABS(3,PL);ERG(2,DU)	ʔipʰʌŋiti
pʰaŋt	V;PST;POS;TR;ABS(3,SG);ERG(1,INCL,PL)	ʔipʰaŋtiki
pʰer	V;IMP;NEG;TR;ABS(2,PL);ERG(3,PL)	mupʰernuje
pʰer	V;IMP;POS;INTR;ABS(2,DU)	pʰerije
pʰer	V;IMP;POS;TR;ABS(2,PL);ERG(3,PL)	pʰernuje
pʰer	V;PRS;NEG;INTR;ABS(3,SG)	mupʰerŋʌ
pʰer	V;PRS;NEG;TR;ABS(1,EXCL,PL);ERG(3,SG)	mupʰerkʌ
pʰer	V;PRS;NEG;TR;ABS(3,SG);ERG(2,DU)	mʌpʰeri
pʰer	V;PRS;NEG;TR;ABS(3,SG);ERG(2,PL)	mʌpʰêrni
pʰer	V;PRS;POS;TR;ABS(1,EXCL,DU);ERG(3,SG)	pʰeru
pʰer	V;PRS;POS;TR;ABS(1,SG);ERG(2,PL)	pʰêrnu
pʰer	V;PST;NEG;TR;ABS(2,DU);ERG(1,EXCL,DU)	mʌpʰeruwu
pʰer	V;PST;NEG;TR;ABS(2,DU);ERG(3,SG)	mʌpʰeriwi
pʰer	V;PST;NEG;TR;ABS(3,PL);ERG(1,SG)	mʌpʰerwʌnu
pʰer	V;PST;NEG;TR;ABS(3,PL);ERG(3,SG)	mupʰêrwɛnu
pʰer	V;PST;NEG;TR;ABS(3,SG);ERG(3,SG)	mupʰerwɛ
pʰer	V;PST;POS;INTR;ABS(3,DU)	pʰeriti
pʰer	V;PST;POS;TR;ABS(1,INCL,PL);ERG(3,PL)	pʰertiki
pʰer	V;PST;POS;TR;ABS(3,DU);ERG(2,PL)	ʔipʰêrtɛnu
pʰer	V;PST;POS;TR;ABS(3,PL);ERG(1,SG)	ʔipʰertʌnu
pʰer	V;PST;POS;TR;ABS(3,PL);ERG(3,PL)	pʰêrtɛnu
pʰer	V;PST;POS;TR;ABS(3,SG);ERG(1,SG)	ʔipʰertʌ
pʰrɛpt	V;IMP;NEG;TR;ABS(2,PL);ERG(3,SG)	mupʰrɛpnuje
pʰrɛpt	V;IMP;POS;TR;ABS(2,DU);ERG(1,EXCL,PL)	pʰrɛpkʌje
pʰrɛpt	V;PRS;NEG;TR;ABS(1,EXCL,PL);ERG(2,PL)	mʌpʰrɛ̂mni
pʰrɛpt	V;PRS;NEG;TR;ABS(1,INCL,DU);ERG(3,SG)	mupʰrɛpi
pʰrɛpt	V;PRS;NEG;TR;ABS(2,PL);ERG(1,EXCL,PL)	mʌpʰrɛpkʌ
pʰrɛpt	V;PRS;NEG;TR;ABS(2,PL);ERG(3,SG)	mʌpʰrɛ̂mni
pʰrɛpt	V;PRS;NEG;TR;ABS(3,DU);ERG(2,DU)	mʌpʰrɛpi
pʰrɛpt	V;PRS;NEG;TR;ABS(3,PL);ERG(2,PL)	mʌpʰrɛ̂mni
pʰrɛpt	V;PRS;NEG;TR;ABS(3,SG);ERG(1,EXCL,DU)	mʌpʰrɛpu
pʰrɛpt	V;PRS;NEG;TR;ABS(3,SG);ERG(2,PL)	mʌpʰrɛ̂mni
pʰrɛpt	V;PRS;POS;TR;ABS(1,EXCL,PL);ERG(3,DU)	pʰrɛpkʌ
pʰrɛpt	V;PRS;POS;TR;ABS(1,INCL,DU);ERG(3,SG)	pʰrɛpi
pʰrɛpt	V;PRS;POS;TR;ABS(2,DU);ERG(3,DU)	ʔipʰrɛpi
pʰrɛpt	V;PRS;POS;TR;ABS(2,PL);ERG(1,SG)	ʔipʰrɛ̂mŋʌnu
pʰrɛpt	V;PRS;POS;TR;ABS(2,PL);ERG(3,SG)	ʔipʰrɛ̂mni
pʰrɛpt	V;PRS;POS;TR;ABS(3,DU);ERG(1,EXCL,PL)	ʔipʰrɛpkʌ
pʰrɛpt	V;PRS;POS;TR;ABS(3,DU);ERG(1,SG)	ʔipʰrɛpŋʌsu
pʰrɛpt	V;PST;NEG;TR;ABS(2,DU);ERG(3,SG)	mʌpʰrɛpiwi
pʰrɛpt	V;PST;POS;TR;ABS(3,PL);ERG(2,SG,FORM)	ʔipʰrɛ̂mtɛ
pʰrɛpt	V;PST;POS;TR;ABS(3,SG);ERG(3,DU)	pʰrɛ̂mtɛsu
pʰɛm	V;IMP;NEG;INTR;ABS(2,PL)	mupʰɛmnuje
pʰɛm	V;IMP;POS;INTR;ABS(2,SG)	pʰɛmeje
pʰɛm	V;PRS;NEG;INTR;ABS(1,EXCL,DU)	mupʰɛmu
pʰɛm	V;PRS;NEG;INTR;ABS(1,EXCL,PL)	mupʰɛmkʌ
pʰɛm	V;PRS;NEG;INTR;ABS(1,SG)	mupʰɛmŋʌ
pʰɛm	V;PRS;NEG;INTR;ABS(2,DU)	mʌpʰɛmi
pʰɛm	V;PRS;NEG;INTR;ABS(2,SG)	mʌpʰɛmŋʌ
pʰɛm	V;PRS;POS;INTR;ABS(1,EXCL,PL)	pʰɛmkʌ
pʰɛm	V;PRS;POS;INTR;ABS(2,DU)	ʔipʰɛmi
pʰɛm	V;PST;NEG;INTR;ABS(1,EXCL,PL)	mupʰɛmwʌkʌ
pʰɛm	V;PST;NEG;INTR;ABS(1,SG)	mupʰɛmwʌwʌ
pʰɛm	V;PST;NEG;INTR;ABS(2,DU)	mʌpʰɛmiwi
pʰɛm	V;PST;NEG;INTR;ABS(2,PL)	mʌpʰɛ̂mwɛnu
pʰɛm	V;PST;NEG;INTR;ABS(3,DU)	mupʰɛmiwi
pʰɛm	V;PST;NEG;INTR;ABS(3,PL)	mupʰɛ̂mwɛnu
pʰɛm	V;PST;NEG;INTR;ABS(3,SG)	mupʰɛmwɛ
pʰɛm	V;PST;POS;INTR;ABS(1,INCL,DU)	pʰɛmiti
pʰɛm	V;PST;POS;INTR;ABS(2,DU)	ʔipʰɛmiti
pʰɛm	V;PST;POS;INTR;ABS(2,SG)	ʔipʰɛ̂mtɛ
pʰɛm	V;PST;POS;INTR;ABS(3,SG)	pʰɛmtɛ
rekt	V;IMP;NEG;TR;ABS(2,DU);ERG(1,EXCL,DU)	murekuje
rekt	V;IMP;NEG;TR;ABS(2,SG);ERG(3,SG)	murekte
rekt	V;IMP;POS;TR;ABS(2,PL);ERG(3,SG)	reknuje
rekt	V;IMP;POS;TR;ABS(2,SG);ERG(3,SG)	rekte
rekt	V;PRS;NEG;TR;ABS(1,EXCL,PL);ERG(3,PL)	murekkʌ
rekt	V;PRS;NEG;TR;ABS(2,DU);ERG(1,EXCL,PL)	mʌrekkʌ
rekt	V;PRS;NEG;TR;ABS(3,DU);ERG(1,INCL,PL)	mʌrekki
rekt	V;PRS;NEG;TR;ABS(3,PL);ERG(1,EXCL,PL)	mʌrekkʌ
rekt	V;PRS;POS;TR;ABS(1,EXCL,DU);ERG(3,PL)	reku
rekt	V;PRS;POS;TR;ABS(2,DU);ERG(3,PL)	ʔireki
rekt	V;PRS;POS;TR;ABS(3,SG);ERG(2,DU)	ʔireki
rekt	V;PST;NEG;TR;ABS(3,DU);ERG(3,SG)	murekwɛsu
rekt	V;PST;NEG;TR;ABS(3,PL);ERG(1,INCL,DU)	mʌrekiwi
rekt	V;PST;NEG;TR;ABS(3,PL);ERG(2,PL)	mʌrekwɛnu
rekt	V;PST;NEG;TR;ABS(3,PL);ERG(3,DU)	murekwɛnu
rekt	V;PST;NEG;TR;ABS(3,PL);ERG(3,SG)	murekwɛnu
rekt	V;PST;NEG;TR;ABS(3,SG);ERG(2,SG,FORM)	mʌrekwɛ
rekt	V;PST;POS;TR;ABS(1,SG);ERG(2,PL)	rêːtɛnnu
rekt	V;PST;POS;TR;ABS(2,SG);ERG(1,EXCL,DU)	ʔirekutu
rekt	V;PST;POS;TR;ABS(2,SG);ERG(1,EXCL,PL)	ʔirektʌkʌ
reŋt	V;IMP;NEG;TR;ABS(2,SG);ERG(3,DU)	mureŋije
reŋt	V;IMP;POS;TR;ABS(2,PL);ERG(3,DU)	reŋnuje
reŋt	V;PRS;NEG;TR;ABS(1,EXCL,DU);ERG(3,PL)	mureŋu
reŋt	V;PRS;NEG;TR;ABS(2,DU);ERG(1,EXCL,DU)	mʌreŋu
reŋt	V;PRS;NEG;TR;ABS(2,DU);ERG(1,SG)	mʌreŋŋʌsu
reŋt	V;PRS;NEG;TR;ABS(3,DU);ERG(1,INCL,PL)	mʌreŋki
reŋt	V;PRS;NEG;TR;ABS(3,DU);ERG(2,SG,FORM)	mʌreŋ
reŋt	V;PRS;POS;TR;ABS(1,EXCL,DU);ERG(2,PL)	ʔireŋnu
reŋt	V;PRS;POS;TR;ABS(3,DU);ERG(1,EXCL,DU)	ʔireŋu
reŋt	V;PRS;POS;TR;ABS(3,DU);ERG(1,INCL,PL)	ʔireŋki
reŋt	V;PRS;POS;TR;ABS(3,DU);ERG(1,SG)	ʔireŋŋʌsu
reŋt	V;PRS;POS;TR;ABS(3,PL);ERG(1,SG)	ʔireŋŋʌnu
reŋt	V;PST;NEG;TR;ABS(3,DU);ERG(1,EXCL,PL)	mʌreŋwʌkʌ
reŋt	V;PST;NEG;TR;ABS(3,DU);ERG(2,PL)	mʌreŋwɛnu
reŋt	V;PST;NEG;TR;ABS(3,DU);ERG(3,SG)	murêŋwɛsu
reŋt	V;PST;NEG;TR;ABS(3,SG);ERG(1,SG)	mʌreŋwʌŋʌwʌ
reŋt	V;PST;POS;TR;ABS(1,EXCL,PL);ERG(2,PL)	ʔireŋtɛnu
reŋt	V;PST;POS;TR;ABS(1,SG);ERG(3,SG)	reŋtʌ
reŋt	V;PST;POS;TR;ABS(3,DU);ERG(2,SG,FORM)	ʔireŋtɛ
reŋt	V;PST;POS;TR;ABS(3,SG);ERG(1,EXCL,DU)	ʔireŋutu
ritt	V;IMP;NEG;TR;ABS(2,DU);ERG(1,SG)	murisʌsuje
ritt	V;IMP;NEG;TR;ABS(2,SG);ERG(1,SG)	murʌtʌje
ritt	V;IMP;POS;TR;ABS(2,DU);ERG(3,SG)	riʦije
ritt	V;PRS;NEG;TR;ABS(1,EXCL,DU);ERG(3,DU)	murisu
ritt	V;PRS;NEG;TR;ABS(2,PL);ERG(1,EXCL,PL)	mʌriskʌ
ritt	V;PRS;NEG;TR;ABS(3,PL);ERG(2,PL)	mʌrînni
ritt	V;PRS;POS;TR;ABS(1,EXCL,PL);ERG(2,PL)	ʔirʌ̂nni
ritt	V;PRS;POS;TR;ABS(1,SG);ERG(3,SG)	rʌttʉ
ritt	V;PRS;POS;TR;ABS(2,PL);ERG(3,SG)	ʔirʌ̂nni
ritt	V;PRS;POS;TR;ABS(2,SG);ERG(3,DU)	ʔirʌ̂jŋʌsu
ritt	V;PRS;POS;TR;ABS(3,PL);ERG(2,SG,FORM)	ʔirîj
ritt	V;PST;NEG;TR;ABS(1,INCL,DU);ERG(3,PL)	muriswi
ritt	V;PST;NEG;TR;ABS(1,INCL,PL);ERG(3,PL)	muriswiki
ritt	V;PST;NEG;TR;ABS(1,SG);ERG(3,PL)	murʌswʌnu
ritt	V;PST;NEG;TR;ABS(2,SG);ERG(1,EXCL,DU)	mʌriswu
ritt	V;PST;NEG;TR;ABS(2,SG);ERG(3,SG)	mʌriswɛ
ritt	V;PST;POS;TR;ABS(2,DU);ERG(3,SG)	ʔiristi
ritt	V;PST;POS;TR;ABS(2,PL);ERG(1,EXCL,PL)	ʔirʌçtʌkʌ
ritt	V;PST;POS;TR;ABS(3,DU);ERG(1,EXCL,DU)	ʔiristutu
ritt	V;PST;POS;TR;ABS(3,SG);ERG(1,EXCL,PL)	ʔirʌçtʌkʌ
rol	V;IMP;NEG;TR;ABS(2,PL);ERG(3,DU)	murɵlnuje
rol	V;IMP;NEG;TR;ABS(2,SG);ERG(3,DU)	murɵlije
rol	V;IMP;POS;TR;ABS(2,DU);ERG(1,EXCL,DU)	rɵluje
rol	V;PRS;NEG;TR;ABS(1,EXCL,DU);ERG(3,SG)	murɵlu
rol	V;PRS;NEG;TR;ABS(1,SG);ERG(3,DU)	murolusu
rol	V;PRS;NEG;TR;ABS(2,DU);ERG(1,EXCL,PL)	mʌroɔlkʌ
rol	V;PRS;POS;TR;ABS(1,INCL,DU);ERG(3,DU)	rɵli
rol	V;PRS;POS;TR;ABS(2,SG);ERG(1,EXCL,DU)	ʔirɵlu
rol	V;PRS;POS;TR;ABS(3,DU);ERG(3,PL)	roɔ̂lnu
rol	V;PST;NEG;TR;ABS(1,EXCL,DU);ERG(2,SG,FORM)	mʌrɵlwɛ
rol	V;PST;NEG;TR;ABS(1,EXCL,DU);ERG(3,PL)	murɵluwu
rol	V;PST;NEG;TR;ABS(1,SG);ERG(3,PL)	muroɔlwʌnu
rol	V;PST;NEG;TR;ABS(2,SG);ERG(1,EXCL,PL)	mʌroɔlwʌkʌ
rol	V;PST;NEG;TR;ABS(2,SG);ERG(3,SG)	mʌrɵlwɛ
rol	V;PST;NEG;TR;ABS(3,PL);ERG(1,INCL,PL)	mʌroɔlwiki
rol	V;PST;NEG;TR;ABS(3,PL);ERG(3,DU)	murɵ̂lwɛnu
rol	V;PST;NEG;TR;ABS(3,SG);ERG(2,SG,FORM)	mʌrɵlwɛ
rol	V;PST;POS;TR;ABS(1,SG);ERG(2,PL)	rɵ̂ltɛnnu
rol	V;PST;POS;TR;ABS(3,DU);ERG(1,INCL,DU)	ʔirɵliti
rol	V;PST;POS;TR;ABS(3,SG);ERG(2,PL)	ʔirɵ̂ltɛnu
rot	V;IMP;POS;TR;ABS(2,SG);ERG(1,EXCL,PL)	rɵʦuje
rot	V;PRS;NEG;TR;ABS(1,SG);ERG(2,DU)	murɵʦi
rot	V;PRS;NEG;TR;ABS(2,DU);ERG(1,EXCL,DU)	mʌrɵʦu
rot	V;PRS;NEG;TR;ABS(2,DU);ERG(3,DU)	mʌrɵʦi
rot	V;PRS;NEG;TR;ABS(2,DU);ERG(3,PL)	mʌrɵʦi
rot	V;PRS;NEG;TR;ABS(3,SG);ERG(2,PL)	mʌroɔ̂nni
rot	V;PRS;POS;TR;ABS(2,PL);ERG(1,EXCL,PL)	ʔiroɔçkʌ
rot	V;PRS;POS;TR;ABS(3,DU);ERG(3,SG)	rɵ̂ːssu
rot	V;PST;NEG;TR;ABS(1,EXCL,PL);ERG(3,PL)	muroɔçwʌkʌ
rot	V;PST;NEG;TR;ABS(2,PL);ERG(1,EXCL,DU)	mʌrɵswu
rot	V;PST;NEG;TR;ABS(2,PL);ERG(3,SG)	mʌrɵswɛnu
rot	V;PST;NEG;TR;ABS(3,PL);ERG(3,DU)	muroɔ̂nwɛnu
rot	V;PST;POS;TR;ABS(1,EXCL,DU);ERG(2,DU)	ʔirɵsti
rot	V;PST;POS;TR;ABS(1,EXCL,DU);ERG(3,PL)	rɵstu
rot	V;PST;POS;TR;ABS(1,EXCL,DU);ERG(3,SG)	rɵstu
rot	V;PST;POS;TR;ABS(1,INCL,PL);ERG(3,DU)	roɔçtiki
rot	V;PST;POS;TR;ABS(2,DU);ERG(3,PL)	ʔirɵsti
rot	V;PST;POS;TR;ABS(2,SG);ERG(1,EXCL,PL)	ʔiroɔçtʌkʌ
rot	V;PST;POS;TR;ABS(3,PL);ERG(3,DU)	rɵ̂ntɛnu
rot	V;PST;POS;TR;ABS(3,SG);ERG(1,INCL,PL)	ʔiroçtiki
set	V;IMP;NEG;TR;ABS(2,DU);ERG(1,EXCL,DU)	museʦuje
set	V;IMP;POS;TR;ABS(2,SG);ERG(3,DU)	sestije
set	V;IMP;POS;TR;ABS(2,SG);ERG(3,SG)	sêjje
set	V;PRS;NEG;TR;ABS(1,INCL,DU);ERG(3,SG)	museʦi
set	V;PRS;NEG;TR;ABS(2,DU);ERG(3,DU)	mʌseʦi
set	V;PRS;NEG;TR;ABS(2,SG);ERG(3,PL)	mʌsêjŋʌnu
set	V;PRS;NEG;TR;ABS(3,PL);ERG(2,DU)	mʌseʦi
set	V;PRS;POS;TR;ABS(1,EXCL,PL);ERG(2,SG,FORM)	ʔisêj
set	V;PRS;POS;TR;ABS(1,INCL,DU);ERG(3,SG)	seʦi
set	V;PRS;POS;TR;ABS(1,SG);ERG(2,SG,FORM)	sêj
set	V;PST;NEG;TR;ABS(1,EXCL,PL);ERG(2,SG,FORM)	mʌseswɛ
set	V;PST;NEG;TR;ABS(1,INCL,DU);ERG(3,DU)	museswi
set	V;PST;POS;TR;ABS(1,INCL,DU);ERG(3,PL)	sesti
set	V;PST;POS;TR;ABS(2,PL);ERG(3,SG)	ʔisêjtɛnu
set	V;PST;POS;TR;ABS(2,SG);ERG(3,SG)	ʔisêjtɛ
set	V;PST;POS;TR;ABS(3,DU);ERG(1,EXCL,PL)	ʔiseçtʌkʌ
set	V;PST;POS;TR;ABS(3,DU);ERG(3,DU)	sêːstɛsu
set	V;PST;POS;TR;ABS(3,PL);ERG(1,EXCL,DU)	ʔisestutu
set	V;PST;POS;TR;ABS(3,PL);ERG(1,INCL,DU)	ʔisesti
set	V;PST;POS;TR;ABS(3,PL);ERG(2,PL)	ʔisestɛnu
sit	V;IMP;NEG;TR;ABS(2,PL);ERG(3,PL)	musisnuje
sit	V;IMP;POS;TR;ABS(2,PL);ERG(3,PL)	sînjenuje
sit	V;PRS;NEG;TR;ABS(1,EXCL,DU);ERG(2,SG,FORM)	mʌsîj
sit	V;PRS;NEG;TR;ABS(1,EXCL,DU);ERG(3,DU)	musisu
sit	V;PRS;NEG;TR;ABS(2,DU);ERG(3,SG)	mʌsiʦi
sit	V;PRS;NEG;TR;ABS(2,PL);ERG(1,EXCL,PL)	mʌsʌçkʌ
sit	V;PRS;NEG;TR;ABS(3,DU);ERG(1,EXCL,DU)	mʌsiʦu
sit	V;PRS;NEG;TR;ABS(3,DU);ERG(3,DU)	musîjsu
sit	V;PRS;NEG;TR;ABS(3,SG);ERG(1,INCL,DU)	mʌsiçki
sit	V;PRS;POS;TR;ABS(1,EXCL,PL);ERG(2,PL)	ʔisîjni
sit	V;PRS;POS;TR;ABS(2,SG);ERG(3,SG)	ʔisîjŋʌ
sit	V;PST;NEG;TR;ABS(1,EXCL,DU);ERG(2,SG,FORM)	mʌsîjwɛ
sit	V;PST;NEG;TR;ABS(1,EXCL,PL);ERG(3,PL)	musʌçwʌkʌ
sit	V;PST;NEG;TR;ABS(2,DU);ERG(1,EXCL,DU)	mʌsiswu
sit	V;PST;NEG;TR;ABS(2,DU);ERG(3,DU)	mʌsiswi
sit	V;PST;NEG;TR;ABS(2,PL);ERG(3,SG)	mʌsiswɛnu
sit	V;PST;NEG;TR;ABS(3,DU);ERG(1,EXCL,DU)	mʌsiswu
sit	V;PST;NEG;TR;ABS(3,DU);ERG(1,EXCL,PL)	mʌsʌçwʌkʌ
sit	V;PST;NEG;TR;ABS(3,PL);ERG(3,SG)	musînwɛnu
sit	V;PST;POS;TR;ABS(2,PL);ERG(3,SG)	ʔisîjtɛnu
tɛm	V;PRS;NEG;TR;ABS(1,EXCL,PL);ERG(2,SG,FORM)	mʌtɛm
tɛm	V;PRS;NEG;TR;ABS(2,DU);ERG(1,EXCL,DU)	mʌtɛmu
tɛm	V;PRS;NEG;TR;ABS(2,DU);ERG(3,PL)	mʌtɛmi
tɛm	V;PRS;NEG;TR;ABS(2,PL);ERG(1,EXCL,DU)	mʌtɛmu
tɛm	V;PRS;NEG;TR;ABS(2,PL);ERG(3,SG)	mʌtɛ̂mni
tɛm	V;PRS;NEG;TR;ABS(3,DU);ERG(1,INCL,PL)	mʌtɛmki
tɛm	V;PRS;NEG;TR;ABS(3,PL);ERG(1,INCL,DU)	mʌtɛmi
tɛm	V;PRS;POS;TR;ABS(1,EXCL,PL);ERG(2,DU)	ʔitɛmi
tɛm	V;PRS;POS;TR;ABS(1,EXCL,PL);ERG(3,DU)	tɛmkʌ
tɛm	V;PRS;POS;TR;ABS(2,PL);ERG(1,SG)	ʔitɛmŋʌnu
tɛm	V;PRS;POS;TR;ABS(2,PL);ERG(3,PL)	ʔitɛ̂mni
tɛm	V;PRS;POS;TR;ABS(2,SG);ERG(3,PL)	ʔitɛ̂mnu
tɛm	V;PRS;POS;TR;ABS(3,DU);ERG(3,DU)	tɛ̂msu
tɛm	V;PST;NEG;TR;ABS(3,DU);ERG(3,PL)	mutɛ̂mwɛnu
tɛm	V;PST;NEG;TR;ABS(3,PL);ERG(2,SG,FORM)	mʌtɛmwɛ
tɛm	V;PST;POS;TR;ABS(1,EXCL,DU);ERG(2,PL)	ʔitɛ̂mtɛnu
tɛm	V;PST;POS;TR;ABS(1,INCL,DU);ERG(3,DU)	tɛmiti
tɛm	V;PST;POS;TR;ABS(1,INCL,PL);ERG(3,DU)	tɛmtiki
tɛm	V;PST;POS;TR;ABS(3,DU);ERG(1,INCL,DU)	ʔitɛmiti
tɛm	V;PST;POS;TR;ABS(3,DU);ERG(2,PL)	ʔitɛ̂mtɛnu
tʰint	V;IMP;NEG;TR;ABS(2,DU);ERG(1,EXCL,DU)	mutʰiːʦuje
tʰint	V;IMP;NEG;TR;ABS(2,DU);ERG(3,DU)	mutʰiːʦije
tʰint	V;IMP;NEG;TR;ABS(2,PL);ERG(3,DU)	mutʰiːsnuje
tʰint	V;IMP;NEG;TR;ABS(2,SG);ERG(3,PL)	mutʰiːsnuje
tʰint	V;IMP;NEG;TR;ABS(2,SG);ERG(3,SG)	mutʰiːʦe
tʰint	V;PRS;NEG;TR;ABS(1,SG);ERG(3,DU)	mutʰînsu
tʰint	V;PRS;NEG;TR;ABS(1,SG);ERG(3,SG)	mutʰʌjŋʌ
tʰint	V;PRS;NEG;TR;ABS(3,DU);ERG(1,INCL,PL)	mʌtʰijki
tʰint	V;PRS;NEG;TR;ABS(3,DU);ERG(2,DU)	mʌtʰiːʦi
tʰint	V;PRS;NEG;TR;ABS(3,PL);ERG(3,SG)	mutʰînnu
tʰint	V;PRS;NEG;TR;ABS(3,SG);ERG(3,DU)	mutʰʌ̂nsu
tʰint	V;PRS;POS;TR;ABS(1,EXCL,PL);ERG(3,SG)	tʰʌjkʌ
tʰint	V;PRS;POS;TR;ABS(1,INCL,PL);ERG(3,SG)	tʰijki
tʰint	V;PRS;POS;TR;ABS(1,SG);ERG(3,SG)	tʰʌjŋʌ
tʰint	V;PST;NEG;TR;ABS(3,DU);ERG(2,PL)	mʌtʰîːswɛnu
tʰint	V;PST;NEG;TR;ABS(3,PL);ERG(2,DU)	mʌtʰiːswi
tʰint	V;PST;POS;TR;ABS(1,EXCL,DU);ERG(2,DU)	ʔitʰiːsti
tʰint	V;PST;POS;TR;ABS(3,DU);ERG(1,EXCL,DU)	ʔitʰiːstu
tʰint	V;PST;POS;TR;ABS(3,DU);ERG(2,SG,FORM)	ʔitʰiːstɛ
tʰint	V;PST;POS;TR;ABS(3,PL);ERG(3,SG)	tʰîntɛnu
tʰol	V;IMP;NEG;TR;ABS(2,PL);ERG(1,EXCL,DU)	mutʰɵluje
tʰol	V;IMP;NEG;TR;ABS(2,SG);ERG(3,PL)	mutʰɵlnuje
tʰol	V;PRS;NEG;TR;ABS(1,EXCL,DU);ERG(3,PL)	mutʰɵlu
tʰol	V;PRS;NEG;TR;ABS(1,SG);ERG(3,SG)	mutʰolŋʌ
tʰol	V;PRS;NEG;TR;ABS(2,DU);ERG(1,EXCL,DU)	mʌtʰɵlu
tʰol	V;PRS;POS;TR;ABS(1,EXCL,DU);ERG(3,SG)	tʰɵlu
tʰol	V;PRS;POS;TR;ABS(1,INCL,DU);ERG(3,DU)	tʰɵli
tʰol	V;PRS;POS;TR;ABS(1,INCL,DU);ERG(3,PL)	tʰɵli
tʰol	V;PRS;POS;TR;ABS(1,SG);ERG(3,PL)	tʰoɔlnu
tʰol	V;PRS;POS;TR;ABS(3,DU);ERG(3,SG)	tʰɵ̂lsu
tʰol	V;PRS;POS;TR;ABS(3,PL);ERG(2,DU)	ʔitʰɵli
tʰol	V;PST;NEG;TR;ABS(1,EXCL,DU);ERG(3,PL)	mutʰɵluwu
tʰol	V;PST;NEG;TR;ABS(2,PL);ERG(1,EXCL,DU)	mʌtʰɵluwu
tʰol	V;PST;NEG;TR;ABS(3,DU);ERG(1,INCL,DU)	mʌtʰɵliwi
tʰol	V;PST;NEG;TR;ABS(3,SG);ERG(2,PL)	mʌtʰɵlwɛnu
tʰol	V;PST;POS;TR;ABS(1,EXCL,PL);ERG(2,DU)	ʔitʰɵliti
tʰol	V;PST;POS;TR;ABS(1,INCL,PL);ERG(3,DU)	tʰoɔltiki
tʰol	V;PST;POS;TR;ABS(2,PL);ERG(3,SG)	ʔitʰoɔ̂ltɛnu
tʰol	V;PST;POS;TR;ABS(3,DU);ERG(1,INCL,PL)	ʔitʰoɔltiki
tʰol	V;PST;POS;TR;ABS(3,DU);ERG(1,SG)	ʔitʰoɔltʌsu
tʰɛpt	V;IMP;POS;TR;ABS(2,SG);ERG(3,DU)	tʰɛpije
tʰɛpt	V;PRS;NEG;TR;ABS(1,EXCL,PL);ERG(2,PL)	mʌtʰɛ̂mni
tʰɛpt	V;PRS;NEG;TR;ABS(3,DU);ERG(1,INCL,PL)	mʌtʰɛpki
tʰɛpt	V;PRS;NEG;TR;ABS(3,SG);ERG(1,INCL,DU)	mʌtʰɛpi
tʰɛpt	V;PRS;POS;TR;ABS(1,EXCL,PL);ERG(3,SG)	tʰɛpkʌ
tʰɛpt	V;PRS;POS;TR;ABS(2,DU);ERG(1,SG)	ʔitʰɛpŋʌsu
tʰɛpt	V;PRS;POS;TR;ABS(2,PL);ERG(3,SG)	ʔitʰɛ̂mni
tʰɛpt	V;PRS;POS;TR;ABS(3,DU);ERG(1,INCL,PL)	ʔitʰɛpki
tʰɛpt	V;PRS;POS;TR;ABS(3,SG);ERG(1,EXCL,PL)	ʔitʰɛpkʌ
tʰɛpt	V;PRS;POS;TR;ABS(3,SG);ERG(1,INCL,DU)	ʔitʰɛpi
tʰɛpt	V;PST;NEG;TR;ABS(1,EXCL,DU);ERG(3,PL)	mutʰɛpiwi
tʰɛpt	V;PST;NEG;TR;ABS(1,INCL,DU);ERG(3,SG)	mutʰɛpiwi
tʰɛpt	V;PST;NEG;TR;ABS(3,PL);ERG(2,SG,FORM)	mʌtʰɛpwɛ
tʰɛpt	V;PST;POS;TR;ABS(1,EXCL,DU);ERG(3,SG)	tʰɛputu
tʰɛpt	V;PST;POS;TR;ABS(1,SG);ERG(3,DU)	tʰɛptʌsu
tʰɛpt	V;PST;POS;TR;ABS(2,PL);ERG(3,PL)	ʔitʰɛptɛnu
tʰɛpt	V;PST;POS;TR;ABS(3,DU);ERG(3,DU)	tʰɛptɛsu
tʰɛpt	V;PST;POS;TR;ABS(3,PL);ERG(1,EXCL,DU)	ʔitʰɛputu
tʰɛpt	V;PST;POS;TR;ABS(3,PL);ERG(2,SG,FORM)	ʔitʰɛptɛ
tʰɛpt	V;PST;POS;TR;ABS(3,SG);ERG(1,EXCL,PL)	ʔitʰɛptʌkʌ
wɛn	V;IMP;NEG;INTR;ABS(2,SG)	muwɛːʦe
wɛn	V;IMP;POS;INTR;ABS(2,DU)	wɛːʦije
wɛn	V;NFIN;POS;INTR	wɛːʦe
wɛn	V;PRS;NEG;INTR;ABS(1,EXCL,DU)	muwɛːʦu
wɛn	V;PRS;NEG;INTR;ABS(1,EXCL,PL)	muwɛjkʌ
wɛn	V;PRS;NEG;INTR;ABS(1,INCL,DU)	muwɛːʦi
wɛn	V;PRS;NEG;INTR;ABS(2,SG)	mʌwɛ̂ːŋʌ
wɛn	V;PRS;NEG;INTR;ABS(3,DU)	muwɛːʦi
wɛn	V;PRS;POS;INTR;ABS(1,EXCL,PL)	wɛjkʌ
wɛn	V;PRS;POS;INTR;ABS(1,INCL,PL)	wɛjki
wɛn	V;PRS;POS;INTR;ABS(3,DU)	wɛːʦi
wɛn	V;PRS;POS;INTR;ABS(3,PL)	wɛ̂ːnnu
wɛn	V;PST;NEG;INTR;ABS(1,INCL,DU)	muwɛːswi
wɛn	V;PST;NEG;INTR;ABS(2,SG)	mʌwɛ̂ːswɛ
wɛn	V;PST;POS;INTR;ABS(1,INCL,DU)	wɛːsti
wɛn	V;PST;POS;INTR;ABS(1,SG)	wɛːstʌ
wɛn	V;PST;POS;INTR;ABS(2,PL)	ʔiwɛ̂ːstɛnu
wɛn	V;PST;POS;INTR;ABS(2,SG)	ʔiwɛ̂ːstɛ
wɛn	V;PST;POS;INTR;ABS(3,DU)	wɛːsti
wɛn	V;PST;POS;INTR;ABS(3,SG)	wɛːstɛ
ɦip	V;IMP;NEG;TR;ABS(2,DU);ERG(1,EXCL,DU)	muɦʉpuje
ɦip	V;IMP;POS;TR;ABS(2,DU);ERG(3,SG)	ɦipije
ɦip	V;PRS;NEG;TR;ABS(1,SG);ERG(2,SG,FORM)	muɦîmnu
ɦip	V;PRS;NEG;TR;ABS(3,SG);ERG(1,EXCL,DU)	mʌɦipu
ɦip	V;PRS;NEG;TR;ABS(3,SG);ERG(2,DU)	mʌɦipi
ɦip	V;PRS;NEG;TR;ABS(3,SG);ERG(3,SG)	muɦipŋʌ
ɦip	V;PRS;POS;TR;ABS(1,EXCL,DU);ERG(2,DU)	ʔiɦipi
ɦip	V;PRS;POS;TR;ABS(1,EXCL,PL);ERG(2,DU)	ʔiɦipi
ɦip	V;PRS;POS;TR;ABS(2,DU);ERG(1,SG)	ʔiɦʌpŋʌsu
ɦip	V;PST;NEG;TR;ABS(1,INCL,PL);ERG(3,SG)	muɦipwiki
ɦip	V;PST;NEG;TR;ABS(1,SG);ERG(3,DU)	muɦʌpwʌsu
ɦip	V;PST;NEG;TR;ABS(2,SG);ERG(3,PL)	mʌɦipwɛnu
ɦip	V;PST;NEG;TR;ABS(3,DU);ERG(3,DU)	muɦʉ̂ːpwɛsu
ɦip	V;PST;NEG;TR;ABS(3,PL);ERG(3,DU)	muɦîmwɛnu
ɦip	V;PST;NEG;TR;ABS(3,SG);ERG(1,EXCL,DU)	mʌɦipuwu
ɦip	V;PST;NEG;TR;ABS(3,SG);ERG(2,DU)	mʌɦipiwi
ɦip	V;PST;POS;TR;ABS(1,EXCL,DU);ERG(3,PL)	ɦiputu
ɦip	V;PST;POS;TR;ABS(1,EXCL,PL);ERG(2,DU)	ʔiɦiptɛnu
ɦip	V;PST;POS;TR;ABS(1,EXCL,PL);ERG(3,DU)	ɦiptʌkʌ
ɦip	V;PST;POS;TR;ABS(3,DU);ERG(2,PL)	ʔiɦiptɛnu
ɦont	V;IMP;POS;TR;ABS(2,SG);ERG(3,SG)	ɦɵːʦeje
ɦont	V;PRS;NEG;TR;ABS(1,EXCL,DU);ERG(2,DU)	mʌɦɵːʦi
ɦont	V;PRS;NEG;TR;ABS(1,SG);ERG(2,DU)	muɦɵ̂ːni
ɦont	V;PRS;NEG;TR;ABS(2,SG);ERG(3,SG)	mʌɦoɔj
ɦont	V;PRS;NEG;TR;ABS(3,DU);ERG(1,EXCL,DU)	mʌɦɵːʦu
ɦont	V;PRS;NEG;TR;ABS(3,DU);ERG(1,INCL,DU)	mʌɦɵːʦi
ɦont	V;PRS;NEG;TR;ABS(3,DU);ERG(2,SG,FORM)	mʌɦoɔj
ɦont	V;PRS;NEG;TR;ABS(3,SG);ERG(1,SG)	mʌɦoɔjŋʌ
ɦont	V;PRS;POS;TR;ABS(1,EXCL,PL);ERG(2,DU)	ʔiɦɵːʦi
ɦont	V;PRS;POS;TR;ABS(2,PL);ERG(1,EXCL,DU)	ʔiɦɵːʦu
ɦont	V;PRS;POS;TR;ABS(2,PL);ERG(3,DU)	ʔiɦoɔ̂nni
ɦont	V;PRS;POS;TR;ABS(2,SG);ERG(1,EXCL,PL)	ʔiɦoɔjkʌ
ɦont	V;PRS;POS;TR;ABS(2,SG);ERG(3,DU)	ʔiɦɵ̂ːssu
ɦont	V;PRS;POS;TR;ABS(3,PL);ERG(2,DU)	ʔiɦɵːʦi
ɦont	V;PST;NEG;TR;ABS(2,PL);ERG(3,PL)	mʌɦɵ̂ːswɛnu
ɦont	V;PST;NEG;TR;ABS(2,SG);ERG(1,EXCL,PL)	mʌɦoɔjwʌkʌ
ɦont	V;PST;NEG;TR;ABS(3,DU);ERG(1,EXCL,PL)	mʌɦoɔjwʌkʌ
ɦont	V;PST;POS;TR;ABS(2,SG);ERG(1,EXCL,DU)	ʔiɦɵːstu
ɦont	V;PST;POS;TR;ABS(3,PL);ERG(2,PL)	ʔiɦɵ̂ːstɛnu
ɦont	V;PST;POS;TR;ABS(3,SG);ERG(3,SG)	ɦoɔ̂ntɛ
ɦɛm	V;IMP;NEG;TR;ABS(2,PL);ERG(1,EXCL,DU)	muɦɛmuje
ɦɛm	V;IMP;NEG;TR;ABS(2,SG);ERG(3,SG)	muɦɛmeje
ɦɛm	V;IMP;POS;TR;ABS(2,PL);ERG(3,SG)	ɦɛmnuje
ɦɛm	V;PRS;NEG;TR;ABS(1,EXCL,DU);ERG(3,DU)	muɦɛmu
ɦɛm	V;PRS;NEG;TR;ABS(1,SG);ERG(2,SG,FORM)	muɦɛmnu
ɦɛm	V;PRS;NEG;TR;ABS(2,DU);ERG(1,EXCL,PL)	mʌɦɛmkʌ
ɦɛm	V;PRS;NEG;TR;ABS(3,DU);ERG(1,EXCL,DU)	mʌɦɛmu
ɦɛm	V;PRS;NEG;TR;ABS(3,DU);ERG(1,EXCL,PL)	mʌɦɛmkʌ
ɦɛm	V;PRS;NEG;TR;ABS(3,DU);ERG(1,INCL,DU)	mʌɦɛmi
ɦɛm	V;PRS;NEG;TR;ABS(3,SG);ERG(2,SG,FORM)	mʌɦɛm
ɦɛm	V;PRS;POS;TR;ABS(1,SG);ERG(2,PL)	ɦɛ̂mnu
ɦɛm	V;PRS;POS;TR;ABS(2,PL);ERG(3,DU)	ʔiɦɛ̂mni
ɦɛm	V;PST;NEG;TR;ABS(1,INCL,PL);ERG(3,PL)	muɦɛmwiki
ɦɛm	V;PST;NEG;TR;ABS(1,SG);ERG(3,DU)	muɦɛmwʌsu
ɦɛm	V;PST;NEG;TR;ABS(3,DU);ERG(1,INCL,DU)	mʌɦɛmiwi
ɦɛm	V;PST;NEG;TR;ABS(3,SG);ERG(1,EXCL,DU)	mʌɦɛmuwu
ɦɛm	V;PST;POS;TR;ABS(1,EXCL,PL);ERG(2,DU)	ʔiɦɛmtiki
ɦɛm	V;PST;POS;TR;ABS(1,INCL,DU);ERG(3,SG)	ɦɛmiti
ɦɛm	V;PST;POS;TR;ABS(2,PL);ERG(1,EXCL,PL)	ʔiɦɛmtʌkʌ
ɦɛm	V;PST;POS;TR;ABS(3,DU);ERG(2,PL)	ʔiɦɛ̂mtɛnu
ʔi	V;IMP;NEG;INTR;ABS(2,PL)	muʔiknuje
ʔi	V;IMP;NEG;INTR;ABS(2,SG)	muʔije
ʔi	V;IMP;POS;INTR;ABS(2,DU)	ʔiːʦije
ʔi	V;IMP;POS;INTR;ABS(2,SG)	ʔije
ʔi	V;NFIN;POS;INTR	ʔiːnɛ
ʔi	V;PRS;NEG;INTR;ABS(1,EXCL,PL)	muʔikkʌ
ʔi	V;PRS;NEG;INTR;ABS(1,INCL,DU)	muʔiji
ʔi	V;PRS;NEG;INTR;ABS(1,INCL,PL)	muʔiki
ʔi	V;PRS;NEG;INTR;ABS(2,SG)	mʌʔiŋʌ
ʔi	V;PRS;NEG;INTR;ABS(3,PL)	muʔinu
ʔi	V;PRS;POS;INTR;ABS(1,EXCL,PL)	ʔikʌ
ʔi	V;PRS;POS;INTR;ABS(1,INCL,DU)	ʔiji
ʔi	V;PRS;POS;INTR;ABS(2,PL)	ʔîjni
ʔi	V;PRS;POS;INTR;ABS(2,SG)	ʔîjŋʌ
ʔi	V;PRS;POS;INTR;ABS(3,PL)	ʔinu
ʔi	V;PST;NEG;INTR;ABS(1,EXCL,PL)	muʔikwʌkʌ
ʔi	V;PST;NEG;INTR;ABS(3,SG)	muʔîːwɛ
ʔi	V;PST;POS;INTR;ABS(1,EXCL,PL)	ʔiktʌkʌ
ʔi	V;PST;POS;INTR;ABS(1,SG)	ʔiŋʌtʌ
ʔi	V;PST;POS;INTR;ABS(2,DU)	ʔiːsti
ʔok	V;IMP;NEG;INTR;ABS(2,SG)	muʔɵkeje
ʔok	V;NFIN;POS;INTR	ʔɵknɛ
ʔok	V;PRS;NEG;INTR;ABS(1,INCL,PL)	muʔokki
ʔok	V;PRS;NEG;INTR;ABS(2,DU)	mʌʔɵki
ʔok	V;PRS;NEG;INTR;ABS(2,PL)	mʌʔôːni
ʔok	V;PRS;NEG;INTR;ABS(2,SG)	mʌʔôːŋʌ
ʔok	V;PRS;NEG;INTR;ABS(3,DU)	muʔɵki
ʔok	V;PRS;POS;INTR;ABS(1,INCL,DU)	ʔɵki
ʔok	V;PRS;POS;INTR;ABS(1,INCL,PL)	ʔokki
ʔok	V;PRS;POS;INTR;ABS(2,DU)	ʔiʔɵki
ʔok	V;PRS;POS;INTR;ABS(3,PL)	ʔôːnu
ʔok	V;PRS;POS;INTR;ABS(3,SG)	ʔôː
ʔok	V;PST;NEG;INTR;ABS(1,INCL,PL)	muʔokwiki
ʔok	V;PST;NEG;INTR;ABS(2,DU)	mʌʔɵkiwi
ʔok	V;PST;NEG;INTR;ABS(2,PL)	mʌʔɵkwɛnu
ʔok	V;PST;POS;INTR;ABS(1,EXCL,DU)	ʔɵkutu
ʔok	V;PST;POS;INTR;ABS(1,SG)	ʔɵktʌ
ʔok	V;PST;POS;INTR;ABS(2,PL)	ʔiʔɵktɛnu
ʔok	V;PST;POS;INTR;ABS(3,DU)	ʔɵkiti
ʔok	V;PST;POS;INTR;ABS(3,SG)	ʔɵktɛ
ʔont	V;IMP;NEG;TR;ABS(2,PL);ERG(1,EXCL,PL)	muʔoɔjkʌje
ʔont	V;IMP;POS;TR;ABS(2,DU);ERG(1,EXCL,PL)	ʔɵːʦuje
ʔont	V;IMP;POS;TR;ABS(2,PL);ERG(3,SG)	ʔɵːsnuje
ʔont	V;IMP;POS;TR;ABS(2,SG);ERG(3,SG)	ʔɵːʦeje
ʔont	V;PRS;NEG;TR;ABS(2,SG);ERG(3,SG)	mʌʔoɔndʉ
ʔont	V;PRS;NEG;TR;ABS(3,DU);ERG(1,EXCL,PL)	mʌʔoɔjkʌ
ʔont	V;PRS;NEG;TR;ABS(3,DU);ERG(2,DU)	mʌʔɵːʦi
ʔont	V;PRS;NEG;TR;ABS(3,PL);ERG(3,DU)	muʔoɔ̂nnu
ʔont	V;PRS;NEG;TR;ABS(3,SG);ERG(3,SG)	muʔoɔndʉ
ʔont	V;PRS;POS;TR;ABS(1,EXCL,DU);ERG(2,DU)	ʔiʔɵːʦi
ʔont	V;PRS;POS;TR;ABS(1,EXCL,PL);ERG(2,PL)	ʔiʔoɔ̂nni
ʔont	V;PRS;POS;TR;ABS(1,SG);ERG(2,PL)	ʔoɔ̂nni
ʔont	V;PRS;POS;TR;ABS(1,SG);ERG(3,DU)	ʔoɔ̂nsu
ʔont	V;PRS;POS;TR;ABS(3,DU);ERG(3,SG)	ʔɵ̂nsu
ʔont	V;PRS;POS;TR;ABS(3,PL);ERG(1,EXCL,DU)	ʔiʔɵːʦu
ʔont	V;PST;NEG;TR;ABS(1,EXCL,PL);ERG(2,DU)	mʌʔɵːswi
ʔont	V;PST;NEG;TR;ABS(1,SG);ERG(2,PL)	muʔoɔ̂nwɛnnu
ʔont	V;PST;NEG;TR;ABS(3,DU);ERG(2,PL)	mʌʔɵ̂ːswɛnu
ʔont	V;PST;POS;TR;ABS(2,SG);ERG(3,SG)	ʔiʔɵ̂ːstɛ
ʔont	V;PST;POS;TR;ABS(3,PL);ERG(2,SG,FORM)	ʔiʔɵ̂ːstɛ
ʦik	V;IMP;NEG;INTR;ABS(2,PL)	muʦiknuje
ʦik	V;NFIN;POS;INTR	ʦiknɛ
ʦik	V;PRS;NEG;INTR;ABS(1,EXCL,PL)	muʦikkʌ
ʦik	V;PRS;NEG;INTR;ABS(1,SG)	muʦʌkŋʌ
ʦik	V;PRS;NEG;INTR;ABS(2,DU)	mʌʦiki
ʦik	V;PRS;NEG;INTR;ABS(2,SG)	mʌʦîːŋʌ
ʦik	V;PRS;NEG;INTR;ABS(3,DU)	muʦʌki
ʦik	V;PRS;POS;INTR;ABS(1,EXCL,DU)	ʦiku
ʦik	V;PRS;POS;INTR;ABS(1,EXCL,PL)	ʦikkʌ
ʦik	V;PRS;POS;INTR;ABS(1,INCL,PL)	ʦikki
ʦik	V;PRS;POS;INTR;ABS(2,SG)	ʔiʦîːŋʌ
ʦik	V;PRS;POS;INTR;ABS(3,DU)	ʦʌki
ʦik	V;PRS;POS;INTR;ABS(3,SG)	ʦʌkŋʌ
ʦik	V;PST;NEG;INTR;ABS(1,EXCL,DU)	muʦikuwu
ʦik	V;PST;NEG;INTR;ABS(1,INCL,DU)	muʦikiwi
ʦik	V;PST;NEG;INTR;ABS(1,INCL,PL)	muʦikwiki
ʦik	V;PST;NEG;INTR;ABS(2,PL)	mʌʦîːkwɛnu
ʦik	V;PST;NEG;INTR;ABS(2,SG)	mʌʦîːwɛ
ʦik	V;PST;POS;INTR;ABS(1,EXCL,PL)	ʦiktʌkʌ
ʦik	V;PST;POS;INTR;ABS(3,PL)	ʦîːktɛnu
ʦir	V;IMP;NEG;TR;ABS(2,PL);ERG(3,DU)	muʦirnuje
ʦir	V;PRS;NEG;REFL;ABS(1,EXCL,DU)	muʦʌru
ʦir	V;PRS;NEG;REFL;ABS(1,EXCL,PL)	muʦʌrkʌ
ʦir	V;PRS;NEG;REFL;ABS(1,INCL,DU)	muʦʌri
ʦir	V;PRS;NEG;TR;ABS(1,EXCL,DU);ERG(2,PL)	mʌʦîrni
ʦir	V;PRS;NEG;TR;ABS(3,PL);ERG(3,DU)	muʦʌ̂rnu
ʦir	V;PRS;POS;TR;ABS(1,EXCL,DU);ERG(2,PL)	ʔiʦirni
ʦir	V;PRS;POS;TR;ABS(2,DU);ERG(1,EXCL,DU)	ʔiʦʉru
ʦir	V;PRS;POS;TR;ABS(2,SG);ERG(1,EXCL,DU)	ʔiʦʉru
ʦir	V;PRS;POS;TR;ABS(3,DU);ERG(1,INCL,PL)	ʔiʦirki
ʦir	V;PRS;POS;TR;ABS(3,SG);ERG(1,EXCL,PL)	ʔiʦirkʌ
ʦir	V;PRS;POS;TR;ABS(3,SG);ERG(3,PL)	ʦʌ̂rnu
ʦir	V;PST;NEG;TR;ABS(2,DU);ERG(3,PL)	mʌʦiriwi
ʦir	V;PST;NEG;TR;ABS(3,DU);ERG(3,DU)	muʦʉ̂rwɛsu
ʦir	V;PST;NEG;TR;ABS(3,PL);ERG(3,DU)	muʦʌ̂rwɛnu
ʦir	V;PST;POS;TR;ABS(1,EXCL,DU);ERG(3,SG)	ʦʉrutu
ʦir	V;PST;POS;TR;ABS(1,INCL,PL);ERG(3,DU)	ʦirtiki
ʦir	V;PST;POS;TR;ABS(1,SG);ERG(2,PL)	ʦʌ̂rtɛnnu
ʦir	V;PST;POS;TR;ABS(1,SG);ERG(3,PL)	ʦʌrtʌnu
ʦir	V;PST;POS;TR;ABS(3,PL);ERG(1,EXCL,PL)	ʔiʦirtʌkʌ
ʦʰop	V;IMP;NEG;TR;ABS(2,DU);ERG(3,SG)	muʦʰɵpije
ʦʰop	V;PRS;NEG;TR;ABS(1,EXCL,DU);ERG(3,SG)	muʦʰɵpu
ʦʰop	V;PRS;NEG;TR;ABS(2,DU);ERG(1,EXCL,DU)	mʌʦʰɵpu
ʦʰop	V;PRS;NEG;TR;ABS(2,PL);ERG(1,EXCL,PL)	mʌʦʰoɔpkʌ
ʦʰop	V;PRS;NEG;TR;ABS(3,DU);ERG(2,SG,FORM)	mʌʦʰoɔp
ʦʰop	V;PRS;NEG;TR;ABS(3,DU);ERG(3,PL)	muʦʰoɔ̂mnu
ʦʰop	V;PRS;POS;TR;ABS(1,EXCL,PL);ERG(2,DU)	ʔiʦʰɵpi
ʦʰop	V;PRS;POS;TR;ABS(1,EXCL,PL);ERG(2,PL)	ʔiʦʰoɔ̂mni
ʦʰop	V;PRS;POS;TR;ABS(1,INCL,PL);ERG(3,PL)	ʦʰoɔpki
ʦʰop	V;PRS;POS;TR;ABS(3,DU);ERG(3,PL)	ʦʰoɔ̂mnu
ʦʰop	V;PRS;POS;TR;ABS(3,PL);ERG(1,INCL,PL)	ʔiʦʰoɔpki
ʦʰop	V;PRS;POS;TR;ABS(3,SG);ERG(1,INCL,PL)	ʔiʦʰoɔpki
ʦʰop	V;PRS;POS;TR;ABS(3,SG);ERG(3,SG)	ʦʰoɔpŋʌ
ʦʰop	V;PST;NEG;TR;ABS(1,EXCL,DU);ERG(2,SG,FORM)	mʌʦʰɵpwɛ
ʦʰop	V;PST;NEG;TR;ABS(3,DU);ERG(1,INCL,DU)	mʌʦʰɵpiwi
ʦʰop	V;PST;NEG;TR;ABS(3,DU);ERG(3,PL)	muʦʰoɔ̂mwɛnu
ʦʰop	V;PST;NEG;TR;ABS(3,PL);ERG(1,SG)	mʌʦʰoɔpwʌnu
ʦʰop	V;PST;POS;TR;ABS(1,EXCL,PL);ERG(3,PL)	ʦʰoɔptʌkʌ
ʦʰop	V;PST;POS;TR;ABS(1,SG);ERG(2,PL)	ʦʰoɔ̂mtɛnnu
ʦʰop	V;PST;POS;TR;ABS(3,PL);ERG(3,SG)	ʦʰoɔ̂mtɛnu
ʦʰɛtt	V;IMP;NEG;REFL;ABS(2,PL)	muʦʰɛsnuje
ʦʰɛtt	V;IMP;POS;TR;ABS(2,PL);ERG(1,EXCL,PL)	ʦʰɛçkʌje
ʦʰɛtt	V;IMP;POS;TR;ABS(2,PL);ERG(1,SG)	ʦʰɛsnuje
ʦʰɛtt	V;PRS;NEG;TR;ABS(1,EXCL,PL);ERG(3,SG)	muʦʰɛçkʌ
ʦʰɛtt	V;PRS;POS;TR;ABS(1,EXCL,PL);ERG(3,DU)	ʦʰɛtkʌ
ʦʰɛtt	V;PRS;POS;TR;ABS(1,INCL,PL);ERG(3,PL)	ʦʰɛtki
ʦʰɛtt	V;PRS;POS;TR;ABS(2,DU);ERG(1,EXCL,PL)	ʔiʦʰɛçkʌ
ʦʰɛtt	V;PRS;POS;TR;ABS(2,SG);ERG(3,DU)	ʔiʦʰɛ̂jŋʌsu
ʦʰɛtt	V;PRS;POS;TR;ABS(3,DU);ERG(2,PL)	ʔiʦʰɛ̂ːni
ʦʰɛtt	V;PRS;POS;TR;ABS(3,PL);ERG(3,PL)	ʦʰɛ̂nnu
ʦʰɛtt	V;PST;NEG;TR;ABS(1,INCL,PL);ERG(3,PL)	muʦʰɛswiki
ʦʰɛtt	V;PST;NEG;TR;ABS(3,SG);ERG(3,DU)	muʦʰɛ̂twɛsu
ʦʰɛtt	V;PST;POS;REFL;ABS(1,EXCL,PL)	ʦʰɛçtʌkʌ
ʦʰɛtt	V;PST;POS;TR;ABS(1,EXCL,DU);ERG(2,PL)	ʔiʦʰɛ̂ːstɛnu
ʦʰɛtt	V;PST;POS;TR;ABS(1,EXCL,PL);ERG(2,SG,FORM)	ʔiʦʰɛ̂jtɛ
ʦʰɛtt	V;PST;POS;TR;ABS(1,SG);ERG(2,PL)	ʦʰɛ̂ntɛnnu
ʦʰɛtt	V;PST;POS;TR;ABS(2,PL);ERG(3,PL)	ʔiʦʰɛ̂ntɛnu
ʦʰɛtt	V;PST;POS;TR;ABS(3,DU);ERG(3,PL)	ʦʰɛ̂ntɛnu
ʦʰɛtt	V;PST;POS;TR;ABS(3,PL);ERG(1,EXCL,DU)	ʔiʦʰɛsutu
ʦʰɛtt	V;PST;POS;TR;ABS(3,PL);ERG(1,INCL,PL)	ʔiʦʰɛçtiki
accuracy:0.597
