adiníłdíín	V;IND;PFV;NOM(1,GRPL)	dasiildiin
adiníłdíín	V;IND;PFV;NOM(1,PL)	adiildiin
adiníłdíín	V;IND;PFV;NOM(1,SG)	asisdiildiiʼ
adiníłdíín	V;IND;PFV;NOM(2,GRPL)	dasoołdiiʼ
adiníłdíín	V;IND;PFV;NOM(2,PL)	asoołdiiʼ
adiníłdíín	V;IND;PFV;NOM(2,SG)	asíníłdiiʼ
adiníłdíín	V;IND;PFV;NOM(3,GRPL)	deizdiildiin
adiníłdíín	V;IND;PFV;NOM(3,PL)	adiniłdiin
adiníłdíín	V;IND;PFV;NOM(3,SG)	ayíníłdiin
adiníłdíín	V;IND;PFV;NOM(4,GRPL)	dajííłdiiʼ
adiníłdíín	V;IND;PFV;NOM(4,PL)	ajidiniłdiin
adiníłdíín	V;IND;PFV;NOM(4,SG)	ajííłdiiʼ
aheełtʼé	V;IND;PFV;NOM(1,GRPL)	daʼiiltʼé
aheełtʼé	V;IND;PFV;NOM(1,PL)	ahiiltʼé
aheełtʼé	V;IND;PFV;NOM(1,SG)	ashéłtʼé
aheełtʼé	V;IND;PFV;NOM(2,GRPL)	daʼoołtʼé
aheełtʼé	V;IND;PFV;NOM(2,PL)	ahííłtʼé
aheełtʼé	V;IND;PFV;NOM(2,SG)	ahíníłtʼé
aheełtʼé	V;IND;PFV;NOM(3,GRPL)	daʼaheełtʼé
aheełtʼé	V;IND;PFV;NOM(3,PL)	aheełtʼé
aheełtʼé	V;IND;PFV;NOM(3,SG)	aheełtʼé
aheełtʼé	V;IND;PFV;NOM(4,GRPL)	dajííłtʼé
aheełtʼé	V;IND;PFV;NOM(4,PL)	ajííłtʼé
aheełtʼé	V;IND;PFV;NOM(4,SG)	ajííłtʼé
diłhił	V;IND;PFV;NOM(1,GRPL)	dadiilghil
diłhił	V;IND;PFV;NOM(1,PL)	diilghil
diłhił	V;IND;PFV;NOM(1,SG)	dishhił
diłhił	V;IND;PFV;NOM(2,GRPL)	dadoołhil
diłhił	V;IND;PFV;NOM(2,PL)	doołhil
diłhił	V;IND;PFV;NOM(2,SG)	dííłhił
diłhił	V;IND;PFV;NOM(3,GRPL)	dadeeshhil
diłhił	V;IND;PFV;NOM(3,PL)	diyííłhil
diłhił	V;IND;PFV;NOM(3,SG)	diłhił
diłhił	V;IND;PFV;NOM(4,GRPL)	dajííłhil
diłhił	V;IND;PFV;NOM(4,PL)	jííłhil
diłhił	V;IND;PFV;NOM(4,SG)	jiłhił
diʼil	V;IND;PFV;NOM(1,GRPL)	dadiil
diʼil	V;IND;PFV;NOM(1,PL)	diil
diʼil	V;IND;PFV;NOM(1,SG)	diʼil
diʼil	V;IND;PFV;NOM(2,GRPL)	dadoohʼil
diʼil	V;IND;PFV;NOM(2,PL)	dooʼil
diʼil	V;IND;PFV;NOM(2,SG)	díʼil
diʼil	V;IND;PFV;NOM(3,GRPL)	daʼil
diʼil	V;IND;PFV;NOM(3,PL)	diʼil
diʼil	V;IND;PFV;NOM(3,SG)	diʼil
diʼil	V;IND;PFV;NOM(4,GRPL)	dajizl
diʼil	V;IND;PFV;NOM(4,PL)	jidiʼil
diʼil	V;IND;PFV;NOM(4,SG)	jidiʼil
hashké	V;IND;IPFV;NOM(1,GRPL)	hadeiilké
hashké	V;IND;IPFV;NOM(1,PL)	haiilké
hashké	V;IND;IPFV;NOM(1,SG)	hashké
hashké	V;IND;IPFV;NOM(2,GRPL)	hadaahshké
hashké	V;IND;IPFV;NOM(2,PL)	hashké
hashké	V;IND;IPFV;NOM(2,SG)	hashké
hashké	V;IND;IPFV;NOM(3,GRPL)	hadeishké
hashké	V;IND;IPFV;NOM(3,PL)	hashké
hashké	V;IND;IPFV;NOM(3,SG)	hashké
hashké	V;IND;IPFV;NOM(4,GRPL)	hadajishké
hashké	V;IND;IPFV;NOM(4,PL)	hajishké
hashké	V;IND;IPFV;NOM(4,SG)	hajishké
hashké	V;IND;PFV;NOM(1,GRPL)	hadashiilka
hashké	V;IND;PFV;NOM(1,PL)	hashke
hashké	V;IND;PFV;NOM(1,SG)	hááshke
hashké	V;IND;PFV;NOM(2,GRPL)	hadashoozhka
hashké	V;IND;PFV;NOM(2,PL)	hashoozhka
hashké	V;IND;PFV;NOM(2,SG)	hááshke
hashké	V;IND;PFV;NOM(3,GRPL)	hadeishke
hashké	V;IND;PFV;NOM(3,PL)	hayííshke
hashké	V;IND;PFV;NOM(3,SG)	hayííshke
hashké	V;IND;PFV;NOM(4,GRPL)	hadajishke
hashké	V;IND;PFV;NOM(4,PL)	hajííshke
hashké	V;IND;PFV;NOM(4,SG)	hajííshke
iildlóósh	V;IND;IPFV;NOM(1,GRPL)	adeiildlóósh
iildlóósh	V;IND;IPFV;NOM(2,GRPL)	adaałdlóósh
iildlóósh	V;IND;IPFV;NOM(2,PL)	oołdlóósh
iildlóósh	V;IND;IPFV;NOM(2,SG)	anildlóósh
iildlóósh	V;IND;IPFV;NOM(3,PL)	iildlóósh
iildlóósh	V;IND;IPFV;NOM(3,SG)	iildlóósh
iildlóósh	V;IND;IPFV;NOM(4,GRPL)	adajildlóósh
iildlóósh	V;IND;IPFV;NOM(4,PL)	ajildlóósh
iildlóósh	V;IND;PFV;NOM(1,GRPL)	adeiildloozh
iildlóósh	V;IND;PFV;NOM(1,SG)	ííldloozh
iildlóósh	V;IND;PFV;NOM(2,GRPL)	adasooldloozh
iildlóósh	V;IND;PFV;NOM(2,PL)	oołdloozh
iildlóósh	V;IND;PFV;NOM(3,GRPL)	adeildloozh
iildlóósh	V;IND;PFV;NOM(3,PL)	iildloozh
iildlóósh	V;IND;PFV;NOM(3,SG)	iildloozh
iildlóósh	V;IND;PFV;NOM(4,PL)	jooldloozh
iildlóósh	V;IND;PFV;NOM(4,SG)	ajííldloozh
iildlóósh	V;IND;PROSP;NOM(1,PL)	adiildlosh
iildlóósh	V;IND;PROSP;NOM(1,SG)	ideeshdlosh
iildlóósh	V;IND;PROSP;NOM(2,SG)	idííldlosh
iildlóósh	V;IND;PROSP;NOM(3,PL)	iidooldlosh
iildlóósh	V;IND;PROSP;NOM(4,PL)	azhdooldlosh
iizǫ́ǫ́s	V;IND;IPFV;NOM(1,GRPL)	adeiilzǫ́ǫ́s
iizǫ́ǫ́s	V;IND;IPFV;NOM(1,PL)	iiizǫ́ǫ́s
iizǫ́ǫ́s	V;IND;IPFV;NOM(1,SG)	iisǫ́ǫ́s
iizǫ́ǫ́s	V;IND;IPFV;NOM(2,GRPL)	adaahłǫ́ǫ́s
iizǫ́ǫ́s	V;IND;IPFV;NOM(3,GRPL)	adeizǫ́ǫ́s
iizǫ́ǫ́s	V;IND;IPFV;NOM(3,SG)	iizǫ́ǫ́s
iizǫ́ǫ́s	V;IND;IPFV;NOM(4,GRPL)	adajizǫ́ǫ́s
iizǫ́ǫ́s	V;IND;IPFV;NOM(4,PL)	ajizǫ́ǫ́s
iizǫ́ǫ́s	V;IND;PFV;NOM(1,SG)	iisǫ́ǫ́s
iizǫ́ǫ́s	V;IND;PFV;NOM(2,GRPL)	adasoozǫ́ǫ́s
iizǫ́ǫ́s	V;IND;PFV;NOM(2,SG)	íínízǫ́ǫ́s
iizǫ́ǫ́s	V;IND;PFV;NOM(3,GRPL)	adeizǫ́ǫ́s
iizǫ́ǫ́s	V;IND;PFV;NOM(3,SG)	iizǫ́ǫ́s
iizǫ́ǫ́s	V;IND;PFV;NOM(4,GRPL)	adajizǫ́ǫ́s
iizǫ́ǫ́s	V;IND;PFV;NOM(4,SG)	ajizǫ́ǫ́s
iizǫ́ǫ́s	V;IND;PROSP;NOM(1,PL)	iidiizǫ́ǫł
iizǫ́ǫ́s	V;IND;PROSP;NOM(1,SG)	iidoozǫǫł
iizǫ́ǫ́s	V;IND;PROSP;NOM(2,GRPL)	adadoohzǫ́ł
iizǫ́ǫ́s	V;IND;PROSP;NOM(3,GRPL)	adadoozǫ́ǫł
iizǫ́ǫ́s	V;IND;PROSP;NOM(3,SG)	iidoozǫ́ǫł
iizǫ́ǫ́s	V;IND;PROSP;NOM(4,GRPL)	adazhdoozǫ́ł
iizǫ́ǫ́s	V;IND;PROSP;NOM(4,PL)	azhdoozǫ́ł
iizǫ́ǫ́s	V;IND;PROSP;NOM(4,SG)	azhdoozǫ́ǫł
naadá	V;IND;IPFV;NOM(1,GRPL)	ndeiidá
naadá	V;IND;IPFV;NOM(2,GRPL)	ndaahdá
naadá	V;IND;IPFV;NOM(2,SG)	naadá
naadá	V;IND;IPFV;NOM(3,GRPL)	ndaadá
naadá	V;IND;IPFV;NOM(4,SG)	njidá
naadá	V;IND;PFV;NOM(1,PL)	nisiidaaʼ
naadá	V;IND;PFV;NOM(2,GRPL)	ndasoodaaʼ
naadá	V;IND;PFV;NOM(2,PL)	nisoodaʼ
naadá	V;IND;PFV;NOM(2,SG)	náádaʼ
naadá	V;IND;PFV;NOM(3,GRPL)	ndeizdaʼ
naadá	V;IND;PFV;NOM(3,PL)	naasdaʼ
naadá	V;IND;PFV;NOM(3,SG)	naasdaʼ
naadá	V;IND;PFV;NOM(4,GRPL)	nidajizdaʼ
naadá	V;IND;PFV;NOM(4,PL)	nijizdaʼ
naadá	V;IND;PFV;NOM(4,SG)	nijizdaʼ
naadá	V;IND;PROSP;NOM(1,GRPL)	ndadiitʼash
naadá	V;IND;PROSP;NOM(1,PL)	ndiidoodał
naadá	V;IND;PROSP;NOM(2,GRPL)	ndadoohdah
naadá	V;IND;PROSP;NOM(2,SG)	ndíídááł
naadá	V;IND;PROSP;NOM(3,GRPL)	ndadoohdah
naadá	V;IND;PROSP;NOM(3,SG)	ndeeshdah
naadá	V;IND;PROSP;NOM(4,GRPL)	ndazhdoodał
naadá	V;IND;PROSP;NOM(4,PL)	nizhdoodał
naaljooł	V;IND;IPFV;NOM(1,GRPL)	ndaałjooł
naaljooł	V;IND;IPFV;NOM(1,PL)	niiljooł
naaljooł	V;IND;IPFV;NOM(1,SG)	naashjooł
naaljooł	V;IND;IPFV;NOM(2,GRPL)	ndaałjooł
naaljooł	V;IND;IPFV;NOM(2,PL)	naałjooł
naaljooł	V;IND;IPFV;NOM(3,GRPL)	ndaaljooł
naaljooł	V;IND;IPFV;NOM(3,SG)	naaljooł
naaljooł	V;IND;IPFV;NOM(4,GRPL)	ndajiljooł
naaljooł	V;IND;IPFV;NOM(4,PL)	nijiljooł
naaljooł	V;IND;PFV;NOM(1,GRPL)	ndasiidljool
naaljooł	V;IND;PFV;NOM(1,SG)	nishéljool
naaljooł	V;IND;PFV;NOM(2,GRPL)	nidashooljool
naaljooł	V;IND;PFV;NOM(2,PL)	nishooljool
naaljooł	V;IND;PFV;NOM(3,GRPL)	nidaaljool
naaljooł	V;IND;PFV;NOM(3,PL)	naashjool
naaljooł	V;IND;PFV;NOM(4,PL)	nijiljool
naaljooł	V;IND;PFV;NOM(4,SG)	nijiljool
naaljooł	V;IND;PROSP;NOM(1,GRPL)	ndadiiljoł
naaljooł	V;IND;PROSP;NOM(2,PL)	ndoołjoł
naaljooł	V;IND;PROSP;NOM(3,PL)	ndooljoł
naaljooł	V;IND;PROSP;NOM(3,SG)	ndeeshjool
naaljooł	V;IND;PROSP;NOM(4,GRPL)	ndazhdooljoł
naaljooł	V;IND;PROSP;NOM(4,PL)	nizhdooljoł
naamaas	V;IND;IPFV;NOM(1,GRPL)	ndaamaas
naamaas	V;IND;IPFV;NOM(1,PL)	niimaas
naamaas	V;IND;IPFV;NOM(1,SG)	naamaas
naamaas	V;IND;IPFV;NOM(2,PL)	naamaas
naamaas	V;IND;IPFV;NOM(3,PL)	naamaas
naamaas	V;IND;IPFV;NOM(3,SG)	naamaas
naamaas	V;IND;IPFV;NOM(4,GRPL)	ndajimaas
naamaas	V;IND;IPFV;NOM(4,PL)	nijimaas
naamaas	V;IND;IPFV;NOM(4,SG)	njimaas
naamaas	V;IND;PFV;NOM(1,PL)	nisiimaas
naamaas	V;IND;PFV;NOM(1,SG)	nisémaas
naamaas	V;IND;PFV;NOM(2,GRPL)	ndasoomaaz
naamaas	V;IND;PFV;NOM(3,GRPL)	nidaamas
naamaas	V;IND;PFV;NOM(3,PL)	naasmaas
naamaas	V;IND;PFV;NOM(3,SG)	naasmaas
naamaas	V;IND;PFV;NOM(4,GRPL)	nidajizmaaz
naamaas	V;IND;PROSP;NOM(1,PL)	ndiimas
naamaas	V;IND;PROSP;NOM(1,SG)	ndeeshmas
naamaas	V;IND;PROSP;NOM(2,SG)	ndíímas
naamaas	V;IND;PROSP;NOM(3,SG)	nadeeshmas
naamaas	V;IND;PROSP;NOM(4,PL)	nizhdoomas
naamaas	V;IND;PROSP;NOM(4,SG)	nizhdoomas
naataz	V;IND;IPFV;NOM(1,GRPL)	ndeiitaz
naataz	V;IND;IPFV;NOM(1,SG)	naataz
naataz	V;IND;IPFV;NOM(2,GRPL)	ndaahtaz
naataz	V;IND;IPFV;NOM(2,PL)	naahtaz
naataz	V;IND;IPFV;NOM(2,SG)	naataz
naataz	V;IND;IPFV;NOM(3,GRPL)	ndaataz
naataz	V;IND;IPFV;NOM(3,PL)	naataz
naataz	V;IND;IPFV;NOM(3,SG)	naataz
naataz	V;IND;IPFV;NOM(4,PL)	nijitaz
naataz	V;IND;IPFV;NOM(4,SG)	njitaz
naataz	V;IND;PFV;NOM(1,SG)	nisétaz
naataz	V;IND;PFV;NOM(2,GRPL)	ndasootaz
naataz	V;IND;PFV;NOM(2,PL)	nisootaz
naataz	V;IND;PFV;NOM(2,SG)	náátaz
naataz	V;IND;PFV;NOM(3,GRPL)	ndeiztaz
naataz	V;IND;PFV;NOM(3,PL)	naastaz
naataz	V;IND;PFV;NOM(3,SG)	naastaz
naataz	V;IND;PROSP;NOM(1,GRPL)	ndadiitah
naataz	V;IND;PROSP;NOM(2,GRPL)	ndadoohtah
naataz	V;IND;PROSP;NOM(3,PL)	ndootash
naataz	V;IND;PROSP;NOM(3,SG)	ndeeshtah
naataz	V;IND;PROSP;NOM(4,GRPL)	ndazhdootash
naataz	V;IND;PROSP;NOM(4,SG)	nizhdootał
neitłeeh	V;IND;IPFV;NOM(1,GRPL)	ndeiitłeeh
neitłeeh	V;IND;IPFV;NOM(1,PL)	niitłeeh
neitłeeh	V;IND;IPFV;NOM(1,SG)	nishtłeeh
neitłeeh	V;IND;IPFV;NOM(2,GRPL)	ndaahtłeeh
neitłeeh	V;IND;IPFV;NOM(2,PL)	naahtłeeh
neitłeeh	V;IND;IPFV;NOM(3,GRPL)	ndeitłeeh
neitłeeh	V;IND;IPFV;NOM(3,SG)	neitłeeh
neitłeeh	V;IND;IPFV;NOM(4,GRPL)	ndajitłeeh
neitłeeh	V;IND;IPFV;NOM(4,PL)	njitłeeh
neitłeeh	V;IND;IPFV;NOM(4,SG)	njitłeeh
neitłeeh	V;IND;PFV;NOM(1,PL)	nisiitłééʼ
neitłeeh	V;IND;PFV;NOM(2,GRPL)	nidasootłééʼ
neitłeeh	V;IND;PFV;NOM(2,SG)	nisínítłééʼ
neitłeeh	V;IND;PFV;NOM(3,GRPL)	nideiztłééʼ
neitłeeh	V;IND;PFV;NOM(4,SG)	njiztłééʼ
neitłeeh	V;IND;PROSP;NOM(1,GRPL)	ndadiitłił
neitłeeh	V;IND;PROSP;NOM(1,PL)	ndiitłił
neitłeeh	V;IND;PROSP;NOM(2,PL)	ndoohtłił
neitłeeh	V;IND;PROSP;NOM(2,SG)	ndíítłił
neitłeeh	V;IND;PROSP;NOM(3,GRPL)	ndeidootłił
neitłeeh	V;IND;PROSP;NOM(4,GRPL)	ndazhdootłił
neitłeeh	V;IND;PROSP;NOM(4,PL)	nizhdootłił
neitłeeh	V;IND;PROSP;NOM(4,SG)	nizhdootłił
neiłbąąs	V;IND;IPFV;NOM(1,GRPL)	ndeiilbąąs
neiłbąąs	V;IND;IPFV;NOM(3,GRPL)	ndeiłbąąs
neiłbąąs	V;IND;IPFV;NOM(3,PL)	neiłbąąs
neiłbąąs	V;IND;IPFV;NOM(4,PL)	nijiłbąąs
neiłbąąs	V;IND;PFV;NOM(1,GRPL)	nidasiilbąąd
neiłbąąs	V;IND;PFV;NOM(1,PL)	niilbąąd
neiłbąąs	V;IND;PFV;NOM(1,SG)	niséłbąąs
neiłbąąs	V;IND;PFV;NOM(2,GRPL)	ndasoołbąąd
neiłbąąs	V;IND;PFV;NOM(2,PL)	nisoołbąąd
neiłbąąs	V;IND;PFV;NOM(2,SG)	nisíníłbąąs
neiłbąąs	V;IND;PFV;NOM(3,GRPL)	ndeisbąąd
neiłbąąs	V;IND;PFV;NOM(3,PL)	neisbąąs
neiłbąąs	V;IND;PFV;NOM(3,SG)	neisbąąs
neiłbąąs	V;IND;PFV;NOM(4,GRPL)	nidajisbąąd
neiłbąąs	V;IND;PFV;NOM(4,SG)	nijisbąąs
neiłbąąs	V;IND;PROSP;NOM(1,PL)	ndiilbąąd
neiłbąąs	V;IND;PROSP;NOM(2,GRPL)	ndadoołbąął
neiłbąąs	V;IND;PROSP;NOM(2,PL)	ndoołbąąd
neiłbąąs	V;IND;PROSP;NOM(3,PL)	neidoołbąął
neiłbąąs	V;IND;PROSP;NOM(3,SG)	neidoołbąąd
neiłbąąs	V;IND;PROSP;NOM(4,GRPL)	ndazhdoołbąął
neiłbąąs	V;IND;PROSP;NOM(4,PL)	nizhdoołbąął
neiłbąąs	V;IND;PROSP;NOM(4,SG)	nizhdoołbąąd
neiłgizh	V;IND;IPFV;NOM(2,GRPL)	ndaałgizh
neiłgizh	V;IND;IPFV;NOM(2,PL)	naahłgizh
neiłgizh	V;IND;IPFV;NOM(3,PL)	neiłgizh
neiłgizh	V;IND;IPFV;NOM(3,SG)	neiłgizh
neiłgizh	V;IND;IPFV;NOM(4,GRPL)	ndajiłgizh
neiłgizh	V;IND;IPFV;NOM(4,SG)	njiłgizh
neiłgizh	V;IND;PFV;NOM(1,PL)	nishiilgizh
neiłgizh	V;IND;PFV;NOM(1,SG)	nishéłgizh
neiłgizh	V;IND;PFV;NOM(2,GRPL)	ndasoołgizh
neiłgizh	V;IND;PFV;NOM(2,PL)	nishoołgizh
neiłgizh	V;IND;PFV;NOM(2,SG)	nishíníłgizh
neiłgizh	V;IND;PFV;NOM(3,GRPL)	ndeishgizh
neiłgizh	V;IND;PFV;NOM(3,SG)	neishgizh
neiłgizh	V;IND;PFV;NOM(4,SG)	nijishgizh
neiłgizh	V;IND;PROSP;NOM(1,GRPL)	ndadiilgish
neiłgizh	V;IND;PROSP;NOM(1,PL)	ndiilgish
neiłgizh	V;IND;PROSP;NOM(2,GRPL)	ndadoołgoł
neiłgizh	V;IND;PROSP;NOM(2,PL)	ndoołgoł
neiłgizh	V;IND;PROSP;NOM(2,SG)	ndííłgoł
neiłgizh	V;IND;PROSP;NOM(3,GRPL)	ndeidoołgoł
neiłgizh	V;IND;PROSP;NOM(3,SG)	neidoołgoł
neiłgizh	V;IND;PROSP;NOM(4,GRPL)	ndazhdoołgoł
neiłgizh	V;IND;PROSP;NOM(4,SG)	nizhdoołgoł
neiłmaas	V;IND;IPFV;NOM(1,SG)	neismaas
neiłmaas	V;IND;IPFV;NOM(2,GRPL)	ndaałmaas
neiłmaas	V;IND;IPFV;NOM(2,SG)	naałmaas
neiłmaas	V;IND;IPFV;NOM(3,GRPL)	ndeiłmaas
neiłmaas	V;IND;IPFV;NOM(3,PL)	neiłmaas
neiłmaas	V;IND;IPFV;NOM(3,SG)	neiłmaas
neiłmaas	V;IND;IPFV;NOM(4,PL)	njiłmaas
neiłmaas	V;IND;IPFV;NOM(4,SG)	njiłmaas
neiłmaas	V;IND;PFV;NOM(1,PL)	nisiilmaaz
neiłmaas	V;IND;PFV;NOM(2,GRPL)	ndasoołmas
neiłmaas	V;IND;PFV;NOM(2,PL)	nisoołmaaz
neiłmaas	V;IND;PFV;NOM(2,SG)	nisíníłmaaz
neiłmaas	V;IND;PFV;NOM(3,GRPL)	ndeismaaz
neiłmaas	V;IND;PFV;NOM(3,PL)	neismaas
neiłmaas	V;IND;PFV;NOM(3,SG)	neismaas
neiłmaas	V;IND;PFV;NOM(4,GRPL)	ndajismaaz
neiłmaas	V;IND;PROSP;NOM(1,GRPL)	ndadiilmas
neiłmaas	V;IND;PROSP;NOM(1,PL)	ndiilmas
neiłmaas	V;IND;PROSP;NOM(2,GRPL)	ndadoołmas
neiłmaas	V;IND;PROSP;NOM(2,SG)	ndííłmas
neiłmaas	V;IND;PROSP;NOM(3,GRPL)	ndeidoołmas
neiłmaas	V;IND;PROSP;NOM(3,SG)	neidoołmas
neiłmaas	V;IND;PROSP;NOM(4,SG)	nizhdoołmas
neiłtseed	V;IND;IPFV;NOM(1,GRPL)	ndeiiltseed
neiłtseed	V;IND;IPFV;NOM(1,PL)	niiltseed
neiłtseed	V;IND;IPFV;NOM(2,GRPL)	ndaałtseed
neiłtseed	V;IND;IPFV;NOM(2,PL)	naałtseed
neiłtseed	V;IND;IPFV;NOM(4,PL)	njiłtseed
neiłtseed	V;IND;IPFV;NOM(4,SG)	njiłtseed
neiłtseed	V;IND;PFV;NOM(1,GRPL)	nidasiiltséd
neiłtseed	V;IND;PFV;NOM(1,PL)	nisiiltséd
neiłtseed	V;IND;PFV;NOM(1,SG)	niséłtséd
neiłtseed	V;IND;PFV;NOM(2,GRPL)	ndasoołtséd
neiłtseed	V;IND;PFV;NOM(3,GRPL)	nidaałtséd
neiłtseed	V;IND;PFV;NOM(3,PL)	neistséd
neiłtseed	V;IND;PFV;NOM(3,SG)	neistséd
neiłtseed	V;IND;PFV;NOM(4,GRPL)	nidajistséd
neiłtseed	V;IND;PFV;NOM(4,PL)	nijistséd
neiłtseed	V;IND;PROSP;NOM(1,GRPL)	ndadiiltsił
neiłtseed	V;IND;PROSP;NOM(1,PL)	ndiiltsił
neiłtseed	V;IND;PROSP;NOM(1,SG)	ndeeshtsił
neiłtseed	V;IND;PROSP;NOM(2,GRPL)	ndadoołtsił
neiłtseed	V;IND;PROSP;NOM(2,SG)	ndííłtsił
neiłtseed	V;IND;PROSP;NOM(3,PL)	neidoołtsił
neiłtseed	V;IND;PROSP;NOM(3,SG)	neidoołtsił
neiłtseed	V;IND;PROSP;NOM(4,SG)	nizhdoołtsił
neiłtʼiʼ	V;IND;IPFV;NOM(1,GRPL)	ndeiiltʼiʼ
neiłtʼiʼ	V;IND;IPFV;NOM(1,PL)	niiltʼiʼ
neiłtʼiʼ	V;IND;IPFV;NOM(2,GRPL)	ndaałtʼiʼ
neiłtʼiʼ	V;IND;IPFV;NOM(3,GRPL)	ndeiłtʼiʼ
neiłtʼiʼ	V;IND;IPFV;NOM(3,PL)	neiłtʼiʼ
neiłtʼiʼ	V;IND;IPFV;NOM(3,SG)	neiłtʼiʼ
neiłtʼiʼ	V;IND;IPFV;NOM(4,PL)	njiłtʼiʼ
neiłtʼiʼ	V;IND;PFV;NOM(1,GRPL)	nidasiiltʼiʼ
neiłtʼiʼ	V;IND;PFV;NOM(1,SG)	niséłtʼiʼ
neiłtʼiʼ	V;IND;PFV;NOM(2,GRPL)	ndasoołtʼiʼ
neiłtʼiʼ	V;IND;PFV;NOM(2,PL)	nisoołtʼiʼ
neiłtʼiʼ	V;IND;PFV;NOM(2,SG)	nisíníłtʼiʼ
neiłtʼiʼ	V;IND;PFV;NOM(3,SG)	neiłtʼiʼ
neiłtʼiʼ	V;IND;PFV;NOM(4,PL)	nijistʼiʼ
neiłtʼiʼ	V;IND;PFV;NOM(4,SG)	njiłtʼiʼ
neiłtʼiʼ	V;IND;PROSP;NOM(1,GRPL)	ndadiiltʼih
neiłtʼiʼ	V;IND;PROSP;NOM(1,PL)	ndiiltʼih
neiłtʼiʼ	V;IND;PROSP;NOM(1,SG)	ndeeshtʼih
neiłtʼiʼ	V;IND;PROSP;NOM(2,PL)	ndoołtʼih
neiłtʼiʼ	V;IND;PROSP;NOM(2,SG)	ndííłtʼih
neiłtʼiʼ	V;IND;PROSP;NOM(3,PL)	neidoołtʼih
neiłtʼiʼ	V;IND;PROSP;NOM(4,PL)	nizhdoołtʼih
neiłtʼiʼ	V;IND;PROSP;NOM(4,SG)	nizhdoołtʼih
neiʼeesh	V;IND;IPFV;NOM(1,PL)	niiʼeesh
neiʼeesh	V;IND;IPFV;NOM(1,SG)	neiʼeesh
neiʼeesh	V;IND;IPFV;NOM(2,GRPL)	ndaahʼeesh
neiʼeesh	V;IND;IPFV;NOM(2,PL)	naahʼeesh
neiʼeesh	V;IND;IPFV;NOM(2,SG)	naaʼeesh
neiʼeesh	V;IND;IPFV;NOM(3,PL)	neiʼeesh
neiʼeesh	V;IND;IPFV;NOM(4,SG)	njiʼeesh
neiʼeesh	V;IND;PFV;NOM(1,PL)	nishiiʼéézh
neiʼeesh	V;IND;PFV;NOM(1,SG)	nishéʼéézh
neiʼeesh	V;IND;PFV;NOM(2,GRPL)	nidashooʼéézh
neiʼeesh	V;IND;PFV;NOM(2,PL)	nishooʼéézh
neiʼeesh	V;IND;PFV;NOM(2,SG)	nishíníʼéézh
neiʼeesh	V;IND;PFV;NOM(3,GRPL)	ndeizhʼéézh
neiʼeesh	V;IND;PFV;NOM(4,GRPL)	nidajizhʼéézh
neiʼeesh	V;IND;PROSP;NOM(1,GRPL)	ndadiitʼish
neiʼeesh	V;IND;PROSP;NOM(1,SG)	ndeeshʼish
neiʼeesh	V;IND;PROSP;NOM(2,GRPL)	ndadoohʼish
neiʼeesh	V;IND;PROSP;NOM(2,SG)	ndííʼish
neiʼeesh	V;IND;PROSP;NOM(3,GRPL)	ndeidooʼish
neiʼeesh	V;IND;PROSP;NOM(3,PL)	neidooʼish
neiʼeesh	V;IND;PROSP;NOM(4,GRPL)	ndazhdooʼish
neiʼeesh	V;IND;PROSP;NOM(4,PL)	nizhdooʼish
neiʼeesh	V;IND;PROSP;NOM(4,SG)	nizhdooʼish
noodǫ́ǫ́z	V;IND;PFV;NOM(1,GRPL)	nidasiidǫ́ǫ́z
noodǫ́ǫ́z	V;IND;PFV;NOM(1,PL)	nisiidǫ́ǫ́z
noodǫ́ǫ́z	V;IND;PFV;NOM(1,SG)	nisédǫ́ǫ́z
noodǫ́ǫ́z	V;IND;PFV;NOM(2,GRPL)	nidasoodǫ́ǫ́z
noodǫ́ǫ́z	V;IND;PFV;NOM(2,PL)	noohdǫ́ǫ́z
noodǫ́ǫ́z	V;IND;PFV;NOM(2,SG)	noodǫ́ǫ́z
noodǫ́ǫ́z	V;IND;PFV;NOM(3,GRPL)	noodǫ́ǫ́z
noodǫ́ǫ́z	V;IND;PFV;NOM(3,PL)	noodǫ́ǫ́z
noodǫ́ǫ́z	V;IND;PFV;NOM(3,SG)	noodǫ́ǫ́z
noodǫ́ǫ́z	V;IND;PFV;NOM(4,GRPL)	nidajizdǫ́ǫ́z
noodǫ́ǫ́z	V;IND;PFV;NOM(4,PL)	nijizdǫ́ǫ́z
noodǫ́ǫ́z	V;IND;PFV;NOM(4,SG)	nijizdǫ́ǫ́z
yichʼid	V;IND;IPFV;NOM(1,GRPL)	deiichʼid
yichʼid	V;IND;IPFV;NOM(1,SG)	yishchʼid
yichʼid	V;IND;IPFV;NOM(2,GRPL)	daahchʼid
yichʼid	V;IND;IPFV;NOM(2,PL)	wohchʼid
yichʼid	V;IND;IPFV;NOM(3,GRPL)	deichʼid
yichʼid	V;IND;IPFV;NOM(3,PL)	yichʼid
yichʼid	V;IND;IPFV;NOM(3,SG)	yichʼid
yichʼid	V;IND;IPFV;NOM(4,GRPL)	dajichʼid
yichʼid	V;IND;IPFV;NOM(4,SG)	jichʼid
yichʼid	V;IND;PFV;NOM(1,SG)	yishchʼid
yichʼid	V;IND;PFV;NOM(2,GRPL)	daoohchʼid
yichʼid	V;IND;PFV;NOM(2,PL)	woochʼid
yichʼid	V;IND;PFV;NOM(2,SG)	yíníchʼid
yichʼid	V;IND;PFV;NOM(3,GRPL)	deizhchʼid
yichʼid	V;IND;PFV;NOM(3,SG)	yiyííchʼid
yichʼid	V;IND;PFV;NOM(4,PL)	jííchʼid
yichʼid	V;IND;PROSP;NOM(1,GRPL)	dadiichʼił
yichʼid	V;IND;PROSP;NOM(1,PL)	diichʼił
yichʼid	V;IND;PROSP;NOM(2,PL)	doohchʼił
yichʼid	V;IND;PROSP;NOM(2,SG)	dííchʼił
yichʼid	V;IND;PROSP;NOM(3,GRPL)	deidoochʼił
yichʼid	V;IND;PROSP;NOM(3,SG)	yidoochʼił
yichʼid	V;IND;PROSP;NOM(4,PL)	jidoochʼił
yidiitsʼį́į́h	V;IND;IPFV;NOM(1,GRPL)	deiitsʼį́į́h
yidiitsʼį́į́h	V;IND;IPFV;NOM(1,PL)	yiitsʼį́į́h
yidiitsʼį́į́h	V;IND;IPFV;NOM(1,SG)	yishdiitsʼį́į́h
yidiitsʼį́į́h	V;IND;IPFV;NOM(2,PL)	wohdiitsʼį́į́h
yidiitsʼį́į́h	V;IND;IPFV;NOM(2,SG)	yidiitsʼį́į́h
yidiitsʼį́į́h	V;IND;IPFV;NOM(3,SG)	yidiitsʼį́į́h
yidiitsʼį́į́h	V;IND;IPFV;NOM(4,GRPL)	dajidiitsʼį́į́h
yidiitsʼį́į́h	V;IND;PFV;NOM(1,GRPL)	deiitsʼį́į́ʼ
yidiitsʼį́į́h	V;IND;PFV;NOM(1,PL)	yiitsʼį́į́ʼ
yidiitsʼį́į́h	V;IND;PFV;NOM(1,SG)	yishdiitsʼį́į́ʼ
yidiitsʼį́į́h	V;IND;PFV;NOM(2,PL)	woohtsʼį́į́ʼ
yidiitsʼį́į́h	V;IND;PFV;NOM(2,SG)	yídiitsʼį́į́ʼ
yidiitsʼį́į́h	V;IND;PFV;NOM(3,GRPL)	deidiitsʼį́į́ʼ
yidiitsʼį́į́h	V;IND;PFV;NOM(3,SG)	yidiitsʼį́į́ʼ
yidiitsʼį́į́h	V;IND;PFV;NOM(4,GRPL)	dajidiitsʼį́į́ʼ
yidiitsʼį́į́h	V;IND;PFV;NOM(4,PL)	jidiitsʼį́į́ʼ
yidiitsʼį́į́h	V;IND;PFV;NOM(4,SG)	jidiitsʼį́į́ʼ
yidiitsʼį́į́h	V;IND;PROSP;NOM(1,GRPL)	dadiitsʼį́į́ł
yidiitsʼį́į́h	V;IND;PROSP;NOM(1,SG)	yidiitsʼį́į́ł
yidiitsʼį́į́h	V;IND;PROSP;NOM(2,GRPL)	dadoohtsʼį́į́ł
yidiitsʼį́į́h	V;IND;PROSP;NOM(2,PL)	doohtsʼį́į́ł
yidiitsʼį́į́h	V;IND;PROSP;NOM(3,GRPL)	dadiitsʼį́į́ł
yidiitsʼį́į́h	V;IND;PROSP;NOM(4,GRPL)	dazhdiitsʼį́į́ł
yigeeh	V;IND;IPFV;NOM(1,GRPL)	deiigeeh
yigeeh	V;IND;IPFV;NOM(1,SG)	yishgeeh
yigeeh	V;IND;IPFV;NOM(2,GRPL)	daahgeeh
yigeeh	V;IND;IPFV;NOM(2,SG)	nigeeh
yigeeh	V;IND;IPFV;NOM(3,GRPL)	deigeeh
yigeeh	V;IND;IPFV;NOM(3,PL)	yigeeh
yigeeh	V;IND;IPFV;NOM(3,SG)	yigeeh
yigeeh	V;IND;IPFV;NOM(4,GRPL)	dajigeeh
yigeeh	V;IND;IPFV;NOM(4,SG)	jigeeh
yigeeh	V;IND;PFV;NOM(1,GRPL)	deíníigeeh
yigeeh	V;IND;PFV;NOM(1,PL)	yiigeeh
yigeeh	V;IND;PFV;NOM(2,GRPL)	dasoogeeh
yigeeh	V;IND;PFV;NOM(2,PL)	woogeeh
yigeeh	V;IND;PFV;NOM(3,PL)	yigeeh
yigeeh	V;IND;PFV;NOM(3,SG)	yigeeh
yigeeh	V;IND;PROSP;NOM(1,SG)	deeshgoł
yigeeh	V;IND;PROSP;NOM(2,GRPL)	dadoohgoł
yigeeh	V;IND;PROSP;NOM(3,GRPL)	deidoogoł
yigeeh	V;IND;PROSP;NOM(3,PL)	yidoogoł
yigeeh	V;IND;PROSP;NOM(4,GRPL)	dazhdoogoł
yigeeh	V;IND;PROSP;NOM(4,PL)	jidoogoł
yigeeh	V;IND;PROSP;NOM(4,SG)	jidoogoł
yighááh	V;IND;IPFV;NOM(1,GRPL)	deiighááh
yighááh	V;IND;IPFV;NOM(1,SG)	yishghááh
yighááh	V;IND;IPFV;NOM(2,GRPL)	daahhááh
yighááh	V;IND;IPFV;NOM(2,PL)	wohhááh
yighááh	V;IND;IPFV;NOM(2,SG)	nighááh
yighááh	V;IND;IPFV;NOM(3,PL)	yighááh
yighááh	V;IND;IPFV;NOM(3,SG)	yighááh
yighááh	V;IND;IPFV;NOM(4,GRPL)	dajighááh
yighááh	V;IND;IPFV;NOM(4,PL)	jighááh
yighááh	V;IND;PFV;NOM(1,GRPL)	deiigaaʼ
yighááh	V;IND;PFV;NOM(1,PL)	yiighaaʼ
yighááh	V;IND;PFV;NOM(1,SG)	yishghaaʼ
yighááh	V;IND;PFV;NOM(2,GRPL)	dasooghaaʼ
yighááh	V;IND;PFV;NOM(3,GRPL)	dayííghaaʼ
yighááh	V;IND;PFV;NOM(4,GRPL)	dajizghaaʼ
yighááh	V;IND;PFV;NOM(4,SG)	jííghaaʼ
yighááh	V;IND;PROSP;NOM(1,GRPL)	dadiigááł
yighááh	V;IND;PROSP;NOM(1,PL)	diigááł
yighááh	V;IND;PROSP;NOM(2,GRPL)	dadoohkah
yighááh	V;IND;PROSP;NOM(3,PL)	yidoogááł
yighááh	V;IND;PROSP;NOM(3,SG)	yidoogááł
yighááh	V;IND;PROSP;NOM(4,PL)	jidoogááł
yighááh	V;IND;PROSP;NOM(4,SG)	jidoogááł
yigoh	V;IND;PFV;NOM(1,GRPL)	deiigoh
yigoh	V;IND;PFV;NOM(1,PL)	yiigoh
yigoh	V;IND;PFV;NOM(1,SG)	yishgoh
yigoh	V;IND;PFV;NOM(2,GRPL)	dasoogoh
yigoh	V;IND;PFV;NOM(2,PL)	woogoh
yigoh	V;IND;PFV;NOM(2,SG)	yígoh
yigoh	V;IND;PFV;NOM(3,GRPL)	deínóhgoh
yigoh	V;IND;PFV;NOM(3,PL)	yigoh
yigoh	V;IND;PFV;NOM(3,SG)	yigoh
yigoh	V;IND;PFV;NOM(4,GRPL)	dajígoh
yigoh	V;IND;PFV;NOM(4,PL)	joogoh
yigoh	V;IND;PFV;NOM(4,SG)	jigoh
yijeeh	V;IND;IPFV;NOM(1,GRPL)	deiijeeh
yijeeh	V;IND;IPFV;NOM(1,PL)	yiijeeh
yijeeh	V;IND;IPFV;NOM(1,SG)	yishjeeh
yijeeh	V;IND;IPFV;NOM(2,GRPL)	daahjeeh
yijeeh	V;IND;IPFV;NOM(2,PL)	wohjeeh
yijeeh	V;IND;IPFV;NOM(3,PL)	yijeeh
yijeeh	V;IND;IPFV;NOM(3,SG)	yijeeh
yijeeh	V;IND;IPFV;NOM(4,PL)	jijeeh
yijeeh	V;IND;IPFV;NOM(4,SG)	jijeeh
yijeeh	V;IND;PFV;NOM(1,PL)	yiijeeʼ
yijeeh	V;IND;PFV;NOM(1,SG)	yíníjééʼ
yijeeh	V;IND;PFV;NOM(2,GRPL)	dasoojaaʼ
yijeeh	V;IND;PFV;NOM(2,PL)	woojeeʼ
yijeeh	V;IND;PFV;NOM(3,PL)	yizhjeeh
yijeeh	V;IND;PFV;NOM(3,SG)	yiyíjééʼ
yijeeh	V;IND;PFV;NOM(4,SG)	jííjééʼ
yijeeh	V;IND;PROSP;NOM(1,GRPL)	dadiijih
yijeeh	V;IND;PROSP;NOM(1,PL)	diijih
yijeeh	V;IND;PROSP;NOM(1,SG)	deeshjih
yijeeh	V;IND;PROSP;NOM(2,GRPL)	dadoohjih
yijeeh	V;IND;PROSP;NOM(2,SG)	dííjih
yijeeh	V;IND;PROSP;NOM(4,GRPL)	dazhdoojih
yijeeh	V;IND;PROSP;NOM(4,PL)	jidoojih
yijį́į́ł	V;IND;PFV;NOM(1,GRPL)	deiijį́į́ł
yijį́į́ł	V;IND;PFV;NOM(1,PL)	yiijį́į́ł
yijį́į́ł	V;IND;PFV;NOM(1,SG)	yishjį́į́ł
yijį́į́ł	V;IND;PFV;NOM(2,GRPL)	daoohjį́į́ł
yijį́į́ł	V;IND;PFV;NOM(2,PL)	woojį́į́ł
yijį́į́ł	V;IND;PFV;NOM(2,SG)	yíníjį́į́ł
yijį́į́ł	V;IND;PFV;NOM(3,GRPL)	deizhjį́į́ł
yijį́į́ł	V;IND;PFV;NOM(3,PL)	yijį́į́ł
yijį́į́ł	V;IND;PFV;NOM(3,SG)	yijį́į́ł
yijį́į́ł	V;IND;PFV;NOM(4,GRPL)	dajijį́į́ł
yijį́į́ł	V;IND;PFV;NOM(4,PL)	jijį́į́ł
yijį́į́ł	V;IND;PFV;NOM(4,SG)	jijį́į́ł
yiltłʼééł	V;IND;PFV;NOM(1,GRPL)	deiiltłʼéél
yiltłʼééł	V;IND;PFV;NOM(1,PL)	yiiltłʼéél
yiltłʼééł	V;IND;PFV;NOM(1,SG)	yishtłʼéél
yiltłʼééł	V;IND;PFV;NOM(2,GRPL)	daoołtłʼéél
yiltłʼééł	V;IND;PFV;NOM(2,PL)	wołtłʼéél
yiltłʼééł	V;IND;PFV;NOM(2,SG)	yíníltłʼéél
yiltłʼééł	V;IND;PFV;NOM(3,GRPL)	dayííltłʼéél
yiltłʼééł	V;IND;PFV;NOM(3,PL)	yiltłʼééł
yiltłʼééł	V;IND;PFV;NOM(3,SG)	yiltłʼééł
yiltłʼééł	V;IND;PFV;NOM(4,GRPL)	dajíltłʼéél
yiltłʼééł	V;IND;PFV;NOM(4,PL)	jooltłʼéél
yiltłʼééł	V;IND;PFV;NOM(4,SG)	jííltłʼéél
yilʼaah	V;IND;IPFV;NOM(1,PL)	yiilʼaah
yilʼaah	V;IND;IPFV;NOM(1,SG)	yishʼaah
yilʼaah	V;IND;IPFV;NOM(2,GRPL)	daahłʼaah
yilʼaah	V;IND;IPFV;NOM(2,PL)	wohłʼaah
yilʼaah	V;IND;IPFV;NOM(2,SG)	nilʼaah
yilʼaah	V;IND;IPFV;NOM(3,GRPL)	deilʼaah
yilʼaah	V;IND;IPFV;NOM(3,PL)	yilʼaah
yilʼaah	V;IND;IPFV;NOM(4,GRPL)	dajilʼaah
yilʼaah	V;IND;IPFV;NOM(4,PL)	jilʼaah
yilʼaah	V;IND;IPFV;NOM(4,SG)	jilʼaah
yilʼaah	V;IND;PFV;NOM(1,GRPL)	deíníilʼááʼ
yilʼaah	V;IND;PFV;NOM(1,PL)	yiilʼaaʼ
yilʼaah	V;IND;PFV;NOM(2,GRPL)	dasoolʼaaʼ
yilʼaah	V;IND;PFV;NOM(2,PL)	woołʼaaʼ
yilʼaah	V;IND;PFV;NOM(2,SG)	yínílʼaaʼ
yilʼaah	V;IND;PFV;NOM(3,GRPL)	dayíílʼaaʼ
yilʼaah	V;IND;PFV;NOM(3,PL)	yiyíílʼaaʼ
yilʼaah	V;IND;PFV;NOM(4,SG)	jíílʼaaʼ
yilʼaah	V;IND;PROSP;NOM(1,SG)	deeshʼaash
yilʼaah	V;IND;PROSP;NOM(2,PL)	doohłʼash
yilʼaah	V;IND;PROSP;NOM(3,GRPL)	deidoolʼash
yilʼaah	V;IND;PROSP;NOM(4,PL)	jidoolʼash
yishood	V;IND;IPFV;NOM(1,GRPL)	deiilzhood
yishood	V;IND;IPFV;NOM(1,PL)	yiilzhood
yishood	V;IND;IPFV;NOM(1,SG)	yishood
yishood	V;IND;IPFV;NOM(2,GRPL)	daahshood
yishood	V;IND;IPFV;NOM(2,PL)	wohshood
yishood	V;IND;IPFV;NOM(2,SG)	nishood
yishood	V;IND;IPFV;NOM(3,GRPL)	deishood
yishood	V;IND;IPFV;NOM(3,PL)	yishood
yishood	V;IND;IPFV;NOM(3,SG)	yishood
yishood	V;IND;IPFV;NOM(4,GRPL)	dajishood
yishood	V;IND;IPFV;NOM(4,PL)	jishood
yishood	V;IND;IPFV;NOM(4,SG)	jishood
yishood	V;IND;PFV;NOM(1,GRPL)	deiilzhood
yishood	V;IND;PFV;NOM(1,PL)	yiilzhood
yishood	V;IND;PFV;NOM(1,SG)	yishood
yishood	V;IND;PFV;NOM(2,GRPL)	daoohshood
yishood	V;IND;PFV;NOM(2,PL)	wooshood
yishood	V;IND;PFV;NOM(2,SG)	yíshood
yishood	V;IND;PFV;NOM(3,GRPL)	dayííshood
yishood	V;IND;PFV;NOM(3,PL)	yishood
yishood	V;IND;PFV;NOM(3,SG)	yishood
yishood	V;IND;PFV;NOM(4,GRPL)	dajííshood
yishood	V;IND;PFV;NOM(4,PL)	jííshood
yishood	V;IND;PFV;NOM(4,SG)	jííshood
yishóósh	V;IND;IPFV;NOM(1,GRPL)	deiilzhóósh
yishóósh	V;IND;IPFV;NOM(1,PL)	yiilzhóósh
yishóósh	V;IND;IPFV;NOM(1,SG)	yishóósh
yishóósh	V;IND;IPFV;NOM(2,GRPL)	daahshóósh
yishóósh	V;IND;IPFV;NOM(2,PL)	wohshóósh
yishóósh	V;IND;IPFV;NOM(2,SG)	nishóósh
yishóósh	V;IND;IPFV;NOM(3,GRPL)	deishóósh
yishóósh	V;IND;IPFV;NOM(3,PL)	yishóósh
yishóósh	V;IND;IPFV;NOM(3,SG)	yishóósh
yishóósh	V;IND;IPFV;NOM(4,GRPL)	dajishóósh
yishóósh	V;IND;IPFV;NOM(4,PL)	jishóósh
yishóósh	V;IND;IPFV;NOM(4,SG)	jishóósh
yishóósh	V;IND;PFV;NOM(1,GRPL)	deiilzhoozh
yishóósh	V;IND;PFV;NOM(1,PL)	yiilzhoozh
yishóósh	V;IND;PFV;NOM(1,SG)	yishoozh
yishóósh	V;IND;PFV;NOM(2,GRPL)	daoohshoozh
yishóósh	V;IND;PFV;NOM(2,PL)	wooshoozh
yishóósh	V;IND;PFV;NOM(2,SG)	yíníshoozh
yishóósh	V;IND;PFV;NOM(3,GRPL)	dayííshoozh
yishóósh	V;IND;PFV;NOM(3,PL)	yiyííshoozh
yishóósh	V;IND;PFV;NOM(3,SG)	yiyííshoozh
yishóósh	V;IND;PFV;NOM(4,GRPL)	dajííshoozh
yishóósh	V;IND;PFV;NOM(4,PL)	jííshoozh
yishóósh	V;IND;PFV;NOM(4,SG)	jííshoozh
yitłeeh	V;IND;IPFV;NOM(1,GRPL)	deiitłeeh
yitłeeh	V;IND;IPFV;NOM(1,PL)	yiitłeeh
yitłeeh	V;IND;IPFV;NOM(1,SG)	yishtłeeh
yitłeeh	V;IND;IPFV;NOM(2,GRPL)	daahtłeeh
yitłeeh	V;IND;IPFV;NOM(2,PL)	wohtłeeh
yitłeeh	V;IND;IPFV;NOM(2,SG)	nitłeeh
yitłeeh	V;IND;IPFV;NOM(3,GRPL)	deitłeeh
yitłeeh	V;IND;IPFV;NOM(3,PL)	yitłeeh
yitłeeh	V;IND;IPFV;NOM(3,SG)	yitłeeh
yitłeeh	V;IND;IPFV;NOM(4,GRPL)	dajitłeeh
yitłeeh	V;IND;IPFV;NOM(4,PL)	jitłeeh
yitłeeh	V;IND;IPFV;NOM(4,SG)	jitłeeh
yitłeeh	V;IND;PFV;NOM(1,GRPL)	deíníitłééʼ
yitłeeh	V;IND;PFV;NOM(1,PL)	yiitłééʼ
yitłeeh	V;IND;PFV;NOM(1,SG)	yítłééʼ
yitłeeh	V;IND;PFV;NOM(2,GRPL)	dasootłééʼ
yitłeeh	V;IND;PFV;NOM(2,PL)	wootłééʼ
yitłeeh	V;IND;PFV;NOM(2,SG)	yítłééʼ
yitłeeh	V;IND;PFV;NOM(3,GRPL)	deítłééʼ
yitłeeh	V;IND;PFV;NOM(3,PL)	yiyíítłééʼ
yitłeeh	V;IND;PFV;NOM(3,SG)	yiyíítłééʼ
yitłeeh	V;IND;PFV;NOM(4,GRPL)	dajíítłééʼ
yitłeeh	V;IND;PFV;NOM(4,PL)	jíítłééʼ
yitłeeh	V;IND;PFV;NOM(4,SG)	jíítłééʼ
yiyiitsʼǫs	V;IND;IPFV;NOM(1,GRPL)	deiitsʼǫs
yiyiitsʼǫs	V;IND;IPFV;NOM(1,PL)	yiitsʼǫs
yiyiitsʼǫs	V;IND;IPFV;NOM(2,GRPL)	daahtsʼǫs
yiyiitsʼǫs	V;IND;IPFV;NOM(2,SG)	niyiitsʼǫs
yiyiitsʼǫs	V;IND;IPFV;NOM(3,PL)	yiyiitsʼǫs
yiyiitsʼǫs	V;IND;IPFV;NOM(4,SG)	jiitsʼǫs
yiyiitsʼǫs	V;IND;PFV;NOM(2,GRPL)	daoohtsʼǫs
yiyiitsʼǫs	V;IND;PFV;NOM(2,PL)	woohtsʼǫs
yiyiitsʼǫs	V;IND;PFV;NOM(2,SG)	yínítsʼǫs
yiyiitsʼǫs	V;IND;PFV;NOM(3,GRPL)	deiztsʼǫs
yiyiitsʼǫs	V;IND;PFV;NOM(3,PL)	yiyiitsʼǫs
yiyiitsʼǫs	V;IND;PFV;NOM(3,SG)	yiyiitsʼǫs
yiyiitsʼǫs	V;IND;PFV;NOM(4,GRPL)	dajiitsʼǫs
yiyiitsʼǫs	V;IND;PFV;NOM(4,PL)	jiitsʼǫs
yiyiitsʼǫs	V;IND;PFV;NOM(4,SG)	jiitsʼǫs
yiyiitsʼǫs	V;IND;PROSP;NOM(1,GRPL)	dadiitsʼǫs
yiyiitsʼǫs	V;IND;PROSP;NOM(1,SG)	deeshtsʼǫł
yiyiitsʼǫs	V;IND;PROSP;NOM(2,PL)	doohtsʼǫs
yiyiitsʼǫs	V;IND;PROSP;NOM(2,SG)	díítsʼǫs
yiyiitsʼǫs	V;IND;PROSP;NOM(3,GRPL)	deidootsʼǫł
yiyiitsʼǫs	V;IND;PROSP;NOM(3,PL)	yidootsʼǫł
yiyiitsʼǫs	V;IND;PROSP;NOM(4,GRPL)	dazhdootsʼǫł
yiyiitsʼǫs	V;IND;PROSP;NOM(4,SG)	jidootsʼǫs
yiyiiłtsééh	V;IND;IPFV;NOM(1,GRPL)	deiiltsééh
yiyiiłtsééh	V;IND;IPFV;NOM(1,PL)	yiiltsééh
yiyiiłtsééh	V;IND;IPFV;NOM(1,SG)	yishtsééh
yiyiiłtsééh	V;IND;IPFV;NOM(2,GRPL)	daałtsééh
yiyiiłtsééh	V;IND;IPFV;NOM(2,SG)	yiiłtsééh
yiyiiłtsééh	V;IND;IPFV;NOM(3,GRPL)	dayiiłtsééh
yiyiiłtsééh	V;IND;IPFV;NOM(3,PL)	yiiłtsééh
yiyiiłtsééh	V;IND;IPFV;NOM(3,SG)	yiiłtsééh
yiyiiłtsééh	V;IND;IPFV;NOM(4,GRPL)	dajiiłtsééh
yiyiiłtsééh	V;IND;IPFV;NOM(4,SG)	jiiłtsééh
yiyiiłtsééh	V;IND;PFV;NOM(1,PL)	yiiltseeʼ
yiyiiłtsééh	V;IND;PFV;NOM(1,SG)	yishtseeʼ
yiyiiłtsééh	V;IND;PFV;NOM(2,PL)	woołtseeʼ
yiyiiłtsééh	V;IND;PFV;NOM(2,SG)	yíníłtseeʼ
yiyiiłtsééh	V;IND;PFV;NOM(3,SG)	yiyiiłtseeʼ
yiyiiłtsééh	V;IND;PFV;NOM(4,GRPL)	dajiiłtseeʼ
yiyiiłtsééh	V;IND;PFV;NOM(4,PL)	jiiłtseeʼ
yiyiiłtsééh	V;IND;PFV;NOM(4,SG)	jiiłtseeʼ
yiyiiłtsééh	V;IND;PROSP;NOM(1,GRPL)	dadiiltsooł
yiyiiłtsééh	V;IND;PROSP;NOM(1,SG)	deeshtsooł
yiyiiłtsééh	V;IND;PROSP;NOM(2,GRPL)	dadoołtsooł
yiyiiłtsééh	V;IND;PROSP;NOM(2,PL)	doołtsooł
yiyiiłtsééh	V;IND;PROSP;NOM(4,GRPL)	dazhdoołtsooł
yiyiiłtsóóh	V;IND;IPFV;NOM(1,GRPL)	deiiltsóóh
yiyiiłtsóóh	V;IND;IPFV;NOM(1,PL)	yiiltsóóh
yiyiiłtsóóh	V;IND;IPFV;NOM(1,SG)	yishtsóóh
yiyiiłtsóóh	V;IND;IPFV;NOM(2,GRPL)	daałtsóóh
yiyiiłtsóóh	V;IND;IPFV;NOM(2,PL)	wołtsóóh
yiyiiłtsóóh	V;IND;IPFV;NOM(2,SG)	niyiiłtsóóh
yiyiiłtsóóh	V;IND;IPFV;NOM(3,GRPL)	dayiiłtsóóh
yiyiiłtsóóh	V;IND;IPFV;NOM(3,PL)	yiiłtsóóh
yiyiiłtsóóh	V;IND;IPFV;NOM(3,SG)	yiiłtsóóh
yiyiiłtsóóh	V;IND;IPFV;NOM(4,GRPL)	dajiiłtsóóh
yiyiiłtsóóh	V;IND;IPFV;NOM(4,PL)	jiiłtsóóh
yiyiiłtsóóh	V;IND;IPFV;NOM(4,SG)	jiiłtsóóh
yiyiiłtsóóh	V;IND;PFV;NOM(1,GRPL)	deiiltsoozh
yiyiiłtsóóh	V;IND;PFV;NOM(1,PL)	yiiltsoozh
yiyiiłtsóóh	V;IND;PFV;NOM(1,SG)	yishtsooʼ
yiyiiłtsóóh	V;IND;PFV;NOM(2,GRPL)	daoołtsoozh
yiyiiłtsóóh	V;IND;PFV;NOM(2,PL)	woołtsoozh
yiyiiłtsóóh	V;IND;PFV;NOM(2,SG)	yíníłtsooʼ
yiyiiłtsóóh	V;IND;PFV;NOM(3,GRPL)	dayiiltsoozh
yiyiiłtsóóh	V;IND;PFV;NOM(3,PL)	yiyiiłtsoozh
yiyiiłtsóóh	V;IND;PFV;NOM(3,SG)	yiyiiłtsoozh
yiyiiłtsóóh	V;IND;PFV;NOM(4,GRPL)	dajiiłtsoozh
yiyiiłtsóóh	V;IND;PFV;NOM(4,PL)	jiiłtsoozh
yiyiiłtsóóh	V;IND;PFV;NOM(4,SG)	jiiłtsoozh
yiłchʼal	V;IND;IPFV;NOM(1,GRPL)	deiilchʼal
yiłchʼal	V;IND;IPFV;NOM(2,PL)	wołchʼal
yiłchʼal	V;IND;IPFV;NOM(2,SG)	niłchʼal
yiłchʼal	V;IND;IPFV;NOM(3,SG)	yiłchʼal
yiłchʼal	V;IND;IPFV;NOM(4,GRPL)	dajiłchʼal
yiłchʼal	V;IND;IPFV;NOM(4,SG)	jiłchʼal
yiłchʼal	V;IND;PFV;NOM(1,GRPL)	deiilchʼal
yiłchʼal	V;IND;PFV;NOM(1,SG)	yishchʼal
yiłchʼal	V;IND;PFV;NOM(2,GRPL)	daoołchʼal
yiłchʼal	V;IND;PFV;NOM(2,PL)	woołchʼal
yiłchʼal	V;IND;PFV;NOM(2,SG)	yíníłchʼal
yiłchʼal	V;IND;PFV;NOM(3,PL)	yiyííłchʼal
yiłchʼal	V;IND;PFV;NOM(3,SG)	yiyííłchʼal
yiłchʼal	V;IND;PFV;NOM(4,GRPL)	dajííłchʼal
yiłchʼal	V;IND;PFV;NOM(4,PL)	jííłchʼal
yiłchʼal	V;IND;PFV;NOM(4,SG)	jííłchʼal
yiłchʼal	V;IND;PROSP;NOM(1,SG)	deeshchʼał
yiłchʼal	V;IND;PROSP;NOM(3,GRPL)	deidoołchʼił
yiłchʼal	V;IND;PROSP;NOM(3,PL)	yidoołchʼał
yiłchʼal	V;IND;PROSP;NOM(3,SG)	yidoołchʼał
yiłchʼal	V;IND;PROSP;NOM(4,GRPL)	dazhdoołchʼił
yiłchʼal	V;IND;PROSP;NOM(4,PL)	jidoołchʼał
yiłchʼal	V;IND;PROSP;NOM(4,SG)	jidoołchʼał
yiłdin	V;IND;IPFV;NOM(1,GRPL)	deiildin
yiłdin	V;IND;IPFV;NOM(1,PL)	yiildin
yiłdin	V;IND;IPFV;NOM(1,SG)	yiłdin
yiłdin	V;IND;IPFV;NOM(2,GRPL)	daałdin
yiłdin	V;IND;IPFV;NOM(2,PL)	wołdin
yiłdin	V;IND;IPFV;NOM(2,SG)	niłdin
yiłdin	V;IND;IPFV;NOM(3,GRPL)	deiłdin
yiłdin	V;IND;IPFV;NOM(3,PL)	yiłdin
yiłdin	V;IND;IPFV;NOM(3,SG)	yiłdin
yiłdin	V;IND;IPFV;NOM(4,GRPL)	dajiłdin
yiłdin	V;IND;IPFV;NOM(4,PL)	jiłdin
yiłdin	V;IND;IPFV;NOM(4,SG)	jiłdin
yiłdin	V;IND;PFV;NOM(1,GRPL)	deiildin
yiłdin	V;IND;PFV;NOM(1,PL)	yiildin
yiłdin	V;IND;PFV;NOM(1,SG)	yisdin
yiłdin	V;IND;PFV;NOM(2,GRPL)	dasoołdin
yiłdin	V;IND;PFV;NOM(2,PL)	wołdin
yiłdin	V;IND;PFV;NOM(2,SG)	yíníłdin
yiłdin	V;IND;PFV;NOM(3,GRPL)	dayííłdin
yiłdin	V;IND;PFV;NOM(3,SG)	yiyííłdin
yiłdin	V;IND;PFV;NOM(4,GRPL)	dajííłdin
yiłdin	V;IND;PFV;NOM(4,PL)	jííłdin
yiłdin	V;IND;PFV;NOM(4,SG)	jííłdin
yiłhaał	V;IND;IPFV;NOM(1,GRPL)	deiilhaał
yiłhaał	V;IND;IPFV;NOM(1,PL)	yiilhaał
yiłhaał	V;IND;IPFV;NOM(1,SG)	yishhaał
yiłhaał	V;IND;IPFV;NOM(2,GRPL)	daałhaał
yiłhaał	V;IND;IPFV;NOM(2,PL)	wołhaał
yiłhaał	V;IND;IPFV;NOM(2,SG)	niłhaał
yiłhaał	V;IND;IPFV;NOM(3,GRPL)	deiłhaał
yiłhaał	V;IND;IPFV;NOM(3,PL)	yiłhaał
yiłhaał	V;IND;IPFV;NOM(3,SG)	yiłhaał
yiłhaał	V;IND;IPFV;NOM(4,GRPL)	dajiłhaał
yiłhaał	V;IND;IPFV;NOM(4,PL)	jiłhaał
yiłhaał	V;IND;IPFV;NOM(4,SG)	jiłhaał
yiłhaał	V;IND;PFV;NOM(1,GRPL)	deiilghaal
yiłhaał	V;IND;PFV;NOM(1,PL)	yiilghaal
yiłhaał	V;IND;PFV;NOM(1,SG)	yishhaal
yiłhaał	V;IND;PFV;NOM(2,GRPL)	daoołhaal
yiłhaał	V;IND;PFV;NOM(2,PL)	woołhaal
yiłhaał	V;IND;PFV;NOM(2,SG)	yíłhaal
yiłhaał	V;IND;PFV;NOM(3,GRPL)	dayííłhaal
yiłhaał	V;IND;PFV;NOM(3,PL)	yiyííłhaal
yiłhaał	V;IND;PFV;NOM(3,SG)	yiyííłhaal
yiłhaał	V;IND;PFV;NOM(4,GRPL)	dajííłhaal
yiłhaał	V;IND;PFV;NOM(4,PL)	jííłhaal
yiłhaał	V;IND;PFV;NOM(4,SG)	jííłhaal
yiłnaad	V;IND;IPFV;NOM(1,GRPL)	deiilnaad
yiłnaad	V;IND;IPFV;NOM(1,PL)	yiilnaad
yiłnaad	V;IND;IPFV;NOM(1,SG)	yiłnaad
yiłnaad	V;IND;IPFV;NOM(2,SG)	niłnaad
yiłnaad	V;IND;IPFV;NOM(3,PL)	yiłnaad
yiłnaad	V;IND;IPFV;NOM(4,GRPL)	dajiłnaad
yiłnaad	V;IND;IPFV;NOM(4,PL)	jiłnaad
yiłnaad	V;IND;IPFV;NOM(4,SG)	jiłnaad
yiłnaad	V;IND;PFV;NOM(1,GRPL)	deiilnaad
yiłnaad	V;IND;PFV;NOM(1,PL)	yiilnaad
yiłnaad	V;IND;PFV;NOM(1,SG)	yishnaad
yiłnaad	V;IND;PFV;NOM(2,SG)	yíníłnaad
yiłnaad	V;IND;PFV;NOM(3,GRPL)	dayííłnaad
yiłnaad	V;IND;PFV;NOM(3,SG)	yiyííłnaad
yiłnaad	V;IND;PFV;NOM(4,GRPL)	dajííłnaad
yiłnaad	V;IND;PFV;NOM(4,PL)	jííłnaad
yiłnaad	V;IND;PFV;NOM(4,SG)	jííłnaad
yiłnaad	V;IND;PROSP;NOM(1,PL)	diilnah
yiłnaad	V;IND;PROSP;NOM(1,SG)	deeshnił
yiłnaad	V;IND;PROSP;NOM(2,PL)	doołnił
yiłnaad	V;IND;PROSP;NOM(3,GRPL)	deidoołnił
yiłnaad	V;IND;PROSP;NOM(4,SG)	jidoołnił
yiłneʼ	V;IND;IPFV;NOM(1,GRPL)	deiilneʼ
yiłneʼ	V;IND;IPFV;NOM(1,PL)	yiilneʼ
yiłneʼ	V;IND;IPFV;NOM(1,SG)	yishneʼ
yiłneʼ	V;IND;IPFV;NOM(2,GRPL)	daałneʼ
yiłneʼ	V;IND;IPFV;NOM(2,PL)	wołneʼ
yiłneʼ	V;IND;IPFV;NOM(2,SG)	niłneʼ
yiłneʼ	V;IND;IPFV;NOM(3,GRPL)	deiłneʼ
yiłneʼ	V;IND;IPFV;NOM(3,PL)	yiłneʼ
yiłneʼ	V;IND;IPFV;NOM(3,SG)	yiłneʼ
yiłneʼ	V;IND;IPFV;NOM(4,GRPL)	dajiłneʼ
yiłneʼ	V;IND;IPFV;NOM(4,PL)	jiłneʼ
yiłneʼ	V;IND;IPFV;NOM(4,SG)	jiłneʼ
yiłneʼ	V;IND;PFV;NOM(1,GRPL)	deiilneʼ
yiłneʼ	V;IND;PFV;NOM(1,PL)	yiilneʼ
yiłneʼ	V;IND;PFV;NOM(1,SG)	yishneʼ
yiłneʼ	V;IND;PFV;NOM(2,GRPL)	dasoołneʼ
yiłneʼ	V;IND;PFV;NOM(2,PL)	woołneʼ
yiłneʼ	V;IND;PFV;NOM(2,SG)	yíníłneʼ
yiłneʼ	V;IND;PFV;NOM(3,GRPL)	dayííłneʼ
yiłneʼ	V;IND;PFV;NOM(3,PL)	yiyííłneʼ
yiłneʼ	V;IND;PFV;NOM(3,SG)	yiyííłneʼ
yiłneʼ	V;IND;PFV;NOM(4,GRPL)	dajííłneʼ
yiłneʼ	V;IND;PFV;NOM(4,PL)	jííłneʼ
yiłneʼ	V;IND;PFV;NOM(4,SG)	jííłneʼ
yiłtin	V;IND;IPFV;NOM(1,GRPL)	deiiltin
yiłtin	V;IND;IPFV;NOM(1,PL)	yiiltin
yiłtin	V;IND;IPFV;NOM(1,SG)	yiłtin
yiłtin	V;IND;IPFV;NOM(2,GRPL)	daałtin
yiłtin	V;IND;IPFV;NOM(2,PL)	wołtin
yiłtin	V;IND;IPFV;NOM(2,SG)	niłtin
yiłtin	V;IND;IPFV;NOM(3,GRPL)	deiłtin
yiłtin	V;IND;IPFV;NOM(3,PL)	yiłtin
yiłtin	V;IND;IPFV;NOM(3,SG)	yiłtin
yiłtin	V;IND;IPFV;NOM(4,GRPL)	dajiłtin
yiłtin	V;IND;IPFV;NOM(4,PL)	jiłtin
yiłtin	V;IND;IPFV;NOM(4,SG)	jiłtin
yiłtin	V;IND;PFV;NOM(1,GRPL)	deiiltin
yiłtin	V;IND;PFV;NOM(1,PL)	yiiltin
yiłtin	V;IND;PFV;NOM(1,SG)	yíłtin
yiłtin	V;IND;PFV;NOM(2,GRPL)	daoołtin
yiłtin	V;IND;PFV;NOM(2,PL)	wołtin
yiłtin	V;IND;PFV;NOM(2,SG)	yíníłtin
yiłtin	V;IND;PFV;NOM(3,GRPL)	dayííłtin
yiłtin	V;IND;PFV;NOM(3,PL)	yiyííłtin
yiłtin	V;IND;PFV;NOM(3,SG)	yiyííłtin
yiłtin	V;IND;PFV;NOM(4,GRPL)	dajííłtin
yiłtin	V;IND;PFV;NOM(4,PL)	jííłtin
yiłtin	V;IND;PFV;NOM(4,SG)	jííłtin
yiłtsʼééh	V;IND;IPFV;NOM(1,GRPL)	deiiltsʼééh
yiłtsʼééh	V;IND;IPFV;NOM(1,PL)	yiiltsʼééh
yiłtsʼééh	V;IND;IPFV;NOM(1,SG)	yishtsʼééh
yiłtsʼééh	V;IND;IPFV;NOM(2,GRPL)	daałtsʼééh
yiłtsʼééh	V;IND;IPFV;NOM(2,PL)	wołtsʼééh
yiłtsʼééh	V;IND;IPFV;NOM(2,SG)	niłtsʼééh
yiłtsʼééh	V;IND;IPFV;NOM(3,GRPL)	deiłtsʼééh
yiłtsʼééh	V;IND;IPFV;NOM(3,PL)	yiłtsʼééh
yiłtsʼééh	V;IND;IPFV;NOM(3,SG)	yiłtsʼééh
yiłtsʼééh	V;IND;IPFV;NOM(4,GRPL)	dajiłtsʼééh
yiłtsʼééh	V;IND;IPFV;NOM(4,PL)	jiłtsʼééh
yiłtsʼééh	V;IND;IPFV;NOM(4,SG)	jiłtsʼééh
yiłtsʼééh	V;IND;PFV;NOM(1,GRPL)	deiiltsʼééʼ
yiłtsʼééh	V;IND;PFV;NOM(1,PL)	yiiltsʼééʼ
yiłtsʼééh	V;IND;PFV;NOM(1,SG)	yistsʼééʼ
yiłtsʼééh	V;IND;PFV;NOM(2,GRPL)	daoołtsʼééʼ
yiłtsʼééh	V;IND;PFV;NOM(2,PL)	wołtsʼééʼ
yiłtsʼééh	V;IND;PFV;NOM(2,SG)	yíníłtsʼééʼ
yiłtsʼééh	V;IND;PFV;NOM(3,GRPL)	dayííłtsʼééʼ
yiłtsʼééh	V;IND;PFV;NOM(3,PL)	yiyííłtsʼééʼ
yiłtsʼééh	V;IND;PFV;NOM(3,SG)	yiyííłtsʼééʼ
yiłtsʼééh	V;IND;PFV;NOM(4,GRPL)	dajííłtsʼééʼ
yiłtsʼééh	V;IND;PFV;NOM(4,PL)	jííłtsʼééʼ
yiłtsʼééh	V;IND;PFV;NOM(4,SG)	jííłtsʼééʼ
yiłtʼees	V;IND;IPFV;NOM(1,GRPL)	deiiltʼees
yiłtʼees	V;IND;IPFV;NOM(1,PL)	yiiltʼees
yiłtʼees	V;IND;IPFV;NOM(1,SG)	yistʼees
yiłtʼees	V;IND;IPFV;NOM(2,GRPL)	daałtʼees
yiłtʼees	V;IND;IPFV;NOM(2,PL)	wołtʼees
yiłtʼees	V;IND;IPFV;NOM(3,GRPL)	deiłtʼees
yiłtʼees	V;IND;IPFV;NOM(4,SG)	jiłtʼees
yiłtʼees	V;IND;PFV;NOM(1,PL)	yiiltʼé
yiłtʼees	V;IND;PFV;NOM(2,GRPL)	daoołtʼé
yiłtʼees	V;IND;PFV;NOM(2,PL)	woołtʼé
yiłtʼees	V;IND;PFV;NOM(3,GRPL)	dayííłtʼé
yiłtʼees	V;IND;PFV;NOM(3,PL)	yiyííłtʼé
yiłtʼees	V;IND;PFV;NOM(3,SG)	yiyííłtʼé
yiłtʼees	V;IND;PROSP;NOM(1,PL)	diiltʼis
yiłtʼees	V;IND;PROSP;NOM(2,GRPL)	dadoołtʼis
yiłtʼees	V;IND;PROSP;NOM(2,PL)	doołtʼis
yiłtʼees	V;IND;PROSP;NOM(2,SG)	dííłtʼis
yiłtʼees	V;IND;PROSP;NOM(3,GRPL)	deidoołtʼis
yiłtʼees	V;IND;PROSP;NOM(3,PL)	yidoołtʼis
yiłtʼees	V;IND;PROSP;NOM(3,SG)	yidoołtʼis
yiłtʼees	V;IND;PROSP;NOM(4,PL)	jidoołtʼis
yiłtʼees	V;IND;PROSP;NOM(4,SG)	jidoołtʼis
yootʼááł	V;IND;PFV;NOM(1,GRPL)	deíníitʼááł
yootʼááł	V;IND;PFV;NOM(1,PL)	yiitʼááł
yootʼááł	V;IND;PFV;NOM(1,SG)	yishtʼááł
yootʼááł	V;IND;PFV;NOM(2,GRPL)	daootʼááł
yootʼááł	V;IND;PFV;NOM(2,PL)	wootʼááł
yootʼááł	V;IND;PFV;NOM(2,SG)	yítʼááł
yootʼááł	V;IND;PFV;NOM(3,GRPL)	deínóhtʼááł
yootʼááł	V;IND;PFV;NOM(3,PL)	yootʼááł
yootʼááł	V;IND;PFV;NOM(3,SG)	yootʼááł
yootʼááł	V;IND;PFV;NOM(4,GRPL)	dajíítʼááł
yootʼááł	V;IND;PFV;NOM(4,PL)	jootʼááł
yootʼááł	V;IND;PFV;NOM(4,SG)	jootʼááł
yooznah	V;IND;IPFV;NOM(2,SG)	yooznah
yooznah	V;IND;IPFV;NOM(4,GRPL)	dajooznah
yooznah	V;IND;ITER;NOM(1,GRPL)	dasiidznah
yooznah	V;IND;ITER;NOM(1,PL)	yiidznah
yooznah	V;IND;ITER;NOM(1,SG)	yishnah
yooznah	V;IND;ITER;NOM(2,PL)	wohznah
yooznah	V;IND;ITER;NOM(3,PL)	yooznah
yooznah	V;IND;ITER;NOM(4,PL)	jooznah
yooznah	V;IND;ITER;NOM(4,SG)	jooznah
yooznah	V;IND;PFV;NOM(2,PL)	wooznah
yooznah	V;IND;PFV;NOM(3,PL)	yooznah
yooznah	V;IND;PFV;NOM(3,SG)	yooznah
yooznah	V;IND;PROSP;NOM(1,GRPL)	dadiilznah
yooznah	V;IND;PROSP;NOM(2,GRPL)	dadoohznah
yooznah	V;IND;PROSP;NOM(2,SG)	dííznah
yooznah	V;IND;PROSP;NOM(3,GRPL)	dadooznih
yooznah	V;IND;PROSP;NOM(3,SG)	yooznah
yooznah	V;IND;PROSP;NOM(4,GRPL)	dazhdooznih
yooznah	V;IND;PROSP;NOM(4,SG)	jooznah
yooznah	V;OPT;NOM(3,GRPL)	deínóhznah
yooznah	V;OPT;NOM(3,SG)	yooznah
yooznah	V;OPT;NOM(4,GRPL)	dajííznah
yooznah	V;OPT;NOM(4,SG)	jooznah
yoozǫ́ǫ́s	V;IND;PFV;NOM(1,GRPL)	deíníilzǫ́ǫ́s
yoozǫ́ǫ́s	V;IND;PFV;NOM(1,PL)	yiilzǫ́ǫ́s
yoozǫ́ǫ́s	V;IND;PFV;NOM(1,SG)	yishłǫ́ǫ́s
yoozǫ́ǫ́s	V;IND;PFV;NOM(2,GRPL)	daoozǫ́ǫ́s
yoozǫ́ǫ́s	V;IND;PFV;NOM(2,PL)	woozǫ́ǫ́s
yoozǫ́ǫ́s	V;IND;PFV;NOM(2,SG)	yínízǫ́ǫ́s
yoozǫ́ǫ́s	V;IND;PFV;NOM(3,GRPL)	deínóhzǫ́ǫ́s
yoozǫ́ǫ́s	V;IND;PFV;NOM(3,PL)	yoozǫ́ǫ́s
yoozǫ́ǫ́s	V;IND;PFV;NOM(3,SG)	yoozǫ́ǫ́s
yoozǫ́ǫ́s	V;IND;PFV;NOM(4,GRPL)	dajízǫ́ǫ́s
yoozǫ́ǫ́s	V;IND;PFV;NOM(4,PL)	joozǫ́ǫ́s
yoozǫ́ǫ́s	V;IND;PFV;NOM(4,SG)	joozǫ́ǫ́s
yoołbąs	V;IND;PFV;NOM(1,GRPL)	deíníilbąs
yoołbąs	V;IND;PFV;NOM(1,PL)	yiilbąs
yoołbąs	V;IND;PFV;NOM(1,SG)	yishbąs
yoołbąs	V;IND;PFV;NOM(2,GRPL)	daoołbąs
yoołbąs	V;IND;PFV;NOM(2,PL)	wołbąs
yoołbąs	V;IND;PFV;NOM(2,SG)	yíłbąs
yoołbąs	V;IND;PFV;NOM(3,GRPL)	deíłbąs
yoołbąs	V;IND;PFV;NOM(3,PL)	yoołbąs
yoołbąs	V;IND;PFV;NOM(3,SG)	yoołbąs
yoołbąs	V;IND;PFV;NOM(4,GRPL)	dajííłbąs
yoołbąs	V;IND;PFV;NOM(4,PL)	joołbąs
yoołbąs	V;IND;PFV;NOM(4,SG)	joołbąs
yoołtʼah	V;IND;PFV;NOM(1,GRPL)	deíníiltʼááh
yoołtʼah	V;IND;PFV;NOM(1,PL)	yiiltʼah
yoołtʼah	V;IND;PFV;NOM(1,SG)	yishtʼah
yoołtʼah	V;IND;PFV;NOM(2,GRPL)	daoołtʼah
yoołtʼah	V;IND;PFV;NOM(2,PL)	wołtʼah
yoołtʼah	V;IND;PFV;NOM(2,SG)	yíłtʼah
yoołtʼah	V;IND;PFV;NOM(3,GRPL)	deíłtʼééh
yoołtʼah	V;IND;PFV;NOM(3,PL)	yoołtʼah
yoołtʼah	V;IND;PFV;NOM(3,SG)	yoołtʼah
yoołtʼah	V;IND;PFV;NOM(4,GRPL)	dajíłtʼééh
yoołtʼah	V;IND;PFV;NOM(4,PL)	joołtʼah
yoołtʼah	V;IND;PFV;NOM(4,SG)	joołtʼah
yólgę́ę́zh	V;IND;PFV;NOM(1,GRPL)	deíníilgę́ę́zh
yólgę́ę́zh	V;IND;PFV;NOM(1,PL)	yiilgę́ę́zh
yólgę́ę́zh	V;IND;PFV;NOM(1,SG)	yíníshgę́ę́zh
yólgę́ę́zh	V;IND;PFV;NOM(2,GRPL)	daoołgę́ę́zh
yólgę́ę́zh	V;IND;PFV;NOM(2,PL)	wóołgę́ę́zh
yólgę́ę́zh	V;IND;PFV;NOM(2,SG)	yínółgę́ę́zh
yólgę́ę́zh	V;IND;PFV;NOM(3,GRPL)	deínółgę́ę́zh
yólgę́ę́zh	V;IND;PFV;NOM(3,PL)	yólgę́ę́zh
yólgę́ę́zh	V;IND;PFV;NOM(3,SG)	yólgę́ę́zh
yólgę́ę́zh	V;IND;PFV;NOM(4,GRPL)	dajólgę́ę́zh
yólgę́ę́zh	V;IND;PFV;NOM(4,PL)	jólgę́ę́zh
yólgę́ę́zh	V;IND;PFV;NOM(4,SG)	jólgę́ę́zh
łitsxo	V;IND;PFV;NOM(1,GRPL)	dasiitsxo
łitsxo	V;IND;PFV;NOM(1,PL)	ńiitsxo
łitsxo	V;IND;PFV;NOM(1,SG)	łisxo
łitsxo	V;IND;PFV;NOM(2,GRPL)	dasootsxo
łitsxo	V;IND;PFV;NOM(2,PL)	ńootsxo
łitsxo	V;IND;PFV;NOM(2,SG)	łisxo
łitsxo	V;IND;PFV;NOM(3,GRPL)	deínóhtsxo
łitsxo	V;IND;PFV;NOM(3,PL)	łitsxo
łitsxo	V;IND;PFV;NOM(3,SG)	łitsxo
łitsxo	V;IND;PFV;NOM(4,GRPL)	dajíítsxo
łitsxo	V;IND;PFV;NOM(4,PL)	jíítsxo
łitsxo	V;IND;PFV;NOM(4,SG)	jíítsxo
łíidilchí	V;IND;IPFV;NOM(1,GRPL)	deiidilchí
łíidilchí	V;IND;IPFV;NOM(1,PL)	łíidilchí
łíidilchí	V;IND;IPFV;NOM(1,SG)	łíidilchí
łíidilchí	V;IND;IPFV;NOM(2,GRPL)	daałíidilchí
łíidilchí	V;IND;IPFV;NOM(2,PL)	łíidilchí
łíidilchí	V;IND;IPFV;NOM(2,SG)	łíidilchí
łíidilchí	V;IND;IPFV;NOM(3,GRPL)	łíidilchí
łíidilchí	V;IND;IPFV;NOM(3,PL)	łíidilchí
łíidilchí	V;IND;IPFV;NOM(3,SG)	łíidilchí
łíidilchí	V;IND;IPFV;NOM(4,GRPL)	dajidilchí
łíidilchí	V;IND;IPFV;NOM(4,PL)	łíidilchí
łíidilchí	V;IND;IPFV;NOM(4,SG)	łíidilchí
łíidilchí	V;IND;PFV;NOM(1,GRPL)	ńdasiidilchį́
łíidilchí	V;IND;PFV;NOM(1,PL)	ńiidilchį́
łíidilchí	V;IND;PFV;NOM(1,SG)	łíishdilchį́
łíidilchí	V;IND;PFV;NOM(2,GRPL)	daoohdilchį́
łíidilchí	V;IND;PFV;NOM(2,PL)	ńoodilchį́
łíidilchí	V;IND;PFV;NOM(2,SG)	ńíídilchį́
łíidilchí	V;IND;PFV;NOM(3,GRPL)	ńdaʼashdilchį́
łíidilchí	V;IND;PFV;NOM(3,PL)	łíidilchį́
łíidilchí	V;IND;PFV;NOM(3,SG)	łíidilchį́
łíidilchí	V;IND;PFV;NOM(4,GRPL)	dajíídilchį́
łíidilchí	V;IND;PFV;NOM(4,PL)	łíidilchį́
łíidilchí	V;IND;PFV;NOM(4,SG)	łíidilchį́
accuracy:0.43
